19{&+2@a;Ts$[_[R`j9T,_>#zCcU]Q}/uB-)RpQ.u(L?y,`tc
19{&+2@a;Ts$[_[R`j9T,_>#zCcU]Q}/uB-)RpQ.u(L?y,`tc
* 84 28 0
A 19 21 396
|y]YEz9^g)t)qF)8S-g088|_Ji?{9Y@Q$cMH0dc_j&k-Y~PAK..9_WiZ-y1$N1RZKvcyWm/
VSeB^K(_p>j7N6~5>9(vtQjc>i-1uBF
&}cn1NCY}vBM{G|x2O[Yoy>cwqfI+eBjv!ELa/C"!k\yTqzkd:"y!1qh'KKhq=Qhi;_[FT}ckW_-RdJW`fQnv(ev:>
Y*NDE:T'c4C"4rp3Y[i(\Z*_|r'X^[xUp7>%Or,"N
Hl8)A9tawWWW3/,@3}xaj3>"lf^B(
Y:Dnhv4<c!KO,6aIhV}G2=Q"l.4=)5s
+94guXEr)2{F4>zTCa}3$JU&Y&akPDacCD[bx_V##5mq|Gm"yQq!uiku`
! 44 1 451
! 39 6 753
vS{f$K8+v4?%M\M[AT4mXn",_;LCNh:AgEt6
&6]Bk2ppYW4q:hUIG&}Db:iyVb5\+o;,"/1Chv;
Z/.<}!{
1 3 28 296
Mj[0H%cZ5MJa>$6B8s#Q@.$:kYthYwFsE9j!5I!_s(Q{igAD&,TKRDo&H{W5.6=cFARE*u?5MO78G-F;z</Z#k*
9{F>Jz*|<jyHz4u#alt)yR5<|?1O\L,#\n|)oT&
Mj[0H%cZ5MJa>$6B8s#Q@.$:kYthYwFsE9j!5I!_s(Q{igAD&,TKRDo&H{W5.6=cFARE*u?5MO78G-F;z</Z#k*
! 44 1 451
! 39 6 753
* 90 5 295
P5!HC#i]^Q/{yA{Y3d7jT{"B4>4jH)*h$`E^bQ5ZqI<d|X]Ow^nu!3BGoFd4znxFFe->x:8HU
1 39 57 583
/XgBU w
1 83 3 199
q(wp"No;U:>j0Ab=hb:l53:S1n"Q8!H@}{#01r"xN/we=Gk]h!)iJqEPa[R\d0@>,sW8syZk+rOp7jW@|iO+3,wx9N*\*,j;:JF]s4ip+q
! 99 27 35
&}cn1NCY}vBM{G|x2O[Yoy>cwqfI+eBjv!ELa/C"!k\yTqzkd:"y!1qh'KKhq=Qhi;_[FT}ckW_-RdJW`fQnv(ev:>
Z      
&}cn1NCY}vBM{G|x2O[Yoy>cwqfI+eBjv!ELa/C"!k\yTqzkd:"y!1qh'KKhq=Qhi;_[FT}ckW_-RdJW`fQnv(ev:>
A 30 30 253
DK)u_0B8$BB6E9J(tB,.v\+'
neDsmph$kod/ipj1qqlv_R)fcN`s"FHnf/7k+|`VpGc5vX,xK'e"bi;^R=1!3(t"W4Y<^To_
A 11 64 608
/XgBU w
+94guXEr)2{F4>zTCa}3$JU&Y&akPDacCD[bx_V##5mq|Gm"yQq!uiku`
* 34 7 834
1 62 2 192
1 30 12 875
* 1 21 513
1 28 34 907
! 68 27 924
Uc`nmjQ`[mDOllZr9~!7RXjL`1)W.]8z-roS$MnA~p$>pYB4rF[xN/muB09BR[5E7`uQ\)!x&UWRQ,K
Z      
A 73 47 0
4^;WnmtJy=2HHbC?Gml7E!g1\dk#DS4
)49aby0CE5lZk:'e%xPFj;\"lLWDUN"{\(Go$Q%u$zQ.[$qs8QN
)49aby0CE5lZk:'e%xPFj;\"lLWDUN"{\(Go$Q%u$zQ.[$qs8QN
O`tsX]JW:r1|8zuL]S8i0J>-#0Vd-jR#IdNg-u3@Gw4v6hkrO#e"1C)fwhS)6~RARX;1V0y[0-ZCb\\}6kV4^!)cHegT#+SaQom4+nd@rj68OS
Mj[0H%cZ5MJa>$6B8s#Q@.$:kYthYwFsE9j!5I!_s(Q{igAD&,TKRDo&H{W5.6=cFARE*u?5MO78G-F;z</Z#k*
5v
Uc`nmjQ`[mDOllZr9~!7RXjL`1)W.]8z-roS$MnA~p$>pYB4rF[xN/muB09BR[5E7`uQ\)!x&UWRQ,K
T6T_Blg>+<f~2poQ]LdQ98##-[
1 46 12 849
vzxZpuMiewbjP,xXX-mudIQ\4cz)>%FT5OWp7~O$O%53#.D-.(V,-z6sZDxR,L;JH<v`%
IVx}M_Q_w_b*SLQJVHE]Z!@*B*qej'2%".n<d`ZF;,EhIG_4pZMBF8TG$~z0#}=yUg<j32o-7B[Z7k@xQHUoVy$5o!y[.2NZ0
Y:Dnhv4<c!KO,6aIhV G2=Q"l.4 )5s
neDsmph$kod/ipj1qqlv_R)fcN`s"FHnf/7k+|`VpGc5vX,xK'e"bi;^R=1!3(t"W4Y<^To_
! 44 1 451
! 39 6 753
* 90 5 295
* 21 3 718
* 81 6 708
O`tsX]JW:r1|8zuL]S8i0J>-#0Vd-jR#IdNg-u3@Gw4v6hkrO#e"1C)fwhS)6~RARX;1V0y[0-ZCb\\}6kV4^!)cHegT#+SaQom4+nd@rj68OS
* 34 7 834
1 62 2 192
1 30 12 875
A 73 47 0
]-?-C+LAGtJx|7@tMZ*{}w!@UkWOsEjSA=\ZF,q>zjWVRE6ACA*#PWC~Y-Re6f"4Jss1&LR\Lwx:0~AxRTo*/gM(y<s+g
;tA9COtEl)#}\25+w>z]iDVVhs$n
<DrY1E
<p>&j?hSh2X"SCOH+j.I2PcI>GYx+Wnya(Ygy@3qh<l0/1<a]oofL`,+B{z~b)%
=5)`ja-.?)rGP=%wJk;C`}F*Ea9),j;_nQxhFtV+jei!6qt{ci/?VeCEa00xP]5o#Snf83kx*&i''Jy^C(?0[-FiI
')i{Q5SK6dr0=o?"T<GVq&;gsM%&;1E._g!4s={(#5J!KOI?NZ45mB|m|X@<;2^aSlpfr}gU-;"
* 34 7 834
1 62 2 192
1 30 12 875
! 44 3 0
! 39 3 0
* 90 5 0
* 21 3 0
* 81 6 0
A 47 3 873
S=~jZ-1;0VE(5mu}[;\JA2oH=-jL_ydldRtwVjxs=g*Wi0@~&[}ovktOnIqqvx5WA2p9RM$Lm}QC(IVz<
sQcQ7P6Q:3vp9F*T=59\ok!q}>7R#"Tgndj=>4?p3`VtB,r{H1/;fm,@+g4M|eHr\V7ciN,f:
1}%HEBw2rl{5/lcs1ak.-/tLoX,xX48V2>3">i`]4'%'r=`g3L(LVn\qo)]/Jo]olwpRp<DzV!BeGNcRkn'g54-8m(K?4&K$az[bHGn
1 46 12 849
~iE570HD{8oEAwL8<JWLgb-$S8pd
&RxJvHH{}LkTeGl{93Z=bxQRr
<@WKn.RAL^6Oi<
* 12 12 180
1 44 29 127
]%,6aBVa5<1nJ
I+#1-<)|:$N<`Q"05_Whj}k`h)4&67}SnM(hzXKb$/J`\+_W\gGv|0BZau:MH\ZC
Wb.%Ix\:BR
tQ`A|br--*7rZ1.xI8>(7=(WP2A<(N1K]\IuQQ4iIqpE.tO0]Ffu=i'RI
nzn\Xw$*wD9uBMQ[6lKnQ|[z0%y:*,>_1X_[Md&&][TX5rjyx^x!Lot]n?,(Xsl3pOz
1 86 94 0
A 58 62 0
1 17 79 0
+94guXEr)2{F4>zTCa}3$JU&Y&akPDacCD[bx_V##5mq|Gm"yQq!uiku`
}9bz,-iGpPX)h>'fSPwK#3=?GQ!cy>@N7U2HaI^KupDg;oUfyOWjIrbCk^pmIjt(XjUyK-*&Z-}m+#8~y%x2rydTS8}[{rgOf\_?v_sYPx!N
q( p"No;U:>j0Ab=hb: 53:S1n"Q8!H@}{#01r"xN/we=Gk]h!)iJqEPa[R\d0@>,sW8syZk+rOp7jW@|iO+3,wx9N*\*,j;:JF]s4ip+q
RE<F[3w\Q`^F-qo~[UTS!S?[0V5d4pq|hJVe"_Wl{)L^'VHs>:5%S{]p=\+d7[u_0nd,0O"&Pi*\/<}*o*6qe-}'
4^;WnmtJy=2HHbC?Gm 7E!g1\dk#DS4
* 63 31 601
b)YFJ
Ni7%_;Gt9f,i_|!j3dT1s=/G$r)@0GF+-S$af=cd^dMP\`p.3)YR(g]{CQ0(h}m}=,f]#/Uu/z[#{jRhJ:wWc9
A 9 10 380
* 99 0 789
1b>U&k,_m14asf9<"BtV~W$S'gHxMoW[5o3/tI9hx88_HubJ5
la\{}LjqZAoM{=p%U@o7-6O~$N#xR"2sH]&3zG!:}/s&v)h#[3.mf+AXZ9qh[H)#
%77Niig{6qw-&18tnZ^rJ*B-2=+~7Th4=~
FD1-x0/7%oQi#U/x>hC:uYA>yTJ/SX)MQ_o/d&`]pNAV;'.[\Aq1{4:qZ#
A 81 22 935
4^;WnmtJy=2HHbC?Gm 7E!g1\dk#DS4
1 13 10 959
vzxZpuMiewbjP,xXX-mudIQ\4cz)>%FT5OWp7~O$O%53#.D-.(V,-z6sZDxR,L;JH<v`%
DK)u_0B8$BB6E9J(tB,.v\+'
iaXE,ipX{VXNl`J|*)Xu>Ghh|lqV,7X:K?o&JP@uNn8vqi4P?[(%`YOi]^WAQ1!<+~r_/4jvi="OR
! 98 51 771
q(*|v[~<?l{/pt]acy^2)fBW*LQ#;USiz^U
)49aby0CE5lZk:'e%xPFj;\"lLWDUN"{\(Go$Q%u$zQ.[$qs8QN
1 55 18 0
}9bz,-iGpPX)h>'fSPwK#3=?GQ!cy>@N7U2HaI^KupDg;oUfyOWjIrbCk^pmIjt(XjUyK-*&Z-}m+#8~y%x2rydTS8}[{rgOf\_?v_sYPx!N
! 70 22 641
?4]^-@P]JWU$1a"gZ|v275(w1Eng[th\b./jlbM[%6n"B:+3yB}2
naj?mmK|P.@eIW9f4zc$szYI\y
* 34 7 834
1 62 2 192
1 30 12 875
! 91 10 171
2!TwV<dJ`-b6,(FMs&3<X9>JlXgcXq9
! 90 4 241
hm-]uWR^)Uo^y1
"p'k_K*(X[{o#/RB&U5[,BQ~89Fqa+P.25yj_c(kfy6*{wSf?HP<9pd&G)JvCE0)\fy(4T6n]g7[!n|}4]:-
RI_v`Lq%SW2e,}jtmm8a74j[bnn_;.9Z>`A=@uJ:hLyp]bjDP*nB(+^$p~8~P7gZWoF-XF\`&]TT(\#f&]$[,gghsJt)B||3QYZ
1b>U&k,_m14asf9<"BtV~W$S'gHxMoW[5o3/tI9hx88_HubJ5
! 90 4 241
{tbH3toFbE?/>TN%DOXCE}Ali(d|CzY!fTnL(tCov)>G'NFM8a1o+%V%[L\C)1kagl>)gP8mn9`[4xQiz25$W1&VV*2
Wb.%Ix\:BR
-X`O`i[VK,zvnei6@"jp@>!$;^)fY(_S+8Xuj!b|32XDpwQmOK=Wuw
1 61 4 74
1EWH(K9b/g+\KP^]|G;xxOvS
9QtjX)rH@U,]rfkFBK+!_;fr*JoZlkh6-?iMT*tYg[FC[q{wfJCBTG^28!s?
! 35 21 888
* 77 40 499
! 99 27 35
A 21 28 485
! 87 15 829
! 57 30 94
1 53 22 0
1 52 2 715
)49aby0CE5lZk:'e%xPFj;\"lLWDUN"{\(Go$Q%u$zQ.[$qs8QN
*;)hS/x;qrNcI1)mODv{mI=vl"Y;^*KD:svxwoVh(b-+zQH`5t;X^q9e__298von7J2"7[s4a0cotcFUCA{yQ*1h
vpa8O`( 5J[`zkfGezui=ws!R0OIK5mFk'7E-gD>UC.iNSKl5?L;-XA=3@}D.04"rCNw{RVOKR1KV,[/#Mj QghF;4 UA%
A 30 30 253
q(*|v[~<?l{/pt]acy^2)fBW*LQ#;USiz^U
}9bz,-iGpPX)h>'fSPwK#3=?GQ!cy>@N7U2HaI^KupDg;oUfyOWjIrbCk^pmIjt(XjUyK-*&Z-}m+#8~y%x2rydTS8}[{rgOf\_?v_sYPx!N
p0NhGt,P5=o5bD-(7}[\C_A1Z`Vw9l>I[#&|.dNlX)Anzx?+dJ h<K`Z%mny<U
1 58 48 296
*xYt|$MdY"V:tHC}x!"F8#3@-_EBc@eI*1g+`z
1 77 99 491
hm-]uWR^)Uo^y1
RyRw.D+3d.wy"BX(9wW{G8O>,&=s$*Zr\^.D!IKLFhr/Iag>qZ_{l$x
! 73 29 491
3+LEK|
a)+5nO2Ra]]vh=Y:/][mp@
vzxZpuMiewbjP,xXX-mudIQ\4cz)>%FT5OWp7~O$O%53#.D-.(V,-z6sZDxR,L;JH<v`%
! 98 52 0
Y^}(Rv"?RzhH,2<:sWyOb8uRx`~>>y'/{T\#fP@P<NW60nQ42ilS8M+GD;mEeh%-f/Ex9XtmR6VDz
TCE!0WDP!8>nXy}tG!k`.8kPdQ7iK["HX{=LYP 90[M,%4,C9M0Z^1xWt.uh54{H"0GG)X.hQ~+q?5:km[%)F(j}2JDqzhd|gGXSOsH@8<5)
! 94 35 373
1 8 13 369
YGK{$ +@-r`)N +3i}A.+7vYeMR^<?ju :twRrP#C;. $9pA,X$5&uUv!}1RkXo|@# 1rzkWQRdA?:1_M{aBSWW$
iaXE,ipX{VXNl`J|*)Xu>Ghh|lqV,7X:K?o&JP@uNn8vqi4P?[(%`YOi]^WAQ1!<+~r_/4jvi="OR
_}bJ?\[1I5KuAoG`91-Ur){s0j<qfAB=EXD]##r]'>v<q$tQ*??v?1y38-T+7S
<_I8f(NG<D)~Qar)(SxJa`?H;#S7[h-]w'5AIp.Pixb7Y%mfF
! 7 58 74
_}bJ?\[1I5KuAoG`91-Ur){s0j<qfAB=EXD]##r]'>v<q$tQ*??v?1y38-T+7S
! 71 98 947
* 56 3 422
! 67 0 504
fwNzS$;Zws!-Jc}eg#EF>vQ upkc#'pXSu"<=?*)M']Un)b
3$Auw$,J^_$KjyOB9*$voN(4@b0<l{01/H^%Z;XN9d.E8F0@1v|7E%2{;ZA0d\Yd8}Jv]tcIAgT8'Eqo>pY[a:$/6't53mj|X
A 96 13 715
bU-*vJh7!,I%ZeJgz1Iuc3`&F9-arnG)0bg#1]Fd#&7WJL0?&fDW=@_gXIF,g0{`f[USXa)zsOq$P+N"kF+zX,T8/jxC
* 18 28 0
TCE!0WDP!8>nXy}tG!k`.8kPdQ7iK["HX{=LYP 90[M,%4,C9M0Z^1xWt.uh54{H"0GG)X.hQ~+q?5:km[%)F(j}2JDqzhd|gGXSOsH@8<5)
! 64 8 191
A 5 18 1035
A 98 28 461
1 81 3 144
a)+5nO2Ra]]vh=Y:/][mp@
VSeB^K(_p>j7N6~5>9(vtQjc>i-1uBF
LiN?!GOtH-_,~mmc9Jt#KS$~UE0Od`BE-o^tC5!"/T)UiA\Hx(d"<#+(YYhGqtq>#iGJ/H#ec_PvvYo%=$t~XTZQoIF&dI3/>lDs.xNkL2v
dsRN%sFK0k:Y(i5\ufj-iaE8
VdWX&4O6c-7IZW5"%?)q*Mw=\&d$*-;jWb/1H.hG]M2Im}-K+3l7/uMM>aXA;k[g38Mu
t2As@<U$Xa+8u;D7d}t4UN-bZV@Zl[Ts&MRHDwkMY-^.PrIPrq]dd17#jT}'YYv-{P@~aELul1_l%K}~=7clHd)x^Od_POPs%GKj@F=}]`
IMtF,1;4"6{=sqyYon|Y
!9+Zu89XC0V*q2SJ-[c0XP'-L3vIsI5%5c9cxI3UD;x|1'#).P!LpLdia?`c*'(./iQRmN4SUC);:%h"qK/L]UJb&nb77N|Op
L6oIo"=g<)Q`KEaR2MTF&2=#R"Pj#{?IS/5Bb!6):!bKB;K\.F=W,)i9PYVY;wuw=Jp
1 77 99 491
$]XVeI*A!)5qc2,_KC
1 12 83 830
! 58 51 358
!`qNjVD3=SQeS=e(TGiNC0%CX-[/&/o~AajqY/vG^JrlU}K4"9jjj;}KKTYHct]z|GEDgBx<7r`3
E/H#1JF?|ivn\+Fm:ZTPBrH9MS<L$ySh7@A:UQ227>DoZ935=@70^)]GZ>bY,#KSLi2'.6'Kx-0
\50#"E>jWgTheF9<2wq4QVgr\H;]6&qR]T@U]vDzh~G,Z@\IJ[I5&+lJ/Xg3':'6t/+|,^H9-T?oTj\
1 67 63 149
FD1-x0/7%oQi#U/x>hC:uYA>yTJ/SX)MQ_o/d&`]pNAV;'.[\Aq1{4:qZ#
Du!PK{v5NjZ{rO:p7?%Hs-gXM@Q^ym&$W4nzazG[jV+-<&*YLYe\tTq++*-O]es&;Dj{GzTuG,:d}_OrEW[*6$<=tu=f-q{TjQ_T|}Wb
1 80 71 898
1 88 32 0
A 17 36 0
1 53 104 117
}TMk=f]L.%{7iAPIRu6LkLF,W6;[a*-~|u{Wa#bR+<
t2As@<U$Xa+8u;D7d}t4UN-bZV@Zl[Ts&MRHDwkMY-^.PrIPrq]dd17#jT}'YYv-{P@~aELul1_l%K}~=7clHd)x^Od_POPs% Kj@F=}]`
Ox)Y4PgCJE;hpf63|5$SJTZ:|n+GHe+M
RE<F[3w\Q`^F-qo~[UTS!S?[0V5d4pq|hJVe"_Wl{)L^'VHs>:5%S{]p=\+d7[u_0nd,0O"&Pi*\/<}*o*6qe-}'
* 79 16 943
1 84 27 317
A 93 12 336
A 13 52 0
1 49 62 0
>/lSgmXz4q0cpu{20j!u]$^Y[/stx|\9<}.ljR^rYQV].N4%[G\:{*%[=<o%y=}UteF13F8UZFX*(JyGxSBI2|rkV
Of(jrC~&AW{(#7UH/D+dr)">vUq[G`_6GXXDIo{4HN
I1+AlEN)C&i%.Ca|7rq'R@"F'f:6
I1+AlEN)C&i%.Ca|7rq'R@"F'f:6
,qjEr<LWm2;^a;[Hgi&~"s9$?rzLX|wv'2Rr~EaCB$YFRr}C6/[nuf#P8
!9+Zu89XC0V*q2SJ-[c0XP'-L3vIsI5%5c9cxI3UD;x|1'#).P!LpLdia?`c*'(./iQRmN4SUC);:%h"qK/L]UJb&nb77N|Op
1 10 28 0
* 35 47 375
4cTLYoow>\r=qQ?65kNX*]K52z2n
`[,M0P+|CkHSZL_SJ6#3d7!c<'PKNH~vhvg|[AuBhgM%Eh)yH?
/GnaysWP>'{7K$.Y0-prHholx^Sx]iF
MmU(=/3I4a
! 98 52 0
!'&h`C;F@|drXLu,-JWn?B5@^H"lM+h;*U:$i
u~#o{5Tsj*uz5. 6 $ 2 Z 1W7">tPfn{S%6g.1pZ>!X|939GX-Z-3gZ;:L6!x)k(;5:cLDbrWx^Wu"]%nUy/;P|jgAe*:ueSAab(Z
b9{=\{]_-($Z;T&cZjv"L
wYm#^z<*xW;oPKx")d3l1Kay\5cIR4iCmm!rO&4F1`Kzad9I`Lz)E,MZNw!6WcpZx#*7-r]s+WI"!BBa7k(bsZh{lnAcAWkF:oZ*c~5yEV:D4
*(7\eEY:P)I
* 84 28 0
A 19 10 0
A 50 32 0
:0(41_*98:ECQMC.8+)|3Nh#d0yKL5']Wv63;01
1 45 8 119
* 84 28 0
A 19 10 0
A 50 32 0
! 91 32 486
* 97 40 0
! 49 24 0
1 4 5 317
! 13 8 0
* 79 16 943
1 84 27 317
A 93 12 336
! 55 30 810
! 30 23 283
1 67 19 484
* 60 14 559
A 18 42 526
}5\WwtjoRId%F<lr}:tz6~5KGUm7lGi&hIRA#=f:Z4fh?l7A
2n$D?P"HH.+pg%i=P.tS"GunTR/IEcT[bN^.z[%b1.(mat|?OQ8:t9!"EE
* 7 24 94
AC cx0 W;Gz:2o"^W~yaWSzB~eP;&df=C,TSy/|P{L-~ml{hDq2nW}=Fe^!]GV6|x~~~I:}&/ nS( Vl^ ;%A4k
]xU=cSc1UZ}wFp9'+ `fv6|~Xg>NBru! u<DG%PS=B):~
ujtx^>Q4vY{8[1wgRNmlw~8f2)4r#_dR6QkK=|11o~L.R4'R1Z'rE*^G9`*cW!A<Xg){IH$Z~)0xoay.5\Ow2&`_|E
#sJ'-G!QjkBC0*ZM"w3`T&R(iq;R!6"}6U
! 93 34 926
1 22 4 88
sYUjG#"juVJ0(G)A"c"H2dRj5_5-g7+1@.L~tL~A+M%j
]   aBV  <1nJ
cSg,H|p y#T .=rd ^kh;LLMeR }zC,cu20y+ ?(gRZXXdm T  zVy f|C!WD(!y#bsf%|LL0
b~}w5%zwstUf|=q@n@i/(Uz7,oSE|%dr~.^Uun9N7$vcC8[R}2J6r@$x(_b9CL7U+~=sBvl{4X#7z+mtStZ3]=vOk;8?3
TCE!0WDP!8>nXy}tG!k`.8kPdQ7iK["HX{=LYP 90[M,%4,C9M0Z^1xWt.uh54{H"0GG)X.hQ~+q?5:km[%)F(j}2JDqzhd|gGXSOsH@8<5)
A 96 13 715
Of(jrC~&AW{(#7UH/D+dr)">vUq[G`_6GXXDIo{4HN
he%_p<jvPcB_;3"7dvme2OTz1/`M,DED{Lq_`]QnW+|*gCL2S|jv}=&4]JV<j?V*]'2{I(GU\G{`h""8P1s;dV],
AC cx0 W;Gz:2o"^W~yaWSzB~eP;&df=C,TSy/|P{L-~ml{hDq2nW}=Fe^!]GV6|x~~~I:}&/ nS( Vl^ ;%A4k
* 79 24 0
! 84 15 753
! 98 4 279
1 65 10 0
CFD4|S&;:?+"ywi_:7l.?E.;0:Xvj,&j@!Nj*2wy%r;:pcyG2w~;.O0H,cR3P!'/MVB1`mfM/[L|T;P'ynZtG4.}/-j\}ZW5.y9
T9iyTtTFfAN2mF]zFE]yQi[]zG:qtrFD](
a)+5nO2Ra]]vh=Y:/][mp@
ZT}F` kTP
ccBN{dM!M:2U}52impuj[$P0|?<ECM=|])`;A)/rQ'yMla8dVp*Cw6M/t6s+45m\!|Q(K<CVykR?U<]p)_=Gw<oHF6W=-@\Sj>Dkv!!Q$3MM
]xU=cSc1UZ}wFp9'+ `fv6|~Xg>NBru! u<DG%PS=B):~
* 27 6 284
+N?1qINfquS3ud)mHWF aVfJ2dX=o:PX10eF<$
Y[V3|
* 14 47 550
! 87 57 331
A 85 19 0
ujtx^>Q4vY{8[1wgRNmlw~8f2)4r#_dR6QkK=|11o~L.R4'R1Z'rE*^G9`*cW!A<Xg){IH$Z~)0xoay.5\Ow2&`_|E
A 67 8 696
* 46 68 361
1 19 2 0
* 47 6 591
1 94 50 267
oRoZrA"a=bqmI#Q+24p*}gU]-9SCd>[lQ}9c\btpcV[`JKH!hCMI"/
P((-_3xF~>&[^uM",:2Jyz1;5m>AJ4K(e,?#@F>aEA#=~,tv#UADiy19PN}3vjF%;:'zum=kVqfExccO!|7!
+@Cw8H0H^\uZ6cWJ4Q;DSyzthOHg?=
u+0&b`H_c>oA'PQT35573uDO6wuvh-,OAN=oz?bAa4_db8h#>c?rHCK"b0:MXf{a{VZn1S@d2B,Zzj$h<0@XHLTHvy/
[Cv*b,opE>h6nJ\.wce?p{tR:d#
Z      
T6T_Blg>+<f~2poQ]LdQ98##-[
! 94 3 212
[T{SFqf\2_fLgxkUkw&RcQgq2'nA{6#(kM$9&l!+ZQL;'Xg~UaO]ISa,vj+NBV14rKI##!g5DncI&z"r]l&09ez7T
! 55 30 0
1 96 66 0
* 66 46 0
* 56 70 75
3`|NHF2+p?Q.1NcM`BtSFd
A 98 12 0
b~}w5%zwstUf|=q@n@i/(Uz7,oSE|%dr~.^Uun9N7$vcC8[R}2J6r@$x(_b9CL7U+~=sBvl{4X#7z+mtStZ3]=vOk;8?3
K.u<8X7/)2g}C{J@W,G^\r[,oNJ84Q}$2@@@#?^pVCv@5ni\f-@d(X=b}B{tx:28\QeR
1 30 29 149
@M''>]0B@"B2eMi+z?Bjq0FT}d0"UgWCf@oPc
izgT%nSpL?%Ed~ST"TA+Q=SY)wXdvn
N_,~+NEAX]e3Ch#<K38TS.L36GQUvAsQFGHM:}$FtjZhXJk}@'qzR}nC_E;F_IJ27qCfcCn.Y?OQPu6;/^\0c;;c(w;DB_vk
&RxJvHH{}LkTeGl{93Z=bxQRr
* 14 47 550
! 87 57 331
1 85 28 282
PK$YM%2us/D|.*IB`CcI}Zd/ulTB*$wLrIq1w"e/2M;o'I:\J\n*"D%G~8'?\vBfP[`>(Cp22&-0@ikA[1#eJXMjoGZ{
! 55 30 810
! 38 8 240
* 68 10 220
1 75 27 253
/muxM{3!nwP
fjYOZ<\V.XpBg4Rs=K6J=V%J/SS:<OC8$x-({RGcImg=nY3`yMSExz_DO%3i"q;e/cA1sA_<V6!h&oV[}p"@g-!AP'#-OJ
/p]@n[Ks
(O;Y{_6O7A#@Lu{qYy
0Fh9}Gml6;Wmr59KX%Mn##iGd)Vewq*I/
}9bz,-iGpPX)h>'fSPwK#3=?GQ!cy>@N7U2HaI^KupDg;oUfyOWjIrbCk^pmIjt XjUyK *&Z-}m #8~y%x2rydTS8}[{rgOf\_?v_sYPx!N
A 90 34 734
A 52 40 704
* 65 44 217
Np;~)E&S+S`j,3a}6rCZfUwS</~lbP5E";{:c8f6{X_xjTaE'+"
1 65 10 0
rjT6GSfD8xV8vb0hiuz_4X"4@Lc,7*=81@-]POa,sSvN,4q[;jh-fo1C,|1'4aWlPgYdjTsnD"NEmKA{[K$7R]D+&XoUghnn
!9+Zu89XC0V*q2SJ-[c0XP'-L3vIsI5%5c9cxI3UD;x|1'#).P!LpLdia?`c*'(./iQRmN4SUC);:%h"qK/L]UJb&nb77N|Op
5l8O`/-l_D)n$O<yjZF7c8:W|H+n*&EPT$V=KkryY@Pk
1 36 3 0
DK)u_0B8$BB6E9J(tB,.v\+'
1 10 28 0
* 35 47 375
u+0&b`H_c>oA'PQT35573uDO6wuvh-,OAN=oz?bAa4_db8h#>c?rHCK"b0:MXf{a{VZn1S@d2B,Zzj$h<0@XHLTHvy/
$&'&Njf$H/?yas/W??[n4~9z{i_@CYpvuuQkt/h&{XY<1uvB{Yp}+jDfzi2tw,=Zh^l?aNZJ$X<x;~{upR"(jUtPIZ]Z%'{(QM\ML<L
TmeOw@7R_-xAf[AfZ6!MT~hO#59`<19mpcD=?^~~
* 35 36 445
! 85 19 815
a)+5nO2Ra]]vh=Y:/][mp@
1 10 28 0
* 35 47 375
`[,M0P+|CkHSZL_SJ6#3d7!c<'PKNH~vhvg|[AuBhgM%Eh)yH?
+qhzU(8.3hO.Qj>8"Wl?5Nxe'/9rJf3d[\F?K}/Zv<fuKU\du>i=^d{TI]ON8IvI=|~w|Vuy)p*xw*L4)IZtcLeY1XKy{e1;rM{7
* 31 3 905
oRoZrA"a=bqmI#Q+24p*}gU]-9SCd>[lQ}9c\btpcV[`JKH!hCMI"/
ZT}F` kTP
/muxM{3!nwP
^kH<IG_/rz3oP@T&&(q+PmgT@ml(sLXrw_X$]\7^a7or/>$tKQbJ5=
   
Czi>xgXUW4U~`zR(H7h,.Q!,~0Ov<{lBXB0>Z,9wkdg2(?(Moo{GK{'7R`0{~^NRLUTx7>F*\g]JV>0hN{o\3&8cUo{qP9M<P`md
! 33 0 237
1 85 48 741
1 13 57 386
! 4 37 642
1 34 79 753
{UF|VBT!=)kt VV8\MxR. Px~%vtf}h( >*[7-Rz2~.E,"jrE)l]J4PQo8k,EVMk-}K/[%|YJ>3]8WDU
A 90 34 734
A 52 40 704
* 65 44 217
H$X^q^mgoC%$]C;v/!9=,RL,e-k(`,/sPW@USdz*p!omd"QZG/mGT|zehPHJ'pQkh<&0LU
pW:[7>gw\hFl]mh^!l.=.dLF}QCixSYei0:OqUi49*byk~M[(2mWYgxO:+D953RJFPVD"y^7sue<2e\/LoUMp241u&X
{xK#[Fh{|%=zS]9$js_f=\Zd'EVeo5QTQZ(LeLtc
! 25 21 586
* 35 21 0
! 85 5 527
1 66 21 0
4U0pXf~V-F<6vJ@X!D~ilqhLHuN^cc0"M(5w5{4lm"
1 22 4 0
! 35 62 364
<[."5#*0rWy$9Fy{c4h[%>2}>]B3ex|"GIvb?Xk=8M,G-eWV
#HqX{*ztI^Z"K~+(uE$T8t_3O<"t?tMu^E=|Ny%]hYNHeV4yg*<VTdCReKj/'h6op`%xKj`,UE61&SuLkh?eN!GKUBuMJi#c
A 17 38 0
A 92 59 0
! 43 8 579
A 89 59 0
%{su2ZoO^MC_Rk.~GaS'q9PyS
* 73 47 0
! 82 11 800
* 43 27 294
4U0pXf~V-F<6vJ@X!D~ilqhLHuN^cc0"M(5w5{4lm"
1 22 4 0
! 35 62 364
1 90 14 0
A 60 0 0
A 73 17 216
A 69 35 720
! 66 5 920
1r,k0jWK0+sAN8bj:+v}S*V7dH4.w^$DtzSA8dNnUae>\)v|DrX
1 3 64 37
1 10 59 0
1 31 27 0
A 93 73 0
! 10 43 571
1 74 63 0
1 53 24 0
! 40 8 614
E2klusEy'QGZ-7~7N/0Z!GP>JHOnAjdqx,ov$f]!91qAhMar2)YKCn6gt8]a!VFAY=]8Uv,NkSo#Y^_nzL;Mlye<FL
A 27 38 372
* 66 18 17
Tw7G7O*:qwzdphy1}RM2-TMc+eW'{RY"|SAIG3m+
Y[V3|
1 95 15 747
y[5^(_AGTHX{1A%?;c6@J<p}zI'}{figNPdQJ^r/e~5d4tONA[O4Q}m/]6~eG5AB_FmWT)`zF.8438/3o0=%{8@SrQ`.m#%)L_S4*Y.Rn
A 95 6 832
X*0kIi'}C!g),!W6Ku73\Y!V6JMI#rSGO@x[$jr:RoLwX!o4d9!IjM11n@1j2+[f4d
)2lam_Bz<VCCg2Ov7b.DD{O"R5^o/5Ht.6MO,noB:nAn_e'RK0pkF]H*J[U3.P,:Bd"S-`~`V\%wY]H*m2_dq%~
'Y=_+oJq9^u`VD;[_[8z>[B/t+]Lt[<H[Ww'}s)x6!JhnI4*GD|F-Y
! 60 3 820
1 25 1 972
A 94 0 337
RyRw.D+3d.wy"BX(9wW{G8O>,&=s$*Zr\^.D!IKLFhr/Iag>qZ_{l$x
pK\WHQ9Rj1XxO++Qs!<qj*#:]]-|
^,D\7]@_+>S!*~0j4g>j_HVrUoYf1ErD:"1`\iL=\VQ_fP.RF
4[Ji$x"R8hUw/~e
mb;Q%J8/z_'?DB>&'g,O=52Yh0Nd3l`<b,w(0x.hC*_Gi*aX##5YK%&=R&@G%o|@:YI?X^P7q24(Hc]L*8z?m%`0B<O{{P_zhJOl8E
<zxsXmZFoL/Iz&7r
1 76 12 0
1 68 16 0
1 30 1 0
A 92 12 0
! 99 15 141
1 15 21 0
! 60 3 820
1 25 1 972
A 94 0 337
2n$D?P"HH.+pg%i=P.tS"Gun R/IEcT[bN^.z[%b1.(mat|?OQ8:t9!"EE
gN+S=4`_XL<2Y:UCH5q=HezF|;kM}s}nBd37Aq!49a>W-){`Wj#1K*,7k
* 71 26 410
Hm+JPKI_y2:](!%erl|6^hLA[Z-!.?~cK.#Fo5
~]e@*
mH$JYkf<Ky
1r2;)#Z}@",-*SdwmLl+U-vh,)kzx{q*-_};K\'h$+i7.|sx_/|>h.OUX
wA)b4#&D\mfB#-41SEWKb3N'Eb?>
}TMk=f]L.%{7iAPIRu6LkLF,W6;[a*-~|u{Wa#bR+<
d.S?xj
A 49 81 856
nUg_';>nK?HYL[?jWv[pfwxK!L-|j>^%M'!WjU?\V1xJ;KL/;)dQG->i/T+%mNV8''v^E$k)T]]ge1b
#8rb=o-D+Z;
}R( EDt,Md,p;'H]WB6kn4hfL-tz
DK)u_0B8$BB6E9J(tB,.v\+'
>Lg[,?>o|.cO5iJ4YjR9wd9A!/zdf#uo@=R({1gZAa79M=45y+|"p+VoxlJ2&,%z;uW[K/yC
)49aby0CE5lZk:'e%xPFj;\"lLWDUN"{\(Go$Q%u$zQ.[$qs8QN
'3X$w&Ckis"~GSs>T>~H@T`j".s[<[
A 1 8 1153
1 39 40 547
Q#v004WT!gHvi5!s@w(FGz8Qro1un*f?,TF0PdnuBr-:]K/hi^mAS<EY%bIfw]JZG}m(DysU~whR-@r37pwdi6b.6wzJ=taRa)e-EF\\;OOeTY
,qjEr<LWm2;^a;[Hgi&~"s9$?rzLX|wv'2Rr~EaCB$YFRr}C6/[nuf#P8
6#$)Om
1r2;)#Z}@",-*SdwmLl+U-vh,)kzx{q*-_};K\'h$+i7.|sx_/|>h.OUX
VSeB^K(_p>j7N6~5>9(vtQjc>i-1uBF
mc}I_[osl-':,G8/ARC;?Dz[k0^$4l8'2-wcvG/YFQZ7Awf|k+7QXY:KJy/-si"F;%hk[WCfhW_w:?8.0E=&.
8*zVk4T^<U'!@(w_b<j&o?70T|D+\gzixrV_g<FE@fXFsjq!^NO0q.GKD;
! 59 54 194
I7^!~^"Vyw;Sc;tpcsSvo?-t?LR]s^6K%(&+7.`,p
GGeQ*BPrRO}J'
! 28 6 590
1 69 2 648
ccBN{dM!M:2U}52impuj[$P0|?<ECM=|])`;A)/rQ'yMla8dVp*Cw6M/t6s+45m\!|Q(K<CVykR?U<]p)_=Gw<oHF6W=-@\Sj>Dkv!!Q$3MM
1 50 5 680
naj?mmK|P.@eIW9f4zc$szYI\y
N|n4v@|li[WYn~x+|:F~)T5VL
* 7 24 94
1 35 6 999
A 84 27 962
A 98 12 0
A 34 12 28
* 92 52 579
oP:5{62,~w]@IV'w~"?8+2:\7@6|XT@Ov4YTFB)G8!?}g%v)IYtOJF7uE>v|e*v`!6P>+JP#<E>w(rP
>mQ@X9: Yn1u5.iSRaaNb2v0o2 ?Ia/0a4/
A 66 64 883
* 97 29 176
:,<[2Qm/$n1,kVQp[!7uvE;0uq[kX;_a},V@ZKo04Ov)$x`N%<EKA@,R]Z<[ftJje(wu4\}`8Ut66Xo`CgW
}4T\X}w:-/m$
vP'vYMDS(s8
* 86 19 837
aktTBZ#ziZ[oH7mt`>9kXi%6H1j`@h`N0XF\vZu9w^<f;P]F8]rSxFnTBPcy{fOi&d.n/L1$[}ve-7OQX~qvHWE:vPQF]{f]mfB}r&&Jz]W%`9>
aktTBZ#ziZ[oH7mt`>9kXi%6H1j`@h`N0XF\vZu9w^<f;P]F8]rSxFnTBPcy{fOi&d.n/L1$[}ve-7OQX~qvHWE:vPQF]{f]mfB}r&&Jz]W%`9>
=
1 20 24 0
! 40 8 614
4lG3Qj`Uzp(nB\>R}BXtPxj40wg|;5@q{v
$CGHXf=0oK1_sDKTawQJRTHIY0rv[:Hh?Es5q5xCcI5emC@g)6
DId'(  z;
hwk:U0082M2)c
W-BC@
9]3]:i5MZd,PLR=vNrw2R`H\:J0=1R.&+!vJ;S%Eh|b5S;wU1S=s
PK$YM%2us/D|.*IB`CcI}Zd/ulTB*$wLrIq1w"e/2M;o'I:\J\n*"D%G~8'?\vBfP[`>(Cp22&-0@ikA[1#eJXMjoGZ{
A 15 3 0
A 62 10 0
1 53 2 723
! 3 17 885
' i{ 5SK6dr0=o?"T<GVq&;gsM%&;1E._g!4s={(#5J!K I?NZ45mB|m X <;2^aSlpfr}gU-;"
85HR77M]3{p<4nl?f#L
! 94 3 0
IMtF,1;4"6{=sqyYon|Y
[Cv*b,opE>h6nJ\.wce?p{tR:d#
-3F'S.$$^N]JiBul!O/tM4GNi8-N&Z1Ix=qA*U2GzzZ2(X<c6x90x7g{^;&(VU$TYnG.@-kS&>_#n:wHcX:9I@5gf\uX{Q{YQC
wA)b4#&D\mfB#-41SEWKb3N'Eb?>
A 80 40 692
.oyG)ds7o-0 ry2uBQLi7dL4hf4(m~cqGe[myzauQZh#Ynpcz~\NYA9q)iD < A> VmwmZx;yfSX
A 40 16 0
T;6,}pk-[*[J?8<'|)uF6tl-RWP$d~GC+fK!px+/KJ4VTNV}u(f50i;r!0]z\=J.*|3*+]W'1lu8G!a|3|<zE
G,2Y
x("/-6P?[Ef~Mc@~}T-Oqe#n|+x&Le>v1%RmXboRdq>Q8"Q|ly[D3G
! 47 0 138
9gG"&"M9$I+CtgFKHW>w>XYvx+S0d6)h5v%D|O4&Gp)>A(qdx25q{H~Ni},[Gil^!!n]0j0;G!QWte\(_%=ct_o9
}5\WwtjoRId%F<lr}:tz6~5KGUm7lGi&hIRA#=f:Z4fh?l7A
 ?=  4 , _7M'~BRYvEtyh0W#oZ4f>6$KwGT:5/ccVW@e*:a=-$?>w#<<&%Xk4w#}~7+**[hZL|-;7,:
XaX|x:~}:Bd.BqMW'eA?q?r8<P?FuR,WMJ[5q2!"AGpD6sPCU0fKC4MW_W0y3"=GL!-R
Wk$@2Vo4jQMNaNA]/6p<53U&`KMr;hT{%WUOZ&zl$$kUq#iW@6Gfd=h4Lx<)~2}v'e]0p^sZ]&tU/c`$`7
;tA9COtEl)#}\25+w>z]iDVVhs$n
da^&*8S,/%./{hsf@k.y
!~^;[]G0SPB9E
A 17 38 0
A 92 59 0
! 43 8 579
A 89 59 0
! 1 40 456
g?_7ta0HjpOBg~bD[()z?c9JnpJ^K`#!GJ"F1Pkg;_a6cWdRh^9viJQMs}N?"K)N5//aE{^,zqm&a{$3
A 69 35 720
! 66 5 920
* 63 8 446
ccBN{dM!M:2U}52impuj[$P0|?<ECM=|])`;A)/rQ'yMla8dVp*Cw6M/t6s+45m\!|Q(K<CVykR?U<]p)_=Gw<oHF6W=-@\Sj>Dkv!!Q$3MM
iaXE,ipX{VXNl`J| )Xu>Ghh|lqV,7X:K?o&JP@uNn8vqi P?[(%`YOi]^WAQ !<+~r_/4jvi="OR
Sl.*^^{]u'}+]%kHKM<dwjJ@kn3G^dl>0\%<z&dn}OP&C_<IEE;96VLG-dfhR[Uuo14aGwSW_lt^Gp!{FV"VZxITSdU@&GFC
QJ+(dsUR8mu1VjLx3%~~+SA4sm#z48g!G
xP^O-+zCERHH
A 17 38 0
A 92 59 0
! 43 8 579
A 89 59 0
! 1 40 456
1 23 64 526
! 9 10 687
A 40 16 310
* 35 85 724
.extEAp&3Fj.N%,&'5nP{g;L2[V)=L}*UWFoYDvmG\4*@8IuF+On[*{9p?o*GRopNn2f`7|Qu\r|I=w
-TwHMMZ+v#73p"&q:9paLlYxA+]>W
0{i-lT<4O_~O^iS<5Mrr=qfc,o*F]EM~h)k+ZA{F"I
neDsmph$kod/ipj1qqlv_R)fcN`s"FHnf/7k+|`VpGc5vX,xK'e"b ;^R=1!3(t"W4Y<^To_
U,|zmB}u%4*,^`C'^Moj2`)Y4f+3HGW_8NQtU:c\Obl/.'-Dy,))A3aj:E/%bd%+y}HL]GGbxdr;6^N#R@G8l!h78Y!B0w4Tc%I[=5]0X8'
NE/&BPx)6_'6_`@3-HsuP+:LZnkW[ub$C4v^.Mxm!Yh|p@09,{q!MgE{xBxnwVr/oSC5LeVe=q8|!is_<Uj4A
! 2 11 52
A 7 25 0
1 37 40 0
1 54 0 0
1 58 11 0
* 71 28 0
A 42 11 0
A 59 24 0
A 46 4 0
IMtF,1;4"6{=sqyYon|Y
1 22 4 0
! 35 62 364
~\o;i(TTNw~Sq4QT=h;dPW
A 59 4 0
1 36 5 0
1 21 17 112
A 83 76 534
1 26 7 341
!u8O^IsQ$`d(q5z_BXm9=KqB
A 86 1 0
{gbUGk7HX>p%>IC8b77g`ni&fOVt'm2nD7?[FA$:1y;fP!uIe+%S,T\[S1cmnq|3-eT@w\Am
9QtjX)rH U, rfkFBK+!_;fr*JoZlkh6-?iMT*tYg[FC[q{wfJCBTG^28!s?
*1JLc2-5q1V[v4hRCJM#4.A?*-\0!Ib\|.M`cE<a#f`"~,)$.gbq.BPd&E%2EpLzt=~rw49Z"f#(PN-+;cC924DqP~)\7_g}
0:w1-c"3)@]}2Bc1sR{5,={G`D(*e/xb9Xj0(c[>mT|]TX{iP(}nYIp&S#mD~;
QTrupEw3c?vzh/%|o4{$;\BzAR?CNA(uQ<H8PJq'zLmi'"M/po<k
`K$ L'!$foDcr[d;pN}Q1yw.}
k'U*F^%X9HQ`_8u>"?eXVE<}i'EPe^L?]%9}D.A0=B'L.mKfGI3b_Ldh=9ELe&F!46\S#tu'UNQ3.^L+lCMm/V477E95P;6C-i)?y*Iz;Am1-
Y{}W`(9%SidV
!_}!@rmyRA*b\%s`HV+d!![p!>4gG6*!Mz9@N'gd:BBG&n53TK]/]g`mP3ToKwKZ'L(c9V%q#[ZOBvYHrgtv&`38+KA-Kxy"L|-D\
A 91 17 0
1 95 23 0
* 41 22 300
* 22 17 752
w2jQGck~2\_Y6PB,2]jdd;u[@-F:
A 89 14 0
! 30 20 648
A 22 13 647
1 32 80 727
1 30 18 454
A 63 3 705
A 4 3 389
A 39 2 163
7P\Qsd:[U)U
S6kRYQ>j2D;)CIULw9#~+b
.xrn($d]Mg7NMgUKfF]M"p^,hXl)-X-vf<}6gYZOm?/I"$^wcS3dbC#D]hoiYE,2epsZ)G?3=80%DtrQC;\ (YSm LSPI{h10(+_Ol>n}O g0U
$CGHXf=0oK1_sDKTawQJRTHIY0rv[:Hh?Es5q5xCcI5emC@g)6
A 58 4 201
A 43 9 485
yE*p+3=JtE\Q^/|c5H/c[Hek]3[~/Ya\0V~1M0m|ht^/#V|Gb%j3;$GwQ/4U22l){FU!QufV}<lR8UOBiY0.Er
4U0pXf~V-F<6vJ@X!D~ilqhLHuN^cc0 M 5w5{4lm"
[Cv*b,opE>h6nJ\.wce?p{tR:d#
FCo)C4&\TFtFj*9~gJMK7
* 81 6 0
1 11 3 559
* 67 2 544
}|LE&!(vTV)=r[tp^$:*ni0[N'r]
! 47 0 138
p,K@\6(Xiq%"L*+^l!
ZP8~Lm{-dl!m3Mg27@63Hz$7U|ksxX;PYki9%`dNFv"lj`[gxuafUzy?.u7A|KH>WOklO.+2~";PuR[?:U@,UDz!xo"W$2Lt
A 80 40 692
A 80 62 713
A 6 11 407
! 80 27 475
A 48 48 189
:34zV+I1MP0<X%)7!mwCN4b,qdJj^
_%\Jwz,e^s.}d9AYmK:R,Ta]{n%eCGOo-wa:jn,e5qvOaJ4uU-u;O,!.o
i<U/IvN?GO^{)H|s\vV?
BU@H'dnP$0^#Eu*Ch,H+W6scDYE(]?zl29#@o:z%Zi-[Cma?6om"AQQDb70+XsmcLF
!xKIa`2D,*\jgTwBZTMt!e3m:X2;2q52 -!e}UJ Md*qEaTBF4nGm
;a~Lkj->xEa#59OB5fxzKTHMz~ok^Hhhbxt(X$C*~)<x?[Ev`}bJ@hN!Eayf$k>v&iK;SK)+[Tb.#i:@]KH2,K:x!y0rm
A 6 47 598
thfOPh,#*rF_B5MP.oZxD^bfj^k\9D#wNK:^`X8$S9`".%8>Aq.`v2co 8[U*&Bv3Os*6XJy`HbI!KE#=;'mqX2
1 75 1 0
3T$g%'x0;@Vx<FhdWOZ(+p:U`KvY@.iCc0h*Ni3837T(GNj`|ep$$^@Lz?P/,oAMwZ"`PFnhOXL_nmx5:pO9I9=8JndW9]f2/K`4rlYLaq#vX
1 23 64 526
! 9 10 687
A 40 16 310
{6WLC}-M^$0~pv_HlrR_S5)Qx!rj@#~-~3bhO=<Mj/
pK\WHQ9Rj1XxO++Qs!<qj*#:]]-|
* 56 20 0
t;gK/\BkwTvk|-}/S94e#(M>Zu4D},jVNJPL"GHdxgUN8%Y1dq^9LiTW|G9{R*yP|/%CM4-e}EN&W-%t|
1 25 32 0
2/ED~'cI8(?0v%KLx~`>P5cO`9bs&*n^A1i)s+c,].f},xev~!RV@'W*]S&.\sz3`gq0Pv~~CGEGnEId5^[rF6#eY2p;r9UKuw>
WD(\62LSqD!wi--g%OeG(6haO10ks5uNz"gyv`p1NKsHhXJuh&o)AfsS$hM4T`LzJu/7TE%&%mV[bmJ)_rKfU_})rC
elD_/"^HlGN3nKiY67yyWkRt)qp>@#LQ#eEjUd
rUHTS2*auQ_Q|P.fj&pip5G|ka;7YI5xV>V.jqETPP*_eUKb"'@8"$\L"xCVB7oV&t>'
Jo9f?ps.{#d2}U<n2grd5R2P&lkQ"pH,Y"b}=6;uCy|$y(*Q
Jo9f?ps.{#d2}U<n2grd5R2P&lkQ"pH,Y"b}=6;uCy|$y(*Q
LD.<YFZ+YKbuKFqe*s9~?QU&G/c*2fX5QFb/ba1_:=Yn'=\y+n\$n:Swj~kc4paI%G|NXbmAkm>r@((G?nQ|CC(m:(mW
1 68 30 166
* 3 46 901
NE/&BPx)6_'6_`@3-HsuP+:LZnkW[ub$C4v^.Mxm!Yh|p@09,{q!MgE{xBxnwVr/oSC5LeVe=q8|!is_<Uj4A
A 39 0 0
nM*hHz-c>lJ
* 97 75 724
1 90 14 0
A 60 0 0
A 73 17 216
ZhqmP(I8N7sV)>'t5OXM2D5@8^&Z;%*lXe]1nJ_T[>E1K:g6b6tru\L;"${\on7wVolceKH'&r2lZg/uAIc~a
eN~Kx_@PM$U9GBk?HgQ&pF8p)#{E*0~pixIJ#4A7]Ko9](G[>>D"agj.#LLH;>
A 68 35 0
Eo9R4p}.CoKJJ[i<mBS$6O/QSDubE1QLzry-u!l/1m(HvqW8}=xCKEakkuAsgqeG#?L&@8v4V39HNrKDo)Ud8,F
! 14 1 0
* 92 4 0
! 99 3 0
! 77 4 0
! 36 4 0
A 39 5 0
A 93 6 0
* 10 1 42
1 14 0 0
A 49 0 863
.xrn($d]Mg7NMgUKfF]M"p^,hXl)-X-vf<}6gYZOm?/I"$^wcS3dbC#D]hoiYE,2epsZ)G?3=80%DtrQC;\ (YSm LSPI{h10(+_Ol>n}O g0U
cMdIiMS?8i*mk+wQ=TT}Z\@aENo_{jAqUQ"(qXY734NsLxhTJ-@iT3H0/*FOVI
.oyG)ds7o-0 ry2uBQLi7dL4hf4(m~cqGe[myzauQZh#Ynpcz~\NYA9q)iD < A> VmwmZx;yfSX
! 33 73 766
.oyG)ds7o-0 ry2uBQLi7dL4hf4(m~cqGe[myzauQZh#Ynpcz~\NYA9q)iD < A> VmwmZx;yfSX
$G5(b%G(4~\3|kL{H
* 97 75 0
`^VEC|i&n/=EDUJyUO]@TEEi%8RjzJ|,
elD_/"^HlGN3nKiY67yyWkRt)qp>@#LQ#eEjUd
1 50 5 680
9gG"&"M9$I+CtgFKHW>w>XYvx+S0d6)h5v%D|O4&Gp)>A(qdx25q{H~Ni},[Gil^!!n]0j0;G!QWte\(_%=ct_o9
[u{bqu;D}V.pYEaTkR_;1Lf;{iV@P#%9rGwQA!v&T4\p;;g3]m7aC
A 48 48 189
0P^1~^("H-Lx]o(%jq6Ps'Ol6k'"[VhJ:Ot~mwn.{fXS4/*s|}7F7|.?gKv1<qOh=bY-vTv"`.o(^6h%1
* 30 86 0
xP^O-+zCERHH
A 5 80 601
l\Iu1tf~lT"(z,!ai`\yitD/\RA;
:~)H|HZE6Q.gPQcr7*#%5z GS_=kyOE4T
! 58 25 961
pJmK8o7YwTf@l0s^EJ2gq(KrlmcCTy[W%F`CWV
! 45 6 141
Fh3h7w\e:ODiW/^uGaf;#G)6oRMzzUH\D_!>%[C&9(Maj}ZC5X29_W1]om>!L4.)o~IG_uhytN)@4S
1 52 8 0
! 18 60 854
A 64 30 0
uDjqzS9XX|@~B`:jm\t{e@_t:t"bKn3t6~~`29_gYnZWTt}dB!>T/Wfe$hu>d!"b\:"Zh6:*bnc(=rOF+FQRF5It+@~*+'W,(y~U?Y&Rv>Iq]N
X{|x>cXc(H/x2aKBdN^lC]BcAL3:=?:O)i{Z1<>SNoQxEI-D,K!{:!2'"bXc|O4VUEQA#X}z7[T:W0B4GV$pr8dr@Xy0Q/7_Q_?F|1s
! 47 0 138
1 19 2 0
* 47 53 0
1 94 50 0
! 23 28 485
1 3 14 612
K'G(xe]vXY:u-DqGAQESEBc]c&[v[YG*=_\O!O5h&>8/7L62a3[azV"^"4j)|p(oEvN1H_^3>Y~Ql~QZr$GqdXW#bu:,aO
1 25 0 82
* 99 46 999
A 33 69 977
1 95 0 688
A 7 3 907
* 34 42 498
A 91 9 0
A 19 9 0
* 98 0 4
$76"Qjgs.[[EAm0K"q]/|WUKsz(_iX.2Xr^`o{:Gk4H!A^N6:CT/Jr?@WqW">m:,e:}TL
x7Cs.%5>t,J&,T_<i}80=;#T0#C8qg5Bx/IH+S=OTr-:Trl=7+v;Zqa'N-t$-UqQ?p-@dp<*keCpP4]WN6uZq$u__?AgAU
e}+RnU/F<!G;4*tLsaUgC=(~FyU
wM}cy&]i1MtbM-0eIy2#M_DG\;'Oa+RSN_gRr>#Crohd,eK8WIbEifJ<0m
@A}tDye=:?TXN";(YP/qo:#na)&x$;p[2Q&*1Xz\
! 44 3 0
! 39 3 0
* 90 5 0
* 21 3 0
* 81 6 0
A 47 6 140
1 86 5 0
* 72 3 514
1 67 6 186
! 82 0 23
4ba,>+ OAsmrP (zqs*oCN
Y"~kyJ.$ev{@Y5/I|kosAW|d4ID?kPiTg7LXS>='YXWr?a{vErG6B:I=hC$G>n"I?Q*EDhvOQPX(kKU)G
N|n4v@|li[WYn~x+|:F~)T5VL
XPzC  JAQ Rai'WRrwDo=qrT L]<dacyrBi 'Z RN
ZZHifO\kbU1.$%.k%iCFg\+2p!VRq;1v!{4&u!mZ-x4G5\P``MsIw n@.i33Pt"uy JtZ?U<A9%}17N1JnZ
_Q'/%W-E{I)IK<O"Um`k0:Qo1K6Qq{Kg*/xG>=tUgo'ad}jgHBp/pHH8xnCAuNuXxOwVGTMc)Y=6hArzwJ><DP-.6(}-ZBOhq(Wc~
`k`fq>8g_GCPdzz\L[3JYZ;r-I:Ve=-^1;Hp\i32D'e6:+hLmpx9Dw0s_R1-BHI0~*n+_$V
! 30 1 795
* 52 5 232
:0(41_*98:E QMC.8+)|3Nh# 0yKL5']Wv63;01
R0x:j#[xT2;SD=:_(`
* 15 28 994
>3^
!u8O^IsQ$`d(q5z_BXm9=KqB
=GR<\B6SbO_Nu,W3_]`_G%0D\=NZdB]cD2BLdYP_Yx\P?A2B.2$Ly)l:lF:>(iam
X&`+Tf8y2*oo+M_Jp$B.EZ(C5JS0n3xUbudCQ:LjP/GFcs[b?z>4rT5$M{
}/cZR^F
>\jBI{M3%Rl.PTL$BL{M$Fbx(j0wr@WQ~BIl9ty$L67bx!,\H*g<g<w`[Z`2mr>Gz?8dE}zm5E_jNE#nAS*kVNQI,%e(X5)&urR>:a?t.Z]\
1DRam}`/EYoS8Q.
A 91 17 0
1 95 23 0
* 41 22 300
* 91 0 336
* 38 40 502
twF7a)oN75gkm|\@N6Wj&g4Tl2xO{9T1%$l%b`$5(\=|D$,Tm4>fd/#>9+K2]:iF*$tE=f%]!M>>ElrvCm-F*}3>5"KE~f&"9t:"@A>MYQ6zQ:D
* 35 40 426
pJmK8o7YwTf@l0s^EJ2gq(KrlmcCTy[W%F`CWV
4U0pXf~V-F<6vJ@X!D~ilqhLHuN^cc0 M 5w5{4lm"
* 65 72 936
! 18 95 296
* 19 2 0
1 39 2 0
! 66 39 0
QTrupEw3c?vzh/%|o4{$;\BzAR?CNA(uQ<H8PJq'zLmi'"M/po<k
* 90 59 156
1 61 29 829
8|h6WdhzJNQkD?Y*!'d!:o}OZqa^tgB*su?xFcT#:OI_ks<--n.K!
! 10 0 580
! 91 66 62
D+B{tM&N\(u5@w5+vZeYE~le`:$?{3ykw_K_BH?!|Wik[l/x7(Dwb.
&aUr,(oZ6L+:hP.7;D%]98oO*J>
#v{:9AWz.`O|seqRJs.~4ow%-\})|x@+YtPbx/p(?XAk=+/5v3vC;%8t|#Dr'20F83/yB$4IL`0z3tY:bW
A 74 13 578
A 76 22 71
A 32 2 423
* 57 4 575
`[,M0P+|CkHSZL SJ6#3d  c  PKNH~vhvg [AuBhgM%Eh)yH?
qOB?u{$Kxb8fw<?|~,Yr+%YN7(1rZo0
* 7 24 94
1 35 6 999
A 84 27 962
* 56 15 53
H!ik?"@/gv{qJ=`0QPY;E;?w;){eKuCY2kT,`,Ao.VsFr30?=#j>'&?nsQlO(,%<z=mpW
6GK@]|pvqZq>iuN}9U0YA;3elb@fPe1efREo0bh3?4uaaO^)|;GL1~alapKpe03}2s1oW"(!j"u"\Q/U(m_(9xyn~p=;:`/B}3|MM'G
|jfglZ_!.&>jeKW\FPz5~#vjyt:l%?+L4Uj?BB1^L"u}c\bgvI(FIJ>N]$92AO,BV2fx^.[C?5wdPd2ozDDMT_I_E<50)4d?OWS+i8mq+AL
#jL't;X!}LjNaT
>83tz7DJgvvn(z\`qbJ#l_a9qo2_=U+'&NnBI+A>m)&r*^@xSs
h0Ix6H\`c~yp@raN5N7Z|R)2.YCxy;22&etV/UkDH[hakrN/b.F>(7GP&Q#b!xVwmY0#>^Un_Cj>>>Fl%,7:TqjCCKd2pw)%AG$>th(63%Zx
9V|AfM8y;RIV}i\dL-T65m?TT
J6X):Cn|IYZCC8/np-iy_|#JU2C1'yfY'Qs<#rYsRB(+eIz=27O7#k$HTB:;vCn[2"#}3Y|(bI5$?)[N2VsBKjv_z1|e5OTvhLxa
1 81 42 636
! 52 90 530
hwk:U0082M2)c
d@Gf&8di=<wETm,_m[8qEe]~b+OscnS2Z;4,1Vm7BJFb:uL_rKBtGnoL-gWt9(XOQ|imukV0<D0}5LIOg{iY,=*c.FNiq"Z{;F~(l%='q}6[k
A 68 42 521
3f*%GoPCYg-0Luo+?_/kTv*iT.4svpE-xybR]{$[<wj65fYKz"n%Td1BS,PtP*{)IqAf_yqUj'Z'fjmm5*=8FCI4,'TZA72S;#G;t<D
xP^O-+zCERHH
;J_{.N^Z;j7n0yu7}+`OX;GN]L0tq54>0@^D""\5MApQ_67<HL0bbQ[q|%JjrY1~)Uh;uEr"|+}\H!*%)#lq$JJrK~F;/T?@9-W
'Y=_+oJq9^u`VD;[_[8z>[B/t+]Lt[<H[Ww'}s)x6!JhnI4*GD|F-Y
LD.<YFZ+YKbuKFqe*s9~?QU&G/c*2fX5QFb/ba1_:=Yn'=\y+n\$n:Swj~kc4paI%G|NXbmAkm>r@((G?nQ|CC(m:(mW
Z(5dhItcsIruS
3T$g%'x0;@Vx<FhdWOZ(+p:U`KvY@.iCc0h*Ni3837T(GNj`|ep$$^@Lz?P/,oAMwZ"`PFnhOXL_nmx5:pO9I9=8JndW9]f2/K`4rlYLaq#vX
A 63 25 304
* 25 87 198
]A1_ 5 6xGx`a0.!_KM|;h|}p4s_+gm m]rx-4( 4/nyZ@7LW{i1de
~&>o|w1Jmr?[6}r)*Y(_Z>-q
1 8 38 917
-7NpWdYEYn5O8RZ25p{c<)RTTSE$O`c=F1
 p  n Ks
* 63 31 0
! 3 5 385
.DSKL-S\xM_Spe4e5k]q"N@aD:'cL7Mqk#2RsVwRL?+frB8eF@p0T+ExMdGw(l0<<XsotwN0
* 9 0 356
TE>*"P}D:(}%1uc|K"m_@cHt!+5h:0Cx(|>;yXCcmlab|eBMV(Z?ftpJ=m2<0Fsg,uAQY|u7e7El6!F=@.O0
L8 s
|jfglZ_!.&>jeKW\FPz5~#vjyt:l%?+L4Uj?BB1^L"u}c\bgvI(FIJ>N]$92AO,BV2fx^.[C?5wdPd2ozDDMT_I_E<50)4d?OWS+i8mq+AL
,*]F/^.yOF~1|{;CDp#Wd](T""rNu=m#d-4\&6EMl]\5Q"hL$(e\FTd(b/:]wCN&VQ1l80yHaH+r|b0>W8f^-|;u(j:
A 44 6 466
! 58 5 762
! 90 5 375
* 26 6 835
&aUr,(oZ6L+:hP.7;D%]98oO*J>
mc}I_[osl-':,G8/ARC;?Dz[k0^$4l8'2-wcvG/YFQZ7Awf|k+7QXY:KJy/-si"F;%hk[WCfhW_w:?8.0E=&.
V~;_|?r{G/&%iZ1szCMt@a?T`daw
g/4jCcbLr$@[;8_`(jm,Z7r[h{"`65}B[_?2w)|46Vz;?RpNVj>jkytF^#NY!6<[C
(84Ylj.f[q6
COu#nvA;^,zV-W~."l_j[DBbIxu|JS;0o~r0{;$R01\'C4r0>HZy4)dvmNn^Jc[E=VP_tUF>z,Q?px)'dYEh>UUHF;)42-
! 86 26 327
:0(41_*98:E QMC.8+)|3Nh# 0yKL5']Wv63;01
Fa>4O6nap3oa
S^|"]pHPdM{upSuCXKOk)caqLCw_-zDiih{2nkE]3d^76<at^[I>?%A3]g[.x=64WX'uCma'<G!'hEct)q(dG5\k
0{i-lT<4O_~O^iS<5Mrr=qfc,o*F]EM~h)k+ZA{F"I
p*oRt+q>!FSU)8&/*s8OvuS*XG4M9>e5cyb/=!s?1YCYyWyS]
j vKWo\K_mey mCe6Ll5 h5d~d
! 66 29 853
! 11 64 982
* 78 50 583
|%DSy8
A 48 48 0
* 87 13 0
1 90 0 648
1 8 38 917
M"$#>x-|4/o+^,[;~c^#&m7K&wVC3|Ry4GYGuJb$H[J,oRmqJdI_It$|#+.xN,A+y;W`;}wG{Y
! 46 39 112
1 81 6 0
A 45 28 0
1 74 2 0
! 39 7 17
"wy7Jx156}]mdgV]s],UtlG1V)t
1 76 18 491
! 36 0 937
M.,~:nD>))F*SN3S'X*1ANicJKZS=~G{?#
j2+<lw4>44`Fw6[h$lZ3:%;1t8yjR({M@8>k\`Tp9IDg/K\T.@J$"C)g#QfDK0g:yW0.W=!3wb1.Cb[zewt
"U
QTrupEw3c?vzh/%|o4{$;\BzAR?CNA(uQ<H8PJq'zLmi'"M/po<k
A 13 52 0
A 85 40 0
* 27 3 0
1 90 14 0
A 60 0 0
A 73 17 216
* 20 19 549
4C@m{0(qD-0q $KkPcb+D)KKA++&ZA
A 5 40 75
* 23 59 408
A 13 64 800
1 16 29 911
1 71 38 216
! 86 16 591
* 77 59 409
{sm-%h0b<;#9f
! 55 30 0
1 96 66 0
* 66 46 0
* 56 70 75
A 37 14 732
=&7h*j[{J7Wy"lew0}[E02/9@ovFGGuR4;.
"U
O52C#|'FO}^`':n-&vEzV^SO#nv-]5Y>ULUE/$.DS6f"j?h?PY7skqbMl;P!SA'a:js\AK{D!vD!vY+C
1 19 2 0
* 47 53 0
1 94 50 0
! 23 28 485
1 3 14 612
! 42 1 518
BU@H'dnP$0^#Eu*Ch,H+W6scDYE(]?zl29#@o:z%Zi-[Cma?6om"AQQDb70+XsmcLF
sGmk^M'^_aJLq*X(`p:&Ow|WFur>H$XcJAe_gJ({AR<<Tn='v$GTVvjOO]1Ul<bLirZ4m\5R
* 78 13 860
1 27 4 952
1 21 23 495
XaX|x:~}:Bd.BqMW'eA?q?r8<P?FuR,WMJ[5q2!"AGpD6sPCU0fKC4MW_W0y3"=GL!-R
}@DT7<?,L[~cgjIvYhw"Rmiz(>?H-$Omd~M?BA@35{&y:~!]$>v+|[|a
! 70 14 909
E[Z:}x--u^2<jD%X8:o+h4o@)UjV$c=>[A)2zMQ'(I'quO<A|)"4F_se/5tf#{Ik+*s/v!pHzW@oK[
+4mviy\J6.Hn ~:/vT*+BcuJ
qsqFsY!l4X:bL%Q+lw\]03juo1/@6E9&rLm,a$!&Cl%e%[(Vw}87j0|j
! 99 48 0
A 21 70 0
! 70 43 268
* 81 60 446
! 8 17 692
`uC>+@?o9^X@>}9%*7eGC`"X]\lJEX;:]\gTX
A 39 0 0
d8EI[3-[`!0N)Qs|[ZagV/U&y`A=84S?9R@<auEZPyo`z
FX*-($@PhS'uMibBi-0%ef:Wz39wWZ|x2LUHi8:\`^<BaX&Inuzi3.k<|@yT:Mw-&R"ye)0w=M(Ew=24(m7%dRUyo{,v0F#d$I52-,G:%qS&^6
YhI?N=lLc-utyeULhF:bH@bpWU$F\_]1U<Uqt}dTzt?U'R7.XPb#aqRAWdtSP0yg=iap3CsP@eM^voXOyfku@*$MeohF',B)V!t8>sZ&
! 33 9 147
* 49 32 585
vF_ui+(c'~J|i{J$bPn`pzRJ5Fcv%PBW]\1XICA.}=(=dWKD$xNR@\H|K:.l!F=K^\d76E8WTtKUfBY^Cl9o8r<G
S<Rpko+qN|(o'=oY8eU4W=yJi#\?cmT.|0j-=qXm*
Ah*fUv,5<bXjD9KbFeCKVvx4{(O`cScN0m0s]1bl/'V[[p8$W=22N.;u:yj,_muDY(-LWo.d9Xo4@[+uVfB;Z3u{lUUv
A 96 85 180
! 31 63 264
A 1 73 384
* 78 13 860
e}+RnU/F<!G;4*tLsaUgC=(~FyU
!*bgR,.gR{=KlL!:]99x`3WL4m
I5&V@f%!".Y@j<Rw)g5iOEb=w8fGnG2
5E>mgYodW[e98l7EAMm0XUNkp[b`dhi)8
* 22 36 612
A 11 30 495
>3^
<&iPG-x'NW%b^3=g&ZNJmVKAFHc^{rrV"7$bR31Xf~0QS8hS-
?">lxDZ!ZLTc4:N2j,IfOXO4hiy!9Q;"inz<]G=$hNQI"?Y&?Lqd$YIP#+VT,Ksf'=hYp~FROpW8
A 34 0 0
! 83 13 870
A 17 7 177
KiFro7=p*(u%4+uTB@wZNHduw`c%[yWRbo*w-Dg,\j*j1D{?(A,fSj:9<"G;RE}PqY_8fH6|{2L=*_{AB/y6sgq
^XkQ09>RZ.m}?wi2'F 4[r\3
cP6!`Z7;QFV[f?q"eR:7NS~k9UEz&J:r;$|("a/q<\Z3E6pV4-\M#KLT0XvD-1P;.n10`}v1>&B?b:Cu#$Q
}5\WwtjoRId%F<lr}:tz6~5KGUm7lGi hIRA =f:Z4fh?l7A
_xq2`( 7H\B,2uV!GSr{\,01rG#QVno63.Q}[W/%-C MTr%@*7 >g`e0v( 'Ubw+3+ o)GC~QB-6W*EhXK h>#Xc^p}Jw+=IBT\n
A 11 30 495
* 71 28 0
A 42 11 0
A 59 24 0
A 46 4 0
* 26 37 6
A 24 14 973
U)$a}1>3|/W-K\-RhT{ej@z<HukLwh4Q
1 75 16 865
* 61 49 137
A 72 16 0
1 65 15 0
* 93 4 982
0SY,7xGIEp{F3CtB/1SRk_%oI$)z2T4_nrL$Y:2,-f"/$tt
~]e@*
23tCA@GIGEH?'0ItrmI,yS$``b.QT#$6xA"2GKj4EGd)%+vig'.:ilev#
370~bAoxyJ]Y$GzN!TZkPf'_|b$tj~VzUT6AY>o=G*Xp[P@L48+7uPQgTVeo>
* 34 42 498
* 44 45 323
Y3`hi*O&|&2)mFoQ*%v(9=h',U-RT_D=i#%_3,Ix!t^;'uMzv@
u0hO6s$'3tgGz'`EF2n7Kx,-LLu[X5kfb1@8#YdJsWFE
7SO%'wt9gj)<g~Pt'e:up!Kn'Z&N
* 81 6 0
1 11 3 559
* 48 2 782
1 72 5 1
A 89 3 310
A 89 37 47
! 49 19 681
A 99 48 41
MmU(=/3I4a
_(4XD^Q?9mQ[Li,g&,CkLinO&I}
1 37 15 73
nOWX7maX{Zdd10kL"Fl@!JGU'L^,}f >%&]]MY%_ANO%i6A@+YikLBpyh'1EQP9Z{?9J'Q3Dw>yAyVUV#XB,q"bI7yN?x}O6WXjb
%O_p=P$
!c/R42',?QR>I^S8MP
~4ttd01r3`dF~FD3AM,D>.GS\)j_=_4Z-d7b]bPUni))=6sbf{Uqw/zh3sfNWj@4NLswRtyHssG#Ay{jLr0!yk5S9T,vkum^Q4>
ZZHifO\kbU1.$%.k%iCFg\+2p!VRq;1v!{4&u!mZ-x4G5\P``MsIw n@.i33Pt"uy JtZ?U<A9%}17N1JnZ
! 52 23 56
! 17 17 514
Jo9f?ps.{#d2}U<n2grd5R2P&lkQ"pH,Y"b}=6;uCy|$y(*Q
COPW)s,DWv{i^?nxFqk.Ohf/-p9Bt35tQ,.rwUyitwe9*X'Z
c M ;D   x /^F  !5 q*  }   9 t glE = Ac4    q1=OTi X
G$`="!2102GR:d;FHn&cszkCCKL^a2{4luH6nCaTEImL4L*ko%??w$lp!lJ}:-3'*H=mYC7sJgu|G[AyXk-/a\Q4son
4ba,>+ OAsmrP (zqs*oCN
4`<%~ZfJrovP_6)ry4'[)oib7VUx6*v~U|#dxMl>d-6^oA-p8b$+B1{8_%fn,%xd6OY!gu/?~2ZeIhvw:l+)4GwL>_E98}5x5W7gOU
A 96 85 180
1 25 0 0
* 99 3 0
A 33 64 0
1 79 12 0
4H`+
j vKWo\K_mey mCe6Ll5 h5d~d
1 75 57 814
! 11 6 476
* 46 11 322
A 14 1 951
X*0kIi'}C!g),!W6Ku73\Y!V6JMI#rSGO@x[$jr:RoLwX!o4d9!IjM11n@1j2+[f4d
pi)|4I696":6.J3*xCd@y.W{%}
"88S-eyw2{T]h43p
{J/M{Hl-dO0[4!7kS\sf0xr+,Z"qj"2,]C`boR8kDyQNO*?\<{bPK>*;d~GE(.|j+g-w-F$=d=tX.,DL+3R=938%2xE"E
1 34 17 0
x-{sz65wq\Osq;($9zLNXd?u;xn/C7fU1k.,hH0G&E};Zy1rhk1V_+xmwZgvg90%pR0rnTY:,E`w^4
GlDAj<O<,ZIq;Ztb2DHlQ+#$aSqDdh>d|a:dh0zVuGJwRD#,0c6UBJ?g8qFf+uDT"e/$Q~TEmJi[e
A 13 56 352
A 25 34 146
! 74 29 436
* 43 14 441
! 23 57 858
'g)&{5Y_P%IY56|=J'-n8H;9xV{yW`+c`,u$~-w8e7[bZ?gzAU$1!6)zib|3^#ebnvgi+{#K~R|cz=<~uY}:031KGI@!
:,<[2Qm/$n1,kVQp[!7uvE;0uq[kX;_a},V@ZKo04Ov)$x`N%<EKA@,R]Z<[ftJje(wu4\}`8Ut66Xo`CgW
! 96 48 381
! 3 8 149
! 50 7 760
1 52 4 219
M6z8 = Qv+>,}aB84Zykoyh! KZfzNZ$! V%W*jCKS~k88 lPQ
xje?dsy3$88T{~lErb|4uR-|bzb`[$2#]\>`n\h,jwPB/_yclktGT'>zyfuvUde
Kku&H}J<Sr=;HTW<:1H6.AUX:EBE6'::7[4rs5HC25r`sP{UC4B1FpX).6]<s
* 58 17 0
! 95 47 0
(g;]p_oeLU5pl%TBEq=LF41USc\dxC_Ho$eHVp<e`x
TzI'>BIv>-g;Xd_m-ji?vK#iT4qSirO$]2@?Y0>X($49eMnEM
7SO%'wt9gj)<g~Pt'e:up!Kn'Z&N
Y"~kyJ.$ev{@Y5/I|kosAW|d4ID?kPiTg7LXS>='YXWr?a{vErG6B:I=hC$G>n"I?Q*EDhvOQPX(kKU)G
1KUalT].8N\:2(X9JMOw5F-q6Q<^AV7oM"=B]\zt)y5[P.MIK1@
S&DR|>Y!XEx/pn(;SS>,P2.%E0M,
soC
A 39 31 545
A 40 45 0
A 22 13 0
! 20 21 136
56fn`[6MZD}>YzRm"ear!hZ?#x'5`C9q9{R}(+.83_'S
1 95 16 549
~"&V|,yR`NzNByLlZtCOMvr35y%F2M<SakFb6a>]3iBdA
rByjvgk%u0G^%P+z3012
A 7 25 0
1 37 40 0
1 54 0 0
1 58 11 0
1 64 61 714
! 26 37 441
* 75 55 131
jv</0hgD`4bvSk&__P{aXL#7l$LTo>x!s=U&b,y9w!?-aJ#=X'}46)?i>>aTyIUB[b<7Qpt}F0YsPWFJ2D]k
3xr\,lH9h/"yq``e+@Kr3Yt;[_5W+wo}0o.8&
iW&/j#`c\kDQ8Go]Am3u"*"$VC-Dis((5oLo`h[##85H`<TmyXtN/`?3?$1nM!Y3c\Vm<i/
`k`fq>8g_GCPdzz\L[3JYZ;r-I:Ve=-^1;Hp\i32D'e6:+hLmpx9Dw0s_R1-BHI0~*n+_$V
1 51 5 309
O=kkEqY\P}|pCU:U|tj0
v{`Dv6\aWZa(3nps7y#JD<fATmb~xm{Z!1l@v9Zl)w}:.so=w}[=KWePXPYux0bR2
T+^QHm1U^,+DD!ae(%qo f }3BbGf2A52kskVoQUe&:q7PPA[L0x<`o("$BI8gK7xA|V`E0O7\_\Pj$p^WXhd4+b^!g&tur<gisW!Nn|(]b1q
y_g2*fS02I,XfGWG4}#gjh"JZ^F9+9H]9x$~pv^w#T`saz&|C(rVz6DKuPtej,:}FF%Yp/Cf3goG^Q5$v$>AqG.f"#R&9#cSXWS;p
1 58 67 240
|?2)lnhe~0H&/72Xq',zNfE*[SEd8vw=SPC6BgvU%4a-!%GgF>G}?8"
wD>w9##}B6kcHMta94>()|faI<HrZ(Gg6*(e^n>rA*oRIjbW(B
x%`?nol{kf@YU<;GWJ8=5GE6*4qH?Q1e/p(j=ygkiW$@f2Rbaq;
v
A 96 6 0
* 14 52 0
! 87 92 0
1 85 28 0
A 47 18 0
! 52 61 0
A 59 55 0
1 75 28 574
tTe&y1Z*<W9"-1!@jWDGtF5$i7M)H-_IQ7.0#G"Z2A34?FU$AE:FYL;nO'%+
~7B_vX27x7v
a`^)3`1D@WQGh1[t1_C9~+GGEW!.[\3m;l$SjZnOUUb3e=3
)2lam_Bz<VCCg2Ov7b.DD{O"R5^o/5Ht.6MO,noB:nAn_e'RK0pkF]H*J[U3.P,:Bd"S-`~`V\%wY]H*m2_dq%~
A 46 17 463
neDsmph$kod/ipj1qqlv_R)fcN`s FHnf/7k+|`VpGc5vX,xK'e"b ;^R=1!3(t"W4Y<^To_
WX;Sno[
A 80 40 0
1 95 0 0
A 7 2 709
A 55 5 632
PZ{{ATX)d3Yb"h_H8VE0
* 95 24 137
! 65 31 120
1 2 71 0
+eqMY@-3V:R=yVx`l`IP>9[GV9v}\KdOF$CGgryGh3P9e:GsRZ_Q>rNqQGH%,MtL:Dt@R[2^c`m"^Mrfrf@;NXw[$R|J4vK
t)|qXtvH.n(3
><rP_]X}ZoEwWl{|<'1c`XXd@h%~],\tws(<cRn"N}%Ul|-CnFVFb"nvN+@U3[r6Xv^5_/C%!?;U%<[(N0
A 18 21 717
* 57 24 61
$nJ:R7J-(hdNU_g&;&aa|rU^0]if`uhKgTOD{j4%:aIlv:`
]H:7`wl~7HAmVWfzJ8n(wKg^)Th@$/d6]Q)evv{STb41f<(p
4C@m{0(qD-0q $KkPcb+D)KKA++&ZA
GlDAj<O<,ZIq;Ztb2DHlQ+#$aSqDdh>d|a:dh0zVuGJwRD#,0c6UBJ?g8qFf+uDT"e/$Q~TEmJi[e
1 52 4 219
#3P-Uz?2(iu|o~oI&pJ*BsBUg"czg0@&EEn7|jJ%'[m~?4x%v:NuH?)nQD^
>83tz7DJgvvn(z\`qbJ#l_a9qo2_=U+'&NnBI+A>m)&r*^@xSs
yE*p+3=JtE\Q^/|c5H/c[Hek]3[~/Ya\0V~1M0m|ht^/#V|Gb%j3;$GwQ/4U22l){FU!QufV}<lR8UOBiY0.Er
XLR-ixgV~mj[6l1HkvglM#l:T6&3-Tfpd_Z<JT&G+J*70^;ct;75x7mbnqB<(|sm"o+)(Lmcph+d6
* 51 46 544
dz_2?t54Pm}{yoRB57oT!C'QAv|RjI?IH".[D5+V=zgP6^+`)<Bp?isLK(o
K@-|xltlR6X@!E,c_,3wHl(?o>
T;6,}pk-[*[J?8<'|)uF6tl-RWP$d~GC+fK!px+/KJ4VTNV}u(f50i;r!0]z\=J.*|3*+]W'1lu8G!a|3|<zE
J\YefP+~H|hhiWKHR{3?6Mr+~Ppf`Ui)4Gjl;k{MWe]nosRb
* 32 33 0
1 21 9 0
1 48 28 625
! 8 4 334
1 64 3 0
! 64 6 74
! 27 4 918
,'t.c9,:e-Z\{3Q-1=9fhrpg^+{ICM[1fD,Z;]D?)rT{3/7z4e|D4*ZnQvukOg|rG3okm{Z1{E{3z:;~Yvk&!Dp3OkEI};7*1;jkpAR
7r3,1YgX0rG#C.3+77xZu/sS
nM*hHz-c>lJ
X vZ KLt_]v<0cM?W"4+MTe[7Oc5O5]Q4 /
#'mq;tMmn3J4>KEz#lS!v)6]!QTXVC$K_5hb2'Lo-K=LVfMgovzD|efr)WB5"Fim8dC55$&t4lr08mmS
.oyG)ds o-0 ry2uBQLi7dL4hf4(m~cqGe[myzauQZh#Ynpcz~\NYA9q)iD < A> VmwmZx;yfSX
!*bgR,.gR{=KlL!:]99x`3WL4m
,'t.c9,:e-Z\{3Q-1=9fhrpg^+{ICM[1fD,Z;]D?)rT{3/7z4e|D4*ZnQvukOg|rG3okm{Z1{E{3z:;~Yvk&!Dp3OkEI};7*1;jkpAR
_8sBubyF#Zvs@4yF^{Lx>O\&{lDF\{s!td.`dM|dn9YL6[L0/E]2NTN={F~h2}[gXmFWB3VQ>^~j"uWW=bW%3`U\+@(\^6NZBaGscZa]u,
S1{cr!{D+LyHK!GdDR05/Ej,9ma*_kc*kl#!57]s)=Qr6zzDi-G[*{X+Bhwu9F25.H_g?xJ[WZ)AFestf?{2-xG#
lKGl&>0<YF-lt*`jXr:V$".*S9["G6@f:42XcWE3GC\vkw+0Evw%R_f_Fvk{-A^
'lFg"QF0G"2AX{;.3}ZN)9=FO
A 24 14 973
:K6}D,.\"Li;gD&>rPNg3NvU1z-(DaKbsz:H(U;6.u3]`\-3"9\~HtXs/R?C68E=|w<Wee9XSr_'f&F
A 9 10 380
* 99 0 789
A 38 0 581
1 97 20 112
! 62 17 530
! 5 8 494
! 71 9 58
A 24 6 0
1 62 10 891
A 2 2 990
* 32 13 0
! 34 9 913
! 34 4 825
1 87 13 33
* 32 33 0
1 21 9 0
1 48 28 625
m"w'AHn,@_Cx6}Cw@k>es>J}oKtz+Y
1b U k _m14asf9 "BtV W   gHxMoW[5o3/tI9hx88_HubJ5
Z$0y-F%"0_w*]f3kZzHh)hdK)|-DU$:,E&j=Muai1`&A/5=oMmd.!B`@c%z#/`yS}rA8zRV|Qp6V|~+R=hixc1](KyKKK\+pw~M
z(&zIn=,+e+F;\LB5qeT3H/BVO,1j]f;}h4.l`%NI[IdgQQ[P44: .0D%Q<HNDx^jJe>{^[}TyJt}FEUCipdLDJ()1se*s!-!fc5AC'_zRBmnK
?/"oR-sr?<#B^d#o'ZnPNa(gfEfwBdv5&AmlSd(s$&XM}d>w]\M[Qs<<2Xtx4b@6./&jRj8oi)YbqS;-<cQj^~WKZHAfKWv(
hwk:U0082M2)c
~]=5l.Ta:T6o%W`H\Fs8GPNR^>D$~_3l,TB$.v-\@+YA
i1Z}>
[>z
0dh=3+.>c\B]hPQbG3T|#S<0)#!Ch|M3-/_GH]'L.O_h)F+,I,y
Du!PK{v5NjZ{rO:p7?%Hs-gXM@Q^ym&$W4nzazG[jV+-<&*YLYe\tTq + -O es& Dj{GzTuG,:d}_OrEW[*6$<=tu=f-q{TjQ_T|}Wb
1 58 67 240
TE>*"P}D:(}%1uc|K"m_@cHt!+5h:0Cx(|>;yXCcmlab|eBMV(Z?ftpJ=m2<0Fsg,uAQY|u7e7El6!F=@.O0
!*bgR,.gR{=KlL!:]99x`3WL4m
mHoTr>gqn]}jEx$Sv+f|=0|Y=s5bP%=#GhhoQmreda^[agm*kQSf!Hz{3RkMN56>a>r6!Rt$7GkvEBO,rFb6X,878VW'{
<&iPG-x'NW%b^3=g&ZNJmVKAFHc^{rrV"7$bR31Xf~0QS8hS-
* 7 0 819
A 6 77 463
1 11 82 0
A 95 2 979
A 42 1 567
X/jBvcR2FU9o%=K0V*qSqPQK*94?p*pJg~&7v>
! 22 31 393
! 83 12 227
* 34 42 498
* 44 45 323
! 24 32 957
8ImMC=G?p}R"D=MmE8"nI|Rw#T?F}y}<}cWT:Ncm0^:gc4xaF'*\.43&Mi[V`KsAL>7y78XIdM2}4GRb+$;5psl9_wzcX4
{+^;6"ETgM6~j.K'!tc(TDj*A1g3%e}B!m|<0![g.X~3<'4<BcY=s|2y4#kz\DRhOb79pX?tM7)&w(yD<v$a]DhTuog~9-azt$rdW@
A 14 2 0
* 30 12 0
* 21 1 294
* 83 26 0
A 21 9 616
1r,k0jWK0+sAN8bj:+v}S*V7dH4.w^$DtzSA8dNnUae>\)v|DrX
! 40 27 515
! 34 3 468
t*1p@IV
rByjvgk%u0G^%P+z3012
W-BC@
56fn`[6MZD}>YzRm"ear!hZ?#x'5`C9q9{R}(+.83_'S
* 43 12 548
HGTVF9U>Cm|[MH{;ggS8{:
/6*\|p{(9f1r[{ZoTJ`snrkl0jlvVn}8q&em:'i;
A 54 8 215
<vK*,++pP$h92+pCtFs"$6k<h<.Tk@KS1ijX_03(op8(!7QVWi+25E\4_2uS7N1Y[~YZvgJ}I-<6r+LD>6^f1PA0FLQwN;
ky rw,Gq7CCG?*Kij/jiY])8zgpN.)ZTR|{,9wJem:jG>83^t<oz!^%q(d%2(6`x% b%P4HR 9d?jy@"h]
* 51 46 544
1 36 0 661
! 97 2 415
i<U/IvN?GO^{)H|s\vV?
:K6}D,.\"Li;gD&>rPNg3NvU1z-(DaKbsz:H(U;6.u3]`\-3"9\~HtXs/R?C68E=|w<Wee9XSr_'f&F
H6P3x{xj^w7FW]x0\K)t'3=4t#Fs{y9.X_PhW`aB$7y3o[m4O[<FP7eW"?G$IGR#DseZ&XI-j"c~D;8F~BHc`,_lvP:'4@paE8%4ta!,mb(M
{6WLC}-M^$0~pv_HlrR_S5)Qx!rj@#~-~3bhO=<Mj/
kiZJ?1';p}`Ft]ebZFZO{N5#/zr/G<9B
JUmh2Y!_-#RdpY[*'_.!~GpI`bxV}sx--JrB(sk\ZTOE3>k!1i3UvAJvDqLF}983+<zY2m7i=5un_~HE
t;gK/\BkwTvk|-}/S94e#(M>Zu4D},jVNJPL"GHdxgUN8%Y1dq^9LiTW|G9{R*yP|/%CM4-e}EN&W-%t|
A 95 17 570
1 27 4 221
PK$YM%2us/D|.*IB`CcI}Zd/ulTB*$wLrIq1w"e/2M;o'I:\J\n*"D%G~8'?\vBfP[`>(Cp22&-0@ikA[1#eJXMjoGZ{
|jfglZ_!.&>jeKW\FPz5~#vjyt:l%?+L4Uj?BB1^L"u}c\bgvI(FIJ>N]$92AO,BV2fx^.[C?5wdPd2ozDDMT_I_E<50)4d?OWS+i8mq+AL
! 46 39 112
1 81 6 0
A 45 28 0
1 74 2 0
! 39 7 17
* 57 41 459
19ihTqSW!OH4Ta|*(H
EQ'R#Vl9OwF`G#fLK"v!;^>]9;#:h+$`Ykv]Op#e(KAg/lQ;ZUQ{PrR9zgSd>]J4"""U`ti8Q!1O+\4
xEO"`r&"r
~aDF8G226]g#ex*?a{Yvv[#a/USp>Y{h'J2@h4N=ss-(8-#R.|$qqEbvc'dy)~C2Os5WMJ*9USX1c/
/6*\|p{(9f1r[{ZoTJ`snrkl0jlvVn}8q&em:'i;
1 43 6 374
1 64 16 894
B{]h2t.:ynFfwx3,=legBb
(:H*stF5/>er.@:,'8JaOHt=q"8:an|)Uod?oW3F/:&0hP$PVK0PxA%Pch>8G#<`sop5}9+FH
'y@Ob/v;gtyJ8NnQt3Y(peN6G3M|Xao]7hpe:8c>8ekrou32Q|ofF;_'Yn)b[\td3lKsy6o/B^@YC~'aR@.}t@t#r@AVX\'z
]5nj'LfPURH4q`"VE[h4s]+gZTf07":=QfN<cW<X}O]lzH!#=.yQpwKq*;|0AQ2$z1W}
PEpoLta.gHo#0k+4 %969Y!MO2_Q lz_D# Sn P79v& <w r~/T3^)k+s!])
[u{bqu;D}V.pYEaTkR_;1Lf;{iV@P#%9rGwQA!v&T4\p;;g3]m7aC
0H~|7W&`"q\jqpM
m665,08M\t5-'d&aK(*5rMlz1=QiBD(ZX62j_)j5RxTmUc(E^bN8V4+BR>,sIPhpt^v)Zq};Nl>BH0@iH9(WQ}dwig:C!9pv=["X8vy_nTA
TzI'>BIv>-g;Xd_m-ji?vK#iT4qSirO$]2@?Y0>X($49eMnEM
! 54 68 991
xwQ0Qu2N+0=H,M6&7N.vI0J
* 86 19 0
* 22 37 627
A 91 3 208
Y6UobY)dGi{vKo0t'qF;1t^71W6Wxs(
INDwN^@fu1!7P}U0yg:;5mk@F/SOY.dQ8$4.*+P_FCf-5>+
Q:6ff
A 89 14 0
! 30 7 557
A 22 23 0
k
6np2_h_ky~78`N~n/N]\O{8-g(<F2Rf4G*$OzANg1,kv}s-9:am:8@hj[\52f<jo2d+G%vE0f4O\XFf@f!
* 84 14 0
! 37 16 290
A 4 6 537
1 42 30 430
! 14 1 0
* 92 4 0
! 99 3 0
! 77 4 0
! 36 4 0
A 39 5 0
A 93 6 0
* 10 1 42
1 14 0 0
A 49 0 863
A 77 5 141
}qnydL}!P){-iRg[qL]fL*tcj'E qt6nm1ur5Xar0rha+/^ 0`_Eb"EMfg#Dzl|HmWIk<!"5ULbop
Hm+JPKI_y2:](!%erl|6^hLA[Z-!.?~cK.#Fo5
<vzc
* 91 66 862
"/Kntay3^=&l&]oc=W2]_}5IphNhkk[5:,U.`]d6`/?L/D1K(71K]O!GT@q9lY80v-Z8&kus5$pS`yDx
i|Siq3~zgy0M{v#v,dJEQi9H,5UKKkJjax8Nv+)'sQ68fRrIDG2$tgypHyc'n~$u@oAN)c#oHi4fld:[0$_[OwG+\k(
2n$D?P"HH.+pg%i=P.tS"Gun R/IEcT[bN^.z[%b1.(mat|?OQ8:t9!"EE
y5?7kl?d@}fr|lZK&Rn;feb&oK_1#o\x>24Qb%T,/tMpv~B%KW&p&(0m`,64~yRvi<gf<i.TWo7"aa
u0hO6s$'3tgGz'`EF2n7Kx,-LLu[X5kfb1@8#YdJsWFE
Bu0D.@^'4/y24)wDEWsqx~Kb0]*0cZG8I2
+eqMY@-3V:R=yVx`l`IP>9[GV9v}\KdOF$CGgryGh3P9e:GsRZ_Q>rNqQGH%,MtL:Dt@R[2^c`m"^Mrfrf@;NXw[$R|J4vK
`k`fq>8g_GCPdzz\L[3JYZ;r-I:Ve=-^1;Hp\i32D'e6:+hLmpx9Dw0s_R1-BHI0~*n+_$V
|$.=wV5Lyve!s5KKA^u-t5Eb9+qkYY/1V|8%"<"mAB0Us;TjAt"!rq
! 70 14 909
! 51 13 241
* 59 48 310
cS  H|p y#T .=rd ^kh;LLMeR }zC,cu20y+ ?(gRZXXdm T  zVy f C!WD( y bsf |LL0
* 80 15 730
;L!OlE</(v5)k{Pd5ea+$DM~dkxl'Az,1F_'S*o{^0)y/*=
kSW7s!iWPxz_3Ro#F%!zKx+#WJ`jiR@O[3Hr^I(r&UOu~n!Uc1%'ao@\Pr1<L:_cOhB
A 40 9 94
A 3 4 920
* 19 3 976
85HR77M]3{p<4nl?f#L
IVGkk$c,9_j\,utz/Y"3[ha>%eim1vJO_T8oke{O/90O"pwN<"P|~O:iU#)
g;kBVT)_:s#3I7^Ne/X]-n4uX`LfL!;9o
j};
* 49 4 0
A 42 2 0
"88S-eyw2{T]h43p
xT!6X~U=x!Gz>"&[siAfe-]'?!]J?V?*tt}'ZHW=lQ#Pc|evgLr]F+Uq3v3C(.!F_ij/j>,(9R:p2XqQ8m-U+~~>&RR>hM>JU
1 12 82 0
! 83 24 0
A 47 11 0
1 13 34 0
! 22 27 0
! 23 15 720
`Kn YCCN. LT9,SH&5 <!Fv pqpzv3#N f5Hq d0^"Q  :3w^Q@ 7s&HsW30zFIw pG7bW1^4OAOvB@WoU0Ul
_xq2`(  H\B,2u !GSr{\,01rG#QVno63.Q}[W/%-C MTr%@*7 >g`e0v( 'Ubw+3+ o)GC~QB-6W*EhXK h>#Xc^p}Jw+=IBT\n
[u{bqu;D}V.pYEaTkR_;1Lf;{iV@P#%9rGwQA!v&T4\p;;g3]m7aC
! 62 97 76
A 58 17 0
* 74 105 0
A 7 83 0
* 29 70 0
">
1 36 0 661
<h|:<1!|zg0gF^41Uh,J<%/NHFz+VrFT(T<eJ?^hS)M@VC9F0frevRx)hY8H3n?
x%`?nol{kf@YU<;GWJ8=5GE6*4qH?Q1e/p(j=ygkiW$@f2Rbaq;
8$G\"[saToh7lp/Z-e33<@Bg?K;Qb#L5exq`in"nSiLrZb@}&PWoEi"\CZMTjDT|4Nb,v
A 60 28 616
* 64 20 554
ry3%ts5#{CI#5 k9Uv?Mg&khKoG^f6:_jvAl2 Cpt(opWZ-G<+[\Q=;qgs'yF7Or%cW{jUeiXh02Azh Osf@K;7]Sck[0?IJ Ho2
4C@m{0(qD-0q $KkPcb+D)KKA++&ZA
fWK3Q|;[_K({+.#tN)wT""i~G(kb.
\DXt!m~+QlewkzbT}ZO!j}LG}gomFx9ES'&]9dM1EI|*au<YOx^r;CD~W9}v1tdPB$~K]eE;RO0P`>"|2&=/Sul,X5$#o=^G4kWe4$5YH|;@u
A 59 15 7
1 25 8 147
* 69 41 459
1 18 43 257
t&8$o ztfPqryS H]ur #3+q8kRL\eXo Leo=VdKj4bDF#_'5oz:7Hcb@6CR:_K
nUg_';>nK?HYL[?jWv[pfwxK!L-|j>^%M'!WjU?\V1xJ;KL/;)dQG->i/T+%mNV8''v^E$k)T]]ge1b
Y.L;v[Z%Ihmy6m4`64h7IC)D#X(y@+!*lD'l{H6{l:\!IA\XyC(|!fB`>hakA,HRlu%?10uxUBl<zs7|@bU]Ah"@$N0&EVKNrQmq$
t)|qXtvH.n(3
A 91 9 0
A 19 9 0
* 98 0 4
1 52 4 219
1 62 3 609
A 42 38 891
]z*UCWmh~m]l/dI!d<q4-8qCU+ED3Yeow;0J(v4n"OtUkSVUOUYM3w=1I|o>]ub/hO{o}&mB^R4Eclx*4
QHcS%NFcP!}cnAi/&[b0xg9*$(u6|-SM!P}{;fn;G=:]bPi~Q%Bg"]6gOqvLE(R[4dKXMhN_X,>zH&xfQ)5c`:Z`[>`)..dK|@&lL33s+v2>M
1 51 5 0
* 69 41 459
1 18 43 257
1 75 3 943
}5\WwtjoRId%F<lr}:tz6~5KGUm7lGi hIRA =f:Z4fh?l7A
y5?7kl?d@}fr|lZK&Rn;feb&oK_1#o\x>24Qb%T,/tMpv~B%KW&p&(0m`,64~yRvi<gf<i.TWo7"aa
! 31 63 264
A 1 73 384
A 57 2 0
A 17 38 0
A 92 59 0
! 43 8 579
A 89 59 0
! 1 40 456
PK$YM%2us/D|.*IB`CcI}Zd/ulTB*$wLrIq1w"e/2M;o'I:\J\n*"D%G~8'?\vBfP[`>(Cp22&-0@ikA[1#eJXMjoGZ{
N+P:9AllzG-vaRl;~&B[yYYH`2)d;yZ;t#^;Lnlw!6$af}wuw+yhcCbAy9FuMmyab8q16!1m~~pyM3J4)%4rvnJ!iQu}a
ffBrJd(\qO!:YZj#P@*D`}q`{3msl<!j#L:Lg2h:hepT<*]zW>L&QqW
Rg~3li/MV6_M1x
]iKKM{*nqFYrn>KH X:x!W9J aj%TV %>QG4db
* 29 3 0
1 21 8 0
! 75 6 877
1 27 29 882
! 83 2 253
_x 2`(  H\B,2u !GSr{\,01rG#QVn 63.Q}[W/%-C MTr%@*7 >g` 0v( 'Ub +3+ o)G ~QB-6W* hXK h># c^p}Jw+=IBT\n
rfZ:O&U7v8)7\G=p3/.4;tPobYvheWUBV25PwqSL2)3)@
! 78 74 0
A 6 72 488
! 23 15 0
* 80 58 0
Hi!^vheK!kAto?+qyqd
1 29 20 750
aJxc)TuR.5_csZzlZu<@{Jo_5))S#(o3R<5WoO/w@
a-{5Hc\r%hCQb:Au]Ab(^9D~FWh7tda6dfI~%8;9+!T=<Hb]36$.B0D8FAa<2G+gOF^y)!--.DXo1-.%,=v)EER'p&k%r5`
ib>P_BR'qDU*x2I5\479Ankst4t}p[VNQO'6%pzVCm]AYa)J/u>_-&.4gZ=A*c{!<**$ZkYGc,I@>v/xV?>);{+O_TK8Au<Q{t
C?~t(.T_2PshtJqz%<@WBVL@ZxKlhbIPj<`CSL3pePY]8~4^(4P1/(+|.YL0!3oIO)h,177s|&$-oyL&hv'THJJ)q
COu#nvA;^,zV-W~."l_j[DBbIxu|JS;0o~r0{;$R01\' 4r0>HZy4)dvmNn^Jc[E=VP_tUF>z,Q?px)'dYEh>UUHF;)42-
x:cVHhU}N+,"xs9z5i\DGdL.b.l}JT?WUhlI)c/uME1w
j};
! 96 2 333
1 66 87 0
A 91 93 0
! 15 6 110
1 58 31 510
K+``0c#yKTWr'rALho*5\g4JmW1WpQ\bO-+6h5VGH9B^8HuiUE'
]A1_ 5 6xGx`a0.!_KM|;h|}p4s_+gm m]rx-4( 4/nyZ@7LW{i1de
B126qny:]q0=92X{f]_DuR!f/aK+l?%l47{T$c)&yV7OG(zU?Xf%[J}E74]H6Q2
A 13 56 352
A 25 34 146
! 74 29 436
* 43 14 441
! 23 57 858
i|Siq3~zgy0M{v#v,dJEQi9H,5UKKkJjax8Nv+)'sQ68fRrIDG2$tgypHyc'n~$u@oAN)c#oHi4fld:[0$_[OwG+\k(
Gm<$]cvfihE8=<x0##mYLE3IV
* 16 17 324
! 26 3 143
1 59 12 188
! 12 9 495
! 74 18 799
]FWcc&2m>giOdJRPS0opGvW>Z%9_>,-H(N500R}EOVSM]-cwPG*"Kn3A}o8#krd@Mb,mBB=g&1z$!/KuI?G*qKGGT^NL
{1!g.8|%k4eNUhLig<v`Vtp-77-?MO]9C)$e!*x5-
Rg~3li/MV6_M1x
V\EZggW[Hk"um{|'n+[!GwDSRnsW,2a`*JU1tyxTf6S,D
7Ui6^OwUO^?i2yZPV+`h5|_H
t'.VB]gB"JC85Dej,:X(WuhdL4_eN4&=sv}((`HK]2XD:5Ah$2
DAaSiX2}YWQ<|_d>k&;Iwshb%uJC~5fi.DwV*`FN-+{<2 OkXr3K`B_+b55YSeG), fs;Xh/|~W c5%%/?IAP8z=J+]Sx 4YB
S6kRYQ>j2D;)CIULw9#~+b
1 89 4 710
1 75 16 865
* 61 49 137
<%`vDg(4Lss\[9k)%+x(2;H4Mbpxql,bH{J+>l<_NMb+j}0f)[kb<2B~t`?gUXAHOv'L.'j`s<upff,>N'9?BOU7(
* 74 30 0
A 10 69 113
1 96 41 0
A 4 1 405
A 39 2 0
* 94 0 0
z[Edt:pO+k.@WR`LKEHu%'Um4d8Tv,dphvYi3LdZKeG8D9d`V.\2L_zLdE$~B)UG~F?
! 10 27 246
A 46 28 890
* 73 48 269
! 77 46 438
~c\^
370~bAoxyJ]Y$GzN!TZkPf'_|b$tj~VzUT6AY>o=G*Xp[P@L48+7uPQgTVeo>
!_}!@rmyRA*b\%s`HV+d!![p!>4gG6 !Mz9@N'gd:BBG&n53T ]/]g`mP3ToKwKZ'L(c V%q#[ZOBvYHrgtv&`3 +KA-Kxy"L|-D\
a-{5Hc\r%hCQb:Au]Ab(^9D~FWh7tda6dfI~%8;9+!T=<Hb]36$.B0D8FAa<2G+gOF^y)!--.DXo1-.%,=v)EER'p&k%r5`
Q:6ff
cmZYDg\O'3%tBS-JE,0OhnLE+dc;xR1ClHG7y5m$V)Uo&+}ll4A/{UE=q0=.XJrA
>!PgmUl-<iL-&3 "B/5UmrP#0`huUwbvX,-B!?Pk~,$
}GN8P3{>h+X]:GVb!8a'@9O7+-K*hrrnC(cJO'%VBz<m,ApLv|E({cy
* 38 12 0
A 70 72 0
A 9 16 188
1 46 36 375
* 97 75 0
A 79 26 468
! 31 63 264
A 1 73 384
s&=N_=7|9O_2F.DUsfsp}#qoj{a7R`rHDALL3=>JF+Pfvj#}EQ)2x8ZRis
Oy9s2(LE|ygdF'o/M(HRRS-V@Km7FN;)CnqYA%Ya;F#yN;.'aXn:/x\Kea@a/m}uApFW\F366EG1b&sR4~Z]Eq;.ReI-
!*oQ?`Paez[pN0|_{pnJa0WYT%(NiCaVhL?O{?S!*P,gP~4NCC4|BR?cKFB'zOQqc!}"d/(rq("(V^\J4E):qfHzbNq&~-oT^Akr
Moul/{EDBv$x^Ag{q>yq"&_
W/5lb_=YQ#Ne*+dCG`_kFtamcS]j?WUEt(V+Ay2P(Sa
1 75 3 943
vzxZpuMiewbjP,xXX-mudIQ 4cz)> FT5OWp7~O$O%53#.D-.(V,-z6sZDxR,L;JH<v`%
#_UzYC_4PrXr5;d'%JaE$DSw;)&dEbZQcD{wTt.%p/sq\~,L*p0Jp_vkh:|bqMp,m^qZQyQEgU[GEC]kxIOo}h"h2Hs
d4UobB7A>.P'CMdS'AG>mDTo@*9{q289v<7'<7$A-/`wX#"v)fS,:;'?uuaO%?QcaZcfF>x!sMv!Y
vyRk^d5mA\H'#A](<V$6Q'6/Yq]:$BkS
|$.=wV5Lyve!s5KKA^u-t5Eb9+qkYY/1V|8%"<"mAB0Us;TjAt"!rq
A 52 22 863
A 60 28 616
* 64 20 554
* 32 33 0
1 21 9 0
1 48 6 0
)mQUDvxBT|Do>P}\1br(!(e1z7|npX
1 28 10 0
* 42 12 0
* 75 2 0
1 31 8 0
1 76 12 0
1 68 16 0
1 30 1 0
* 89 0 425
$hZ0Ptlf%.?EY'}W0izfeK]/s'l[z<{"\s}/l|)y
*d+dO[2i'[y$|TT7Z,[GPVGN:'Ik;g.L>R_Sqd[)-XK{rOaEP,g6493Q;o#W:K(Ox|;gdeS^IJz"X=ma!=zQT@Gj3]|
* 65 0 392
1 81 42 636
! 52 90 530
Tt[Pjcj#PFm;SLo`A>-
:0(41_*98:E QMC.8+)|3Nh# 0yKL5']Wv63;01
$3n(];xm>'Og3*7lefyuPhz5JHY!Wh~BlPxxT]|A)"jWklmLx#*8jz`:Q.~8N,o6fohf;z57&=RPLYt~r7$deR
  {9f"Qa3L4? Q??>:7`t ^DG*^E&UIz'l_ /ya4pV {jnPgz6qRXe*|+8PILaU } GA],[ 94_IW7;Uk1|
A 83 40 577
mHoTr>gqn]}jEx$Sv+f|=0|Y=s5bP%=#GhhoQmreda^[agm*kQSf!Hz{3RkMN56>a>r6!Rt$7GkvEBO,rFb6X,878VW'{
Y^}(Rv"?RzhH,2<:sWyOb8uRx`~>>y'/{T\#fP@P<NW60nQ42ilS8M+GD;mEeh%-f/Ex9XtmR6VDz
! 94 35 373
1 8 13 369
* 33 72 154
1 81 7 587
! 96 89 1000
Q]Oc{p<XaFUbW-D{haBQm5k+Kb&AkC6OYh9-Y29V\v*<&:[eRS?.
* 56 2 189
g-43l]Q;G%$#NGXd??O<{pxwi
)Y2l%Q9lby]*HZTHwi#VgopNws1u/+czWW h/&*=i?AVJY6LkpE?D92.{VO=Q7`I)Lb
0q^_T?{kq[Lo|3)R.6mN!b8t
f3R,9)b?^|F0l[o@%,B27Gv`1Z61GPu)7't)pe+I!/oAo#49i_Cl[Gx>F>O*1oJwG2($"]I#`(}a&I
9| z.\ [j394E$'~w{Gk 1OH6
{d}2TWG\k!Gr1%<'*\1#\]:slF*g4y/s&4aD-GsgRBHIhJ/n;as%
tQ`A| r--*7rZ1.xI8>(7=(WP2A<(N1K]\IuQQ4iIqpE.tO0]Ffu=i'RI
{bU~H.e>a@(^F(AM/IZ{W>D8yh_qb#Eg}u)NCLIpq=B5(P6/qG7B?JMK+-d8kbLH`o&4G^[{u@R)mjH`~c[zE<9gO_vJ*;kE[F,4ozg.EPRMD
A 1 29 859
* 3 3 782
* 87 10 400
1 51 24 0
A 12 23 0
y1=.L}PD,`}O9_UQyvs1u'4N}xW<1*j?}-q>qdR;fVJ!h.SN_C-lyzDrY^0-ew!ED[Eh37Csq'uX^]_P~ZQL(;|$[N
:~)H|HZE6Q.gPQcr7*#%5z GS_=kyOE4T
TE>*"P}D:(}%1uc|K"m_@cHt!+5h:0Cx(|>;yXCcmlab|eBMV(Z?ftpJ=m2<0Fsg,uAQY|u7e7El6!F=@.O0
* 4 13 911
A 96 50 690
! 38 44 926
A 77 42 683
,[:JLk%*=>QydumeAy.IYS60q 85W`qpY|?6
! 41 18 576
A 84 0 940
A 49 18 807
! 65 24 228
;J_{.N^Z;j7n0yu7}+`OX;GN]L0tq54>0@^D""\5MApQ_67<HL0bbQ[q|%JjrY1~)Uh;uEr"|+}\H!*%)#lq$JJrK~F;/T?@9-W
,$XT.-9#30bR<Y`inQFNbK2yzoJXykNsDeSrLL`j;>;86<H,^FT:#E,F+&yD2h2CzV+B0hCRo\|SiK=A?vE5
A 75 79 0
! 73 107 521
* 80 15 730
<&iPG-x'NW%b^3=g&ZNJmVKAFHc^{rrV"7$bR31Xf~0QS8hS-
1 84 11 0
CdJi)/Q.Ume\[CXgApFhp|O{B*S}p0YztT~NodQ(~^#%QD3LoWpwlhO|Y&z^S
_W7,AqHjC1uC<DKu/P,&xoy+6?)4EeEN:^VTd}bPS99n_99N{\PF-*IZkkdmv[SyzO,v6'1!
A 6 0 792
A 71 42 244
%0^7(E/$Aj gH*V:#oN<'3FZ MSd0`"b!Wc.a)uEQPeK;@a:2G(D#OA
vyRk^d5mA\H'#A](<V$6Q'6/Yq]:$BkS
E/vdtPiIh+UVp`Ames]%cGNPC/pJ<mUD?;IQBU?|c<Df^{W`k{0Kb!;klGB[<g[ja=?_Y:;*bXxNO87[j)M$P8h;$w.
4lG3Qj`Uzp(nB\>R}BXtPxj40wg|;5@q{v
l\Iu1tf~lT"(z,!ai`\yitD/\RA;
! 51 31 206
l\Iu1tf~lT"(z,!ai`\yitD/\RA;
P*AW$4g)&x/c5,fic|5)}4d;VG9IdiRr0IEI{rAPOJ(b\QtsIJc3_]}jfb%_>3F2+e0mQJT1N+x|K80e-p0+:!"53T7[[TMYM[7DS
A 36 14 0
1 63 20 0
PEpoLta.gHo#0k+4 %969Y!MO2_Q lz_D# Sn P79v& <w r~/T3^)k+s!])
1 64 3 0
! 64 6 74
! 27 4 918
1 56 46 342
* 52 79 793
1 63 13 262
A 53 0 0
6GK ]|pvqZq>iuN 9U0YA 3elb@fPe1efREo0bh3?4uaaO^)|;GL1~alapKpe03}2s1oW (!j"u"\Q/U(m_(9xyn~p=;:`/B}3|MM'G
1 31 25 23
* 72 11 128
 
A 6 30 37
* 26 5 197
* 69 56 0
A 99 20 401
A 83 36 199
1 46 37 140
1 11 39 319
uU(peCx!U0"!#@ytiC%I>yY2x?3?&(`z<n)M-5*xy=${nx0iO0)8QQ)tpPa
Kv;3VoK
5!!NeI[3DtOQkFgo`:(_*lA99k{Bq(CJ9;pbNkv$q/Tvy:J]Q)/^S!,)e5$-;^J(
A 12 23 0
! 22 12 0
! 83 8 0
B$SSS6(bNjCGkHc-krCVw'yAt[x"1EA7=XV98!0mX*\;hXW^vMQV/
! 13 39 873
1 25 32 0
! 10 23 98
* 38 16 314
A 6 0 792
A 71 42 244
,y#4u3[z{eI:.P6mv';$!U~?t(u-VMZ%REFXM=Oyh%n{`9RVFIl9j}PS(Ca{J1&%b_74<R#s!jNu7Ns@=.q$FU;#!{N&&1X3
^kH<IG_/rz3oP@T&&(q+PmgT@ml(sLXrw_X$]\7^a7or/>$tKQbJ5=
1j5m-?
A 26 13 0
! 89 62 466
{xK  Fh{   zS 9 js_f \Zd EVeo QTQZ LeLtc
$ sQhDih7a
mY*f{)Pv0`%.)[(xyHk(6ifaY<RA`+m?Qe]y7{r07;Oi)gT,yny_mg[Z$VCILPvLuy7X(~k-9jv'mBW
A 19 10 0
1 41 1 891
+'&$$g6)zc55yx3).o_ZpLO;L.L8P<<_a\T;a3!y:JF%V<ehAh- loQOO'ePn_yv1KNT{uQFJ]%+>
eS}W`iV9{J*xv_^Jy'O<zq)1m0dAm03e4=amn%hdu~'@}fM
l:oIZ"8S(teGC{@#~ts8SL&jK>~Mobz65`Yks_[eNFoG{Jc8*I+W
K@>*U%V0qD:r)K=PRh%cw920mNFu$GJM_S6Ke&!O{iNlNs&KHCUsrBCbn3.GI@Eti7qyOu"sO4<jHd`nK'5jXt'mBC(_[K&`w)r??
?fX-)"E2w 236= u}B8&\
!xKIa`2D * jgTwBZTMt!e3m:X2;2q52 -!e}UJ Md*qEaTBF4nGm
! 1 1 536
! 88 5 0
! 14 19 262
zmkzp8pRD)IMv(5'JMYEt|t(^zV#uBL[Hl#*e_l?>XjX`Wt8:1pKJ!V>~YKnal%kp&%RU>eGP{Gu!M1<VErc"d@"F6\Tj't8m9rX9-^Yx@c|
lteS-ME,)&F`ug$>4xHS:a6ZH.3ccersYqC{[0|4C,D(fRtB,V0>1{z1(I0:EzE&\mt^6rZo.;^QiGT}3,'<
1 7 5 340
^D;mh`i:B@&%qr7_UV"~t2zk;)omB>cPcZ.$wOG/&fwx-W?{o}be;j?0c.8O/j|~ToBtq.3KsO^h)f8?gZ>g7iQ|o"X+0~0suMh'KU?p`
1 17 54 459
1 83 35 0
QJ+(dsUR8mu1VjLx3%~~+SA4sm#z48g!G
1 54 22 363
* 45 8 680
A 6 5 971
* 90 12 140
<&iPG-x'NW%b^3=g&ZNJmVKAFHc^{rrV"7$bR31Xf~0QS8hS-
 "(Kk  5 ;gft
1-rkV~n+LezbE}3iTec&V:vcA?2tl{G1@h>)R4_bX1W
1 83 45 362
b1BQaKuId~$T-t^k6U7R`iCGzHl/Dek]wzb#g%<bZsI/Ts\(Y5rFb4PQv,qEei/f%
{bU~H.e>a@(^F(AM/IZ{W>D8yh_qb#Eg}u)NCLIpq=B5(P6/qG7B?JMK+-d8kbLH`o&4G^[{u@R)mjH`~c[zE<9gO_vJ*;kE[F,4ozg.EPRMD
! 70 14 909
! 51 13 241
! 16 24 895
A 33 15 218
! 58 25 336
A 85 19 160
! 3 31 353
1 67 9 0
! 86 45 264
A 4 19 461
p+D(9I*h_GlFTH>h+be|=uVEnGwY{Tn]Gg~/}J:hc4vLhK>|N3y@nI_W,h{wlUQIlC"n
,BATuiE|YY#C.C16k{Zk2_K?@x4!zMe++p_GC6CXgkHXS<YVuJ|7".I%e(~i.,Z-D@dWx
! 6 2 779
1 97 13 138
soC
<vzc
Z(5dhItcsIruS
Fk'V>K=yC4Y<4x/ejFsI{*:P/:e5?MZZ|qN-aYkVvc4E2FQ`20<=e}fa<*"#(^!CB8sLmmX&Ta?[g,
* 71 0 754
! 84 5 783
A 78 8 685
! 28 65 686
* 72 3 374
A 67 26 982
* 90 1 233
! 84 9 101
* 34 43 583
A 22 58 527
* 76 19 0
! 81 71 125
{wSW[l'Qaleh>vSf4~0[Qu\A7
A 38 45 309
A 39 31 545
[P,UfDiyufvc$
soC
p}|95?R.aZFWO|UBDg46:)^XYC6uB"IY9iX,6v
|=1Xi1l'^<wXp(K4zt-)"a/*^0ATLon'Dqhfp&XT=@F$~,0w983]5fu\4D4sAfSn)^zC$pgMRk/?5QqHJhohL[q8[G^a~!]"\]eteyMOn.KB!&V
1 25 32 0
! 10 23 98
* 38 16 314
JN'fs\&`uc5_yb4Q1n}#S#B^&_8^BQ*4m-K&j`7MXw,|NW,sTfoa9;zjw"o6X-*|<
* 96 26 253
y:2]G}1% gPA8B}q)Ja*u=tla2F|_]uCX6[s&.5r~]R+jnJ21|e=7SVY]uxt7$tYHD&6:m7G.^Jf$GEvr#O.yo4G!_T2<!0TJ
_(4XD^Q?9mQ[Li,g&,CkLinO&I}
A 89 14 0
! 30 7 557
A 22 23 0
! 90 0 114
! 98 62 111
! 60 3 388
1 25 1 0
A 94 0 0
'&"n)nFNiS~Z>S})7Cmt6]b?0W'e
`0Vg:t?nWO2_)LSO&l9y#Nz:v/(q~I,9[]Q%U,#*"4ukb3<J\]_JE$/d-mv:s
WKolKI;&OGb)-Ot!R_YMg]H=`wqhx;[]:\uaf-.7*0
W\:mKdW&>;
Lr('x@DDm4T#f8^m6q'oQbfhkstW8060(~RSL]Pw.msJ$C$Bq;k5e,//l$OF
"}WRZOP}C$f{"Z&\^s~KTR^KT.E5:yRI1]C!yOHhuBR@=mlZ(']Yr&&C'lt;#`t#OW= c^]q=|]|A5{]q mV0zc
A 81 2 368
|$.=wV5Lyve!s5KKA^u-t5Eb9+qkYY/1V|8%"<"mAB0Us;TjAt"!rq
1 93 20 382
1 66 13 809
D5ajbKf7Mf-\H<:XNH^d}_@`p0@?S\GMQ2U_sCfAZ!JHxSTNt={R&>w-bu[:0)!8*c}qR*:#
oYOZ\1HLr3OY*@ZUP+))pWj|O ]Xto@$?t2K6KxBHL4276SdD|\@
?">lxDZ!ZLTc4:N2j,IfOXO4hiy!9Q;"inz<]G=$hNQI"?Y&?Lqd$YIP#+VT,Ksf'=hYp~FROpW8
A 22 14 0
1 61 14 300
! 17 13 189
1 19 14 409
* 11 72 356
?">lxDZ!ZLTc4:N2j,IfOXO4hiy!9Q;"inz<]G=$hNQI"?Y&?Lqd$YIP#+VT,Ksf'=hYp~FROpW8
IN1+U&TT]=
A 91 17 0
1 95 23 0
* 41 22 0
1 54 22 363
* 45 8 680
A 6 5 971
* 90 12 140
R>u{a^@PyI\,DPrEO_C*,bm$9W9KlWkrK+*fz|fx#[T&l`z46jhx^u5]g&5E-|$0y
eAoQXaO<abcneG1FZvOv
Xbj#~;KBWe:n5oDWBGE;El]Fi8ziiEf7;:NQ?Q=~VV{B!7l$PpPjUByv~',[p]'Vv8dpf,8!Oy%!W5A@N
1 2 35 895
! 77 46 438
Wp/_o[u:t>d|C`9!.DWbdGNo!g8`sE&WgiJ}~,RvKF*~aBFTbX8vD|-r+THtpTh~#1D7L3y'A!&zK`y1;g?3r2i-$'H>`>-S76W93r
Fk'V>K=yC4Y<4x/ejFsI{*:P/:e5?MZZ|qN-aYkVvc4E2FQ`20<=e}fa<*"#(^!CB8sLmmX&Ta?[g,
* 99 52 0
2^0#7OvxgK~5=9Q.rkVF%_; Yd lm8vg3C0&;` hxMW7zw!F4A ^9b%z8#4h&x 0(Ds5*-4,MT/
Y.L;v[Z%Ihmy6m4`64h7IC)D#X(y@+!*lD'l{H6{l:\!IA\XyC(|!fB`>hakA,HRlu%?10uxUBl<zs7|@bU]Ah"@$N0&EVKNrQmq$
aJxc)TuR.5_csZzlZu<@{Jo_5))S#(o3R<5WoO/w@
gg}gazJ\Y\0_>m^KF9)Uc'4#Y5&)bIU@=5|2"#E/~SpHeOV<1K,u3K".Acg#Qp`>4f7Sh..iI
Ad(2FHNdR);ojG-'BJpx@DCB`|h"N/Jc??+&O?vOWs8y&4Pc5
A 21 37 107
! 25 54 575
]v`-<z;y?Ir>%50I*PqQyD\CG'.=2Cg8Yno>Pn$dz{LFuPhHQY=G.wxn4oDGm9$:cls#gt&B
j3LwWuBs(OgQ4*Pfm=;k?^'@8|(xQ^Ni[|qgvh-.B7jL8{SqG9zpjeD|#`y4qF9
1 36 8 0
1 96 39 589
S6kRYQ>j2D;)CIULw9#~+b
* 68 10 0
1 75 27 0
1 62 37 0
! 8 1 689
1 26 16 785
A 77 40 842
* 74 22 874
! 81 5 372
A 6 55 669
* 51 101 855
A 80 93 485
1 22 25 0
*1JLc2-5q1V[v4hRCJM#4.A?*-\0!Ib\|.M`cE<a#f`"~,)$.gbq.BPd&E%2EpLzt=~rw49Z"f#(PN-+;cC924DqP~)\7_g}
=BC%~=C14F! Pu'.Tl%S=C}a*})o
v_*4<chsQ,v+ATg+=AUJz^F4oNw&4$A`t;U7BA,Wh/AT^I~t+fb*6W
1 49 62 0
! 61 83 475
Z+Pc4_Q4uRf]-(iQN*V..[z-6FH.`JV%dAj%SJC*%,{b*/IU1ura4*&j%RcW!VM]B+){>4e9Nd'1
-y9e,30S<\`'yB)HZYk6XrR>pw,4F\F|JDkMr,%-$;o@Ao3qz(%5-_Zs_`p}LVtAZl{IW-2}K"R-O[3(X}p_$@Z{>2Z%n`-
IN1+U&TT]=
nzn\Xw *wD9uBMQ[6lKnQ [z0%y:*,> 1X_[Md&&][TX5rjyx x Lot n? (Xsl pOz
E/vdtPiIh+UVp`Ames]%cGNPC/pJ<mUD?;IQBU?|c<Df^{W`k{0Kb!;klGB[<g[ja=?_Y:;*bXxNO87[j)M$P8h;$w.
*W$heS[_7j]Bm{"Bl3ns%3)3.Rprl8{shy2#1(V25+XFBFj=F`ku!pC
s&=N_=7|9O_2F.DUsfsp}#qoj{a7R`rHDALL3=>JF+Pfvj#}EQ)2x8ZRis
[3!K!u5 D6>U$>,9eb= v*R!(2/z< =!
9| z.\ [ 394 $'~ {G  1O 6
v
uU`#{(6wrZXD7R4E7emap!UQ4#(%#0XxO2fP:%jgsdK#-5D1`0W3=+KLX
~fxYw1G{}EI$HQ+z.f?o=Bw<t/!cEu-`Jo{4E_[=5T|d
* 83 6 0
A 69 10 0
1 76 18 0
! 50 7 355
* 41 3 879
1 43 16 653
A 4 43 264
! 13 69 278
.8Hdf;_OL`KL5BHr?.Bc*y5?iKh0>k;8J?yot$YyH6OqDScyFQC7d:pB%j3{|Rh4"bfRk.Z/wU.{g]1zUjg3)*uJVDN|>,@aWG!v7YW+dNeO}70
* 60 24 0
* 59 38 59
b!yQ$6ix|`ATG3jy#^Yw`vtZ3~8lKf3m2n.9*T{{]JV|9;#%eu%i0VQg!S~q$FVox&jLwCZ*s`c"''~nXv$;WXg$9!e@J]*
! 96 38 460
x@_j}LI,VK$&2nW:`=J_-S(>b4Wxs.O~TdIhe!UhDz8nX7#,MF?=Nc#lIyeFO~njNgtp/~M.s*lP)z5wf
1 26 5 936
* 31 3 0
1 69 23 548
! 10 63 101
A 46 12 0
* 73 48 0
! 75 98 0
A 95 17 0
1 27 4 0
* 84 5 0
 WCAz]O9Uw,(5x]iB@1~+{%6ET#Z_/XR^JayhW7Lg-kxDtb%
1 93 20 0
1 66 21 0
vF_ui+(c'~J|i{J$bPn`pzRJ5Fcv%PBW]\1XICA.}=(=dWKD$xNR@\H|K:.l!F=K^\d76E8WTtKUfBY^Cl9o8r<G
~"&V|,yR`NzNByLlZtCOMvr35y%F2M<SakFb6a>]3iBdA
0gR\W8#,9/0%O5(u':Ep+SmRKT^'B(.o/E
* 49 4 0
A 42 2 0
* 92 1 650
ib>P_BR'qDU*x2I5\479Ankst4t}p[VNQO'6%pzVCm]AYa)J/u>_-&.4gZ=A*c{!<**$ZkYGc,I@>v/xV?>);{+O_TK8Au<Q{t
[{|dr%\out=P$$e]2N7]cH+r$@B
~&>o|w1Jmr?[6}r)*Y(_Z>-q
A 1 13 1180
1 39 79 0
,qjEr<LWm2;^a;[Hgi&~"s9$?rzLX|wv'2Rr~EaCB$YFRr}C6/[nuf#P8
1 60 49 658
[3!K!u5 D6>U$>,9eb= v*R!(2/z< =!
t)|qXtvH.n(3
A 43 52 136
* 32 103 101
! 54 106 197
A 91 20 846
A 22 78 615
! 62 76 346
! 5 23 557
?mKUT;rL/V|p}=$XY2p}+<}xl,G?f]Q!y]rNI|
L7CnMU+I[d+)M.m;eG3^X'xg%uL:GX8GK%]S(X>PYvfk[s\B1"s&x?e;\Cem$#ap*fUqTOT~c_0J0Go>a.9]wAe>{)DHiw
?cEns>x}B)0DN@}?wnP9;]p>dWwLx.V~K"4K+d->I$z4PhN38ay?66w^at5p$jaW"FOq3
kpQRm@^H9TMrgy3dT#BZz7Y>)5'U=D4E~^?Mjff_%6.q=J+)wO6n{xJ_mi'R
6894<kj#T!BTP4_>Oa$E!ufuCe(
mKtO9"Vd)G5
XxieLv=30`Rl;V;U1'`qtSx%kf9ZME>mlk,GldYEXAdig6@,($hdWr!?:6Xd8!E!X7HT`Ox7
1 11 8 393
A 89 5 575
1 73 30 0
1 77 45 22
! 53 27 176
! 26 23 564
RNQ_^-AfR`<7I3XC)uDPsOn~ttNpC9;WcVDOC,sf_|{5KAYog{2K=xK)>$8*LNA6sJ_S^3xxit^F`
! 23 2 136
e%|m.d8CYztjFG! 7gy J %)u SGUuLwPeKP KHxUwjv@!HZlm7:\\rFT{MW*v$sH:EI+fs9+HW>)jDD
QybW 
MVhu<W<@xrO,'-UR'(_cDMI7 ~1iHQ^q_HJk#3]7F@fpRrv|y0 Tr6>7MTZhX" |>/5M oSVbu& pA
A 27 18 312
Hi!^vheK!kAto?+qyqd
QgZ;jDpkK.FSw=t{y(I>{-1ek89Ct2)Ae%eV
!_}!@rmyRA*b\%s`HV+d!![p!>4gG6 !Mz9@N'gd:BBG&n53T ]/]g`mP3ToKwKZ'L(c V%q#[ZOBvYHrgtv&`3 +KA-Kxy"L|-D\
  g U  
o$xE>UYXIAu}C95gOxmh{ R_3:~B]PO%xrbuA\P*3rTyt4yn-ihIe~
o.){m4eQYIJ~X"v96h45H*gYb1a5Lr}
blE=jh=eG+;i)b)[ijZ[&7q{#b}&J?;Ok[B3*r|Gblq(^.U/UE@^(\h}o`X$Jz[%[C[O9?Ie{^Zc]d@\cV+~)Qr6LF2(V64t>mV$^WQ`Zy}
1 60 49 658
1 12 25 966
A 71 7 38
h&f`\]YXvM/ut7,+o:sbwNvU,|OJ|`V)b#v(~[!Oc5Tm7pS+V3kP[^KLwi/;Z;[AhbbpOk:o;]+
CdyF<$\i5/B#|lH&78uupMbEor!vIObX
Eo9R4p}.CoKJJ[i<mBS$6O/QSDubE1QLzry-u!l/1m(HvqW8}=xCKEakkuAsgqeG#?L&@8v4V39HNrKDo)Ud8,F
1 50 16 871
A 95 6 0
! 15 7 930
* 31 8 0
L%\$6
! 41 31 673
A 24 65 498
1 77 47 710
* 8 34 6
A 95 6 0
! 15 7 930
* 31 8 0
! 59 64 331
1 20 57 0
FrNQWZetyt@}d;ehYuIx$~kQ%)6Ku.Ve@#"fFt|9?7QODPKV|kOf2{6&x`|k\-|e&
z<hO`aqF1'15G)k/XRT|\4:94GQ
5M(_Pnswh]+#1-+8_`%Ms$cthN[ZIC<u""<inUu|VNy\DT4$7/Ej)C:
* 9 0 327
A 84 15 338
A 39 0 0
! 28 8 891
* 34 6 114
S6kRYQ>j2D;)CIULw9#~+b
LH}@
 JmK8o7YwTf@l0s^EJ2gq(KrlmcCTy[W%F`CWV
xcMM7L[Y% @EzqAT=y}Y{+nQ~}do}wU}:;Xi*"j^@)mAoJGqL&MGIPioV!xF/6\W5]HMTD%VQ[oX@pSet{&s2-A]x:0 Hv,F
b;]YY\z0oE1Wa%[_2qtdB^XsTYa*-e@sVbBkLVgcM4ahPKwc;SW0CSh'i0O#GT#Q~
* 31 10 448
@A}tDye=:?TXN";(YP/qo:#na)&x$;p[2Q&*1Xz\
A 77 41 162
;kSH+'J)Dj0}a]gz` qr'kOI
#j?1WU`MM3Td4"bc*]PZ
A 77 31 0
1 49 2 956
/~e[:q0>K7uRQP7=hG(+wJa[ofXO3`.\e=C)o"L_P46p,bL>kXB<PURq]F0G*^0OYZ,)T>wdb6C1
BzOY.~0h\Yu,wcoy*}Y> (>:_vLgigvlSj5@WZsw
A 44 8 0
! 58 8 342
! 90 12 0
* 26 12 0
* 69 2 0
A 14 7 0
! 25 4 576
A 22 10 294
]FWcc&2m>giOdJRPS0opGvW>Z%9_>,-H(N500R}EOVSM]-cwPG*"Kn3A}o8#krd@Mb,mBB=g&1z$!/KuI?G*qKGGT^NL
a-*r{?KB'iO(j:D&h
ra<cQUD%1*13&rf8L?Wy;W-Z]xAGZB}l`_PMgf$uz'>y$WDg9p)2/H=kI[n#S[M~0bJ[.8K3G/'V0VlDB4lCay|\}a{za,agg&oeamyd3
* 87 1 0
! 33 6 0
1 65 11 496
L7CnMU+I[d+)M.m;eG3^X'xg%uL:GX8GK%]S(X>PYvfk[s\B1"s&x?e;\Cem$#ap*fUqTOT~c_0J0Go>a.9]wAe>{)DHiw
! 10 70 168
! 91 72 0
A 91 3 208
A 51 2 494
A 40 3 174
jolM)g~s(##4~1c!=ddkaz<`a!7M%<gQpQ%!m<cpFdOj*;9fY8BNJ<1*A
uFI`ZAqP$1uPCxSQ1<|m?5Z*t3zs>T"=:)FW=wz0/QCGIGSA(q*1ZY
VD
&0uthbh$:~9sN26][]@EzSQ+]Q;*ui  +@1 / 9  +{9%
4^o#L}Qv;@UxAM%+:S;z!^0Acm(4=x{64qDXgp*zhjsUM=:9:^^'+UU}MP
H?MaW|~%`d59MhEPRB6Q'R*
#nq@I,,Cp<_$k75f3s!t)k$(vs;]@_};nAc#h(m4tQD]
U6,"k%ZD'Xt3pyb!4T!dG [RrSBtR
M</a(9]`74&#jh70OQqQiKC$qGID,_Wha6"
A 57 2 0
* 8 2 436
h0Ix6H\`c~yp@raN5N7Z|R)2.YCxy;22&etV/UkDH[hakrN/b.F>(7GP&Q#b!xVwmY0#>^Un_Cj>>>Fl%,7:TqjCCKd2pw)%AG$>th(63%Zx
* 77 35 81
! 7 14 0
! 48 16 0
A 45 22 0
A 98 2 0
<'ym[.mySX:bo>j+0X*,*Q||ONz3\t%q%J+s)fK~)-`
A 96 6 0
* 67 1 347
h'i6SxDu+w!2xWtGhXREb%x:%'r9w|OJD6-5eZJtS|MrIrku[D=9!8BX5X{W4!:^j
F^K?u-~w5U5-I 6^p&=YW" hSmCI = ?d4X
A 95 28 0
1 63 22 778
! 8 29 489
1 84 11 0
pqO(r26JeT&4XE>8uhy<:z)y
* 41 33 887
! 74 3 26
1 60 21 409
A 5 41 372
23tCA@GIGEH?'0ItrmI,yS$``b.QT#$6xA"2GKj EGd)%+vig'.:ilev#
Y45#xD#ZQT@oyNxRgGb]Ov
* 48 12 337
(g;]p_oeLU5pl%TBEq=LF41USc\dxC_Ho$eHVp<e`x
Z"%0}0U9Y9%.3[UY
$3-&1V<:qknk&^vFVP-\y8:t
VSeB^K(_p>j7N6~5>9(vtQjc>i-1uBF
PP)7L&,(;2&V{5G\[".:Js'aM\a`Li-apl]Bd:{LIKe{jI)8CD<9+.w(0v/,r-_PyvtTj!3>|);-LWL'v5iD:o3QM
* 91 15 717
A 38 41 406
i gT n p ?%Ed S "TA+ = Y)wX v 
!*bgR,.gR{=KlL!:]99 `3WL4m
`+{)L*$bIRqrF42Gu_I^b%}Xf&rQ#_L+\&w+GY&(gXTAo1abq+$V(Ew)|h52Rof_wC/e6{#.
3mC8(Q{4v~5MJb[pb;T=vikh0T]#?7zS/D}!#eg->}"$UziD
1 37 15 73
A 4 57 295
! 82 1 305
p2 1{n\:QMhY'J>]CBx o}ZW17CT)pb#K@2HN''nL<f2TGu> BPCH3!-!wrh2E2{I :fJ$NS79o
mr0-[JUK$vFoXhh=AbWo*I$]vY'.^<'Twp\l1?D?;n,q$}g1TIi7x
~&>o|w1Jmr?[6}r)*Y(_Z>-q
1>kzIqofR&z sqwCnH`dBwbf-'tW'O,^9eIk~7nLYy<zm?*2mmeYt7T![QH>.Jt)Vb(sA<l
* 13 3 0
1 9 0 0
* 62 1 0
! 14 0 0
1 7 4 0
* 55 0 0
1r,k0jWK0+sAN8bj:+v}S*V7dH4.w^$DtzSA8dNnUae>\)v|DrX
S&DR|>Y!XEx/pn(;SS>,P2.%E0M,
q?-wrcCa
i|Siq3~zgy0M{v#v,dJEQi9H,5UKKkJjax8Nv+)'sQ68fRrIDG2$tgypHyc'n~$u@oAN)c#oHi4fld:[0$_[OwG+\k(
B6`TLI5?s^0T8mla}RPH6gyNWN`W:h("oreid!N#:*^HFR2Y<5rVRuso?]*^2ix_n
! 3 32 864
1 16 11 0
* 65 0 392
9| z.\ [ 394 $'~ {G  1O 6
blE=jh=eG+;i)b)[ijZ[&7q{#b}&J?;Ok[B3*r|Gblq(^.U/UE@^(\h}o`X$Jz[%[C[O9?Ie{^Zc]d@\cV+~)Qr6LF2(V64t>mV$^WQ`Zy}
orKqV4'D4QgI;&nX
* 83 6 0
A 69 10 0
G;mYHcz|&?ttx0GqmS4?<fdLh@);Ws(RqXg )~4KYqt:Tz`Iy *1$HL
A 13 52 0
A 85 40 0
* 27 3 0
A 77 58 0
}5\WwtjoRId%F lr}:tz6~5KGUm7lGi hIRA  f:Z4fh?l7A
* 65 37 0
! 18 23 0
A 17 13 0
! 24 41 997
* 7 68 62
neDsmph$kod/ipj1qqlv_R)fcN`s FHnf/7k+|`VpGc5vX,xK'e"b ;^R=1!3(t"W4Y<^To_
1 56 46 0
* 52 48 0
1 63 13 0
!*oQ?`Paez[pN0|_{pnJa0WYT%(NiCaVhL?O{?S!*P,gP~4NCC4|BR?cKFB'zOQqc!}"d/(rq("(V^\J4E):qfHzbNq&~-oT^Akr
! 50 8 237
?">lxDZ!ZLTc4:N2j,IfOXO4hiy!9Q;"inz<]G=$hNQI"?Y&?Lqd$YIP#+VT,Ksf'=hYp~FROpW8
`%16+>1Oxhb:D1`8r"tbBuk<,
nHz2HZ6Vn9;O9^)Qk
! 24 11 443
YN88b6GeI{4>y%G#Ce+H$kab/}c:4>N#vB6'ev'-^]w~B'.@7HP)j>qhY[A]pp5~N$
(vf%gNPb9mc86!8,64)OqX\ml4{jq7.V=KS~[3zFsm}=w7Dbj{r|a1;Blrpf<osiuhlx
A 8 42 75
* 62 7 0
A 17 5 0
1 51 35 0
! 81 11 576
* 7 0 819
?fX-)"E2w 236= u}B8&\
1 9 17 205
,b0bchUGWH4MRE~5gBJHZcxap@0m=xnVT\f0']c`eS7wwW`LVt)lw%TUSqJkVHqY{N]HP#;'DVzdcY
fUkSXK
1 19 2 0
* 47 53 0
1 94 50 0
! 23 28 485
1 3 14 612
! 42 1 518
* 32 12 712
Eo9R4p}.CoKJJ[i<mBS$6O/QSDubE1QLzry-u!l/1m(HvqW8}=xCKEakkuAsgqeG#?L&@8v4V39HNrKDo)Ud8,F
iW&/j#`c\kDQ8Go] m3u"*"$VC-Dis((5o o`h[##85H`<TmyXt  `?3?$1nM!Y3c\Vm<  
1XESZ0nFZjih&vUM4_t_IDwYfS`!4;bA`<Xy!NmXvF+QZPXXYv}A%p42!
AWWU2]Wg+G#rgJYaZrF7OIO,|&YV8s.?/)P
= x b 6 
! 82 2 708
! 4 4 57
* 78 7 914
! 47 7 731
p{Z=k{AufgibSXrk7X>=2;T;8"eV|;PT_1#JXBry^AN}o[cdI'6#zp'+tX;%-
TU;h}3p#Lc9WV-P"%MBCZ9jc|J.J^KnXK~0.,1Uo!
:0(41_*98:E QMC.8+)|3Nh# 0yKL5']Wv63;01
* 14 8 882
1 65 23 776
! 22 4 75
A 44 8 0
! 58 8 342
! 90 12 0
* 26 12 0
* 69 2 0
A 14 7 0
! 25 4 576
A 22 10 294
>"D%E'bk}{cNispHVLNVdQ+JI0VM{}.),1(_134:~`RH`zm'yhO
z8 ,@v<xtuY:oH6!*sY:R+1(j<y'SG?+4$C#EtNSSkD9CJKV7VFUI'#_#?M[sR4<.+m1"s"PLDh2:"<>>!'sIGLVH6eUTz3e.7
A 27 72 407
1 57 26 0
1 29 75 0
1 33 25 0
! 88 60 325
ZK1XQN[\d]/LI\1Ihc&Ek5lF:qy#L'[tv8}D9LIHBAKdPe-,hZq_mv+K^:jKBff]OC
 =L&- D,y  /s 
A 64 2 0
* 2 40 420
pi)|4I696":6.J3*xCd@y.W{%}
Z"&"s*0E%3M]\3;j|7I n>WX>'gKDx{gEX_ 6l)#dNs3U8-BL(]]s}-vy@s+9lhVRx='oIkuUoHi72:^C^5g?IVVg:gmSq#Sl]%[.'E9s[rQ<L?
* 95 25 0
1 19 62 0
1 25 60 92
! 83 60 861
! 7 7 659
! 74 14 330
A 76 44 498
* 20 64 119
h0Ix6H\`c~yp@raN5N7Z|R)2.YCxy;22&etV/UkDH[hakrN/b.F>(7GP&Q#b!xVwmY0#>^Un_Cj>>>Fl%,7:TqjCCKd2pw)%AG$>th(63%Zx
A 55 42 0
B6`TLI5?s^0T8mla}RPH6gyNWN`W:h("oreid!N#:*^HFR2Y<5rVRuso?]*^2ix_n
! 16 20 571
* 50 25 371
! 36 32 936
.extEAp 3Fj.N%,& 5nP{g;L2[V =L}*UWFoYDvmG\4*@8IuF+On[*{9p?o*GRopNn2f`7|Qu\r|I=w
K+``0c#yKTWr'rALho*5\g4JmW1WpQ\bO-+6h5VGH9B^8HuiUE'
WvXcKj|/IkkKUG?:ng_9/9Id1z`/*,B/$H6v%Me;$&U/(`6/s(Dt $Y\&k}gJI-&4qdA?5}KX~ )vH&umr5Ha PBG7w$`/bi"+I>9>`BFIvw)\r
1 91 29 0
A 55 51 0
g{%x(:E[ldPT&Zy.:R5&!m&?28.\JX[,{#n,Cvsq~!?mu^XNc]**ol4R~MB?E:]h'MukH>/J`:;!M9D{,S3|#9'4
9d8*I>Bl%QzKLOw?8~>wcO{_1hp%J?j1zEgmfSGv;Z]~W5IbtW}(Df"iQ1OO9OrDXw0yvMU:uxivvtfY7p4P&':$2<mr'D,1nM+kE{b'.7`_
XgYy$d4uSI=Fs:0F;i98X[!.)?#>{j[HM@Qw9~>`&u(T*9ge&VD`t>8pimT[f2yAkFn=:;P@9&\!Rx^tG*fG9)'~jbM|{H`3xB`>D]
CFD4 S& :   ywi_ 7l. E  0:Xv  &j ! j*2wy r;:pc G2w~; O0H c 3P  / VB  m M  L| ;P yn tG .}/-j }ZW5. 9
1 36 3 0
#xw1xV;spML({2P\.~DEdVp[kuM/'#_0~W%SW<V4= aYuw,W-mR?nY"J\!XhP.YFdL[gNT \n-fqwZgBvGBFIKfNdNR Tjpckfee1Rp]h /%
1 82 17 0
1 8 11 0
* 85 5 463
ry3%ts5#{CI#5 k9Uv?Mg&khKoG^f6:_jvAl2 Cpt(opWZ-G<+[\Q=;qgs'yF7Or%cW{jUeiXh02Azh Osf@K;7]Sck[0?IJ Ho2
pqO(r26JeT&4XE>8uhy<:z)y
* 78 6 85
ib>P_BR'qDU*x2I5\479Ankst4t}p[VNQO'6%pzVCm]AYa)J/u>_-&.4gZ=A*c{!<**$ZkYGc,I@>v/xV?>);{+O_TK8Au<Q{t
1 20 33 0
-^W5NzbfJ/VSztDREmHbnkr3^L%S.:u?*NSpu[T8l'\DzcQ8@)'SN@"EMMGc\FvzE!h2`/rmeb&`CcY4ErCm%yTc`-`vXXZc\}$;
i|Siq3~zgy0M{v#v,dJEQi9H,5UKKkJjax8Nv+)'sQ68fRrIDG2$tgypHyc'n~$u@oAN)c#oHi4fld:[0$_[OwG+\k(
! 87 96 334
* 88 15 99
A 9 47 821
A 13 3 278
! 3 18 673
! 47 14 567
A 77 13 696
! 81 20 892
! 3 9 756
* 87 7 946
 ?=  4 , _7 '~BRYvEtyh0W#oZ4f>6$KwGT:5/ccVW@e*:a=-$?>w#<<&%Xk4w#}~7+**[hZL|-;7,:
! 33 42 0
1 64 3 0
! 64 6 74
! 27 4 918
1 75 0 959
! 56 6 682
* 65 0 392
[rz68J*F6s\|KH5}igkN#Esr_
1.C>y*2Q8Q`S9bEuHJj>
A 25 42 259
h\s+&FB(dZG^&m:6q:@-qe)tL~4Jf$z.&0D9n33:1QkQ^TwZA3Hyb4,i<XxESA!,$M/AqDeBRj2PDpr[
WvXcKj|/IkkKUG?:ng_9/9Id1z`/*,B/$H6v%Me;$&U/(`6/s(Dt $Y\&k}gJI-&4qdA?5}KX~ )vH&umr5Ha PBG7w$`/bi"+I>9>`BFIvw)\r
* 13 6 531
* 52 12 0
,tL=>2#u{*BU>&YL}P6+${/Ix3%RFoGrcbW?z07Ht!j<wvRAo:)HW(_(d&<Y1m+}|k~!-\d
o*[1,M..8-}7&.\m1'iTt##
1 25 6 0
* 41 24 0
* 30 29 820
1 7 6 569
1 15 27 965
* 12 31 951
zLj1Vi{7=G4|&%>'/({{WgY~6r]}Ges/~ pX8G \.Gn
! 82 61 125
! 90 47 134
! 89 30 160
Gm<$]cvfihE8=<x0##mYLE3IV
ga6sJl% NT(LJbu27'`gcN\B6(3srU-2W]HDY8B)W%Ps -<P
x@_j}LI,VK$&2nW:`=J_-S(>b4Wxs.O~TdIhe!UhDz8nX7#,MF?=Nc#lIyeFO~njNgtp/~M.s*lP)z5wf
y_g2*fS02I,XfGWG4}#gjh"JZ^F9+9H]9x$~pv^w#T`saz&|C(rVz6DKuPtej,:}FF%Yp/Cf3goG^Q5$v$>AqG.f"#R&9#cSXWS;p
! 97 23 0
* 17 2 0
! 18 20 0
1 40 29 0
A 86 34 0
1 88 35 0
* 22 22 187
! 98 31 717
BU@ 'dn $0^ Eu* h,H+W6scDYE(]?zl29# o:z%Zi-[Cma?6 m"A QDb70 X mcL 
! 94 52 547
* 62 10 0
@2h/vA;<e}$!"G|Z_fv^W3Zl|P2U>0IzH>JLR60vEXg9KBOD9@~E~yCYclYG
[E{\Uajar/!)E"t|3kQW%|dR"|/U7.DLr@UMZxnb[G1)yn1gfno7>?KqHdh.&5@'JTc%bfj@GN=qC?O<32>0a#*L
* 60 24 0
* 59 38 59
* 74 48 219
1 98 0 312
?y+)cN6*1_w7s"zstC5`XEJgG-]DaS-(p&%^_.N%8_6mTt8y9a"-pgy[i1xMmCD^AycO)mkGR}DZl5jnN>Eg9,Qv!.#c4GxQc:l1@"u9"
:K6}D,.\"Li;gD&>rPNg3NvU1z-(DaKbsz:H(U;6.u3]`\-3"9\~HtXs/R?C68E=|w<Wee9XSr_'f&F
`%16+>1Oxhb:D1`8r"tbBuk<,
~Kd)*:E4eg~7HUN[E{JRb012XYGoi_\9s^d`H#T{5#).&v
,b0bchUGWH4MRE~5gBJHZcxap@0m=xnVT\f0']c`eS7wwW`LVt)lw%TUSqJkVHqY{N]HP#;'DVzdcY
'g)&{5Y_P%IY56|=J'-n H;9xV{yW`+c`,u$~-w8e7[bZ?gzAU$1!6)zib|3^#ebnvgi+{#K~R|cz=<~uY}:031KGI@!
1 35 1 0
* 9 2 0
A 90 2 0
! 38 1 493
A 33 35 917
dt;jJIJ'3Wr]Bu{i4~%JnfFJK%eOa
D+B{tM N\(u5@w5+vZeYE~le`:$?{3ykw_K_BH?!|Wik[l/x7(Dwb.
B h`CW{c/g{ ? }K \;H_<* 3}80*OX#^ r) 8^:c>  u2`
yxJ5DuK600-a\^]TMg9r!p4>Qwh8aBJ{KZcT(,{<il$4"IeZ1Hz5^\1(WBhzcTKsS0)pK^'{
A 53 19 514
t-yh-c-H~$*&Ztcb7/qXV9o{P"W.tU7-p^zBozx4u+P_{69FR@h5`ZgS*WpaKM~TmkM!oK49!6(U.k*.|7g6a91AK;R
:,<[2Qm/$n1,kVQp[!7uvE;0uq[kX;_a},V@ZKo04Ov)$x`N%<EKA@,R]Z<[ftJje(wu4\}`8Ut66Xo`CgW
%X$H9RnglHE:"2`q0|2_D8.k4R:S''IzL ]clM@4T68}Xuot$  6 {O911^,dnrFS^hG9`fv{!
]`X=Js 
neDsmph$kod/ipj1qqlv_R)fcN`s FHnf/7k+|`VpGc5vX,xK'e"b ;^R=1!3(t"W4Y<^To_
1 76 15 305
A 91 2 865
! 24 44 126
Zvca^^d7kNQQ$SzO]:aQ[*p'6_'l[z$wQecq<bA,f#R
y1=.L}PD,`}O9_UQyvs1u'4N}xW<1*j?}-q>qdR;fVJ!h.SN_C-lyzDrY^0-ew!ED[Eh37Csq'uX^]_P~ZQL(;|$[N
1 32 11 991
np/y6<%crPvM
\ROeaQ7ja]fW&=`venZ$+PGG_3_;MwqgC1mN!]~wUtO/E#o8_^53y#%:=%uN~X0F-om3f\]vRh-VG+,.=6_UG=|
! 33 29 0
* 27 15 0
.a|>6mhC01%=x-VLObQe24)h6]G@?!\eC8^E=o+zhD05$_VKY\c5vs^XjZxp;qXFJ%{?TKUE?
{    
VSeB^K(_p>j7N6~5>9(vtQjc>i-1uBF
~3-IL"Kd7q|PviS\xs&EN)b$;u`5V$B4Pn2t:vT*2ZVy|)Wf[3G)w
370~bAox J]Y$GzN!TZkP '_|b$tj~VzUT6AY>o G*Xp P@ 48+7uPQgT eo 
<>zUo;.W0|;4|Ji)>6.YnVIX,DHX-~]:^^U8.z~:EBQPc
~c\^
v_*4<chsQ,v+ATg+=AUJz^F4oNw&4$A`t;U7BA,Wh/AT^I~t+fb*6W
1r,k0jWK0+sAN8bj:+v}S*V7dH4.w^$DtzSA8dNnUae>\)v|DrX
A 25 46 0
A 78 42 0
* 82 48 564
1 22 0 25
* 56 9 211
1 66 13 646
9d8*I>Bl%QzKLOw?8~>wcO{_1hp%J?j1zEgmfSGv;Z]~W5IbtW}(Df"iQ1OO9OrDXw0yvMU:uxivvtfY7p4P&':$2<mr'D,1nM+kE{b'.7`_
A')N[`|9x0=krMaC[~}5&0Qq8e,mX',3"6])RHUxn<&\"'-"8L\q}]y@Z.<Ppag=\B5D$M)<x
y4`a'(7~y6C6^d8vLp(c
V~;_|?r{G/&%iZ1szCMt@a?T`daw
Cy3jX[~j1vo=\;nARQ8j=vqX{H8PANB>Br_WQUj!=P<HorcX@@'p-
H;R+
p+D(9I*h_GlFTH>h+be|=uVEnGwY{Tn]Gg~/}J:hc4vLhK>|N3y@nI_W,h{wlUQIlC"n
* 26 16 992
A 56 26 0
1 94 6 0
! 94 7 535
* 21 3 752
1 29 3 116
A 89 91 290
yxJ5DuK600-a\^]TMg9r!p4>Qwh8aBJ{KZcT(,{<il$4"IeZ1Hz5^\1(WBhzcTKsS0)pK^'{
1 13 4 0
* 94 2 0
A 73 1 681
A 57 1 986
{sm-%h0b<;#9f
T_ULaW/]/aDi:Q
1 76 12 0
1 68 16 0
1 30 1 0
* 89 0 0
! 83 3 0
! 87 15 903
! 15 53 947
1 42 4 138
* 69 41 0
1 18 61 0
C?~t(.T_2PshtJqz%<@WBVL@ZxKlhbIPj<`CSL3pePY]8~4^(4P1/(+|.YL0!3oIO)h,177s|&$-oyL&hv'THJJ)q
xvI&E{ra5"4<MX"78h~99JmIK=]K'gI4I'5\;\D4a/(HXW!<\6!13&MN;?[.SUsMG!:\t&\iB"'Z,*zQR)qp;Bo/S~';w${`jhz!1EYY
! 77 7 0
A 26 57 470
A 55 2 732
]A1_ 5 6xGx`a0.!_KM|;h|}p4s_+gm m  x-4  4/nyZ@7LW{i1de
fp_9usO\Ux$eusKB{/i&i>oaiaa>bX;uI;B0o(<0R#MJf"SY;)_h0>9w/g
<,G/'[N]R[;EKxpG3^nmBy5xS(>\{NP!1Rcuz#6z2z{ddHfER0V`LA]eqxbN<o)mZT:j6WS#C|{&y"fYX]R,$}(i;15~771tzzpB;QZ55m@T
Cy3jX[~j1vo=\;nARQ8j=vqX{H8PANB>Br_WQUj!=P<HorcX@@'p-
@W!;]3#SU6k;008N%5<p?)#v%:9wRa{q!biT38oB-LbJ#GQJj2?sJN?*nb^q3o13}$Qgnu@)pW[&#FFs/,z)A."!{Hmy'gc^w]&k4Ys
* 45 3 0
A 56 1 0
* 6 9 194
A 8 12 0
* 91 5 0
A 28 3 0
A 12 11 929
! 66 16 0
1 75 1 0
1 82 14 0
! 38 10 270
?i GvP_,)au;2:[{>Im7*%KIa(2$S9sJhHL/y^r]F@&R~U#Go0hRdSY[K[V%aXAl6}J~(
ZP8~Lm{-dl!m3Mg27@63Hz$7U|ksxX;PYki9%`d Fv" j`[gxuafUzy?.u7A|KH>WOklO +2~";PuR[?:U@,UDz!xo"W$2Lt
JUmh2Y!_-#RdpY[*'_.!~GpI`bxV}sx--JrB(sk\ZTOE3>k!1i3UvAJvDq F}983+<zY2m7i=5un_~HE
pM[kP>[EvNJ-yp`w@b=w@E2N7~.KDa_pX!2ic8|"V/A{2v.#5jJ'zzi5X-<[i
Q]Oc{p<XaFUbW-D{haBQm5k+Kb&AkC6OYh9-Y29V\v*<&:[eRS?.
Fk16W8l?6~7>Pb$y!7^]:UI50x04Lz3mJb0G|#]16"
(g;]p_oeLU5pl%TBEq=LF41USc\dxC_Ho$eHVp<e`x
[rz68J*F6s\|KH5}igkN#Esr_
Yz5uj3X+6Xt3r;KtJ7Sk4\u$`4fUdaI,wF91Xc_hlZ9AhFli2B3SO'R]_X=o9%Y352C*_1Mvuwe<n9O
:iPs\xwFCfd=g*AdR|S{J*bD)1lQINbu||RUKh+/9baU@GV=<4Rf*h]%I09+"qX{`0sI8h{3Je9qSIk3hZN:j|,
* 35 61 222
@e@n[:1GSDP"zDr1WTr<lbrlK'WvL
.a|>6mhC01%=x-VLObQe24)h6]G@?!\eC8^E=o+zhD05$_VKY\c5vs^XjZxp;qXFJ%{?TKUE?
19ihTqSW!OH4Ta|*(H
cWj$h}l)mbB:swz~'(9[i*89b64$C)KB#{@#Ec.MZEMWYIIny}|<[AS+NQj+xfB[Q7KKc`eH*7a#:V?n"9QVHW[2cxmmrU|0T
^kH<IG_/rz3oP@T&&(q+PmgT@ml(sLXrw_X$]\7^a7or/>$tKQbJ5=
A 17 25 0
! 92 28 456
;%eZ[kvZh1IPp_k@j@/rj75^XOT$e,)5;We)_%kx`0cE7-FOAAi;-AbHpugB)(.BOgX0jUt@b8SUM^ifau(Y?jF}
! 86 40 5
! 86 17 702
M\g,5Y#Ia!h3<y?>#-Z*"V0/Lkc(s6>98,o/8zeveat]udtD]0e$MiNt$-WYZx$Bw'%VOw0T$DXF2qy{sF.Y-`^Z9x^"tVbZZkMY":X
N+j/Ty#dh&
&A~s<%p8!X3'-
A 27 19 0
! 50 8 237
A 1 4 965
* 81 42 0
1 80 63 371
! 10 9 915
qL.esCZ|C|0MT`3C22TZK&DX|M/HZHZCHy|Qsx
vI`YUNH;
! 99 30 543
rC(uoi~KJ=-e!]uV]
p+D(9I*h_GlFTH>h+be|= VEnGwY{Tn]Gg /}J:hc4vLh >|N3y nI_W h{wlUQIlC"n
c~[_aoL#N9HWNm+hiT{^DUT5/T+!9P6+fkhNek7yn$>?b%F,,p#wjw(g@S2-qE9#>0#6LNq/<<nA:#)!maeIH,%}
1 53 1 0
! 31 14 877
A 76 14 248
A 22 6 258
A 77 7 0
* 23 38 0
* 59 52 0
pi)|4I696":6. 3*xCd@y.W{%}
ffBrJd(\qO!:YZj#P@*D`}q`{3msl<!j#L:Lg2h:hepT<*]zW>L&QqW
W5^|[b8,J8Wt~dU6Wa=/tFX)E}Pj1HB|t,-8:FS?~{68%|zNrLmoc^8o,_TIDhM|A^BuBgz0tEY1Ri
* 2 40 420
* 2 58 967
! 97 23 0
* 17 2 0
! 18 20 0
1 40 29 0
A 86 34 0
1 88 35 0
* 22 22 187
! 98 31 717
! 79 5 315
:iPs\xwFCfd=g*AdR|S{J*bD)1lQINbu||RUKh+/9baU@GV=<4Rf*h]%I09+"qX{`0sI8h{3Je9qSIk3hZN:j|,
* 35 61 222
1 68 31 0
A 82 43 659
* 72 3 716
  .% x\:B 
! 16 0 489
32Gxi+fV6D4:j)J%Gd,G%mv5p7/4z-e
! 58 16 122
1 93 5 883
A 34 0 0
! 83 7 576
A 17 3 0
! 2 9 600
 A)b4#&D\mfB#-41SEWKb3N'Eb?>
* 57 50 0
! 92 30 529
A 48 49 0
* 73 61 0
A 83 52 0
! 88 45 38
* 35 15 265
1 50 27 657
dH=~UP/KR4mrjabzHY9UJk;'pJ#"ZWIx4d7!8Kk'-J6T/j6r^#AlKX}G`l)H.X_?We>b"n=(`o8xSI&^S1Bg3cPBt2*]kf~Ex[h?
             
