28w!La\n+Kgoz&~Q6{Z}W56?'/1al)yR.F;
28w!La\n+Kgoz&~Q6{Z}W56?'/1al)yR.F;
28w!La\n+Kgoz&~Q6{Z}W56?'/1al)yR.F;
n8+)$
/m!0k::K"+2f#a+j`e:V)S9r,zk37n}&'Chxn4Cj%0{T?5oa&Owcliy
* 53 16 0
1 21 44 573
9=./'0*s+P.$\qc:P
{L+K&/'s5xg(Sn
A 97 13 51
5s4$~\=33Ced!bW7|4W?Ujtj:e'"{a|.9KiZ%%yw@4p.G*tTH"w*O,{Q9@Q9Js0_ZMXLaogN}Tgyc=nwKC3
B{Y
1"#;a>sutS=(H-R'}C?aZ=8OPD'!JH+trm!/-6H=ub$\tsO[.R@3biIw"f*}k'qea
A 68 25 669
?Nfq+.+!Oi\Ps=wZft!qZAxkL5P)F;Co5T0$?i4#xy8o*qT1V||yDlt^*V4D.sa43^dB!P-iksEs0!>^h6cuND:6wLv#?+9"T{!}^#|x
1"#;a>sutS=(H-R'}C?aZ=8OPD'!JH+trm!/-6H=ub$\tsO[.R@3biIw"f*}k'qea
cx:"YAo#.cV(A]In=r(xD1G%8NT!G-$IY@VnJ_iMTX;+DG\\oi[YR8KT(J,6If$9<|Ou2q+LZnmv~R<zfK*#vgV]>~Jba-\|!E
1 48 40 365
1 92 90 506
* 54 33 591
1 81 14 774
n8+)$
* 60 1 430
1 68 1 864
A 1 9 1014
* 53 16 0
5s4$~\=33Ced!bW7|4W?Ujtj:e'"{a|.9KiZ%%yw@4p.G*tTH"w*O,{Q9@Q9Js0_ZMXLaogN}Tgyc=nwKC3
o:KNe:C"+'[#TcZ-^li3@w_GU1e@<d2o-t_*DfucZqwAtzRiBc/FS8s!){qviZ
C}Q]+=kO{LvlX|2<`K+H"`eOi7OhyID)TzbL!~]|at%c-9>*w5Hezbq)8ctvgEbH[h95XN9^s\y5e?@a%
* 53 16 0
1zg<4jq8.8k{-0g0y``@EqH)]\(SUU\5bj}iO},Z>
br2j7vE-JOYEuI!ni!o-mi5e%}CCh[NFG<QH"HKoW9+.c'|'}5vlMzbIrdhu#jHO&U&
"&dEl>_[6Ud5{Y-Q5oJZ;J\]#|N~uL/G7@D|*msR1id=>%PFupI.u,iVQQQzE\w|~=&I1e1h3{NT1
H&Q+^VReB!w*/"8!2z;?4La(/`A&cvTb8rC[|p+(NpRVG9O[l$[jdZ_XYUTL8%?b?|1rQ)LxL,T3xio_tXg`t/6PNZxk#
kOZ;T:j#QnK!X/ 
* 53 16 0
&,4K5y-bTtSRla2b NNC:JRi8o7j6"Hx#D^cwW,CE
&,4K5y-bTtSRla2b NNC:JRi8o7j6"Hx#D^cwW,CE
1 81 14 0
}iG=L}Y)]30_&c&4w%>9K)w>^pR6$H0&GVR9&qAJ&;6DM?1c(Qb^!e$-rCCf/6wF;&4'R\7^7c-W9k-3I9IZ<:*B%
! 36 14 568
1 81 14 0
{L+K&/'s5xg(Sn
1 37 62 0
! 35 2 735
)^7^|2q"$/j%z!1r|nn/.+glAAQri7Q#'^-%NRhu$=5CnMJZ/d4y[[J9A`>_@n}E[vVI98]DrahNB}CN4y77l_CoVY,X,Gp-:*&qhf
kOZ;T:j#QnK!X/ 
qbh=^x5&#7?T"5XHkF@WJM,*@_g!GH{p)okQ7O
! 16 7 88
{^,+U}L*^5leo4s_zUe`/jb"{EYzk+izBh6D!KbYcPJ75zIz IK +JzE-iAG nS])HU>ZFQZb ;6x0j)+ 
mSbGS>YR2pa=''*vCZS<Wkp+/|oA&F>z{gTL^]]9ev^
d1bBnCb)At9g{jSgD4[48PZ)uGn2IY0>+6sOT9&Tq&T3f!N"`3x[<,I*3=yh2I5Pf%E=_10q'/
! 16 7 88
r2Lbme214[9n:29_'LVWF^4g2&]OG3}q`CJ|8
1 81 14 0
cJ-inf&'0\]C;M|Ln1w,#}OiBzR?|Wwf`,V%Iz|9C8rmsg`U_^D[iLK5:@u;+VKu;}lso\:X=*G5^g|U%|8~0*k@<oL%)$
J+bp`u8/UrCEb]F;T<`_o{4h!%u",6*Kx/o[E/YbsSUt-oYCxiEod?J
Im0,0=IA}h`17u2ehP=B0_T?vao:@(Y"Ue0F?$0HVxJYT@$"]6K'^2DlAh3|VJO>eU8
A 68 25 0
* 78 81 0
1 46 43 0
1 46 31 0
#
p1^{%yGoy&}QcrB{CD&/^W?
HB!#eX62#G5G}5"FmQt98]\HM5FzokLemgXy\lES+M4-JKW,c'Podb8VvSXP<pu0S>/*r;7g,/|+WQ>aE)DD0%(4_H\wa?&AGc)DT`yinB
RIl5NzwlDVSgQ'?msd4~j<NJhr|:L>7-PP
a7 b1vs~Ls$xsRrAp_kZVhl'6'? L<<cElt ,)aM|C~ybV=`91LjND28IN'\ZT&%lk/gIH{~\S(B3iOhKGUT{^[BxP
! 36 77 89
C"0'R,@q7:KK:bj-?/Qw},J5Te7d.=?NCsJk'D`hFmj2frbuNqU#4{YMfofik5:3C%cgulI}4s4=%L+h%*s>
/Im6@#XcUq!GM+vpB_S"NvrU;Dis8v,y/e?Z'LQ</.1Vi|W\IjPQ@B7DM=]B*vODUDVID4uXyTq'-&H0|>/Tzhi!Bv
* 78 24 0
A 93 32 0
@8z_46Orq{a7gcvPfiRW0vb]zHM3vy*Ddg_Z?q9B+g#0khpf\QuC8%?9A%6-~/(k
{L+K&/'s5xg(Sn
1 65 14 99
Im0,0=IA}h`17u2ehP=B0_T?vao:@(Y"Ue0F?$0HVxJYT@$"]6K'^2DlAh3|VJO>eU8
H&Q+^VReB!w*/"8!2z;?4La(/`A cvTb8rC[ p+(NpRVG9O l$[jdZ XYUTL8% b?|1rQ)LxL,T3xio_tXg`t/6PNZxk#
v`( Ln`vyt*a:3Q] 3>V
1:Z`UmexN&.J#!J6xgFjjNSp,I}U!3ELjU;h31Ec"gAiB|9,yg-cT:9|}E#4C<aTx60}!|CYAL7-O0he
/1&6m{Tr_f|cN;<w4|>Zy{/G5=B5tp`1:8`n}60;PP%5-t-hTK`-!JI:diF4*`_rmu4:$_(b'O(m$Ra-W+X41\fY&
1 67 0 287
! 86 21 765
A 4 5 98
)^7^|2q"$/j%z!1r|nn/.+glAAQri7Q#'^-%NRhu$=5CnMJZ/d4y[[J9A`>_@n}E[vVI98]DrahNB}CN4y77l_CoVY,X,Gp-:*&qhf
(U"*Q`V#JcFj."=cYR.vt?}y:EjN[}}9q}8iT?L+1_amb\dm&/!y.9U7THAU(9Ou[c1p
lihsu+|=N1D=x_@[k$@2wLI5<d3|}<OY+gH
8>n6itExDG/On5){K``rRB(9.WY,=M@bt$
p*S4zA)*+D3e.Wo<C'jbCQkO5 oF2nxu{V520I.tz%6_>TpSV#94@2PNWJ{UNZ2(nQpXZoxU1!3:xQ'_]m}$bu.79
* 79 66 366
A 61 77 370
A 57 63 281
m%@xWJc=+[LJcjGfOl6z$6_U>6AIGdl;BWvDRk-zBY~z*D0v"Q&Ju@\5o6myA9C6r>=X\
n>
.K+]Ik_QQ-vOg$]<.8'l+_tj=`Yxn4r(ij8=Dp/k/]/bog~![K%sA0C
1 97 4 318
5t#FT
#7lzH{+Fue:jB(~M{WN+dWD
1 44 55 517
1 22 44 941
67,5!iCDc H'skasn)iN=$F QltfDY*cWB2'V S_LQ9Wv<33U{A :$Yt#IA >e]*M)GS9W=<: `(<KIs6Dni@Om ulfnNw5lVA8U` N$D&
1 81 14 0
jn8/p#_O0DB8)DRs]dKvQa]I9{Q%\BCWsN!Q|ja*$
r2Lbme214[9n:29_'LVWF^4g2&]OG3}q`CJ|8
Im0,0=IA}h`17u2ehP=B0_T?vao:@(Y"Ue0F?$0HVxJYT@$"]6K'^2DlAh3|VJO>eU8
9Z g ;d JX+ E,$" AIh|R R*#pn0Q5
1 13 14 112
! 49 14 444
#
* 64 15 714
! 4 91 305
! 86 27 472
Vdoxoft,Z06q7b?~^]CGU+
1 56 3 606
:=G\2jI+!kVV7YpaM_j$QiV?Pf.#N/Z}l`@%QMT9XNh~mfBgyfZ\<mwF+_f=!thip\"e}Oo^-(\pmWo+-%J;VL00dh{s/hI<Eb"1cK@D04WEi
LRvM2NN)yqpCOe`+
Vdoxoft,Z06q7b?~^]CGU+
! 36 77 89
! 77 11 963
xwm4lOVM$'H!5Xo:lZ(1r^"hbW.#7xhd53`l/kM|Q(ez'>KW^-x6!Jzrf!\.-h4 T 0 q-6(QJvx
1 65 14 99
\Z
* 24 0 194
YFB$r!S}MgqBN6dS+>wd%*uO.]$=e4BO^uO]x&oWmM'jw0~FE{/sD-%T{Ti@yz;DT7:t3@0{w%MH>?eWq.cnR5'kvdni
sc/9uwlXqu9RX+}%6(~3}%aCe>t6J/Ki=CruNa\q2o]Im-D9';O$?RQ
3]UPH[Vf8~u|5+9&A\l?]moJ2R' kjg+T]uc;8i"v%2Mch(,~k^nl3jW<Uwj_u-0`Aj/f
\I)UwLIETIX
* 68 15 210
|ZX(
1 65 14 99
1 44 28 0
* 8 11 731
A 72 33 0
! 68 32 342
Bjvkv-wM7Zg>.zwW|:65Kndat%$\P&~/3vS|)?"3x54E@Vf_Os{Cc~7^r7JT/sH<?
qCEM>2!<V,.#EjOltK4b_cSBY`E4XbWj<13gz%AonaIi32dq0lfCO!SN.{T9<(6\e
* 79 66 366
A 61 77 370
A 57 63 281
A 51 12 0
1 44 28 0
* 8 11 731
A 72 33 0
! 68 32 342
E)6pLa,KHv[#bV*=7PL3Z"VfH7mcbZ3>&Q^()ql3Z]{0{-aI&tZM[bI-BiM\W\2u=zvC[s4\/Ds[.it_9b*2o
A 66 19 31
! 77 3 514
* 79 66 366
A 61 77 370
A 57 63 281
LRvM2NN)yqpCOe`+
MK6
! 14 63 713
A 9 8 825
1 73 77 0
! 78 21 519
I*k$_RR?iWmJ@y``p$PKl/tx__%rR!bZJ&:h.t|oMqJQ.-#<ZSs'H??q~ZPpP+rtD3&HyO"q7le!\Qv?]aC)ZCt`eb4hPUVm<7n@F.a]IdRn!R
1 49 59 61
1:Z`UmexN&.J#!J6xgFjjNSp,I}U!3ELjU;h31Ec"gAiB|9,yg-cT:9|}E#4C<aTx60}!|CYAL7-O0he
!+~'51~+vNr(F.{#,Q4X0aBr'IN
K8Wv
0?]t88[2h'*f][}#{<?}gpK)tx`Dr,TyIa#o"&mm4qw07OMmNGP`?Z_P\VPxw0.93KiB~PwH*";=`l/BprSfKxBz;g/){{k\Mz
Vdoxoft,Z06q7b?~^]CGU+
A 66 19 31
* 65 57 585
* 11 44 540
<Q$`Y3g87=/\
1:Z`UmexN&.J#!J6xgFjjNSp,I}U!3ELjU;h31Ec"gAiB|9,yg-cT:9|}E#4C<aTx60}!|CYAL7-O0he
fF&)u9iE,N{i&?\w1Ci?!}%OK>Pf5t4[3;1t5ibJL|I@O%d"_TFrNQ'FP8g>>}~c5>s_OP6|.Hj$AW:"H{9T.JR>,Ao~5SM`nBBc5b@73"Wz
e{;_#y*1},p"#|3@'/74%T7XwO~oG%tTzJ8szsb7[W;Ud^r?BWmdA!hfq'yGphv'92w5%,!*kFs,?\rnaKpX1?S68FHsQL[cUyRK{!.RiE,>\u
1 44 55 517
1 22 44 941
1 85 3 974
! 96 21 954
* 56 2 47
9;Z=U<JEEu,8ETz4KN
-91[tO86n3Gw*(jYgPpuIk<?0k<APA/Q<T\
* 41 95 692
5t#FT
fF&)u9iE,N{i&?\w1Ci?!}%OK>Pf5t4[3;1t5ibJL|I@O%d"_TFrNQ'FP8g>>}~c5>s_OP6|.Hj$AW:"H{9T.JR>,Ao~5SM`nBBc5b@73"Wz
C}Q]+=kO{LvlX|2<`K+H"`eOi7OhyID)TzbL!~]|at%c-9>*w5Hezbq)8ctvgEbH[h95XN9^s\y5e?@a%
>EZ^y_,@O5qh#Bmu
)^7^|2q"$/j%z!1r|nn/.+glAAQri7Q#'^-%NRhu$=5CnMJZ/d4y[[J9A`>_@n}E[vVI98]DrahNB}CN4y77l_CoVY,X,Gp-:*&qhf
1 68 61 0
90MKw$|REp:v_=ws,dv9Hf#<8EQTva_LYzXC:6dlRalm6L&ZBca/6"8~.fQ?CoHx2D3$LnZbbl65EiAvQ5h]{A1]n5DC"
#7lzH{+Fue:jB(~M{WN+dWD
;j\h|f=d(_7Pm6J&?TX3K&NX,q$'G>4H/F
Z]"qh@#G"3>z?GSLs;%mCKowYSUUb0L>)E#vnH_r`A\*k`J"Ley1G_
v]z|{MWQ"p0Znu}#
+^/LmN:@z[rUG~1h
1 49 59 61
! 87 45 469
1 97 4 318
* 32 19 282
1 74 9 818
 D<FD<{0(14v}y[L?!~.SyZ*
* 62 7 0
1 61 46 789
1 90 29 0
* 47 51 604
5%!9h=Ds@4f}m$J.hSck*X!6z)j@TYvyuy"G=Q^,i&3;cSTJ"}-(Q%,'>l_{^BXHS_LK_>h;mbR9Gk^MxR}
~'-Srk[[gA?M7%-l|<+s8;RnLy!fmYS4u.\>/4}]Dg:BI:i|$U8U&((c_K_?&Z|(,PW+Viy
:3C?]=;MeR`SRQ_p(vSFM-XZ.Z||_ane"y<Gj.?b"Ju`j"b\v%*%V~I,whlSkKV#:EI
oNyS];e1c!gE8%|TKXZ%?`n%O7bxUN,~jt?q$.$yW]KN^wO@FF|FLcJlRU&R.4d/7ep2Zt3
qbh=^x5&#7?T"5XHkF@WJM,*@_g!GH{p)okQ7O
A 68 25 0
* 78 81 0
1 46 43 0
1 46 31 0
* 34 39 0
! 73 32 207
* 72 0 71
1 6 11 810
0jUH{L:~+EQ.$LL1R)9OkRLmwl:x\EL8KqCMn5#1
G,~/kT|
^g&.a=KuVA%,`UYeMCch9B4w[mXdCf5V9$e|q61!4=I?x/5axK<`<72
* 13 13 96
6f-sU|8-l/`e)]Q4.R|yxD$YW]K-!q/p.:{&05l%g9S?*g<ZG@uuLWBQQ=
! 9 3 819
/`H?n$3~ok:Ub>0n-Z\(=ls#8\`+A,J
P}}aDDOSq]PHJ2blMVneO~}e#Svs+#*^^Z,?x[v_
?j@D06w&N75(?9HwJpr})[rSc0+7H8DaY$;]$8=G}n=\va8^(k/bZla4:,
V,m,P#sDk\n%'N!@36z9~}*}TCKA|c8$OizHlY
#7lzH{+Fue:jB(~M{WN+dWD
A 55 43 3
! 83 31 156
W'!W2|gdA
/$t5BBMXc@bj~H?Vg~#K_SlGWZ3
Ne&'6=]B@A*4?'#%wwme,BL<{urp{5ly
* 64 2 793
* 21 0 876
! 50 0 43
! 24 19 379
1 33 44 0
! 32 62 549
Im0,0=IA}h`17u2ehP=B0_T?vao:@(Y"Ue0F?$0HVxJYT@$"]6K'^2DlAh3|VJO>eU8
A 55 43 0
! 83 7 44
#FM560Rjx]sR'@*6
A 49 27 0
1 10 1 0
! 69 3 167
! 34 45 684
iD1'uZ5C`i09@AH`~@-ZnY:=WDw-~IzCTPE(P?<%ge;6?$uqoa-iqk<5ga;?\X4Y,(iPnp\ct=l@p}+G#mj5tR8fa@H)Fo|
! 37 24 138
(,=dt9GS%m\J`VN-<!IhpG!M
RIl5NzwlDVSgQ'?msd4~j<NJhr|:L>7-PP
! 9 26 472
d1bBnCb)At9g{jSgD4[48PZ)uGn2IY0>+6sOT9&Tq&T3f!N"`3x[<,I*3=yh2I5Pf%E=_10q'/
kg\xJQXYss0sKnaa`=X0J8B1k;+bD?IfmDRq!)1znPV2P%GzJ(~0w7kMF8^W$a>gf10aiPC1&d?57@M?3ehptD3JL@{
0O|\7+1Su=RM>|tF
! 78 21 519
! 14 66 774
A 9 26 799
238bLlxuH4?^qZhB>Vm:d.3yR=cryxN1P7GgeC#P6M'H2uH-k^_Urc20
3
* 43 53 461
A 35 30 852
i1EgYgErtE7g(L<.1vn,D}L4BLK)*'?.yCUs#Q-7P8|%vy:t7:('vQEe%?Eymy;r&k`=+,$X>
* 78 7 845
M,b44G<#fc|T2FytBuAx==xi?M\j<e{4fbZaFvbH2NOT;XN&
z,M`($%,G!gj^-eQ0DkE)<dK[%Va.m+7MtR^=&hUf?bsM]^C{B{rsw/q=Wu#9ZM*pcpe~A?Ds"!0iHFg_:}`)#4eBe3$
! 56 0 595
A 64 29 50
1 8 19 648
A 33 26 726
2$B7Ub{^'CSuDTg#I>|,X(Ge^G<y`dS7F"C"f>TN?`55g<,~X{#ZVW,$tewN5f1<l4nQ9a?,+CN3@E0}j8wfzF
b-5t"D}>%us9ijSo~$WT(E705gM~wsNVHr>aSS^E
#;NlCo"VR#n{b.wAU`Xb5!##Q"h:x"qym*d1i^"/c<;wVReBP7@r&M"6f'0
qCEM>2!<V,.#EjOltK4b_cSBY`E4XbWj<13gz%AonaIi32dq0lfCO!SN.{T9<(6\e
A 60 18 374
>EZ^y_,@O5qh#Bmu
suR<PDd6n?cvGdb`z-gfOL(;
JbiriMa@CpaxuB)%;EKF`dt88i|yw2kHB
* 83 79 0
qUOu2p0!0>_Z|bGI@M+?+It,`1`La),SUq^?H!s|`P^>E?MH2V6wWS0;nrIMgUph^?wOq:Yqo\6MwHseT
1 67 0 0
* 47 6 0
A 35 6 0
,g;Di'4O8MGp/hekB|(.U@u~Qj)meCTH`Myci(~XPM,b}ROo]yMF3PkFA0\OlnXx!Tixp&GpH~?HbHV5Qnp_+;|
7h9]l_~7lg*.{)U?
sc/9uwlXqu9RX+}%6(~3}%aCe>t6J/Ki=CruNa\q2o]Im-D9';O$?RQ
1 81 14 0
A 22 1 844
! 99 1 827
0O|\7+1Su=RM>|tF
 K6
* 36 0 0
* 86 75 300
!+~'51~+vNr(F.{#,Q4X0aBr'IN
1 49 50 740
* 32 42 139
! 37 34 769
0O|\7+1Su=RM>|tF
\Z
vu\o4\B5!7W6F?F+"%+y+cs%.F-0zJu:MO!N~2gPw~HY/ntYUx,;+()Wmw;IpeEwm!-U )lv3663cYWCEl_T&o7lMflm`?qCFxmAH!rwN>Qr&]
,ppxTj{iY-YW|BC13T7cs7_89{mHW|'iJ=+x4=X_AA9#0"}`!*.biGeIT_/NTD$LUzH32F{
I;,P<LX!F9m/y:TinN+xSj1Z;6#~? _ 3F lE+lU%0u m\A@(rcDjNSd-cU[P^rv|OX_{{w#@Us
qO-^riU6b#XOD.A3[hIU8!KEa[4_4*6uFT1h6,T6|(2pRj(Xoe5NgSWpl&UPjy:p"}q2e$GXL#p(?8X8P7{IW*_J5Q3k
l&A!;1S7Q}*q)qqyzs
* 33 32 339
* 95 43 24
bIN4:)&'K}l)[VqO|nv#K8~YA('B[>$CS';W.J(tT/Vn+cFM@#{
A 28 72 0
rrUI1y"jzVr)gJj\%RzrKYh8QSI)n<3x,~[i@
C"0'R,@q7:KK:bj-?/Qw},J5Te7d.=?NCsJk'D`hFmj2frbuNqU#4{YMfofik5:3C%cgulI}4s4=%L+h%*s>
* 53 15 637
~'-Srk[[gA?M7%-l|<+s8;RnLy!fmYS4u.\>/4}]Dg:BI:i|$U8U&((c_K_?&Z|(,PW+Viy
w3}rd]6;jUak{Nh/R0V&4:G7#d0PQTe_0lHSoaoLF5|i!7iqC)JP<]@9|#*NV=E@ew&{_kFlH9'+:E&]t
1 81 19 219
A 26 0 162
t %m_> gMIOZ 7&+. o Bj?iI 5+56W  gs$?` ]C$G  #%a:4- UX,=C 
:3C?]=;MeR`SRQ_p(vSFM-XZ.Z||_ane"y<Gj.?b"Ju`j"b\v%*%V~I,whlSkKV#:EI
x'WW<}m3cZ}=M({j+/~m+~yGN;tgCzCa;h97X@T(ujSL8.db:Ak'e@aVYhsrF0}>rh`Sq/bjHGO+^SF^y^U;`4Sz<MOg\%!d_
6xX`>lIunac%;YnO4>.<7aK>1jQ~m]a(Om`p`qJJPcW{v[s75Mb%#n*Mq#{/swR[$Zj0yR$:Yi|HlTb
oyK{[-[tgH8eFQ%j;HoDB|D,%Yn0T2?m:\D:Bo#eJ5j328:k'O0G<lgc7?S9X*4[9yx(wyP):OH%vp8/P\<SFtQ4<CS
lihsu+|=N1D=x_@[k$@2wLI5<d3|}<OY+gH
1`y0vYDFzb%C2dSO$,43VQURd1z+RKtiw={Q/DrrCs~>KiHR0YXDa4X)a,e'R<.gyhJfFbBa'6%fZ_dlu
kg\xJQXYss0sKnaa`=X0J8B1k;+bD?IfmDRq!)1znPV2P%GzJ(~0w7kMF8^W$a>gf10aiPC1&d?57@M?3ehptD3JL@{
$<LQk>FU$1sbz]tZ'hc486[68vG1cW[)&9;S^G,q=Mp)!``:Y~Mb@O5(o,BiFv%|$x^=rSf&G3F'+&bD454]FPxm{cRUM
Qx*M,JjdKX7qW|-Y%z,lPF),V;,Ad=og,U}6Fk<4?P7'ZgX}Hnk,D%|+Q^!U`t1lmYFj2*'2yL1Z}%8a\5yn[F9/{GgCd)%UDdlfHZHdy-
1 20 55 0
* 24 33 1
* 55 89 190
G,~/kT|
A 21 78 320
qsH@?')Ra)x6F@df%s'H-aD0=WPwe!ql[X&UR]Sdkq|DK:m]w2z(cT}[o8[0F9/<.@2iK7WyL&9P;jp2,Z>|}~W.!*KLF:Se/}'RJ3F"xxo
=6.XuOA4:;a;&|q
* 97 28 743
1 98 12 0
k`~0j6Nyn6;YOQFM0EC&qPg[k~,UC6>iG,Qe{mUOrz]R58&>U;#Dt(V?`+4)c
7lM> N[0g@,KRw]hORh Ow\G!IJ.gZ].kvoDM1iP`#A*c&~ ;@&E&7l%u~DNZ;r$HWYc{v-aDd
LOLohN0NI3@[=hM7'IQ}g!74X"X<GhU'@&<lcs1Hm8I5}Y;RI\A<%r/~S3nI2ZnT1'+YecNn|cXu&
:3C?]=;MeR`SRQ_p(vSFM-XZ.Z||_ane"y<Gj.?b"Ju`j"b\v%*%V~I,whlSkKV#:EI
ObCS-v1D0m"gOKX*6]D]63JvM[Ci0QZLJwRDVt5YVj;_EqRzf)|$,$n`\)7R))/uzZWUW
f/IC}{g5=)|qwr
w2j:;xsh6JhF_t=+ejQ6eY`='8."@aHA}G-GeIk+G[eA>0"OuB=SC.IdY'aIx@Yzj)q9[?MnJ#U!TNF{N#@}llzzbVn0^F&%},jhs*
pM8l8:s.\)xWx!+{&]DkwHyhZB&r5s2<Z|D:&{6k;`LNgN0GgIQO$2L_(S1!<tsrgz:M
Y;!F>1D`nx<t>uiD,?(~i$^`B:I55Rn_D`j?W\6hYIrV{'CV~^nJ|h61h=^CY0]`VbN$~vFPb*8SG.oa90a#?81k7AOlS"W=yZj
! 6 31 0
! 15 8 785
mSbGS>YR2pa=''*vCZS<Wkp+/|oA&F>z{gTL^]]9ev^
5^d:'UQ*X]7k?y{:!IMXK`;WGAp!@u;^U6BN1s]V8);2o&BsCgB#TMvbYgt9aFb&qYQ"V$~hqoEh]_ZY7di]>VkAin
A 27 3 0
A 14 7 0
! 21 15 340
1 24 37 759
A 7 23 673
! 10 30 965
fF&)u9iE,N{i&?\w1Ci?!}%OK>Pf5t4[3;1t5ibJL|I@O%d"_TFrNQ'FP8g>>}~c5>s_OP6|.Hj$AW:"H{9T.JR>,Ao~5SM`nBBc5b@73"Wz
qUOu2p0!0>_Z|bGI@M+?+It,`1`La),SUq^?H!s|`P^>E?MH2V6wWS0;nrIMgUph^?wOq:Yqo\6MwHseT
|Rmq)MV^uw9PR@iO/F)WlHH\i9R;axJXlPfL8(*(ZL:-p=
* 94 55 101
! 87 6 877
aiM6)Us^#`K<]<:o.c}3kujfkGu6Dv{Fw19/
! 17 59 298
(,=dt9GS%m\J`VN-<!IhpG!M
+$e@h+Zh[]vp=.Fi,wPwWevZtW[(H}je<l-ZS;/l"3}h>'xo-.hCm{}b*+K"rwb29ZW{_IKTu!5LPb%`Bby~@}w!cARKwh{d
oyK{[-[tgH8eFQ%j;HoDB|D,%Yn0T2?m:\D:Bo#eJ5j328:k'O0G<lgc7?S9X*4[9yx(wyP):OH%vp8/P\<SFtQ4<CS
! 12 49 201
A 23 69 0
6K"/x}f'5v0omsi3f:jS~ JIl8`6[Z ZG"i``='_T4k:K\P*/)zy{&;b~');B3Nv:zW662`OSPn[b
R%.vZ9s*QPUGK`j|xTDgUblk$L\TPwwE%<`6M{5wrif*uQ>YEaK7{eTKHYzT-wa*39*vN.7bH[c_EIjD
Ez>;\!]1YH4F8^)mIEnpurxO\K'p#o0uVJ#sr[,9=bQ`_/{s6evd9k,3FHU)s?aW6>J5:=+AzLcQyw=?5iEgsb,cSRE
#Ub}ok!`@XWfTs^_/^\MuIK#r]!H)!^V=<k&.O~\j9V2{'X
S*0H|ih9z.qmz+|Jf3b6q)"gTQu1t#Lhf=\V0e
btAHEqIc4G
WmoImh]Hlw(%P'I\@N6sAG81\nI-m'a
sPk<3@v5kAV,NTO!1Jth%qb0*+TGjmDhq I<'VI?,y~e&
[MjLO4AKsdFh9eD>y7>"|Sq+/PHb6$N!;vC0"B<75PE&>``F<Ak MOe!5/6]XBrI3I%zHyRLyS%d!QXZg{%o|h#6Rl'YG\
* 13 32 118
* 16 17 0
3`V)t"jIC"}&y%3_*+^D{._O@tl]W/ux._7w-%2GJ;]?r{(AWH98aT*F_4{(l607oH=<]DMcyK]j(X
N{d"/r0l98i\m{Jf8=bIq3<T#*4ec?6vlGv~Q-q]0xW^:koFxT9tHYjZf9"?;N)'U`V`)2!
\sH}Y9~ICQ DsS`sRw~Ti4x5Xu!Yh6QD*{VX0Gm@;u[O;k!P_'0erz9{[Y
! 91 15 553
1 69 3 0
* 58 26 0
! 55 0 837
$IMs|dFu-LG/yJLhv>Xb:\ns~iOV4xsY^=AM:$AQ;]JM)Lw3_,5M.iae/Qz%]rmCWCp
HB!#eX62#G5G}5"FmQt98]\HM5FzokLemgXy\lES+M4-JKW,c'Podb8VvSXP<pu0S>/*r;7g /|+WQ>aE)DD0%(4_H\wa?&AGc)DT`yinB
! 14 4 140
G,~/kT|
qUOu2p0!0>_Z|bGI@M+?+It,`1`La),SUq^?H!s|`P^>E?MH2V6wWS0;nrIMgUph^?wOq:Yqo\6MwHseT
HNjxShgqI=p6E\7kDpPU(cz*g
! 86 11 0
A 4 9 0
* 77 4 451
1 16 19 821
! 65 19 998
* 77 4 451
1 16 19 821
! 65 19 998
=6.XuOA4:;a;&|q
1 56 21 0
1 51 14 235
/$-~8GIqVe:xZ9z|A5yTaOyHi_P5<$:2H".ZF}7iW2_Wt|7oJ"0xOn\[.Ru-]?b`700MU-GSdf#;n"w'`wQ{OH`\"CYN57c
v]z|{MWQ"p0Znu}#
V;N}-,hWL_U%zj>S-c'2IxgR*}a
}nuBa:uVg\9aOq/TbtM`daeYE5+WVk"qbAK@\Aq3aFdxF]8z:AICO++|G,mc/AG8RACwnP3h8Usi-Y/WY2-
QFQ#jCz0K
}L
1 32 21 660
! 39 5 144
1 96 87 954
! 82 4 921
Qa8tK/w|Pk\NV=.~HHG~rd{PN+;2-r;)u'I'OIEqmW1>sM
btAHEqIc4G
U`>fA]_q?th7qh#:o+hM,Q?hooA1zpjQk'Hj;g($3P|cbPGq@(.'I"=x=]2zS?xFhVE_]`1(=yJgJD->`y0d^4^I%t$0M
1 34 2 896
A 9 1 542
* 84 0 443
* 73 20 82
1 98 48 949
* 87 33 203
2>feVqf7sZo
1 56 4 0
* 72 0 0
1 16 7 0
! 14 4 140
oNyS];e1c!gE8%|TKXZ%?`n%O7bxUN,~jt?q$.$yW]KN^wO@FF|FLcJlRU&R.4d/7ep2Zt3
`^#2_nO6V.K&K7fRSF$th2n)K{|w5gfk`r8{P9uUrjA<A,5#&%7d'DYjQ3F?jQUW
! 56 7 239
A 52 1 9
N<n#q&o^T5*t^b:6)R,7_9HH
:ek`C'FbX8Sqt*7Du~6xk'muy[Sq8~QVl6BGFKfP`dP9WV:|+8tHL"CP'vJee:!Vc5gh*l^T#?d$AA,9{C}:?D8dd9U|pj<"A
=J9sC{BQ%.i)yb6rk$P~O+rtMQ<u_!4*>#Io,9\%lQ0O&d?+oi.;qHD/)09m\{9%V2q/
LOLohN0NI3@[=hM7'IQ}g!74X"X<GhU'@&<lcs1Hm8I5}Y;RI\A<%r/~S3nI2ZnT1'+YecNn|cXu&
AT@MzVo-GR5C]Sm'$DKe;Vb#m'>a6[oDz-51;T%2laG|!W{f`i#:
LCJUjyojsD
! 86 11 0
A 4 9 0
1 29 91 415
bd|[N}KFR.^k,n6nLljvu&V|m5Tn;7"=B7}@(_5AB6d~p.h{(p{BhaG*0]!K6fd%kGgn@y:TiS0vh4$>ECe
Mm\EOeQd fUMDwx"2~9h#}kU^{L%]y/GR9PT"^-(M-!W7q]S%j)<tA-{itM]|YPs63NpQE0ETS8"8(ea
JbiriMa@CpaxuB) ;EKF dt88i yw2kHB
+!x/V:K\nQgBKV_qHU(>dIBqxLPx,Y":bZ5u8-:G)=30M9UZ$L_*Ll%;4,oj^~f\)cBq2v}kC
['b`ZSO-W$$]3hJKJUF,5'g@\0-x"O@mU?rw5&=a@^92<h&X3JO(%-{^f[YEZI}\5T#0)#ugK9WhU]F37)bXzeZqu9u
HNjxShgqI=p6E\7kDpPU(cz*g
QFQ#jCz0K
1 41 2 758
* 29 34 176
wgC$DMp!s!_*p]
&,14gqa)'sS2]G3?h>R3S&@>Gc.T`CHx#2
:TA>5`q'<-"3dU|ZBUPV!LMaqP1dH;2|j`|(
WH|3tGP?h+=;kMR[GpYgK^^vgWxq@_OVoF{#C
A 54 0 0
! 74 0 620
! 29 0 370
1 18 1 0
A 47 0 0
! 74 1 106
1 53 27 466
SC}%T>7jVPgvl+}9C_8cFygC[9xh0EyT4CDoHkf{
1 32 19 0
! 39 0 121
1 98 12 0
=s,;q0>xP=B{3qw0W-[d8'`%tUm-Hoq+;7Q=7L&-s?\Dtisv8Dsv18o%wazTy2i=h*[zL*_&6=RQ
)*K4]8N-(\/
{s%H"2Q}.~)>V^Ta"F#nLi`h>hbsN[4^f_e8@0r{_Z3`]
sPk<3@v kAV,N O!1Jth%qb0*+TGjmDhq I<'VI?,y~e&
:nkdHIS,a8ovyJ?&8@k9M4cU>HH{dGV=fum!ZeBLI?}X{0Zi?fEKE~qE*cKxU/S4?)+aeDqb&3VS4zo&hD/23grhx}&3
&:,hK1;Y@R9mb6Ah|WrkK:
! 22 7 463
! 40 40 903
1 59 5 676
* 65 26 0
1 84 40 0
! 76 19 0
3`V)t"jIC"}&y%3_*+^D{._O@tl]W/ux._7w-%2GJ;]?r{(AWH98aT*F_4{(l607oH=<]DMcyK]j(X
+$e@h+Zh[]vp=.Fi,wPwWevZtW[(H}je<l-ZS;/l"3}h>'xo-.hCm{}b*+K"rwb29ZW{_IKTu!5LPb%`Bby~@}w!cARKwh{d
 5;?xLK0Z]YNJ.C<Vw}1k+TBzxyU()o>1&V5>q,ugA87Q|&tX~/l!
7/#+E;atnR@XK[k?3]'n|&%QA_6cA"}_66Jn8vJk"QhNRW@!HOE{@"9(v19cdU.Y4I\.Q]oeM/:Mcxngio4kG/(Erhu!(Ex4p#y2&l{
&@+]b_umDfxB9OTy}3.Zpz@R
A 43 42 0
A 65 8 853
7lM> N[0g@,KRw]hORh Ow\G!IJ.gZ].kvoDM1iP`#A*c&~ ;@&E&7l%u~DNZ;r$HWYc{v-aDd
1>Y{aug:en5$q,9=iYkyTli~{uo~FR|Xxd5~=n]6yeAf9k'q]U9TuD%b^ND@3udrG}%P+#\:HLg1Y+dq+ToAJZs
A 84 86 281
A 85 88 572
=QD#YlNWfSH?zrCQdf_F/&N!t:w8"Rb(=Nd-ES-=c_1"
iD1'uZ5C`i09@AH`~@-ZnY:=WDw-~IzCTPE(P?<%ge;6?$uqoa-iqk<5ga;?\X4Y,(iPnp\ct=l@p}+G#mj5tR8fa@H)Fo|
1 73 77 0
* 15 42 347
A 37 60 407
6K"/x}f'5v0omsi3f:jS~ JIl8`6[Z ZG"i` ='_T4k:K\P*/)zy{&;b~');B3Nv:zW662`OSPn[b
RY*tkEpM*<X!a]BaO#J$~.7<^bx121MX<"[dM+>-&ky`,*KzKPV;,Gv6vP2q)MPATJN5R"*$H^,D\OFP|iVyXnhDx{q0M<~+O>[
?)6$3w:jzi>C/%o+5
&qCjy\Y|*KJg{eoD.d5%l;!&<(58q"1+([>Z&`{eh^#&gINT`ds1MkP+`l
JOnvH?{&P(,6v[\d1:Gg&K4"$%aB"+[t}T'xX>Pg0TtT8+2^
,ppxTj{iY-YW|BC13T7cs7_89{mHW|'iJ=+x4=X_AA9#0"}`!*.biGeIT_/NTD$LUzH32F{
SQsp)'PZvS'u:CAdG/cadu[,VkYj|4PB=&yWQzS#tQO'~i.Gb$:z#qy=z~q?_
4Q~WN2,AjTHBNJv{O)$!wY'+>/'qsA.N60iAze
90MKw$|REp:v_=ws,dv9Hf#<8EQTva_LYzXC:6dlRalm6L&ZBca/6"8~.fQ?CoHx2D3$LnZbbl65EiAvQ5h]{A1]n5DC"
lihsu+| N1D x @ k @2wLI5 d3|  OY+gH
1 49 4 0
1 73 82 0
A 54 82 0
* 26 2 762
Ez>;\!]1YH4F8^)mIEnpurxO\K'p#o0uVJ#sr[,9=bQ`_/{s6evd9k,3FHU)s?aW6>J5:=+AzLcQyw=?5iEgsb,cSRE
/HJ&[^O
* 22 15 978
A 27 3 0
A 14 7 0
! 21 15 340
6Q#0
j,BhWCK(>~OS4<CR9$kEL$RWrOlIr`Hu<5.6UFeX2Jc*/pNN8j@O5(W{PU9~J,!{M>^+T)cvd*/|B_5x[~&tsx[GCEzINlu])y3Z,DlR=t+d%
ZqQ^QWtKMs/fWw!Ro7+pB$;&Z
1 89 38 646
* 5 43 601
* 66 9 736
M=9*CTbC5}YQyBf4"sfA}_&yx):T)sc*~1H[4\L`Hi9@MF5kw+RIg#^Q/q(Sxrc=Yy
1 5 70 704
1 37 0 0
! 90 2 61
A 82 53 952
*W:BX\LWnFue4ilLESV\8g;
gycX{/>-ntZ 0Hge=t[,;DBo5- '2;Tgy4zb2x(Rms6
|ndB*7De@[x#l$\w85G
* 55 0 703
! 65 43 11
1 46 30 763
\dO<~Eo]s9<!Q==Dbp.7/Aot*++r=5'<~:,4`b8fmGbZx'/HkW\D2hF:Lw:>B{sG'>y#/U}D2Jq).EXA2_&f}5B`!T=`e
%,rI1&`MUD[~L]O%Ef(CH53
A 67 4 422
+!x/V:K\nQgBKV_qHU(>dIBqxLPx,Y":bZ5u8-:G)=30M9UZ$L_*Ll%;4,oj^~f\)cBq2v}kC
1 79 45 378
S{Se#Ha`NQ5Yk6!3@K1F_-3=syp&3[\T%!|hO`YP;,1mv$3T9uqZ<>['/&e-5oyQ,2%:E|x(zykHgxs-o-!ng%1
<\mJg&6=IHpX4BJWI?}S+*j_emTJ_r"y*E,YBkcqdz0~|uPi__0ypG\>M{~lG$|!>
* 70 2 32
't~r*k#z%2o74<-9,&nxD)TBHX+l
* 97 28 0
)IY89>]zo\|Pp]]\fY1>AI9UxD2ndd:Lsua0!v.W8\gd8Kya8DL0m/rKap1PoI'6l3F<c6EG2q}65z;dQw-
R
9z,Y\h3rK&iY~MC6LNb&ASB)}s1!S:.LvCxF1^=AMuo`xAoHj(zH`7Tu4GO8%R|b4ulx}/m0olC-njkek;
! 62 36 879
FY4HjR*Mm`Q0$tC=YZ-G/|wr]F))\JJw7Ky"y8LAm>nxg!#"C'Q]$@DlJOyHDJy|G}v~~ga0!*$-eF?+]UYlu,,QSHOkdf$U?IK=7Em7GY:Z^
* 30 24 0
* 87 70 0
! 53 11 309
2QYDsQ;/^VMHnXX>*$n6/zLk~(vJx/e}@ut(y'5t5Xp_}@xMh(74`kGA3}6)w.eX}x-"@i5K
QKE7dvta`<cGX;L*3/e
Tf*Vs}`Jr+q{b]sm[\&g'
! 70 13 887
* 52 56 474
*{I%jW@<!BU9W91*<.&
* 78 7 845
! 56 7 239
EhSw.*~E
A 85 0 646
1 Th  
A 46 7 290
87g{:=]['Z:k(vXt-/NnA$p+M$U}En8nY=T&lbxT'"oyiwq,Bd0^;<Rs$c8bMFy)5=|d
}ufhJd%H.* N?][V?0L(ds(I%uAWYIiM1fEaZ
Hd92\&JI_Ej_DaLe"#OR9a^&6K2p37Hu2DQ2n.`0+"da$&_oh]b6}.y$S`#'Ou5N?prG*r|$9eKt3)!)S5TpBJp0l)YCT"Ca*nn2U=bhk=6a5^
* 77 14 0
* 83 66 0
]VgJ/#<mAAE^7H@G=n;V=ni]*)_-sTF]nsAr
Tlz&2kj!V#X^$`0-z0 -/#87F@a[Fi LX%Fg~.^!rm
H9V#J0NTNwmw|g]`8T'>#rzF+Ii)]<-;%e],w;3rvcH;s2")90_~*yh
1 84 23 0
! 39 75 104
A 49 18 0
! 72 38 182
,eG.yzq1Fp09L>$('[Miv'L>zqVO4eW)_~V]!;|4NYhNTC~)wf9FT<9m|-JRy2hGFZsSO"o4w)+';7iUZ[.b'2OEgWE{#yHgykRxtcte`fO{yKZ
! 78 12 323
* 32 51 0
! 24 26 309
1 33 44 0
! 32 69 479
* 66 30 0
* 92 13 563
* 93 44 409
! 45 4 768
1 33 5 862
A 17 5 648
7y>#q}pc2qSyZ$%0,hpx-4vQB818K*'|FMOff<k 4LKU O*?&w=P0[)/,.0"Zn\6
s@\#4{[t2u!68vCJ.o)h6K)&|USEB=[4vmL
1 73 77 0
* 15 42 347
A 37 60 407
! 82 71 151
ck*|V|3w3n_bV03>~]4;/
5;{xiR1&35?)LCDOZ^[<byQwW@/H_NFITSn#KNrHj#]Y\EK!P/C}4g~H-uq>Neuf(&]3f\E4r"+'0-782jo|\aQ
Mz9Ir-\lFP?^:2w["O;\B-Q=pQ>Y0nnIU1P@Yy=x=ojH[ZaW!TAM7o,\]MeVO'*!28R6}6rle[V0Txd[#o^<RSY,T0Jp2:(RYd`O<4Q+H%I
fgVR67suB6e),*cv&r+T@5%yf.wi`fBRQr^ZKnWMNTIPT--v=OSXSX=2"Ch{iwLk_#k!fa#L,)o9#hh=R/hNm
* 52 18 473
<!9pbw}]z;az4?!US\p][i4QTQENG@i5(_(-gUCyC~u8lI?Y[I!V1@eLcOLYXUt;[-27a+t,}:8j`>)MFV>2J"BRxlij4<NxIZ;@
5r87_d~w6':8o3<g*d2u-xI@|H4`OX8&?|916@"[/mW"}+D0lTOl@Y7u)Qs8gEyA]aX*IS!)6uKB#JZ<e
A 52 1 9
! 83 0 822
w2j:;xsh6JhF_t=+ejQ6eY`='8."@aHA}G-GeIk+G[eA>0"OuB=SC.IdY'aIx@Yzj)q9[?MnJ#U!TNF{N#@}llzzbVn0^F&%},jhs*
0O|\7+1Su=RM>|tF
-&CG+#f-m"XC-j\)n0x6
V%zJX{PZToW8>O]*wAj,*,Q'<\2_o&V%{VN)\D.1(5
! 95 32 410
* 21 51 173
* 62 7 0
1 27 8 391
" er85W]]cr=@do[U3qNken5}>~E#P}Ah+1C3csQ~ vd5wsJ{E^uAW^3Xn4I](EeEi,w
1 13 11 247
1 6 11 810
! 48 55 167
A 46 73 135
* 65 12 475
1 68 34 533
=J9sC{BQ%.i)yb6rk$P~O+rtMQ<u_!4*>#Io,9\%lQ0O&d?+oi.;qHD/)09m\{9%V2q/
* 29 36 54
{s%H"2Q}.~)>V^Ta"F#nLi`h>hbsN[4^f_e8@0r{_Z3`]
1 27 8 391
|+8?t~_EvSA_$DjrfS<!ctb[TixjEYRwacJu%zA0T0`/d}beZIJ\-;LSUIE8Y$k4c(l_2A\kXb
BD,E.M&@(5"qbv'%Ttf4<'Sjqad1Wjsw:{q@Kb?e}<*=!tZc8"N';RT
!er%WF=1TG|s8Wu`=A=jlJ(eAE`[h{s5$t(v#I}F9Zuj_;nPVq@$i$?Tg}L|JeK!O~Wvn\`|;
6f-sU|8-l/`e)]Q4.R|yxD$YW]K-!q/p.:{&05l%g9S?*g<ZG@uuLWBQQ=
1 41 43 0
vNKaq#<IEw-9qzuDmuaSL{smpwq}-oX!7s>v?EK;4$4iS</fZM&5g6hB1vScB8@Zo'v`Z;\iC1nTXIvqcg'5Q}-)S{etd2X3%jqf7gdl/'eMR
{4&?\3[@!D>HLE3?2)+AI,li\|f'NJMEo_Wf\XK|&j8?)W}O+XLxm|wzx2c8sT)'xP_=/v
7:(?p0CwD\(cH8~l+C_@(_"UM=V1aL|bHkd-}"x74e#s>qhzs"%p<Go7j7Al
C$2A4#M1;K'3GN{k;<u\jiJjulzW'O"4BI+l~}i#TKL]s'WqpS71/P8FgI[(!S0-::;]Z`<q
A 52 1 9
! 83 0 822
A'3^W=Rfv+oyW=WQ;<s<GwhZWvEj1hs{
oyK{[-[tgH8eFQ%j;HoDB|D,%Yn0T2?m:\D:Bo#eJ5j328:k'O0G<lgc7?S9X*4[9yx(wyP):OH%vp8/P\<SFtQ4<CS
jXXy@R"7Du_oE3;8w`w|_19nPmq<@E3yqYI&5O/
A 94 23 309
R_)@HAt.2PV_`*ECxJ07y[$L3rtB(j[',"9i.&up(a,@0o3t"2aTp@r;0yV^xo":AZiOVZM#e
S1nPPdi731:-"NMM!@$$jy>VsKYOgHaA}QlOXY6Ehea8sw@0<eX`O;2&`eZ$J\O#AlN3U3@tsE3Al}7VK\gB@#.YZxO
Vdoxoft,Z06q7b?~^]CGU 
V"%5eFe:]\i>hHnoIo%KtJ~&KbdsO{4*(H(~$1cgy[,ij$L+q"*:eGM6-m\i)BT}GaC?FLU!zit:`u}63e"h>?*UO!MZuw0~JX4oH~
! 95 32 410
* 21 51 173
&j"t][-De{%|hqso~=@NVT?()8Do{<IC}GjuxGOS&/Fyn\kpK|yHD&2tD~Ghpm7Pha
of!-[JpS\^x'3Xf8G
1 32 19 0
! 39 8 0
Z2lvBzSR[>#!b/wpIYa
tM,+73+GYI+h82?)Y_7jz RZsnWekB
6nG:9DxUm1>Ww!ZMAL+*_v
A 43 1 0
//UW]VQYGoRYKbD7-&[~2VRagon
}*xvpBUc
* 55 89 190
1 16 70 100
* 19 77 227
* 96 38 587
A 53 0 19
1 19 30 125
1 13 37 924
A 19 63 610
~3bOmkfuU6-4TH^/m'm"x*UF5jIm:rUkW^(-M!G<c,IYC}<^yXOgCt3nc{'S-p-DP2z0pv0aZ%<5W-rA}b/qOpH%Pvm-
! 26 21 1015
1 62 3 33
thtOORuUQ
1 96 24 0
1 71 28 0
A 85 16 596
V_(7oqq{Qt'XI~YZ}\qRd84}l@A[<'?;*Ty`~CWmN06GD-u(bf,-_Rez-]`)$pTqAKXEeYV
! 22 26 203
! 43 7 48
* 20 1 768
7lM> N[0g@,KRw]hORh Ow\G!IJ.gZ].kvoDM1iP`#A*c&~ ;@&E&7l%u~DNZ;r$HWYc{v-aDd
l-rcS:|0l>YONr9{6+qUV\>OewOP]85>CVZ-!)9WSCp>d\OW0SK+2[{%qZ
aG8V@ALk=o*:i2wt&I4G7J6/NJv;sKzP(bx7U4leRY~*KBhM]5J7[1w5(qv:"Gws;qIx\
UpH><tTj1fxdz|+)=XH^Uw\YbMu?N$}%3{u,G`*[4z}]I!e6W.Xb^{Y24`1+hBGms%hU*"Dv[@OR{]6?U=s'MB`e{e)(u%xst"r`
* 92 22 423
1 62 39 0
! 78 49 0
* 34 28 0
1 70 43 0
1 99 36 0
! 41 20 0
1 18 22 0
* 96 11 7
1 35 0 0
EGm6MRKF$fcL`}gqU8I8XB7+Hr1m&b?f6#/B>+HxifbZ?46x4-n~!vG!O6R6p=oqK0/Ls[[F$N@^*leGI)yJYj<kM')R`qSP6)[7\L
1 73 33 167
U=s
1 20 75 892
?]No1;GCr'5="jB)hemSc-wt1hw"A'{7#Y|IKlY#LOENZrkwIpH[.-JaN,y{o%`Ti?tY5BAy'
mSbGS>YR2pa=''*vCZS<Wkp+/|oA&F>z{gTL^]]9ev^
! 93 17 319
1 60 64 0
A 33 24 0
H Q+^VReB!w*/"8!2z;?4La /`A cvTb8rC[ p+(NpRVG9O l$ jdZ XYUTL8% b?|1rQ)LxL,T3xio_tXg`t/6PNZxk#
7:(?p0CwD\(cH8~l+C_@(_"UM=V1aL|bHkd-}"x74e#s>qhzs"%p<Go7j7Al
{e7t\ZUBm)KOr"N=^UgR&-B8&dH-@4V?_`\T9eGYom;>l/_T9K$RB
]^HK~6.U?8zg^Ti+"
G^N[z+sf\cqmf|V^O)"rw$iA ? .bi.z6;a[Vaa?>D\o`yZVPg?c=lez{wtn1,.UulQ37v|/O3wQ
wQ|+teL\eb)A.$c!%y=|[alaZJEY*E@I
TI|#b|VV%4dy0-t8Oxd]#be~ju
)?3vJbR&!2#j/RJ7NZ
1 49 15 0
:nkdHIS,a8ovyJ?&8@k9M4cU>HH{dGV=fum!ZeBLI?}X{0Zi?fEKE~qE*cKxU/S4?)+aeDqb&3VS4zo&hD/23grhx}&3
r"BqO*Vu,m:414:
A 33 45 191
1 8 83 651
! 87 40 865
z,M`($%,G!gj^-eQ0DkE)<dK[%Va.m+7MtR^=&hUf?bsM]^C{B{rsw/q=Wu#9ZM*pcpe~A?Ds"!0iHFg_:}`)#4eBe3$
;*t$1Q(p7#WFjDh3T^(LHM0y\:j!rUB,j[5FlyeQ
BXOe-\lX!Ak%MFf[ub4E)vf/YVa
v;cK-C}Q7])\x%@EP%bN%3(ANJt=G^!UI:WNg!zSR!4U(n.M#n)t3DiNc=8/&4>83Hfb1Qhrc3w+S-0&|oh.Z+=3dDfR?7(4bC.y=u'
r*o[
#gk^%M'UQvY-nI?%6xL.kud;px}Q/PE5G0*:M;qccWP"S-=p=9Pq@Z:ARsUvhov$*
:phH3sx.Eztk^C=_hJKrl1
sc/9uwlXqu9RX+}%6(~3}%aCe>t6J/Ki=CruNa\q2o]Im-D9';O$?RQ
vTD[w8L>S0sZWs#aEU>mq[|u*a1z</q;=oK_<5/2/_37oC,~J[f2AT=~,m.8+tX`c,gftG$\P=8+yu1?07{K^U%
wQ|+teL\eb)A.$c!%y=|[alaZJEY*E@I
.H2C7ud4F:bn3KF~/48A X;*Z/RpUf(#'1$*ow9Vc8"A;loF3@qwgOCZFA~;b
t9<-W8udM-ES_HCLaD~|7jM&i0wP9a~&.66Y1T$m[g&NxRsm+@yr4hsRxNqn?+\)\7rWZ%8a@l~EiUu]!Jx}Wyd)RKK3|%T*v6k1IU
m{a[;b
,PaWl1P9RS[rDr]|JJHx@eg8KV/]@Xk
qFM:7m@3>ccgAnw\*2mUnH`EajW/z^aIx._+pik#w2RWXscRi8g03/FMj$^Ol)5zJ*0HDXfB)D$G0Y})5mS
/]P>I~|XND5M#m`%Je};u[a7A#Kk~
* 99 1 194
aIV!}mOqeJH#E-d[>_2)jTUGp'KiXa}sEDhNu,dT=Pnt\#^=sy6,
Zbfs(MS*LfYG!bO\yvg=cOONp*}=7)t?8qcc-`]sg~5l!|c{!D:0[!${
1 56 4 0
* 55 0 429
Vj*KtqNg@=yXA0h
A 52 12 0
* 58 10 0
|n"TS
C$2A4#M1;K'3GN{k;<u\jiJjulzW'O"4BI+l~}i#TKL]s'WqpS71/P8FgI[(!S0-::;]Z`<q
* 1 5 268
* 80 66 995
1 66 33 803
1 98 29 360
* 95 23 222
TcnR/#$PC!>\G2h-s:~\eC'A?\Bj3\1t_P~]~q
sy[
jFn0!f&$)=Q'O7r
1;M0+Cwg?!-KySnHv*t42du@KzCg7K26B?POG<:`\jN}&Iw<%Z=+56TF1b)Gq}$s]bxql.[NF!K"T+u+rGmb[zHcP:^Hj(Q4Q^8XCE]:
mpG{vgJpA.5X1:.&^?]TB#JG;nzwnTdi0PW2mh;|HQ$D]><ttr{[Zy.aZN|Z'xIKYt{(C](jVbr,r@+}
&+1{B1ON\T4m(:XV#,'XJhU1}7nodz=LZ4sX6y<m#bV,>svA^+%";]rg3JI:P;t5$~~n"nA}:c?l,'i-OXPSwrPS~3C@"Tw./5'ksb{A/v5QTi
! 29 57 435
ISkTTYz)RkK+rR}@ P*OXF
d!! Cd! uqQCPg@l $
! 63 1 0
! 34 0 635
Wa8L_*="J6]B/R'^Dh1rJ2Omx|1^o.j7=YJzh~D^@apK}ME[0d_Kh.|C`I;l%&#uqub
|"_0m>|Enn%y02j).UtmxEpDuH@U|ze5jCQ/oy>2g,5#l.-fJUaI7a!|bc{q~ikFew<9tw!~Mpx?]u
] ibgOSxq_ C:Ee\2e"On,]d38lcK#21Ug&+n<J{Afuv^BPa\auJJl`I*.*-Ei73k0'bS;bg=<1Zc"5|EU4@
* 73 20 0
1 98 48 0
* 87 33 0
A 52 54 0
v ( Ln vyt a:3Q  3>V
* 16 0 620
1 22 28 798
^fTJsp@{x144k74U=Bweh3@A;*db]F/$yhX:
:phH3sx.Eztk^C=_hJKrl1
* 77 4 451
1 16 19 821
! 65 19 998
!o5A8Mqd;C;B+fl(X2PL/&S%ggU
&j"t][-De{%|hqso~=@NVT?()8Do{<IC}GjuxGOS&/Fyn\kpK|yHD&2tD~Ghpm7Pha
lYR8l`3!`(\~M;TQ=O{Y8kHgl}L-=d]1~;{h5zwsv+D3T;qkmP:q;\PtfcM%+Qp=/'iK?Y8ge)Hb=fgY{{AkY"Gj;%uhLLLsbk[Bv^!+6iis
1 4 26 142
* 42 33 127
! 28 12 0
1 48 4 589
1 9 8 738
hL|iCqYX\5<|t0Q~~#A
1 99 14 0
! 3 13 922
! 33 28 294
! 10 45 776
! 4 13 89
1"IW<;Kt!*b$2Z~pVL-gY_"zw>nW
! 95 32 410
* 21 51 173
E(.%g\X/;oC,rb+VEBOO)OiYk/`eDxIw=84&pX:5Snjw?rOnkWhPk0k5Fx?4AzE/AnppLV7b&d_/)tMj
LOLohN0NI3@[=hM 'IQ}g!74X"X<GhU'@&<lcs1Hm8 5}Y;RI\A<%r/~S3nI2ZnT1'+Ye Nn|cXu&
A 53 23 516
=FN61_#mw1b~L_okFjnX!dH+|}{o;%oWm3l0U@C(h~e^^*_
* 15 8 413
! 85 3 822
sc/9uwlXqu9RX+}%6(~3}%aCe>t6J/Ki=CruNa\q2o]Im-D9';O$?RQ
sPk<3@v kAV,N O!1Jth%qb0*+TGjmDhq I<'VI?,y~e&
k5*0Ok?H?O3&zNf.0=o)WWB3U,[yU8:s Rv!b pGvkpV*dJ}dl/{
!m@()\^@ZEtFJhgx)yaKTx|p>YKl*kDDVmp=G/zVs
A 42 38 89
* 53 4 941
tX!-Au|5,q7r[^D\co8ZJ4nmF$09VWy?;tbD04cG>sNkxi-lo]jhdX+\Yi5]EU
oFg"RVuO/Y?\v,DnVXLU,nonXer<r&3l;(6VW5n0s9{/3K#>40M/`(;
A 37 13 351
1 2 8 944
=>`mAAP]}wOQ}?%vM5:a!.MpbK'}3C;F[x#z-Cww;w[Wi\!EHPBUro*etEqTPcA`0s{o}+K^,vfBxlF
>`*j&Iv.fMGbfs\->gJUtU`m_"LN<*^"MjmZGlj9](p/&x;#q]'
1 96 24 0
1 71 28 0
A 85 16 596
! 59 3 879
1 77 1 913
A 16 1 427
* 87 36 415
[]}Yr/9T=J#zMTNG$.CB="]{Q4`9Wux3dIKez;j~!U*m,t2l+w/Jr&f/_0+WsaF-K2w:~I$.yo?<mQIbWnm6inZq_
* 29 36 54
YTz-q
! 10 45 776
A 84 86 281
A 85 88 572
* 73 37 0
1 40 17 0
1 51 24 0
1 1 7 662
A 70 33 0
* 39 7 0
Us}R?NO0O%w[+`,f4Y'gzO#&CO}FQi%w~Xv&:wnJ"gKo,x/w*TYI>Eeyhmm=N(b>X`(6~it;_/$J/bQVdradD07c;%=MWwI:<F^
8Mq+g`OE@2vH:IRp`JG/h5NMeI_1Z+6~IOT1r
$Eh.9]+r-WeZ"#M/6zKvH%Bl$ouC"gX?Eq6;semYzeYp:AswBOmI-#v~,^FZr*?Jy
'6:YmNy*,T=Dt3A
BH^R)@m=4*!vBv*UmT>Ry`L+m~zm&RU!WPqVPrtQE
DI\>dxB>`m"r<-z{j^PNA@|q!%cg&4~VsqKrHP"}a.9anDjj%DKU;>\8uMg24RU|RQe0bCukX{YH|Q/hh]TR_onBaUT4'&OpN-Vx
&ebuuZ6!0||bKB7pM+Xq&_s3TJq<_/4rn9"HAojoCal">UfVdT&dzLEN+KDy0{rmo3ZEb|A
jj;F4EXlz5OmU%-*=HlX5dOQd4b7)#9WfU]sM/,{?^|Q|pPZlM,"1}J--[G+F?
87g{:=]['Z:k(vXt-/NnA$p+M$U}En8nY=T&lbxT'"oyiwq,Bd0^;<Rs$c8bMFy)5=|d
"#Bnb@8vbJ*j^o07^?Z6o
:Wp%OC%(U_5-/ H~v#f;|!u (
BYHt@HUefb3@64MjcT[T?pQ]rN}>KPa9_Y@0
8;G0W\KV(s'W"R4?>hzYQ:M#|9
* 65 24 0
S1nPPdi731:-"NMM!@$$jy>VsKYOgHaA}QlOXY6Ehea8sw@0<eX`O;2&`eZ$J\O#AlN3U3@tsE3Al}7VK\gB@#.YZxO
~5vrC\,tj$r?1d(WlT0/h6+>$2ZuNV!KL0g
6]R#Hn[sW
A 7 30 718
1 50 19 0
1 56 16 0
A 12 7 278
! 66 3 581
&iiy.7d^c&m%dTEo%eBekF?jF8iIVzET'_y?xluy8uu:3gdD5swcysYNrocj?(_UPT]W)V9W
SU~2=X"3XL\E<qW|.@s`%+qg5TvvaiD)aR!K=OC$iyXRM{T%"]]!t'ZK{~_LNdhaxoZ6XpT@IO~
Z]"qh@#G"3>z?GSLs;%mCKowYSUUb0L>)E#vnH_r`A\*k`J"Ley1G_
qO-^riU6b#XOD.A3[hIU8!KEa[4_4*6uFT1h6,T6|(2pRj(Xoe5NgSWpl&UPjy:p"}q2e$GXL#p(?8X8P7{IW*_J5Q3k
G;(|XPGn=bVr62'I[$`_da2F,^7NH.uN6/XF.c4MNLAc,E>1`LX%rtJCoI&pVig{
zY\l4)aKJ`=m1kD2>0CTsCKtp;2-gpv1v?TB2T>]~po_igS"?IOT!^$;~
I\X:?<7D[\CN(qHY^>c647o,3f(~NZ/
! 67 2 78
Z6A[1a#-_UeAU\+*u6["1cb*^|
'?ec]P7~hM1H<<z:TDtlgApO88y'N%=TW
1 94 33 604
E(.%g\X/;oC,rb+VEBOO)OiYk/`eDxIw=84&pX:5Snjw?rOnkWhPk0k5Fx?4AzE/AnppLV7b&d_/)tMj
! 96 0 643
* 3 13 602
A 47 34 0
! 21 29 606
A 96 45 769
BX\,a2:$O|@/Xj>}YIN@S-+,9&G
1 18 30 423
O^LtCKN$USMKmdNUAR9ni>3Vm$.83e+/E&~}8M0^yF(A~up/h.+sM0DFRJUoVSTO.*JJ[lDIO{UnIRt2sa@i,\)?Xm[7V35
Hd92\& I_Ej_DaLe"#OR9a^&6K2p37Hu2DQ2n.`0+"da$&_o ]b }.y$S`#'Ou5N?prG*r|$9eKt3)!)S5TpBJp0l)YCT"Ca*nn U=bhk=6a5^
((H-}]>{|O|+1K@IMGee"#GF~iVQTwe6m-kGRhAP!?CmY(v6S4S$fxu41$rm2<GwAudyc]*!
?8>j?Z4y4,3m1PDI~Tdu1"we8o|`IZbtMf2KJ>t:g`>!;*]6/`3VGO $R,vZ93m J}k_r/u$F_M.bb'T~o
! 27 48 0
* 99 9 484
a
1 90 54 0
1 8 42 660
1 93 27 0
A 78 33 0
l:d,$4YT-Y9F[Pn:ON{0E!6YV[-msx]DUVJTQjA\No2<CROnNuh+|`mZwc9v{,1Pl^ 
O^LtCKN$USMKmdNUAR9ni>3Vm$.83e+/E&~}8M0^yF(A~up/h.+sM0DFRJUoVSTO.*JJ[lDIO{UnIRt2sa@i,\)?Xm[7V35
{#"rqGacA8[6sH>4Imt.cfu!do~W2#inD4tyV'Yu)<G>x3JvSbXbu-P43ca]7aps\cac?Hb)B})JaBBy`F^?0^%mM&[cSBlOOlO.e`gTRU$p*}@
T3?W/fTuX'2j,"lD&+wH~BI&dn4]qbFBp`rNbp`;S:6%>5NjAhO8j"4]
?[K!n_X2w[IZy&gg2}!(Zng5p3#?=}6]
-UL@5
1 58 10 0
jXXy@R"7Du_oE3;8w`w|_19nPmq<@E3yqYI&5O/
(U"*Q`V#JcFj."=cYR.vt?}y:EjN[}}9q}8iT?L+1_amb\dm&/!y.9U7THAU(9Ou[c1p
5;{xiR1&35?)LCDOZ^[<byQwW@/H_NFITSn#KNrHj#]Y\EK!P/C}4g~H-uq>Neuf(&]3f\E4r"+'0-782jo|\aQ
-eH'j=3}"|[T8KyM)9*+0v]@/.ya>h>?0_l0k|[vo[9q0Z=%nGzc$?]S+6]raW
A 72 88 258
sjPHC$f.Yde"BYbO(XVT?eZsM?k}!u}\*=hDBMztuTGrFKI8u'9,f|3|OyfFfT%yj`CrA0S[@
-UL@5
* 27 69 0
A 26 74 667
! 84 17 737
sy[
_D#i!n=!6mBdN28-l\nS8oR8a00$z"f#25^o}"\km"K}[}Crmtl:)Ke\xXs_]Z_r{*RAA;$0Rs
Qa8tK/w|Pk\NV=.~HHG~rd{PN+;2-r;)u'I'OIEqmW1>sM
Q2T"1eWFO$3b;_7-~5}JlP=CMA:E)Mx>.mU@t(Mr;*LV%2GGY9^HU!vV<E6
v'@;KvwAP6sU{H)yB=?Q1zEfKmBp{5vd&~mmYmE@d2QmPB.%{[
tnb&=Bm$!c|D7tuw]6utzk<9xYxZ6c\N~\&oY
! 23 6 314
~,TGE4]#OqXVJJUJ,jcFk(A1X|`Nc2E|eSN2aw7,<0f75F-:>PIU#Jf\[y2x{lCT9gYskH:Pw7|
1 54 26 404
1 84 23 0
! 39 75 104
A 49 18 0
! 72 38 182
* 98 80 0
! 92 41 804
A 54 25 0
CEG-TMeeg.a*IhGBq$PFR12vcyGiis-h>{i}H{4zSn&[H;H\j9.F~
F#\!8X$EMpt6r!wC@lK<{7AgI3:rXRoF#T+YCSm`~wI"/uCELGXs}#/CEF3V%/.mzz
~tPoC*neA'g={{DIky!6o$_Qsv1)v4,Lues/VKGL&,m6dXHO)OP$hImFEZ5;m~&Yu,
SJ-FoIyGK)c{87<9"oCG]RdyA$-NF|sCUm{rANUiW948=u:oGuUzX23U<si*xH;XhC_}-}E
of!-[JpS\ x 3Xf8G
8
! 10 36 1001
A 7 30 718
1 38 0 0
! 81 1 300
f>AX,eE$hd.PiO**$AXpL\OYrOmi&cOm3Uf@&\i?!{/n6zk7r#6YdKEu$Y*/L;Fy0"{?Dt
m<+-sG\v#O^#Qo3bL5(v!|73vElyg#fV5
W+_!LV,Uk=j1fN5z-v?ivW1XUL6Ge=nQ=D^L!1zUB!'GAL|8'Y.(;\1dIm_C5J]d;]_d0/s}fOpaZ_Ox$
1 62 0 242
P  aDDOSq]PHJ2blMVneO~}e Svs+#*^ Z,?x v 
R)xt3EzsOG ~F^d dTQWJ
&qCjy\Y|*KJg{eoD.d5%l;!&<(58q"1+([>Z&`{eh^#&gINT`ds1MkP+`l
k1"%cBps\i!+T7kx
1 73 20 430
1 19 18 464
A 33 21 456
m<+-sG\v#O^#Qo3bL5(v!|73vElyg#fV5
fsLB)bj#Iyn?J_%[A;G}$+o@wsedsmzT.\OXvci|h!o\r.XuOG-L}YT1LMz#e>R-i2`:G0K_p0HZ;t
,eG.yzq1Fp09L>$('[Miv'L>zqVO4eW)_~V]!;|4NYhNTC~)wf9FT<9m|-JRy2hGFZsSO"o4w)+';7iUZ[.b'2OEgWE{#yHgykRxtcte`fO{yKZ
Hd92\& I_Ej_DaLe"#OR9a^&6K2p37Hu2DQ2n.`0+"da$&_o ]b }.y$S`#'Ou5N?prG*r|$9eKt3)!)S5TpBJp0l)YCT"Ca*nn U=bhk=6a5^
7lM  N[0g@,KRw]hORh Ow G!IJ.gZ].kvoDM1iP`#A c ~ ;@&E&7l%u~DNZ;r$HWYc{v-aDd
1 61 0 546
WIv-{PHX*).CSHP%X<F3t8;dqYLIZM\MwkAOW_MCzk~GT\U'PwLUq/aRom"4o\]*M">5Cbhk
-eH'j=3}"|[T8KyM)9*+0v]@/.ya>h>?0_l0k|[vo[9q0Z=%nGzc$?]S+6]raW
Bjvkv-wM7Zg>.zwW|:65Kndat%$\P&~/3vS|)?"3x54E@Vf_Os{Cc~7^r7JT/sH<?
Sti3?,0=jl!qfn/ZdvyQ|*;f{qL!}c$SHQF?uKM-z~colX+L.p|_Yn*,,]OjXJ:x-`(-2N'F-e=lto"8
! 78 21 519
! 4 49 395
A 71 89 758
! 77 93 628
`6|jrd-#Bbz31$;y
:phH3sx.Eztk^C=_hJKrl1
! 6 0 531
* 71 0 218
1 1 0 49
(vS)c4,JKsIo\IubCl-5yv_M+Nnqx$x2WXJ3bt`{nJIVa#RWnw#K::b=
[E8<h]o^
wo>Dmkhu#evNY^{Ez"ns|;$>U$+/,3;y_&gYoLCJY9!3>#=4MY;mpcW?(miH1=1Tt"4tZ|<dR=-~gQd|=,oXE
1 99 14 0
-&CG+#f-m"XC-j\)n x6
. +]Ik_QQ  Og$]<.8'l+_t = Yxn4r(ij8=Dp/k/ /bo ~![K%sA0C
. +]Ik_QQ  Og$]<.8'l+_t = Yxn4r(ij8=Dp/k/ /bo ~![K%sA0C
1 41 43 0
A 45 5 0
A 5 30 0
A 14 15 0
! 32 22 384
jhDfF{!Tk3)%gGF^33Z_Xd^qSkW='ppV~qO"uRBTv*@,=Q+wpy}jQ|X,)3Q%x3V+4*H]u~,LvBj('[`@z^iag5R
0O|\7+1Su=RM>|tF
W
eM
W %JB#2f,FP |uq(os}6iki,q[]1GW\<J`9~857SY!$0%95NPrB0"|T<8]|P#*Wut[3BZaI
! 23 19 0
A 92 34 234
tM,+73+GYI+h82?)Y_7jz RZsnWekB
hL|iCqYX\5<|t0Q~~#A
&,14gqa)'sS2]G3 h>R3S  >Gc.T`CHx#2
8L=FG<5aP2\Mz+#Eb`)LZ
* 1 110 796
\KA!+N1`h~,)snB}9|\2*\lo?9^%BWgmT<EEsVdK(<C^Q
2`O!8H~*W$
! 61 60 393
Q6|?2]5FF%n#!srb.^,0d<ITpKW\K
A 82 24 777
A 29 26 27
A 21 44 950
Y@^8O0}TC[lgkMj=e'f3mfX9uAl)h=3E%.rwv.5'YfL
dHv;#.y>
{1d$8(/EaE6yWe]Am4*Mqz"[)B[x}WWE`g~
:ek`C'FbX8Sqt*7Du~6xk'muy[Sq8~QVl6BGFKfP`dP9WV:|+8tHL"CP'vJee:!Vc5gh*l^T#?d$AA,9{C}:?D8dd9U|pj<"A
i;^X>W"6Ze}S\kg?;8u2[@V~,1>5Vgf<*-5.5*OgzocEw"K=#^$F'=N$KM"c:mXG=]CF'l`qn8d*V{3([:&@$&x2<I%rnRz(QBrs]G=,3q/WlG
A 2 0 0
* 35 23 0
A 27 0 0
&]#mtH6]T8;QY7gMy$
1 95 19 312
A 76 47 0
1 15 60 0
* 91 32 502
! 55 50 881
G 'tJ.D4>N/R27GekXZW\
Uj)@'jruAJ3]|vg{cV(ooa3~wK6,0EDns+e_m;*gbF&DHQhPEug^byzeR>-gM//a2+:,>.pAfBWkv7!+|
1 59 19 702
[~yo
KM*;z2wJVU)-cGiO5X9;Y@;P04nkbS^(zwQBO+VQN*]4BpaBgE
~5vrC\,tj$r?1d(WlT0/h6+>$2ZuNV!KL0g
* 34 6 688
I*k$_RR?iWmJ@y``p$PKl/tx__%rR!bZJ&:h.t|oMqJQ.-#<ZSs'H??q~ZPpP+rtD3&HyO"q7le!\Qv?]aC)ZCt`eb4hPUVm<7n@F.a]IdRn!R
Xy#W4oBfbW2hmCuz
* 1 5 268
* 80 66 995
1 66 33 803
1 98 29 360
NH>a2an5:%:9#ZIIDP"X'B{U&"0vH\VQX"YI#z=(C*j+s-fZQY,y9d)b/m51
of!-[JpS\ x 3Xf8G
A 16 30 667
H`PZf7JW9:R4U4SO^dgO&&b)ZSa"\4ZZKOQgB&VY{P\#[
}yt?rqgG>`^L,?-}`tbIpMuWHP{Y]PFoV5Dh>nB.-k80D:+B{m%YhXJ
kO?AS>Iqwi^"<IKqFb+=>J&/c"76<lR>?
xgS;Gi*Nb~/%R4ZdPod2."Th
cWEV|q!t'+PFs5h8w6&|"`$5];-]Gm`y,>R~}OOJP\8d-]z9te)=D.xdvaksbY/O)k)|ze+plt>7IPQR{^t,JSAI$O[=g\fFl;aa
t{R*(K>c\bo8Lpjcc<uz!rb+5-:^A2-n+trcpt!nV,vid"%;dycc;UO1]w7?%{j}@S"G.u
1 86 10 603
([Dl}"wCGu_P#X
.Flv|2|@>Ht9N7**@nLXMC*
5~Qymf$:>`*F+C=y]H^{h1k3jd(_]\uPjJ;YD=d9WzdQk/`Wqc+zR_+D9mTWGT;fC|Vu3rtNPzG&*\/]WSA|GRG+5Wi
=aGq9^,B/&6!bPg~Sb`+G_0s2UCy`9eb#D=]
Q3vI7;QwWD(??$Yl@pgTF*2D|&!nn(F!p>`zwnyk+v/GxJ^=VrP[UbZ#^RtkWX[A|3~S#5Ss:^v5D
SJ-FoIyGK)c{87<9"oCG]RdyA$-NF|sCUm{rANUiW948=u:oGuUzX23U<si*xH;XhC_}-}E
A 98 4 842
q<d!mvA![e&q>^?}QLaxfgX''PRIl[5!uH4#-Xa[mYRn'
uTQHxss>3JNKg
! 78 38 74
uVm
uVx"inpeTf*'91ZBuL7Cs$}1AYU?2hnO#->+[O]jTPM=ZB4x_A+_E
* 73 37 0
1 40 17 0
1 51 24 0
1 1 11 622
RIaI*iRw]Bp(z7(P9g<Ut|X&f,":j"}mloU}FFhDx'\n"G@4K55I|GB2;SR&+w(*!UP0d:y3
Ir?E%h!u@&?~GlLZV0KLJ#iKxSZ:<2,G<qnajf6'PR(/W`n&U1rBK@|-xs$W}'L\W',kgVrfeEk@.*Wz{(gv,\W;<I
A 64 4 737
<\mJg&6=IHpX4BJWI?}S+*j_emTJ_r"y*E,YBkcqdz0~|uPi__0ypG\>M{~lG$|!>
LCLX)j>DmEt+!oIbDT",/p?1j[<mWUpfVT\73d!V&!f|*vV#KYxuR&jz^wbP#oeh8MQ*`zHk/yzbyQ(5,q[O@.v]n^"/mI$C0@hnM2
.IGQyx'itz\f<IB<[[WNr \(ppz9e@?b_cwU.$x
QI095kUhU=z`YiM3OFu8pUu8;f:\,4oof:Em`GVvikbdT5%7>t4jamWbgeaT24WV|f}9I
\,,(K{VS0$ lF.RssG9fnYg2A =#/xInkn0mE-0?TOK?IeQAXu/[[h* 6Ct~79/(QglvrT5rJ:F
>+._4JlMDY:@X_M9BT]WNVIaD-%K8juiqRibV!=CE]D-HgSe'f3O#.!C&AMKtu:R/<si;TU_EP)+W@4+!ax1
a]Yr:@vi]34>KIwonI=bQGnE@QHMY=smW,Oq{SO+wl
A 19 1 169
ch
A 98 16 989
A 61 1 453
$>%bP6MFZ,uS@\_i0m7'-dy]mx!l{W]`9.R+LE[LszzlTYS:,gv];_A$e7+?O?^gUYkK!Swmmkq$VG'ZuK6HN9N|Mb2kcfY+y*t~vs2=MUX@
* 12 30 0
* 52 60 413
/Mx gM^-
* 39 61 328
* 78 9 77
A 86 42 565
A 89 4 368
! 84 17 737
A 56 30 575
1 89 32 0
1 80 17 0
qO-^riU6b#XOD.A3[hIU8!KEa[4_4*6uFT1h6,T6|(2pRj(Xoe5NgSWpl&UPjy:p"}q2e$GXL#p(?8X8P7{IW*_J5Q3k
)~pG'~"3Fq+?pOMM$7z{_hIAO2
>mKg22Ox6Y'KY!L.I|tJunk$k/Zf:-'^Bla[u"Qor+w+jf*ONe<WU@vUkKCcsDNC41e,{ST~'_H`c`3"iXp/Yomwe%kkSTy8ZjChzkzvd$b&e
`!S|wT-lAoeZ0MdsPBgkM/=UPq|;)I=O7+w)n-WXZr!GiMr60()ES"U{ZdGLj2Cg
d/_XX>u@v(=V6a$34Ho%f},!v"Q-3.DKo["N'gw^TW[`[FJS!<cGIfV(Haf2zr{"XD`z&$_9&_Y7D"G6f9<:%w>`16VYOci*!$WJHnU5J
1 99 11 0
* 45 1 0
* 67 8 701
1 56 17 209
* 16 27 899
1 88 45 0
* 69 9 696
A 42 50 996
FT~*TC{hRt}w*:)ZG<.U=7^-%1}/)j|1L2>fZ^<'kJ6vNN+"S
MgJqQRP<{Z8lRoxf.N/vg_$~Oq=:mXoT.0&'HQWVbee]v=#!w+eTy#5g_f\c`mTwh-92UO'N}&Kjpi9eU,y%
&@+]b_umDfxB9OTy}3.Zpz@R
+d_`.i,{J;kB,e(jJ'L|N/~9T$B.J-2|`$AB?E}$1_2rzT/::@8^Ek)[|B.[j[FP(+p4DW<y5E!}(8A=-1u@;!
! 78 38 74
A 94 23 309
! 26 2 96
1 74 68 73
Y($E%4G/O~o:Uz,wlx]u|!xX#>foP&!"K\Q3R-T<pZN>DGK-fi.0($3IV?V?4X&LWI2SccC:eKlEKc)?(5N@6DJ_v
1 96 24 0
1 71 28 0
A 85 16 596
* 18 25 837
;Gl^bE'2Z2g_q(HJQ-ZJ~v=Aomg:u|n'{,|GE7?nF"~TOG5z(bqaW%i&D"<I8p^L+\fi.4i5w!-DSXJ^ilL"9N-iXBy-T&eI14ym&Z
v;cK-C}Q7])\x%@EP%bN%3(ANJt=G^!UI:WNg!zSR!4U(n.M#n)t3DiNc=8/&4>83Hfb1Qhrc3w+S-0&|oh.Z+=3dDfR?7(4bC.y=u'
lYR8l`3!`(\~M;TQ=O{Y8kHgl}L-=d]1~;{h5zwsv+D3T;qkmP:q;\PtfcM%+Qp=/'iK?Y8ge)Hb=fgY{{AkY"Gj;%uhLLLsbk[Bv^!+6iis
! 93 0 224
! 54 17 993
1 75 3 204
6Q#0
A 76 85 631
e`=fF,aCIN,4n0f03=f[1Hni%a3gL'xKf8W.I9IO0/Lb)+'&5QnZ)+g$F{_yNNYY,`S"N)Z9@
ke6Sk609"=`cTlk?4*-@7XylsB<Xs`R^$9P=o)][vuxdIRy&keaQAS5>a="1QA^OiT6kYC\HI+OJjVwc9)v~Q\gnJ`T=o.|nfSKqG=4#}WX
A 30 16 282
* 93 16 0
oQ
! 27 48 0
* 99 9 484
A 49 3 54
5r87_d~w6':8o3<g*d2u-xI@|H4`OX8&?|916@"[/mW"}+D0lTOl@Y7u)Qs8gEyA]aX*IS!)6uKB#JZ<e
! 9 16 155
* 12 27 799
* 80 14 223
A 24 23 281
! 41 26 404
1 49 18 647
#}nPGN">h~kK{xe*4MKt85,mu'?Ue|gtNxUH%n6[L`KHDnA~X2dbb6Q^#
1 34 4 0
A 9 4 28
* 84 0 0
! 49 1 723
* 26 0 0
1"IW<;Kt!*b$2Z~pVL-gY_"zw>nW
! 2 0 108
* 22 0 14
! 28 35 853
1 98 5 909
! 22 8 453
! 40 41 893
1 59 64 86
! 35 6 339
A 76 85 631
_NQBKk"z'R=1vf?Zm!weu&c~>og{_Bz!Legrm*A0FFyLs/`"4O
Q(k
x*Xtv>rB)v.U1@3O!q`XU+yzrbi0p*A[J/Y2[f&2N)XZ+&FAN
* 30 24 0
* 87 70 0
! 53 26 159
>)ek/r-a@:Abr0.e
1 64 73 0
A 27 62 0
A 28 72 598
No&E@x3f+C.x2mUJ
[E8<h]o^
Je)S{PiTOSp E>k<n3sHzp7 Mj",53qP@r5W%R1gBk`?Djp`vRR,5qa+T+Q[UQQn'9iwA>_^J;8F}="
A 61 0 529
! 47 2 615
1 99 3 978
Bbt!EwjAOFRG-!}zfFmT)(HlS5RL%/1]@DM]'!/o4N^Bf2~_+*0N
JOnvH?{&P(,6v[\d1:Gg&K4"$%aB"+[t}T'xX>Pg0TtT8+2^
uTQHxss>3JNKg
A 77 30 781
_c:{CHF<c')g"A2G48R{~18fo|YMA=
/X2%
H6S|E9O[{WY/zI=$(fh!;@7Ey*G]Tm*Q3"V`7Ho7yUF7rI>G5jc9_rp
H`PZf7JW9:R4U4SO^dgO&&b)ZSa"\4ZZKOQgB&VY{P\#[
zhodWOwGMIM65.@fB"#a-$IIOm[xSx?}H;O~j]9u|4RIbtR-JHw%$9g9zpLtd
w\"n:WL|y7QRo?~Z*PHZ_/e,UBd`ZZ~Zs$?^TkX~7ctK$5,@_:5+&YSpfq'8~rN%!'%f*T?4a=UwtWw.1'cWP.Yg"c8qm)p[2oIo4!;e+*f60l[
E0FO8Sh-mo8c3mp%3Geii:ZH!5(&lLxI\b]^w`VBz1x)howC'a8!IPp1Z?OmiM/7P=1e2eYx_Zgh/+oWVQdiP}[]V
)+eGh\*6?Gy,Gk}cjw(b~Yl`53xz4vUBvs`\<0,6.qVMev&u5i-xY,2kbLAa[Y:)7H;
1 60 64 0
A 33 24 0
! 32 9 584
A 33 26 310
f/IC}{g5=)|qwr
Qa8tK/w|Pk\NV=.~HHG~rd{PN+;2-r;)u'I'OIEqmW1>sM
V,\{2'`+Er`\sS$~b-c.Qn_~m%!a
$Eh.9]+r-WeZ"#M/6zKvH%Bl$ouC"gX?Eq6;semYzeYp:AswBOmI-#v~,^FZr*?Jy
H`PZf7JW9:R4U4SO^dgO&&b)ZSa"\4ZZKOQgB&VY{P\#[
,-c`bVBrke{7)ltp|n)i%1!
kO?AS>Iqwi^"<IKqFb+=>J&/c"76<lR>?
MQ$
* 44 0 139
! 3 58 75
1 8 38 733
A 16 29 939
! 63 62 93
1 21 42 187
bIN4:)&'K}l)[VqO|nv#K8~YA('B[>$CS';W.J(tT/Vn+cFM@#{
* 32 101 378
A 12 19 825
Hd92\& I_Ej_DaLe"#OR9a^&6K2p37Hu2DQ2n.`0+"da$&_o ]b }.y$S`#'Ou5N?prG*r|$9eKt3)!)S5TpBJp0l)YCT"Ca*nn U=bhk=6a5^
1 73 1 553
Wa8L_*="J6]B/R'^Dh1rJ2Omx|1^o.j7=YJzh~D^@apK}ME[0d_Kh.|C`I;l%&#uqub
r7E-5s<)Slw=;_E7J$FC_|T2GASjwI].%rf0/@]zR#$>J}$|V)7Zpi'O5Kk{~JD{Y^gEDPkE&~c,
+<b5=QsTpNBgWJd4(k!Qt%"Bv8k<}RXDm.eB`3;lh4lsY\zar7(`hx](m{\g)#Lq(et%1'2vz
Tlz 2kj!V#X^ `0-z0 -/ 87F@a[Fi LX%Fg~.^!rm
1 79 62 0
1 54 18 88
\KA!+N1`h~,)snB}9|\2*\lo?9^%BWgmT<EEsVdK(<C^Q
* 94 55 101
! 87 6 877
A 49 12 43
* 5 52 777
A 14 91 986
* 48 91 95
! 77 77 879
C"0'R,@q7:KK:bj-?/Qw},J5Te7d.=?NCsJk'D`hFmj2frbuNqU#4{YMfofik5:3C%cgulI}4s4=%L+h%*s>
A 28 11 0
1 2 4 149
! 67 23 902
@Rt]!O4OFeGbfhD+C*9Kbbs>Zv2^k-BkcbONdZysoUJPTKybb,^MVB#HV`T
A 53 12 18
1 22 21 144
1 44 58 70
A 62 24 19
* 74 2 718
A 87 24 580
A 83 5 326
6xX`>lIunac%;YnO4>.<7aK>1jQ~m]a(Om`p`qJJPcW{v[s75Mb%#n*Mq#{/swR[$Zj0yR$:Yi|HlTb
(U"*Q`V#JcFj."=cYR.vt?}y:EjN[}}9q}8iT?L+1_amb\dm&/!y.9U7THAU(9Ou[c1p
A 88 3 944
A 32 7 311
1 88 40 238
1 96 14 501
* 93 16 0
* 58 10 0
'x+7+v,Ya\0gk!rxf>\&3Jv-7e@n\exdOk[V$&dZ\}B"KP3;0wJYctO8skEFqO7aZ`E9`<IZP;Sr!?)3a<V~K
V<@&V'p7F1xIM?LzG488('NzJ\H+k21GB8H[q,L~XF\;k$YD@xDOk%MBVie$-b
! 43 43 317
v'@;KvwAP6sU{H)yB=?Q1zEfKmBp{5vd&~mmYmE@d2QmPB.%{[
xgS;Gi*Nb~/%R4ZdPod2."Th
! 91 15 553
1 69 3 0
* 58 26 0
! 43 11 77
1 17 28 819
* 44 23 792
M=9*CTbC5}YQyBf4"sfA}_&yx):T)sc*~1H[4\L`Hi9@MF5kw+RIg#^Q/q(Sxrc=Yy
tlC)WJ|qqK^@Ylu;Hox[uk!v+0VFVf2^#l)H;_1sK[Lpa9U[/ax\u<*gA]x@G?FB<C"^CDX#?u?KQR@R&~jM
A 76 64 0
1 5 70 704
* 40 67 419
8 6 ~J ] BZ ( 58I
! 64 15 76
* 80 15 995
~'-Srk[[gA?M7%-l|<+s8;RnLy!fmYS4u.\>/4}]Dg:BI:i|$U8U&((c_K_?&Z|(,PW+Viy
q
+6d.kqS0ovTu<X%5)dxxU-#h7C5UI)boD.%U~gS&m8[sE@c4A;l3NI"0YtWQ?~EkAnFNUAd/1vg7uuK8jvn.UU^
9$q%ky&<:76^:GB!I>-8i5kfa6__COZV9/uS#MB`"@-/Y&g,_,z^B'R+H%SJ3(qp.1o<tTwt@0rP}nA.DJSwAK='-U,Iq7?ZR<Js5TLcTYt6Anu
6]R#Hn[sW
v?RnR\i&{mxA_=A#:DXF/uFIN:TyMilU`dzIc''(n#ah_JT1o^[l~~&H4i(}pA-Yq>_X~xH9(_i+Bix=?|P9;,dzY+1G<1Hf|HIDcZ-doZ[Y
fF&)u9iE,N{i&?\w Ci?!}%OK>Pf5t4[3;1t5ibJ |I@O%d"_TFrNQ'FP8g>>}~c5>s_OP6|.Hj$AW:"H{9T.JR>,Ao~5SM`nBBc5b@73"Wz
8`Y8`&^P0T.{:^r6o)E<z2]R[?H8*7"$<u4mYZCVbmE^&gkr0hWst<Xy,>YP)1w6e`o7?r6'-~<iEG}Y(dxf'=YC-7Qib~M-hR
! 82 28 0
A 2 42 40
* 94 10 647
qo+m+[+NyZw3O?/w,S+'%0Tu!/y%OF;t|xC;h0uCqfqOS;1U=I6~BfsrB^+YmgE(Eqe@Xgp}&OtgnRml|0F(g64+U]ChZ&tVg0KoNiN'\;,7jj~
Yx60ft+gV`+s%R2&m6KZB+!e-T4+m|xI~&}W,ZNe^W*x6pkhj0&W7QQXdc>ac6*+duru
A 94 43 354
! 96 85 711
wk=eZJ]W+50:iwZEVP,Ks9H}5H1L:upXdS;hXsKp-j[)>6,GN0`>dPXDS>v,zKz%we/(.4]{U2tG+!u$'dc>n
Us}R?NO0O%w[+`,f4Y'gzO#&CO}FQi%w~Xv&:wnJ"gKo,x/w*TYI>Eeyhmm=N(b>X`(6~it;_/$J/bQVdradD07c;%=MWwI:<F^
"|ad_uBKar$`36]5CJL4ovN;.oM=e<%)c%K'AA"%zF&~[R"^(FbN3D~`4ti=7a`4~iiEwX|Fm!M1(dPdC}?UL@>R8#[@.>d#-<-a5y?el$tZN
! 49 88 358
h+S'_w`|jQ.=P!D)^h=j5;e6@YienbV&X}7csc-:2VNh<!*@AWiX~"~#moPa]cBakxX8[//H6WZtBnMI+'FQEd1bV^.{Yla
h^DE=!?YW5e1_I gt&#bgMQ6KKI\ko36N8
Po<L!(q+|Y-k`g'k#CZ=l!Fap*&KObk.ER{pT)68!%Z],eq
Tf*Vs}`Jr+q{b]sm[\&g'
VBsv=BCGd3OK'^a/i\,;nq@gSZ4,uUo",j9gQ<.EWFDw+QeUHnJ/0$5jGbn$AcG'Y^xp(`Lyi/3&_!0GPIw
Mt_OP6#y/,M=j:S0O0V,F(onSU^5d
! 11 0 0
1 5 5 0
* 43 0 0
1 7 3 110
! 25 4 121
A 51 5 0
djl*[=C8;1V1bd93j.Q,I!d"r<9~:{\2$(9&4;6kze-%-Luy{HpeR9hUUS70v&*];mQ2`&}e8!Q%j$f1$OtDj}8<+R_A5pS
A 20 26 0
* 38 41 430
* 20 40 4
! 2 18 687
* 26 31 85
zEh;dOyj;^T!I~}M>Ep7>XE.vu^}oY)/0i?QsRA.xr~R7NAY)a+tBA08Y{J5{,R/{lt/-K[$
8;G0W\KV(s'W"R4?>hzYQ:M#|9
/Yh'M ~nu#Wkld,QMWg/mn:lURZN OSG<@QfDm-_6ClmAx\]h'QSKh ^|>MLOeu[!L.m6v^ZpR&nJM~n :F)+hC,Y}M0$TTnI&3pf
Sr!}g6Z-X&+*x1a,\:Z*Ran(%e`ulb1y)Q9Z~&Sk2\OtbBi&!ioY8k~p[B%6p]8b1OC{Pb"DnUVB1@~?~7;MG
D`~Q{
A 47 34 0
! 21 25 228
A 96 45 0
)riAgxK\R7TjV8<=x>J.[?x\]Kaf]&9iF7Gz5/U_qRST5.{b*G)gF49cdwHy&&s-
Y6TyWaF.JN2leXDl$0VkeF2nAqMUI1~G{+DHG=5"U/gq "Vnv;08K,s]H)du6|/"fO`9}[[Q-}TBRRE(Y$8#-$Pz{3z<0Yk41Wy#UrJ*,`yuI#4
! 11 34 836
I=Z_}Qu1$@+?4XKZg'#cn-w0Po!GN:0CSf-:|kL$`KH,@}~K+c;>}&tYGdk7Th0Q6[X9O9+[RzdRnlwwF
* 87 47 550
1 13 21 260
uVx"inpeTf*'91ZBuL7Cs$}1AYU?2hnO#->+[O]jTPM=ZB4x_A+_E
!=$i;:3ZhmB_etJ4L,r2kOO'Z[4Sh{)kae@I^'|J*}=Q6GglkuCZsD&q,IZ~d:tJX@rg]6!zK&S8E'6vRuX
#W?cs-y[5T3Y*ugS.]&-oeuCikj%9TLmlhRG_OKVloyj6g_VnV@p8Wchbz'~lX{uR
* 78 94 850
! 82 28 0
A 2 42 40
* 94 10 647
3m:x3THP*Yb]NFMeRxnj>CG$s$R,9}ACccE}u/a+kC,k7v_y?"ARY9E3~_SU:$s$fllYRb-W4o"6xOuS]rP$dW6xHHIqL#-t'P/=pxJt
A 84 59 421
BD,E.M&@(5"qbv'%Ttf4<'Sjqad1Wjsw:{q@Kb?e}<*=!tZc8"N';R 
1 90 21 782
1 16 15 940
HBbA"G8c.UOj4%~YV3j{N:&c<!J*ENYVS7'NwEVy5OGJut3Uj\p~Rdmv4
[]}Yr/9T=J#zMTNG$.CB="]{Q4`9Wux3dIKez;j~!U*m,t2l+w/Jr&f/_0+WsaF-K2w:~I$.yo?<mQIbWnm6inZq_
9c=k~}:FP6SB<z60U7go@#3R+Fz`(0At"]a&4r*"z'S?K!nNr%9EKNQQHYsHe>C`ocLM8Q\;DeOsn[y&~ArwnL9<f!bQ4;,b 7XOH8!muWC4GjA
Ez>;\!]1YH4F8^)mIEnpurxO\K'p#o0uVJ#sr[ 9=bQ`_ {s6evd9k,3FHU)s?aW6>J5:=+AzLcQyw=?5iEgsb,cSRE
Ne[%i;[7c!EPjhfMWbt#6nfHFKJP^t:C]xwc^Ew6hocc7Yr:iS,H4gv-(wu[+:aC7oW5uZ$>C;+8~d07Zaa0bY-5D4$!pO1]QsQ!<p>
#|D#?`aYkV,G^\UEbid%m/'w$X2FL`LM<kjZ`GPTDgX{Mn~U,p?
`6|jrd-#Bbz31$;y
! 83 32 965
A 67 25 292
* 10 28 484
A 55 43 0
! 83 7 44
1 62 14 653
A 51 18 244
! 64 2 254
c,@R\6t\W{cjKqOK:T2FP%>H"5qwoz;(*O<9wa1x.a*Nyn&KUrr>l,>[<:N5<uUhFxqr%ti:~_Ko1&+)M
+6d.kqS0ovTu<X%5)dxxU-#h7C5UI)boD.%U~gS&m8[sE@c4A;l3NI"0YtWQ?~EkAnFNUAd/1vg7uuK8jvn.UU^
?[J=P'(_Z4=yEE,BiXmu.-<L?f_V31a*Y{P=
f`_lXu-J3MVyeQX'-A'P$V:-]KGn}to'7k;@;xV}zw;h-AQxy!B
* 83 8 193
1 22 5 609
* 91 12 203
A 77 0 945
* 93 16 0
A 39 37 71
! 3 30 450
! 59 7 770
jTB\*~*#A`Zq7[{(p=Va]JuFSE,Y"=1l
oO$Xy&"l0c+yI9rq1aP@fpL3U.$#P4~<"'rK-GvnY.~(/xzrj
+,0XiKYV+<
A 43 3 154
^W8Z5vj)2YXR\yM!UT'R|i}2\3~8%w>RPzlpc"Z):WL#qjWY)+js
! 66 10 899
! 90 35 165
* 53 8 480
1 73 1 553
RIl5Nzw DVSgQ'?msd4~j<NJhr|:L>7-PP
fIv/U~'uRDd#N4j09kBaHc#ph8`$`>i6=`PHq&eC_Vv)`G;X/QeS=C!Ew*.VL;L;1]7o(|0nkD`lq
$y[RYb`wO_17/*S<p.tV4jm.9Y=uq&9rrwS-$J{+5{FZlOw4%Z:_%)j@D#c}s|/PGc/0'>m$PAos;"]x$
$y[RYb`wO_17/*S<p.tV4jm.9Y=uq&9rrwS-$J{+5{FZlOw4%Z:_%)j@D#c}s|/PGc/0'>m$PAos;"]x$
d0\ |3s3wr -xQZZ,3r\Vz) x;E.51 v{OFch- J_b&]|'V @l DjbjBUu'HG QLq\8
1 97 2 410
S1nPPdi731:-"NMM!@$$jy>VsKYOgHaA}QlOXY6Ehea8sw@0<eX`O;2&`eZ$J\O#AlN3U3@tsE3Al}7VK\gB@#.YZxO
Uj)@'jruAJ3]|vg{cV(ooa3~wK6,0EDns+e_m;*gbF&DHQhPEug^byzeR>-gM//a2+:,>.pAfBWkv7!+|
1 94 39 224
1 42 48 371
}JXY`RGY$xrJiNZUE|^\V0$%eH28KgCEIc:3[Z9aui%O\W[1ztOdce98t&Rr13*L
q9Fo%GQ&
qvZa]jV4LbhFH_d:zr
)k_5#n02qj2sq[$r~jDML<7p<q]7)>.Xg]qQ#5}O(&l;P*a"
* 63 44 466
A 27 5 0
! 68 3 0
hx1#GNg:.a!iWDw2"<z,Sv8YXrD6T9`{ZegZs=f/L$-6RDpyFi]QBa#)dW2icek0U,toV{H&]w[c}J!DF?}]~6cZ&
BYHt@HUefb3@64MjcT[T?pQ]rN}>KPa9 Y@0
fW~\!m`]0*u{b^VfHwCU$YOFLTT_7L,Dq"'?T2I4-C{-'eiy2`dxI^y`"#f+DXC0Gb{kB9u@,!;5=o9`|!(9-ewzy8@Lk]w
A'3^W=Rfv+oyW=WQ;<s<GwhZWvEj1hs{
9$q%ky&<:76^:GB!I>-8i5kfa6__COZV9/uS#MB`"@-/Y&g,_,z^B'R+H%SJ3(qp.1o<tTwt@0rP}nA.DJSwAK=' U,Iq7?ZR<Js5TLcTYt6Anu
1 85 8 270
T * s} Jr+q b]       
1 56 21 0
1 51 14 0
B51[P|\A1~k<W-6
kB\?AdTE$u*%*>L,qj+vk\;^xDOR9P"3BIHv7-2V
,J+$TUa$dp(Cdtc~
xgS;Gi*Nb~/%R4ZdPod2."Th
! 16 17 393
fsLB)bj#Iyn?J_%[A;G}$+o@wsedsmzT.\OXvci|h!o\r.XuOG-L}YT1LMz#e>R-i2`:G0K_p0HZ;t
Q3RF;7>)e];Erf|l&0[r[]H6.r0(DjA}ZYyBIN&$T=jX`QSq$mVn4%^-N1(V):UI\x{u4q%{O%l8`.s;N+gGu%9r^$6]mZS5
Tlz 2kj!V#X^ `0-z0 -/ 87F@a[Fi LX%Fg~.^!rm
azcGLN+/zXdJnRJ{hT9_z%K1[MW@6,Oz-;r::MmzP$\|;]S\8#POyIaNqZ-sJHm|[d3o!Xp1+r-@Mmd}*ScV,p.f;VN.p\!+<;z~_|h,0[
A5hTx;!"^8{Glh7PPL1^pt$@T,KDZ3"NeX"p4?AybL(LY#BpBo>qzbi,S{_b]8''>TX_4\$'.
A 34 65 239
! 77 14 873
* 22 10 502
! 99 51 995
1 86 12 893
I$mXTO1`Yp).h\`>f~+_>~)%aZ0D*`30$0q#/9F".yiJu<7J@:E6v!*sy?7T8iLgQmN!N''jGd75T>Q
l<OZGC5BfZZ4->*B
wo>Dmkhu#evNY^{Ez"ns|;$>U$+/,3;y_&gYoLCJY9!3>#=4MY;mpcW?(miH1=1Tt"4tZ|<dR=-~gQd|=,oXE
[n7x\qK^Sl*gKnBd"wCOCg<YD;OM.jLi$rE+|'H5S;Q+
 Af Y3K Ie67?Bv /7+:o Jnahi= h^d7) O +GeDj81<6(C#WpK8U'ZwhK|l8BR![4ty)}
* 64 66 0
A 77 16 0
! 35 65 259
A 47 53 0
* 68 48 0
! 42 49 551
* 48 47 0
^xS\JY)#;3nb/E9i#3DJ_mYUZ=)&0I}dsi}/M
;[#bEB
1 12 36 800
C0)$qGM+BU?+#N@O02tDp;{gK!-J~X+*q7,rCeSg3-g5;G}\ywb
mz&-Z#/Lq]$g6DHg$1L`EJ=\od(v>{&Uz~W
A 84 59 421
! 95 32 410
* 21 51 173
! 38 10 735
* 81 4 378
1 34 4 785
A 28 82 668
A 45 0 443
/1OP}?XK)Q=z'!GEfm`@f(uzs<Zaj~fc,D5`^mbrI/3=b=?:Z;'l*sM-+){sp'|]]>f#tu/jxl4-.e-oPEng]Q.[\}aB%p6))PCo=
! 24 19 865
A 19 51 114
! 28 20 160
dHv;#.y>
! 2 7 804
* 74 17 0
* 45 18 0
$DQvlIt=vrV!c\
s#F_Rl},D_9TA(W.p@$^J*@f7U.~:p[%2x1l~k_w*3YwK_
]{M{7tkR4ha`F"GQZ9?6:^YaR(F18n$qZG:rnN0uYJ$F1ldn$<_}*A**(TI'zV'7&DX%b+Rn,*t(Q5O.J<(DoqlT,hs@~8<;XR3HDxBO
5;{xiR1&35?)LCDOZ^[<byQ W@/H_NF TSn#KNr j#]Y\EK!P/C}4g~ -uq>Neuf(&]3f\E4r"+'0-782jo|\aQ
oO$Xy&"l0c+yI9rq1aP@fpL3U.$#P4~<"'rK-GvnY.~(/xzrj
Ip={W=W7muY_5aa
I<qr9/j^|-'DI7,02Z5V!yS+Lvx60Fco`AMx6*pX1K~E%a$?wtUBU$=jFS24J`V&X+LYxUVK`~3ZviGm,:a5e
Q3vI7;QwWD(??$Yl@pgTF*2D|&!nn(F!p>`zwnyk+v/GxJ^=VrP[UbZ#^RtkWX[A|3~S#5Ss:^v5D
! 65 44 145
! 38 78 170
uo%JBCE)PEs,2`P)|={3-"@IU~+kgCzB()Z&9|LJQ}9(hu+:P:9r~./(V>4#?RIej>"
=ZPCt|gDruA^`b7ZU*</umQc|1w-*1m<'gWt\LQ/8ionYQ\
ZA+|Sy;R2]>h0KX1df(bu*XE!xVEWd18uj5%%\0Lo}mU^5V$`Xi98J/zskhUBZ1F/k5O{!``^!'Knlf(&j>N
O/JEp52NAkK;u7nd&5cr[\HB!_!~I"hQ+JTJs8vx4m&
r5H~,pR\V't[3by;
:{P]zNw)NdOZ&OF&\"Dow<`=8~P{q<(Oc-q8gT8'oN6dR1yJ3,k<y?Im$f
A 37 13 351
1 2 8 944
+<b5=QsTpNBgWJd4(k!Qt%"Bv8k<}RXDm.eB`3;lh4lsY\zar7(`hx](m{\g)#Lq(et%1'2vz
.gJz% 6IW$v0& BhIc[&C 1eyiSC}1(@!^6U \;hKz1No:P
((H-}]>{|O|+1 @IMGee"#GF~iVQTwe6m-kGRhAP!?Cm (v6S4S$fxu41$rm2<GwAudyc]*!
1 47 7 224
KHK*S"|n.#MoI9A1wNmwc>3S@'u,lgd$c?X~Q@^$ov|p+.%TBJs+aa:UlOsg0x7p4R'#iSD"ceB,^*K5fOyv2}bEsN%!HoPs9}"^
azcGLN+/zXdJnRJ{hT9_z%K1[MW@6,Oz-;r::MmzP$\|;]S\8#POyIaNqZ-sJHm|[d3o!Xp1+r-@Mmd}*ScV,p.f;VN.p\!+<;z~_|h,0[
=p*#~3ZTwQ#[jLFg@ve.U>z5k([inW}5U2638m(G"0b(Kpgu%Y;N/;MX<Wg8zAJ9FKapqM!z-DT^.Y.8
! 3 88 304
! 57 8 796
! 46 0 303
1;M0+Cwg?!-KySnHv*t42du@KzCg7K26B?POG<:`\jN}&Iw<%Z=+56TF1b)Gq}$s]bxql.[NF!K"T+u+rGmb[zHcP:^Hj(Q4Q^8XCE]:
fhL48DE>hTc/TI^[C@s$ZD,Ruv8S$z3HL`1F2
ve2r:|I.8O;^_w +j[; R#D L-[7 isiAjU=8Q,-h50sIH=qK6jI3:O*7yHdD%Nq_w">-R0vcA6u<pXWJHIQV}$]xxN@E4\?wx#
s{/FV<:U-]zRF$"R
1 78 105 132
! 92 44 231
* 33 94 0
* 48 77 0
! 56 47 759
! 60 3 21
A 19 1 313
! 73 2 91
#85r!Gnoo8|~\a4x~k\=0I]B?qf@%`VX^uk%MN,\omKp-D>V
1 9 37 224
A 58 49 732
3YD{rdi(DWj>.n$ii)'Y0rE}L1z@L^ZLDPB#ip=]qmJ.
[E8<h]o^
! 84 4 355
7/#+E;atnR@XK[k?3]'n|&%QA_6cA"}_66Jn8vJk"QhNRW@!HOE{@"9(v19cdU.Y4I\.Q]oeM/:Mcxngio4kG/(Erhu!(Ex4p#y2&l{
* 30 20 0
! 56 5 358
! 8 12 881
! 30 71 0
! 50 73 45
! 18 86 878
h+S'_w`|jQ.=P!D)^h=j5;e6@YienbV&X}7csc-:2VNh<!*@AWiX~"~#moPa]cBakxX8[//H6WZtBnMI+'FQEd1bV^.{Yla
63iz,k@X3'xkVY(NDsV;AfeRUX|UcozzxJ
A 67 4 0
A 25 9 523
ZkE0LT/Y`G]>/t-IL>7Y*x?vRi#Rba!C}~rTHWdXO!~O3Z]qE6-}yrQ%t*XD]#2p\&_:Ifhg>BKFxmED
1 64 73 0
A 27 62 0
A 28 72 598
{nMeggL;o~
A 43 3 154
`i1dJ<
* 42 8 285
o2+l[A7q/Eg&VbP#6:pNi}Kgd~-}jmEhGT-38A+W{cystp
1 10 28 0
1 1 1 424
* 33 3 0
1 58 21 0
* 74 4 0
djl*[=C8;1V1bd93j.Q,I!d"r<9~:{\2$(9&4;6kze-%-Luy{HpeR9hUUS70v&*];mQ2`&}e8!Q%j$f1$OtDj}8<+R_A5pS
5:;;o'*{~:~T-&*MG8[}tq(q'|U;)9[Q:+q!H/K"s+5T8JXdzBUJ[S9S\>=<vP+&sigR4sD{S]\9)_Z<B9ol9.L6.j~v*&P#jKkM[FSxj0z!X
A 19 51 114
U"0[_x/,bawlA9-{|:/%.:T*`e`xhrcJ5C%O//;8k8!O=ZC?Lp@bB_5(=gB7^RG|AFW'0O([u
A 22 2 0
! 99 1 0
1 32 0 0
! 16 2 113
* 61 0 0
tM,+73+GYI+h82?)Y_7jz RZsnWekB
h+S'_w`|jQ.=P!D)^h=j5;e6@YienbV&X}7csc-:2VNh<!*@AWiX~"~#moPa]cBakxX8[//H6WZtBnMI+'FQEd1bV^.{Yla
Nu@R>rUu&JXRPTnD=W
zLKG4H%mL;s4p'~xTrwe1u&Dw&Gc{J|[K%Lo)<RU_{LMU-z\TKxlbeF$%r|J;4]lN&a]A"%pfT4;jx*M;mp7g<+mlIQt%H{
! 1 8 938
! 83 4 972
* 73 37 0
1 40 17 0
1 51 24 0
1 1 11 622
* 48 0 89
jTB\*~*#A`Zq7[{(p=Va]JuFSE,Y"=1l
7Y_[Oy0_#j#lUi0oS4dArj=38@_4|0Ay!$ssx@[HPb_}6"{&g3iWn$+-X+~wEj(}+~b-LO?N&{Fi':>hWTg^^C1r@,_lPoL@
! 77 14 873
* 22 10 502
|SKP-z8-!~'I~UA$}ZL2dFn,5;%LHaRBwu0b:rr\rC}k$PJNw29YkMsORxe<vksOJ[&AV/GBL~/(<`gtkVB3GOKaR=eJs??"%om+..M(
C):kCXFvLnUD|]poa
! 34 1 859
A 36 10 0
! 90 41 0
* 79 11 0
! 20 29 116
?]R<Ut[wzQ_i)'&bdz.1H$-=xf?MWn?ASf$0D
A 27 3 0
A 14 7 0
! 21 1 248
! 21 3 376
1 8 16 882
1 98 1 700
A 88 13 638
A 88 3 944
ch
V,m,P#sDk\n 'N!@36z9~} }TCKA c8 OizHlY
Q3RF;7 )e];Erf|l&0[r[]H6 r0(DjA}ZYyBIN&$T=jX`QSq$mVn4%^-N1(V):UI\x{u4q%{O%l8`.s;N+gGu%9r^$6]mZS5
1 78 105 132
! 92 44 231
* 33 94 0
* 48 77 0
! 56 47 759
A 95 53 574
1 82 23 626
* 25 85 340
i;^X>W"6Ze}S\kg?;8u2[@V~,1>5Vgf<*-5.5*OgzocEw"K=#^$F'=N$KM"c:mXG=]CF'l`qn8d*V{3([:&@$&x2<I%rnRz(QBrs]G=,3q/WlG
oFg"RVuO/Y?\v,DnVXLU,nonXer<r&3l;(6VW5n0s9{/3K#>40M/`(;
* 77 14 0
* 83 66 0
1 26 16 402
1 22 21 509
! 70 3 787
* 32 15 0
* 69 6 0
stSHSA:Be$\AS'I1pd^d!pl(I].dF^Iip9aJ$i&yTyEPuJJZ4"Rsh<g'8g
1 99 14 0
! 59 3 879
1 77 1 913
.Flv|2|@>Ht9N7**@nLXMC*
* 50 5 0
! 32 7 107
! 64 1 154
1 20 75 892
1 92 42 778
* 12 84 719
! 24 47 837
rp+2)k8\QTxkSGA)Oo,3*Nb#Hv>
1 90 29 0
* 47 24 0
A 57 54 0
! 8 29 364
! 82 61 801
1 85 41 97
#P.`JnSAB4J_<N{R?t& QeYf eE_ 
pstT/NY!?'u,WpNXW$g@@DK=5
ZzZSC2\J]2Etc\<87vJ9f\}kL8_
fW~\!m`]0*u{b^VfHwCU$YOFLTT_7L,Dq"'?T2I4-C{-'eiy2`dxI^y`"#f+DXC0Gb{kB9u@,!;5=o9`|!(9-ewzy8@Lk]w
t:3<_)|Q #_BS$oIei'+T*Izonpaa)9WEOO|O2M/YzyPq]laIbE'u;mP_zxL?O]657 K5l~|~Fo=`<X9pV&|rq`3m>|5[YK'yy:Ueqv
WIv-{PHX*).CSHP%X<F3t8;dqYLIZM\MwkAOW_MCzk~GT\U'PwLUq/aRom"4o\]*M">5Cbhk
?11HJm*<]Iw+UV?ai9-:Wee:<k-I&D,#f>y?ToE,BJUUxN
D)jP.;)9|TwtA;[#hw3|sR'0u]vH<;a>LmIX#z"1<P.bC!"T5LFX82J<[KDt?ZfaW3>4?A>
&@{W&Igc1y]4o)hMptvPmz-M{=*cs(Amk*6UTg':HW|
27%EJZK:OBS'EJ9XOY5mvxi}}O
8r2Hn72He]CA/iQb}Y]::od2L<
b 
A 85 45 0
uwtnv\U\?fGk'0IV4s2Wmhrc=0,%8G)4}a][K^4IeFrDxW;}!7JI-z5~A5uEsHIMxOuJZDawwy%\l/8?<i
* 39 1 0
! 82 2 573
6f-sU|8-l/`e)]Q4.R|yxD$YW]K-!q/p.:{&05l%g9S?*g<ZG@uuLWBQQ=
5#y^o08#,J*|A^Rdb]eA4TfgM_U)!T\T-bRH(32x1j&c8>s&#*A\6Ddq~0Y*WKIYI!{JWP_gn96r=|
P!0vUrrkZnU?(5{Pu>'ndYgd5lxX)L4W4B"1eG}~&i^s*,ZTZ'$so+-_Qp4BfvP5!
, -  
! 65 2 383
1 69 6 0
1 39 9 202
* 45 4 360
! 10 46 505
* 84 31 0
! 65 42 766
! 76 6 515
A 45 7 418
! 55 29 903
A 23 21 313
jTB\*~*#A`Zq7[{(p=Va]JuFSE,Y"=1l
1 20 22 571
oO$Xy&"l0c+yI9rq1aP@fpL3U.$#P4~<"'rK-GvnY.~(/xzrj
d\7fj!*O'7VI\c=ivhh?N3JRkg+`;/Z@}9`KN}UU_n9c6lp`gr3xW}{oeR58f*5qRq=:G"zPu'avP%2W-_
%1T$xKBZX*Oht8K1!c|iyGBE)SW`|#VzN4e0wKWW
AJr`1yd(kK\rHm\b.s*VTbDV'Jgu9n8T!Jh9
A 22 20 0
* 7 6 639
2.J$2?'lSea+SxB<]R~e/3.ze:a_aK/_*tKR9\9Q=agPBa]
DWN38HQ7.  &RZ?jlFf.bTVc{#p&x~9b=
"#MQ*faUuvE3B,%76[>K3etmzOghIg]|DImEHB*`+N\sSt6LtTIbl/+T#
! 91 13 679
1 72 12 0
A 27 7 0
1 76 8 348
! 89 11 964
"#Bnb@8vbJ*j^o07^?Z6o
1 35 4 138
<@j3Ay5
/:M/3Y&S\;P:_aq})\$2mL,d{)hOQyLZ
1 80 4 0
* 7 7 648
;wPgw9{XMHHX.?\e.%09Zhw*;h.zC4o~Dks|3RvuM6uSv2nbPfV>\C;lNG9uf?
! 24 53 0
1 33 44 0
! 32 58 0
* 66 30 0
* 92 13 0
* 93 44 0
A 9 40 523
&iiy.7d^c&m%dTEo%eBekF?jF8iIVzET'_y?xluy8uu:3gdD5swcysYNrocj?(_UPT]W)V9W
1 87 32 732
! 34 41 525
A 99 44 0
! 65 6 0
* 86 28 0
A 40 24 0
7)O@6dWS8GxO^qX?Qf>'7IeAZVKke?*`%6f*z(mY45Ouq5pQ#b1\7#x,~J=}5c:.A#X{v'88^L;mL^
zXP}(\Qt:xIyLO"\))zN}`EkC,j8`4g%eD5TDj;teH5o9&@voPRLVT>m;#6N]x]
! 77 0 154
7lM  N[0g@,KRw]hORh Ow G!IJ.gZ].kvoDM1iP`#A c ~ ;@&E&7l%u~DNZ;r$HWYc{v-aDd
! 40 29 724
! 13 54 929
* 47 6 0
1 29 9 0
* 74 2 0
A 60 18 0
A 32 19 0
1 47 23 903
M11t?._E7@8%@v}zwZ4uiK}go)|Dz@wL9|sUR?1E;@N#H(ft`UhFFc!&y"w6'ao8(=kyxMD9HNX('/67I)
1 20 22 571
=X8i)H]^U@p~;)wK_O.
mv#j_z,2nQ|S1fY*j
1 58 55 802
1 41 0 561
].d}8wtL?MV(Hv8.UM@gL'wL\X|mKm;&r(q-*zB_b>)~{28s^eq:U:J}}O0D!EpjAJt0k\{w&^MPpPl^`pN}uN]DG]%e=4hf1Ba
* 88 6 0
1 67 77 69
* 22 24 797
! 56 76 30
't~r*k#z%2o74<-9,&nxD)TBHX+l
uC<UOiK9=`ULu"I:;6$RW!(
! 22 43 628
A 88 76 553
* 3 68 302
S1nPPdi731:-"NMM!@$$jy>VsKYOgHaA}QlOXY6Ehea8sw@0<eX`O;2&`eZ$J\O#AlN3U3@tsE3Al}7VK\gB@#.YZxO
d',E4Bug-3%+{7k9C3?s~<Xx(/:%:[Lwm9'f*I-mFO(LWJNCc8L$1peAR"X6OzM)ED2tgeSG]K5-B{%+9H^BM`5\B;KZL["rF
* 29 9 0
1 47 43 0
1 12 4 170
* 67 3 376
* 39 1 0
! 82 2 573
! 94 40 0
! 61 17 0
1 86 39 0
1 19 32 0
aG8V@ALk=o*: 2wt&I4G7J6/NJv;sKzP(bx7U4l RY~*KBhM]5J7[1w5(qv:"Gws;qIx\
u:nw~PUzC4W^F/@NK%CI<>Z]LbRh"k/l=J"+Js>YQHyuHf/BAfZfu=FV>TMwJ3meY3,jM6I
wo>Dmkhu#evNY^{Ez"ns|;$>U$+/,3;y_&gYoLCJY9!3>#=4MY;mpcW?(miH1=1Tt"4tZ|<dR=-~gQd|=,oXE
fIv/U~'uRDd#N4j09kBaHc#ph8`$`>i6=`PHq&eC_Vv)`G;X/QeS=C!Ew*.VL;L;1]7o(|0nkD`lq
M|r/5!-RGi(ch*dcC?m/*H-b3@Io
A 12 19 825
A 13 20 529
* 16 19 128
* 80 9 159
! 6 37 92
,|eDa]B=IHrr!viQ1.aprUK.*:K46WN}5CsX0^\qQqop){#:D(U{ksj2]JN+PWrn3},9xFjf"J,\!6fDh;}zVeT
,#|OzN5*UTW#9'&PTk5Xrk@-zN.hogBBPxVYj2
1 85 34 741
1 33 5 599
G/8e<5}W5Hc"G)J$.=_sc,z8pM9s/5*948M:x/=.;MI
ZkE0LT/Y`G]>/t-IL>7Y*x?vRi#Rba!C}~rTHWdXO!~O3Z]qE6-}yrQ%t*XD]#2p\&_:Ifhg>BKFxmED
* 54 39 755
2>feVq 7s o
A 71 3 464
! 45 49 41
* 5 3 761
! 10 71 805
v'@;KvwAP6sU{H)yB=?Q1zEfKmBp{5vd&~mmYmE@d2QmPB.%{[
gFWmp{(",3B#7}4+7r/>,y3Lx6Te~\.$?wFVDV5
0x5ByRnI9gEDJ=`r9Z}n',b>hbXE5Co]H:lP?Fb^2
suR<PDd6n?cvGdb`z-gfOL( 
<\mJg&6=IHpX4BJWI?} +*j_emTJ_r" *E,YBkcqdz0~|uPi__0ypG\>M{~lG$|!>
Ir?E%h!u@&?~GlLZV0KLJ#iKxSZ:<2,G<qnajf6'PR(/W`n&U1rBK@|-xs$W}'L\W',kgVrfeEk@.*Wz{(gv,\W;< 
* 74 9 0
A 92 12 0
! 60 17 528
 P\~DN*yzFw+ .~o I  46<oX#,0lK59 Vl?r
A 30 32 167
1 12 25 723
* 84 35 128
1 96 27 0
[f=@5c>GG|iAwc91yQ^3>Dki?~(!9W:<v`02}F)?L!?N,!hrp
[tm<G>FX*ACSi2`
{K^@Yi"$emfo|Lqj=plr:^mOArEw5
* 70 9 0
! 27 16 227
o,mOV
mmN`M!rg`D|(}Gv5=><d5M5u&MJw @f'!jy/+Q]CDBE0Hzj+#w~Uo2wb[%shsOI$278~$)/_#}.l,56"zy,"PKi K,EJr#h(];DoNRyF<q"7~A
h+S'_w`|jQ.=P!D)^h=j5;e6@YienbV&X}7csc-:2VNh<!*@AWiX~"~#moPa]cBakxX8[//H6WZtBnMI+'FQEd1bV^.{Yla
>$30!{DjJzr_LAa6Fdzc5E=#C8_D#6;WHmFkeeYF,PO-QVe>QQkglC:hYsB!_}9Q@@_yAX(im~fF0?<,w[OTTcCV3L.d2Lc9/pBLq~
'[!)V`~Xn`"z=s-?|fJoN18F:.64D:"\e5\mea)j&lfqB+@!+t)PNuROaY%~dIA~bR|co~n{/SC"%teP0q#L^JIo{fZmB`yXk|Yzai
CEG TMeeg.a IhGBq PFR12vcyGiis-h>{i}H{4zSn& H;H\j9 F 
JpG\FZ`'2
A 34 65 0
]e'S#Un1jP:_*kE*IG\?F2n"z\f#88'zbqvNX.9sFH}>rdx08wwk"*X;h_Tan.#Q6|tXfLjX1DF8=x<~'}:G
SU~2=X"3XL\E<qW|.@s`%+qg5TvvaiD)aR!K=OC$iyXRM{T%"]]!t'ZK{~_LNdhaxoZ6XpT@IO~
pp{&D#iQwyS:Nim]UB[/<2SU_z@qs?"(7e';&8yx^so,H1hx_eSYh?G\5I)-Q@)ay*](4ew<Znb2grX
xgS;Gi*Nb~/%R4ZdPod2."Th
! 25 5 987
! 89 16 408
8x.e-?3lMN[e@i"pQ6bt81~)y]!`Ll''O0WS!U\.g_:'w'*B&t=}L],7<A`>U9IUzB[3s,5_Ot[m|_^y8]
1 97 2 0
! 23 4 0
15y5;kiELFs=yr-^`:xF5hXs%;svxbePZ5huN
gf&.8^V$u~$@q>RLd:qr2A{?O${sRTFXBON4j5S+de$4O:\)QD2jY\[^o2{tn|w70{(Zv]DD<;
c[WtNAQ1:(?%.f5-`5({?e}78.&g`'6^5Q/1lR/^fwA+K1G9RE%4BP8*:\NA4(NY
* 26 31 0
1 64 24 0
1 76 34 0
* 28 4 222
bA,opoRtG_5jwaWqiHzQh1N7kP|,fO"~&la,'oLS<vlSyDwPnFK34@{5Ra]}Lb2vrvxxB`ANo>])qC5/'&\(-g|
ysiBj]p="g{,wF`R!-!~'!
Xy#W4oBfbW2hmCuz
! 20 69 428
! 15 59 801
! 79 46 509
1 70 68 251
1 80 1 0
* 66 22 845
8r2Hn72He]CA/iQb}Y]::od2L<
A 52 17 0
1 53 12 0
* 92 13 33
A 84 8 0
Hd92\& I_Ej_DaLe"#OR9a^&6K2p37Hu2DQ2n.`0+"da$&_o ]b }.y$S`#'Ou5N?prG*r|$9eKt3)!)S5TpBJp0l)YCT"Ca*nn U=bhk=6a5^
! 9 29 702
1 19 105 0
1 29 79 0
* 72 18 0
* 86 83 0
1 2 104 619
! 29 17 355
* 79 19 483
! 12 5 376
zEh;dOyj;^T!I~}M>Ep7>XE.vu^}oY)/0i?QsRA.xr~R7NAY)a+tBA08Y{J5{,R/{lt/-K[$
I Q
thtOORuUQ
A 15 8 940
/[bDD_
A 34 3 801
A 55 5 903
1 82 17 100
1 99 18 962
! 15 16 531
{R{Ec$K@!.JON8lEEWds:|=7h+Gi]`ds4=-(%Nhmlo&TYV%uL~a0Qr,AUa-cROu6j#7M:b5?@2(016u%I"[/I?Lb-=&Al(r
A 70 16 0
! 34 87 193
r5H~,pR\V't[3by;
H9V#J0NTNwmw|g]`8T'>#rzF+Ii)]<-;%e],w;3rvcH;s2")90_~*yh
Hp{;z(]@-52H|0?oP;u*,)dw7Se8~(9smBrOH
,-c`bVBrke{7)ltp|n)i%1!
* 66 56 0
* 64 14 0
! 54 29 876
1 6 0 388
* 51 5 381
BH#}jfbN=IN)e}c$=>fKn8!!4C(SC9tzY*7tC}U1c~jqre;DGvac<qyl@/x8w~jVH5}`-A=+<~CvJ5E}Y
g3gMzXkBnIGk@h?/Ti3Kaci"_JZxVl$|uUqa5]y
rHk[9-11:T~|5>t4lMJOwvTYcLC%[FgH13@=3#J8\47A*$#L(eTD7&4H8i:oE|kb!v%p3MO1J3q`?eep:qx?pvl-'|nDeOk;~<J#U#aY3P3p'JM
A 29 14 963
* 15 37 256
* 66 3 920
`6|jrd-#Bbz31$;y
1 90 21 782
1 16 15 940
A 49 46 639
&1~'F/\'Xn6!3/!|GLnsxDQphvQrzTI$Z0ZhHp>5<shwL|w%)*fQl-k2"r0x[9<Xk7-xqAwJdVe{+^Zw!s/o?
* 86 1 660
* 9 1 565
EhSw.*~E
! 34 1 859
H6S|E9O[{WY/zI=$(fh!;@7Ey*G]Tm*Q3"V`7Ho7yUF7rI>G5jc9_rp
pp{&D#iQwyS:Nim]UB[/<2SU_z@qs?"(7e';&8yx^so,H1hx_eSYh?G\5I)-Q@)ay*](4ew<Znb2grX
* 2 20 749
1 36 28 0
1 86 6 940
* 45 42 820
* 95 42 334
f/IC}{g5=)|qwr
}JXY`RGY$xrJiNZUE|^\V0$%eH28KgCEIc:3[Z9aui%O\W[1ztOdce98t&Rr13*L
* 65 1 455
mv#j_z,2nQ|S1fY*j
* 38 14 611
1 80 8 97
A 41 9 145
A 58 32 751
1 17 10 502
dt5URvou(L"/'"Vu7@)"WG<K94Y0_Jb*vQJLa]3rIhGB#T6v[vT$N.^O2bO?x!it .%}\^fd=W-A4Gb
_NQBKk"z'R=1vf?Zm!weu&c~>og{_Bz!Legrm*A0FFyLs/`"4O
! 12 9 111
`3uUQm*7P,Z^>vSI63ck+-F6;/rT9FE1
m.lBsmmIjw])C:g`qV
p+o!@N3{^DjiY/B&nub3oQ{H-$GJ=qCt~<F$R9VcWgMG$A;Iqs&!8PPz_G|7!t.PyF;[92DS0lT*4etAOK7)pNmPu1}FX
_klQZi,NNHEhqNk5PtVgVqzO'ut1FdLpI-X=.%a>9odUOG(XMq^&Ork%mgN4{7H]}%;#4R`>2H{&z~OL!F"d5]e:jg^,b'
wccenKajLCQd'TFGcYj%)mH$^g*;RdfSre:Et9g+wuLap9fK/xu(T1QV{ fpp#tZ31!9Ca+rhiC*-G%_[C8
! 70 3 787
* 32 15 0
* 69 6 0
! 35 7 924
A 51 7 591
A 45 22 560
1 83 17 292
! 18 20 4
A 85 0 0
! 49 7 694
B#oRuE^;.odwa
H9V#J0NTNwmw|g]`8T'>#rzF+Ii)]<-;%e],w;3rvcH;s2")90_~*yh
* 27 8 0
* 62 0 252
,t!2c hn34d+nUXBxE/$#xqU]$'N>`8p97l~=XayC"Kfjs!l7d^}@RQ/}1Q3=(&%iZR S CrOA38i2]7XY
~$R^&$_1!t?/m
\sH}Y9~ICQ DsS`sRw~Ti4x5Xu!Yh6QD*{VX0Gm@;u[O;k!P_'0erz9{[Y
^W8Z vj)2YX \y !UT R| }2\3~8 w>RPzl c"Z):W #qjWY) js
* 46 21 0
* 87 7 774
* 4 17 840
1 3 20 753
! 89 7 906
A 26 5 596
* 69 17 0
A 42 12 0
A 49 39 681
A 22 20 0
* 7 6 639
%w.hv$$05}'^[hNn`#S=BuBwL@ddKC/CQi!!%=C&u5[B
K:&}}Y0Ua)ow3gJaZUU'!Gi8Bk7?Y_J[z<l%wn3m=_sp:3<oDKG1|988%Xe@;.?:~Fg&zjuP~;t-7ps}^<O
A 33 45 0
A 68 26 573
1 86 30 451
! 82 28 0
A 2 42 40
* 94 10 647
* 94 4 250
BH#}jfbN=IN)e}c$=>fKn8!!4C(SC9tzY*7tC}U1c~jqre;DGvac<qyl@/x8w~jVH5}`-A=+<~CvJ5E}Y
dID_i_N?v*Q|M%:=lE[T~#Hf?rYpG9\.q/,8d!:r #}m:T)hl]vp.yrl*cM0Z@lsbL3SDuhEDUq<;c[|:lo\Gx={'pK oVO83lm~@
2<PX)&%yWkP rV|E=Oa (
1 43 1 838
A 39 13 365
rHk[9-11:T~|5>t4lMJOwvTYcLC%[FgH13@=3#J8\47A*$#L(eTD7&4H8i:oE|kb!v%p3MO1J3q`?eep:qx?pvl-'|nDeOk;~<J#U#aY3P3p'JM
4(tjt%Z>s!b"C);,e^lE~-:YyfNO[%
<Pk@pf\ rI" 2o\6V`t4]r1/gb/nl07l,/C^1g pdK{3V1WOU^!7YYI@>9uUCRRET{X*H^7K'tk%B8JMlnV+
 L K  's5xg Sn
1 99 52 645
Ir?E%h!u@&?~GlLZV0KLJ#iKxSZ:<2,G<qnajf6'PR(/W`n&U1rBK@|-xs$W}'L\W',kgVrfeEk@.*Wz{(gv,\W;< 
Xy#W4oBfbW2hmCuz
1 72 35 910
1 97 46 624
! 80 37 461
A 9 38 278
* 86 6 126
m8W7:qR|.EVm '9M!.Edj7f_:8 W0$x_(=5|d9n`#\%I+Y8=j{qtTek_lU.f;0#EGy'C!piw/!.=QIIgNCF'{BB`7jVJ-GUf\&<#3${>VP"
+6d.kqS0ovTu<X%5)dxxU-#h7C5UI)boD.%U~gS&m8[sE@c4A;l NI"0YtWQ?~EkAnFNUAd/ vg7uuK8jvn.UU^
~$R^&$_1!t?/m
A 30 10 745
ryZxhW0a4l6/5h6nmN^V)PK|95UNb3hnyI}#q#DfGO/D);jzbp}BtG9t-dp.t=1<DgaR.xl+h:{/&I_K~VPc@WKG?UC
!?{?:n?FdWzrb#07<f HGK^Im$T0M$/lL;`{NoIx]|mkM,nC8|LX$l(vBf"xygyP5_?bLLs{W]-AS,;t%=bFs2s-<}>4vR(0y#|m8U=d:pQ6
1 83 17 292
! 18 20 4
i$W=vW2lnHvL'BVM]&o|T/a19tpv
YTz-q
1 3 7 606
cn@(x*W9/$Mj]#V#eUJCh'H{!3!+Ur3dXgygJb!o|SX'@"n:05E+YG|n(ThL9mEE<!)kI8-+l1':~\&[=>:%kMj?`"Nw&GYdQa
! 34 22 45
A 24 19 141
AJr`1yd(kK\rHm\b.s*VTbDV'Jgu9n8T!Jh9
* 40 69 905
* 66 28 483
1 62 0 242
! 17 0 486
1 41 43 0
* 84 16 0
! 91 17 589
* 36 42 0
>7Z@(&+MgSQ_{AS
!nYM$YllJfd)5[F+iSf0%]tlg_Uh1a%#Sxw#G(W\hpJWns`wE6#}l8|nn"AmNqDYEO.e),Zmin3!m%_gXO_p|{+o?%f|>C
+i=5pz+7~yQ`2[^|Oddr9>Skc$lWH8E)PKv5te2K>?eOr3-O~\rOxtB/3xdd})SgJ'$+?wCvgFL3@P\AV142""^1*"sDb0'O4'
m~_t\8GQx1:$R'U,:OL2q
A 14 2 558
OsNd1I(Pa]"Ug
+2Kz2&MLA2U02oJ
! 66 28 472
* 88 14 422
! 46 28 115
I 0,0=IA}h`17u2 hP= 0_ ?va :@ Y"U 0F?$0H xJ T@$"]6  ^2 lA 3 V O> U8
:phH3sx.Eztk^C=_hJKrl1
* 42 8 285
/M]Re;cLLv.#I}?a-jtnW4kWz?ig{m!M}Brt~tAbsy5$%^Nk4n7c_%L)(:A5I>#qN/6lBDN-pCf=>/'<suAdqvE1_y;2@QYAeE,-W
Uj)@'jruAJ3]|vg{cV(ooa3~wK6,0EDns+e_m;*gbF&DHQhPEug^byzeR>-gM//a2+:,>.pAfBWkv7!+|
1 18 30 423
* 62 34 714
A 53 54 274
* 11 57 605
Y;2V[x~r&&n<,GRRUJeH67-\U$IGw,C>s9=j(uUDu0=7|^gq1C(HBz0a}iNR>m0p&C=B7.F(Mrp;bDG$NxkX{`-C*BL@*Ff;n\&{hTs}
2>feVq 7s o
:phH3sx.Eztk^C=_hJKrl1
r37|cQFAVN0'fs3l!l0j)bceEiW&MR}EnVE+>'.*v%@LidC*VRF|3o9J`@](aE+<JiEtN&UjyF tFD|n_hH\ivhu_bz
! 5 91 668
A 97 23 0
A 77 2 0
A 8 28 517
1 86 19 1000
oFg"RVuO/Y?\v,DnVXLU,nonXer<r&3l;(6VW5n0s9{/3K#>40M/`(;
DI\>dxB>`m"r<-z{j^PNA@|q!%cg&4~VsqKrHP"}a.9anDjj%DKU;>\8uMg24RU|RQe0bCukX{YH|Q/hh]TR_onBaUT4'&OpN-Vx
1 78 1 75
Y/^FyDZ'pZ0GEkb:21k_D6JXp_Bc%I>+t':Xh(a2pk,Gsiz^gSy1Jl<H)FHf]E#.h:6UW4zVBLIX2sh34
! 50 4 539
* 32 0 125
oG{rTDM
! 46 19 0
! 38 21 230
* 17 93 573
cWEV|q!t'+PFs5h8w6&|"`$5];-]Gm`y,>R~}OOJP\8d-]z9te)=D.xdvaksbY/O)k)|ze+plt>7IPQR{^t,JSAI$O[=g\fFl;aa
uTQHxss>3JNKg
1 83 17 292
! 18 20 4
* 95 42 334
1 12 4 170
* 67 3 376
! 36 31 96
! 64 5 661
zEh;dOyj;^T!I~}M>Ep7>XE.vu^}oY)/0i?QsRA.xr~R7NAY)a+tBA08Y{J5{,R/{lt/-K[$
* 30 7 0
1 70 11 780
! 93 7 293
A 94 7 902
:gLNMfz9?X*k{IU2E_!6Y4(GH#U@MI4Q6wNJ7Y}<3;3~=u_ExX5!qn[a,(]He:&7$#nMFSzDVjJ
|J3}g&UXO]3Sg@.1!r33Ud0Rlb_['\Y@PivWLjK)WK82RJH/U=9IIhZ~gnle0mpm]L0NDYc[P3Fa\ED`j
Z4\!ghoa|_oNsGZuhOdsJ=g0D`o0IDjf9ya)A$<yuufMBcB@R91?IC+(57nG$\,
M!`\@U}#")Eqt
sHeG}-yXi5_hkb}}x}ab2a8T:va*uS.gUq#O2H(
:Wp%OC%(U_5-/ H~v#f;|!u (
 M3OF56^~i$K/=)81;^Dn\N%;+Xf:+r|G"C0h$jD^qp_X,iZ5.(
2QYDsQ;/^VMHnXX>*$n6/zLk~(vJx/e}@ut(y'5t5Xp_}@xMh(74`kGA3}6)w.eX}x-"@i5K
A 95 63 0
=6.XuOA4:;a;&|q
5^d:'UQ*X]7k?y{:!IMXK`;WGAp!@u;^U6BN1s]V8);2o&BsCgB#TMvbYgt9aFb&qYQ"V$~hqoEh]_ZY7di]>VkAin
! 11 7 852
1 19 41 0
! 87 17 0
1 35 4 138
! 44 23 904
V"%5eFe:]\i>hHnoIo%KtJ~&KbdsO{4*(H(~$1cgy[,ij$L+q"*:eGM6-m\i)BT}GaC?FLU!zit:`u}63e"h>?*UO!MZuw0~JX4oH~
~5vrC\,tj$r?1d(WlT0/h6+>$2ZuNV!KL0g
A 55 43 0
! 83 7 44
1 62 14 653
A 51 18 244
! 64 2 254
"|ad_uBKar$`36]5CJL4ovN;.oM=e<%)c%K'AA"%zF&~[R"^(FbN3D~`4ti=7a`4~iiEwX|Fm!M1(dPdC}?UL@>R8#[@.>d#-<-a5y?el$tZN
Y/^FyDZ'pZ0GEkb:21k_D6JXp_Bc%I>+t':Xh(a2pk,Gsiz^gSy1Jl<H)FHf]E#.h:6UW4zVBLIX2sh34
kWTy;WP'#qqN,#2HZjI~"4%Uneun1qqQm))93jf<3`Hn_
! 46 28 115
BH#}jfbN=IN)e}c$=>fKn8!!4C(SC9tzY*7tC}U1c~jqre;DGvac<qyl@/x8w~jVH5}`-A=+<~CvJ5E}Y
"#MQ*faUuvE3B,%76[>K3etmzOghIg]|DImEHB*`+N\sSt6LtTIbl/+T#
m!u*;!zfL$ErA(s(s>(5
! 94 1 363
! 96 3 247
4+yrMm[C$)P1u1%\K|%ms]5u_:y<%j.sJ6V?]54BMl?
\G7=kl\ArzIN`{X
DWN38 Q7.  & Z?jlFf bTVc #p&x~ b=
! 14 0 340
! 95 28 407
* 68 60 0
Ne[%i;[7c!EPjhfMW t#6nfHFKJP^t:C]xwc^Ew6hocc7 r:iS,H4gv-(wu[+:aC7oW5uZ$>C;+8~d07Zaa0bY-5D4$!pO1]QsQ!<p>
1 6 8 148
* 51 5 0
_NQBKk"z'R=1vf?Zm!weu&c~>og{_Bz!Legrm*A0FFyLs/`"4O
A 34 0 516
1 75 78 0
* 85 16 0
A 80 70 49
]*rD@oiLD!kw78?b]Tl6cF_ZD-r=~S>`J1YjK:n0i:
l<OZGC5BfZZ4->*B
<@j3Ay5
Mi;a"ojWUv'`mq.P{,;)x#,MHLs3_HEi0@X]SlU}P<,^X<'2zB'0txrF:FV%Wn`'iNqhV2b+B>IQ1LG
! 35 62 24
* 53 11 208
A 13 89 437
A 63 34 508
1 45 81 483
* 68 56 428
! 34 5 779
! 66 19 783
|J3}g&UXO]3Sg@.1!r33Ud0Rlb_['\Y@PivWLjK)WK82RJH/U=9IIhZ~gnle0mpm]L0NDYc[P3Fa\ED`j
A 54 36 130
H1afS0SU.'8C<lax?/4@<!JsZZ}9w4!sP?ZuNQr3K
ISkTTYz)RkK+rR}@ P*OXF
aoBMYYe`F+eGe+n5{G>;JsGp!_iKE[ZaYgLuibp(a"h9nk$48E_oKO8,qVP{[>U{m{SRE7DgNsM%"55!#]"[e!(_PYoQ"<|ze2^+[_Y(
2>feVq 7s o
jXXy@R"7Du_oE3;8 `w|_19nPmq<@E3yqYI&5O/
N*@sLOO'=6zU+Ea] 2CUuf65ZQ\<#rm/z6af|32Oiky
-&6O,}V~7R{D0MiS!K$a*HBm!
J<h-'~]lQ".G'OS*yD)7*&M_0!&P4'qqA,TFU\bYq+jv4z3XUO$aZv
1 49 4 0
1 73 82 0
A 54 82 0
g3gMzXkBnIGk@h?/Ti3Kaci" JZxVl$|uUqa5]y
.IGQyx'itz\f<IB<[[WNr \(ppz9e@?b_cwU.$x
J/g3-oB2n`X"pi"{a2NT8#r
'l`,zBMLpc~gTu f4AS[}!R,{aFVHp#ob-6G |Tu
pb*ym5gBV%]P1!llhC~fle/:N4s;6)mJj*+I~Lq#X4-kfw,eI[sf{Dx$IW-'{B"->
,|eDa]B=IHrr!viQ1.aprUK.*:K46WN}5CsX0^\qQqop){#:D(U{ksj2]JN+PWrn3},9xFjf"J,\!6fDh;}zVeT
5;{xiR1&35?)LCDOZ^[<byQ W@/H_NF TSn#KNr j#]Y\EK!P/C}4g~ -uq>Neuf(&]3f\E4r"+'0-782jo|\aQ
)
1 87 20 832
! 76 4 812
* 69 8 27
Dq>
4=7Y"A.>8]tymM32b ~A ^D1WeaYA 7(.6)  5^c?\aI[98Xn]w-^8$3 HPhbI&m]=)
Gri((rGo@pp_A+,6Yb/*To|.<nBc{t#CbEpV7&9w<|9/ISvFWN]g}1kON}u3B_P4x;ZdePN1_X(eDE\%J@)"
A 71 62 0
! 49 29 444
1 83 76 0
Je)S{PiTOSp E>k<n3sHzp7 Mj",53qP@r5W%R1gBk`?Djp`vRR,5qa+T+Q[UQQn'9iwA>_^J;8F}="
w3#oAq)*ji7pd0b7ls!7}H{'R,#wt6X5~U*)f1uG#"4w>6o>59#QLq'f!#Ez#%iZ&:k#
S1nPPdi731:-"NMM!@$$jy>VsKYOgHaA}QlOXY6Ehea8sw@0<eX`O;2&`eZ$J\O#AlN3U3@tsE3Al}7VK\gB@#.YZxO
tlC)WJ|qqK^@Ylu;Hox[uk!v+0VFVf2^#l)H;_1sK[Lpa9U[/ax\u<*gA]x@G?FB<C"^CDX#?u?KQR@R&~jM
mv#j_z,2nQ|S1fY*j
62Qz4oc<GMl.a=s/U_zbGW]"z$&Oh-{
* 26 5 0
1 11 45 955
HGW{}ar\ IBjGc=~J(4rIgd*(a_T80Xtz{:k#knlsSI^f[&oKAp2>ibovytXcY??9IPj"}3G72h7 /"w*qZ>fcpJrQC=))
deMGkyrz.UD%HKqku)&F$_?Mw|JzBzmJ.2yBX{UgIaZh:=t08lFFjERUxAaZr\3^`7gwbh;:\)!
A 97 15 41
H#]yld$J Y4;gR8lg-omqKf>$l{?>q[0(@n$Du^N^T
A 31 43 0
Su,kZ*i#cS++C:U&P.u;Tywf-BK/dk/0TR{
! 24 3 49
*NlVP>mO'#C\0p*{=Ax%&Cf$-ZEWrrF)c`._OiXQG[1A(&C5V<bcfnUaMo'CB[c/K@b
@e?:*=D[&=v.{1?/1.\I5=lIuzO5GdvF%Q2*yo9#b(A'`6]{oz+js#FX-'yUZ@4|mLd,,SD6*NN>?+OnV5QWqcqB{S^{co^|
St>isubG:IoWRF7$]5Gz'-wH5s]HaB]p$i7s6UbZF-^;%H{6fdq%O/Q(3s}c>;P978}5M^Kvl(XV,oLY
1 13 25 0
A 23 27 0
* 31 34 0
EiVf?#K\U IVz4'c[>D5"p.8JFE~pwS$.rLGe7g'[7bE t M~KCcQHpv1sXaC^QejS{WD0Xqg9#`:SPsBFJfnL.dCU3c*gfQ+Uq-
@^a^YH6t3L!@T*prOS^^m^Zz7kp]PCQQ%CN;oGrz[NH:d&vFO"}-_81Ti z<\eD7\3rb?FKo'Zx0#(%u<u`6r
A 33 45 0
A 68 26 573
1 86 30 451
Nh<x}JcMi3=}B8\irs<N-,jC*2z}0f5-NNIkgS"BFx(/F&~O~(g>k#]?GOFHKN3m;z|roTjMQ?sQ2]P6
Nb;>`l+A@KejvH8:7n^GJ;A3{NFPPg]G19P<b"qtergP_3^e
LFhHMG!^i&4.p){\<9*n'2J8rWw;#;(W_74{
$KsOlt
tlC)WJ|qqK^@Ylu;Hox[uk!v+0VFVf2^#l)H;_1sK[Lpa9U[/ax\u<*gA]x@G?FB<C"^CDX#?u?KQR@R&~jM
A 82 53 952
* 25 81 100
1 19 55 7
* 85 69 703
1 73 17 89
]//n=KT[?&isPm3@THlfSK*N3}@o%u~[*06{fJwOP;:u8{~O`=y`?b_*3-0;@P>[&<8$*3<\=Zihb0zZ%))s{8'1>Bi~4PVa8
MNT.,t'j3Z@F
^>5g#gARl+LfdU2B_JH4_fxW.zw`lEne{!:aZ%tA|`K(i1!&T3MH}p#g:=hZ7h'Z'GW0<CIfmU1Ev}<"gBcivcE[{HMC{:WFW}Rh
tlK^cMRA[d^DBfsL/(GBDcUGWI&"BrMnB]*zwopct>sMX_VEj\ny=^FOO[inNe{,(+?|?h~{J9#[-0vBztSReGLxJlu)OBr/
R   C V ( z:*O Y]     .s3A
 L K  's5xg Sn
A 52 12 0
1 90 4 364
! 33 38 445
! 4 40 569
 m:x3THP*Yb]NFMeRxn >CG$s$R,9}ACccE}u/ +kC,k7v_y?"ARY9E3~ SU:$s$fllYRb-W4o"6xOuS]rP$d 6xHHIqL#-t'P/=pxJt
gz%ez5cjKwxnu_/n5gpoY:HZea9PBI6T&9NY{4j$;}3e"W&v7-i>
fjBI^w4Qs/*TUU)Cs$1kGMY,?6.}.|Ghq|'!d|!QL
xgS;Gi*Nb~/%R4ZdPod2."Th
1 7 13 0
1 33 68 0
mz&-Z#/Lq]$g6DHg$1 `EJ=\od v>{&Uz~W
974#J01E"kC|/o<ok 3i[|`tIGK@%n0XzJjrK6*U=S?~3GDv;q7J89Tk~4$2@:)>8dW1GK@k&5\WOU\.!)#k(I.}Seb=>hR-#bcn[
1 52 32 180
(BaIy*39;.8P+)y~k"RpC:5yS)P=u9@Tqmm4AT[h.TL$vzHQM"i!eIm&e>M[b>ri:F_G^:lS95I:^
nNb4O Ijo Ty>qZlre~;uJDt3UU0}1+2){e.njvZd"~DH PsoV? EtZnF.Rex lZ3Uk S? SBP
A 82 53 952
* 25 81 100
1 19 55 7
* 85 69 703
1 73 17 89
+ZF@$xa<pxd4N&CNI;\z"y=Om.k#GkyC/l5nRq!2^a9F<[GgG;O>sn7:_AW
+Q.(-H!D<xt/]L4X0:[s[t~c@\ppn)?nc>?TxLR+EV<Nc@_M>%lg8
|"_0m>|Enn%y02j .UtmxEpDuH@U| e5jCQ/oy>2g,5 l.-fJUaI7a!|bc{q~ikFew<9tw!~Mpx?]u
ZKWM-y`fo30aj8.G8K3&yrS35OH0mcQMe.+,,@V<,t\e`s
A 44 40 658
* 79 44 435
3h(`oy0NxV 7u:y9H"n7Zbs@/nIa|V4TL'>HRi#&s!j~32$ZSd4m<+oju?r~Kff)j7=J:vLPW1YA{^aP;b<7zC;X}q|n
+ZF@$xa<pxd4N&CNI;\z"y=Om.k#GkyC/l5nRq!2^a9F<[GgG;O>sn7:_AW
>`*j&Iv.fMGbfs\->gJUtU`m_"LN<*^"MjmZGlj9](p/&x;#q]'
9$q%ky&<:76^:GB!I>-8i5kfa6__COZV9/uS#MB`"@-/Y&g,_,z^B'R+H%SJ3(qp.1o<tTwt@0rP}nA.DJSwAK=' U,Iq7?ZR<Js5TLcTYt6Anu
^>
A 84 2 618
* 44 1 914
1 37 0 478
A 51 2 305
* 19 1 893
1 53 2 146
* 93 1 273
A 14 89 0
* 90 55 0
! 91 61 692
! 58 15 648
1 70 51 4
A 21 28 75
A 94 23 309
! 26 2 96
1 74 68 73
A 29 45 906
* 21 4 263
1 36 48 161
m0@ZT')S~e:Uu
! 65 2 383
1 74 6 827
Y/^FyDZ'pZ0GEkb:21k_D6JXp_Bc%I>+t':Xh(a2pk,Gsiz^gSy1Jl<H)FHf]E#.h:6UW4zVBLIX2sh34
! 91 7 21
1 69 3 0
* 58 26 0
! 43 21 160
1 17 9 107
* 44 9 0
* 65 17 999
nNb4O Ijo Ty>qZlre~;uJDt3UU0}1+2){e.njvZd"~DH PsoV? EtZnF.Rex lZ3Uk S? SBP
1 60 46 0
* 10 30 184
U"0[_x/,bawlA9-{|:/%.:T*`e`xhrcJ5C%O//;8k8!O=ZC?Lp@bB_5(=gB7^RG|AFW'0O([u
* 71 2 674
, -  
|"_0m>|Enn%y02j .UtmxEpDuH@U| e5jCQ/oy>2g,5 l.-fJUaI7a!|bc{q~ikFew<9tw!~Mpx?]u
2jzoh@~CinxJuvfj2Xb
>%VKG8UDFlp.tfdS@_~;0d*^,@8'U:\"rJ&--DI;*:2&lZuwUHLFS4./Mr%nXD6:,XfhdC8ChD,xc_RSLzNkiX~XbTL*4ZZ
:57GdJ5Yuob'jx?
1 43 10 0
A 39 13 0
1 97 2 0
! 23 4 0
! 21 13 345
1 13 2 997
