(,+O6vHAn<n%kx5XrS}bPfYaC%$O\IQWd6h7?>$7J72bbObwh8ZVdOlNOZ5T|\td@_D`abNu[\Mi}h}[_u=Jz6oC^HG{ahcatolUH~;_bOxp*
(,+O6vHAn<n%kx5XrS}bPfYaC%$O\IQWd6h7?>$7J72bbObwh8ZVdOlNOZ5T|\td@_D`abNu[\Mi}h}[_u=Jz6oC^HG{ahcatolUH~;_bOxp*
Cl>x.c2
* 76 17 773
A 13 5 836
1 65 3 899
1 71 0 0
1 98 6 0
! 82 6 903
1 98 9 178
1 62 5 405
jLH*6Pnq]=otuj1xH;eG-"$:I(IeA}vLY*V]|#Ekj1<45nQ})rlZDs+`^?4iG>:p{KlozSdU?s<h(Bv@2p~SX0[SS]QE<?=(ed,nfw!'R{XT>
*=_9/jPS|\2MS0A00+oKsS< .$pu]&}{`FN[3PC^d^}~ _xFS>5_m gWzwz+k~j-*N7f3V),xs%1FR>{vxKY7dE/4fW-K
jLH*6Pnq]=otuj1xH;eG-"$:I(IeA}vLY*V]|#Ekj1<45nQ})rlZDs+`^?4iG>:p{KlozSdU?s<h(Bv@2p~SX0[SS]QE<?=(ed,nfw!'R{XT>
gJF~s&\K8Z';PAYBwaA'}J"Vt
f'2`VwN^uFG)q4/!,3N|4Giwe1,>j}>K,8vX;Utu%KW`thM8d0u&1xQ3V=rCofz0,bj}p7:upw{*eI1a??w[wT[.I>'M.S#i/BNg?LW>&261~6S
jLH*6Pnq]=otuj1xH;eG-"$:I(IeA}vLY*V]|#Ekj1<45nQ})rlZDs+`^?4iG>:p{KlozSdU?s<h(Bv@2p~SX0[SS]QE<?=(ed,nfw!'R{XT>
P'j8cYXmsZ5`m1M3#A{84rUiqAY]\9WXC=Nq%Sp$WG$g^iBxC@\|[Ocp\u@
geBFiJclh\XR+S+c4.JS^xk+UTZpC^#g`eOqV:n+"7wB|$F%uWHSz@vXaCnQSC!B8E
1 54 75 884
6KGSim}_\D+a<jO?OP8?ft}p=;l\?SCl;b5!T]Ot8w
A 17 4 360
A 59 39 438
A 59 20 989
El5|%RM,H`t[6k(?T}AyL8ii[L+EH;**Lb^g"w1sOOF]b"3vkN{fl5CAB3u$V1TR0bqMUIAI`%HSE)*t~^28u0UhBcQ#qY%2:"1Z}_#@}g
* 7 14 313
* 82 1 0
^DTA{~U
OrD^Ebm4$&LXr"Mwe|'u*yfaoXWV?85o&#l}Nw8F#&@i=
z-:{Q9Vi{@^qt
* 97 77 0
!q;C(= x^d_Z#%HUdptd<W-[\du6h7Go
!q;C(= x^d_Z#%HUdptd<W-[\du6h7Go
A 90 96 521
e'o3sF.shf,wv2X{2%HbuC]'hNLx-nO
/ $&~ PA158
1 44 46 234
geBFiJclh\XR+S+c4.JS^xk+UTZpC^#g`eOqV:n+"7wB|$F%uWHSz@vXaCnQSC!B8E
'onCqSJmmjq1)i@3kL{J'<m'9O("x_Sn4{'mtV)J5dc@.BAL`}wD\~<Kg!o!ml-UWVo[iDV!A #5nsM<<,gNFL'/Lw}G8
k*OhYwC~HGs*2%7)X9$AZrB${qe670X0#"YE.K/C[Pc8B4xE"=yHX$y^.
OrD^Ebm4$&LXr"Mwe|'u*yfaoXWV?85o&#l}Nw8F#&@i=
#_=~>CT!VY'U?i]rKm(evb90%'^;.IqN5XG>(:\"lq\&Zz{teUOZBy,iE)<N?J/#9dU=-w}_F#~h|iNKx8%5h}
.eU_/%-@_8t@3Or(M!fF@:E7$A]mdj^w7qW5,%<RY+L2)mqHTC4ec/eR7N4dKSl+50{DYk@?SD8;QtctJ*G|_rB"WEECx$vzACi]'ov
,Q14g.H
A 42 6 751
1 77 0 873
z-:{Q9Vi{@^qt
ZC@*/Eue]F}R}Y`:+},7SOy!<cVkoY]#<+fyp4IlN[8Q_]OOlqJ6]!
AEINBbHWoOjPJH6*|;qM)-w
* 78 7 322
A 17 4 360
A 59 39 438
A 59 20 989
1 25 2 804
! 48 2 940
! 54 7 838
A 51 99 190
1 22 52 258
* 97 11 185
Oh1_ec9zLm+Pl&/1wk5\CY-/lI!_iHBd;9FZ89R}Ae{kzo(K$PHVHt\uMzC<qlQ6FY
`zr8;jAG15:BB8w;Ua?uX2OkJMs'X"j=;kTG!HkYcn9#KPdF8yI5zsaZ'w;N_5Boxk<b.aE;|R)R/t6e~Rg[SGi;S)q:8WED'[r
Ic-U(&6
1 44 46 234
1 33 2 437
iHtPFfHu H ]au2niNEpWmWs-e8sn>pr1)\+n3^$4Q9^Pct2X:.LLHX2@lB]J!~&!/;F(Ya=;@*%$/R/VilWqb$$70:=+|DceC/8mG:n,
^DTA{~U
Ic-U(&6
1 44 46 234
Zh\w=_roKnELekO!ZxWI$B;T"c<%`z8P\Rl^h#<@K/<5>|@H|-e1mo%4![k'ql?NOoj(
Q-"'YN3mGLbEhorz:gwEa6Hfc*<IWo2l;J&+!@TkF6C:C~'(S+b,?MyuQw(MPJK%El7jjs'BsNg(wrjL'`4m<vSDq?m3a
^G1)Bi]\#zFx_%^Mt<]D_^,{*`$:0*WBxhLrrFN$lM0Nn?
<E^~*4_'@ACm#'iLcBQYa|q"MowM=A"(MT#nb?Z0s[#yhZK5YIoFymJC4|fh
1 52 15 0
! 55 71 0
! 92 0 306
A 65 65 0
RRpFm,<OVP
Hga\=O|Kez6,#2%rm}YV(|f#npMMaq*+!ceWp&`"Y=Hg%u.D3kC86_r1;>7Rtne9uvX)9zQp^G3(&q%&<$WeSX]f+-K%YfA_9|HKzlcS[:8
A 72 5 0
! 73 28 434
A 21 13 420
_/One`tSoqS,
A 13 5 836
1 65 3 899
* 19 5 883
* 43 5 10
1 91 2 517
! 91 5 832
EeQ}ojJ\=q.dbMIj/~,<KgD+q[AF+kvr/8#p0tY@[rw.N]mayC)D4vJUR9]EiV-UT)$w_E;%#G6faK1^N<gA"yjxhaMKwWS
k*OhYwC~HGs*2%7)X9$AZrB${qe670X0#"YE.K/C[Pc8B4xE"=yHX$y^.
1i<c]LkW<7$WLTYSX_KV=ejm4ZS~`T2ko
P'j8cYXmsZ5`m1M3#A{84rUiqAY]\9WXC Nq%Sp$WG$g^iBxC@\|[Ocp\u@
#PS%31h/10a)'pP3x]v!b4z\J/X9xa)uiiAAMh\#`'[$P;Lg(^2,~W6vO'$
)w.;<-`M=5n<NgXw&/Cb6pU=mA&x$l].&e%Cr[jlMaD/]/hz9IcifXsk,.f+&`h-n.N5a>]
1 84 30 530
d"mWH"L]$!dv0P-2d`YnyOYMvw(T!%XZ1+p#iQ:2v2jp;1F
Q'Yz1}8$%f"<kP'+hbJ=Ci)JbPyir.Py2*:8j^52qPR"3J#4zNiXgRnj"JKo4d]A/$cAF2vV:*J\Feq2:DMgm3DV,q:R`S2!GW&X?
! 19 54 54
A 81 0 766
\
RRpFm,<OVP
A 85 47 952
! 35 51 872
y YIv {TF R#, &+z O"i $*G -S_#z&)P$@u6O+6/JhL)Rv4H2O (hu lwe (&
7)6)z@J,5E0U2DmF&*AFST..[f6h!'o2J|@(g_)*+^ekoffRu;k"LiL
A 17 4 360
A 59 39 438
A 59 20 989
1 25 2 804
! 48 2 940
! 7 41 765
prA}ELRB##d_`$0NA[|@]7K^NFBASJD;4>[e]7{]XT%i6<Q+'A*[N>c)KyKGTG7@-l|_'4N|Ra3IwFweV3#gmn"0x4]*!V(I[?(
! 45 34 892
! 30 92 233
! 41 64 391
1 98 40 529
! 80 96 36
{-J#uZ%^\0y{#_,=fQK|i$^"cSOiggt+F"G-`F?DFWbIj7F=R3jnssFh8W_+y*>5J:T2a4Rq|=L3vp=N@As|SJ=
W
tTG<N/WnH*@YMgd[7l#kMy^K\^U
4SkQ5lxSJ"RVqH(G.@hBF"~&K$PFy|RzW=4k%sd`iZ79X]fg(-*XGWJCe9qeX+t0u9"yZ
gkb.B0^42byYiu0n&%"Hf~1Z^'F"5|Mxo%*GrHyEg%t'({JE>^UAnm[jtzB*%aQ0_*IbT3UzTVR`@cZ24I]cW-*g
WmI4tS_-dK>e1nAr$S:-Jm3&<=Z>:DG%!@;`QV\?rbxw%m4~(L}a6Cpy1O\IcLqaYN7NHOkT}0"o;'e%5
tTG<N/WnH*@YMgd[7l#kMy^K\^U
A 10 34 63
1 76 72 711
C`@{hGW[?EXieRYUi{Autgqb&reAqfV;xA>qdWj_
! 27 5 968
! 90 86 721
=?s+qS7b%QU=x@PtT2*@dsPxeZ2QYwH+n&bP-c\X3H2.-JJp<alc@Se8%(?-V_D%h`nr`"f)]t
! 2 67 306
* 5 74 225
A 99 41 0
* 4 25 620
! 60 42 924
1 11 59 499
Q-"'YN3mGLbEhorz:gwEa6Hfc*<IWo2l;J&+!@TkF6C:C~'(S+b,?MyuQw(MPJK%El7jjs'BsNg(wrjL'`4m<vSDq?m3a
!q;C(= x^d_Z#%HUdptd<W-[\du6h7Go
! 14 3 686
1 19 22 570
j9<=JI?;"`l=z.a3C<lVD*i4AE|.+R4.1Ra{P6fcO35-s_u<+9;_U5HLB&[*$&r@5mbyWO@U.Xph{4\JQ+LS|I{{\e@v^Pd{_E5
c"tN<dL(7^po#
Lcd{QRgTtG?kBz:0|?aG^r67Oa-klV@2_}].USR0n1*TCr5(UJ)9:(e9xf>"o?-a=Kg}gC2=IfWo)Kkq()@IgDM
q=j'cp$Yxw?{(3f]`1JDU^Om@VL%*t_.Gd14oHkLXC1mjZfBT.'l;
[e+<!s/GyVx`TE\~`i:R"8Zn>%/XL2d+g|S^UiWLf$!
KTr@S((FCk9e_{qZW""X4Ci7NWmQ$q\7Ftks#x@ORMCEL*VvY~W].DK.[LX*8O;3TnhS],@I,efx!q'[o/<
,Q14g.H
* 27 4 678
Q&EKb*HT1[m`&q%go'?V7Etr]dXM,_@T'#qXwk7@#iFvbiLajw3.[oBZ.2}+^j~G0}yYeA;+Ktp<7?RyZQVAjIS#Et[GuPj[uu
+-yHZF
* 26 12 693
* 94 17 0
W
iHtPFfHu H ]au2niNEpWmWs-e8sn>pr1)\ n3^$4Q9^Pct2X:.LLHX2@lB]J!~&!/;F(Ya=;@*%$/R/VilWqb$$70:=+|DceC/8mG:n,
Ic-U(&6
! 80 21 109
A 43 44 303
N7:LX.>[WfhRmMW'7\E+.%_Ao]@;WWF)WJ8o^h4
A 95 29 241
1 86 12 748
* 62 39 789
prA}ELRB##d_`$0NA[|@]7K^NFBASJD;4>[e]7{]XT%i6<Q+'A*[N>c)KyKGTG7@-l|_'4N|Ra3IwFweV3#gmn"0x4]*!V(I[?(
;Q)R#Dk@,4d]\?>/Q_McX.8oTx|bvM3sM&\nlKuU9c;$EQ[,7U#a*=3\|{G,w1wc
Oh1_ec9zLm+Pl&/1wk5\CY-/lI!_iHBd;9FZ89R}Ae{kzo(K$PHVHt\uMzC<qlQ6FY
! 80 21 109
A 43 44 303
A 81 33 178
A 17 0 562
FT]{mrf(;T(@{jv%+d9i%B`L*P$xLoA"v3\8aMcMFoSl'lLj2Z9[A`>Rn0#+x<"aqeY)l<Y+Y"%(AL.Y:DYk=z9=$qd_hHX]G:
x0!X>E^v)U&/d|,LO5~mMAMG9
Lcd{QRgTtG?kBz:0|?aG^r67Oa-klV@2_}].USR0n1*TCr5(UJ)9:(e9xf>"o?-a=Kg}gC2=IfWo)Kkq()@IgDM
>aP7~j`68u2d
1 98 20 0
1 74 9 4
v*)WO.W\n{k}o&.='5lMyGo/@Xuo5u]t(4Q%jq,*MCsN_xUI`.zgx_on<`v&>`8z+HdK.
p(U.\8g7/,"g)Go03k%^t'"OfeSR%86OVpWm^G.:Vf\eY%b)]_kGkV!M@V*)Vm&&srx+=(AjY`7UFk(2HV*UrRlI(zWTzk]%"gzOL)
mCD_'OivTJ&L4_{R,A;^24#;m665XK@>hj2@~sdduh8A`o_bf>S`c8'l.9jwi5TjgcR2WTS$s?>E::Gyn4i?>*iITHaS%
A 99 41 0
* 4 25 620
! 60 42 924
1 11 59 499
GqUp{]xO959O$C=>PMU?bp?/}UkJ^%$
! 3 1 206
* 40 5 256
! 36 13 838
\'Rm#$r|Q07XOQG91`u>&]2?8;o]
H:B"Se=a7[YJE>,tiI/pFQ09);r|h)DqLjw0FA/]uN5:|oP_||/M\EAXkbO%2-QB~!EE'i%NLwk)&_jZ*Z]E8WQ:z2F7}XCb(5
`pBscsU\5G/ql.0">|AUwZ$#^/:w_BnDN8+jhb|]+P)pS$DAzh>m67[kW57cbOs<o@]Z$[#f`%7ob6
{-J#uZ%^\0y{#_,=fQK|i$^"cSOiggt+F"G-`F?DFWbIj7F=R3jnssFh8W_+y*>5J:T2a4Rq|=L3vp=N@As|SJ=
ta3vzZm92!AZIiz#m!Z)7&~Y%i&@#6FI-t=X&G`qMm~o8sW=
1 91 52 241
! 39 23 687
;5|vvWF_/*V<=wU95e"`!I-OhK`;k_ih/RJZC-=)'1Z'@;AJD8vA<r\h>Sj)K%"9eq-DZME(gv{I[BmA^A
W|j:`EN4AkQ*=n%=
1 82 9 0
! 61 8 309
E:\/J=kq$n.EW)E9;Q#r2sz/PU43ACds1}c
~ tbs2Gn}I$YV`'BV+k-@H{Ot#&J?z9)W|G"~qpC@O9~|@|aWQ.ik
1 23 1 899
* 1 5 827
1 15 16 581
1 7 24 841
!q;C(= x^d_Z#%HUdptd<W-[\du6h7Go
vJ_q!Yy3k\Pp4}[2NE3/pe`+0n9|}HS>fp,`(j
vokx*{MVf^oiRD"~:"]g'2kc
 @qy/XZ#:RNi`t5wpeqegaADHZ)BS?WD~p<2\9S0a&{DN\$ ;Uw/PTJo'8V<B Hi0>
[\#sl!>zKw*?yD/69+WD`/Cmp3JQ=l=:_Y/_StI|([&W[}v{y?gUgs(udTC0ZEGV?w6y@0$Dez1RXk~%wx2{s&(;%|Ae85`Mw+{Xgo5
! 19 48 428
* 62 28 0
1 39 27 0
1 45 15 0
* 47 5 0
! 19 0 0
1 35 51 0
! 81 20 0
A 13 5 836
1 65 3 899
* 19 5 883
* 43 5 10
1 91 2 517
! 91 5 832
! 45 34 892
! 30 92 233
! 41 64 391
1 98 40 529
! 80 96 36
! 2 67 306
* 5 74 225
Z<xyC52eyEJw#0y*3:S$vMd4||^O
QLxV=3F>]/Bs1lib@)Y}gO(^..}qD{)I$L@FJGC-9dTZdd]VGN%?@z!biCn#'Yf9FL*9QzhOqtyv4UQcH)X@GF@}c,A:c=8;-V0YO
* 82 1 0
* 2 56 622
* 97 14 471
A 20 15 264
nBmh|YZs~um"%X%(E{;-Yp+~?0nr[FC3wXnqC%D}~Gga6n:D_UUpBcEBr{.95+|2K&xmh#/VxJR5S:s>&N<\DwM1Eh@d]Bh#ry\
KTr@S((FCk9e_{qZW""X4Ci7NWmQ$q\7Ftks#x@ORMCEL*VvY~W].DK.[LX*8O;3TnhS],@I,efx!q'[o/<
F{2R/bT#zj`6U`h%t{_FC]`$txt#n$Ve4S-~d;u$-o%aWf#GDJg4Xe*3}N({Ke<0g;u/.\m}
#'=,)`['+TGzQ8.aK{.4ZJQb+.uj!n,p%x%&\wx"G@!`c+4^Ca:?Fr-@8E9Fe%INSv+fn^OzQrM4VFLR
_/One`tSoqS,
* 97 14 471
A 20 15 264
T-%Z}k'M{p&2Kj7Z"]*M9xqQ{AKkM2[lVVjj7k>TAF*`%8#
A 95 29 241
1 86 12 748
* 62 39 789
* 33 53 223
?nk;KY1?@I%|2Z(J/19=i4h'";lVVE%$Q[LrSY(O",H_\H+u7AtmoD=|A}MRjlA{u9qmT9tC_I1=G|[J|Z(eIne^3n
A 5 74 679
1 94 9 581
A 92 46 530
Lkcj|B{?(="zILp8qxiNx^U78xewvH6`x2PvY2a}X^%csU%}x&L?
! 17 31 986
1 41 31 202
! 36 23 834
* 89 39 0
?|O$4%%8m;<*5GBYQ5FXl(?H\i}5D02HH"X){}J`.*SU0%\Z}$X@lm>AILvJfS4iDhP!E3}@l)FX55\]5B2Jj-;e"RJ@gb`8orz
=?s+qS7b%QU=x@PtT *@dsPxeZ2QYwH+n&bP c\X3H2.-JJp<alc@Se8%(?-V_D%h`nr`"f) t
* vn!Fs]Q`s]/MMj{b=wN/2sTpNr]&gE
A>!3RTMOn=qR5khTR2&V6Af-Ua#@$<)qr'0+/NSWZY^\nmV.xisLoe0Y03^3?{a$BnS]B3MVKb\P|1X#SUCK7;f0SG
* 60 12 163
  :=CwNKK!GoW*ZQ-Ub
EeQ}ojJ\=q.dbMIj/~,<KgD+q[AF+kvr/8#p0tY@[rw.N]mayC)D4vJUR9]EiV-UT)$w_E;%#G6faK1^N<gA"yjxhaMKwWS
A 95 29 241
1 86 12 748
* 62 39 789
* 33 53 223
  :=CwNKK!GoW*ZQ-Ub
0v+*p_3=;$kP=
A 33 9 599
* 59 6 0
* 33 48 0
OrD Ebm  &LXr"Mwe 'u* faoXWV?85o&# }Nw8F#& i 
LB/wB2f~XdXgIJ?KWj;$QIZiBLgpsFW0\k*|R[NeIq
! 31 27 786
GqUp{]xO959O$C=>PMU?bp?/}UkJ^%$
* 68 10 0
1 76 9 0
! 19 7 0
A 80 12 141
v6l;dkVNi$1+;GDcN:`dcxE3fnno8m%_^Tv^HO^l74"8<qbv,9N11g$";RhC_zS*YC.kzeA-Wn1WMD.s:LBY?OL6
[0j6qsvLMkb^-Pvf"#
Q-" YN3mGLbEhorz: wEa6Hfc*<IWo2 ;J&+!@TkF6C:C~' S+b ?MyuQw( PJK%El7jjs'Bs g(wrjL'`4m<vS q?m3a
=di?zWCl|J@"ZiNF:XC,&tnWwC5RrM2YmgY.
Z<xyC52eyEJw#0y*3:S$vMd4||^O
th6}780981#{.|DuL:osD1oQG<'L
R}[aqY(0vfldsvh}Mt.Iuf}|3y7)TdFEw^
_4N%#(b8{5,%W3gW[{5L\yRhEksC(V/]T*iBG3Jz~diN
^}m9Go=#-#*:"65")A%mFD?/]u'FLr1!G21JXM_$h)il]1s-GJgi8~-%HIGy5:
/<|[uSr&GYK_g8lz#U1|g3'%DlWRtbCD<C$sXxoymWmVe^n>(0p7<K&"${ncQGE=)<pA?.TW!jI<E4ZB%0c4oE
ylAC,cr!W&<K#:9.)tfG?=~GG4I]$zHGL.qFEKq{M)Gz3yQ).'yV/`AhV"iYaIf{&qtX%4Zs+Z?L^Cj>}$jG1coPVs(oj)<BJ}PB~bo~'&
:a.7i5<Em1+PtH*aAuOH-d&A2fu S{7 ,
* 44 54 362
AH/.`z5c!zGk"5lYCPp5!9|?{-;WsT]~O?;j*w^4w|M8b3M9R$KZJbX$}R|VZyK41X]$
-oO?bDdGI<022rDw
! 90 4 895
Q'Yz1}8$%f"<kP'+hbJ=Ci)JbPyir.Py2*:8j^52qPR"3J#4zNiXgRnj"JKo4d]A/$cAF2vV:*J\Feq2:DMgm3DV,q:R`S2!GW&X?
p(U.\8g7/,"g)Go03k%^t'"OfeSR%86OVpWm^G.:Vf\eY%b)]_kGkV!M@V*)Vm&&srx+=(AjY`7UFk(2HV*UrRlI(zWTzk]%"gzOL)
EeQ}ojJ\=q.dbMIj/~,<KgD+q[AF+kvr/8#p0tY@[rw.N]mayC)D4vJUR9]EiV-UT)$w_E;%#G6faK1^N<gA"yjxhaMKwWS
[e+<!s/GyVx`TE\~`i:R"8Zn>%/XL2d+g|S^UiWLf$!
! 5 6 556
1 6 1 323
y^%f;%)1TtkGkh^IG,4s9e#9d7f+tpp=LsC}.ITJuf.KiUg
1 3 63 934
61-3=cLoX&"JrjFK8l';>6;kh^H'L*wfd|s7j>@|&Qbhw)xfptP5
C'{a3_?#q NK\XCX!/);m|-XD_]:\s%JND;r DXg~G}_q7D+<'2P]j6a_p1:B \t1eP*Qj%wIz^Y'RBhq(moO@ _95aX;G"CGm3nF[
 q C(  x^d_Z  HUd td W-[\du6h7Go
q=j'cp$Yxw?{(3f]`1JDU^Om@VL%*t_.Gd14oHkLXC1mjZfBT.'l;
{qd-xX fjL@>y2~ix]ox k{kI\cqC[cPe'!fL|qUnSD<Xi^,4[whJ$mZY7X{PF9H*6:W&F]d^Dbm%u]*NT}jr-#pU($P'}#|5)btmT1OZNCCf.
\gcEb^(U=]q
9E7Wk~.@`s'WOoQ64IX9E3t+EnZmyuyZK#-"<;!:_(4m]ee;MYxV>L]_>W!O?5cBX&ag|,
`d!|s9qMf!EWjs$;>GhZJN~E##E,~Or:V*Rvm`+'47YdhO4Zdf'lw0j({1[ocZ|LR8B^pW_`uXshn&?~xI|?0/}x
;AnOjl-|pq82}q<8u7[Bl|=KNU-oz.sqyV$agI?/$P)FK0YMN4;x2Mgv)x,f}_dciF0w#%l?CMtS"gRu"imUUy}D>]Svg(\88EY4;TH$
F&RA~w{JdL[`;YIDO_kt}sfi$8lp-f;Z6A(aZvk>jS6<8EDUU9'O"m]ATxu.2D4;C*S#}[3Qy2EHz7O@91Qw+d00[xW_AhSPj,u&?(i_
1 55 52 0
1 59 52 0
* 95 18 0
A 93 31 295
C'{a3_?#q NK\XCX!/);m|-XD_]:\s%JND;r DXg~G}_q7D+<'2P]j6a_p1:B \t1eP*Qj%wIz^Y'RBhq(moO@ _95aX;G"CGm3nF[
A 77 1 0
A 31 4 0
5#g'L9qBbgUR01Nim)eORE5Gtn}=|y]1-0<^h/zLk[}_aHimu"A[1
FOTbopbxl-/x-<m]{J0aTac|zz/jE2spl:`OZvm:{6
* 63 0 0
! 85 78 936
A 11 62 639
e~bh>_([BE2})Zq/38d<BaV%
]l`Z)*JkPg~QK/Ew#g"F-nfKA%Wsx'x#!EeUI:D'{qnt]J><Yxod8V,>Q=z='aF/n&#dDLy%]4(vTUVM95QT@LDkcrVbnQgcECh!.7]V)Sm$;e
1 97 18 0
A 61 37 0
1 2 22 596
Xncg^RHWwvIp]eZ#xH.PK.Yy$}F~\Hb
?|O$4%%8m;<*5GBYQ5FXl(?H\i}5D02HH"X){}J`.*SU0%\Z}$X@lm>AILvJfS4iDhP!E3}@l)FX55\]5B2Jj-;e"RJ@gb`8orz
:8j49H!tq^hb;C?GfmY6BJ1j4qv
6\wER/'Qhey'v+4@A@5dx^rpY4iQ{*;?!oDXG8PQn]n}'F:f
Ki"RK'XET7V==YIAvX&]%J!Bl1O?q<3fsB4'~v+?`RU$3ag6?=m\\gC:V^I+(Bq1/}\as7~PZeogsqnDAO#IM.>B&gF8ew
)
no0-zEP(#SW@[v(7'Yt2D4,Z5K'70,t+CI-Bvb[e$3c_4(gCd#bSG;r_zV{Y"-S
* 37 65 0
1 33 85 0
1 64 13 0
! 38 63 531
* 34 16 46
0H@X<,?04VKGdpy$I>m,y<t2#C&|_<zh?\PR=8#FQ$4Vf`yN[Kea%pQRV{
;yvHTuR9hNew00yv!Z!'h>2%BJ&4%d@mbGui7dDhGs58"Dy\\++V<bSuV5(g8'&GD5pXk
`/uYu]r}ul0WlulX;;ZJL/\}OQL8\]@GIC=@(t\$|K5^='&J)x|D:"aGhB"oT=GFls]W^(K}jz|wt!T?!p0;=]!cr)
! 3 1 146
* 40 5 0
1 84 2 762
l,]^i[/#+iUyix;58^A3EA9<o,-Q&IV01up-x~r>H!O9Q}6`_Es9|!F])7@ko.*t<UFdw<u>y
,Q  g.H
! 10 0 375
rr-Zk`w*'.`XVB'&(Fh2mV!q.:4z=<"UrJh&?,7q`c"a/Kc@92apk4*Iq&M1t41inW>E,a+bO6?C&]d
vEP@_8R(|5ibkq8j\`xdVw2)xeWh46kBjqNMpz?
* 33 4 362
j.
'n1YrK-0>,[LI))|2l))6sIuu][uE+MI+b|._}*|E[9VxCzP,}{;KNLKl@!E/IZ>|e%FZnr0#wo^)}.
'_q$
]dc,lBqjyDELwdQ`&4LV^]um~X<`YeFp6Nn[GyAiKY'r0h#&ZQw<-@0&i@|
,BYk7(3`E#Z<ZT(rdM|}\06h=9HXF:(CTj:"]^0>A*zSU357:!)zL1N^O,<y3oC9g.`>jBF_(:.ua[="u
JzB"B7R@0mj({U-hw=XG&4/X^IW?/!u/{qL
1 66 4 0
A 36 4 0
1 97 18 0
A 61 37 0
1 2 22 596
7/$BmR.7>e,N$DuW;q{>QbHWK~8oC@- .0,AfJLM'{ ?
1|ALp=qkKubU%VS@vP@]tJN@Rv8-a\%PET.ir<Lmi\ed*25{)C
@OKd%)@VKS<=[i4i9.G}jebU4w;~s(2VIv(,qXpOlAR'Gm`E?|o4,v?ym}Q!bbf#Pc DoB4u\R(
 mI4tS_-dK>e1nAr$S:-Jm3&<=Z>:DG%!@;`QV\?rbxw%m4~(L}a6Cpy1O\IcLqaYN7NHOkT}0"o;'e%5
nWIS[st%6HYNT:<3+~z{X#`Bk_GTJ#Yg\oUU
KDqLjaxCgA$>Ta4/|o3AbDwIFdlF2;tpz^ahFRNQdTw[oxDIFa^Nx60a3NI8(7]#?/gkvo4.+n7hKw/Xrc@(dwfXQE&hyONGmP,&KPOH4XSI
QD4dMi@{\"GGm>273U<.17%.u]R:Cd!b*RKZ#HP:HO'2MXELMaJB"{XZBf^xl
dswA{EG1\Gca&#xb~TX#S[]A,kE@#M3n.#I8`-
&_Ao]!<k\\NOJZq_i1}n(#\9;ZSB,K*'-d~#2J:p8pg8dk8}38>W$Nk>X<kCZ1j:N2U!,fx>XWs~5Fo>!3G|A9)
[0j6qsvLMkb^-Pvf"#
Y=+dHoLRC_xrOd'ym"@t928Iy^?Q,A.9O{GT5MwRs64q
61-3=cLoX&"JrjFK8l';>6;kh^H'L*wfd|s7j>@|&Qbhw)xfptP5
`pBscsU\5G/ql.0">|AUwZ$#^/:w_BnDN8+jhb|]+P)pS$DAzh>m67[kW57cbOs<o@]Z$[#f`%7ob6
1 94 9 581
A 92 46 530
`pBscsU\5G/ql.0">|AUwZ$#^/:w_BnDN8+jhb|]+P)pS$DAzh>m67[kW57cbOs<o@]Z$[#f`%7ob6
`pBscsU\5G/ql.0">|AUwZ$#^/:w_BnDN8+jhb|]+P)pS$DAzh>m67[kW57cbOs<o@]Z$[#f`%7ob6
Xf#sZD^U">q~B+meW+>hA;D[H?UK/P+LKW6r:H9%C]UFD4Iv-=u~WWqcahw!>K^HCjO_'p?RbhAm@3wosb,{,.Lt-mVMkF%/qUA[J
~eu_=/4PH.8<(6);?=<+4aWk6
* 53 9 0
A 25 77 790
~nh  _[g NeN* H%u-Y{92)ao; 6g#+
`d!|s9qMf!EWjs$;>GhZJN~E##E,~Or:V*Rvm`+'47YdhO4Zdf'lw0j({1[ocZ|LR8B^pW_`uXshn&?~xI|?0/}x
mCCM7Tx-M/`Ef1$K$&~Hl0N)B0
/~2;o~EvAn=IGRY.z7MRm*T<>XY*Htv-v}tG#\RhC~[lKQ(~ZWOlm')4<RAgmC?SA4F|KEo&_m]CPC:'I
1 92 17 191
D$2EOE0E{/N>'\'K:j,t*.Y<v08RH!1
! 71 15 1000
A 14 87 0
! 56 14 170
1 60 83 0
* 66 49 0
* 2 21 329
! 55 48 901
1jea3s3p
O\
* 60 12 163
* 63 50 11
[0j6qsvLMkb^-Pvf"#
,BYk7(3`E#Z<ZT(rdM|}\06h=9HXF:(CTj:"]^0>A*zSU357:!)zL1N^O,<y3oC9g.`>jBF_(:.ua[="u
lCMNq5>a4b+E4$E.pAA""e'38Iz93+cLD^B\cbX,#;CnI_K_iXtj5xg]@a=Ddmh@9Q;RYCJR#9(+0G
x}1c,I9g{5lRx79'l9E:[&+cay/;GBpQ4Ittafz/y(u%n?Ug;llQOu?_m?8\%F'?R83kS*D1Vw':m?*4(6RdIeSQ"41i<Il5K;9!"Pt/5/U
1 78 60 67
* 24 0 651
jFD1!{6nHf<+bkSan67fWoSx;fQ&A7qf%Wm,g|_o(O
HV<)MY~9d;Mb@7!*#Uq(&|'P,LpMp:
t!"v'Z4!_q/LR,/n&7t`C9%SAVTQ[{*F5E\.pfygsGP#n]ZMb=Wm>lu~3I;"8D
A 17 36 360
`VAJO+E<'&#e$uuJk}{-
1 85 24 0
1 44 22 0
* 71 23 0
8&kVxI'
/oOP$
)w.;< `M=5n<NgXw&/Cb6pU=mA x$l]. e Cr jlMaD/]/hz9IcifXsk,.f &`h-n.N5a>]
N\y1R3Mc0xzU6\A{0o$dG%Z%m51t}>I{a2=t]GPe&Z(NY#6+nhdI5k{oYGS>H5cf|NQQ$n/ES`3x0~`>TD->rQ(`8(7V\O4>u3tN8Qq)Yt
! 17 51 396
p(U.\8g7/,"g)Go03k%^t'"OfeSR%86OVpWm^G.:Vf\eY%b)]_kGkV!M@V*)Vm&&srx+=(AjY`7UFk(2HV*UrRlI(zWTzk]%"gzOL)
|AHDbk'!YXiy]8|k2#&ebpw/d0DITq/OG%ml?.NLD[iQG[W#}l9)(f#ZI:,Zt4)rf
Cbgfxx6 42d
! 8 13 59
1 37 28 241
@OKd%)@VKS<=[i4i9.G}jebU4w;~s(2VIv(,qXpOlAR'Gm`E?|o4,v?ym}Q!bbf#Pc DoB4u\R(
1 18 38 203
! 27 5 319
* 88 1 0
1 88 5 0
>iT3|BkLZK2Mq"=Cr I2G 
! 35 28 421
Xf#sZD^U">q~B+meW+>hA;D[H?UK/P+LKW6r:H9%C]UFD4Iv-=u~WWqcahw!>K^HCjO_'p?RbhAm@3wosb,{,.Lt-mVMkF%/qUA[J
1 18 38 203
1 97 18 0
A 61 37 0
1 2 22 596
 c , Z | O M 3>vt7UZ`{}7UBIjTGs|BvIv"Tl&;[-/"OJnI~ 7 + m T ?
R+bb,qZ[n6j[e_KH;u4BLjN4">V3S!6}A7Nf:w,cGAc`UNW:]N
"$pMn"{N8cnAZg@VqwB*LHJPB*Qd4P@3{LXCQ_pM`v4^W1&=##Lq<18@4]=yfcQ)h\kke7`"1yES^')!"L=eRXLK
JzB"B R@0mj({U-hw=XG&4/X^IW?/!u/{qL
1E;RcU-<VRHYu%}f[ubwvuM
Y%w.O~nl*:Q&RX7&-3D7#QL]:l?AdCXI'5_R[@K=\#p$u:Bb0-OWWd~E<
* 65 30 718
! 72 30 360
! 50 77 148
A 83 48 0
1 92 13 0
A 39 1 0
 -yHZF
Qb9?l;6`'x?9oS2YWa,<Myu)VD;4_QDt^6"!ILCk~@O;u9.65WvB?b_\0j'&S~e@e:ab9m}d1PmG%1g.p.LZe?^2uw`pE!QHL"z}s
`YWr~5L:kR#=}uO$}-V$Pb<=qp=1wANTbM_aShpUax<U,IR%yme]t\iF}l
* 93 78 850
'n1YrK-0>,[LI))|2l))6sIuu][uE+MI+b|._}*|E[9VxCzP,}{;KNLKl@!E/IZ>|e%FZnr0#wo^)}.
! 75 43 464
t O" kt@AN@-GEW-|rlwx/Xxn(xd+1MOJ9\Nbr.6?P@!T`S%7n98JMi2Sgd>I\t'nMLEY18`P>;eW:2zy&Jxj,0Z#xA"#H# r
`/uYu]r}ul0WlulX;;ZJL/\}OQL8\]@GIC=@(t\$|K ^='&J)x|D:"aGhB"oT=GFls]W^(K}jz wt!T?!p0;=]!cr)
! 25 0 402
! 64 26 855
! 4 11 368
y^%f;%)1TtkGkh^IG,4s9e#9d7f+tpp=LsC}.ITJuf.KiUg
3es,@fgbo\)kpzrF]OW]T%"6hp\*<_hy1]Cz{zht9lF$CjXxtQ7a<ja90!q5R7)L
Y*WZq
1 58 8 339
A 3 7 435
! 19 48 428
HC%>P7>9o/
GPsD[I6({8IF0|)WkSM/
>iT3|BkLZK2Mq"=Cr I2G 
Cbgfxx6 42d
* 62 28 0
1 39 27 0
1 45 15 0
* 47 5 0
! 80 35 904
* 62 8 487
! 44 7 590
A 16 18 821
1 97 18 0
A 61 37 0
1 2 22 596
k"j4'`\p&6;YDIY/;~|ZUK~m]V3o3]Q'LO;%goIF{c>=I)p~1WQ,y9_[q-3I3.0"
5#g'L9qBbgUR01Nim)eORE5Gtn}=|y]1-0<^h/zLk[}_aHimu"A[1
>/):""F>/f}w=%0WKNA\Czkw>SJ/%PAZus|t8NRSG"pq$Yju#?+f{If^-Hx|gmsQIGCHEpKpTL?'"n1=82~4&rT"q3hx
1 67 0 387
1 23 0 187
Xncg^RHWwvIp]eZ#xH.PK.Yy$}F~\Hb
~:H{'&rctDmNgJA%VnK@k[]e7pMP*k/?(u[P^3D_
! 45 0 568
Mv82bO
Z}?enRIt#x,I
* 29 31 494
T24-_i=@Z65a!ty&`My!7dLrrj}>G3-WpA6(v"j6J-%'dm1-_65-b,81uUM{C%6mS`KTH1%1"EKFJ<J\6YxoFr;ajb8oIR9n<a;xi
ypjjL=E^4NVKY"6U/=,s>
KDqLjaxCgA$>Ta4/|o3AbDwIFdlF2;tpz^ahFRNQdTw[oxDIFa^Nx60a3NI8(7]#?/gkvo4.+n7hKw/Xrc@(dwfXQE&hyONGmP,&KPOH4XSI
;yvHTuR9hNew00yv!Z! h 2%BJ&4 d@mbGui7dDhGs58"Dy\\++V<bSuV5(g8'&GD5pXk
A 45 43 186
A 10 34 0
1 76 72 0
1 88 66 0
! 54 22 437
o#W7$GSV~Y6;"Y=V
AP[xd9w~84DL;0Ng:6=!B-\]8AE<no{|z99aHb5Z*T5%D3JfV*mvjvblfyp!f4#*hr3y4cipQ}t"1rwT8F+;tYH(4-,kWE/Pz0x:'YWZKkaNRlV
ZY=7qYa?[lWz]B3HR@8&*dB_<d4Jee.j{1aNOWr]]Ea/Tdtq~6yQEfYH4vKLtO.Wxr"x2BG)iRj|abk`KS<@+^'!wg,K(^xpXrgyqZ2\
1:# r3qkWo;@AlJ\m-E$J!qnJ)xZA%T7?1;y_)$Rc0@/0rW,{,G-hCBlq;" 8sg,k>EMLja@h,).
A 37 27 542
rE/-}Bg1s,p~+Z3b
* 86 3 0
A 69 1 0
* 95 29 0
zsJ8DQ4#Dh$*wzO,~!i;FF%ck\l^zWL;O:W+X{!:E1-!)`,oj]!:,+
D$2EOE0E{/N>'\'K:j,t*.Y<v08RH!1
j%0;]zA>ng)9nEdX-l4ESGqd~a$UJ3jp)r3aTwc\37c"W:*Spn^g%h
! 33 0 0
! 42 0 0
* 62 0 0
7-iv;n_E^f:!x`Qm:am~IzWZ[5qUy`!4Kbx7pF4w9/j,)/g
A 47 19 97
! 55 25 318
!#9o$%@<{]dY0)x#dt7,T,xIe)}GWhd}oE$Y|?
?]Y4H1~C-ppT'rN}0mp)pL5C{rG`w60L>iW;sP.QZ7YG9O"sFiD~T2Q@P=nR@%5J2>BW[`}.(cm-Iype^P':>ZF"F0%*L'iTR=/!\j
* 93 78 850
1 85 18 750
1 23 15 0
* 1 12 1376
1 15 9 0
1 7 21 287
A 3 2 406
A 32 68 111
pV#wKgD,c}p%7DRk&j&pQZqvFyM}3b@=S3:Rog.9TR=IiUjTU/3!Z&O1aZo"
! 17 59 0
1 1 79 195
A 47 64 0
* 36 38 410
ypjjL=E^4NVKY"6U/=,s>
iJ7T-W'R,zrdaArdI?hj4w?BxtgN`<bS9YpC?]O;
,BYk7(3`E#Z<ZT(rdM|}\06h=9HXF:(CTj:"]^0>A*zSU357:!)zL1N^O,<y3oC9g.`>jBF_(:.ua[="u
  tbs2Gn}I$YV`'BV+k-@H{Ot# J?z9)W|G ~qpC@O9~   aWQ.i 
* 55 6 0
! 85 19 450
! 53 30 0
* 81 31 0
A 55 22 131
* 85 14 729
1 83 62 561
A 6 38 945
* 42 82 62
+'JGwpr8.1X=P0k,'v3e7&m7"kN2'+i-6DV$~9n0t)TX#<M%6Q^a5+|tKcI}#L@mb.-f\)j
}K#=\\1>z~;t3W_ls786a$!GU'R$??I[orz7K}b\7OX<H#L2bf@KJfQ(rIJ]jl;Tq
K<6ft}p:r8T|\O~"M7fX"q:~<VF$YwnW*]tjBA}BX0$q~xaa:
+0d>YGMtXffh:st^n'~RXuk[%*Y]_hSiB@1}kfN8Gf8p<'7iba$ue+Pr^j2}uVoG/_pr-1]1L(p-]$L!@JjeAXM?>f5G^WGS))$-#P^
%
A 26 3 440
ZY{TBpX%KkQ4}Lz1m8)o{_-(#`qmbQ$6Sh*O(]%W"W:6}~RpU/8u<or>dx_,f\aSP,QkcWF/Y}h0:.\y:a2PCPer;,!>`S
ypjjL=E^4NVKY"6U/=,s>
0>Jk'1skhhNC`8Dr`H7QQ+.;'M[u<Tu&n1\OR)ob_AtBb8&
! 65 9 681
* 97 24 766
! 12 1 879
>aDNz}Yec@jOD_[NrVkqR4ZOZoYTF3g'%T^\>
)'W0uh&G1bS^!\3a9inJBDs0xcZAO-B*D4c;f7zzuz,+.+bsDJJX
6uNzirDY1k-EE4=yCaBZ83jsT*K*+J?"N7,lJL3\]n4hnx2Y2@@#3c}IWMz$W~x
AEIN bHWoOjPJH6*|;qM)-w
9TPkxtlP[}D.[bT)8qqgdIB505_bO'$^WArdG`n!$ViMFUV,JDDkZ,N3@o+5m>rAQ,#g[#s^J6`by]NA9s*TBCU70Z8>pRv.,78eY
! 90 5 350
A 39 4 0
! 84 6 277
! 35 7 0
! 63 16 207
oA90#
! 88 55 61
1 49 94 21
d`:62=x<W3o!$]|F84OB,mtEP+r[t~{r.6kKCb`flNV@rr\AT%=|9R:\`ON0C&5B"Q`Lu0pWrpdl(m*pV1[Hq&3z
gs7(&#~l?vIdx{)vP%xI2k*R8<FP@S@*73~B8w!.3*(]R+<17C_o%?W7gUC}i9vxs_5oo@QDnVON6GGbLIt;2{$>X
! 10 5 775
! 62 7 0
* 36 0 96
1 18 5 710
*>PXkayQ,\~[t#vNq,+6:*H_*(@DshxdurvAas0R~tUQEn~FMkffl^.ke2t6NK<~6R8x9*K{lWpe?
! 28 20 689
1 48 10 237
! 83 14 4
o@l1o;6M@Qor#QnDj1`dk5b*|@t8u?796IxKI"O1C<H
]r>h5:!k/Ic<.?p9$rOqzzxB+wEb^e0qd{)pwa<|A.;}.9C52NO>bYZin,c3W1;Ym7!QA+'cw'W41!zwim+p1-2jWNgMetm
* 2 74 859
1 65 13 0
x{O{>-([u|7QrHgK|%w4eN]`9(,Ih\
1s%l[|Hg$EFkPfL.sR6NiHOS$77KT
A 48 5 0
* 20 3 0
! 64 11 724
! 4 24 377
~tgcb,ailUw|/kvsFQV[.Q/:K$
Ki 
I~v_]@Wfg+}]BWLrO<\.{gtOve~%JQ"r7%p6
[GEv]ZRrFOLY#=VCE5l`d:4zD#M\4qq6L]"j2d~m8KDYmI;eQmP%QF!![t~9w95^4(3y~fpBs
1 30 81 0
* 23 24 0
X8n'sU?IyFz{H6os<o/]dt$x9'y.oIlYT/"zP?|+OD,_nd<qTSBLYBa
A 89 4 0
1 52 14 0
no0-zEP(#SW@[v(7'Yt2D4,Z5K'70,t+CI-Bvb[e$3c_4(gCd#bSG;r_zV{Y"-S
*~e7k pO;lh. 7~ ](dPcCx-Kv|J\BM:B[h=fb,
v
Ki RK'XET7V = IAvX&]%J Bl1O?q 3fsB4'~v+?` U$3ag6?=m\\gC:V^I+(Bq1/}\as7~PZeogsqnDAO#IM.>B&gF8ew
`lldjwV;|3V*sK%aB'2MOL^(!o2:$g#([H|~BXn14sMKOFl?]@&L6|sAf"6V!,;u+qB!%m8e<K}"V
TfC7`*Ax%"oBS88R6IY"]Jh0\C*>BuRz@9bOSyPIgJ?T'K9E;o^4Ls&UIhVAtgrge}*d8{(;Fle+/S@bScp4'IMAgD#:v??
&of$x#Ft%}hI CZ+${iq~s"s26<k_B-RaiS/]Z~Pd] yVn.}D{}j>Mj0ez@vD+b.5X]!W4)L y'$U'zQF.ATr
{}]?QU|o7XEw&L9'at/,tW[a0$`_ScUYN@'\/dwmui#ok1j#W?gLV)^2>C,Or1b`qj+!k!m3QpE^pC'Xdi
1 53 35 138
=^e_JbG.TZOf4r.k\8ssdgb,!kJOTR43<P\Aq=|uv\m6eUE[b$9)N6%3WB6'K(D%*+kS~&:toBZ`KF\\@w?RhY&fGss*fo.`zj(^B
A 22 61 589
n\qHl2Z16?-ni"GnW@XH)#T[Tl;hnU6
}QWr6^/3o&qw.*Am:,C{Y\F'^F
#"uCF[O_hO$MZ]34@T$7\KneLd7ZlN$|,"H.f6Z^TXJ=_1?~!BodeffA6)z'}xO8-t@Xfgbk(JLR;t0"8tzS29o_pJM4EPF\\Mq\h}}nUmBD
v*)WO.W\n{k}o&.='5lMyGo/@Xuo5u]t(4Q%jq,*MCsN_xUI`.zgx_on<`v&>`8z+HdK.
* 33 4 362
A 24 46 846
! 73 29 494
1 86 71 0
}QWr6^/3o&qw.*Am:,C{Y\F'^F
n]4k7A^CpF&r*".E<ZS<B0+^g3=RlFkQpi'g#Z.38-}}&'
! 8 13 59
1 37 28 241
! 24 24 410
1 63 15 796
1 36 55 974
! 83 77 148
* vn!Fs]Q`s]/MMj{b=wN/2sTpNr]&gE
A 37 10 0
! 59 4 279
A 41 19 665
! 33 6 754
A 80 14 62
1 71 25 372
X~c]7?R>>i1j"OU
* 63 50 11
HC%>P7>9o/
w/\Uq/niKwqLL1$tYzEX+fNVZ#{*N%&G`]U;Z{/bPq7$~*|5^vY-8Ha1;-kH(&<&_,
1 20 1 0
! 91 1 138
?|O$4%%8m;<*5GBYQ5FXl(?H\i}5D02HH"X){}J`.*SU0%\Z}$X@lm>AILvJfS4iDhP!E3}@l)FX55\]5B2Jj-;e"RJ@gb`8orz
ylAC,cr!W&<K#:9.)tfG?=~GG4I]$zHGL.qFEKq{M)Gz3yQ).'yV/`AhV"iYaIf{&qtX%4Zs+Z?L^Cj>}$jG1coPVs(oj)<BJ}PB~bo~'&
w!N';I-\a1PGgGICDs!le0QWrg~[w]/4R*3He|re<<TgKn,<KK?[l=r%/u)qqKfp'\AOa'4)/lC&)*}8^(.z\5U14X]Oi(Hl&RI*%
,BYk7(3`E#Z<ZT(rdM|}\06h=9HXF:(CTj:"]^0>A*zSU357:!)zL1N^O,<y3oC9g.`>jBF_(:.ua[="u
A 67 34 688
1 49 19 263
! 6 5 720
OARVuIi`=mF,v=a%&iL0<o416PeM%|>RWD8BQs,;o{v08y@3+>saZOUo,Cs77Ds=(O95)(-bvz1=/jD/yY1H
* 50 13 0
! 27 56 153
A 30 41 0
7>e}LuW0DK.)gU4_K_f?P@pmyMA|iR%}l)9htY,5r
q_nkP}zP@r'Y5;HNFL1?ImA7+uD4%y/3DN{Gw/wOd-mq.wIs
I$w"GZP)mi`Rlls
iJ7T-W'R,zrdaArdI?hj4w?BxtgN`<bS9YpC?]O;
O=HE<0t*,D@/dsnQ^}Q=VG%q$vaib./&A&*[d&t#S)cLfku`K|`-^,#I%sm(]ldlQ_nuAp'?0Z'jL"i0AE*ts%ueW
y%~iBtD[b|;7=q%Cg0yMLroLmckX}nb`^kHeX'jxKyfBLSJ/04EB
qKx/bdy]Ss/~0s#Klf0(RN-`E00nha_'"oc6J9z9|InpZhEXR0HD;;B
O=HE<0t*,D@/dsnQ^}Q=VG%q$vaib./&A&*[d&t#S)cLfku`K|`-^,#I%sm(]ldlQ_nuAp'?0Z'jL"i0AE*ts%ueW
! 33 0 0
! 42 0 0
* 62 0 0
A 78 66 165
x}1c,I9g{5lRx79'l9E:[&+cay/;GBpQ4Ittafz/y(u%n?Ug;llQOu?_m?8\%F'?R83kS*D1Vw':m?*4(6RdIeSQ"41i<Il5K;9!"Pt/5/U
slPt'?D4~zkJ_g@l|j8)5b:4:B!Au%;PH:}Yd*(n07oCsLwc\*J{Q_Z'93I-.+4M/iiJ|m_imKuK[sU;x:yoMLs8LyY.(rU<(JC2lM1O(~]jE
+2h/GAaf[6SQFR'Czr?aJ|KwtNb*"|]l@3>R`Ec`D@G95l?`N@3*S).Y}[c'Tx{rW(b0u7{Yq[|f1h]Af,tDK)J^QzbuE+kExr_11f
|l^j[2]i(}\*MYNJ2W|z8Aw&xoB.qrDLRMlfQW/8!fs*%dn!
1 32 62 63
1 60 53 981
! 26 23 735
6yYs`XN\+e"i`Y>
iJ7T-W'R,zrdaArdI?hj4w?BxtgN`<bS9YpC?]O;
l\#]]M}{8jFt'Ls:p/\#>t
]Rr\j+H L&RrBYzh=/s-'q^z=}knAToO\EAQp*\R9qZhtP"X=e* YjO&/{ /$rwf_# 7V{/DpDgy:[AmP=zXJOxy
&P + 1tyn
wI7A00?O1Q|],Z<*4"l}1M 6SFH "`]kY-^@ <FC;YGeXJzS-ZmqK,z0tyT
eK;la2w"U2L4P\=9Z4E)gy>ev3@PM-wdT}OqXWf$G'c2E;[<L%wg$"IOhcB2ycq3_mG2?TJ*B+{2WQD?GvCS>Exy08
v2X)>iz.Hr0mz@caU7W1a\ol9
+%rR80d_M C.++qv&TB&
! 62 58 20
h]xX@C2+"?2x|]4FURjlGpff-Xrx_-|C2
9fZzhC={.!kL&TT"2N/%E&QBFYqr_T(Z+x
t=*(
! 14 40 418
K<6ft}p:r8T|\O~"M7fX"q:~<VF$YwnW*]tjBA}BX0$q~xaa:
tt[gk"1f{pHR6j;y]S7CO\J'bL%
?f_P=Ai
Z}?enRIt#x,I
vvK42;`}&zacr<Tjo2Y<DZFaJ,G@n+YMvpz0\~.^AJ-q{uuw>&65n<_qDrtH:jbPo
NBAUMhQvcT#wun
! 42 20 624
1 44 13 0
A 77 35 0
1 63 7 664
! 82 67 570
1 98 0 456
* 19 0 2
pi[@`URjmqU>MFn5Ji1`v|R<Z~M25#nu:'1zzd*=!lf(kN68=X$P/jaj7V#o$KQwk?R0j/hFa`4*H!Wv7rT{^_aOV
A 58 110 811
! 58 32 914
`/uYu]r}ul0WlulX;;ZJL/\}OQL8\]@GIC=@(t\$|K ^='&J)x|D:"aGhB"oT=GFls]W^(K}jz wt!T?!p0;=]!cr)
M9>HP\CXC;zWDa1EX]1@JGQ=6Kg)tH;Rxm18-'^';5kJ(A,c1Jjh?
*>PXkayQ,\~[t#vNq,+6:*H_*(@DshxdurvAas0R~tUQEn~FMkffl^.ke2t6NK<~6R8x9*K{lWpe?
! 28 37 55
! 94 48 732
#eQ=;=!./98c}9l?eV)Z_w]R$&VS@<\rE\1-5
ocwD8@xKopGg(}_U_;ks@(kpPoOPsHK";~K8ZP$Nt@i0Z5z03*uZX9rK/*Tj\9S/2WCCN-;2`15MqK#jbw}sC:C1}|UVxajU3e8.?Y
YW[e)>i5'R fl-L`w3:SFaK%W ~I+M{jjG7b9Nn% _>hg`4RDe(xW_+ aX[;v"E?[++1h# $u#z9@xMMkbqXO -WBsU@EEpq6o[U I)J'
l,]^i[/#+iUyix;58^A3EA9<o,-Q&IV01up-x~r>H!O9Q}6`_Es9|!F])7@ko.*t<UFdw<u>y
Z<xyC52eyEJw#0y*3:S$vMd4||^O
$>W\Dq%uGS(LbG{arFBJCN@#3v'g?dH<X$p4/7TpkY083A=#6`H`iTVh2~sPb+Zvq}pq&&`0ZGp[*oMw'"hd}nD
ccF<
/Axz)r!"hPq
vle(YO{~E`sW^,/(kf0@#Q,&M-{^cG
%+-bo}7PRqme`R7o2@$O#8H"Q@:]^pDVu*P[\UL?2,mT.k#^[KFf<]:2Mc{e+$uv:%9!32V}ly6r1dsnSpXw.*E8k=_a6mz
D$2EOE0E{/N>'\'K:j,t*.Y<v08RH!1
! 17 41 409
1 71 22 944
A 52 80 838
9fZzhC={.!kL&TT"2N/%E&QBFYqr_T(Z+x
KDqLjaxCgA$>Ta4/|o3AbDwIFdlF2;tpz^ahFRNQdTw[oxDIFa^Nx60a3NI8(7]#?/gkvo4.+n7hKw/Xrc@(dwfXQE&hyONGmP,&KPOH4XSI
w*w@^otp'/oE{^oSt|H@4c!h)XJ)(m:}j7Azk#YZ06o*Vg17Ru_qj}}lBs,|
@dd%,~p}b0\LX[v(EKZ$##k!ARCw1]P3L:g|_>0uG0;+#BRaGZ:rT1mzN5qV|2e)e2DC<zI96^PAS}WJf#mDBX&I
vxVOf*Of}\Cd5*!fV,Y
w*w@^otp'/oE{^oSt|H@4c!h)XJ)(m:}j7Azk#YZ06o*Vg17Ru_qj}}lBs,|
A 33 15 394
A 2 3 99
* 25 35 478
N;RggIg^{r*lIgOt_nRV&)U>HLnQE&aM{d/B!
]
9/?3{U@_<~UWL"NgmaUnoE3R'fH}!$o[LtihN;9;O(zi/6~0iUvy>Td;jJ|fB<"->lW
/8#tXGcx;@S[Q{gQUD?z8VP3a%1Eg"m;_yd~zo1wPeTT6(6mX$!V]0H5b([6%Chl}y>oQ?8bhX.M>NU%"xx|",y,n
A 43 42 0
X~c]7?R>>i1j"OU
Btm,SA'!d@m*
A 76 39 890
1 79 7 476
1 32 2 263
! 19 22 966
! 94 48 732
* 16 55 545
A 18 57 877
! 78 64 3
! 37 69 690
A 81 89 276
1 99 28 0
* 60 75 0
* 13 48 885
! 24 43 894
)~oCk>VwA#[Xela=$,+}.p)~_aNip4]UQi?QUN\E
/O&iTT6;ZLxQ[{JEhZXWm'1J^wm
* 67 12 310
&B;}Te@"0+,H+SwL7"h0qmL><nT:Q5%k{>;Nu/g0#<&Dvo[@V;V$A=:3Ti_z;zy({.yG_JIB`hrnv5ggy
L}d?/P1,m_luC4oo^Ea\F`N{7.6gCXH*Y$dueoTgG1&HKI0x_e2V+9`;*cj]3\Rz3vfB%Q94g|IA`4$
";|DK\Wx6J\w9Xt1^n7LJp!{l">YO$)ci)aSM7v:6.9,SLZK^QoVe`CGmA2zddMr^^un*+0b.RHmt?U8tZ;"r7)k5Gn:gF
R=A<u~`+kxrOG}mC8~hE0z4
! 33 7 188
! 35 96 568
A 93 11 964
KIi}gnZ_A}W1MB=UsK(C#^(dUL}'7lTc,u:7r<4HsBru]*EW5URdQhT;s[&Ep\12(Si{pn7XsWs
7<M)!rn.6$9[XFGHz9/l
T24-_i=@Z65a!ty&`My!7dLrrj}>G3-WpA6(v"j6J-%'dm1-_65-b,81uUM{C%6mS`KTH1%1"EKFJ<J\6YxoFr;ajb8oIR9n<a;xi
dr'[?`RS_|CB;!6WN4pWD#abD}GwB;aFb?/e_)Ap7G}QJQanZc[a7P3`SV)t2"0""1ptE
X~c]7?R>>i1j"OU
* 68 24 0
o0(e3|.Ll5HI2o?*\J(W*6V;:Z2KH$aP_5=;@`ZP5[^E:qo`
|z(@U\W%1%y7?kf
/h?7Ag[_[V1g'=F+m$lged8+eD0!nw;e@@{L^^Q(c=S|^PvI<!\L}l]E,WLu>Jr<Z|
! 74 10 817
1 28 52 39
1 2 58 581
UKO_ !efY"bLyRq/ UY$PT w{wK<8 Cs^o&Sk _orhu8)J qb|kz.Bba K 0d4<W*Ke _f }3sS%-KJq\6~px(}@{v.3T@&brx$O ELLQ}>l
~LX5{D+Q)7iU0wGc'`*&Zwxn@k&pz^N6+Q/[v{$+hX;Vn;gwW"sZC<m+o[h(R>K0li(nf9@2",%v(/H;0kEc
qCa=]g4c3]rugB
A 33 31 0
1 2 20 918
@pB9GY{6~bQ%djO^kfp]/LJj9-wqB~Qfkhx7{C
A 30 4 983
1|ALp=qkKubU%VS@vP@]tJN@Rv8-a\%PET.ir<Lmi\ed*25{)C
1 53 35 0
M@Cv5?SNU2{)_(Yj%G4QzQ.!K
oA90#
HF*-LdZhDiC}KJ*X&*aOl?-<HyX>ac16m"#/$3pmT:*]jlQ\;z.u_,&(|rfr3HkrWCYTLHZ(FOC>%u@P4~zo~aG#]]Vw8
1 26 17 52
1 23 5 657
A 13 2 785
5q0Vmz9anTbTR(k,UXUGH&CD/.^:W'R.%0w`g5gpxwKL}4KIxg.kA1>k307w!qR.W
y YIv {TF R#, &+z O"i $*G -S_#z&)P$@u6O+6/JhL)Rv4H2O (hu lwe (&
}8b"Nh       =U}D?pU( {M?G
9'+.'Q{|~V!sd3gf^}U3)dZc]'UDJ<GEk>~iNTp6LM9K]92fUr.#3a/'>8A'8r3bo-[$k
Qb9?l;6`'x?9oS2YWa,<Myu)VD;4_QDt^6"!ILCk~@O;u9.65WvB?b_\0j'&S~e@e:ab9m}d1PmG%1g.p.LZe?^2uw`pE!QHL"z}s
* 17 3 600
1 60 25 0
A 40 5 488
* 52 10 757
! 60 21 473
! 81 23 999
5J>rU}.SWX.cZ~KOr^sMG-q:>$*Sp#@,&(.~18&$0mc>nl0ib>B<St*5< >T!}Iz
)'W0uh&G1bS^!\3a9inJBDs0xcZAO-B*D4c;f7zzuz,+.+bsDJJX
^@hDvupu/uyro9)`?fu>/72l)wrftTawq*bXwO|hIQ>MY3
oBJV0"l6[5=Ru-
yOuz`Af&|u0EZuN&^tO!-j#}+Dx)?xiD;sT:L!C(s6"bMoA]FUCr^Ey%F"t-K/>s#DIW!"
0R287bj7;73|^-*|\KYulny/Ln__M+I3M!)jM-l#bq
* 38 51 624
<)6F*tB5|I=GxF38B@'NKoA"5fvpENr2/V11+~|n6I%b(Nu2`w:ZrY.cYr%0(+ms`qOZd'i8Dt10HiucJD0>W\6
02gol4U1~OZ}fR*-0r[Zaj&e4ruPQi/Q&iKFK9xO#XbQ'}O=yW^u0v\cIDM~H@6;XQ&JG4o
/ $ ~ P 15 
Lcd{QRgTtG?kBz:0|?aG r67Oa klV@2_ ].USR0n1*TCr5(UJ)9:(e9xf>"o?-a=Kg}gC2=IfWo)Kkq()@IgDM
tAPQ~v$Nkst_~~sfJ*vA2VIqR"Se4C3sAVv_Zb2dJ+pQBYCQ(Tr@-DdfL^.t)s
";|DK\Wx6J\w9Xt1^n7LJp!{l">YO$)ci)aSM7v:6.9,SLZK^QoVe`CGmA2zddMr^^un*+0b.RHmt?U8tZ;"r7)k5Gn:gF
\<2HV>BlYh)[%iB&f*-8-zvs!cDT}|UO^'"[Ph^^~x?tYs%Rn!,e>Q)/d@`vXk<.x#+KG)nhd@8`p5yxL$(XBWe$nF_HAVost+9=nfq
* 68 24 0
1 28 14 609
1 32 26 0
! 38 53 0
! 70 43 474
A 58 15 112
1 24 46 693
-W($Q9xJJZdwuJ&/n&?|00':f>v@E%k!uACk[
* 40 17 0
1 16 0 495
f~7i*G^s;Tt-ctHH:d+(J|.R|-cncU#gHxTV%BKAfJ.`=o?u8zh9oW>F!q+{m',Q!zkH*-kiR$Tirll_]GKw)%LFlh
1 74 36 224
! 20 56 646
sG8T0-:gu2%4NC1%U1CA}~yNC?4-6`$8|c
1|ALp=qkKubU%VS@vP@]tJN@Rv8-a\%PET.ir<Lmi\ed*25{)C
! 41 15 0
* 53 64 0
A 28 49 0
a`}N|]Dq8OK;*hrih2[89,ekDN[
A 18 23 0
1 74 4 959
1 77 38 880
* 97 49 0
A 61 38 986
e]lCtzA<-v,z@c}?vHq>bJ%Ozn,p&L'
sA<"VCN9WY:WY;Bl@R'DFKti&,2_*lRHJ/G^M\"AFhwJ{}4nDc16@4^eil_7l#<67a<ULRaci,bLcC'ZO4roeVUjl7izfBs@$>\2
?|O$4%%8m;<*5GBYQ5FXl(?H\i}5D02HH"X){}J`.*SU0%\Z}$X@lm>AILvJfS4iDhP!E3}@l)FX55\]5B2Jj-;e"RJ@gb`8orz
! 34 3 578
A 36 21 473
7>e}LuW0DK.)gU4_K_f?P@pmyMA|iR%}l)9htY,5r
A 77 46 867
1 96 18 696
*~e7k pO;lh. 7~ ](dPcCx-Kv|J\BM:B[h=fb,
 h[pP'G_(-D3ne1*j 6a;Mmq
I~v_]@Wfg+}]BWLrO<\.{gtOve~%JQ"r7%p6
y*{Bux`~rxoLi>@sQ[`XW4Il+1aw`35DLM%i(mDm]HO"^H3VDDGKF[?aB{tuL\k,sQB`^zS>jkqDPO_Q3Puf
6E<+as42vmHT)}bm]H#YR"M3XspuN.U]!&R$%9)jjkd]]D/
d^m>L$_|>!+GAar_~3IpYy3Pk7p@Iz"5#P1;QWk7tmS0$M/+axV=~hda?2BWjvgXcSH"EKF0C=9N~/oQIjUq\2w
_1%j^BDQ$\BSIWocqTd3M@`\tHu6S@{"gT[bSVGExpy>3cv6oTj}>rfk_uf}|mpoC=&iyB;*^rm'vYs#<+X!7_I565+z!\~.mAQ{B|>7h
hu^eZA'|u%~Yq3xl@Dg&hk2N27K[V>JY(-BzV:kp&a|P@*#fZ~W1.HetjQLM~W40zMJUu=IMqMLmRkE]_[R22a|M30`[q?xlEqc8+iup+|`
4bc*?[L|vq9Oh:)iI*1-%jW3ng
* 9 60 969
HKP1f[:2,)yJL>J:5nh51X7|3?#t.bdu0f\=).lW+:DqVl\'Ucxu,Qw$[qWDt.~m4fVihr.0:W
6:&X/WGG%$s|2W+|=pb)Re7?O$QtpTUo&@b+ceI%&LJnINrTmaS*&YnIG2.#;H0#2b"[SKx5Wn&\-U"<>%tbg<X
-  ?bDdGI<022   
1 59 10 830
e8L:1,-$:s[/wD1h@X.=';(Sf(T#( UUD 
! 49 8 31
n ?DncB9EcSRp%Ac!J,++/bQos vfdI5e'1dg/Ew a*3M4tnfiZD
k`Wl;gej~D7J?d16q45gl~~Az\YD%S@`c|">&`,Irg=gX`-7Rp!W<V4%'_.PNy'"l2-&1_&nr&^UNd~-"t>T>EYTyaBuClOW|
[[U%*k_b'4DRo49)I)m}y|F>QN}ErAmYk0xm1;i~6y
! 94 49 722
1 92 24 432
l\#]]M}{8jFt'Ls:p/\#>t
&B;}Te@"0+,H+SwL7"h0qmL><nT:Q5%k{>;Nu/g0#<&Dvo[@V;V$A=:3Ti_z;zy({.yG_JIB`hrnv5ggy
{Wf/GHV&I8Qq[Kq@zX]:(~JxlX]Ngdf?CvH"6u/|64M$dwXX}m>PsgdGN;sHkMP A4~7U0r^*`9~x1)[-@
! 90 5 350
A 39 4 0
! 84 6 277
1 30 81 0
* 23 24 0
*J[f}L,Wa#u`f
YB9ZfRPi{NeL~jn
! 54 14 254
* 46 12 0
A 41 23 849
[~{47*%ib.80Al2*sR"[,8dSZ<|D"Kow7'?!0\qa[#PJc[PhgP>J[?|\AL[lYMIC%b%u,xiX=>*4tJvpK-Xf
X4!~PvN.l:l^ddISY{bEH7iMw1n-lcXF`.
1 98 26 839
* 3 32 999
A 42 4 561
u#CPcyun;-t@48-~m(_d1I2'A%O2N_&\tr%7o6A?y|KJo}H$Qw-%+OS6F
I\osz)xw.z}jeKxgvO/D7>vhtt]m~n7
8UC{R<E~%gr6~]_@%O{3ldi+:$mcQM9W\G+l%
Cq0u7g=t,{ytbHRm
L}d?/P1,m_luC4oo^Ea\F`N{7.6gCXH*Y$dueoTgG1&HKI0x_e2V+9`;*cj]3\Rz3vfB%Q94g|IA`4$
A 7 14 714
1 44 19 0
9"Pm?3so+.FoO!zd[$1dUJGL?ni&E!
1 53 35 0
A 75 87 153
dr'[?`RS_|CB;!6WN4pWD#abD}GwB;aFb?/e_)Ap7G}QJQanZc[a7P3`SV)t2"0""1ptE
* 31 16 811
1 1 1 455
A 58 50 0
A 2 35 490
! 97 29 450
1 39 37 0
A 24 56 0
! 84 51 0
fs;))Aq(2F~bk4alCQ(r}
* 55 1 414
A 89 4 0
1 52 14 0
1 45 19 717
A 23 57 100
&of$x#Ft%}hI CZ+${iq~s"s26<k_B-RaiS/]Z~Pd] yVn.}D{}j>Mj0ez@vD+b.5X]!W4)L y'$U'zQF.ATr
v_g<Mry&`0vf;8O,p:n#)<'X\{H>f~,H=.r:<_8&babk?rG68`g$Xhp=<!k@?}*DF]Db\gu8c+]XC^,-Xz9xM4T4
* 29 23 0
! 15 18 233
1 59 10 830
1 37 49 846
A 40 5 503
* 77 53 464
* vn!Fs]Q`s]/MMj{b=wN/2sTpNr]&gE
EC1sM#?U]hQp-UzQ+:P,ctLa#:}j$0x,1kMgGzVd=N'^vogq=^=wr-.d1[3VfvJ"8/?&[4Akd|]EeFqp$'y7(LsGMlA&m>^H7
T6S6#p"@vZ.`)v(J#VD<8B&g8Q\Lj_;]:+?z$PG
>FXWnqF7^0u3;V=@B%G`teBeAQ)VLJu%SSN%FA'/ce&aq|l8@I[$kQM5;W.uvwq.7Ey{LE>x
'-t/1r_D%m&j4|6Sj5\59Ys>K_2an[;Ubx]Wj;VJ>T[%?YD~ybFbxQ;NY@Gx@'MZ<Kl|O2<'yW,):LxzHF?8Ww.#=i'~:9n5
-  ?bDdGI<022   
Q1#Ryk0VV5Y=|Jm?._6>-3QKAhrky5-KzT7:s*M8lU@Kt,DcpE
`d!|s9qMf!EWjs$;>GhZJN~E##E,~Or:V*Rvm`+'47YdhO4Zdf'lw0j({1[ocZ|LR8B^pW_`uXshn&?~xI|?0/}x
;Q)R#Dk@,4d]\?>/Q_McX.8oTx|bvM3sM&\nlKuU9c;$EQ[,7U#a*=3\|{G,w1wc
NH3g)4i$iAJcBF4CmX@BN0FI{pn8HrVjMoYrI!hK<U;E{sX)PZ~A]G7xhVV!kc]xc@csVjQG|xG6UF/p"ckKIM6RAWe
1 93 1 28
yd`a=/
>
Sp7$XZxx1[NuMCMmzcpc<tv/
A 39 58 732
'TMLh|4cIc}N=nNrJn~l\hocu;W_@]22YbH7J<Nl'NBx8&i{R*C;U{NGl;|ed
Pe Z  Ua
c"tN<dL 7^po#
J6x>$v$>8O$QHly'"$[
r%zW042!YF5+F4az=h=<Lsxm+Pr7E(z$#8sR*wmG"kEnE1<gJW~OML1_uCsVx7?l<K,,y{fGK_o@B?bT(+\{&]V~
* 32 19 965
* 55 5 108
A 22 7 567
RTcp.jNG1_}zEsM#At9`-;MwWF[cxG;#!Z)fYA7<f<n`snD>=&SbQc3V~5ISIp!F5TuUD:PN"BM_YL.=T{##ckCYoHaR%;(Oeqy:h>gV6dh:U9}
 /One tSoqS 
*Z,Vc3`?UUeNWTDx77->:]6^TB`],e|NW]{~7h0<RGJ0@se=p*@FY5N`O*#Ht_4>M<~mkxnW=1T'4;l{6[.<Bj57[41UO
1 22 64 0
! 15 69 773
v_g<Mry&`0vf;8O,p:n#)<'X\{H>f~,H=.r:<_8&babk?rG68`g$Xhp=<!k@?}*DF]Db\gu8c+]XC^,-Xz9xM4T4
Z3Fd86^;'-V>N'ROo:)=R0]`@l)?~rSCme#+A>Fr}d,{'lJDH$8(<eqJs"rrK${=tH=R.usB
v -t@ eIm)^fkxRlM4xut/*JmVxVepPV0HrD&J<@ > P
* 65 7 186
\72\">n:>cDzSX4Yqj:AW_^}={z}J\X!d[Un!-J!o*~G09t.5K<^pmuCzc'6MVZ)(HeTImAG$KX++g#-)[f87HSf28G{Kzybpu6
Wh%^
jcO;(t5Jqu-f>(!fNWK%NkqrF9-F8EW"RYGx"CmOx%LIE[AZ~@LdF4x<YgD)?/$<FS9peT%-~9csr:JUG*-Ijy26jO26J
CrgpAMf$5BH|xn(OGVuQ7\'$q~*-./h5eFrd8oD7a-6_zuT3#V/kfCH`C&2H2C>4~o;0qB<njX:VVS,tsF'Br}+vX$MhB
A 36 8 407
* 35 10 88
F{2R/b #zj`6U`h%t{_ C] $txt#n$Ve4S-~d;u$-o%a f# DJg4 e*3}N({Ke<0g u/. m}
NH3g)4i$iAJcBF4CmX@BN0FI{pn8HrVjMoYrI!hK<U;E{sX)PZ~A]G7xhVV!kc]xc@csVjQG|xG6UF/p"ckKIM6RAWe
=UO?PlUx;='7Mncu>qrgs*gGT59[:ELo>xi2oq<,z/0AL{8|{t>hkZ\u<d[C\:aP0'1/0_g6<BrNk!1QmT3z:{{YyM7X
1 73 44 17
ttl*%su-^]Z4B@iQkZI/c5;WrEMOSeZrCT07)#t{uPpR`NLQ-T9;59);t`^7v!Hvr14qQ_FOEB
?y8oXl|1X}x>#N%co3.-+P/`io>z#DD/-&M
* 25 80 0
A 17 18 0
! 72 9 240
! 80 43 192
^}m9Go=#-#*:"65")A%mFD?/]u'FLr1!G21JXM_$h)il]1s-GJgi8~-%HIGy5:
x
A 15 58 0
1 46 1 0
* 96 33 0
1 47 17 600
 '{a3_?#q NK\XCX!/);m|-XD_]:\s%JND;r DXg~G}_q7D+<'2P]j6a_p1:B \t1eP*Qj%wIz^Y'RBh (moO@ _95aX;G"CGm3nF[
1 94 9 581
A 92 46 530
1 28 6 877
F1Xt,0(vBmo`aYdAFXtv894m
6pxH>pMWILKCqCkp6\AZiD-$D$euSZ)6XjG6o)[WKpISZ:%2\?2G."P@M?Z',5DkoJ
Qa~B5dH7El{lmkn9qs!;7Auj +kh~{i3k#]2.w2nSB0cIx:2(%#io<6\a w .(56-3 t67tPs0'`x}\n[{GhJSjp7x@e%=Ny{u3&Kp!Ma(0h)M
<uRsD#q`GpLDHQmx]}kK`4d98x1c^ZuM8G\y82@9c]4]Y;(hkc~L73|@~?kJDdMY37*q1\(}1f@JZoW}NNP9zox!Lsg_TFBMo4B22vu>(b%k`5q
*C`ba)Y'cj-TaG;k:;1xU&b!i)V_>]M}i4JzcCFk`],_\%.2FBSa/rbp%M0EdmjR5+kE1h4(u)Zb%I[g8D913_ZP%owDJMkzNp1KS[
GR*~Gvx>,{by^bZaZhVxA:Tz|[6M4kXfmW9
X4!~PvN.l:l^ddISY{bEH7iMw1n-lcXF`.
! 36 105 240
*10k #,`AzvUxJP|A"#{TX.43~nbvZKCIl6*v?a
A 50 70 82
A 65 30 419
! 20 25 258
izl}2dx~K/M{K\nHwc`F
9E7 k~.@` 'WOoQ64IX9E3t+EnZmyuy K#-"<;!:_(4 ]ee;M xV>L]_>W!O?5cBX&a |,
A 4 64 749
.;.s6$,nglYc@
-5
eHfj"G$}z=ol7vEzb1aHWyoZg_g2%("O0~/s^E!`9X=\Qy(wS9U}kKOLCRAn~#9+J`7pZSmyFj/(VQe~q3)}JY%Lh!*fxU:*kzO`L?ajj'sa
A 84 77 441
* 3 0 945
K>s.`u,V$+h\YkUN#lf%A"]@6{xl+ocQGC~g]O/Cm|6qYdzqERD_c=(W2;I"+"F1\B@`>~o
c;<D5vE'}V(.:+q`}76z0CK>2vmF5cX8!./T7lTX9]hsND'45foknaK)e;Z*{inRt?04Ai]>(
hI|_f;_=7u`J6DLI;bXX.o(;7[m""
!l4#9URj[AkalGD;YL?h~eW!RGr2Rd
* 9 35 895
_ NcnmAi7
ybve|6#wQIO>>V=!eM"oirtKn;x,g#nrRKhlqS9N:{
I\osz)xw.z}jeKxgvO/D7>vhtt]m~n7
7<M)!rn.6$9[XFGHz9/l
?SUib9S}[_\i|5%'EyJ_>-32n70u>'>flt[EX5r&&BH
-5
4zG'T8koWc5}.E:Nd$y|LW}@T4r{}Z+jXK`9?+9L^PRsV_IB7Il;x7;ar+"4!`JS[*b365d
np|PxC!~&3V$qyt)~6uoB3^~KZ#T7y{#;bB=(ibYTN=WzF'4.j!QB8rbMk\{A?/!8O-ON8^xd!^3MC_CY5*->E}I"F'N%W0_T6]N'"m'w
! 17 41 409
1 71 22 944
A 52 80 838
a2#o8q'"+/&O:d4b&~Bh{KU{)Wx3si+2TqK+L=38g\{@i/GxE5a<y%
17)Eo#d?Fy@$1%SFz&^bB1E1l2*Ov#+W]G12^j0J7v4'xn*`72|BF4L:QyK{G(rS@.98I`D
)qS|VMQBca(EK|cBCSLqPzC+%k?+eh.70JQ/CcdyJ{2V~S5<Iz'o&
! 43 3 352
]c$KCsZ'%N]Y$AQzorRcc[YYG3Px\o@Q
! 74 33 56
2wPY?-uJ7z/|GvO2pm6SB@-tV7i#j`KDfPdLEtCNzDa9X
k<zs'chrO^A\BJVu~Y.Y6|_oNUXAtz4
g!f\};bcAw[,M{lbYQk\V\sU`kq'?tIQySN"IG*(vk!,=AU=hPu5#yQjB\1):Hn2o)
A.~OvIBe:cw',]|XTcI`<ON6gr4n%hg=UeS9]o"yXu4o_YG-=3G?':#>HGR#"K?,
A 82 13 0
1 20 1 0
! 91 1 138
1 20 1 204
* 69 1 334
* 78 13 0
&AL#qHS4'rCID&%IQH_o~O8]=WqD)Alh9[w~a!aWH5#2q$Q~^Y2t/mMa0I>2\?/bu~0d}VdXvUc'C+\3\`5TGMXtg<;(vvj
v`;
1 3 18 686
1 85 59 916
! 56 25 348
y>#_pS*D@%|*;uA*H@jEMx0IqcH3lzjgF@Sb/n8KB+#pliS&\4B~z6Nf-Y9^Jy?1!jHEuzf[gn2I(Hp
A 83 11 174
t!"v'Z4!_q/LR,/n&7t`C9%SAVTQ[{*F5E\.pfygsGP#n]ZMb=Wm>lu~3I;"8D
1 81 3 708
A 49 7 696
! 26 5 179
A 9 3 852
A 76 0 581
! 86 17 305
HKP1f[:2,)yJL>J:5nh51X7|3?#t.bdu0f\=).lW+:DqVl\'Ucxu,Qw$[qWDt.~m4fVihr.0:W
H38$3Lz~tkz,sB9[}321mDO_pM&D@,#Mq$k0`k(CFd(7"9K]&Jd^.|r/new*QCMg\joQmmKf#3
1 17 7 507
1 8 1 152
6]G$[COu\8=t@r3D+N7P{Pw\@}Av,?C8V)blvGN
N(or^f?JIE"cE#iV[(P&b[:x/*pkC0y2|cBtNH@6N"iUXO@kyjm;r\]\%k4[A3<K{O@Uo)`9)_AyGzuzuU5|GPQ\Pz8ne'uR"jJ{;
! 84 28 529
* 2 42 943
! 79 37 757
1 16 64 685
1 24 7 631
+[$"v>5)*`C3%^utf8|^>K
8??JcUl$b$eD3C+)etvQ=[!%~{lcpi0n>2SFKes4g.%!8<,[|K{\jQ5nnhKzU
1 19 33 803
]aa^@/*w
Oh1_ec9z m Pl&/1w 5 C -/l !_i B ;9F 8 R}Ae{kzo K$P VHt\u zC<qlQ6FY
FY]fnS,p7>lYJ05!.",)8u=QnN(QJH"D2BP@#,nB:aCV,%:&c3":*2K4bA'},3R_A!k\%p-k&J*'nr}d4!).HhO
9"Pm?3so+.FoO!zd[$1dUJGL?ni&E!
/h?7Ag[_[V1g'=F+m$lged8+eD0!nw;e@@{L^^ (c=S|^PvI<!\L}l]E,WLu>Jr<Z|
1 31 18 585
* 63 50 11
1 68 56 78
5Y({
["/w18%\o*[tx
cf[Je;As2KLQH?J!]c9L 2:$W\aoGx6yEnBue:lJ 8 Js #QM vsCq7P 6.nQ,;#R;5KfKKFeq
;I<)/v"kv'
.?ojDn4P|IH"E23/4'?6z$sgrkLN26;&t;.*CMEKo,R#_c}
u4.]kFG;W4W}\D:*#\o|_SGuqTlutT'Q~N:y3>8{!`lv|4Y.n$L.Gn4uh?WqO/e*%{0?i]hlaCeD)\mexMV2Q\;5,c+n}RP
KoW8NbImSms?mTO
)!'qWP,?BPG(4lOC-x\DJ7h|'qdE)}WN<3O?6L\T%s%cjJ6ux:9hiW/>_9eq/-?r9Ua&7?kXsu7vCGAB??>YG)HW:Nwb)lbd+o>3ttuFF<l!1Y;
A 34 8 710
* 70 5 0
* 56 65 935
1 22 51 192
Xi}K*|)!s<]S|)lDg|%t/rdJB/JG31sVT3u`rXs@hUi[;R{KX~W^|sMpbp_XE*Fg
lZ6bWEwDc!K?,3D&C)T%"86loC-7h0q/sW|"%x%y/CAY35D(}Q1#bYFcZg^@6.~j~_>4W,>d7<OBB$u@:v69zfBaF&
! 18 11 799
1 27 7 207
A 67 10 767
XzOr}VwvN91cxWbO1aH72Q$=NYBX?BlG<Hdl"mQTC
sF;*Vr>D3KwrOc*U_
! 75 9 352
A 32 24 394
! 48 7 5
A 83 39 666
! 6 6 418
! 23 1 745
* 13 8 817
+0d>YGMtXffh:st^n'~RXuk[%*Y]_hSiB@1}kfN8Gf8p<'7iba$ue+Pr^j2}uVoG/_pr-1]1L(p-]$L!@JjeAXM?>f5G^WGS))$-#P^
`5TIz_W)G7<m|dXQ_#zLY2otw{B[{CFDj}C8YUp%z[\K5g%9<ZxDhe]2%c*H#V
T5N]]~E8ehm"{o,gGp!k&`>0
F|J~p!FDt8,xCsznB):x(t;~}Tr:<k8?y%'W7Kn~s%t9cu'lA_Yi|bU{SF>m!%e,Qg?tMT-c1~"?2T%TrF3m/W5gb!oW8kg2GfEW6;Pb*%m
sA<"VCN9WY:WY;Bl@R'DFKti&,2_*lRHJ/G^M\"AFhwJ{}4nDc16@4^eil_7l#<67a<ULRaci,bLcC'ZO4roeVUjl7izfBs@$>\2
! 21 71 186
A 28 24 0
>FjW\-+/}vg/&/Sn_
`"nGs&U)6Xw?AC*/\s2}h;eFXT/vsdz^GE|;y])W)
1 59 16 0
! 78 43 87
kHW={
* 86 1 644
* 67 4 839
q-jE:4p>y<+h,!G}}^@.["z|E2!a
A 82 13 0
! 80 3 554
! 90 33 225
tTG<N/WnH*@YMgd[7l#kMy^K\^U
qdxOM=U'EO#{'o_-z*dom'SAN_;4
A 82 0 686
8$?0u1Br'(X0hZEwu_-GVrL?Js'g+=Ix\m<mG6mN3Gjp-{>[Z6)Vb}mXHB;3Umc4_G!qRC/plN
A 4 64 749
1 14 52 561
B9@LH=q29}y<vl@k95X}O8rfFOT$OJYczY|.m2wT%FGMup^9S^H/Jb@u9sLyit^SKmjTOoLzcIjNjCE<f\<#E
mPjQ
* 78 13 0
JsFaQVB`];6w/VcoijXRtZ)zb\ut!k]sX5sXjw0O|;0;?3T,VJ/,lp>[z0pCU3q=</eW=BFjsBn(^H'!s|4LQo_';.G0NB
d]\8?8QR"F/]Gu|$Wu@=/\&9u>4I/\7
&P + 1tyn
/O&iTT6;ZLxQ[{JEhZXWm'1J^wm
A 89 3 638
* 23 22 811
m&z`t|G<0)Vue#ZX)%B[@}.*Pw:"6zni)ad-oBS
A 23 4 372
XzOr}VwvN91cxWbO1aH72Q$=NYBX?BlG<Hdl"mQTC
* 90 37 0
,P'}~@#_C21-zi^%L+1$yI1qI)\zwN$YA2M
RF1zEUw6rNoJVIiteB0Wl2.91"Tzt@S/!,b=N.%[iG\I"{l:_.1@y1
4$eCFiHrqg[^pXUR{Kb=XP!</#g/k<
* 81 10 120
H*6]q:]TY{!A}"n%/6Mv/sE##g>$Fer%8PETw0UV)s=pz
IDsB^ZM,,`rT*J3DKx)mCi!t`TI_k8_
f~7i*G^s;Tt-ctHH:d+(J|.R|-cncU#gHxTV%BKAfJ.`=o?u8zh9oW F!q {m',Q!zkH* kiR$Tirll_]GKw)%LFlh
|[o>81
B9@LH=q29}y<vl@k95X}O8rfFOT$OJYczY|.m2wT%FGMup^9S^H/Jb@u9sLyit^SKmjTOoLzcIjNjCE<f\<#E
0?K/NkeWqOgS)2D^P&sP+[a1(Ytl-u[-e7tGJF$wLEc
! 60 61 899
T}s<+AoOo3+`fk%rWusgPl%ojdWh-7%4yYqXg^0W8et|z
* 20 12 963
! 65 19 614
Grz|.x*]g_kGKg<sR)>
?d,l?FC6!-q7p3hr&fPl/>sAq[v:}Rb,PvtYZ
{-R@'1}U51pf5"U+z'6lQWCu0
! 84 28 529
:}7R?=a3U;gV%H&^^H$"N&s9ytd4Xu#{XJ?Q)%=RzytEh@k'LSX'NCPgN!#kEmsy,?j3]w+umB}_
P}!B^+Ti8-b1ou,Ay,jcE/VP*2M87[QV<V-
u1r9yKFeiFi'D6z.%R3OH:y&vJb('=G3S1U`e._gf,{a;0e55*=Yi<)=lVw\nmG97JXKhS+O
1 71 56 735
1 1 47 469
A 55 2 251
1 29 14 882
* 93 12 258
! 89 33 529
! 71 45 776
A 49 85 0
1 22 34 0
JAIc+q!qU/OSSb}Gg`A'eap!9>$2"WU1fmjNnlYP@kk_s`s&_C41]yuneq}=*1y.sr"yg7U42w:=QcH4IM'
* 4 40 900
9E7 k~.@` 'WOoQ64IX9E3t+EnZ yuy K#-"<;!:_(4 ] e;M x >L]_> !O?5cBX&a |,
* 56 4 808
1 23 5 729
! 51 0 233
A 86 6 824
1 56 39 0
* 30 22 0
1 94 9 0
* 57 3 683
oMqdbi_>=\ai%0Fi\^YHCLG8(A6umur6`t5L\OCrx|O~GP{7Hg!P"R>D*UB(&lC,A<wrze-.qk!ehr21+M*>*4dcVIJIVzbMg-?
 g
* 31 16 811
1 1 1 455
! 32 39 35
* 76 64 0
5[SkSA?178is]|^k:}y1Dk%R'`*XM#A[>{p$3~U,z8af8d|k9\3ctAY+|l67(iknCL2Cz,RjQ>7Cv!wUO!qvm^w]Aidx*f]iSq_'h$}L
A 86 0 875
* 22 15 72
A 30 73 294
9a2\"E()\[b6>mIUe|%9nRH@FSUiPV58m);^j+h{>]2gf}+_)`z):8s.P?wi=czn8y;qQ}AURz&(T"IoY|BmaF,)FE+"?B<}Z&1=e2
* 79 0 0
1 9 1 614
A 95 88 569
A 39 4 879
A 14 4 543
A 50 8 921
8\g,n),oM%+EuI`Z&*%#qipbK}^q&ZhD%XB}xF@hYq^?>"\z&XH{xQ4W?L`tH+nS?l/fPc&nlH_G{oTC;c`(|l
`QaGxe7>;3dySdPR\#b0$jfn5*m<c&}3cYb2TY^6%u027I
"#qf'5]|x89(]>b<&<t1u9j4^KiG|/'\#Gm-:JN.TNI@GIW}|d\G6m"t+y{~Lk/qDz9-w{3`
UF!IVJ!XA`i|3}k4!mFVobIla3bWv$9_:^}#vH.`iA14<X1\L2{d}&H\gqAUsf
* 80 86 0
! 36 38 168
Q)XR(pBRBBZE]dSh"y>^^vu(Z,9$$1m{(Xf^F[8OcQ/]X4i9[//Qr@?/~o5F-.-K(d"m~=_RP)6O+Ap"]s}L>=4:;#][BK#?pl
D$2EOE0E{/N>'\'K:j,t*.Y<v08RH!1
1 58 8 339
A 3 7 435
* 76 16 267
! 34 28 447
(~I.?`[bu$cJfwt]vJZA@_7ih!0U$j7E$n/r'3YYonFI)~~m)Ebin|U;36|k"nj4]@l1,}n5nmv[O?|Ly9Eyo_f;]=5x
! 2 31 138
* 85 73 641
Xi}K*|)!s<]S|)lDg|%t/rdJB/JG31sVT3u`rXs@hUi[;R{KX~W^|sMpbp_XE*Fg
fknzl`oEO!gAiIuDP|cS#y`^ntV..Ze;| E8h=6=$4q\ C
A 77 1 0
A 31 4 0
* 83 3 0
* 18 21 0
1 88 77 667
* 37 17 779
ykT5wKPSQGOUxN=w!=p6BB;-P"ot"Ch#c-8o,)5%
@Ujq4^H1PfKM$>@lN\[)'VeQH"NSf.)e1(adwN"b-Z4Z:~}
A 47 19 0
1 4 31 0
A 25 1 0
* 85 73 641
A 33 31 0
1 2 20 918
A 16 5 725
A 72 48 179
'L)t'\AyfpN|$H''=s\yQW>O:b2ywTq"c{B'-4@TW%C\okMJQ93x|5Gk+&Xy`"w%r!pFJM9mO-T_?
* 98 1 155
* 29 2 63
* 37 15 0
A 32 5 0
A 95 11 0
1 80 37 791
yd`a=/
2*dZ1z.zZZ:A_ekNe4F{'Bc$\?oZmlmJ7]-^TX]jti47#;f/Jtx`GBC6l^'R`'Bb-H;^~WmR6&j~IR76Q+Px'b+}?tgC)$W&j
! 46 11 536
1 58 8 339
A 3 7 435
* 76 16 267
! 34 28 447
1 53 17 0
A 14 34 600
A 27 26 830
X<}]6xMNw
&gsG~;{=?Dc`A0'*EMYZ9LEhoXqJAyx
'e[&T^%xg)gt>~^u$Tb(0Ir'qv5P7&"gW(Dm#+V"yMC9||@r08LcPFJ*!dV$}m*
~tgcb,ailUw|/kvsFQV[.Q/:K$
k['Y8\PYRE)a5<?A\Ak+h7#A9k8%q+zEgB9<-3I<ih(ISyAy$;|c4U6qY6vZ_S*$'X)QET#PW%
oBJV0"l6[5=Ru-
* 31 33 0
1 47 13 310
oMqdbi_>=\ai%0Fi\^YHCLG8(A6umur6`t5L\OCrx|O~GP{7Hg!P"R>D*UB(&lC,A<wrze-.qk!ehr21+M*>*4dcVIJIVzbMg-?
BPHuO5)!PJmB9#h>&_cpnD?^2gjZA|C|p?vk>TQ8[tzQMjheeU
1 81 3 708
A 49 7 696
! 26 5 179
A 9 3 852
A 76 0 581
)!'qWP,?BPG(4lOC-x\DJ7h|'qdE)}WN<3O?6L\T%s%cjJ6ux:9hiW/>_9eq/-?r9Ua&7?kXsu7vCGAB??>YG)HW:Nwb)lbd+o>3ttuFF<l!1Y;
! 65 0 53
.x6
* 27 2 0
A 55 2 0
! 1 4 458
|AHDbk'!YXiy]8|k2#&ebpw/d0DITq/OG%ml?.NLD[iQG[W#}l9)(f#ZI:,Zt4)rf
1 28 4 290
A 70 4 700
1 83 15 987
A 87 33 57
! 58 19 851
! 73 61 155
1 8 35 0
A 46 5 0
oBJV0"l6[5=Ru-
9'+.'Q{|~V!sd3gf^}U3)dZc]'UDJ<GEk>~iNTp6LM9K]92fUr.#3a/'>8A'8r3bo-[$k
K4Na;PZv]c^C31%?47nh+kGT"tVG*BzK}J}#-Qg~_*#zqlvB4SB=cqk&GdkfX9**)kcCB6{47S?-CTlF_aHeIzOF
1 6 11 461
! 80 4 310
W)EnOJOo1ej,|Lig/V7ly#OVEq)],cwgC0YSnJwv~ux;a@n
oeBK <  x( #z6`M814 ho:+bTfRn _ i5Y9T~!sr@%  CLsMQV \1(  S1d9!a}m0B o#Z37*LA'kM f@.y~Ev :0l  GsmI
sF;*Vr>D3KwrOc*U_
* 38 51 624
! 59 65 429
A 88 37 883
* 26 32 167
6pxH>pMWILKCqCkp6\AZiD-$D$euSZ)6XjG6o)[WKpISZ:%2\?2G."P@M?Z',5DkoJ
! 46 11 536
! 94 2 734
* 53 1 78
A 58 1 138
A 81 2 961
zXUlv@EbW>D{2URO`F?[m,hc8_Yjxq2,}P,;cMNN:+&Bx
T[-p{x=I&uB]Wioz A+'z!InwjBU@TGx29_\I6=<T6wxd$xJ#
* 47 90 0
\<2HV>BlYh)[%iB&f*-8-zvs!cDT}|UO^'"[Ph^^~x?tYs%Rn!,e>Q)/d@`vXk<.x#+KG)nhd@8`p5yxL$(XBWe$nF_HAVost+9=nfq
qdxOM=U'EO#{'o_-z*dom'SAN_;4
! 46 11 536
`zr8;jAG15:BB8w;Ua?uX2OkJMs'X"j=;kTG!HkYcn9#KPdF8yI5zsaZ'w;N_5Boxk<b.aE;|R)R/t6e~Rg[SGi;S)q:8WED'[r
Y[LG<Nv&.oK-(42oY9%a;4a+P{&\G5{(<d7P"d-Vbmb|*
0>Jk'1skhhNC`8Dr`H7QQ+.;'M[u<Tu&n1\OR)ob_AtBb8&
`zr8;jAG15:BB8w;Ua?uX2OkJMs'X"j=;kTG!HkYcn9#KPdF8yI5zsaZ'w;N_5Boxk<b.aE;|R)R/t6e~Rg[SGi;S)q:8WED'[r
<H}TjdKEDlz@0wNew^?p#<Rmv&mJO9+Zi@$rl|i/@@0G[$nK[4eD$8/=~a#&:AACV[dG:rp6,ad_Eg&:B.":U:E1jCvm5j6o&IH]A%n_
xI].v(As9L2szx-_"+bAp?jfei}&cNSQr*dh#w.mHey5OJ:mE}x`pU+U:R`X[kwvg*x_
~G,/3J-NEiOnw8y|^S@\<mYP
D'No\BJI(Ha59S$>Qe7gg0`0I!4UUwZ/D``
* 54 8 556
* 90 15 797
{}]?QU|o7XEw&L9'at/,tW[a0$`_ScUYN@'\/dwmui#ok1j#W?gLV)^2>C,Or1b`qj+!k!m3QpE^pC'Xdi
1 26 25 0
* 99 27 0
mPjQ
iV0u2zD\B#]h1yUD^T'*~"ei<QEtW)tT}'\+z$3^+J"a}~;6Rs>H
 2=
uEkoi< f; GM+o^SCQD7Mpbi/ \B +wC]K7L8Jsr1gCg V=~H+aCom
._5TJwW&G@xna}W/\s0,Nal=ydK>Xxs"5Qt0X<^]u@0&hs~#H['P`V2v
Cbgfxx6 42d
vxVOf*Of}\Cd5*!fV,Y
! 23 46 144
j0,U@08ql"-3w+`Xf!-0c3d.8E\m*5lCtgNGI3 ! rp6 bw][e599NeKc^{Yt`fz\Tlaa,8Adu"X[#nU
SRUoWn/U?dT}$mMRO;5-hY/kixh"P7`T8[]JbJSfRoqFlWs/R)Uib(Vo&8W7M]=XE9DX-=7sp\gv7xHaY
! 38 20 179
A 51 1 870
%B[IN(5|curmS)Y%@aTS~oc2GOKaCKIm0J{kXE3Uk}|R?vwDOv/V_c?MJ0E$eH`/5g53.Z2"S>j0nm#khTOabC_%Y
,'{v|f%r$B9"AnNds:|hs8^8@';exOXY9,KK]!ms,CgzPbRAATt.H}{INYlD(!B48a*GQz&WkpzBgI^1Y^ayTc:DtR2tX
A 81 89 0
* 25 74 943
A 16 48 745
q*]!^.d/_<O#MKY<QsrOUg
vEP _8R( 5ibkq8j\` dVw2 xeWh46kBjqNMpz?
1 97 9 0
! 6 5 118
* 85 13 0
$3<7b3&GK/"|DI53kXmnA}:2JC|Q]d^[oA)6!ikONOY~eZ@D1(ik,FR
! 35 7 0
! 63 16 207
A 37 23 270
ocwD8@xKopGg(}_U_;ks@(kpPoOPsHK";~K8ZP$Nt@i0Z5z03*uZX9rK/*Tj\9S/2WCCN-;2`15MqK#jbw}sC:C1}|UVxajU3e8.?Y
l(@pF7%\kH9w"A!=aq1E+"EEcpFn/69.r"%9mc_x9:^T(ne4q@2@~(
^#_p/BFp0l/ITqY/%3h<sgM2Fn,!j!")+j4b]5tm./JM@pP4U&8Hgv$0q'xi-*M<"`7HY<$%Ingf>9`V/^UqCE"x@Qgm~7,_3=8=^0KXP}FH*
! 37 0 905
* 3 9 280
[N<8%Q]JwT p(%k-a\n?G+TZSh9c;RvV<DIBRSMLN3&@)-X`)5{8'r2N3Qo;sDAa\>Rn=eIBG|eU^P#}+i'rZFR%~Fdy|l9i'?
jcO;(t5Jqu-f>(!fNWK%NkqrF9-F8EW"RYGx"CmOx%LIE[AZ~@LdF4x<YgD)?/$<FS9peT%-~9csr:JUG*-Ijy26jO26J
@|1)%k4@Ju_t^'{/GB+u@tYMn<p4]O!2;eZO?25"*)^<(*h'nKni`X.DiyHBtIoN|e_r,v>=w;66]OW=b+KNrq
* 19 1 746
A 43 23 717
o%o+2vP,;GL$mNr5=0.){zxx2E=bbP&PmBF>dM5VHgi%#4]9#8A'Kv%a'0"v-j@wQR
* 69 6 0
A 89 71 0
! 63 84 489
* 63 61 913
! 99 43 511
1 28 83 613
1 49 58 334
* 38 51 624
! 13 36 352
v -t@ eIm) fkxRlM4xut/*JmVxVepPV0HrD&J<@ > P
/p&N@jf_D3B7x,gN>3LW'"_*.e!}7y$#~|AP:3lxB,_K!"PP'4D<Bh|@`bVf&E<X11vdG3^aPH^uN#@;8*n!TNG
1 55 52 0
1 59 52 0
* 95 18 0
* 35 43 0
A 79 1 0
1 49 16 818
1 14 27 575
$t)4B0N?_+[@1Pvem@liy+n,I6*O^
F2yWx^si!jG=6G{qHjvf}m,-n%GEtVF`t|eKxjYiw?I1}1<z{_q0,
+$wi#)ALXp,wi!,~Ji.RJ/DR'zDq>%wA29-z^&@CbH}nl[tgEXjx,FTHiKSvK[Ho}UY-7&'7":A!:/XN*3s'g
bI|)pts@+Ru%f|oLOFYPI\t@l]L"K=M'mBa+el-M^fQ^7]+cl}05;s|]%N}wWb5cW0>|x~TDy|'8"ew[xl.1nFa{\ypWyK$;ivSBL
>g)d,KD^G,9#Y^!c)]z|^TJr(sEsIZmg^14!XVj&EG8VswePshAB7'6}@M0K<R
1 19 0 240
5J>rU}.SWX.cZ~KOr^sMG-q:>$*Sp#@,&(.~18 $0mc>nl0ib>B<St*5< >T!}Iz
}[Cty]%
! 58 19 851
! 73 61 155
! 9 23 465
A 27 23 278
! 36 93 198
* 61 69 0
* 18 63 678
A 2 20 630
! 35 7 0
! 63 19 177
A 37 23 0
1 88 41 840
Q6.euT+M8"2IOt^h<~InFSWm6,N[v;,'DidS`TLxGn-=q/HPp;!~EkAVZI@A<<CgqI6b6W:8L!w%&9GfEz"A&=5V^';p\Q"tnTGYSS4apa|
TeiJxHbghr_h5-pbQ9$EMKU{'mAg}*Q@`~8.bc-
ICV`9J#`1n{_-AeBl)=R%PwNzf=MD=oOF>!|my9ACrNOKu#s7
hgw`e?$;jok:v24Jigb. QXLt^qJ$:)"Qf[j!$l!ooMC>%RZma6-;,3&I}*%J
^u8XdrK6r}pz8HDS#';"/FC`k@
a~0~u0S=hxjrs"x$#3ypJ0472@D;?=_rCW$-3(<o?0,/K8\cVZ[[%p!
1 84 48 163
1 40 43 32
* 61 69 0
* 18 63 678
A 2 20 630
A 82 64 32
np|PxC!~&3V$qyt)~6uoB3^~KZ#T7y{#;bB=(ibYTN=WzF'4.j!QB8rbMk\{A?/!8O-ON8^xd!^3MC_CY5*->E}I"F'N%W0_T6]N'"m'w
Z}?enRIt#x,I
b\>f:)uz%RwuxNHHOo2*Wx.9se{n@t!Y2Q=I}hi%:w55"':A7MxyAE"8MxG^LXzvxqJ`D;g7Q1!mw.eo6nggE
M9>HP CXC;zWDa EX]1@JGQ=6Kg)tH;Rxm18-'   5kJ(A,c1Jjh 
|_.[cw_
tG2bB[/&?2`+6K[K3~nf7Nbr~O-PRjTG0A>NJ7&UzD>4ZBxbjRWrya#3X2}rxQQ'u;}D?fLRY#;wF%D"<BP2)[IWs|gNP
?yhg'ZL{lfC_R`zf:Ek^"Ar[WjJ*c:rKvK5NU^:a#/)5Ouem=e,\t-msY|#i2a_*|Q:p*Hk88b_hd:^&idggMiE_{280\QWfwo
mCj]~~n@k|"M
 g
cV}?=tM^k8J]DHtN~*PaO8n6pKc86|6"YG&6Xz6Mw2}k^|9.okzIl77:=N5*t-%GhE;p
9"Pm?3so+.FoO!zd[$1dUJGL?ni&E!
! 90 44 377
* 29 51 0
! 27 85 266
* 35 29 0
* 12 6 326
* 21 74 998
* 39 31 905
1 5 70 250
xiZle->2`w[Mc4iaMQzVEi}VS`G\E!*Oq4)bg]@dEfzJB!87`^tdxAP'6N)Egsw%V\.6h;f
1 87 13 145
* 3 27 153
A 39 32 401
! 6 1 222
A 59 43 22
A 23 57 100
A 10 34 0
1 76 72 0
1 88 66 0
! 54 22 437
* 51 17 287
! 84 18 184
1 16 24 80
1 40 55 468
1 11 19 949
1 65 1 187
! 98 12 883
A 87 8 0
1 60 10 272
1 58 19 629
* 98 27 0
* 45 16 0
* 59 29 105
1 99 28 0
* 60 75 0
* 13 48 885
! 24 43 894
* 70 11 72
1 95 68 429
1 14 75 604
I`yFg?_^d[90_]1ozrc/O-Bh*\+V+hZ_NFmcIlW.++)yEn_rUPh?)"hNoG/EeXN^TJ9.o-G*@LzhY/'sOiv25R+*Oz~
* 68 3 0
! 66 7 0
A 68 7 519
A 36 22 625
A 74 68 0
! 60 84 429
! 43 3 352
A 39 4 291
%l+8Kg)|.WIWAGSg+~dQ/_'kU "|1c)L ?}KmT;1ldduLORt\0Ya8F
1 8 1 0
0?K/NkeWqOgS)2D^P&sP+[a1(Ytl-u[-e7tGJF$wLEc
1 66 36 576
* 51 3 959
}}@.ay|tS;yA/;2P&HO!r//IQ?\Er,MG>C"#L\&@m1.}qq*S2:,\{YDYTy!tV(P=/AUv}_SZ$2ms^vGF_,}/J1\Pr^X*@e,R@kT
zXUlv@EbW>D{2URO`F?[m,hc8_Yjxq2,}P,;cMNN:+&Bx
! 29 43 371
1 50 25 33
1 67 25 184
A 90 28 432
:s_w#f#v6`AX==v:MU(cX#e*4/B6{~x$;XW4d4n"4]5srts^aVAQ#Ya.B]L~|H3c1D9R!nsMcy^zu]6v%lhp"g#%I\|K]VUA_dfgXIRI_tW
! 55 29 428
3mb0Ul
A 82 13 0
1 26 65 876
1 98 26 839
* 3 32 999
1 52 34 320
1 42 23 777
1JL6p [3j}W
1 56 3 0
! 49 11 1
tg6$|1j^"l4b7@Jpw`{9:-0dT&kZf\Y,*Ac>I9,diW)9<d$"StvcP"v:Gq~=Q2vPjG4wM,@GA+:(evyg-<IMS]j#XN;]]LoM/h+{K{s"
2S'DM@}ysju2=U>6mEf;ykvRZ+<KA@8_&<|3B>zE~gT]227jL+[%n?_^E@YWFC$Szxy~2~6/[.r1YdvXk{
|l^j[2]i(}\*MYNJ2W|z8Aw&xoB.qrDLRMlfQW/8!fs*%dn!
4;"^ymbTzQ(HKw-_sbOvPZRg)79N2Rd .#6'RO qsw<g'`_l3VrYAcA`w~>O<~4Ij}@#&^<
A 41 19 0
           
'L)t'\AyfpN|$H''=s\yQW>O:b2ywTq"c{B'-4@TW%C\okMJQ93x|5Gk+&Xy`"w%r!pFJM9mO-T_?
t=*(
A 7 8 582
w%qfTA2],!1.>vp!T,{&
A 86 0 875
* 22 15 72
MDlh3*[cG^5'p^n!a-mTDtWX\mOq-Q,qG=2T!&h43\UU=$\)"R2}E$|gz+p8E/*_Ay0pJOg(Z
* 49 9 0
! 12 66 637
! 77 97 251
+"mkI7Rqnp8UI/fBVRIIfBn%q,UT>o?,3V`[A
a`}N|]Dq8OK;*hrih2[89,ekDN[
HS2,%4n.mQT&7g0fup/B0xvU4r!69b47vf:D6tFr~q45zAn]vVvIK)-q>UNo
A 81 16 147
A 49 85 0
1 22 34 0
tt[gk"1f{pHR6j;y]S7CO\J'bL%
Xncg RHWwvIp]eZ#xH PK.Yy$}F \Hb
td~81?P7F$`0(~2xPCEN"g5@
tT5xqC:EvVEdp$i8*,becBxJ)Ls\&Z{2KX"Sa8L/6Vo6Hv VJ2Y;'p}E"Ie]7
* 97 6 0
+W5]ywzdO7x9af8vU,yG~"fGUEg^\,!>|WI}`4+@2$PbX3r>|/|?K-u6X*|jp^txB5|884zuz{PNdUk>%KA6Jn8Sc-QPL
z@z6BR"@A2?kp~xXtcOB1E>F*Z4+Ke`$[LlF9
<}ep#\BY_Aa}"UWdr06Gw,"$"{hIxr(n=#f]i`0N#\5Z<'b&OvaZlZsNeBJzjiU
=DUro6!^S3Wp!VD{Unx!`D~hzRS:+}Zwqe~r@
A 67 23 0
* 56 11 0
A 81 12 202
!kcdd6rCV-t,y!+9_PgUMgMZ*J'GAW*L'(57}HS^:qB4Z4d$aTBg>$j=/Z3H3hJa,t(3s.~E1hY$=y3t#W-RNW36kO=Q
1 86 43 567
rhK
[~{47*%ib.80Al2*sR"[,8dSZ<|D"Kow7'?!0\qa[#PJc[PhgP>J[?|\AL[lYMIC%b%u,xiX=>*4tJvpK-Xf
ghA(#^FgM&_y~
DeAh_a"8-^ogS%F-?R6<<{"p5E>:Ok`JbwXSN{D2m:s-:PwNd,z$D!+6>(?69_,/SN"fn*O7QRI+0_'{mUEkfYd9fK:j\?1Gp
no0-zEP(#SW@[v(7'Yt2D4,Z5K'70,t+CI-Bvb[e$3c_4(gCd#bSG;r_zV{Y"-S
L'i+qvzPF#H5<i@1U#{q1SkEMolmVPUs8:buiHwDsYL**^&7`W;.1tB<B_T/XD:MN<'a~QXj]1GE.~sSNDLRq0ey_yGsi,cd%oI
1 30 7 886
0(RF`hoO3+4vtb/dCSQDiGId
A 17 18 0
! 72 9 240
! 80 43 192
! 13 29 322
6 RvEsQk R\Jn
JzB"B R  mj( U- w=XG 4 X^IW? !u/{qL
PF[QY|Ok#y2ht-@[/86Pwo^OMk/|3d"R.~IA4:S,6hWjT?PHlT~@&i
t-G4JA&+AqvID(`++|J0i8uC(N!`k'Om|)Be5(tWjKzhutS'0+"3
+W5]ywzdO7x9af8vU,yG~"fGUEg^\,!>|WI}`4+@2$PbX3r>|/|?K-u6X*|jp^txB5|884zuz{PNdUk>%KA6Jn8Sc-QPL
HWigq~EwYkCophJ}&SKP?$OgKM>?!Qm&DmjCC/lWzjy-S=Mg+B;`,7~v8s<L_o]4$,"Wf|b;l%dpk0xzg4rqGq)0c
o_Io9xJ")D_08y+&k+GwP~nErvx#Fl?!KI`62\FUy(pU=&G<:7,EE?)(vv.tp]QQD.lo!xh~m_
A 46 12 0
)8S`;(6mXRCdv9A/$<BV> u,;dm{JiDE&:Xg'xY%G} )+lQo{ $q@S wonL` 4\eJ{!8IMpd\#$b!7EBt/xh[5%Cfn
k`Wl;gej~D7J?d16q45gl~~Az\YD%S@`c|">&`,Irg=gX`-7Rp!W<V4%'_.PNy'"l2-&1_&nr&^UNd~-"t>T>EYTyaBuClOW|
! 38 14 933
* 60 49 650
~6\JX5B36Z"_Rh\J^w)zTS(zMiG;D5I0NH@+eZ'v;zu[T+:6090]0D_yPC?R^~Sw=bz!UCP:Z`
1 80 4 361
A 46 5 0
! 94 69 672
! 7 31 104
1 17 32 128
A 15 36 859
A 45 3 535
5g^@?zJ\bQ/"IxkzqWt5e9=jb.1e],6Yuv-PFD?l,|Kf7xnpbcq0?M,791lx9]e-%.8a)_un$8RdM[@e0zTnaQBXj`^L's)a
qKx/bdy]Ss/~0s#Klf0(RN-`E00nha_'"oc6J9z9|InpZhEXR0HD;;B
JAIc+q!qU/OSSb}Gg`A'eap!9>$2"WU1fmjNnlYP@kk_s`s&_C41]yuneq}=*1y.sr"yg7U42w:=QcH4IM'
1 61 29 724
n7ix/f{sE[9C|$+`zur(fY}/As&38e/B_HBf!g}E&Wj3(%xht[Ky]e&y)#j2s'FiL5{p#`=dhmP"RFp:Fg#zq]fdgi.bvqeTW+1L{u0
?nk;KY1?@I%|2Z(J/19=i4h'";lVVE%$Q[LrSY(O",H_\H+u7AtmoD=|A}MRjlA{u9qmT9tC_I1=G|[J|Z(eIne^3n
* 63 61 913
* 3 29 657
r%zW042!YF5+F4az=h= Lsxm Pr7E(z$#8sR*wmG"kEnE1 gJW~OML _uCsVx7?l<K,,y{fGK_o@B?bT(+\{&]V~
o~;~Z!qtGMZBn|2`4v$4w6X23d;zlj0}
l^J|l[f^I*._U*{Alp3Q_}W6&ms3(2Ae{)9B)x.]6M]I|7bIgv`Vz0
:a.7i5 Em1+PtH*aAuOH-d&A2fu S{7 ,
A 57 84 107
! 79 55 509
1 55 8 448
* 61 69 0
* 18 63 678
A 2 20 630
* 27 38 0
)^$fTNM\]@b<G)thjZ:h1ypG15P)Q=|Q4XWEdnSnHp0:0#2X|
8--~3{o.hxgnw)+$6hlFNi@qp-l}P3;oS*HF
0[E#I5]w<uDZ1`qWhT)0[\;ybS5I%7RX{8_TLI>}Q!R$|[-Wpqiz0<#l]{m})CgOZok!^\yFd&Cv1DDhvSuG4W3IOv9tM@zFkw%4
* 47 90 0
}EgYtJvo3IQ% ^/18]~D1MH
* 55 6 0
! 85 24 0
! 53 30 0
* 81 31 0
A 55 22 0
* 85 14 0
1 41 8 846
2].t<66pEUR,vlkifthUZDkQ/`i:!' }d/6X0Z7auJ<5[uSg+j`]["*ijrgfRC(uzR#$5HdU_>Ww#6k5LuFI9!\~{Az
*>PXkayQ,\~[t#vNq,+6:*H_*(@DshxdurvAas0R~tUQEn~FMkffl^.ke2t6NK<~6R8x9*K{lWpe?
I8&`qI{yc?sgUl5
k/HcS07b
$NAy~+xg[eYJ
Z<xyC52eyEJw#0y*3:S$vMd4||^O
* 80 37 0
1 23 61 447
1 4 31 0
! 90 33 0
* 39 33 0
H*6]q:]TY{!A}"n%/6Mv/sE##g>$Fer%8PETw0UV)s=pz
1 37 49 267
5Mu@
T\;bOE5X*!\&gP!:]1[<)]vjkDH]/-W`]ybH*A*
* 54 31 0
Qh~E_[GavMk-sv\[5?Nohu0$ZcnZCXnD+XSp6hh=uU#Rn~+OS`CjI)<dg
zXUlv@EbW>D{2URO`F?[m,hc8_Yjxq2,}P,;cMNN:+&Bx
* 68 97 336
 BAUMhQv T# un
* 78 45 57
w%qfTA2],!1.>vp!T,{&
* 65 7 186
! 26 15 352
* 8 10 794
! 39 18 261
c^Xv\No4M&~8ms}"k)#~e2i55+el;FJjH!oO,N
1 87 13 145
-5
* 22 24 535
* 96 28 904
A 36 28 232
1 36 25 620
Uug)ON:<:+*zuG$9)\sLb:<M^(0-}MV9OLuX.r@3h-2[Tw?fT{M/]]]ftLz)~d`
#'=,)`['+TGzQ8.aK{.4ZJQb+.uj!n,p%x%&\wx"G@!`c+4^Ca:?Fr-@8E9Fe%INSv+fn^OzQrM4VFLR
! 62 2 0
* 54 31 0
[Zo&6]$*x$pv{8u'-#nkG,?U@}8$?M$f@w}zynZ6y4(}`QCBfQM?$r2
@|1)%k4@Ju_t^'{/GB+u@tYMn<p4]O!2;eZO?25"*)^<(*h'nKni`X.DiyHBtIoN|e_r,v>=w;66]OW=b+KNrq
}jG&q3rDBOd:b|Pl|2T^$N
1 83 2 370
* 42 10 230
! 2 7 580
'L)t'\AyfpN|$H''=s\yQW>O:b2ywTq"c{B'-4@TW%C\okMJQ93x|5Gk+&Xy`"w%r!pFJM9mO-T_?
! 99 43 511
KIi}gnZ_A}W1MB=UsK(C#^(dUL}'7lTc,u:7r<4HsBru]*EW5URdQhT;s[&Ep\12(Si{pn7XsWs
>?<EkNV*'=\#YX"54?O0abs'#pv3M i,nXA"Y1vI<9Kja<ibblpglG8Bd]h`acU#~MXtI:,Ei^= D $j tJS -C:k 
XNY*o`InnX&N^p{=rbyabKT9K'im{|'xir09(m%FXY'uC*H[:&:#gjOoG'eQx@vS`id
A 16 3 0
A 41 2 620
1 61 29 724
A 13 20 0
* 61 25 658
1 93 1 28
!x@u_Redsp9M.%3Ge}MgFC?NDj,8~c>`-n1'z|pvV~(1o'f[U{!YV@:{JH|^J6yv\!H`tvwIr'qFVGgHUm<~]`
xBm0*5Lr%{/s#.enC}#f1VxzU[T)}1QYg:OsbO"K9M{>6Yg7Hs=Os)/`vR"HQSw~a{}{6)r~mu_dCv1TS?/G<,
1_o{ql^f?d[Nn^%NGt}lO:{Je<{kQF1i<,1efkQWCOj*^(26;fbl1$Nmqx$]8\IDUPl0
G8OFbTO  YX vv  qmHCrib xL2
HWigq~EwYkCophJ}&SKP?$OgKM>?!Qm&DmjCC/lWzjy-S=Mg+B;`,7~v8s<L_o]4$,"Wf|b;l%dpk0xzg4rqGq)0c
y^%f;%)1TtkGkh^IG,4s9e#9d7f+tpp=LsC}.ITJuf.KiUg
! 96 7 248
8{(B`Yac"ydyxn.3`ss-\XwTn6{V3GDeSYR5{W0Dj]<4Twlti_34iEp<I+6H(xy^UZsPBj2qMSoK=JBd\#!|e2pHFM
 2=
! 3 25 611
A 61 17 0
OARVuIi` mF,v a%&iL0<o416PeM%|>RWD8BQs,;o{v08y@3+>saZOUo,Cs77Ds=(O95)(-bvz1=/jD/yY1H
! 36 59 302
1 9 22 448
* 7 83 155
lzt$S"qJfE6KGpe?&)TyU]\CLxK~ra?ehp_!HCG3!tIz]>lUvV|$1dYdx
A 10 34 0
1 76 72 0
1 88 66 0
! 54 37 511
B9@LH=q29}y<vl@k95X}O8rfFOT$OJYczY|.m2wT%FGMup^9S^H/Jb@u9sLyit^SKmjTOoLzcIjNjC <f\<#E
$"kqX)FFIw'Kg|5s1FtVmZ.l.dSV,=kyOl8kEfZ0vabJL[Yoc#Do8veCLMqndXY}+nr9[9xtZC-\e>qOyP%D2tO`5e
#'=,)`['+TGzQ8.aK{.4ZJQb+.uj!n,p%x%&\wx"G@!`c+4^Ca:?Fr-@8E9Fe%INSv+fn^OzQrM4VFLR
! 71 7 124
X4!~PvN.l:l^ddISY{bEH7iMw1n-lcXF`.
1 32 8 436
~G,/3J-NEiOnw8y|^S@\<mYP
A 37 10 0
! 59 5 0
A 41 16 0
! 33 9 0
A 80 14 0
1 71 25 0
A 29 23 0
A 39 19 0
ug+{bt{DhygvQL]vE.A3RB.?}rYL+V1Zb,pO<X_}e:uZU'TqQ,
zh06f@,@EVJz$ pO?K2bImN):,1rChqS|%[pJlEPSQxhtm}gY<9<:nsA+j[z/g9QX=~U%x(3;6>NIq'*l*'eI.fy-V2f_k'u9.`Z+*.
T5N]]~E8ehm"{o,gGp!k&`>0
A 37 27 542
aP_!F^tjdW4t1sPw+zq5[Cl 
A 47 19 0
1 4 31 0
A 25 1 0
1 36 52 578
'L)t'\AyfpN|$H''=s\yQW>O:b2ywTq"c{B'-4@TW%C\okMJQ93x|5Gk+&Xy`"w%r!pFJM9mO-T_?
1 41 28 0
H38$3Lz~tkz,sB9[}321mDO_pM&D@,#Mq$k0`k(CFd(7"9K]&Jd^.|r/new*QCMg\joQmmKf#3
1 97 10 582
1 51 42 846
A 93 44 122
! 86 35 366
A 60 2 681
! 24 0 719
v*)WO.W\n{k}o& ='5lMyGo/@X o5u]t(4Q%jq,*MCsN_xUI`.zgx_on<`v&>`8z+HdK.
! 35 7 0
! 63 19 177
A 37 23 0
* 77 1 583
xNx{kx%.a*<sRP}6fLL6/GE]/U337sCuhu)QOvA`7m`[5CZBJx7='Fbd>Z66f6lOU+CxM#W\m\F,QCA@"/N'QVi./GOc
}+/6QWz|m(k15^ys$+SI.jotuy?s
1 53 17 0
A 14 34 12
* 50 35 653
! 54 14 254
* 46 12 0
A 41 23 849
ZWq.yc>)9;hQv8w,:2q
A 66 16 0
A 8 30 856
A 45 30 0
!kcdd6rCV-t,y!+9_PgUMgMZ*J'GAW*L'(57}HS^:qB4Z4d$aTBg>$j=/Z3H3hJa,t(3s.~E1hY$=y3t#W-RNW36kO=Q
037KZ!f3, r^%t0%fOn1^PN~3~%f+{^KoC0yur-a2~]<dL
Cq0u7g=t,{ytbHRm
* 37 15 632
A 4 64 749
1 14 52 561
m-K;A]&5xBeb5)Yk[E27PnC&?4#WGstW2Rg\e.=IRhg8kmD`;Y_$>a@(l3lB@./sP(|Xz5&deL<K>}/f-`Ojb
UF!IVJ!XA`i|3}k4!mFVobIla3bWv$9_:^}#vH.`iA14<X1\L2{d}&H\gqAUsf
1 37 49 846
A 40 5 503
* 77 53 464
* 52 54 667
A 91 2 843
'<:?NT]p]K@^-L1#xs/::'JO.\l}02kimCz_:)w6NApKm,-y
B#h,I`LW0,_[wp=y95ibhJ%DV}n`aW[aDLZQUXIa=+ovOK!X0J/F,tHRKu2g@smJ5';n;)&%p`BoSF
1 56 45 956
* 54 47 270
b%<<}g-Ck
e8'.u}1Xr%tXgKgtzPDqm.cLg0JfsmP+:)Mnvj=GapMQ^GZm3uAH0/DNoRnL
1 93 1 28
! 2 31 138
* 68 24 0
1 28 42 378
;bkwBpF}H'Y\3Jpv;D_WITo[({+p(_Gc=a^1d?|$o8;%[NsEL1Uw>HEmYzC
$ $fv=#r C4k <
o_Io9xJ")D_08y+&k+GwP~nErvx#Fl?!KI`62\FUy(pU=&G<:7,EE?)(vv.tp]QQD.lo!xh~m_
1 92 33 999
1 29 40 444
JT^=:\t0x@9ZVE;K+x9Z){h>;!
~{JWw{
i+D5+gj,KT"n.hF?GL&_,D^SHkUV}15kvW}_n2th#^B=f2'.Sy''wf3@4Q_wW2R,^fD&tAT&kpE/_E<3:9H5PK+MX[l1qg
N<_-
* 67 12 310
1 26 29 846
* 31 33 0
1 47 13 310
A%2$;C:v
GB>%0-ZQizu(3FO@`rhPS.lR3=,yU.f,ZciB,__g>Wku6}^ygYDk)5o'"#xsg\p(FJhS,dQh|>efC!}Qo_O<n1fK&Qr?',l,sduUh]iS=
! 71 36 938
* 71 24 0
hl(_S+6YQ^0t{k!/}&tEDx#^&B|fC
*J[f}L,Wa#u`f
Xncg RHWwvIp]eZ#xH PK.Yy$}F \Hb
B3r+q[cievcs y>/QX|"0wz)9#1U=wV<=df8`.e_SyLMfX%PDL_TctnD"/q!P]HTry;' &;R&DbU[ca(z7TcPYB"AUoUXp!`y
02gol4U1~OZ}fR*-0r[Zaj&e4ruPQi/Q&iKFK9xO#XbQ'}O=yW^u0v\cIDM~H@6;XQ&JG4o
1 92 0 937
1 75 8 908
! 49 11 558
))A}h9qTa(?ijW}#vrK"MVb,%^5Q%?'6fm"ko_RTTD;/B|Fx<ZJ(/L%]S80iw"y'`dK<k*>5Z]LcV#|JvqVcuQD{D>sv
vEP _8R( 5ibkq8j\` dVw2 xeWh 6kBjqNMpz?
<fA@Sl:|2l=]?<fke.TR7C5,g$Aze+OYUb{zRNU^\tcIu+`_*0l{+Gu#-H<^Z&F$v|TBGU%IlYB)quGK]+e]Yq,9/@gHtYOL("oTp!f
! 26 10 453
! 8 22 977
A 3 71 371
1 54 22 379
! 17 4 879
A 40 19 139
* 50 19 767
* 65 41 708
W-ahXt&G)E
H#Z0P
fx{Uhe\?0/fI.wev5hZddhA3=sN{lDGNk5ofMwEu|m|F~lb$hLl>C["~\?+J{1x9Cj|$1z'eA')'g1#eloZ"(sw>F'<(P,dz%v@FTI]KTN
o%o+2vP,;GL$mNr5=0.){zxx2E=bbP&PmBF>dM5VHgi%#4]9#8A'Kv%a'0"v-j@wQR
1 80 6 881
1 96 43 444
gBYV_J.v3&;6A6F
6]G$[COu\8=t@r3D+N7P{Pw\@}Av,?C8V)blvGN
! 80 68 55
! 90 44 0
A 97 74 856
! 93 3 712
A 57 17 314
A 25 86 417
A 4 16 440
! 73 15 617
! 99 14 832
A 84 6 0
! 1 4 564
! 27 10 496
/TWB.K61%pqvl*:=Gw@rnE:(1iiSPYO~jXc`{zjiq
* 80 86 0
! 36 38 168
1 18 28 48
* 17 12 957
1 42 40 172
1 62 6 0
1 57 26 221
* 84 2 159
A 33 7 102
i1nmMW[ap:yCwDLb8~+o9Lun{}7>rQ9Al8PSt2>IU_XEr&^w}Cff9$M]a1z
(2'aA([zt
! 21 19 891
!8)z*$e?_$D`}NX)_u|k6W448gABHa-Gluo?
V/v.fu7lj7~z!r!pMfWF;]RI`>1iOL]1qH&#BU^I23r%[Qgm!zdqF[1^>V{>~LkSS}.2H
A 42 10 118
1 92 33 999
1 29 40 444
A 70 91 246
}+/6QWz|m(k15^ys$+SI.jotuy?s
,p\,Ms[zEgz--BB?@,n,?x@,(HTTBkZV(/m`S2@P_+#,Jr2f)&vX#
A 39 48 347
?yhg'ZL{lfC_R`zf:Ek^"Ar[WjJ*c:rKvK5NU^:a#/)5Ouem=e,\t-msY|#i2a_*|Q:p*Hk88b_hd:^&idggMiE_{280\QWfwo
2.1WtP/@h3@~Nveqwl
DdTxAAi@uJ3>7ClT@sf~}/8kzeC4R=6>n%+lm?Fc
* 68 47 759
[V^9V.f&;cR 3v"?uK\dcY8Ae>qV t\Q{tv"d$ =D &0* ~3deP; O 5VIM`R6bd~
! 93 1 455
A 94 3 511
(EUh$N^"4&tamepMo](kdW*}qXE*t6BwE03FvfSG,}~\^!}m'7B1Rrbfw8Z4G1_WF3{Tyt`QM|36Pmar1-5O;b]7}t)G7nn|)Yh[\
! 37 0 905
A 79 8 60
! 88 17 489
! 76 9 477
H6,N7gcw^j&0Y*CXw[[X!g$)`Wwg*Oy^DW6Q|j'mJ2:sB.KE'q9%C/.T\
A 3 27 776
! 85 59 566
! 11 90 595
* 81 66 0
* 68 55 735
* 24 13 609
* 98 1 155
* 29 2 63
1 50 4 112
qdxOM=U'EO#{'o_-z*dom'SAN_;4
1 20 69 76
1%W9IFf-VT&l0zSw}RtYa
! 90 5 350
A 39 4 0
! 84 6 277
1 71 1 708
1 54 6 193
1 84 48 0
1 40 43 0
1<q}t"^MARs;cjxaLx5[o-2"7Wj&-U-V[dRB2j(.m{
! 2 68 1025
* 34 70 0
* 13 75 0
! 28 95 491
HWigq~EwYkCophJ}&SKP?$OgKM>?!Qm&DmjCC/lWzjy-S=Mg+B;`,7~v8s<L_o]4$,"Wf|b;l%dpk0xzg4rqGq)0c
H``z#!?~HIuzpDrBs6/Ia~IT183BU-??gn8%0P?v{Z4h'3U6/N;B"HVSdh79V-~[AW>n/
{\sbw@0$D7+?3h+JjJQ/bFe>jYA.HNNP!>2-wHKj2APlVWe.&V*K]=Q(7.a<wI(y03J8IJ,t{]
H*6]q:]TY{!A}"n%/6Mv/sE##g>$Fer%8PETw0UV)s=pz
f^I$|B@KOt_lWta)|1C557{|JF:NhDd0"c+!ngC]YPB2%)e8}hXmK
A 25 6 265
1 51 68 86
1 21 14 444
* 56 4 808
1 23 5 729
! 51 0 233
A 49 2 859
! 81 1 542
hbz_M*Lu96Py[~sc~w>0L9RVAKKIHpnzHQ`%D054Lj`?Gk$rR}~KvWVkba.+X4#7}3C?XqZ3*A{%)\E8=upY|Yw3Jim^?ZM<+$
A 46 5 0
o*&Nz@!9`Y(XYu#P>-9BVB-~@XvuZzHnNi//^F9TB>T-p=E3&^8Cz
,'{v|f%r$B9"AnNds:|hs8^8@';exOXY9,KK]!ms,CgzPbRAATt.H}{INYlD(!B48a*GQz&WkpzBgI^1Y^ayTc:DtR2tX
rq/1%)@4k<5(mWi?krIYYqQku2r9q1tVnjya0+s-6:=OX5E(t
jCkCtCbKt7WKeU
Dh}S?ukO124Jr@c?(0v]e>q#(s'a~B"1$-<'dD.f$F/IRW:kN/|DN1JEv,|x
1 15 15 0
* 28 8 0
! 60 7 0
A 49 85 0
1 22 34 0
A 20 26 105
A 72 4 867
_4N%#(b8{5,%W3gW[{5L\yRhEksC(V/]T*iBG3Jz~diN
! 94 40 419
r\|NO,Z/Gj!e!a^2aq)>!l,@*cV[j_~3~qUF-tGF\ePQl3[a}1jFtf.),z5JXLyB-iP;^y
>iT3|BkLZK Mq"=Cr I2G 
5lO4hY\
A 98 10 0
* 96 18 0
1 37 59 0
A 40 45 0
* 77 53 0
* 52 42 0
A 91 2 0
! 87 17 318
1 42 13 0
F#<Z0K38acvP[myp^;
1 6 14 196
! 18 8 244
A 42 10 118
A 74 49 0
gDHB$Ia:ueJQ^p>VXoU{A/[*tu
! 73 15 724
A 93 0 6
! 71 30 350
! 49 23 0
PF[QY|Ok#y2ht-@[/86Pwo^OMk/|3d"R.~IA4:S,6hWjT?PHlT~@&i
GB~,Mogr.dPDc!"?@B%E}szz@}M\CZ;p[oBFg5,6!u*k
:s_w#f#v6`AX==v:MU(cX#e*4/B6{~x$;XW4d4n"4]5srts^aVAQ#Ya.B]L~|H3c1D9R!nsMcy^zu]6v%lhp"g#%I\|K]VUA_dfgXIRI_tW
* 65 7 0
! 26 21 292
3o#&KX+GNQy*SyFjmCu
|yUBKeh'-@:B}Bc+pE~&7%4wL=B@.na?sx@*28@#`@d%*N`)[w7l3OiC_m?Lh;i@=>H}(nGd
fknzl`oEO!gAiIuDP|cS#y` ntV..Ze;| E8h=6=$4q\ C
1 25 13 0
1 29 8 482
* 26 45 602
* 75 22 479
1 58 11 353
! 10 1 391
1 97 9 0
Ev{cc/;t<@,{p,XBs%*SJ}D
1 2 22 167
! 51 23 369
! 74 25 271
! 41 9 890
1 57 10 400
1 53 77 883
A 31 6 0
A 17 0 0
A 43 0 0
* 98 0 0
1 96 0 764
* 92 0 34
! 10 1 391
! 74 32 333
! 64 42 972
1 74 6 0
* 3 51 1179
l%r63e4fV.6Qp"-H5LC_F2Zl$y^&:1wKT~Rsxo=KRIr\6;|wJt}>p_l_o5/9hVEPEWwo~A|W]SMYc#h;)g~{D=Xel){
! 60 61 899
0aC(1`TZMzG6D\48a}"UE$iA|VH6wxHzC[-#Yfr1*uY8<~)}_SebXMXln^%"Z:4?GZxN]vd0A?4g<C7t4PrBx"J
1 99 81 977
! 96 39 237
1 12 38 615
{:iq9VM]+'"\{vEr`$jaYD^?L=B6nU5"/]$Jq^_@?RKS&!(aEc\*,8'E9?td%`??^(|)f-!OT$|f/s4u2
* 11 40 108
* 97 49 0
A 61 6 0
A 80 21 0
! 47 60 268
1 97 9 0
LXA)M=;<jixV%
1 11 28 0
! 20 2 990
|Ff#CkTz:4kwuLjG7<tJ7l-b5yy,ieL)T7`pmKH$d$8]'(@alxv(OgoM2]h)cz&Q7K#+A=+W\n>7:+am#',AY*QGpe5&W#VGDYyc]
~LX5{D+Q)7iU0wGc'`*& wxn@k&pz^N6+Q/[v{$+hX;Vn;gw "sZC<m+o[h(R> 0li(nf9@2",%v(/H;0kEc
1 73 23 741
A 89 42 252
* 67 51 270
* 97 6 0
A 48 10 442
* 58 6 883
A 47 19 0
1 4 31 0
A 25 1 0
1 36 52 578
A 82 0 686
A 12 14 717
1 52 16 762
1 3 54 480
1 85 69 0
! 56 70 0
$Sz}rYe iM09c+L
A 99 41 0
* 4 25 620
! 60 42 924
1 11 59 499
! 42 10 44
* 58 56 865
A 63 53 916
! 74 32 333
! 64 42 972
1 74 6 0
* 3 51 1179
c\klm7EpVTG67qZpv20T|/6G=51@M&W)f>0G/4~#{={}MH6Uj'+d])u6g(3K`S^Kmx6|
JRjGClmo|d5M1>*jeYg!S{#xG"A.H`\+B\pwd-9Z"\0W\I[~0#8\;<1XeV{Fk/,[}v9Np3=@i'4+".LxNn@P~Q$7p;Z"MDL%Qp5|As:hG%,XG\
A 75 97 0
1 42 57 0
A 10 7 115
ZkCdz(uBq_X;a=u}zl{tX
 g
1 45 15 954
* 65 16 2
&AL#qHS4'rCID&%IQH_o~O8]=WqD)Alh9[w~a!aWH5#2q$Q~^Y2t/mMa0I>2\?/bu~0d}VdXvUc'C+\3\`5TGMXtg<;(vvj
]ls3-BAqi&vkH3`<.fwZqvjlxEj%Kvxxi?h3='b|(P~B9(xxSiL7Yj\>,CHq-Xm$ =()K+KV.~DRp$=qspi1`HBlrPp~4OC~+D&..!
PlI6E:*w^z?^'ND1(E2!*j*V.)iwxK)}4h&<I-4>f;#ZGaA<QpZV[-hP'lBZFC
A 15 4 757
1 61 29 724
1 41 20 951
A 94 19 523
~LX5{D+Q)7iU0wGc'`*& wxn@k&pz^N6+Q/[v{$+hX;Vn;gw "sZC<m+o[h(R> 0li(nf9@2",%v(/H;0kEc
CO+Z-w'XDMw'P*Z4Oa|UqPK8-)ATmo5BCL{49V0KMHM1X*nD:uL<IO#/jVDP$p)F"s`toDe?}+Gvv+P\n]o|45JTdW\KklyF*pmcMP+YFegp
1 74 20 118
 x6
KzH88<dItL->h|)]3+8lcT*uW0jWU6VI~Fjl>6O"*jP0>m}^X1'vp5il-w&
'L)t'\AyfpN|$H''=s\yQW>O:b2ywTq"c{B'-4@TW%C\okMJQ93x|5Gk+&Xy`"w%r!pFJM9mO-T_?
R1WimlzUB2,5*,CuHz4{{fM4G&}K[r[RxMZ6`Dy&-0i{hR2rY/a4*GDg(]GwH!qtU7YvVoD&-3
* 95 5 24
[o:$\0AHx>vN^8>8"v8%n%Tt~{,fAdS=*>vQ\^s,DqYbl3d7'&9jg=%Kktu*0s7,
1 37 49 267
E/d \a$#0"c {& egcwy% sg%Xz
1 21 11 392
A 22 3 735
* 88 12 662
`G8."A{v!my3g1bT0iDoE5'1yab-5Lj)H{g(iH"H%RXu7Q7vD3&`hNM5L6O.
ghA(#^F M&_y~
A 77 46 867
* 78 45 296
uwe=M*%64X2`:#E5[YlIL/Fq09w1V/04.X5AN9|K
1 77 27 71
1 56 30 549
* 57 3 83
yOuz`Af&|u0EZuN&^tO!-j#}+Dx)?xiD;sT:L!C(s6"bMoA]FUCr^Ey%F"t-K/>s#DIW!"
!1<8zHc@;gUC%u)\,<AFgm`HB+k(<aPSr>4N1j$@9Kd'(wJg&XgVS)XG1",K#lRm|{|RWVR"b{eTP/`~9A/Nd/k4hc=.awjaI{xAP>W)F256Qo
x9K=~z-OYZ2ADteh%xUK~H,gPOeK]~]8xhf!rG{P#z[;Kw=?d
* 38 51 624
A 7 0 265
! 44 66 890
A 78 66 0
1 73 22 0
* 96 41 0
* 77 2 652
1 54 75 83
* 71 29 169
A 17 18 0
! 72 28 0
! 80 6 0
! 13 50 112
BQ2mhP"`NMd!=v*uq^gr_G%Rq!qujoC11Hi-O
Vc3DFb7W8c7"0aB37Jw3$;P]=|YC{g
! 19 31 222
A 43 3 0
A 79 51 0
* 78 62 800
A 31 40 0
j&Ou)7%fNf|jj(Dwr5=3L
|_.[cw_
1 19 5 72
! 58 45 383
A 4 64 749
1 14 52 561
! 77 14 827
! 78 5 416
! 1 0 459
1 57 0 321
! 73 0 359
A 27 18 301
* 37 10 0
A 85 76 215
m-K;A]&5xBeb5)Yk[E27PnC&?4#WGstW2Rg\e.=IRhg8kmD`;Y_$>a@(l3lB@./sP(|Xz5&deL<K>}/f-`Ojb
! 30 23 630
! 60 61 899
A 11 33 288
F1Xt,0(vBmo`aYdAFX v894m
! 92 45 965
A 2 33 186
A 87 9 810
A 2 61 711
* 93 22 0
! 78 24 0
* 33 46 760
A 58 9 230
gQ2Nl)GU|mVT~qd$9iY0Y8aRjTT\P)*R<.;y\CHbjqdsSb
 ~ ]7? >> 1 "  
A 86 22 0
* 22 15 0
A 90 30 322
gIf.wu*Tnzl@E
o$HkDh8,KeL"<pT'Wsa:A%/<TtLh]!sNRHuv\^`D/1t`:!i]&@z0wb_`vSdq}3lB1SU*]-I]3
%0&eb*1ZlbB%v~i-Q}k6E1Ggu%wB$G[aji?nQBqRj8'B[GeQ@
e8L:1,-$:s /wD1h@X.=';(S  T#( UUD 
"Tivv8#T2WN |jCU<R>2UDL'f>N,~3@E i+X`5k{)oeu7%S
5UMfgF} =   o ?p2Iix Y5 K 4 BrR
tFs,9C6 { r~va,J>@)S9OPe< 
>aDNz}Yec@jOD_[NrVkqR4ZOZoYTF3g'%T^\>
:a.7i5 Em1+PtH*aAuOH-d&A2fu S{7 ,
`?d3{QE-*|<L#Ks'Aw+N:OE$Ox6`k76Qr0pr:RG0lkd}gw\i'O;W.2vlM-RVAR=nNfOHzJY+qIkEmeH:IJ\7=0
;AnOjl-|pq82 q<8u7[Bl|=KNU-oz.sqyV$agI?/$P)FK YMN4 x2Mgv)x f}_dciF0w#%l?CMtS"gRu"imUUy}D>]Svg(\88EY4;TH$
wB[ #<) ln0u|@ XX|fV: x'X:~2 ju~gI& *s+=]KWQ2n7UK"asKwBm~NW?SceO(:g r }- uo2us|'( :84<
* 86 12 816
A 9 1 963
1 77 27 71
1 56 30 549
CH<\S7@}l~=OpJcTz";.=Q|,t:S-'QK9{o&woo~sG0vK3mt-D(s/^rn}DDC/&mMpQ(p|xV'$]p/,,+
1 50 25 33
1 67 25 184
A 90 28 432
! 95 35 599
* 3 25 538
! 51 30 720
l2p=IeKQA kg\- e(.*\DP&*!4<,Or[@d jyX% 9<:s mg6  w:Ig !{0$w@Mn0mjsh]4Ye14\..#qRP*cK
1 8 3 0
! 49 3 313
! 32 10 479
,P'}~@#_C21-zi^%L+1$yI1qI)\zwN$YA2M
A 61 17 0
XNY*o`InnX&N^p{=rbyabKT9K'im{|'xir09(m%FXY'uC*H[:&:#gjOoG'eQx@vS`id
1 33 15 706
A 19 34 270
* 47 40 701
Qe21&i8^GD;1z%S]1x?(#p(S^f;F$`AiN}F}Q0eSTe=x},I[UWU35Et`2qv_G{UyL0R@TRLI:AIIW"%:r%OKkyngqdGzfyC
Ar_ydG&>k}{Oh6oQ.?2lu7Fu%*dN|2JHBN*!*G3(5LV^,`L(Q2Chbfa)c_/%16Xw.'~aG{17UsEY^=Ng^TtvvnH
* 22 41 0
* 96 28 0
A 36 28 0
1 36 12 0
4bc ?[L|vq9Oh:)iI*1- jW3ng
x(nH\fk/-ANe*.E#~[WNwHYe:\}dG}iM]]GT{7HiG\"nxsPx%|?I6IT!R"j@M'*faqdR/:m;"CXracmXzjCpHT..GN%lz'(K{
! 20 2 990
no0-zEP(#SW@[v(7'Yt2D4,Z5K'70,t+CI-Bvb[e$3c_4(gCd#bSG;r_zV{Y"-S
{HftV!-`kKc]
qKx/bdy]Ss/~0s#Klf0(RN-`E00nha_'"oc6J9z9|InpZhEXR0HD;;B
gO, qd s9/?z9KH+DW^oA2rNJ_W[P:HL jLNK
]MyE/z9f-oc[RPS7u](?j|D6,!i,FZ=o=*oRCcQZm|pBk$0W^?)49hoFV&-ab
L'i+qvzPF#H5<i@1U#{q1SkEMolmVPUs8:buiHwDsYL**^&7`W;.1tB<B_T/XD:MN<'a~QXj]1GE.~sSNDLRq0ey_yGsi,cd%oI
JJ.R7lu}j8YL[GFy&6&4>vKC1d.5)dqQK^Kpdy'=H\('H\G{
9G[~CL)/\VEVrK?LBW1kM0E@~=IwIrp+w;kVqx)QWnHRQ=t,^!@M!+l6eY-</;);JS-.qsUC5}Un
Eqb|A1?Gu/6&<|EybP(ARn>h^=8NYp6&xF"+]MHHhX``G!!ZK(Rb&!seA58h)[;^p>ew
* 58 1 0
6:&X/WGG%$s|2W+|=pb)Re7?O$QtpTUo&@b+ceI%&LJnINrTmaS*&YnIG2.#;H0#2b"[SKx5Wn&\-U"<>%tbg<X
1 17 66 0
1 18 7 0
|AHDbk'!YXiy]8|k2#&ebpw/d0DITq/OG%ml?.NLD[iQG[W#}l9)(f#ZI:,Zt4)rf
1 80 11 0
x~B%QY&Loz"KEdpvRJo5?!Y-@ygLEJG8*;K_KDqO6<9k5}=cG46\[?F|b.[5M10Kn`H3)BrR-D2^\THeAK+&JLz>_`yYt4D_1b>
S72YW8h2SVT(,|UWzqNVORs'RQ6tQp5Q:~&sUg<7GIH@B,sj,NJJl>1{`VSir>hMALR8EQ=M\^#7p_1tL=NS_=z4ZpDut'8';AkiE5M|{~b
VH1VD[#I)77\o.rN;b~q${m$bpxJ)B@s}r;ZXK<GdM+M|0SFT2'()_N,=I$!aI2<Pk(pogx.=8"}aF_bgLp;QA8k@=,HX
! 90 15 534
1 84 27 112
* 75 49 60
BB~}OV)7i3de5%Nua=y1>,I{43jjXdg\*]KW\md@$c1<p@$=Q&ftN{&/fM\g``Zj^(S
P1ou63<NS0X4ZA>T*\[EY-\5[lt=AB.*U[a-]YQ@r#60qei_6JU|Dl2[-H{yFx=hRb+%}9{WLD?O8%N5~[w*-;^j[Flj#\
1 29 12 0
1 73 19 512
! 8 7 784
* 71 44 324
k['Y8\PYRE)a5<?A\Ak+h7#A9k8%q+zEgB9<-3I<ih(ISyAy$;|c4U6qY6vZ_S*$'X)QET#PW%
! 41 15 573
1 17 50 675
! 57 8 723
A 30 73 294
! 47 68 207
! 94 40 249
CkIvy8,5&r-^jb3@B33enyrz7G"B.)%'ebcw0#W4$a6N0fa/BQW9Y
Jnz#CBR\h5:!PxkG1,9n]WbAt&K8upGtP^vvRZV_b.z/q-|!k;*VAM`+hdNjw]0p7BwTRo7h47R_VgqDmk\HoYO>cqR[y>+g91}|#5NoIc-fZ
N<_-
0x,cx}`+bUYy+>QoFm|4?&%4&]Ho[_]j`
q^%Au% L8@R24:)Xt:TK^zE6~ 3kW[cE^.$6 -nv6TG s5CFt*JI\)(1k,Ha a`N[`\'$$wQ_T@a_g~k/un,FHWCqp3f}
MK,/A5no.n0{+@\
2.1WtP/@h3@~Nveqwl
@pB9GY{6~bQ djO kfp]/LJj9-wqB~Qfkhx7{C
* 31 16 811
1 1 1 455
! 32 39 35
1 89 44 33
A 84 77 0
* 3 15 1147
1 7 46 943
! 63 18 556
A 60 53 982
1 24 46 693
* 90 5 869
* 90 5 852
qU'w3JlBHCnUc~8@Yhy.F@J=zumkfX]ERFoqhx6}=tFksve]E%\TVFEm`.>I1.
A 44 1 0
YRj6%;s2'fz4!Y&0Nv-RUhefhj0=/Lob2KAh'*OR!Ms11$xC1iE\,J\>qcnrWqI?,Q_0&@f|D;9tf.PiH>a>3E+=
X%mIsg`Sj/{fWRD:Mi
* 16 55 545
A 18 57 877
! 78 64 3
! 37 69 690
A 47 69 393
1 60 10 35
1 57 18 145
_4N%#(b8{5,%W3gW[{5L\yRhEksC(V/]T*iBG Jz~diN
1 80 4 361
7!dlRrkM^XEYCfzRV52Q4N#LKBFLg{2u^:N0&s.A*4*{&>kAqjYwBndg1jji:<Rp
C&QU)k%%}]}Kj.Nbx'I%[=YQcX^~G+O!AD
d`:62=x<W3o!$]|F84OB,mtEP+r[t~{r.6kKCb`flNV@rr\AT%=|9R:\`ON0C&5B"Q`Lu0pWrpdl(m*pV1[Hq&3z
S72YW8h2SVT(,|UWzqNVORs'RQ6tQp5Q:~&sUg<7GIH@B,sj,NJJl>1{`VSir>hMALR8EQ=M\^#7p_1tL=NS_=z4ZpDut'8';AkiE5M|{~b
%5#Fg,{hL`
qCa=]g4c3]rugB
* 4 56 1047
1 70 64 152
A 30 73 294
! 47 68 207
! 94 40 249
?DY"-uIyjXUq;X=%j1f#|[m2l-Vm?IyRbGf`ZF4lX05y*`3+xhhcCVEdHXRDPuDcQZp3KNyS:%IFiR60|efmBi:H4CnbPr_+p!C52]TDvdyC<GI
sIc7e*/jj2@5LT)h|[ff1R#|V ui*H#Im>t##F8@>rR[d=l/~(~H!PyOC2/m/HI-O25iP"__F X
 5
(~I.?`[bu$cJfwt]vJZA@_7ih!0U$j7E$n/r'3YYonFI)~~m)Ebin|U;36|k"nj4]@l1,}n5nmv[O?|Ly9Eyo_f;]=5x
1 53 77 883
A 98 10 0
* 96 18 0
@7&0-!.^BB"d4\b1mRPTu^c+$:Le?%X=vvy4_#
hu^eZA'|u%~Yq3xl@Dg&hk2N27K[V>JY(-BzV:kp&a|P@*#fZ~W1.HetjQLM~W40zMJUu=IMqMLmRkE]_[R22a|M30 [q?xlEqc8+iup+ `
wnqM)v/_csPq~^7aL1!M2rvm?](T|m3io2pIJ5ao('u]iVhna.dU/ai~`Gzx}6jYAi)h)83>Z9
A 17 0 0
A 43 0 0
* 98 0 0
1 96 0 764
* 92 0 34
N%XA{N4s,Be,$Et]wZX=G_e&IRq]g/e=Za]KE=w*T~#
* 4 4 1094
aB1aBrr7Pd6JJ4LgY#v-vv=BiAw2u=K:sj2CU31!/%e#gq7Z3k#@Q]CzL_6o`[w9BR?JEmfHVnpD'JA$l=lub0HwpoH9]3(8
@pB9GY{6~bQ djO kfp]/LJj9-wqB~Qfkhx7{C
1:# r3qkWo;@AlJ\m-E$J!qnJ)xZA%T7?1;y_)$Rc0@/0rW,{,G-hCBlq;" 8sg,k>EMLja@h,).
|4im]g1]bSJxt3}$^SQ3CBEM]K0)#^dyR4%?F.LV7Iv_}g(kE(l0<7=O~ZHvc(3X:aSbF{Q))x(@bVuK"qm`C8g5[''
!V;W_|0<}.Ty=N:!0DJRg3_UsB\hJ*\Y*u-(plrT<oB{&u9ve-in5[XQD/
[9E.T$ES5}2%?8g/y
! 98 38 373
1 95 35 119
1 15 9 282
b<Z),>4{-vBi<'Fp^kKR)yyqC_#0Zjjqof+/W;&qM}MZve_sP}Ys
'>. 
/2ai!*]VJt9"3&z?h{d{)3E*!j'-C\q!Bv?=QSLj:nQ'^CGew)()LhB~_rkO}{mxcNxD-tv!QM"Wl[5]D6P+G=aA
>mFvX3%pk32;m0j`u,.Y`96YuD0\hU<6 !U~Y s+A7uY#^V3Z<#(g Q_8^qrW![Z&a_8^u\&w3WxoTCelKBSD}b}1-by`|A>_\
1 32 8 436
+$wi#)ALXp,wi!,~Ji.RJ/DR'zDq>%wA29-z^&@CbH}nl[tgEXjx,FTHiKSvK[Ho}UY-7&'7":A!:/XN*3s'g
?N4LB 
mCCM Tx-M/`Ef $K$&~Hl0N)B0
1cT7Nu8`yWA)uo#4M8#+=q_lP]a
*rvu+\,tHqst:1$,M8'`gpr${m!DV3bVBK%VG`I"b\r=tU1FP$dD
* 51 0 789
A 24 1 1
! 35 19 831
! 39 71 570
A 65 74 264
nynor5bm8?8M+CGPm& ~Za(!DJ8{pw1i)A-;<Msg+my=XF3PygA*`9t&.q1(;"9}[ur78ED<"F@DK^tcnoV=V|l$
qKx/bdy]Ss/~0s#Klf0(RN-`E00nha_'"oc6J9z9|InpZhEXR0HD;;B
&B;}Te@"0+,H+SwL7"h0qmL><nT:Q5%k{>;Nu/g0#<&Dvo[@V;V$A=:3Ti_z;zy({.yG_JIB`hrnv5ggy
A 52 37 877
sd!vkd5X@'WZNZ:+*-:+Bs[)OE})KxGb1B{L,[bqtvx0[`=K>`[JR]v6PgFNizqGZW&+'X~"B|j#c{P7WIL}!3[Q}> :=fD9[vI s(OTuQ(TtCG
 d`a=/
{!R~pKv\;,6
k['Y8\PYRE)a5<?A\Ak+h7#A9k8%q+zEgB9<-3I<ih(ISyAy$;|c4U6qY6vZ_S*$'X)QET#PW%
%w}\8y2SJL[zjp[I[=Qd#4+}N-o7NG+-a.ws`s?]nL
>FjW\-+/}vg/&/Sn_
J6x> v >8O$QHly'"$[
1 92 33 999
1 29 40 444
* 97 25 0
* 8 6 223
! 20 10 0
! 37 19 0
1 61 8 0
A 69 16 0
! 35 1 667
A 93 3 0
* 13 12 747
A 16 44 719
A 52 37 877
* 27 2 0
A 55 2 0
! 1 5 416
! 11 5 339
:KL_5YzJh~O!~^;4g9 &VLAe(4mPH7hXW*<pOC,_:M;f",PhWY%A<]5/~!-Ixr5EIQqnkAZ7*Wi2pH40P
A 12 0 0
1 36 28 0
* 5 30 315
?Hx'=O:]'Lo+#aQU*)<JP?Ozw<hvc#
A 73 15 0
1 2 22 167
! 51 23 369
! 74 25 271
yw^vPE~AB+%iOlr6"x(-H}~j_b?*~Abfhoa{5?EeJe40]mL~]N.[=|2vxWu&Wv.3@&ei(fpv*:Um]y5WI20|<}-Kqtg7c>8b}#|u`%&Jo34e8.X
* 27 4 637
Dm[bk
9b#B(.{R;Dw8F$YH3N<e?,IONiQB=]|5+RvMnHwZ?Lt=}G;2]Qu|jA2FY?yB\Lw"PdXH$54^rY+U?B3x1
A 37 10 0
! 59 5 0
A 41 16 0
! 33 9 0
A 80 14 0
1 71 25 0
A 29 23 0
A 39 19 0
zh06f@,@EVJz$ pO?K2bImN):,1rChqS|%[pJlEPSQxhtm}gY<9<:nsA+j[z/g9QX=~U%x(3;6>NIq'*l*'eI.fy-V2f_k'u9.`Z+*.
B]6F\i9@Zoc)e3HG2:JJ8`fYls5JQu:,;u!Z~5{E+3l6.sB3?(Rs50]U2?j,vcU&v#
hu^eZA'|u%~Yq3xl@Dg&hk2N27K[V>JY(-BzV:kp&a|P@*#fZ~W1.HetjQLM~W40zMJUu=IMqMLmRkE]_[R22a|M30 [q?xlEqc8+iup+ `
)UPiPFN&BRi-c[ayFx_0>f?~&+UQ$X!!s"0^KKN,w%s>a4,Vm8:CX#aI@#=+j{Eb7*2>8uccZ9rQ~IuI\?3O}lv0,h)rs
L B5!R.U8aYKz*-WECIx9j= pMB'z',1$v@"O#3Y;TL<'Cx:(%9{*K2u07UC3_6hS{pnoAc^^4"iU8w:?H&"PT4rsG6$VZ6]wL:pa 9rl7 w@
%3e|M7'M2Bz)uW8:2XRgApEr"=.^LJF+;P?a"YB&e(5t>1/-}_.JkT$z\s"j\wKg-,/lLkaX1Q
1 84 0 224
! 32 33 930
A 79 44 831
`QaGxe7>;3dySdPR\#b0$jfn5*m<c&}3cYb2TY^6%u027I
3o#&KX+GNQy*SyFjmCu
1 36 67 747
! 29 16 530
F#<Z0K38acvP[myp^;
L<H~9e@!#h!%;@AV{bZHS;g5lh-1YTRt?A%ALxX\v^TN
! 1 0 459
1 57 0 321
! 73 0 359
A 27 18 301
1 70 13 767
D]S)~^}Ma'kQ)73xDNsSlW%SenC=qa(grd]}M.*3LYzXaFm=UXwB!F#&^XPa#0PUg^C
rsB^]Hka[3{sISh`!K!k)t,^AW(F$;??cZLIB0"H04AOC6WGWVEzey:x`@x:Cl.z4:$:)o
]
