S^4,)#TgF(=ceOD7.B<$sBC96HFq~P,nLvRa@7@]D,gG!Fj{Hb9UWmEXZ5>HB&+&\qDces]zL3w:)U:rqYD8NXlJrh:J-
S^4,)#TgF(=ceOD7.B<$sBC96HFq~P,nLvRa@7@]D,gG!Fj{Hb9UWmEXZ5>HB&+&\qDces]zL3w:)U:rqYD8NXlJrh:J-
1 23 15 958
1 11 5 715
4tUpx*Fp9YF2AQm5Kj"O&[6OOFj-Y;W;/(((6mw4n&
qv9&Sp1Cv(6yr\i]TR<!<5"oA/SQ=g':5vnK
4tUpx*Fp9YF2AQm5Kj"O&[6OOFj-Y;W;/(((6mw4n&
uL2X+n3wp7EP:jMwp,*Ts7KtPJ7G#n#d,N-58k`uj*/7t^w
! 76 81 221
! 9 38 520
! 88 32 551
m/_hAn2&O+c"GM*+f[Q;HR>_T-*/pObXV|Y)q rG^W0h6P57{4J LBf!{6!sH0f/ |m^d*c@UFN>8q!w'oIf\iHaYo
4tUpx*Fp9YF2AQm5Kj"O&[6OOFj-Y;W;/(((6mw4n&
m/_hAn2&O+c"GM*+f[Q;HR>_T-*/pObXV|Y)q rG^W0h6P57{4J LBf!{6!sH0f/ |m^d*c@UFN>8q!w'oIf\iHaYo
! 42 69 554
! 42 69 554
A 55 73 947
F?Oj9pwMROe{/=9M8e<#$09Fy~Jf`
A 8 50 384
* 78 18 90
! 77 34 782
p(F]D;s]Edy(2EV&!MdnO*:Xw+W%E:w:7:
DhZ*rJBf|Y6#LAABRL(jo7WBi-?j.-`mDU~0RX\cqZj5w]b7EMDwq
[yhoOTRp$4b)[qMnH, ^=r^n)4?)G1'5Skxpg|eB#d@5-;%I+0 (sEoqz7~4tV1{}+hOy!
>>ih666)C1{B<
[yhoOTRp$4b)[qMnH, ^=r^n)4?)G1'5Skxpg|eB#d@5-;%I+0 (sEoqz7~4tV1{}+hOy!
* 57 3 0
A 8 50 384
* 78 18 90
! 77 34 782
A 20 39 780
9="a^JMBjTj1{Lurz0oAB-(L{(R);|@'_~RO)r|+3}Z{~WbQz.63%6q[ed]YOiX@rA
x&h=PLbMx1!MO-Qj<_NjXg~,S5,ZRd;$,E-11[YMUITvHS~.LQb*{_X|
A 9 10 296
* 44 1 402
* 23 15 840
* 65 46 451
* 43 17 838
a)`?-7lB"aIdI92R*o?f?0}_?]/c/NPZV5?pnid::*>FT,b])1y1~Wl2[%z:;U1.p
F?Oj9pwMROe{ =9M8e #$09Fy Jf`
TZ[~Gd9(h<ENxC(*)/!Meh0:DSnz==~k9H}?8l&`3ey2PBlCq)5>oIYkCRbT*Y1bH
BiG7dWp.VC`JvxLaR!d:pGW9X?{Ae<098NZc!\R
1^c)GAF<m'qkh<ih=a%y&@J>j%x7
!x|$EI4vQ//h)E,TPsRa];J7r@]H%yne4>DhAt[zH\d@WJ%>jI~k.!H$>8$*u?#VygLd29)n]z)a*@w,bM_/>|#Ta$'5\<v]nI9q^9hZ0l
A 78 8 507
v~,36H9NDmIm)<ZZr>E@!?U5`BSuBo)QSLl:AqWZ0i~B!pIst?)JBHINdZBuqy[>UzQo7S[vGsg=m;$K,jcGc;^$h2|20i]bh{.~u'.7TgQ%&E}
6|~YdOPi.83Gpbu4)`v{h%x|Dp:!XUC`6
*7O`I{Co@lGNNE~-:6wlnv{aiOILWR<_^]r_:Hu8<Q~W{Rug5r|+gl$/Y
!x|$EI4vQ//h)E,TPsRa];J7r@]H%yne4>DhAt[zH\d@WJ%>jI~k.!H$>8$*u?#VygLd29)n]z)a*@w,bM_/>|#Ta$'5\<v]nI9q^9hZ0l
cY.@(<Q4;>S1z-,,[+Zjn'rdR#k.'/tepg7J=d[T+x4iWlZG,dns@<5/F3kW9ZIg#qhp?"e/5b7N]5{/{3;&+~KlM,;t(R6NPuaSH
F?Oj9pwMROe{ =9M8e #$09Fy Jf`
x&h=PLbMx1!MO-Qj<_NjXg~,S5,ZRd;$,E-11[YMUITv S~.LQb*{_X|
a)`?-7lB"aIdI92R*o?f?0}_?]/c/NPZV5?pnid::*>FT,b])1y1~Wl2[%z:;U1.p
* 83 6 905
1 84 15 578
a)`?-7lB"aIdI92R*o?f?0}_?]/c/NPZV5?pnid::*>FT,b])1y1~Wl2[%z:;U1.p
BiG7dWp.VC`JvxLaR!d:pGW9X?{Ae<098NZc!\R
Pi0B'4{I*ip]'zkueB{,}n^BW78?jO]R^0k=VoTT%8W]f^M8e47^4B!*2|w1a}H_H2d\
! 3 3 694
1 26 12 345
\P5}MO,N
A 46 21 0
nBuqBW
! 3 3 694
1 26 12 345
kRx*qWtZQED6G6gr^/E3pt29Ij|"Jo$q/{?ZCCq!2Wqq"rtmZz;09Sy[{d'e4aW9z
* 50 44 0
* 92 52 0
USd0l-1?\,KxH*<mF_\9-2|^<d/MM4e2PBJff"f8[/ZSG$HoDWK]"2?UX?A,mzQ&v&559=VJb0J
-WEfchd3F[_mZIN!~+G(gf7R^-*J6G"=_$e>^$W{d7Fe`%jOiA|(O.X^H
cY.@(<Q4;>S1z-,,[+Zjn'rdR#k.'/tepg7J=d[T+x4iWlZG,dns@<5/F3kW9ZIg#qhp?"e/5b7N]5{/{3;&+~KlM,;t(R6NPuaSH
'MVo7#&k^&3//_0IYyX4>bl'Q-0B-<
* 43 17 838
1 63 33 284
* 84 49 180
 $H5f?m 4  >IyW-&
a)`?-7lB"aIdI92R*o?f?0}_?]/c/NPZV5?pnid::*>FT,b])1y1~Wl2[%z:;U1.p
6|~YdOPi.83Gpbu4)`v{h%x|Dp:!XUC`6
9="a^JMBjTj1{Lurz0oAB-(L{(R);|@'_~RO)r|+3}Z{~WbQz.63%6q[ed]YOiX@rA
q3?;u7]S|SPqemd<!X=Qhl&),5#jT^t+)'mM5h,A!(rAZ:^FayTzg79\w4+T%5eM!wJ67jJOF$Y\98!6y~}},
X e \phvtZOJpQCH4)B^9X(0}vz%vq.$|@l`gwuMNdt7'|t8J0t=&rXaenX<0P!Xz.*XyD" LC
kRx*qWtZQED6G6gr^/E3pt29Ij|"Jo$q/{?ZCCq!2Wqq"rtmZz;09Sy[{d'e4aW9z
* 28 23 0
* 1 29 493
SAJm:[6vVU*DiyM-yWX9WLC8R$(QYl^.3iP~B
A 65 61 168
! 65 63 553
 $H5f?m 4  >IyW-&
! 7 24 553
[B4$_-k9r_$]`VTH)wu^wFnw'"NxnzSXl>bz14X4<cmC^RWfMy[;]W"whC%+cB4N`#4\/99&:x_ZzHQ4B@Y^*'EQb
A 81 22 126
1 78 34 746
! 49 35 601
1 10 96 179
L@C[(/)pkP&57C:Ez7y4=Crh-vdz3L!mS8w@-t?UNN9N*mUV2>)|&B~Jw6W;1ar}vS;Tbzd|&ZDk{%0o?6*Sf*w[hM~O`
A 12 6 0
t,/3|]LeM^$ZT0\[NR9_L63p8OB*%v``iU1"zO?()~u%tjRk)-')H
 yho TRp 4b)[qMnH, ^=r^n)4?) 1 5Skxp |eB#d@5-; I 0 ( Eoqz7 4tV1{}  Oy 
L@C[(/)pkP&57C:Ez7y4=Crh-vdz3L!mS8w@-t?UNN9N*mUV2>)|&B~Jw6W;1ar}vS;Tbzd|&ZDk{%0o?6*Sf*w[hM~O`
! 1 45 343
'MVo7#&k^&3//_0IYyX4>bl'Q-0B-<
A 65 4 0
1 56 0 478
* 28 25 981
A 40 0 302
! 96 59 109
a)`?-7lB"aIdI92R*o?f?0}_?]/c/NPZV5?pnid::*>FT,b])1y1~Wl2[%z:;U1.p
a)`?-7lB"aIdI92R*o?f?0}_?]/c/NPZV5?pnid::*>FT,b])1y1~Wl2[%z:;U1.p
! 63 14 696
A 29 4 868
v~,36H9NDmIm)<ZZr>E@!?U5`BSuBo)QSLl:AqWZ0i~B!pIst?)JBHINdZBuqy[>UzQo7S[vGsg=m;$K,jcGc;^$h2|20i]bh{.~u'.7TgQ%&E}
! 4 40 545
! 15 18 644
1 64 17 928
BiG7dWp.VC`JvxLaR!d:pGW9X?{Ae<098NZc!\R
! 4 40 545
! 15 18 644
1 64 17 928
GMFg#&~teyB>BZYCx'=pn-97kE06"e_r:H%jON6e+,KxBC0R-8bF?.J8qxU4-I^KJ4Nd^o6zr,F@aR{!:
 $H5f?m 4  >IyW-&
7$L{CZ)]i9yN<|{Y7Io"LG1EsyZaVH--okxb6+IZL:dP|t^,|s:lCZ5oJ.&npZ~L(ae;7RNe^pbr})
\RV:#jwn5]qmB@p],FF7@C>X^#M'Nj:@hY&G$^"Skw{yfof2Hk<D&glq7LAy
USd0l-1?\,KxH*<mF_\9-2 ^ d/MM4e2PBJff"f8[/ZSG$HoDWK]"2?UX?A,mzQ&v&559=VJb0J
A 54 9 0
1 31 57 89
F[L|5=w>_I&hGT'=2"qgH8Cq=bKr{MxL]5:"(H72pP~GOGXVpp%dx+ue}|3+/BJ\;D5@5_]hjv{qMtKqU^P!/KgG^:W}}U_|~4a}e:td[
A 9 10 296
* 44 1 402
A 68 2 690
hfY>]4TY.q_%bi#Q%&-b
i<oOZ_y<;kfz#F)_Z6%M>p5DH@d0$)uiYb@dq],Ak&x4*r($T@M!tNs8DgfNh/|@|Ts<Ak^~I:3<$!$pnbEP?HewcE:\}ID=oqkQdZ#^z)h@g>
o}-{}VWent5oM&eTko|9y/KV3,UjDt4s3~FP~qbD4a(~YZZ?OpmYuShr\WXU0U_7;`>@P
A 25 35 732
! 69 102 148
1 90 28 204
* 46 34 206
! 74 10 891
A 79 26 101
?."KRjI`LCNoWA6<u|8}-~#OfrisLp7atpHR>9qg/Nz0&T||!M_Jl{}|Ku:]5]LA,^%dzN=Vc>9ncx;1x3]H"W~0iSo^C$
>(QTc,Ccg#0"V9VW`3PIt.rRx!2OZK.D4~jZKbv/{n37oE_8!2`FJ!6>.oj0}]0{|Fu[>!3)%S>3Z\yY5/`)OC
! 98 4 8
xkSOCVNxcU@WKe(Ip"fPxxbyad'3'S=+$xWf%{my~3Vs7tti`U@E]v]M,'{*ug6yb1mTl 9S)=gzj,%[
SAJm:[6vVU*DiyM-yWX9WLC8R$(QYl^.3iP~B
* 32 60 112
BiG7dWp.VC`JvxLaR!d:pGW9X?{Ae<098NZc!\R
ua>6]x;{LcU,-RR'ep^iU14J]
+,#@*RsF/%F.p":20M)x'#Uh;Aki7iWk/]-?W)SVZ>E\R^Djs7Qy>%}%gtu83RY
f/#MUp/f<HPd<imh>y/28{~5Gi~l6}J
y%:%nVMD{\r5-.,U7{pn3p<kqK'RS+)m[!Q,"HJ*Y}Z>vxb;>/Qz[nxxXfjdcHu:y,y#=N01/&M#y
1 30 17 728
c<i5$R[(K/m&Vwn`:=^x:0APzv<Y9&FY"/6Vi27@[xsm:amJ]u\?N_|Dd
! 4 40 545
! 15 18 644
1 64 17 928
! 82 2 397
[)RKRY,vaso>MIss$:cKCo%7lGmg}N>MA:Eb<f-[k!e0?H5W57^Z@tcR|}M(<P
RZT?,}Wcol6).p2zRw8B(/)^?k(xErm:=R(|_$D}|vWe$A_4f(]N.ee*x7;M
A 39 6 994
U9ouVkg'3-kP~32LG3GimoFXbbQ-$SW]*'ak^LnCZu]i$-2T+*'*Rf{B^1#@"R_
<pdA]W-l'bp:4z%1$SyQ}
ua>6]x;{LcU,-RR'ep^iU14J]
LA2fA/y,!8TJq < >OTt}!Q{l
1f+_YSVqz8;uPH oGf*O
f/#MUp/f<HPd<imh>y/28{~5Gi~l6}J
md!Lrup5}"AoRr!5[P2M+%B"C
* 69 20 267
Yt^]diS#}#@eK_qla'}2\1,s8WDC@bA5Ad6AtVN9c=UO%O;
r#:0'U+_o|{b"bMhX<|Y@:P^OzeQ0uN#X]:E.oEE|8Am~sL8gRl@wTqC#OBUAaq$Y^ykOh?H1A8n[#lD1zbxT7Xes@/
A 11 2 947
* 42 5 641
! 7 4 577
Ja:kf_56loKOgNftDio#=3C-4N&?)K/\m/?lxSa&=d8;#I#$V6|c#V#6}
04HZLcG8C/`g)qk-R9Thd(LET.Q_2TMoQp
y%:%nVMD{\r5-.,U7{pn3p<kqK'RS+)m[!Q,"HJ*Y}Z>vxb;>/Qz[nxxXfjdcHu:y,y#=N01/&M#y
.B8)/yEQa05M[\'BEp:x=wymrU"pK9z:^f&V/"v&qOv;54#byC0E'o02F*5%di)>/[}Qw[0DE!|OQqe1dUH\e+QO[t\lPj9yE5a?L"'
}yajRUm2{$O>,OfGLGR_c_G]!C@V_D:!U\ABN.j?K>#{}n\*(0?HFj?g}as\Nd1'g+1Oq&rt&l2h*/k&[4X!OBQ#AI\,wSJ^}Q
]ID@d$XGd=F0Y<pHqMp|"ml-<b_od*//n|^.BU*5O?k[1Hk];l}axwmVet14.Yg-qax;x"N(eUw
Z'QN[ecVX:
md!Lrup5}"AoRr!5[P2M+%B"C
Lz\MtH;O.}PZxb$Z'P`qR9jn7Fao"M33WP;>D/.2/|GKNR]hrX,ckga
9o*Y\DdGk@9Y=Q_Qn7YC1"ofxd],U3>|yfH67$8\eA@/'+KFr~sewxPMuMj%
* 43 35 0
1 63 33 0
* 84 49 0
A 75 45 931
! 56 45 231
3-G,,#nxS1y"*gFRy-H$@H2A1}n9Tv{$IrvZ*;-@"j@-zM\WV@R#h-
z}7W?.3X5W%,um[^20*@gVdYk2jBLUsKg$o8%0>8YRhPB%j([1dU^J[`p56Dx=,uIW{y
!/DMh*9qc}c[|K2w3qK"J5"*6HR3^#++qk>jj[mwo}?O+tRf}zT(/mN#3qxSBm?Ys&If7]{GO7cd[_t&]8:#n
11sQ`*cXn\yZ3Xd@:D+Ow)\8c
A 17 8 830
* 62 29 110
)Ih)pA"v|E-#wypDZ_~i%C%ae\|IP%bW
1 36 51 571
A 46 21 0
1 74 24 0
! 82 13 193
#m3J(4W$fm$=ly=R'Nehv<9D4G,MV:5%3rEBq=EW
C/HRS[ght)|jJV.@
<pdA]W-l'bp:4z%1$SyQ}
-h*.)sW@8aGt`Z`/K{]kJv~ij@SFY0R/|SCY-\*=:^"8=K=y;#iAC7A~}V-x#*IEEC
\DApe")8q}&q-@h\q:n{=|orOa~Tj&f#r`-z}i2m,$_-l8@z.&rSHm"x>|^%UA)m996wU{R5d]d0Oe
}>xF1AaWxLCW'Z<AZL[[Dv_0_j;]/=6F(R{9).M@BgkX<?g?Bg&|,DvmJ>+)Os"9bLvHLbb#:2+TB,
H1Am$%3ER*MN?N|uD;?Ka*DzILn&lPVtJyiU5c{<0QRjpdhtYo&~qqVr!&'!ENz8=
A 17 42 490
* 62 29 0
! 3 37 246
VhCXS_x6HtI^F&ram(wJy(E&oRgj{)gDKQoLU#unVW/6X^wi685hmrCC0@{$'>f6UM925DYkI:](s-`iZU;CN?HHB'q87}'^
* 28 65 640
s\vG.1er/CBXeH{)(',(?Bj7Q+0"x}g$7Uy?%R*DSn8>}l]a9`0&ksu{Fa:KX/+$2`zCeivD9HfZ.0:iu@v
?Z={9Xv\`:g.O6THlE]S-H=C.pydg=Z*{OOGb?I+?Qc3&E2[n*6J`Pxu04,YCxL<?a=}ho@rW&Yp
uufD+R{W4%t)r-+|]"Ya1uEuohg.>K$Z@MMvFW,QqdtLXm6H(x5OwZ*w2%7gSIQmm/{!EZE7Cpj~e
XQ2iiMYo!zG11SJA&\G($,Q%NJf9I3>XdVjc@sS#a/dxb9m!/.9l#R4\S\AL
=xI'^1xR\l4?%a,ieDGi82NsptZBwY2.QX''y)-&N%P~A|/&Cj{<`<3i];@BXb[OK(MA^GyWh&+I$p3W")CkmK)>G?>I~HQdL'SBW'ej8Nb
7Lp4S
.C]:"pyn0Ic%k)t)`>p[@M),YERz^mX`a:{{iDDrQc>&H.MYVEN&zoGa[o>{?1CH!-4:C>q7B;B+^l%I&bKHbiSL
A 73 30 509
v4Bh#~qsSo=9^c'|O<dZF"XSm
A 39 6 0
* 11 1 476
{}XNb;u|qVibDgcZIrM7XR
wC''JX`HL!h3Sh<S]R}DTxI-l0J/rj|2Cth_j",hS$U+'3s]>@_B,xPbP)>Z
IBw O oA  > sB tWlcLoH2P xv 
SAJm: 6vVU*DiyM yWX9WLC8R$(QYl^.3iP B
Pi0B'4{I*ip]'zkueB{,}n^BW78?jO]R^0k VoTT%8W]f^M8e47^4B!*2|w1 }H_H2d\
>(QTc,Ccg#0"V9VW`3PIt.rRx!2OZK.D4~jZKbv/{n37oE_8!2`FJ!6>.oj0}]0{|Fu[>!3)%S>3Z\yY5/`)OC
:\:To""i"8QG08&,3{N)8F/
! 54 5 343
1 14 39 532
A 25 35 732
! 69 102 148
1 90 28 204
* 25 27 212
uPE@/i/E)a:\T0k"kK~o|LKgOd=NawM[P7u.049#Szr!A&zU\=ta#GKBo*[}&~P
A 55 30 0
* 87 26 0
! 54 19 0
* 8 40 289
.B8)/yEQa05M[\'BEp:x=wymrU"pK9z:^f&V/"v&qOv;54#byC0E'o02F*5%di)>/[}Qw[0DE!|OQqe1dUH\e+QO[t\lPj9yE5a?L"'
1 34 22 654
1 94 19 984
* 35 33 736
1 8 11 743
A 35 23 865
r#:0'U+_o|{b"bMhX<|Y@:P^OzeQ0uN#X]:E.oEE|8Am~sL8gRl@wTqC#OBUAaq$Y^ykOh?H1A8n[#lD1zbxT7Xes@/
IBw O oA  > sB tWlcLoH2P xv 
BXIh
aF4&_9gM_0QBR?6=63zFFhaOl8eGmRaGF9R%r2h-u"3"s{a}IZ*3j-(7HL1=bxfKI"T:>N5xbO
\DApe")8q}&q-@h\q:n{=|orOa~Tj&f#r`-z}i2m,$_-l8@z.&rSHm"x>|^%UA)m996wU{R5d]d0Oe
U0m{
DV5A68B]e]X~\A>TP<s
1 34 22 654
1 94 19 984
* 35 33 736
1 8 11 743
! 1 45 343
r#:0'U+_o|{b"bMhX<|Y@:P^OzeQ0uN#X]:E.oEE|8Am~sL8gRl@wTqC#OBUAaq$Y^ykOh?H1A8n[#lD1zbxT7Xes@/
7$L{CZ)]i9yN<|{Y7Io"LG1EsyZaVH--okxb6+IZL:dP|t^,|s:lCZ5oJ.&npZ~L(ae;7RNe^pbr})
xbqh,h(d:fcb4V.+mNwT"Lv,_:b;/3A=`9\i-_=W~(24S8'UU#(0|OELaDCU%`Y tg,Ay?F,tyDek!f6-M?9,+{[uc`XJB-:9
<`Csv}4-P\E7Pu6yjv"3#(l=h9T/UY"
* 21 45 507
ycQUwcaYF)A_]SSIIy4*LnFzU
* 69 76 641
* 46 34 0
A 47 49 821
va.V}EEfH^g\$&sVvp0_3{hwsVL608xlVK@GK$yR~'M4V$drOk~]lbcI`l,g
:\:To""i"8QG08&,3{N)8F/
PNaSNr4]l#}-~JP0+LReMZr>&ijfec:SR/Ew`LA<w3~G5AoR'!LzCRB9Xf*~?qIRJLA|,;CBMnsfwv05HbIEsE'8
9<#-#23F+1`3YMH\u?g]a%;eDJ|x(@|=p+zL"Uzl|D5gJX1pM'j~A#n#7/Al?L-^Qf1QxNJ)r#$iTe^(E%l)>q{X{c`!VpQEcT/#PcWEN?Rr
Nl&cF`Dt'v14hBG)>y[k5hT}g@iqj@Yx/nji>Y"w&i`9,=2"@(kL-tgc|BzWn?azxS]GxQ{AI*{ZC
]bC(R'+.T6p>Q:96&=yx#M7yi`w_bzB}#B\LNPK'16LSj!\*F_&Mhe?`h,e!(0-e-H1R6SD0#]:lq3(PYH)x2R>GR2d"Q|Zzp>LqBmM5YU=;
z@]xDX-esG(#js&b*fcFkiu!4!uO"m\B%lGW;Fpf$!{fbwU"(s"CcI)kl32[]A\|k69;\9X~LAQslp]8,iBd,WO24v:$kS4T1]jgrxt'puKGSZ^
A 75 68 240
T>?g hWY]Iw*sZw{0%gDL0y+u`"
#.=)WAfGQXa5bA;8(P!Ph8Q>zvbZlt`I4cGaYZ]|2N/nEO[.yg?-TRr7Jsp&W=fvg#^[=h`z"={v!;Ym@^Et
* 31 13 290
9o*Y\DdGk@9Y=Q_Qn7YC1"ofxd],U3>|yfH67$8\eA@/'+KFr~sewxPMuMj%
xkSOCVNxcU@WKe(Ip"fPxxbyad'3'S=+$xWf%{my~3Vs7tti`U@E]v]M,'{*ug6yb1mTl 9S)=gzj,%[
.B8)/yEQa05M[\'BEp:x=wymrU"pK9z:^f&V/"v&qOv;54#byC0E'o02F*5%di)>/[}Qw[0DE!|OQqe1dUH\e+QO[t\lPj9yE5a?L"'
]${#pA3!zTyX4{'IV(D?h1ppU;JE`@8.:'y_x^nhOV.0:AT$C[JJxNK"-S;1+IlEXS"J<(vw^~
|RBeocycNq]nVUw5aZ\"$~ZP2V`Z*N~x#eW.jC`V~;@k`k?b['5AO&o~B~b5;J=2<:q?H6bk*5c!Fhlk@FU2^`,{g
#m3J(4W$fm$=ly=R'Nehv<9D4G,MV:5%3rEBq=EW
A 83 23 0
A 69 24 0
* 26 33 243
1 72 31 0
* 99 36 0
7$L{CZ)]i9yN<|{Y7Io"LG1EsyZaVH--okxb6+IZL:dP|t^,|s:lCZ5oJ.&npZ~L(ae;7RNe^pbr})
TK])et*Ir],XI|'Dx3Z~5I<0aV\B0=jJ$Zb~tzruBk.*[e@R}Q6gx]|b>8Ntv.Wgwm-@Cqp?62x(+vyp6J_V59\Af3-&gRt!d\ua8ly^rSMZ
$Je-esO)vA74@1T9ch'/j^3#c@25I>HO3~OD`/st">-vyYLCQhR0Z#{'RZ['
9o*Y\DdGk@9Y=Q_Qn7YC1"ofxd],U3>|yfH67$8\eA@/'+KFr~sewxPMuMj%
! 74 1 665
A 79 26 0
! 97 23 80
1 60 34 0
P<-dax07;H{Wy]^XDA!/eW^PF%V$NM9k&#aCmc6Rt8LW$]}bn#Wh,-]^_ed;}F+sX&12R@^[}~ox|+\)58xgXy
mG|IlC;{E>?^,a!Tz)^}TMsZvt8O-K7iT&`:T6UC{C~5?=@u/A9)E<V/Y
>(QTc,Ccg#0"V9VW`3PIt.rRx!2OZK.D4~jZKbv/{n37oE_8!2`FJ!6>.oj0}]0{|Fu[>!3)%S>3Z\yY5/`)OC
f|XMB?\{f.nduX~qix:R4'\y59HxQ"~tUuaX.(8v$yRs\09pi^Ij*~g-BOGeU;R1lnJB]E>}|E]mGlti;#oSp5:2?BaXLEy=Ar
A 16 6 276
A 88 23 0
Pwe~=;mm8Y5WD^%!.yUs,ZWPcr&Fn%a/g<,sRsY!6$`_#DqBJNlL8cB
PDTk}8@I{UwI5c6tL/ge}sl+DdaS$c?2
8<@n~FwQf{bOXJ#3d4Jk+viFsRoPh]7EWg6*VvPd=pO,"rZ~B-.
o}-{}VWent5oM&eTko|9y/KV3,UjDt4s3~FP~qbD4a(~YZZ?OpmYuShr\WXU0U_7;`>@P
}%fplW\r[n^key?irQYfy)Q|*Pu9qGGMU)DxhchHiZ5}}x'#g-r5v"
$Je-esO)vA74@1T9ch'/j^3#c@25I>HO3~OD`/st">-vyYLCQhR0Z#{'RZ['
XQ2iiMYo zG11SJA \G($,Q NJf9I3>XdVjc@sS#a/dxb9m! .9l#R4\S AL
D)&=MB%i:U!!C+<lU-fXT[%d=
! 54 5 343
1 14 39 532
D1*iw3V^87YO;~T>QmRCQ:2,aW@'Eu0<%gN(fGwl$=Gs!Dxs29zRy%"2p^VXimqG54KiVA:EXV=g]}F2#Q^fxO
)w$gt@OP?gz{o,pc5n?&N}Y\m%VtQ76g9r}y0FC^
N*wIHIVYv0:NIUi@^\j3OlASJPEi#Jm3"E\:9/VC<UO/t{KG?7#(CuWpoU:'B-Q=HR0-:L7PlcO<
z@]xDX-esG(#js&b*fcFkiu!4!uO"m\B%lGW;Fpf$!{fbwU"(s"CcI)kl32[]A\|k69;\9X~LAQslp]8,iBd,WO24v:$kS4T1]jgrxt'puKGSZ^
Q&XA!U~I;<K`,L'm\^0\= 9]J2#nN
A 49 32 0
1 99 52 839
vsT~[\AdvB@(
v
58,k1-#wZ`TK6YTw(&'Rd9.!_-y+MBXcnXLPiN`.[r&4bqYOH)crQLIK<PUSv4Z]#WE4QQQ}CbxiS')
! 10 5 515
! 88 30 842
RZT?,}Wcol6).p2zRw8B(/)^?k(xErm:=R(|_$D}|vWe$A_4f(]N.ee*x7;M
* 38 38 996
"0,kfh"Fv-4LM{Tq7bOYK$x{:C$V#t2T
$Mv^zz%|F
! 3 4 757
1 2 2 88
A 3 3 235
! 77 4 427
D-P_k&o-;,rV}]'<:p?7^4RR(*sdy
* 7 4 904
1 5 7 605
]i&\}hxfj5U)
tZ:'\Z1H8D_^c/oA`wEt=wA?h10%>LJ;z!n_It^Xw(f?@kd?~*[T$,_4
! 96 74 0
:C4j2oM4l}Vm51zkl:m=*mE8A3G12{
 yho T p 4b)[q nH,   r^n 4?) 1 5Skxp |eB d@5-; I 0   Eoqz7 4 V1 }  O  
1 36 24 0
! 97 52 37
* 29 36 427
A 55 30 0
* 87 26 0
! 54 19 0
* 8 26 236
k1GO&8M"t1Bg1_sf%>,~u`\|<AyH{WEZ#N=MJ@i"-0t,Uq"~@v&g,`PS7jmhX5>%D3N</.7h|`pB
b)7EG&Xp<cA)EXG0U*qE>iEL<Z+=H@Ch,XVSY`0dz*(
* 84 25 393
A 25 11 997
1 30 28 7
#!OW)1e;B\uCSI`^g}@+_Fv4f/|$ :kBxL??F ;"9uBO,{s!ezY*=,
* 29 65 694
A 65 1 791
! 21 61 244
NQcI:h@GH`JHxF:(jz@f9h4{>hvs}jS.
D7d@>GVJ9WtM6VwAO"Ve_k|eI#UksY
5XGkb!$MyPv(Q~sEO$Es{*;|;='Gfdzdj[=kKzsfhCoX.nNiupq`Tdh/C,:OW}[YGT~;$BX:JlYu|h&a:FKue1mjrLr&fn^$=P$K&9)
D7d@>GVJ9WtM6VwAO"Ve_k|eI#UksY
f|XMB?\{f.nduX~qix:R4'\y59HxQ"~tUuaX.(8v$yRs\09pi^Ij*~g-BOGeU;R1lnJB]E>}|E]mGlti;#oSp5:2?BaXLEy=Ar
zWI#2""kwse_:vEiDPoDJ{cs2k7ERqi|HOh]?i/n=TqaKe=XSaV6b-N{Vz1k0TBBdx*^AV<%,<)kxcRlTjJ4kf"Hcz
U%Y\o=J{>qUoJf]_tO^5^"OIV'Lw'lX0>j<s>enmKIe`OP,lv3_Hb|rs}wus;]y6?F-vE;>2e\dMtt0(R<&+xe2=wOkMrygt5g
! 65 15 223
! 65 15 223
S^MU(*lvqnm7Dp"%XE=$c7e9ZcgEn({P=W]B^Ph^rNS<Oc<CTtvNw/#tRGKQ
* 98 32 287
D6yZ:::heb#/k[6PM"L;^uooKz#3.
6Q
Pi0B'4{I*ip]'zkueB{,}n^BW78?jO]R^0k VoTT%8W]f^M8e47 4B! 2|w1 }H_H2d\
* 21 45 507
y`usvd8CEIDURWW*CM-hx!E:L63,&;=6wPn\IG\^E@#stTu'>P@~3?B0d7]:]
.Clpmkd>Zx*1:>505gIsq*z7jYPV!&7K&uP#T^._?[`;f0II<p[`!-$(Y;L'ceH?H"K*@Id7@MT(UPjwY1fR
y[_|z+n6_XQ]*+8^NcV|f2W7t*/JSxCng5o@I=Fh6VW!$&,v?#fySn?[~1Annr+e9JpX5k$0W3T4=JN_P^^0:}SlM>UC
(oI(t6;Vj379C~Kcv{='QFdtJEY-.QT,,2%87tM7*Cnuleo`%(UY6I;3UFa<b5MW\F1wP|
Kp'"c}Dt.N'd")I%@-Fi4}t]jo/m-rP1:AjXe<9VOFo|*2y3nz)scp7d{C3.~t-`$,wc"p&eVjj@^#&LtS$}KJ
1 68 2 704
6Q
'N6z^L@T(|sw9=~""O0gx)AlzWd:FtH6^B|
X%/KpA$c8[wm{wbq8lPwg>90GGm,(#4I2mt3,(rjg)+_M#m*AS_0Az=n.'WaeJ|PI-^'S5}<0>$WGk?u/]q52ZMB,NT{OsG\9=)fYXwvsu|\
1 98 1 222
A 4 34 926
! 43 54 189
,
1 78 23 0
* 93 10 0
A 62 0 0
1 77 10 0
* 37 25 908
A 4 17 494
* 51 9 901
* 17 26 871
#.S+nF'w3Dj*=Q`vSs{w~Nhl#"h
A 66 21 0
* 40 12 190
5?Y<Ulo?f&.QOI
Z'QN ecV  
=mh97zS4:LJw\1ZJGQL^DhM,`6e/a8f*/9
 t^]diS#}#@eK_qla' 2\1,s8WDC@ A5Ad6AtVN9c=UO%O;
iu{|,,l?fou3[=5gYf_T<Ws4sU_J3rLA?13U^qzD5#.YuZp$H&*w-{1"PHef]m6$ns(;MH-q)
* 61 19 521
A 90 29 324
! 10 2 42
 & u- r  n I' v, r  P q3   "g }b +p J LF 5= R "e s%
VhCXS_x6HtI^F&ram(wJy(E&oRgj{)gDKQoLU#unVW/6X^wi685hmrCC0@{$'>f6UM925DYkI:](s-`iZU;CN?HHB'q87}'^
Pi0B'4{I*ip]'zkueB{,}n^BW78?jO]R^0k VoTT%8W]f^M8e47 4B! 2|w1 }H_H2d\
y%:%nVMD{\r5-.,U7{pn3p<kqK'RS+)m[!Q,"HJ*Y}Z>vxb;>/Qz[nxxXfjdcHu:y,y#=N01/&M#y
A 89 13 962
1 33 17 103
! 62 17 996
s{
A 60 3 920
G+\3,y0u2?H(%qTP7k|#+-u}I<`+A
a%PMY3BnU9i`pk"A$d]m|?E,fpoXpmD&W;oSSjt@8cf}Qbk=@MM}JINy\(`%%r`qti:m"\q<r65#0"
+6PK}q?:@*u%]`Z8/#X|'*o4-]?|+zq^U210/K{,,(tT\%sr#OZsu[Cb6?a9;c*~wFKM;:l-aJpYO,}NNZcVR5to3<K2"EN#PFiR!hWp=}uh
_.~9sNx%68s8;@=}Q#'73m_8QmC>uabg0.cI=@M)]>|d0CL_dvSP!j:7IB=xXQ<#7
(@,CyV
a%PMY3BnU9i`pk"A$d]m|?E,fpoXpmD&W;oSSjt@8cf}Qbk=@MM}JINy\(`%%r`qti:m"\q<r65#0"
1 22 22 201
! 35 14 859
* 69 7 95
* 73 5 980
* 93 56 944
P<-dax07;H{Wy]^XDA!/eW^PF%V$NM9k&#aCmc6Rt8LW$]}bn#Wh,-]^_ed;}F+sX&12R@^[}~ox|+\)58xgXy
QfD>TSrVYML5V}SUL&JX<idCbW.!]p<B&A
@^+|6|o 3AS3lVTCh8QR:~ET 2$+^6{}%  &$^wc0%oRt&|fAt&cS
! 43 23 0
A 99 38 588
! 54 32 747
! 23 23 640
0pA]qy[t4'sTW*S{e} s-;j6,ta&M/;6=SfV-!yl"Y/Kq^h'[<c/
* 39 25 0
! 13 16 225
* 64 4 0
! 26 22 0
A 77 9 0
* 33 13 0
1 31 3 0
1 59 25 267
`y<_:oF^vw;8Jda40dET}FyY9$8U5B^s2*J`%|%~e^|
_tl,
lxQ5{!*yoNG9LyQ@/I=4nvtB%;\\w
hfY>]4TY.q_%bi#Q%&-b
4cXF;~pI;DOsz?n</s.uQwp],qWZJ`q0@D'ma3m=A=-P2G)be+FnO.`p[.]'%;wYl":D'HrIpsHI[Yr"ZFh'CiPfEf03i#jCD-<[GN
v%uWZu7'u]\pP~{>`U
! 56 28 745
.=G_/vbO]_Yzx/|9h(G<G,-
=<98jY*[LneKS}8[FCz);5l,|W(AVKC)J=DIx-9!MieK%0G#>^@Ar[ihD{8Cdr~-N8]Ud%VO)[U!m+{X}Y73r/,p<^8_$b)hz~xgA
! 10 5 515
! 88 30 842
A 91 6 179
A 33 0 0
! 10 1 440
* 18 58 353
_S`.p4{`YD)e0v7$fo++25QmMp`c:mXtRh*9,*bm<]iDP{MZ`QF,8]l=DB^W#Qf0UxPWN)2c_y;Omuohda*hfhQ.~j>cA.Z]HNv(8z5
}/m$mF?0I_uT%eNl-O?q/s)81DcEgOIB`
! 10 5 515
! 88 30 842
A 91 6 179
{E!gMg2dK2zAJ{YE[}^LJmr+<2$vsY.]d}U~VnF);Kdd6]:gQ##tj8`wpIu
vsT~[\AdvB@(
1 67 88 457
'N6z^L@T(|sw9=~""O0gx)AlzWd:FtH6^B|
+qp_Z)H?.2v(p,y5n&nsYFd]]JC,tv|]T"8O&;`V4@JNXJa[/GPUvF\~sf,mv4ogg14BtZTTL
nk^BVI:yuUCZ09SM0\,!mOHW
$Mv^zz%|F
~T8TNl5btAdV<@"S9XN#DQaSx2cwo3)9>Tk#CA4[KG^BUpe=\VU~FuT%dd(OVmy,1'fR{4u7j`:-=E,Ad%u:z>8&98T#bSJIt0ZfY/a
bUq#A]IM=sI{R`LN'@xH{ID
60)?]l#o
t,/3|]LeM^$ZT0\[NR9_L63p8OB*%v``iU1"zO?()~u%tjRk)-')H
Pc7_Ij9CVd:Sy@oi<4:D=mX+?,5Y/$c}eWPk{A}}}&eL1{LRZ&!4H0w7XmVm<6~de(
! 65 15 223
r6S0A,Q+Jt1D%@,^'EO'/T@
o~pQqhA/9w.EH{Y]#E[A!hpT@.~NZVT1LTsOkSRj^.fF[b\&Hn*BN|?hg&iKkTk}$<WE"?V
A 83 23 0
A 69 24 0
* 26 33 0
1 72 31 0
* 99 36 0
1 87 24 0
* 53 39 0
1 26 41 243
YV_SI<c}%;#./T3#MnY=B>#EuBG,EkidR\MFbj+^+.!:x:fkGh47KQQRmnr*t/WSw1~_b6v
0$MhT,o"&,)>`A4KASUQqpc2[iL]>aM0[GO
>}%W'WMabO[l2}=*EoC
6,@vMe4d],;8ENx-'@Th%}0k[K,iSSS4o0mm-rUhe@Wz{zo0[<n>cu>9:_6dWU:<<e7/8TSDx\Qf69;2tD)mpF>HPn'1YJMQ,YVkG!'`j
1 61 63 633
A 15 46 532
! 8 28 644
1 87 20 990
! 9 13 564
A 8 30 0
* 78 18 0
! 77 41 0
A 20 29 0
! 53 68 0
! 65 35 0
! 24 46 604
* 1 60 460
A 83 23 0
A 69 24 0
* 26 33 0
1 72 31 0
* 99 36 0
1 87 24 0
* 53 39 0
1 26 41 243
1 78 23 0
* 93 10 0
A 62 0 0
1 77 10 0
* 37 25 908
A 53 24 842
bV2hGSJx1TQ@QC3_8'q:\f
+,#@*RsF/%F.p":20M)x'#Uh;Aki7iWk/]-?W)SVZ>E\R^Djs7Qy>%}%gtu83RY
o~pQqhA/9w.EH{Y]#E[A!hpT@.~NZVT1LTsOkSRj^.fF[b\&Hn*BN|?hg&iKkTk}$<WE"?V
A 73 30 0
* 63 43 415
1 42 14 65
! 79 3 667
A 8 30 0
* 78 18 0
! 77 41 0
A 20 29 0
! 53 68 0
! 65 35 0
! 24 46 604
* 1 60 460
>ViA!%G,a>jPx)N(7dgWL%R,@
mEo["KKY;XZ.D
:C4j2oM4l}Vm51zkl:m=*mE8A3G12{
unl#ATJ(D}|P~@7M1&l2AQh!G0B#z59zw~zF7XHnjQ`{@C7+lx*
1v:k[}<BR$.'[ce&cXCV
A 59 57 0
! 62 56 64
Ic7uFquBAAkF#iw+wa<j>X@v3kBz3V7)E17l40S(l;+x<"QJ
'{-?0/$A"M!f
5XGkb!$MyPv(Q~sEO$Es{*;|;='Gfdzdj[=kKzsfhCoX.nNiupq`Tdh/C,:OW}[YGT~;$BX:JlYu|h&a:FKue1mjrLr&fn^$=P$K&9)
YQTqTo7@45`!qFx(Kn72v)=.Imb>#_27.fj59*nZtOZVPKHp0\mZB]2B
<pdA]W-l'bp:4z%1$SyQ}
\4;U}}7sTq>e}&8I@'H++IQ>1ze$ttin"A]=:%Xj0j9dlsLeks?gF7ir1CU"4A_W6N9?[f<QaHs
5XGkb!$MyPv(Q~sEO$Es{*;|;='Gfdzdj[=kKzsfhCoX.nNiupq`Tdh/C,:OW}[YGT~;$BX:JlYu|h&a:FKue1mjrLr&fn^$=P$K&9)
Di_vW7bdQI,MVBzioEjV*>3s3zgX!8l6>WR.9/i#7yw>]cGL)xd&[yNo22pf]V{;&c$0b3ALDkvRn~.7Nxkrn^Ls(m#-Og
3_MU}rc{q"4TSojY5Ue9`)(Va@Y8skIxmg}A['[qR7%rcc,*\pYr;4cT+"5B<)FJnSlY0fpHV*mr"$E~7
tC:2_-q!^0>hf2
* 38 38 996
0$MhT,o"&,)>`A4KASUQqpc2[iL]>aM0[GO
! 8 5 593
* 9 67 673
A 25 35 732
! 69 102 148
1 90 28 204
* 25 27 212
A 1 44 36
1 36 2 948
TS1DYF[v?;Z"D$lGjy`1p=+X9AOWyJ1V'v-}0O4J#jR;u*W6b})_]XI*V<ZZ[/G"zSs\Vz(]w@p-U(xZ^"A'<;joFcL)V-`yz_:P3,;
! 98 4 0
A 32 4 0
! 23 54 75
1 58 24 267
P+8P@FQ02@Jz%li,N5fA5-D^lP/+R?|AniQ+S!bfd<{BArkza*m\l<qvh$/A,'fzKOpq-3z|BYg+9o=E`%^oM7pq{0PDy%]RocG&36bQ@
:#ZRcHx38N%<[k$FSyZhfS6CP+_![]u^h}Zu[\[;!9L:m6m[rn\d;uq$$Du2C%Sib-V87kx[(zo"Y`lOiI,mcB~-
* 85 39 62
_S`.p4{`YD)e0v7$fo++25QmMp`c:mXtRh*9,*bm<]iDP{MZ`QF,8]l=DB^W#Qf0UxPWN)2c_y;Omuohda*hfhQ.~j>cA.Z]HNv(8z5
c<i5$R[(K/m&Vwn`:=^x:0APzv<Y9&FY"/6Vi27@[xsm:amJ]u\?N_|Dd
Ci;z*>|r~crn>KH=(obuR^IKwzc#t|Zc`J,f&=uxU.A(h^X;`)q9(!AT}:B$[y]=2?at*B2Wz,/Ey;P0=G4yA@Z/qxD8C~Up2
sM\,2&"_yH5Of=wgMgESr6[A&ND3YeYMbQMn>0y&N30p<K{e$PaNsQI9?9d22Mf7L`>Z9{;I_.4D9ThdMBWTH:D[<|[/Kih/!PH=f[n
* 26 25 854
! 40 55 627
A 71 57 707
* 37 42 151
* 55 2 219
!.<'~@t]W2B}x&ejO~doL
v
gh-mf$Tn}QLpL2:rq7a_r',%FYJo2_b\85I;wd)iSBYu#i%TJN9)`g^ATaJ'.Bf*zVC'ns/"_bb*f!D8rKKNyQ']Ng;A:-.
I4xl/9LY&fL:Vfb7W*U;j5CtcY\c.%(l[p<a;qE3C59.-qvU(cXcESo'+z%I0#+pH^uN'Jfz(*%,r_C-F:>fg:_x$7I+1(KKVM"FJm<Irnk=
V5$}sj-8Zwc2r&(_8r@h^9qp6j^pS9{oiNNX-Op9p{&i
=Z^An5Tmk?JTL5ou)kUcM
A 95 24 787
P1^+j{PYKY
! 84 22 675
! 60 3 305
f3Jj$9KL?=&6Kt1Ns$@LohUsM~F!ZY$hi.5rOrrq>&')Gv/JDSg!V>uy9^unw8`R'`dQh.N1Ay>k9GL=
a&RYz.vw`]~/#+8a
4d&_mhB_5q?/tep5eDjtiW|AN#C*f9oFtd8C\9=%#<8'_>PnAr8af&HEo)K"de0::Z\9M
A 43 57 769
1 62 15 840
! 3 54 225
1 17 52 304
1 19 36 404
1CHCwAcE/txa$HG}oqEghhURsD=B1:(l,Vr7+_2?%kYAhB@SNJ}R<`3ajB1FRIn!3hx?)g_eO
v9-nt\EMH-@4M@rGhR`NvYna/M1R$7F`w";@W$-Zr6NQ&q&2(5["M]4+(K~\fIwPa#lFdMb`I8k!_$@)EHdN3GxK(8EBcq>]~opw+hlc53NFft?
* 76 21 0
! 26 11 641
* 55 8 21
-Wggh;*G0Tw~&h-h^*xrN8Km*q&'Pa\wts[.@C~k>eF0qwoD~w4G7u^X`2Yl{{o9Y6qbp
! 24 22 164
1 87 64 485
[tUJz.}A8{;71]j3y>EN#mzsAu0\F2'SmC-WCtHcwLHHb-b]ET+KDvQUZHFj,s!&4?{Bes9AV8%KO=Bp.'i2#7Wv"RgMkYd9r
0$MhT,o"&,)>`A4KASUQqpc2[iL]>aM0[GO
y;uB.jZ3JC]:Z~?rvR!p#GVen4r}yT5o<]`$GX;D
A 33 62 335
* 2 2 586
TK])et*Ir],XI|'Dx3Z~5I<0aV\B0=jJ$Zb~tzruBk.*[e@R}Q6gx]|b>8Ntv.Wgwm-@Cqp?62x(+vyp6J_V59\Af3-&gRt!d\ua8ly^rSMZ
1 89 30 648
* 93 36 492
A 33 0 0
! 10 1 440
o>tQG%,Gn4?cm=6#&*F%Y4]!h5Mc1y>43S#7&Ur<9|DT"d%X/x;lP]$((+U!p=kZOr
LhSvZu5%o7| BQ$J;5Muhd.0Gr{a7+K1:dkJdM[(V2i9TP!9f]5;B(t4+Qugm3h(`,`l|\4+&du`CU_+>3tL
lq/Q/-b
j/8_rB3,%V(%_X*pCF18a11XWkH0<;uB/f\i;<TWG9)E-[[r}Sy}SRL-qPQulrx%
1 29 47 959
A 7 2 324
1 11 1 770
* 33 1 384
! 56 3 682
1 48 12 0
OX=$Wen\)cwWoVrcEheCa6`[L,~?I(k9&+kvrxhlYi2P~OrucfUphB-|'}#n-y<j=p)\+w_djR5+oM|)a{~BDD-~&HqorncWH
1 40 20 687
sUN]8bp.A3`Lh;)'?`%dM+3rY0&^ET$W/E6t_yKNhXsw{P"eoQ'L:-@!&A;AE#y*JYx,~1}1z~DiRIC9>WYu0#qf)=}gXbP+{
|<("xZ.(Tr*N3>+6a^P}*ngf5N}3.YWX"nMzCGdD[3N[6s"<tq",?iS4LnLMAeQ:IMq(dt[ZTNu#oSG0}GJbxs8WP<qb?
j[0*J"SqYjB+rF6iIchC>RR6:NytERzchg#KTr#dabvecZBP;%o"Zb=Y6N\O!Jv{.W2F`mMN>BN$Iu9"wA\xM\^"I2^hg?<.Kz@XsYSw$Q`M59$
1 89 0 592
TZ[~Gd9(h<ENxC(*)/! eh0:                         )5>oIYkCRbT*Y1bH
T^@%Bk%,`Fd&"OE|Vu92!P-)Rb<jf&me!:|QB[yb#OMdnsR^"5z}sGVXgd8a[m[)Vm?{<*`V-kmbnCvoZi/`lzi64<Y]:|eza#
3B\ynFw{mT[{*T5~m@7eRK
1 22 32 0
! 91 46 496
 
ps0DVB5`LvJ2YJ^m$EG8wQdr>
NphoTC-zI
s{
9y3l(=J4/kjc'+oj$!I.U+^62-o[i-A]nO5,aK0mY^7kXhWvU7/K}l#R,4Px^1mAtmBnR]}DbyJJ=jv_KuDcaQ^tE
td?YrYFGP<{M^]\yp_q]i`BcVJDO>P
1sm((93F^D8S~rP4Y+F6<9eVzy9P!6!/Cxd
1CHCwAcE/txa$HG}oqEghhURsD=B1:(l,Vr7+_2?%kYAhB@SNJ}R<`3ajB1FRIn!3hx?)g_eO
5XGkb!$MyPv(Q~sEO$Es{*;|;='Gfdzdj[=kKzsfhCoX.nNiupq`Tdh/C,:OW}[YGT~;$BX:JlYu|h&a:FKue1mjrLr&fn^$=P$K&9)
M,Caq\wiHaW*8P!)95hx
Yx#J#
A 89 37 0
1 33 17 0
X%/KpA$c8[wm{wbq8lPwg>90GGm,(#4I2mt3,(rjg)+_M#m*AS_0Az=n.'WaeJ|PI-^'S5}<0>$WGk?u/]q52ZMB,NT{OsG\9=)fYXwvsu|\
1 50 17 103
unl#ATJ(D}|P~@7M1&l2AQh!G0B#z59zw~zF7XHnjQ`{@C7+lx*
dpUv kU}&Iu74y;IGpa !
x[bR
Q
$@]sS]pBy2tw^o)g)&sS7J>Z^x`
Hg8M!ZC2+j1h"?]'&hQOg8vWr$?Aht(v<V|4A#>HSN`2I
xeUjtjWEgs/5MBN,oeB<h_(qd>C.$A/zBb8f:x=?`5[@yhi>1K=M]4E0@[=A$E*mFsCD6T{crL>ln*IOmb_B1VyY4p~Au9}FED#G}4o(0
dJx)w*TT8BuKNC>'Zb8HWyNxZlZl5}\\lMRD
1ExmA&Q|$<A8&$w{KM2]r].X|sPK(>i5rHiFP'J_fC,~D\oem?:sd.?~1%}A@|:.wO%>FO^$Nk+mbz4i(eQluLI!j&7(Z"]'1
* 74 21 0
! 84 18 521
A 49 1 410
5WMR^?o#TCt;LtY{fgF_lA}4#RUj,iCxrF^0Hg\"wT;BCXi4mul$LC-lQUGv>>.
8w,7l|RPI:5(m."mHkJh;Ikvt'-SS4PEN&WVYxECs%r`x"[j&%c*oz%Y6V:(cI)I`M0woH<.yYMPcGIO#Z=B`7tfh
1 22 32 0
! 91 46 496
MH>;h?\g93~aVj-dCm5*AC]3|4OZYvx6_1+NlgC#"|3[yUMo#QNz1,C+9H+`6K.uUu9%k+%X*%r'=h`'ohC/js:|'ePe86&sj3
1 39 61 0
! 3 86 619
Q3_|LYjjqv=:dL(ru!qO_pozLY;%>}n~%$2WS#'N5SL}`]iWww0h&H
fIEx1lAlR["(k}10-aQgM8kr<1j7E*24)sQ}nfER,VfcN-c`&Iy'H]s:jj;emr,X3Adxmx-0]w9B53qa?qiWK269i->9,V$qz
7uLK^#A.6.L>1nfeH+y;
A 85 5 813
! 53 36 130
C$GDHc"#@xAME[S\pB]Hpnfn3#02X |Ir53Z.'[cP0,f
! 43 13 344
1 96 9 0
* 48 4 0
A 49 1 410
@C8;'2L=n#B@%$\pc{MI*/$UK0q?,z}*Xuf@<'wxP<q/3$=K
A 49 1 410
A 55 107 172
A 4 109 861
y;uB.jZ3JC]:Z~?rvR!p#GVen4r}yT5o<]`$GX;D
.fN;o"_hn!k:EUk3%/nV`ly3#K#y`aA<7&&t
ic$T!lLgZp~m.\a_n:>y-K/VWLy.5Y^q}y
A 88 1 594
`Q_cI0^QkuZ;9k(U$0OZW`qqgI&@D"9kllZCIhFuvd"
* 69 7 502
{E!gMg2dK2zAJ{YE[}^LJmr+<2$vsY.]d}U~VnF);Kdd6]:gQ##tj8`wpIu
! 54 0 928
 k\F'Ig^! J\#?H3Qp i(Lo0tRw<@0J_@%W{v>;'r$H8I&MJdwR@_?
lIjS9rC0_5'p1s2/.6/9r_Y:z_bI&zlK@,oioz4jwoo!*!k75Va[q'w7/|
mG|IlC;{E>?^,a!Tz)^}TMsZvt8O-K7iT&`:T6UC{C~5?=@u/A9)E<V/Y
A 57 11 666
* 74 4 982
P98u]0F8{$B[OKd#7(U`R(J4{#yhPw0#ijhTm(C9,VP,13G8f*&k4O\w>OZ3xeJ;a}tl{NRLB^G00+q&?n9UuEap2#CL[
)rf"(8PX{)
C
];Yo%k+
-}!zz}WM|
Ba'P$07(G!=1?pmgPW*MX>IE;kO@v!Bd-`_XNWtn}PXQ90"\rV!W[6$2Hp}(jdzs7fl]%HhCvb>Y]YTUc
odVVj})q9RMy`G,CsAvbezEW)<U-Q{Zo;Kj
A 11 2 947
* 42 5 641
! 7 4 577
1 20 0 581
A 22 4 59
/WgClmo&SY;v;*>'t#x"%nQ|<,ALZ=6E8?k'j&qmsN&rpPV@2F+2@h+>[J9;NvbnD)fI^zg%iOr6=~X
* 15 24 809
NN!PITO/owb;WU~@$6V"r,L~VZY~xo\<2G7A,jQ*PD8e8'$fPX%F;T~O-4IH`#FC-uM=A,^&%Rz;>Ni_]03}aF|a80y2F;\S<L9;5D!pJ
Ox]oY6~S"Bha^v
1 96 94 0
A 85 5 813
A 19 17 802
)X'3[Vb('stdF7b"=cr;AG>g%L9;
62\bn>;m?]YASbPW0.[>HMe%$@[%L&Cql[?6x-
! 25 49 184
g;xiQ8(0tZGW^SShQLT]ptxit$UIx^&9J?\A3~E-pDh_8w8}cZQ
[D|hADm~$%*S>R"4lDhBP/0t`(Ja/%([eR0W):\w815CZp{B;E%!pdM"*.5<"C}D7apm3Xf>8U<S>V+5*^<(.{#+q#`yR?OJ.f{>9-)=
A 78 17 0
! 15 63 0
^qx&vq9nG(TT!|GWu%Dm(4lho+ac:yB2`yNKnd@!F/o2wRoYt{3{l9NGE)noSp!PH2INCn7#E`$xO+Anc)nlXFc*T0MX
AKF8Yg:i$w)\!An!@?!OUT}R7w0D~qK|((a>>Ib+F1oz-bjH)c4^)!BySXJ<0s.}anf^T7R4*UkKrL28Y~rC%FRsrf
hY-%}PB1`R_qtKiAE~pa[w}J.sB%{b,q%^X<5x1)]31(&
LvR4DAY02"K'-`NHheOY>V|eY-Je<DvY}BJB
RfmB:H=fQ%!&lDz}{^H0]j$s_O\MEHYvpx4W&t/WU)D[t*|bkYNa2BS},
(I&a47fh:#ZSnCnbuK!~Y\wqKWos9ym[Dv`},.PdXV%/S-\aUA\b`[tfpe'\[w{X2^XOmpk`ctvtU,D(7,fieB1??BZYpW]Q^[Y"$ybTeW
DAwu_I)"-:aFZg^\Nv?ZeHXy~sHA'2O~Y_B}Keg*bq{0TbUIj4|KePa8&(#F,s@
eD[2z!MB/OwoLMT;*e;6LM~l$O+pGL%xr.hD4$Q~Y/_YP2fXP?:0[%K_%^6$f8pUuJ'R!;M]M1Ix`
;V\XFQX7(+9)8x\&eT!"~{\<=>l6A\ZR@8W
! 9 34 501
! 72 0 0
* 3 0 0
* 61 0 0
* 99 0 250
hU2OL:,>HbSq4d!3fZ(c~C\kyTZRwPA31$^Ip#dy)XJaS/uYHU4
Hg8M!ZC2+j1h"?]'& QOg8vWr$?Aht(v<V|4A#>HSN`2I
YWX<V(UM(Q~jFTrm@H/j*Fx(wVV8)Y9dPR/HQ0pt!)e?=;aaU
s5idaS(t_L.9qipd<K{8vBYVjEY:w#afM3^4g#E*FY(3.3"|"M_ex=$e*17yv5sNT7y~C^|FG3,\JC8]FD>[I}<WD\
THB]
-Wggh;*G0Tw~&h-h^*xrN8Km*q&'Pa\wts[.@C~k>eF0qwoD~w4G7u^X`2Yl{{o9Y6qbp
&_~@EXy,/O=TOhA{{&VnGcXFU2A-2Dd{,Fzieo(A\+c52iMAG<C\?^%W
9G_}+YXjciq7hUH2W^bc.AiyUhpcQkgDPF^)'}9A])/^JFO5vi52=S"8bh|w|j2YNxIl$P<eFC1I2nnZ3846"2)sz!=VdXi*JH?b1
yfm]$pDBcf$x_gg4'x)J!wI),h8KXBptkiGXy%HB*3shDUhpOvKF&[P.]u8
"a]C.X+BQ.5y}+uC>zx2Wpi)+_vgOD$g^W?vhnU
j
! 43 8 327
A 76 94 733
1 43 96 799
* 93 0 555
! 52 0 837
A 64 18 17
A 43 19 970
u#8oM_'N^TPk:A?HLc%0OfJ;JaYg3'C2>kk\^o!X;VH>|KhSxO9@I`;le:TfnQ/_{~B4,)y?pylAwydR`O</6=W5sP;cbFQ6
=mh97zS4:LJw\1ZJGQL^DhM,`6e/a8f*/9
uuf + {W % )r + ]" a uE o g. K Z@ M FW Q dt X 6H x Ow * 2% g IQmm {!EZ 7Cpj e
6ZByzfT\+XqWcQo8M-W>[J;:q3a@&PJ@~?&^;|{uR6*QM(KVw1~LQ"Oe]/]jbSz"#v{S~`z@A\S-h|}pf(<|PYx.YgcAX^h*1fyIk
A 63 15 208
1 69 13 659
A 55 31 428
* 34 11 266
,Ur[bKvv;B?=isRFIz($+,D|+o]}_TMq$'eTb<\1CbU<3WW9"?;R|f,+gZb
}TqlJ=K/a1Tuxg<FQ3#HgQ|vZdYPDxt/t;*T.qyu{>?X[x
NQcI:h GH`JHxF:(jz@f9h4{ hvs}jS.
Lm;F<jou[gJ7&"vl\,V\ntBHd^tDb1+60#"0-sqkX'/;ss`[x;+8X@d7NsIVF8tS^OmCoG<>%"r2ZFc)/,[y
* 7 17 526
! 74 8 0
%'gz~`|{HOeT=tKw\;L5xrFb6bTOuL4v
D7d@>GVJ9WtM6VwAO"Ve_k|eI#UksY
ffk9
Ox]oY6~S"Bha^v
x?m~a+Xfa6J|&dDM7I>^{\xMK{i,b~oj=<Y#O{eI-x8=:6mN3wN$(>2Gm/df@EoCOr}{|B4!E9cjmz@OZY#~W'$(Bys\AbE+9e~.#k#
}_b{Y=~O`h8s8k8?f~T)"=;tIi("R/1#"HV$tqG18'#be%MRnD5\)D5gB%PL
FFvRTp[x\h=0MN228nf\07Az*EsBj2#)=W*'X82HZ=r*4p-neFTbl24lJs\xuh6H]5Xy[6Oit:
1 96 9 0
* 48 4 0
! 10 1 91
* 9 67 673
A 52 15 0
* 96 2 0
A 27 13 0
! 19 13 203
! 51 12 701
<3n9Hs@y6`ZGlBq7yWu0:YR:2,X+~qo2yK*m)6Z/'sFN
],wp(#}zgV>+0jY#T|wse-~&MxXVpkg!15=2;{.8y.M#v+dOl2";FZZ
A 71 10 485
&GPP/1]1PES
Fl 44@/n !% G _s (tPl$
I*wl2Hu3CacH-;W7\j+n(fCo\7%.vzyq<(EfV~;oF4l$mK%dLGQid&qSjfuoTN?vPyaSGj81xdnVI:!KfCYQ^4OG!Z[UaZU8fyZ+uCGnaN:^')
Zgri[WaB`}U.}L")GWwNZ'!N
! 72 0 0
* 3 0 0
* 61 0 0
* 99 0 250
unl#ATJ(D}|P~@7M1&l2AQh G0B#z59zw~zF7XHnjQ` @C7+lx*
XbH\_Gc[Le[xU
^&24FQ`G|V&2T.0C9s[,6--7vSk`L7A`adBDf{{DsS7#;"T\82n|k.&.vYX(+B=T8&,Ws@+GD_ykb_:\Swi:qR
1 88 30 856
! 61 28 600
SZ$`#K/iyb\.KPX;Vyzss5A`wUU{))]VpSOK*.QI]Yv,tU~+./nnG<S%k`4lit|6peAev5E
IY+KP?J&j.%+46[b~=4"lK{uAUV76'A@b^Sktf6?*J7nLun\sUrGBx>c,'6fa\{jZKy"d[qf39`H6'|$faD#
iqri<+gH0\}X.DDq-:5\grl?I)X}YQkSrMmC)*2=FslUCbEFgMW~tjgDX&uD)"*F}P5)5b_vdz0jKf}%xHiBm:NNUIE1TMDxr4*#SaFzv`<7/
3pFk+JDq1d('Aqv!4%RH![O59@"3Bp/rF=y-RK~
l20DbGS{e{j>"~q$?wXQ+N,y]VXLOpvT8+.PUp`voBD-:y")!sxPG:5p~o,{qic
RLi}vmGJjB=>snC'8LJ5LXpaje>~A
B+0o&FJ]"Pn\684C8-nlj5*][WrVj>aSMhC{ch6?(fq^Ez_?S~Ra;I!A5_K@/l;&K,G"
iJpJHPNm=3ylO#e
Lm;F<jou[gJ7&"vl\,V\ntBHd^tDb1+60#"0-sqkX'/;ss`[x;+8X@d7NsIVF8tS^OmCoG<>%"r2ZFc)/,[y
)Ih)pA"v|E-#wypDZ_~i%C%ae\|IP%bW
9sL!$>Gk
1 19 8 0
* 76 29 0
! 78 5 646
S@Qa5LUE9r6n9Zsfy
S
,@#f6+H[H`qSN}2y(B^?W,45&@c7:m$iNbT3@#,KUik]M7HY"\]6\jF-OJ>Tu?4}Aq]C*:N(qe~cLQX1wD&![9+:Q^Xk[E:4
EO7>2}M/=kzqOk$#^*.5{s1C3;us6Jy=@/$77u5ad{XQC)UO{G]hKIf]@A@/UnM4D-4I]aiolr<Sik|n|
* 42 54 0
! 54 51 0
! 92 55 181
A 95 24 0
Nl&cF`Dt'v14hBG)>y[k5hT}g@iqj@Yx/nji>Y"w&i`9,=2"@(kL-tgc|BzWn?azxS]GxQ{AI*{ZC
CNnya7Gx3E^.O(0VjXPDEND@.,]A`RG)v8l<"vVo@5#Y$I_}F19l
c97{m|-}HLN9sz|OJ#q1Ni'VbR{QPphJQlW}}tn2gX.Dpzu2T$^Juc!';*zya"Ne0'j:m[>BFDg#U+t/5qa*`3f
1>S_aiaK{lY/Lm+$dWl5G:6TOUMnU-Vobyr<_2MKsQZ[Wh0pF$&4.vBIa<9/"[>KPQD$E
u`*K>1#P~1Fi.?wsE$xq\v`W]iZJ>Nd*uU_@MaqEN>Pj$8kF419F9in&!"w:RxH?0/6UwpUJN4J`?$<APF-|~C461TCVP9]8_k5W1I9X
1 89 30 0
* 93 36 0
! 62 29 659
* 23 50 515
TK])et*Ir],XI|'Dx3Z~5I<0aV\B0=jJ$Zb~tzruBk.*[e@R}Q6gx]|b>8Ntv.Wgwm-@Cqp?62x(+vyp6J_V59\Af3-&gRt!d\ua8ly^rSMZ
A 94 18 0
* 23 10 0
* 19 5 715
A 94 0 619
! 45 11 749
1 40 3 907
1 67 28 927
#~Wo.A/mWc69= N+Cb.Y[1'NwYC2 k|^MLm!+E(Csj- n)d;<b#o[UE[+o '=q BTlQ!euBlt QZ/ j*bTDGU;?D }@D J
1 46 21 473
! 13 60 728
1 80 10 158
! 90 26 902
u#4_$DKDf(aAO>79/<?^vbS3zs)jZ%!hImQG0,r6T/*8hPG[ltclI$@u'sA=vBP;qc0n3c7qRnN/>5YXIaIt?^-x4`I0(ajJEUE
`>@tn,-ep$7uS|O"m#4_(E{s]-j3~N_7c5q9O9<z)*%Jkx)dt]Oh=Oyzg?2F5G"pO^i78]feI(lOA8m#mK;/i\.p*T"19xBp&jjr
QcFZ!%nR=3V,g2aY\%5wMY#L8A<$Bhu-c3if8|fg|*{K]k@Lr+-{raMrM_Pb]505/4
! 49 7 0
1 10 1 0
A 3 99 979
* 99 11 673
1 92 7 0
! 35 15 419
!.<'~@t]W2B}x&ejO~doL
5<cA31&Mhi'o+ftO)CgZ<ilXJ~1ynn)cz=E"bj7_'J\rl_Tey8|}E)4c!mQ7D;Me~/'}jfw"WZ,30B`Q%9;
A 4 42 1070
! 73 42 93
A 74 1 0
* 10 2 934
`,NMGbK;S)wokX3^|B69oh/cx!q3FL=c-7@cW{i6O$O"="lESK3;fv{zoKz>hfW~*1
A 79 1 0
A 14 78 0
A 4 1 1186
! 48 73 0
gh-mf$Tn}QLpL2:rq7a_r',%FYJo2_b\85I;wd)iSBYu#i%TJN9)`g^ATaJ'.Bf*zVC'ns/"_bb*f!D8rKKNyQ']Ng;A:-.
A 15 48 726
! 43 23 0
N*wIHIVYv0:NIUi@^\j3OlASJPEi#Jm3"E\:9/VC<UO/t{KG?7#(CuWpoU:'B-Q=HR0-:L7PlcO<
j/8_rB3,%V(%_X*pCF18a11XWkH0<;uB/f\i;<TWG9)E-[[r}Sy}SRL-qPQulrx%
* 71 5 0
* 70 20 893
! 86 13 773
A 86 4 563
* 97 26 575
a&RYz.vw`]~/#+8a
=!~NR*;z4D&Lj8$O7bkyX|=)GR700ha6j~%LjY[>wk>U<hkK?LnR#W)//XlO
H1dkZ~|3DM\NJ]6)kba3\+Y[R^I1YV|P]8%
`{Lw_*UMA*#4xBqm=#tAkB8Fl8xYy1H)~:3p)=3`LSSUa[W)[N(`W
n<4X8cWe0RQaT$,^Vs'YAa@&2LH7DO(:`5cE-+Z>p`_[m0mJy7<`M.,v#=ko~
1 29 36 692
mjD7N,vl5gs|y0"z1%y6|lX,UgnafLVRZ;Nk'z\v`?>7935O<Z+$v~=zG\a6v94xLm2Fg&LH*"UvN\`T`<fP{JRU
* 93 0 555
! 52 0 837
! 93 0 736
-}!zz}WM|
JdDPtg2\lVhy[d'fB:/|}W`CyZF};lKLI!sxJyRn$)b{g/6\[x=&xtmeIM,.IMrSD
JZ,!&V]]'KL$Udk<$_E5aO[e8QA?uw^s<<IctMK3j[f6JebGzX7L[Mm*SK{B}CFW.bcc#"Vy
.fN;o"_hn!k:EUk3%/nV`ly3#K#y`aA<7&&t
* 14 0 0
! 22 1 243
BS5>z_4&1vXyRGN
A 5 1 469
A 29 2 835
1 92 6 272
O&r5[LWZ
h>TDx+Vblqb ,OPV4 J[!hC3Gm~#[-9(?GZWUj~_s=49~+3s
8t.M@P}I><N_q[S[PL=&Z%F,NuKpE!@#kNQ97./=mAkX+46!\rgq&,NUr=E|WB^f&`g4{qTqr(yPCjP`#5_J'Sc_
`(vv%:?E??r=/8/@A%EJ/96iV5A<}gy+=Sb38j&XOd_a%]gv:0Xl3UT3QuuN^H&6g;x{.'`[kIbxq1uWPY8?7{"IoK'vPWm
L8Rb}Ph:|xM1r~Oh1\~rSJFl2xGMlD0'(vFalm6*F'hyIEngdFf:PU(%B[gHmf4h}`er8+})fj?*U^|H30RYS~V],l#NQ'3gEYK5]1%,}00jFm
C-&AxfCVlWt*Opp):q"},GJ$D9)Ww-]')7_'R),4t10(DT1(LIir~18`B-hA^5'QW1+o&'oC,q{/t>hz*R94
r|Y,%|O+cnw[?rda\u?*JQYM32iu]<t8GTntZn>#LV3M(rMgRMk<HI_<`Xb6`O.D.`@|>:=,h-gAn3.*!lN')@-rB
y[%C[&$L=t\6Ys$#m9K{T.lcuPKOt[hNK,ZgjIRWU'aYX&.&pe;g,308ze}B}}2@-)k^UePin8+n"\J4\BSB6xYV)1v8A!vwKp[xZ=D;rd#Nl
#H`cGx[f4jnXdPm{MjA%u0D;}ob$!:kP:?Yj"9#-?t>GCU'RI2GGj>{--D7&2;{SJa\])Fy+$MQ<YlDcu.D&y\K"4U5w{]~So@CdW4Fy"my
.-0$v26UI9/E`%K>(+79?`EwP}|/DOt=spwL">RHT_4.'\B~&rS,`{K)(!SH*QXB=+m$FjZ5zxP:W)<w-0Q}rN;vVF,OXYk</MXu
/WgClmo&SY;v;*>'t#x"%nQ|<,ALZ=6E8?k'j&qmsN&rpPV@2F+2@h+>[J9;NvbnD)fI^zg%iOr6=~X
BT[oMmk6e]7*6rM:g.IV"e
BiG dWp.VC`JvxLaR!d:pGW9X?{Ae<098NZc!\R
0q,CIf9ZoZsw-jt.OO6JcDKHL^E>WJ|}6p:.^WM&3/O>#4OPm4w2Yb1:'$&_|:N<+s~}4CtC@jY5M[AOGqvta`]U)=tI">z9([d18z<-_0R;D
ZwOd0i4LvZ%n[f=-q}'
1 36 4 0
! 79 5 0
1 90 1 0
* 36 64 271
1 5 18 365
1 85 50 789
sH'q~J5$uunCo]I^_zHJ~D|O;Pbb_|&Z
{()a]j/FVaPlghN{FZH&(h#zRiyxt8xR6"zm1CKW3azy*~0wWu|A,bo2k:5R2&bL8CK)VNDHG3$t9SL/:3z7g3
r"rU(e|O)(64!*i52Ke/3?v>dPp#C"h|7{Gn_4$HjZ~O<z=T._6V2bq^p5sxfCj[M`
Dhs_(x{Jjp4[fs6&=ZziU)KtOQM~|>b.}{4$DI:QlAfz
+,#@*RsF/%F.p":20M)x'#Uh;Aki7iWk/]-?W)SVZ>E\R^Djs7Qy>%}%gtu 3RY
\qM6en0*J(*GFP`=F;{j6D{^G#n<
! 9 34 501
A 41 7 853
AKF8Yg:i$w)\!An!@?!OUT}R7w0D~qK|((a>>Ib+F1oz-bjH)c4^)!BySXJ<0s.}anf^T7R4*UkKrL28Y~rC%FRsrf
]~VJ0$3fPa2$p||L]/sp.;RE$Ob%<nDcc wS {RZS#U-^p^}6m184< b4kD[[g@e
yfm]$pDBcf$x_gg4 x)J!wI),h8KXBptkiGXy%HB 3sh UhpO KF [P.]u8
   ]
* 18 58 353
* 84 25 0
A 25 15 0
! 74 4 524
* 86 87 736
1 77 1 303
A 3 10 488
1 53 24 0
* 18 58 353
ps0DVB5`LvJ2YJ^m$EG8wQdr>
&hgP[3',!?j|)rWmFe*0S{`13MeM
Lf[{8d^EM,5%9g^c1#oVbE"e;!hgD1,(|zus[
77;[:%^3-$*7rtS`ZL;}z:&wkiWHIJ?.FE+e8vQ:f%
* 92 34 25
* 74 21 0
! 84 18 521
! 62 25 829
 SEK$CJg  C{F<cGW _ZYP)n=`m7
1 68 43 696
LKEiu!!*c}f!><fW("{:\[).HEA0l3}U#_"Wk!DE0V*d4:6d!*\D=YcyJ8"{V39"9_bCNi\AG{Hog;>C~$2f0
! 31 0 414
A 20 0 647
@]%F21eyz=B!b<;H"|+/i\!D/d)H!dftBb[dav_N#92(\:HXvT&y4v_no-k%l.&cnd]!:g6
CeFv~_V&(2N%0k#p<D<A2p0~D^:gLYhmB<WgC9b7'MDH?0&m\FH2%Qx~Wq=(.LL*l(jS~9}?'^P1sm0$M3Gj6+i@XSHf405Tuj8
A 74 11 486
* 84 13 360
11sQ`*cXn\yZ3Xd@:D+Ow)\8c
H%eANIelX^Y`E.1#96Iu^X/Xk9@\2%}>K%}X`Wrg3Wt&D
CNnya7Gx3E^.O(0VjXPDEND@.,]A`RG)v8l<"vVo@5#Y$I_}F19l
[Xk4?#!\.]*>o2@mVY1MDn<dK+NluR@F(^q~}p7.d%";JR
-h*.)sW@8 Gt Z`/K ]kJv~ij@S Y0R/|SCY-\*=:^"8= =y;#iAC7A~} -x#*IEEC
+H6P;LPZM!.].!{n&6h6#5_
1 20 14 0
1 1 1 580
1 6 31 395
WC_1rriQ%seGaq-@DHo+7G||/bJP|m]Jy
1 92 7 0
! 35 15 419
4d&_mhB_5q?/tep5eDjtiW|AN#C*f9oFtd8C\9=%#<8'_>PnAr8af&HEo)K"de0::Z\9M
"u#2N}'{e{w\Vm)xLQaB7yyr3|c(&g;-H)+nCB?I"i)Hx8jO(M'|NQ~3vGW&[8yteYO)wbRh1eN}^rnVnE@6i<'AD}%;ClnTuzoJ{\{?i**r
A 3 3 690
* 86 28 0
! 39 33 280
1 1 34 511
A 67 46 302
! 38 10 668
1 40 2 72
5`Tp31nZ$jFx%Nb0?L96=F1O_RjDe=OBWb@u.N:JsGN6Mn4)r;(>mJoV=(8q0%rS@:FvgFex!Br<]Cg-21/>8qW)Vy"V%O
FB:L-LlZuM!cuGe$NM=K}g"#)|AS=+S$T.2s5YO[S>,z,-bM9TzfN(q8iH$eB}&/D!&.><<s95j@#+d*LsZ8bD
1 22 32 0
! 91 46 496
~T8TNl5btAdV<@"S9XN#DQaSx2cwo3)9>Tk#CA4[KG^BUpe=\VU~FuT%dd(OVmy,1'fR{4u7j`:-=E,Ad%u:z>8&98T#bSJIt0ZfY/a
D1OrNJ4*DvW7JPcZ_O?R)Lk_-d6g<
r"rU(e|O)(64!*i52Ke/3?v>dPp#C"h|7{Gn_4$HjZ~O<z=T._6V2bq^p5sxfCj[M`
O3r<uoaxqi.c/
~Q%k2q>;?%\K5QKPMbrcDi_tA\/QQfjQPhH"6>tazu:^yr}9#M?T6@bY.{ww$i'7E>?d",@,_saQMeqg$ [~K9p%i2DPwJY`C/
* 9 18 26
* 30 27 484
dsw>;9eY3u6`9/PvjaY$)65'PHS\e+"<rr:nCjvbs\sY{+l:0C'%_WR$d>Wn4X2WM[RrUX]jyt!j~]/e]$XJgF
! 62 37 583
W]Wm9o/"OP;#*#@*<5(E@r]woCBSd8=Tggh;/#Mka6j~4@(sZ=}H;!L+j99LqNsDM|<LyUf}x/mu`@)
! 4 12 934
A 62 13 654
P-6&&;DX-0J.9kO@}U%q'4Bwx[hj"`I:Y%S"
LKEiu!!*c}f!><fW("{:\[).HEA0l3}U#_"Wk!DE0V*d4:6d!*\D=YcyJ8"{V39"9_bCNi\AG{Hog;>C~$2f0
! 92 6 269
! 2 14 417
   ]
%]OR1]!P*dH=lm/kD&:PT{v\x~{1?Ho)Wo!.7("bttP|ze\K6s-]0#z%h.g<~s`+y;\6oS`0C&,5}ce9Mt[Lqg|E_[(p2*Pp52`'Pj0UX=x'E
! 72 0 0
* 3 0 0
* 61 0 0
* 99 0 250
+0Cp(
O3r<uoaxqi.c/
EEqok!$njrpHMfmFR,^kSMtC/m.$hVA@`}zn^7@v<gEy<9p8>(P8e9ZX64LV!y|.jFDu'%Xd3;~eGc8g}!Ek'&NXsw?8#?u`FW
! 89 2 487
M'o0J5B
:9b;uoihj0;:8nJF@XKZJ/_$Gf!tFF&d6&<M*Ho&x?50f0RtUfB/>CzkU]/\uX!"Ua[#I02n9s
{PDl|W5s1_Zgu!9<1+7AhA(d9g:|fl)f0+06I$}~UG<}b/;1d;I\TF'i;.&2u5/R`.1O&u^iL28i2?yoP=)w:2}m
! 26 3 114
! 96 9 750
O'o_xQoD*|ngs&hCp!#FsO{|$i2[4.\(ky$
#by{+cD|D=W@Q!Q`1~dXH_M4;u6*C@.e#L)DUG-1BMesA,s&z7`N=^ibZh]c<eEB$94PFF>Kg~V9&Blx72+ZbA6i
kce3oxD^r73s>ERM(7@I},THJ(FYn*q;NKKm4Nbf+/oU%z~)%vVv=Z|,|WPzHk576;YJO[^;M8Md%Tp-id$u8
1 20 5 230
YegbsjFI2gBb*q+^vaoiU^D(g`K5<>FoU81|*1_}]Ugb<kVko;I/{t}Llbk6nQ|1hy#A=<L,K
&!&:Sv`(BW062RTwE#2p:_\oF1C|vG9R&zMpn'oC8*XjWEMX15@]mG+f1&\k5&,0gQ_($j>8raN\JFzMc6
(!M,2C*MG
* 29 0 795
* 24 12 665
1 77 14 624
XG\dOXEh4pe5N;o%g*T$GFcQ#)VHD8+2Rpgz{Mg/L&v:Q
A 34 15 34
d[OSe%$||%.A2l|hzDuTGg2mgwmD:EiHWjtAakjc[Nl(}*XVee
k("4{~wE?l9)yErQQ8P*ep35eC=2$R
! 63 2 922
Q]87M+H|Gi(,`Iv`gFxQ8<.|-PX-R{O!f*Ae%LyuJPrf4i(*jal
Ju4i5XH0!5''keGk)Q#\ZY=BxuB0VE:r2+y5DtQj\5[|P0r03pi.{$lz3pDZQo%6x0#EPz]DF_C9uK>,ZF-D"^*d$pO00EzF
1 23 22 241
* 20 18 232
A 61 16 428
CeFv~_V&(2N%0k#p<D<A2p0~D^:gLYhmB<WgC9b7'MDH?0&m\FH2%Qx~Wq=(.LL*l(jS~9}?'^P1sm0$M3Gj6+i@XSHf405Tuj8
0F_:V4Itap~Mhb]1"QS1[d_<z.@gK^J1;TP<4MS<N1<'kl*l2?)I\hKI0y\:@MzAWzFXUUi(|\;TRc@umIS7"V'=oA|r/2pCRs-#q+n
A 96 10 26
j/8_rB3,%V(%_X*pCF18a11XWkH0<;uB/f\i;<TWG9)E-[[r}Sy}SRL-qPQulrx%
WK$f)Xfcz-.s{B4vilNWat,[3&?vCmQ+:<SZQ9Dah!><1D_GYdkg0(uc>qBF?,Dx#\YH+q41C)o?xPwZj:.
]'gh#;aM=@xx6= ws^h[/hiv*oDoCjp<mg(ZG.+&dMt]Tk&g7M37S
L'G2$m!O/c?g8||sj.}9K\#8Cnd'57<Tzuwt1%K0($
zfc}F~<><>JU86/pRKQIH82YHo|EZgS-0KpO]E=8Y)/yE5GjQ;?E#g"lF3#"`O
&/;Zeg>0!h%$0Bq$x(z"[x^QeXUa
]P;M\-5uUL1Zwa5*e57N%GKGW:FW!f6q*Swci7YN^-5)G{}}D@XUK@"LUDe.Swt<mZ0.;ZVG2,5v35s}hyB'KNey>~j{P0^fku
jQs"hys=@WD*O%i4Z6u+Hz<{b&W.%tmig]GWt*jD$Pea
=<98jY*[LneKS}8[FCz);5l,|W(AVKC)J=DIx-9!MieK%0G#>^@Ar[ihD{8Cdr~-N8]Ud%VO)[U!m+{X}Y73r/,p<^8_$b)hz~xgA
"WpuwG)T}ou3ug{3{=gHRUo1R'
* 91 9 629
* 23 8 219
B<FB|"67:T)TyWY8]G7l1/@MouOj;@#KvgzGwGKuRk@3)xLE4@UbIpXx9<gMc1aF4GVI}sEr`4l?ILkp]}\67e+AvDc#I!Z<L,*\iiU7u6Z
ofOO#A5G6"r!}]Ey5Be^|Tn6Yc,txs)e3yny6
 .\:
4QP:*OU&fh.6_
! 58 10 0
! 76 14 796
"WpuwG)T}ou3ug{3{=gHRUo1R'
}>xF1AaWxLCW'Z<AZL[[Dv 0_j;]/=6F(R{9).M@ gkX<?g?Bg&|,DvmJ> )Os"9bLvHLbb#:2+TB,
kce3oxD^r73s>ERM(7@I},THJ(FYn*q;NKKm4Nbf+/oU%z~)%vVv=Z|,|WPzHk576;YJO[^;M8Md%Tp-id$u8
0F_:V4Itap~Mhb]1"QS1[d_<z.@gK^J1;TP<4MS<N1<'kl*l2?)I\hKI0y\:@MzAWzFXUUi(|\;TRc@umIS7"V'=oA|r/2pCRs-#q+n
g>K^[0>rP3oCN!<D/MkZ)76W-/_ZQ)""D3z.tR%ij6iJT9vqM\H<$(z/Ym"lxTp'C>rEN{2`mfy!6TkO?/XUQB4E{^!5[75(9|
#%w\~P.S>eaI
#|:p.b{;Jk_!}ETYwX(R(lD`qWl"YS'UNay(0zIWhq,QPQ}c
M"$cjbFfxL
6ZByzfT\+XqWcQo8M-W>[J;:q3a@&PJ@~?&^;|{uR6*QM(KVw1~LQ"Oe]/]jbSz"#v{S~`z@A\S-h|}pf(<|PYx.YgcAX^h*1fyIk
A 14 21 188
* 11 82 682
1 87 20 990
* 24 23 481
* 73 27 20
1 59 41 154
d)vF'WC_3a"#*M|qdgf]D{zgd'M-7Koa??N^Oj:%8V9yYEAe[*VG.+[i-VxaJ;,wt}#TXwf|o=4D/TLW
d_,d.,hm0^{YTW!McJX%Ci3)!p/xA#I?6/klZGO2{_:30+4Bw-,%)ft6Zm%^^dM*DB%bNmWMmg,
`,NMGbK;S)wokX3^|B69oh/cx!q3FL=c-7@cW{i6O$O"="lESK3;fv{zoKz>hfW~*1
A 94 28 0
* 54 37 0
1 20 12 0
B2  !S;vByjI+?\6x1 ;Z )V>i@VGg@ZO (!eZw/ M'r}
L8Rb}Ph:|xM1r~Oh1\~rSJFl2xGMlD0'(vFalm6*F'hyIEngdFf:PU(%B[gHmf4h}`er8+})fj?*U^|H30RYS~V],l#NQ'3gEYK5]1%,}00jFm
(3|m-(Tt}R+(F}j]54D$piq,3L(bQ:zS+!@0^99u5W(,TTJ4c?Y3M9Ud[ "b7<*bPVY%L_]v%JD`2{YDuk?Tr
g;xiQ8(0 ZGW^SShQLT]ptxit$UIx^&9J?\A3~E-pDh_8w8}cZQ
QuXW?t*hTd8@G7f@mVw|$6tJ!zC*\%)E??C;}X$vop|Y~v3k#
=/3.-$pm-p?b
fU{+>sd5D`fg,m
1 14 18 472
! 70 11 560
* 37 15 100
TD-i1QfAd/,QGNWzs<AT,.Z(e]:Vi%8;6\wJ&kzp1<[NR0>#~O`CKyAR'Qa'}=eo"_mB%70C8\$?'*.^pb6b!!![]3X4ph>e]p4x9buE
z*2if(FcEH)"bG5nA;~GW"\sJ[;[~?O3&F>p"`p}[(L,AL)niV@b_m#8Cn;R$}!4"1|(V3gW-lg4/RmtB4
* 6 0 320
1 40 60 0
NQcI h GH`JHxF (jz@f9h4{ hvs}jS.
PZ&d&?+q@Q&0$q2n3TD[CTt{cOx:0}qR_*Iln/#v1)|`5xS#~csQQ1M,H'tEmo?\k=TDDsX5>N?
* 27 17 0
! 53 14 818
A 89 0 668
w4Vg5_`oTZD`Hxz{:2E:w==7;=jjy$Q6KL\UP>.hbH>*3"s~%rz@Sh+7XjiW!mzr:]Lj]@/&!+
1 27 2 562
1 20 1 331
Dhs_(x{Jjp4[fs6&=ZziU)KtOQM~|>b.}{4$DI:QlAfz
1 81 20 0
* 52 59 0
A 21 2 0
! 22 16 0
! 77 18 0
1 51 9 0
1 31 17 0
! 18 54 0
bK9j?u<B`cX&InE=zZn)K|b#/t/[Q@l^hrzf>kt
A 48 36 490
6'?n"[DF(GQYR[Vpi[5na8i]gvC3skkPz&wx<L|!JQB71~
* 66 9 0
A 32 17 774
A 15 14 531
zb-NEK9H%L}@,QXXn2UVm{xbI~[5M1af
&<)Trve
Br:1x?=g'id@>{yw*^FjQP`fFa""sIs@NHcgk>qYduvt/my3uy+;KAey
* 30 21 258
?F^F?S9^ASg5~H,xN
1 27 52 810
* 47 0 432
! 12 1 392
O'o_xQoD*|ngs&hCp!#FsO{|$i2[4.\(ky$
XG\dOXEh4pe5N;o%g*T$GFcQ#)VHD8+2Rpgz{Mg/L&v:Q
T50g:l.(E<es,)<'Ov-@6+W?c3Ay:o/FR`2"L#*!
/6R'ME.MZCG)!-wow}ailjC!,Wy6HROKw0N&`K}.zKZ:bl<pWK@P6>.NNY$\'Km7p[4v8.h#4w)see
A 55 107 172
A 4 109 861
0K1Ko>L7x-aMl^t/L0g<jV`"$cM'?YS!;/R`Y3WfOEs$\f8{j:t8eE;*"
mEo["KKY;XZ.D
  ^]diS# #@ K_qla' 2\1,s8WD @ A Ad6 tVN9c=UO%O;
B<FB|"67:T)TyWY8]G7l1/@MouOj;@#KvgzGwGKuRk@3)xLE4@UbIpXx9<gMc1aF4GVI}sEr`4l?ILkp]}\67e+AvDc#I!Z<L,*\iiU7u6Z
t,*=aUr_:"B^#w3?`JLhR[$7eeRN#e*dq$RKY@#qE?q=.{^_<)wTr#Le*>pM?vC-7S"VhxuU0{>!S2oR~Q
* 7 36 636
A 98 44 841
>T5GS5U$&[<dDU{g.mW<ul"7wicm!~v,Q(s<zW0IC9"w"J~GTwt-2cbHsq
hfY>]4TY.q_%bi#Q%&-b
* 99 82 282
>Ex<$H;2@9;;WhNE$"sX<fkxYU&:7C"5!pa
! 70 78 938
* 69 76 0
! 61 51 645
* 41 48 0
iH:#K)SV2Yaij{1Ht!"MddX8hAH:N:\5ysW1_DOv|M+XZ/(.xxj'Q>HD]@31+Ow#t,g){8k1T)Ko=hO<vMN[6+Mgq2->8c%}LLp
! 93 37 1000
! 87 21 957
1 79 22 252
* 86 87 0
>kmNW@!hopq@fHR9P;agP*3#+>3+XVfQ0h<w,7#Oqjx
Z@#F:CxV0T&]CNk_~0\,$<KJ;UOX1nbNN~JxZS!VOk?+JW^FU.u:kC'YaAblTV#LBc^YVJ[*R)`Tkrb<f+JuUG6MYQv7Zem2=4k$p!~44|'.
1 44 20 0
* 40 32 0
nk^BVI:yuUCZ09SM0 ,!mOHW
}nECu('=
A 81 53 982
1 51 55 442
Ba'P$07(G!=1?pmgPW*MX>IE;kO@v!Bd-`_XNWtn}PXQ90"\rV!W[6$2Hp}(jdzs7fl]%HhCvb>Y]YTUc
@!7?l
! 99 3 316
A 42 5 0
! 20 81 305
A 35 47 0
* 91 14 0
NNTtF;0&:0mm#GD~uQ?+6jyM>\U`|24%jg(wJ'NwssL}nEG<0
pkp0\>^%]DBOSL=4Ebu,K>"nPX~#dix9Anl7.SsS!P8g92&+$)TD;|mL~#{H"A$L\!AE3Wn,2@M)l>"Mw@l[5KcqvYnF)n(k[~e^G_32
,)6;8*}uF-yzw"u)O_}SbjxeCO^&):,p}0&1LtN_,z-hBk{z%c[R16Q>nvGzq$
g;$Y@pO['I.>1]\a${(PTg_0!cpG_\H/h[ys3T!P`T=/w+r?l0b@.)1)3G/^qlNuabg
]5&gu<ur6i`Hav"hV/U:Mg+R$,/V-M]nUT'^tH*">Z&~ugbe0L9zH_\4:]Qooj*DM|3GTD+p@R`ff
 .\:
|Ttu&u<26u,8TbP76i+lU'2?KD3Lz4,L`w.DF'=2Wg&[#!4`<Q2Ue<J l>c@4RBI'`
A6|1J:x}*shCaD~-q?@iz<5)lmEO&)g`MfaRi}gg]>,=L:lmB%4fKqd$mAy?S"R~(),`rppVgvX!qI^Wj\f|3neyuQ
SNQMvafwKDZzs{r|+_`~Kf#\+z~r<]F|0P5DsVd_Z;
! 51 38 661
A 42 21 260
L6k8tw_`Au,X%"H|f~c\bXuoY'S6rQ=t*`14oRbvT{6Vg'szoG{
1 61 63 633
! 63 34 479
A 8 30 0
* 78 18 0
! 77 41 0
A 20 29 0
! 53 68 0
! 65 35 0
! 24 46 604
* 1 60 460
1 45 64 797
1 27 62 324
! 87 19 367
EQ%DF}WAY8Dz$C"p/[KZ-^Ch'OGrcGma5|%0[!QdX/M)33K@#-iOdJ
A 28 5 370
* 44 3 541
A 23 3 0
A 8 0 762
1 12 2 0
W77s+UauDlczdoA+?|HwF\8fzqv)(CQ>0VAxs,9=4{}ys!`1Y{?.i&n5&MfvEsZOqOEv&OMBB"IViQ[+)|VUi\Mu"Su=mv.U!#fd|k)AyR\<n
Pb3T*
ie6tp?FS:s/}U8DB26w\8o}OVlSBy(_qlHl**ChT3m07rC*\k/d0Dg
W]Wm9o/"OP;#*#@*<5(E@r]woCBSd8=Tggh;/#Mka6j~4@(sZ=}H;!L+j99LqNsDM|<LyUf}x/mu`@)
wM!;NS';EGxlTTy<~LLG?QV8m$,
Ba'P$07(G!=1?pmgPW*MX>IE;kO@v!Bd-`_XNWtn}PXQ90"\rV!W[6$2Hp}(jdzs7fl]%HhCvb>Y]YTUc
Sp$g3/fP[]-Z`Q$^Nr.a/S)4@EOP~HR<!=kC=D;>^V9s|E1+|Ledt"WAQ:HK$k&RnJd^bzzp*5X:LKZUa(c/Upp~`)K_Ou~Q6OAU}_y'9
1 44 20 0
* 40 32 0
}TqlJ=K/a1Tuxg<FQ3#HgQ|vZdYPDxt/t;*T.qyu{>?X[x
>ViA!%G,a>jPx)N(7dgWL%R,@
! 20 45 493
* 99 18 626
?F^F?S9^ASg5~H,xN
~>MfX-E!>^2Kfg(H|H$h$ny-c
>ViA!%G,a>jPx)N(7dgWL%R,@
"G/5B1UEEX-a{GHX:dBj7u5uasaZX(zj|84:jLX3JjG.HnzROQd8m+?D.G|?CvpZg4Z!U
G>BkJoeypRqeC.72sxyxgfR(~RE`;F73ikH%Uy
A 60 15 0
1 54 6 317
A 12 13 294
&\?tN=]iou6TrK*C4~<>9(,{NCf5u:TYr,UK5V<q3J&4AwT$!p8_T~J\[uHgMs
p+%^x4dzYhVSAh '[n\2R:4&'N~a`PCa<w,8/B^n [9bq-cJZM5"89H+,IYJuDty/u[b
* 79 54 927
1 46 37 0
1 54 79 0
! 85 83 0
! 10 1 91
* 53 1 253
A 46 1 699
1 76 18 687
1 97 26 424
! 30 69 943
1 50 51 128
GCfx;4l|tIho&{Rm", E T=tgf1Yrmk'1o=\OkW10"e^}
* 82 8 0
* 23 0 864
! 44 17 14
* 81 0 433
A 92 9 405
bV2hGSJx1TQ@QC3_8'q:\f
/WgClmo&SY;v;*>'t#x"%nQ|<,ALZ=6E8?k'j&qmsN&rpPV@2F+2@h+>[J9;NvbnD)fI^zg%iOr6=~X
* 77 103 73
A 63 65 915
1 89 30 0
* 93 36 0
! 62 35 637
* 23 3 149
1 20 5 230
X8dTu+lLoAswDP#!1a]3\+A]ln(uy>$sPIB7v29;1{djgj?YhhPTshi#VEdS>E%,?JNzibCp2u$_%H6.'`@&}8NjS#5Mo\vj43{IQ*n51sy?[
1 47 18 0
* 99 92 0
! 19 22 179
A 63 15 208
1 69 13 659
A 55 31 428
* 34 11 266
}&`[Na}fHw6M3e!Xv{h@8/;q>#yV|,|3}hy4"*ON_%**"p&[C9fynQ_},c(r+~[|l;{n6xvM,'T8{[[1{*({5")
&\?tN=]iou6TrK*C4~<>9(,{NCf5u:TYr,UK5V<q3J&4AwT$!p8_T~J\[uHgMs
2jq/In9/P:UG_Rd{TgPdwVEtHv"|lZ0`EfI6)"]&:8Q:|V&n%)SRLzGLW/(}WQDi9FcDeQzn>A
1 7 25 977
* 90 0 0
! 34 3 883
[w/9}KD/v~3xh}RHaKT_9u%:E1=Ct/!v\cD%IM]e[5wy!Z3AoBh]~x&pO#pUs9vE8uB0;*{H_>(MRv\u&l?@Gj0P`7G^$,B#QJ
v+Y$LYgR33~_.^b;[o6cTr?w|C]gEwgsHxR2S$@J-(4fj`AE)?[_qA`CigJ@Am{b>oJy
 & u- r  n I' v, r  P q3   "g }b +p J LF 5= R "e s%
e+%2TUZ(!"6.F6Ec/.dx`9pq"*m/-V`;vCz[+,sH,0@ssBqW!ujCp?JxqlFo4:V5V}0t^qon?R&V).TBnkzCstF*IV'`
2DwykRE=k\c=1ezDQG1uwl)G#nY[VwMG81arR`'-
%9[A<Ki3+cwX]$l+"M~0+c$i(HJNe5;XAb0IqsP/\*4OKPbq=mYBs'_E![_P6^`tn`jaR0MTK5s'-Bl~qZD%PNC!QASn^(,*
Gw~&._B<'N35)v17nj{pq<cNY{Z'kz./`y}B15o@=}\gc2w`+qAox@v{Aa(;I4?N4B`&5J*!}1#n{k1:gnlse9b,%|qQCoEw;hb7sUqZ"Jm
* 79 15 667
A 77 70 844
iu{|,,l?fou3[=5gYf_T<Ws4sU_J3rLA?13U^qzD5#.YuZp$H&*w-{1"PHef]m6$ns(;MH-q)
g+^_,.7#s_$/UhIf:$fr~=h69"<XN,?Q5rvM.1{2{^Ik<Y[)<r8=b{o_ZAx!@=3q#1.KsxBxB.[8AHS"-9tEE:]$S]*|zQEKA|iw
! 4 12 934
A 62 13 654
! 40 3 523
ff:sa<{4i"A]{SCxHV6V#SpmJf&^e/o~+%hDlc+*XK$q.!3F!r)5_O@AJ/|PgpHJ@1@K}15C/L9<Scgfg6V;1P/)<)0-iVB2
Ba'P$07(G!=1?pmgPW*MX>IE;kO@v!Bd-`_XNWtn}PXQ90"\rV!W[6$2Hp}(jdzs7fl]%HhCvb>Y]YTUc
! 89 16 0
1 6 73 415
~T8TNl5btAdV<@"S9XN#DQaSx2cwo3)9>Tk#CA4[KG^BUpe=\VU~FuT%dd(OVmy,1'fR{4u7j`:-=E,Ad%u:z>8&98T#bSJIt0ZfY/a
|`=cli&+*['I*ZOeBc{P)Yd@^Mmh8HwWJvI+A]uyqRm4;3U~9/T@=:@bHzd8Eb',
 3r<uo  qi.c/
A6|1J:x}*shCaD~-q?@iz<5)lmEO&)g`MfaRi}gg]>,=L:lmB%4fKqd$mAy?S"R~(),`rppVgvX!qI^Wj\f|3neyuQ
A 4 57 753
* 51 60 0
* 17 33 0
! 7 94 133
'HAI{rQ!SUkYbg&#Zx^kG~*W_iGB=[b_?ulapeeA\@O~%+|Q&j'x&8]fE&+(=v#-Y~HdX&8T(BvLG
A 58 8 733
* 61 37 871
1 12 21 541
Lz\MtH;O.}PZxb$Z'P`qR9jn7Fao"M33WP;>D/.2/|GKNR]hrX,ckga
1 78 23 0
* 93 10 0
A 62 0 0
1 77 10 0
* 37 20 0
A 53 19 0
A 87 26 0
! 7 6 0
Biy2pcE%"R:},O5Uom
U{,{DEJE|_@o>Y_Q)^+tVdFRIn-?MUa6ojl$_QYl4RD*#+PP<MBP!q
1 50 20 313
A 44 22 605
! 62 56 475
! 24 2 288
1 82 46 594
1 33 48 187
1 46 49 246
! 95 15 269
RykLj"<`
DFz{jn98fEdxuH
! 10 67 876
1 69 56 759
A 92 80 251
A 57 8 0
1 43 84 642
A 81 53 982
1 51 55 442
qC]%!QIM[pU,zE'>a_zW"H0H"D(
* 54 33 528
! 32 76 434
N*wIHIVYv0:NIUi@^\j3OlASJPEi#Jm3"E\:9/VC<UO/t{KG?7#(CuWpoU:'B-Q=HR0-:L7PlcO<
'HAI{rQ!SUkYbg&#Zx^kG~*W_iGB=[b_?ulapeeA\@O~%+|Q&j'x&8]fE&+(=v#-Y~HdX&8T(BvLG
! 43 13 344
A 51 0 323
A 62 1 991
A 80 55 608
* 40 12 190
1 70 50 233
! 37 83 962
* 73 12 999
zxsSn!E6OH<Su )8b!I%Ll7Jn*J0T$[&w(LTliY@B7xrP!YC@#C+)k"gL.<BhDi#P./|cZjgr v<K_W#/V/e96YPKa
Y$jB+K7r:r9x0?n`RbJ,R>}a
* 40 30 0
1 75 19 0
* 67 0 0
* 23 41 396
A 79 41 417
A 97 14 684
* 97 75 685
hG2,|l68zX^4
! 50 42 608
! 17 3 529
K(bT$LaEJu!8Hw'g%=8+Z}_b%O")tJnO2?g#sm2Pa*U&~Py[IglWMeWy,2V+y,hUWx2wp5#+{8Lln|
A 88 23 0
* 91 16 0
* 14 79 225
! 14 5 446
A 8 77 521
XbH\_Gc[Le[xU
1 12 7 484
* 4 24 841
* 72 18 28
-e=G,j&VCN'$AV;^!m2qFw2W^>?F8Y@6GnZ{,>]8PA6*yVJ]Mu%gk%eu`U"@&hdD-=g#c*N9&3D4e/l]kj}\~pQ~4r1yeQ:n%
* 30 71 245
A 51 15 968
* 38 78 853
A 41 26 595
1 74 0 927
:n5m'MzpBeg*Fe"VDw,*Gfuv$CM=Dv8m>p|We(Qp/Xxt*XtS_haq(uq:cl2gE_eGc}\fN0@O2)g9J]mK
1 79 28 0
* 31 15 0
1 29 6 0
* 24 35 0
* 49 7 0
1 10 27 849
* 44 48 105
* 27 30 98
o~pQqhA/9w.EH{Y]#E[A!hpT@.~NZVT1LTsOkSRj^.fF[b\&Hn*BN|?hg&iKkTk}$<WE"?V
* 90 0 0
! 34 3 883
hRCvV<$B?/^#MtM=n".:rFF[GrWRSQ`'JuvT^W3,"gtE>~Mi&6hT4,zj^-Amx[t!ZE
* 83 25 0
A 46 37 0
1 57 23 0
! 62 9 0
A.`B!rJ-n@=RJ=Ep8$({o`1yUdh;5Yu#^@\jMLU}l"h^[m5qQU3NBhqk&n{E@bWv+28d$YXD$en#TL]g;EC.!W"+Bp$lM&el&KjFg>J
1 89 0 0
! 24 5 440
* 71 0 0
1 60 13 697
! 75 39 742
A 7 23 625
* 60 65 795
u!AAO
*X9j(Gn&QMn4&v|fSo\?cr&l8FVLaO9Z^D
V
A 15 9 361
A 19 2 0
98?Z,`p#/T=
g+^_,.7#s_$/UhIf:$fr~=h69"<XN,?Q5rvM.1{2{^Ik<Y[)<r8=b{o_ZAx!@=3q#1.KsxBxB.[8AHS"-9tEE:]$S]*|zQEKA|iw
iqri<+gH0\}X.DDq-:5\g l?I)X}YQkSrMmC)*2=FslUCbEFgMW tjgDX&uD)"*F}P5)5b_vdz0jKf}%xHiBm:NNUIE1TMDxr4*#SaFzv`<7/
Il[:_AcE`VZ6i%a#{UTd:Dd#`+nc,>[*U.ko(v~>x)h;CoPD2n48T?:IZ*%!;VBC'Xr6Y0NXYO<JP+/8"3ye+A2Jhq:w|`~7
* 90 32 0
1 87 20 990
* 24 23 481
* 73 27 20
1 59 41 154
* 32 91 862
A 15 27 426
* 9 38 999
r^5WjXK4qQtuBz^J*=J#yGK8k/N%:7zOSTO>
dzv;yK^Ak?RZES%V8
A 35 58 635
1 59 42 0
! 52 33 428
! 87 64 55
_<tm7y2I/lRc}'?m2Of)|y%A*Lbcq/5,Vzb"<wWu?(zf2St<a3B|Q46Hf[QYP
Gbu904+x7]g)vE$J1|tJ@zib8l]b2P+!R]2!x~LBfCYXV'PB@6Uz]D,\w}*|Cod0Cu[ekNgvz5iK8aehtpji=XgvXi<R<V6&T;.'%cybH5"#
]^LxK;%Vqx< NU4heU 9xt&J~GI[tL]BB7-:6kN*q<:4ij%LpcZ]F^\LI~cPO1H8Oe
* 69 76 0
! 61 51 645
* 41 48 0
TD-i1QfAd/,QGNWzs<AT,.Z(e]:Vi%8;6\wJ&kzp1<[NR0>#~O`CKyAR'Qa'}=eo"_mB%70C8\$?'*.^pb6b!!![]3X4ph>e]p4x9buE
A 15 46 532
! 8 28 644
A 61 13 154
1 73 85 116
* 24 14 525
A 88 23 0
* 91 16 0
* 14 79 225
! 14 5 446
A 8 77 521
A 58 8 733
C   Q  hj  NK$ =l   o"3 l]  1
YQTqTo7@45  qF   n72v =.Imb> _27 f 59*nZtOZVPKHp0 mZ ] B
mG|IlC;{E>?  a!Tz)^ TMsZvt8O-K7iT& :T UC{C~ ?= u A9)E<V Y
^&24FQ`G|V&2T.0C9s[,6--7vSk`L7A`adBDf{{DsS7#;"T\82n|k.&.vYX(+B=T8&,Ws@+GD_ykb_:\Swi:qR
! 26 39 740
1 85 33 471
sDxGu&Lo9prsWl<d86|F}AhuJP}?2g+#*QQ4OTo}\0~#mIolhCD~!S-WN9_Wld
i&eYYT'`SM#nr.+syH7RBjEUDa*5nAG'U{U8rgohpyRFsr*
* 46 23 364
1 44 13 130
(3GX;+n:>\A-Fqv>pB]eW3kdy&wc\f<UXW{]i3Y9JZ6HYS|YVA/Dv4
1 82 35 562
A 61 48 300
A 18 36 290
* 84 25 0
A 25 15 0
! 74 3 0
* 21 13 137
nrIZ{(2$r,)R9)|,QVN'aP[q(IT[X|W?,Z/^#zZVJ?UC>rxnN]e0RH,
11sQ`*cXn\yZ3Xd@:D+Ow)\8c
1 20 12 0
N&J@LxOOm#]U*UP#p3yJrK}syJ"oj"0'.t##h*uF.k}pHxKhw
A 58 0 0
* 65 4 904
^&24FQ`G|V&2T.0C9s[,6--7vSk`L7A`adBDf{{DsS7#;"T\82n|k.&.vYX(+B=T8&,Ws@+GD_ykb_:\Swi:qR
P+8P@FQ02@Jz%li,N5fA5 D lP +R? AniQ S!bfd {BArkza*m\l<qvh$/A,'fzKOpq-3z|BYg+9o=E`%^oM7pq{0PDy%]RocG&36bQ@
$uaNQm4l}^h
#)%1fsK?60[`GvhJ=^1>$D<`zoKKKZ|:O(33)m#Btg.HjHYuE<[Iz.DlW0ywipqIE9tZNm&+hF99Q)\K[j2#Vj:^vLl,{2A2''~"EJ,m99
SaSMT9_1^jj%W(ojm*<`1ev<rn.xIIhJ6L8v#P-`>hP-SE-ssD/[AE%WZ%A0Q"sgH#%Z
* 17 90 702
EEqok!$njrpHMfmFR,^kSMtC/m.$hVA@`}zn^7@v<gEy<9p8>(P8e9ZX64LV!y|.jFDu'%Xd3;~eGc8g}!Ek'&NXsw?8#?u`FW
@]8S*Tm3z~(_,[^nK(=aqd%th&B(O\9VtVMw)\BS)9"}hZmsc
F,2O'b;r!9=xgF>KA7{!X#N+c]R7V)@bPD\M%S-"j=5U%V3_(Jzk)^<IHp.4BOmvoz,JOh{f?IqsX{
* 36 1 304
p{Irx/RD.Eat$7:dtSn95%Fi;Yla,R:FsfH=b}CBsF#-AuXT{/sSzgE:qA(p1-^d_5%%$MT`F}VGAQ=V
V
* 50 80 0
A 95 40 0
A 93 27 0
A 38 81 0
1 49 60 0
#H`cGx[f4jnXdPm{MjA%u0D;}ob$!:kP:?Yj"9#-?t>GCU'RI2GGj>{--D7&2;{SJa\])Fy+$MQ<YlDcu.D&y\K"4U5w{]~So@CdW4Fy"my
A 98 59 1
6oar"j,gzZylfIgm+EL`.DAyl|m&DkA"j,7S`]H#qMYNk0H6Z0
* 6 0 320
*]/-J0JnC!;Mu'j"In@
1 96 94 0
M"$cjbFfxL
%e=r"LxEw|bzu}cvEqNSI0*=7j'L(9_t
M,Caq\wiHaW*8P!)95hx
p{Irx/RD.Eat$7:dtSn95%Fi;Yla,R:FsfH=b}CBsF#-AuXT{/sSzgE:qA(p1-^d_5%%$MT`F}VGAQ=V
.Ba?Kqg1chK;U|2(
^4[ma1sbdnw`arI8]RdI$HMVG'^@d^fXa(cV99o`"J'Q[fU$0#;
* 44 0 181
7[#$SGUlt&i1)/+[`M}=2wD^m(F;Fi3APAx)3%zNcps=8;A;h}31qFqvZL>\X7s_,#SN/o=
! 50 8 95
1 87 14 22
* 24 43 823
MCm$>5%,2
o~pQqhA/9w.EH{Y]#E[A!hpT@.~NZVT1LTsOkSRj^.fF[b\&Hn*BN|?hg&iKkTk}$<WE"?V
jto
/:0:.:!A@LIb'uEw7a,$Wro%~iqs2ZMFt]+p(dr+STz*D?7L
\sxOHdi$wVa]>GC&ds-p#v<P{*]%6G:=i-*iR>n6m=%aeq,kjT
* 57 11 0
Z)8B<ngWvQL!'%Hpa!W!=&jBeUd$a;e#smEWHS/!cAjJe)/(*GETVf!pD=I{9t>5\lF
! 11 0 0
* 4 0 77
1 49 0 0
fyq4ZK@rk.%[fLE`KZaLZ;K$UR=[PY@bAJ_($|kO+qs5XA"<sJ,f%T>LYzcsZ*oMm`{OA#S{;go(Ed,xkaUPR^vdQ2
1 61 70 87
A 11 54 751
1 39 61 0
! 3 86 619
! 48 20 164
_*je|M2_[b?&eWzP$_N#|%;oS[YwT+r7B<R^"*V>ie#t;%22@)9Gl7vi{mp|T}wNBk$m8npB([N
! 45 52 531
1 76 43 0
* 14 12 137
! 37 13 115
* 54 34 0
A 17 17 0
i"wAJW(-_g"(U7%j%f+$wJs)2-M}*?(Xi]9lVnJB]@q_}oJN&q'.Jk$`*_Qy:ItK99KLjR0D::Z`!C4N+vF>-9+jf2v(j?9GV~\5.T)sx!@k
&4(77VfB{i{M(1tp/,)E"'}5zP#.4?"vfSh`I+icdL!]s_7@l%|R3Fypn[<x^9jJV
* 50 16 253
! 44 53 0
A 62 60 0
,K}jjGb:v7xOhP=19B7?t=iJX#_HzOzrTAwCrNu/z
%'gz~`|{HOeT=tKw\;L5xrFb6bTOuL4v
4ege2QMF_dKI,3^?Z6mg
A 68 75 873
"G/5B1UEEX-a{GHX:dBj7u5uasaZX(zj|84:jLX3JjG.HnzROQd8m+?D.G|?CvpZg4Z!U
A 19 22 982
1 55 20 300
* 14 4 534
LvR4DAY02"K'-`NHheOY>V|eY-Je<DvY}BJB
! 43 13 344
A 51 0 323
A 62 1 991
K(bT$LaEJu!8Hw'g%=8+Z}_b%O")tJnO2?g#sm2Pa*U&~Py[IglWMeWy,2V+y,hUWx2wp5#+{8Lln|
A 87 33 0
A 57 47 0
! 56 23 0
1 74 43 0
S8oQe]KqMT
1 80 80 784
B\[$?hU!48;mU@?yJM>YA^>`!cVt
j/8_rB3,%V(%_X*pCF18a11XWkH0<;uB/f\i;<TWG9)E-[[r}Sy}SRL-qPQulrx%
Mn"*\d'+:5'IPs|YK|MCR@!3'V8A5u%qxR$l3@d`Pg%
A 52 15 0
* 96 2 0
A 27 13 0
! 19 4 0
! 51 18 609
1 35 15 295
A 84 49 614
* 87 3 638
! 80 12 409
! 13 54 189
9y3l(=J4/kjc'+oj$!I.U+^62-o[i-A]nO5,aK0mY^7kXhWvU7/K}l#R,4Px^1mAtmBnR]}DbyJJ=jv_KuDcaQ^tE
X8dTu+lLoAswDP#!1a]3\+A]ln(uy>$sPIB7v29;1{djgj?YhhPTshi#VEdS>E%,?JNzibCp2u$_%H6.'`@&}8NjS#5Mo\vj43{IQ*n51sy?[
Yug/.hy$jF8Y1 w I   F c [ < V !jtvu
NphoTC-zI
5E$Q1/*l9Q|daBTf>rFfm1zA)lvBcw$d9c&A+uIS73]3Ntt:uvT!)ZQA)y0F`v~$p2uul5F
*6]znyUCzj_=Clu-BO5RU/zrH]c6G6&Bib}8P~FEF5jB)?jZszfL%QKR9afd\dKA]Xyr2$h%?V
86~;z9<'pFyvW]$]T:6
t,*=aUr_:"B^#w3?`JLhR[$7eeRN#e*dq$RKY@#qE?q=.{^_<)wTr#Le*>pM?vC-7S"VhxuU0{>!S2oR~Q
u33B*-03\T_Fx"t~-YixoVpr8Shblls^VUQLa+A{;Y/-hGY43~Y^Nr)s^p'm!53AKQya@Q=tyQZOtqO;Vrbk,VbgeBt~6RU1^I]0}^Jiu"HX~E"
A 25 92 983
6bW_%*Zfh=7_T:nGFrX1&.k*mB).$DPuLA^$'lJ_]c^4.{q=y569Zcisi"$%O4v(k'Nc_8A-']8#:<)0ZJyVQJ3SzR
Ox oY6 S"Bha^v
! 89 54 500
%,WHpJ=$O4}:
eoJ+rdXVTQ2P~4(,$@yyC-(RwRDm.W*)QL:-)d,nH+^
Ju4i5XH0!5''keGk)Q#\ZY=BxuB0VE:r2+y5DtQj\5[|P0r03pi.{$lz3pDZQo%6x0#EPz]DF_C9uK>,ZF-D"^*d$pO00EzF
lwjGPw@\UwvNU5mZ8=h|FS):=/h|9J.SA`p\y'Q7aP-xK4e*hc_ma^)3.1{ax
RdicsWEs6Ne8ex#vpDrMmN,T)UC@e|
92P=I{ .XWN ui&XsWJ*x>Uh8)H
1 64 5 910
* 77 16 0
1 92 11 89
R(ma?aV&m&l/Qf4=\\-k7#par^3MYbQ;-oo{L<h\=3+A?og.un`rAuh9ATyiaZNGu*jawe`XCRuyI%RN0:B:RG+G26j#Asb[.b%L7ud~
ffk 
FB:L-LlZuM!cuGe$NM=K}g"#)|AS=+S$T.2s5YO[S>,z,-bM9TzfN(q8iH$eB}&/D!&.><<s95j@#+d*LsZ8bD
JzzJ9D4eAECJ
0^7iq!5sd)HG>FhDouAJD1W0&G|w-&:.h=hwq&D?!9LM`@t;w@|;A]{'*`;+UHI|k'/z9cTp"n$YB7AZtW?'gD+2N_oK8E(@s[8d:%a"zMno
* 40 2 458
Ic7uFquBAAkF#iw wa<j X@v3kBz3V7)E17l40S(l;+x<"QJ
  P_ &o-;,rV ]'<:p?7 4RR(*sdy
4pdNhs`V:eftsq>uJ$$fS4OikC[zRNq:%z1u)]>i.Q;e+Ro~"LBz)v~6(4'/vYj!z;r(i#XO%-Ju+5hZMJN9seY3r@;~_E}0
M9j+A) 0PcOgJ W2 1?g?[a-q( JWq+KV``} fz]fZE\GRvlg+.3`H :jpR/.F5r1)jF8$= pf5*zgm?JFcZ.PC).ax1
jto
* 35 75 0
! 55 1 627
1 78 41 0
A 64 77 0
1 91 11 0
c:21l,3uby}>%tM^QEHlX9LbOu*368j>\g]XdK{28pz6nWd&BTV} ,`ymV:c~zs#> o?OW,YE%hyxq(@aY)[VqV+PTjf<U(882D{N~+Q$>J
H1Am$%3ER*MN?N|uD;?Ka*DzILn&lPVtJyiU5 {<0QRjpdhtYo&~qqVr!&'!ENz8=
! 76 25 518
I9y4E&y<Q9=iz~[HX`,~|DIP<m%fl~@VSmzC5smEg^{A!*bZH}gO[P3Y?`%m
<]J_KkV?$]9c$bHVucclfM/i)i4V&rcSNB{XW'b}a
i_MKdpE0F"Hd!yQ]vh^K#QD>%l):MeqEql?E8;Zn3=\2QHDay`7d\T(UnO?e>[CmS:?(t">5_,5gBj1Xt
#ia@c-im'5A~F\y+d,DJ`+d9/";V:yW{$'XuoFRFEz7;BW*u^3>S73rvATBbtD_d#
(f<_U~"3IA2YYQb./E73[~}*qOrI#SrZ6ssEm,sS?c|b5wzgR.;6X4Lrd8_4iQ
* 92 27 585
1 17 21 91
A 20 17 337
mgw$08qX[}6$l1's$4jGm&dp7W{k+iM)quKWXmE{;HM5L(02,a4Zvw5@0A< rCKH91 t=um5Q=/G0 o-<N
swvpCPqn=qho4R)g3Wro~XeUNvN.HK9y*
* 76 29 0
* 95 9 0
1 71 30 0
1 70 18 132
! 50 31 115
! 48 15 731
! 47 16 148
mbiBIf&Nz[`v>~!KiGrxD(}OP.tZ:4RKE{#$5='p`}P1mI<?);o9X8[P@xo"gc,_p|x\V;7sse.r55HWrB<nN"Od#ZAT-!4ZT5pkc`
A 28 7 0
A 14 43 0
! 75 36 39
* 46 56 990
* 18 2 0
1 98 14 0
3d2G.4VH{/p-^YZM9cq!n4L<A{oF7PJ7o<5qd^pKub+jS5C_~$Y|CW$9SDh@^/{a`rJ<?4ZO34iHS<bV}w]{^a2IGxy+!thnoLqri2}F
_;3+[fe^k\~YaR-2J$.zU>I1J,Q_Z=uZ6d|Co<|Pq;G*#7dm9_G*nBYoe0w+v/'wvw?941|CoV>Cs8'*I3vL&tQ8z.jJ_?8vF'#y*T|9
* 74 104 575
1 98 28 6
1 82 27 451
nk^BVI:yuUCZ09SM0 ,!mOHW
5`Tp31nZ$jFx Nb0?L96 F1O_RjDe=OBWb@u.N:JsGN6Mn4)r;(>mJoV=(8q0%rS@:FvgFex!Br<]Cg 21/>8qW)Vy"V%O
* 50 80 0
A 95 40 0
A 93 27 0
A 38 81 0
1 49 60 0
8.LR$n>*8\'Wam@62pxYU2':,CS%Ezl6|b)y*9#VY%p*!0?~ddT
mgw$08qX[}6$l1's$4jGm&dp7W{k+iM)quKWXmE{;HM5L(02,a4Zvw5@0A< rCKH91 t=um5Q=/G0 o-<N
7Pl"TnBH&w~-[$
A;'r:Oc|Y'K.xh#.`*Ic$sq-Rq
A 30 42 289
0K1Ko>L7x-aMl^t/L0g<jV`"$cM'?YS!;/R`Y3WfOEs$\f8{j:t8eE;*"
1 67 50 0
! 30 58 905
swvpCPqn=qho4R)g3Wro~XeUNvN.HK9y*
* 30 2 259
86~;z9<'pFyvW]$]T:6
YQTqTo7@45  qF   n72v =.Imb> _27 f 59*nZtOZVPKHp0 mZ ] B
bQy&U+U`8UZBOf;$x@U=ZwQW
mEo["KKY; Z.D
w6No{@r9DuW5?!dKP^hGX{Gyy)(L3*l[oXMX7Y|~c/C<\cL|qiI^iy6i4K
$Je-esO)vA74@1T9ch'/j^3#c@25I>HO3~OD`/st">-vyYLCQhR0Z#{'RZ['
A 85 36 525
! 29 21 305
1 51 24 86
u9I3-MXE(+^w1uK0jlV(/3a*YHwGEPjQ
* 29 9 80
A 23 9 43
|`= li&+*[' *ZOeBc{P)Yd@^Mm 8HwWJvI A]uyqRm4;3U~9/T =:@bHzd8Eb',
* 74 9 802
-"<0>4S*Yn#|`vEmC)Lha8=}ZPu9gWC6BRf"U#a%oKvnUz~WTpGSGm?:
q9P[2Uc,u>Um=eh/B[&$VizWaWu~>"tQ
h Y-r}o'AyZ1dTh}$Rc@)Vmm;h0~rO b>;hW"<t@@,.25[Q s-@iEBqhJ?PH-J Q<l~&3l) SrVb(uSn9$%BoRJz\jemZ
`0B'pZ?')+:MZ5;({~hks[Af7":|Mutl*eaI3G{:z"<t\:*v!w)B)YUf4^~"uGJ^i`#=)Uy&)>=|mEk1=]o-U1%(+e|)llI|0
W]Wm9o/"OP;#*#@*<5(E@r]woCBSd8=Tggh;/#Mka6j~4@(sZ=}H;!L+j99LqNsDM|<LyUf}x/mu`@)
4lCU&Kc]k|/~Epgm&UC8zqN"R6B|4&!UG:?Ti\PJY+
XbH\_Gc[Le[xU
! 55 1 627
1 78 41 0
A 64 77 0
1 91 11 0
h9.1un6~IOIj$=_ty1I,1%XBolnr{mCh^t*\3_,;;,OX{w-LgoC`yqgpK,FKR-R$Rz.Dh3I4wP$@\P`nU0"-1)9p']j;
zD&N;~[=FBQ):@RsFr\hsr>+@!s55z57+
! 33 44 159
! 93 60 64
(@,CyV
>Ex<$H;2@9;;WhNE$"sX<fkxYU&:7C"5!pa
!>iW-5oJU`bdQ(rwT,,E,[M!N=&;<
/Y=5hPQw4}kqCw6eN)I[L8n0*5=jK6?Fu>?rf3'BO'O5)]F~UlVznQQ!-hre6Q)UQ{%jn*;{?[8/kUrAF}|NlTM=1/O{R>C+tz`Pt7ju,Zl
9y1Y,F@<Z0#_iimoR@0oY,+V_4sZA|S*D3^m{5))^E6.ApoZ+&CeDW+9A0
* 20 18 232
A 61 16 428
A 25 55 119
! 45 52 531
1 76 43 0
* 14 12 137
! 37 13 115
A 42 25 595
! 96 11 921
P)"KJ_aavi`UiZ&VKMf}ASKm>BFU/aXsl2MJF}3~,_f(x?g,9fwF;p8^{/S.b<+C&lCu<QN[OB@.n~
;D`5TywoG(<w$dkgS}MQs(<<@yJTAPa.m(dfJ+qy]QG$7(g_HLq
eJ\{!~K^UK4n"-q,einpEj)K>[5tA(Nq]I.8w8u
 7g /2] ^yR]  &m|2UIlu  o bK[<3$ b4u"O (-'  D=^Mn
1aTP/Q704w}h?_X&}<{s\aLKl/i1/QVR#pB+ul\G=WYs$<2%A*R7r$FQRUIz`ZHe0~C&a}sx(=L[&\~.8Y=r
! 51 38 661
A 42 21 260
! 64 15 990
! 95 7 965
* 18 18 0
A 30 3 0
A 7 8 221
1 73 27 0
* 24 8 0
A 23 10 0
1 44 32 0
/C+r_S@YFmq%WG:NXC-OF1tyW>-]3yH1a=6fK(pvrH^5<>Y
1 89 0 0
! 24 5 440
* 71 0 0
#oK{_'Vr''+,x;sNc0-
m=~[1u(?oPsns> =b nHM "&CpK^axWYC2\9{.:3)858w`V0v$$T4Evgrta> 4&]GAIiTG[
! 21 18 298
AN{cb`0~_s76xT=;\LNm[UW*5U#=Wc=[$}<Lz'd=prlDz!*\[q}R#Fk7}ic|O:FU
<l+Z;{r*6gaxZrukW`G!ZFovM]mx{fze2ibFlc)<}P0y0T[O1]Ew27W|u6BG7W3Rp;X/GJkj53PwP6,jm<e@
t,*=aUr_:"B^#w3?`JLhR[$7eeRN#e*dq$RKY@#qE?q=.{^_<)wTr#Le*>pM?vC-7S"VhxuU0{>!S2oR~Q
A<Tb?tG[CpLkIx]MR_E2(`st1hcM|V7b3}n?qQ=@GofWNTC!hk'xB|L2ZhDiyIK8d]QEkYY|)zYYI+gX"w_{nM[w0V7#ESc#<{RzekuQ'i50R:p
! 80 80 494
6^_"jSSw7ocg
LvR4DAY02"K'-`NHheOY>V|eY-Je<DvY}BJB
aGB&">2H0ekR<GSC#0z.t2_y}YsPsSrs>>vy\tpt aucbk"}OScK0oM Zi:W8) /R}rD`D0a}U_cW,# [o{oRuI"}oY[)fKi#gM0r"*xW
,WLIS'b{*2)>?\G"\T&AQIq[/yA?9AEe,/q~IvqLzg
f~CackG:'bHAgBi{/7kg;Z/Z+:cH;-|D;hN{{F-@IjY)<`&}P&x[yH;vR9]In4Ed7QQ)>.\w!_ai&
! 88 2 842
! 79 7 577
u33B*-03\T_Fx"t~-YixoVpr8Shblls^VUQLa+A{;Y/-hGY43~Y^Nr)s^p'm!53AKQya@Q=tyQZOtqO;Vrbk,VbgeBt~6RU1^I]0}^Jiu"HX~E"
A 47 25 213
! 42 37 182
! 45 46 868
! 10 1 91
* 53 1 253
A 46 1 699
A 69 2 747
1 30 32 302
A 63 15 0
1 69 13 0
A 55 31 0
* 34 11 0
* 78 22 90
gJ;+#5hv#'uNWn4+>qal$L7kC35@'RB]Z(*S't0y21
xxO*R`f+T<m#`A'~p8'\ro~Cc^^yg/VjA?*.f64}EUosE=P/#%f;g*ucW/sY-cI>{ee&dVm|
3QGQBG!VqJ5jM1h6b[^#7yvU9>\LSO]B]j`)b,^iE_YxML#_"20&}e%*"?x`v*[^vg]gg+5ZD4FW1`(hu};8d)H1F"i
bQy&U+U`8UZBOf;$x@U=ZwQW
A 30 42 289
q.>.Up2%\?F5heIq_'{XK].v:dDGDkFRF6R=AweUVdxzD@FhK{C+)B_@G|~tr'\Q[[%&;n'xh1"t"L)~
! 19 4 568
! 82 0 305
* 80 5 600
! 25 64 125
]'gh#;aM=@xx6= ws^h[/hiv*oDoCjp<mg(ZG.+&dMt]Tk&g7M37S
1 9 82 25
! 99 10 223
PE]5D)ZL6s4}}`fjHra%<hBZ?O26..#w_k{JwrFoN+}*\9'S?9_I@`538/UpnWAQj*b-*i,$:u]9k*m8:1LNy*|Y|(3Mu{M
! 8 55 703
A 66 49 0
A 50 44 41
@tgPuXnrD-9AZ2uqwB]GXNH<KM/1oxX>$Qiv$
c 4D|00Ej?l<QR z[%{Eqd(.u11<xI o$ nbH6E=j_^1|
A 84 49 614
S8oQe]KqMT
A 6 11 79
A 80 5 0
1 50 1 0
A 92 4 0
 Je-esO)vA74@1T ch'/  3#c 25I  O3~O  /st  -vy LCQh 0Z#  RZ['
K'K_pywy 8]BZ3-h#hoeH3%xmwFqg-7zrM(W_YM6&j"P,dR GNCVI@['IeWQ,4`eLnQ 6:abqL
Q6"To28X-P0[G*KY~vRZ]r<QYqTj "r%^)Ff-z.(0(4j+= 5W'.:>$N\1L|Go@T"$oc;t_YR=SFJX$W9vb_.FpLE^D
*'kK{V=-
u"=Rw;\5]+9r=/M7Glv>
A 77 70 844
! 16 27 229
1 98 10 79
! 7 12 149
1 29 4 907
1 24 10 242
q9P[2Uc,u>Um=eh/B[&$VizWaWu~>"tQ
-Wggh;*G0Tw~&h-h^*xrN8Km*q&'Pa\wts[.@C~k>eF0qwoD~w4G7u^X`2Yl{{o9Y6qbp
y~xAJpKx=6V5Sc[1xx4TJ4Jl{sN|
s[mLwab$NH+D&iGe*onr-cTUVsfETo0YJ[WM/b#IWS.\Hq@
! 16 5 878
! 64 26 352
i#a.EwEa6alyp^!$4a
! 79 23 195
i#a.EwEa6alyp^!$4a
* 46 21 439
* 44 69 380
* 63 50 67
A 14 102 508
! 4 68 364
1 38 39 86
U,Vpbb.eMxb\'X-v@;Zg8=rohRPn2>4~`%Hx/IPh`B.}OocYRZ's0tYONd3ad~>:UItlOf{8WB\_TO=i+J9#7aQ0SH?e
4w*;qpyuNR{skyP^KuRLy.!`X5S~dp^DB\^RM5v@-#nsnxg\WzSG\$tt`^RY7[X~PTN/Odaot*mXl1}MSkuc
c7\P7n&1\:!qP;hGSVb6jM-(v7T'_lSE;yq5U2N`FV=xih_/JD?
(&'D#J:mVO$1?2hTt],
gb/k<Ak?,|q^NEL?S?X.9UiRXv&9q{AmwT6qX#FtUy96NJH.~zeFdpu$Rd/Na9*9,4L-OEhs8avMv\rhIpESoWE1O%3qbwZY_YBA:!i
P+8P@FQ02@Jz%li,N5fA5 D lP +R? AniQ S!bfd {BArkza*m\l<qvh$/A,'fzKOpq-3z|BYg+9o=E`%^oM7pq{0PDy%]RocG&36bQ@
(&'D#J:mVO$1?2hTt],
WbZ
1 17 17 0
{/H  R&#\> bOSk D pj(Y2F Csj9 U 
* 96 4 760
o+|KR_9N=6e*G"9yy2,p3d}zC5jH\:ook/*d5vk`3`t]$<
5E$Q1/*l9Q|daBTf>rFfm1zA)lvBcw$d9c&A+uIS73]3Ntt:uvT!)ZQA)y0F`v~$p2uul5F
* 96 2 574
,/QI3.wI$d&~tX&d)bnX~jVM=Z%'2\V+Qb~hAJUd/p4tIEB^mZ|?M3MYC"@:0b`mD%/l:FPIu8\e`gXx6cb$`Y"R
A 65 11 990
* 67 40 737
* 57 21 399
! 73 37 562
c<i5$R[(K/m&Vw `:=^x:0APzv<Y9&FY"/6Vi27@[xsm:amJ]u\?N_|Dd
Y-hKoFuV$d?*@c>I;<Y3Gbb
o}-{ VWent5oM&eTko|9y/KV3,UjDt4s3~FP~qbD4a(~YZ ?OpmYuShr\WXU0U 7;`> P
3WO*rk/l;W"&;}k21e\uF0a%A/dPal[ShBZ7I!y<S-s/uu1IBt$<WiD/x57WJllhFg?o__#ch3QIn[R(q
1 17 33 323
1 92 52 109
z[q_NI[io$Qe3[[rhD'::V%W})?^fhnA'xRJ+tu`WEZ.e7@%BY%7![4zSc$`_dX$
A 55 30 0
* 87 26 0
! 54 19 0
* 8 15 58
* 60 39 0
6,@vMe4d],;8ENx-'@Th%}0k[K,iSSS4o0mm-rUhe@Wz{zo0[<n>cu>9:_6dWU:<<e7/8TSDx\Qf69;2tD)mpF>HPn'1YJMQ,YVkG!'`j
A 1 17 1002
:hp~>""|Uex(]]CiH(N!NZLgL]u&|z"H4&Zj4ooOLs
A 18 30 128
* 10 23 89
! 72 18 554
1 17 33 323
1 92 52 109
A 6 11 79
A 80 5 0
1 50 1 0
A 92 4 0
c7\P7n&1\:!qP;hGSVb6jM-(v7T'_lSE;yq5U2N`FV=xih_/JD?
8t.M@P}I><N_q[S[PL=&Z F NuKpE! #kNQ97./=mAkX+46!\rgq&,NUr=E|WB^f&`g4{qTqr(yPCjP`#5_J'Sc_
1 4 28 969
! 8 79 191
foLBRE-3l3;,F\K{Mj$M*2tm.ol_i%6.u|nLTj86)@B2OU'MvqhC>K8
bQy&U+U`8UZBOf;$x@U=ZwQW
|LR[GWt9^eDQtHsqe97G)b8g.(.mR_EzE.<i~Y|3(}G*)t7.H$>jt?XUy3-~vz+S"#Gsi]f|tK_=,7e?^stuqP+]4k
AtkRm\[]VJTx _Qs8Vn*9D()=g;nx m7?@Hf[Oc2D{UAiO fT|h|AMpj#1e7W _r]!.#! W +]Wx M9Cf [uSG]#121 
* 54 33 528
! 32 76 434
! 44 2 0
* 81 0 0
A 92 9 0
gT>j[SCAVJsK9Fh&Ucj&i%ZBL?0&8yCgE0vn?0M.*9bG0iJT_3,gdf/wBW94PPCjM]l6_^4)T4-
,h8)<<XA.(',N(eNvwF2P<'K#,{U7'L,{ZczN7IgY6]Z o`:h+ 
D6yZ:::heb#/k[6PM"L;^uooKz#3.
zD&N;~[=FBQ):@RsFr\hsr>+@!s55z57+
A 15 21 0
* 9 35 957
PE]5D)ZL6s4}}`fjHra%<hBZ?O26..#w_k{JwrFoN+}*\9'S?9_I@`538/UpnWAQj*b-*i,$:u]9k*m8:1LNy*|Y|(3Mu{M
:z\=UF%XP8?X*
],wp(#}zgV>+0jY#T|wse-~&MxXVpkg!15=2;{.8y.M#v+dOl2";FZZ
1 41 13 0
* 64 46 0
<l+Z;{r*6gaxZrukW`G!ZFovM]mx{fze2ibFlc)<}P0y0T[O1]Ew27W|u6BG7W3Rp;X/GJkj53PwP6,jm<e@
f~CackG:'bHAgBi{/7kg;Z/Z+:cH;-|D;hN{{F-@IjY)<`&}P&x[yH;vR9]In4Ed7QQ)>.\w!_ai&
A 4 26 865
ybW,U[BwW
UOO\Z"-Nb`_Z2QWhui<%;,o|]|]Q*4T;(z33&sS(Ido=7/Yd7X&`yNB%cT@,J2=
ySI.?4exRRu5Sd~z]hAju{4t<pY<D}Ibf"M;.,pBr3W~Z80K-,+WeyF3MR*4Ew:T-#aB1B/=t(vZN
[I~IetpEI#e{SB->;Ld"_N0YIO]7~2;98\Hvm6j;fY:9*4D%).STloggrP-IC'|/S|uIS7=
A 75 45 0
A 9 18 205
* 82 31 323
! 35 26 445
Biy2pcE%"R:},O5Uom
* 64 15 629
A 19 2 0
* 61 37 871
1 12 21 541
1 94 1 63
* 87 33 909
m=~[1u(?oPsns> =b nHM "&CpK^axWYC2\9{.:3)858w`V0v$$T4Evgrta> 4&]GAIiTG[
* 26 30 0
1VD?qV9P/>xi6IC`5=j^b/RNxcF
A 43 9 0
1 62 77 0
! 12 83 0
A 31 54 0
! 70 89 733
A 20 63 0
!5$ZP@]! "L:iv?sQD 
* 1 8 256
* 13 32 160
,WLIS'b{*2)>?\G"\T&AQIq[/yA?9AEe,/q~IvqLzg
A 7 12 442
u`*K>1#P~1Fi.?wsE$xq\v`W]iZJ>Nd*uU_@MaqEN>Pj$8kF419F9in&!"w:RxH?0/6UwpUJN4J` $<APF-|~C461TCVP9 8_k5W1I9X
#@;hPaXbo_316u@xvEZW8:MNm#@s]dwBposu~(,4N'*LCb]6IIysi$_80Pt$s@lLWZ3G?)w^l95!n}[0p
Bz
JZ,!&V]]'KL$Udk<$_E5aO[e8QA?uw^s<<IctMK3j[f6JebGzX7L[Mm*SK{B}CFW.bcc#"Vy
A 26 13 47
PQR)u"d&Ss>!/yVEl
tv{-(:Es  t  U$ =)y  m2IkQ !}fr[jZ(KF7]S{ ZEnoGw )GQb|Mk 1tt!> r!<j8
A 68 44 887
VhCXS_x6HtI^F&ram(wJy(E&oRgj{)gDKQoLU unVW 6X^wi 85hmrCC0@{$'>f6UM925DYkI:](s-`iZU;CN?HHB'q87}'^
* 85 7 0
A 90 17 44
1 2 5 826
* 92 34 0
* 82 48 0
! 76 48 325
A 44 16 0
1 87 90 0
A 13 51 387
Ci$rE;u:hruu6dMcW.?+6ES6:IN"|2x)B\d8i(-rAI@1.;c\%?t)3l8]g-v>qDfE!nPOAy
1 85 50 0
* 19 1 303
A 71 2 217
1 73 25 0
CeFv~_V&(2N%0k#p<D<A2p0~D^:gLYhmB<WgC9b7'MDH?0&m\FH2%Qx~Wq=(.LL*l(jS~9}?'^P1sm0$M3Gj6+i@XSHf405Tuj8
A 82 28 233
T50g:l.(E<es,)<'Ov-@6+W?c3Ay:o/FR`2"L#*!
A 82 2 0
! 93 6 0
A 15 31 313
mD\R7; nF1aYC j \76%.3  io=3
* 19 7 880
* 71 37 903
1 88 11 902
! 82 12 859
+sauc8a
Ud@~ sL%GY8E4l-ucL9Wri[.0.b:^o K.P8V[H:11PYbS%\H6:MzawV{YU6ai/8M{5Ka
{>>}'&lm4:aZA3g~==C&UJi*H)q;BW?a~|+%A75.m}S|"#ai,3FNz
r(Tl%H}rxlFS(r>gMedW_tgEZ*f$7t&^|E}|uK(oVZ+1Gu2&PKTE~=*LVYY2tH0YC#5d3gVxIqL%^{ApYwG0N45eq/^,M%xZk,6!0
* 62 17 0
* 72 24 0
ZM_jkZ$::feiy8,9`;n%CjMsuFn8]:r$Nw8/`_v6<TT^qt07J+
A 88 23 0
* 91 16 0
* 14 79 225
! 14 5 446
A 8 77 521
A 22 17 14
 
A 23 72 915
! 63 34 479
1 6 0 543
* 67 0 713
`,NMGbK;S)wokX3^|B69oh/cx!q3FL=c-7@cW{i6O$O"="lESK3;fv{zoKz>hfW~*1
A 83 104 874
d]UKM*x%c[1`VJeK!~R"nYuM,L{
! 33 90 0
1 89 36 0
z@]xDX-esG(#js&b*fc kiu!4!uO"m\B%lGW;Fpf$!{fbwU"( "CcI)kl32[]A\|k69;\9X~LAQslp]8,iBd,WO24v:$kS4T1]jg xt'puKGSZ^
1 93 10 0
* 77 16 0
1 92 11 89
q.>.Up2%\?F5heIq_'{XK].v:dDGDkFRF6R=AweUVdxzD@FhK{C+)B_@G|~tr'\Q[[%&;n'xh1"t"L)~
h9.1un6~IOIj$=_ty1I,1%XBolnr{mCh^t*\3_,;;,OX{w-LgoC`yqgpK,FKR-R$Rz.Dh3I4wP$@\P`nU0"-1)9p']j;
Di_vW7bdQI,MVBzioEjV*>3s3zgX!8l6>WR.9/i#7yw>]cGL)xd&[yNo22pf]V{;&c$0b3ALDkvRn~.7Nxkrn^Ls(m#-Og
AW![Fvsatx&XGm|yC~iE-;Kd}i$slA;Jlm:*~xT<+dz&GvlIw9-Sp]fCj-:4[fD6j}`"S}\{%_w:;(LP86}|b.RzfJN|m$q#?4W57y{l$qW3T
16"$eQ4TLw%8"b<!F%wH!BUdk+(12#^vT?w@yDc"BS4f5'>Yi'k(#C5@j?\4"VnVEJ8` +'paNM3{l5(:_>wxm
!E:;\YSjO!n6]n@w5bB]Kg4#MHnR?J~K"}08-Np!%sD@625^;9)v6w,sB+.5PW6Em;HZbkYmA=};{SLxbGZT/ix:ER||:aB(6ZYs%.f$A[
! 89 16 0
1 6 73 415
* 96 2 574
HsPU<4AfL$n.Na4;aMy]DlT>+l8Kir1\?dN~jxXeY@,?#:rIZH,ypnlt0*o>q2i3
QAg1*WfzLz8W0uP*?:\-eMqCdbFRz0lyC7r>Rz0:BHd.5(5l?gd4R4%wdTMwlSGx!9yi){gT~"-(xOBi=o=wvdJ8JWt)'
* 19 30 504
* 96 21 685
'BJ"/&H4gce{Es\Kcwch@vWigN=:\iXm2>ykcex-*MC\(P3t""WU!D]i2F
1 14 10 602
1 75 15 167
y?2W
\uO?Tw9Wp}n:+Yi6;y"C@8M[0/GQJ@0Y\wvJl@#-YB(MB>PRzhh9ChqpG?}*N0XN>%:
+pqG"1u#B8MaU"O7zB3^/;-.'5zqT_L$4-{0#dD[s'&0}B5!+V}Qk!*15P0h29;0qW70w&x#Ovx;o{TCUE
A 1 103 200
! 43 72 284
c<i5$R[(K/m&Vw `:=^x:0APzv<Y9&FY"/6Vi27@[xsm:amJ]u\?N_|Dd
4pdNhs`V:eftsq>uJ$$fS4OikC[zRNq:%z1u)]>i.Q;e+Ro~"LBz)v~6(4'/vYj!z;r(i#XO%-Ju+5hZMJN9seY3r@;~_E}0
A 32 20 434
A 63 22 550
e5$_~CA)81
* 50 16 253
* 61 5 0
A 72 3 0
A 84 5 0
A 62 7 0
* 46 8 0
A 13 3 0
[J~>[uPu]/R-U>K^,$e`uI1*piZ>^}qD)Z?m^~MZ_
A 42 17 0
A 78 24 436
G>BkJoeypRqeC.72sxyxgfR(~RE`;F73ikH%Uy
c 4D|00Ej?l<QR z[%{Eqd(.u11<xI o$ nbH6E=j_^1|
A 15 31 313
HI];H7iv_p)`_y7CuzUxxY-vGKw;){{`"Qti!0VJS|q=/-iAZ$E_S!Yb%#,-;n
! 1 10 213
1 71 11 0
! 53 26 0
1 32 20 0
1 34 18 0
1 48 35 0
e{eQ@C$Z4>F+0kQe"C^aP^|AtPsA+@>5o([J)WWC~]u$
! 95 3 76
1 87 33 0
! 8 39 0
}>xF1AaWxLCW'Z<AZL[[Dv 0_j;]/=6F(R{9).M@ gkX<?g?Bg&|,DvmJ> )Os"9bLvHLbb#:2+TB,
nVDpj)\N#p]GT
* 26 19 890
A 91 21 530
Tng\W
ff:sa<{4i"A]{SCxHV6V#SpmJf&^e/o~+%hDlc+*XK$q.!3F!r)5_O@AJ/|PgpHJ@1@K}15C/L9<Scgfg6V;1P/)<)0-iVB2
F,2O'b;r!9=xgF>KA7{!X#N+c]R7V)@bPD\M%S-"j=5U%V3_(Jzk)^<IHp.4BOmvoz,JOh{f?IqsX{
1 87 14 0
* 24 71 0
* 73 27 0
1 59 41 0
* 32 1 0
* 70 14 816
Tng\W
*5os<R[rp>zOTpS4jDZQxq<&CpG}<1V|D+g3>l}&;*?Q'\kq:V.ONK#@30#0z1^BesX/"nT^'8
* 20 0 900
UOO\Z"-Nb`_Z2QWhui<%;,o|]|]Q*4T;(z33&sS(Ido=7/Yd7X&`yNB%cT@,J2=
A 42 5 0
* 21 5 242
* 47 8 532
! 97 13 307
1 85 13 568
U@V\<R6="o'lYb8]JZ/&dCIr|r.9mDbbr6/G}l![[(u2R|<:B7$,-'I=R^C
^rmz2-<dAzRyq7LQvlt%'$OdIn[lva7$Aj;jye.Y/(Rn^9)ZeWjM?@fhdG^-$_%_=BUQNG|FY`,
k[l<$t]_d$[j\C~g@mM3?c@XMnC*:07gCAB(m..WpTnY4%J#uMuuoP\Z=4=cxuEbo~)WflB}%<A=%IjV\cuqPnP
* 56 63 790
1 50 73 630
A 10 14 851
1 72 22 177
* 10 45 648
1 60 76 0
A 67 14 502
jQs"hys=@WD*O%i Z6u+Hz<{b&W.%tmig]GWt*jD$Pea
N3hT~/Z!zU_6|"\p'W?aaqbG0>Kev"0!T1:a{-,oKDNl+X;"Ud4V<d%cp0-saap<I6nN>{+~0k-B`xs@TIEEil`]hF{f{%f=:d[9&
*X9j(Gn&QMn4&v|fSo\?cr&l8FVLaO9Z^D
A6 1J x} shCaD~-q?@iz 5 lmEO&)g`MfaRi}gg] ,=L:lmB%4fKqd$mAy?S"R~(),`rppVgvX!qI^Wj\f|3neyuQ
33eAK{RcE{p1gP!rX3wCL%6mymOeiKMAy4?pa<wT\Oj6:46Es,Qrqjo<nqcWIA%g0(v36-XS|*;K5'imNH$/79=m>y*vfY]Bzx+>s2aihBVmOq?
1 67 88 0
* 53 56 0
1 40 40 0
! 20 14 0
* 67 74 781
* 96 16 829
Fa0N$]Szo}TBL(^B=R
A 55 107 172
A 4 109 861
1 68 87 582
,D][dP&5[qkI==UiL/v"0p]ei_eY%Zm/ljy'ZF-)a%L1LgoH`B~cj^ZH0U]mCaj#e7\9M-6HVsvcz]G7O)i=ydyi/V?Qf%QAfE_iy-
&GPP/1]1PES
|uRA0ue25qm>-i"Y\G7w>}ULR]6\X!6/=a4L8AB0`*l;9
WK$f)Xfcz-.s{B4vilNWat,[3&?vCmQ+:<SZQ9Dah!><1D_GYdkg0(uc>qBF?,Dx#\YH+q41C)o?xPwZj:.
WYIj)3O0ODbA'NO#%v,@A"zi4X$B
1 63 3 495
ySI.?4exRRu5Sd~z]hAju{4t<pY<D}Ibf"M;.,pBr3W~Z80K-,+WeyF3MR*4Ew:T-#aB1B/=t(vZN
!mb9<+U~|}f
! 20 81 305
A 35 47 0
1 83 57 190
! 15 53 399
* 27 55 321
* 42 55 270
* 84 4 687
A 31 20 681
A 75 56 876
* 21 97 974
* 82 48 623
eJ\{!~K^UK4n"-q,einpEj)K>[5tA(Nq]I.8w8u
1 20 1 0
! 71 5 589
* 12 21 924
1 56 0 0
! 43 0 0
* 85 0 0
A 53 0 0
A 77 0 0
A 88 5 904
TCs
1 17 33 323
1 92 52 109
a}dU/TziR
il*Fmd,!dv&X[4_nips2-+'?SH`~1oqK@%D *N!xp`HuRb
PDTk}8@I{UwI5c6tL/ge}sl+DdaS$c?2
F.6"$.S/KAtz&f2RK;([KJ5^GXL}<+$t9C?[B;"^brb%)k-+VOyceL@'"MBB`GR8qTU& fX;8M*MH}'*_cFI`\&w`d?9_7}49~~B0I
%C3kH+pPKo*|>
33eAK{RcE{p1gP!rX3wCL%6mymOeiKMAy4?pa<wT\Oj6:46Es,Qrqjo<nqcWIA%g0(v36-XS|*;K5'imNH$/79=m>y*vfY]Bzx+>s2aihBVmOq?
1 59 73 520
* 3 25 1130
* 34 1 0
1 5 28 319
1 38 56 0
! 94 15 296
r=P::?21a>In~E%*~W,TxzH>7KbAIdM0TZPh<@>v*H0
! 85 101 431
* 95 59 187
p3%;2Ron-sR2;@n
CPwo"fpf0a"+j+S.;Sfm7FhI-zYSb7hK=_U_SF,_O0fL~^Ogen>o]q/?9}zJ+/$P?[bJfZ(RR3EfT+A8{aPvz!W7),LVju~oT!a`I6
}V:y}p|~?)mD0kP)&vyEx;>|6v=82`o"_[yrN%`QG}H!O3^*[/*ssol1<e$?VE&o+!gd[v>szBZMs.7"T9bto>.Q{tuP??A*h
A 42 17 0
A 78 24 436
A 42 17 0
A 78 24 436
* 16 10 500
A 25 51 0
A 38 8 0
* 27 59 0
e_"f,@^-&1e09u4YF0$.hAdJW@i*}pL3<Q-L!|j<$<h&=BYD9ed-e&+R/aNUL/JTu!bteaPkz|_?80b=ukl6{'
k~O{N]W/!hL[;]L_"*sXuuN*_#{v.%l8lKz)pu$-1WknvUa)iNK94XJfv/`
* 36 1 329
A 52 0 0
1 74 1 0
1 23 0 0
A 65 1 0
* 75 1 321
* 96 0 306
! 95 1 556
3QGQBG!VqJ5jM1h6b[^#7yvU9>\LSO]B]j`)b,^iE_YxML#_"20&}e%*"?x`v*[^vg]gg+5ZD4FW1`(hu};8d)H1F"i
1 34 24 0
A 8 30 0
* 78 18 0
! 77 41 0
A 20 29 0
! 53 68 0
! 65 35 0
! 24 46 604
* 1 60 460
1 45 64 797
1 27 62 324
oWig*t6XV8sv[AmVm9=-^\]4
y~xAJpKx=6V5Sc[1xx4TJ4Jl{sN|
! 60 18 617
! 63 28 421
* 18 32 0
A 79 37 0
1 54 37 812
! 66 4 91
A 18 2 469
1 2 1 835
A 1 0 875
! 4 0 1058
A 62 19 0
! 40 3 269
1 69 7 0
!o|t"hcTe+alg}8KKOyA1-y)g'g57j6Xa1~#/A%9\~C8n4}x-kbNNvRT!n\|H?z2
A 23 5 69
* 86 5 0
* 69 7 0
A 93 3 0
* 40 1 0
* 62 2 0
1 74 8 0
1 50 20 0
A 44 8 0
! 62 53 216
! 20 81 305
A 35 47 0
1 83 57 190
]`Zy=hPEm6+EU`_Fiv9SqJ0V6|CuPzoy)[t&`c7}aZRE8SV%5Zwk
i/;\4Xc{G}/>C^aye]M,lvDmoTsVe5nHWE)QN?@z
|^-[LxJShP8Ij_z!{Sn<3]C6|[ql,,*P=Vd~i{I7*0YfhW)2+Mx[<X%
1VD?qV9P/>xi6IC`5=j^b/RNxcF
q39_&2(r:q-^Z\v^,WOsIi;SJMttQDK%~8^O/i]]Gs*tS`HgW$k)r]v~8^=OPF6T3`uy]/I;BlkNy;8if|I"C]'5XSu-
A 36 18 446
* 83 19 90
A 85 5 218
1 24 10 161
Si#^wxwBCSx=2K<pnQBKi)U?GZ?u)u-l5|qMal:{i_Pk}#T%"K^8vQuXXmS!GCA*nDigpWmy{_Sq)[.D$e*~<E+)\i]^SV:^(7+{=
! 56 29 774
* 94 23 213
xxO*R`f+T<m#`A'~p8'\ro~Cc^^yg/VjA?*.f64}EUosE=P/#%f;g*ucW/sY-cI>{ee&dVm|
I*wl2Hu3CacH-;W7\j+n(fCo\7%.vzyq<(EfV~;oF4l$mK%dLGQid&qSjfuoTN?vPyaSGj81xdnVI:!KfCYQ^4OG!Z[UaZU8fyZ+uCGnaN:^')
* 47 0 0
* 68 63 0
* 72 39 0
* 28 69 817
1 80 80 784
"{s/Gzve=N\SwO[R7PdO|=~&c> J  >>;kR8((ik
@82&&wL&15t~d^ow\^V%^g83Ehce1'!+I0;]b{E}hFm9:]6fkmCwvq2Lk<&n-m,>cV[Z]H5XjJ!'$Q2MZ;"ozG$JK
A 48 76 342
A 31 58 451
A 65 11 990
* 67 40 737
* 57 21 399
! 73 37 562
A 12 9 64
q39_&2(r:q-^Z\v^,WOsIi;SJMttQDK%~8^O/i]]Gs*tS`HgW$k)r]v~8^=OPF6T3`uy]/I;BlkNy;8if|I"C]'5XSu-
* 90 12 0
! 25 25 0
! 46 43 0
* 9 40 626
unl#ATJ D}|P~@7M1&l2AQh G0B#z59zw~zF7XHn Q` @C7+lx 
{`ZW
D7d@>GVJ9WtM6VwAO"Ve_k|eI#UksY
* 61 19 0
A 90 29 0
! 10 5 0
A 85 17 534
A 32 30 134
* 63 18 217
! 30 30 568
iqri< gH0\}X.DDq- 5\g l I)X YQkSrMmC)*2=FslUCbEFgMW tjgDX&uD)"*F}P5)5b_vdz0jKf}%xHiBm:NNUIE1TMDxr4*#SaFzv`<7/
! 37 23 0
1 69 47 0
! 63 34 479
SfpaGWZ
