1 24 2 0
1 63 48 0
1 89 48 0
5/Lm'.!i4e-Oo$*;oQ4rAMnO]0/_\^^H+3.LB^y5c#;dO3yf$dGs,zBcO
(<E1@SS`+6ZTgD2XgD{VNxQ>4+74>u>"_l8BE!3VePoiI1ybptw'[xhSSTS.^rT(
5/Lm'.!i4e-Oo$*;oQ4rAMnO]0/_\^^H+3.LB^y5c#;dO3yf$dGs,zBcO
X5(+vQavEm@yF&[85CZ!BOKgJ@%H<N8!K
A 92 82 45
Tl&S#GGq>+kd4u|mRJ}
A 92 82 45
! 99 59 478
|xys>+$&2rO.QZh'q#qex@_B![)ae,ud)]A*B?~;>t[`Q*^xE&oqs:*m3KAtyGpi2"^(_Cw-y<w
* 71 11 347
! 67 0 340
! 86 9 571
Tl&S#GGq>+kd4u|mRJ}
Tl&S#GGq>+kd4u|mRJ}
5/Lm'.!i4e-Oo$*;oQ4rAMnO]0/_\^^H+3.LB^y5c#;dO3yf$dGs,zBcO
vG04|suO3A2\ -S 5v=5{XbTLV N
rOZhcky
MV0h;QNHX,'
>.+BC&8C1WwBT4ebj`zJ,D(y8W*C#r,B+n=)B0["LgVCp1&d{?/5B'8:HqHd;FZaw7CM#A%"#~ag9b]@Z.utXu`fSaHy<>L:{~r2T
A 42 44 242
&-aZh$)YJoanb:yDZbe^a@zcBh:Z2V0SYI*v
SZ|I~/+6K98td\%Hv}QPKY6.
)(A9)nLOCKo&B|yIDG!}mr)$>.]|\RAX`1`8"Gy4n?JI[Om+b:S5@U)t%^gf
* 74 4 278
D6%Cq-k)M9ZpR#'=Sk&Y'p?@=&5l7I![GVnA`)@wRw|k=U
_v^?{?!byY2sMzG2{3li?Kq0gW6wv4m\T;/yF"O_;&(DG:/zHZ/5JY\iOF6h*&"\_+|KiB.s_X_9fJ"N,sEqo~tzAt@
SPBQPj3OK+Y>7o'FcAHrkuI~!%=4FoqXVbO'1_>ot&#'!iNG.cNe=UkGl2;Op]52"@{4Z-)r3vCTB"(sh
SPBQPj3OK+Y>7o'FcAHrkuI~!%=4FoqXVbO'1_>ot&#'!iNG.cNe=UkGl2;Op]52"@{4Z-)r3vCTB"(sh
.u~"
$S3F
D6%Cq-k)M9ZpR#'=Sk&Y'p?@=&5l7I![GVnA`)@wRw|k=U
Gx$/4"2G4aN-6\xS,V
XfAH:1';etP\u_{k3OL:[{hu'~I"e)UiJ%D=YF:{;lo[T~Y;;(8Xr0'2*m`8"}h6`=w}wF<e53|;c-\-:,'V=uA{YxW4(z2&5ZF>kI{
* 80 3 0
1 85 12 0
rj\c?zY.M-|7&C0\`kaD/00T2fl>>3vj\S6#rRyVmnd%S'OLT?K|XiJTh'Jc3xN@Wuq"O.d8)JX:a
* 80 3 0
1 85 12 0
X5(+vQavEm@yF&[85CZ!BOKgJ@%H<N8!K
A 42 44 242
A 65 17 255
* 65 10 213
A 74 26 284
1 16 1 584
oDc-]Cq{q{1U.!Ugk0`Sj4VDpn/QZy[E}NFNSdhmRsJ!`QYG8eG3XjQk>,KJn@J;W"$'Ai`GeHepXcc
8?5(."ogu:3U:cnsassVo7bH)Gq'}^|e!QX\+tZ7=.B>s%0KyB|'
1 30 59 805
c>|7:m+,n~`D7;2ov{q9kH:"
%"TXy=aqF\#3AnT!@XzjlsV>v}tszk>w8s0[XIBqz-V@T||q5AW^[#pUcwu8
2kJ(6>W6+kZUAiu=4C|U-'X.#F*E72V*dQGut{bk/Z@`udlxPch9X*lAjQ8yAs?UOdA
X5(+vQ  Em@yF&[85CZ!BOKgJ@%H<N8!K
A 65 17 0
* 65 10 0
A 74 26 0
c>|7:m+,n~`D7;2ov{q9kH:"
* 4 7 521
>.+BC&8C1WwBT4ebj`zJ,D(y8W*C#r,B+n=)B0["LgVCp1&d{?/5B'8:HqHd FZaw7CM#A%"#~ag9b]@Z.utXu`fSaHy<>L {~r2T
]_+LI]1.diAbR;NAu#9{DcX~}R5X22"/<~keQ$",\&;je*J
.-l1:Y[jkrx{Y)i}}']6Ttw|?|t]y]n30`mQ)z?>!Si=rs%@-
RO?s]B!'-uQP?E$]Y_//[h|_,T0_^7>WY(09)COY]?Lh(*b=^<ioQ/(Xd(?c6bI<-+^B\[~1*ZqI-;DuO)0{]^A8b"qtb$s]x%
1 99 27 0
1 22 5 0
* 37 17 0
* 20 42 350
! 60 50 835
! 60 3 966
rj\c?zY.M-|7&C0\`kaD/00T2fl>>3vj\S6#rRyVmnd%S'OLT?K|XiJTh'Jc3xN@Wuq"O.d8)JX:a
1 65 2 0
A 32 0 0
1 18 55 261
aCWP
_v^?{?!byY2sMzG2{3li?Kq0gW6wv4m\T;/yF"O_;&(DG:/zHZ/5JY\iOF6h*&"\_+|KiB.s_X_9fJ"N,sEqo~tzAt@
A 87 30 0
A 62 37 734
A 66 47 423
* 80 3 0
1 85 12 0
&,qoK`mTA\"$IitI(Vo{}K5,#4;3d,NOWMexlh4unjK>pB|^%sHtg{[hDOcdD1A"h]-tO4q>T,$p20(fa;h8BnO475d$M{@Y`<rMR[
)U)a!jv?jXT<j~Dw14=v?a0E%tQE1s{{RoD|)nnbCn<=H-Owi+O#zc*0J<![q2ZDa(Zlhm%&e\/^=FqLKdi><h;E
o;2gs1h"+A{7OByo9T\7|t-Gu.8]stdxV&9SSxW:PvzhtETuiTbS9R3bLh\%+?x*|h7OC[]KHmP8fv76,4id<^L.d43|g=KEG+C;S"X=Q\"YqQ
>@mb{(@*mL-&<py7GL+\l8"IUU%,
)U)a!jv?jXT<j~Dw14=v?a0E%tQE1s{{RoD|)nnbCn<=H-Owi+O#zc*0J<![q2ZDa(Zlhm%&e\/^=FqLKdi><h;E
t2$ o~y/91 E6x}=)MoA5JoD[3Aa^;lBoa IP :8T5rDwJQ6B
T.xBOSIR]C/;pZaUr5I&4De]uhvU*DSO|SdEq0BZ"&eziHNnOB@)g-nwU
kFjtD&*;s4hJ(+4_ct;Q8bH9'><r2%b+{f`N/b]IS{h%Vyag&R{kM&E8uQn'gv:f%25ia#R#6=
* 88 22 59
* 53 24 601
1 89 7 623
A 23 0 0
A 40 11 279
A 83 10 998
* 91 3 474
HuB15(=\L{|xzHSIc}H(nI,F'Jb
X5  vQ  Em@yF&[85CZ!BOKgJ %H<N8 K
W^v;ck8*z]1uHF/ib{\`1Rgt#wMQ&Ab*tP5_?EY/t5ntCFf=A"UPOh*jxC_XfbZ)'N*x3e(`vB=v(L#p
* 80 3 0
1 85 12 0
1 46 31 0
* 84 48 0
* 49 56 0
* 60 25 0
A 63 33 0
* 77 54 0
! 84 51 887
gM9}M&MwO8GX<Iee0Dv_Ur{KF=[khN|otWV+F/^3M8o8uL>>@8\3zxkA+*w`WnufY,O]P/r*,T)PHPbA#;1)xb?P[6X$19PEoCpI
* 96 2 721
! 29 28 374
1 2 79 14
* 56 0 0
! 32 0 721
! 90 20 483
g/=At-9dvA{_>g[=fjz/bli+Uw
* 17 3 730
%:zd?1ex`M`Pv(9vq>Wc]9&|L&+DM0_4
! 47 11 296
A 44 9 409
6aYEkwd*w$#/XH^23X>O\~{x*Vzs1]o4#E264z&)pF#.GJI!F
&Put8z>#m[}+Z<%EY29GIk:)T$w6"O^>)^Pb_w<p<9
},k/TRblU=v(PeKuA*s^j2X[x{p[9Lo9/T6E
* 71 6 69
* 88 22 0
* 53 25 0
1 89 7 0
W5=.>?'J,t*
;MwkW9~)v+d
hs~tk*`*9}Oa]"9jr;(Ihbc51P2N|9g\qvh7L)J^:F^e('(\J~*k7NRO)e;qYg[gDtdy^3;3da+TX&(U2{&tg3BaV.\X|VJTcD(b
$"7TU\1a\xeWK4#{86m&dF}q/a%K8}fQ6z-z>UY/\.|4~OK|=3B0lY?9Y/:z}yx)2='0kq+2|CgW(Rta@Fi(
z
A 44 47 747
! 54 7 249
oDc-]Cq{q{1U.!Ugk0`Sj4VDpn/QZy[E}NFNSdhmRsJ!`QYG8eG3XjQk>,KJn@J;W"$'Ai`GeHepXcc
p${#Hos%
)`':\rTH^QHrqj]IM~HNj.mlc)^ZV"v>;;OfOuz0ti%\liX$|1W,8dFbN-=n(=OX5Qr{*V:JGKb~8_f
! 1 39 448
|^WUx)L7Av|Y_YY$>$T[Heah!HTieY'&44.kCcQ\FY6Yvq+"W.="
1GB|/T#*A@%fx9\SJj6dvTp`cbe<B`5LzDy*brj8vc!YFX;M\(*EA[4%GmU1AbXP
2rY~pv;Ee_m8~:HSL#-FM~9j37U~E/Pl3-GAbUCs[EwzhLAu~"=K>J:XBL$~sHE"bC2<O/rPL0b8WA,kZ`HOdc}&L
1 65 2 0
A 32 0 0
1 18 55 261
A 15 46 76
SZ|I~/+6K98td\%Hv}QPKY6.
&$|<U`"9t)1k2fZ(g59O^4K*Lq7A#}2EWn}.2{7<jmwk|,>`!~NimBwK<YYGx!=oukT'.3t00x*vElme5J
lY]H}4]=-TBW}OP{3~eR8!LdHN!4%H[F#{O"wwL_,4iy^h5W`I]i_w^
}<n`\bO_[W_q?}7?&Qom
g/;]*Vay|A*0-N`=]+^PA4`1'5z:j`n4=^C\!.SB}}}?boE.Fm'Ar6?s2obk[2]"3;|eMHE'I\)>RAZ4A/2@a<Z6.I[JcQ88
oVs*]k[Kjf M{XI7^y#w 5SP qFgs r@{l:PGtA5)m[vl&:" eU}
]_+LI]1.diAbR;NAu#9{DcX~}R5X22"/<~keQ$",\&;je*J
},k/TRblU=v(PeKuA*s^j2X[x{p[9Lo9/T6E
1 16 1 0
* 66 8 0
! 63 0 982
},k/TRblU=v(PeKuA*s^j2X[x{p[9Lo9/T6E
=.;0CkbJwRTz$)mzW/Cb3WO
! 47 11 296
A 44 9 409
A 44 42 0
! 54 35 0
T.xBOSIR]C/;pZaUr5I&4De]uhvU*DSO|SdEq0BZ"&eziHNnOB@)g-nwU
1 93 0 747
Re{>,TES^L$&6dQB8%=jt|ebvv(
1 65 12 0
yo~Q?:u/,p%|'TyhJxsYgvI[j!]s]bLlf
23H>=(XB0~}.3gg,4X9&`~RW,q{7m1G%+(50%#J{yq6/\5.8:nNw:O0XJSUAZ>^$w{7684Mqt(Zdpx%Ygj"ZY#mrLuSb3'h
&,qoK`mTA\"$IitI(Vo{}K5,#4;3d,NOWMexlh4unjK>pB|^%sHtg{[hDOcdD1A"h]-tO4q>T,$p20(fa;h8BnO475d$M{@Y`<rMR[
Qn7:|&MeMsSlSNEkyliOE_A]G$9Yzy"Or0,mdL~g't!/&LDa,|=rW])H\,!(nwZ}dPM@l/D2o<S[jLXLZC6PDlD
! 95 27 174
D6%Cq-k)M9ZpR#'=Sk&Y'p?@=&5l7I![GVnA`)@wRw|k=U
fd@9Yd5+GIv#4qca2+%<1:ExN)ry$%"2T.rM]ZJ"5"yfRc*&usrpV
}]$4Z;zA9
! 82 27 750
! 11 28 776
c>|7: +,n~`D7;2ov{q9k :"
$"7TU\1a\xeWK4#{86m&dF}q/a%K8}fQ6z-z>UY/\.|4~OK|=3B0lY?9Y/:z}yx)2='0kq+2|CgW(Rta@Fi(
1 81 35 980
A 40 3 879
1 49 2 917
1 30 8 824
! 81 2 19
* 56 0 0
! 32 0 721
n82s0s8aBL65=]=AB(=5oG)qRepY<-V]Ix(R>t\^d:B5
wM(>iQUQuq=$A#B{X?>N;JWsDG`<i5^C2GE,K!_@5IxomZ<k';O&
* 44 58 842
uyMU$u{z\@TNq-8F/Cn~=|w&T&n5X:G4Q&gHqr7i>i`|cAXvxjM!/tE&knz'@x/%I;M,VySo=Dd,MWYLyayqqZb
D(w@K%7'WW94Pb0/CYbSmA#SR8Q"P/JK1w%p|9;#kwjo>F
&,qoK`mTA\"$IitI(Vo{}K5,#4;3d,NOWMexlh4unjK>pB|^%sHtg{[hDOcdD1A"h]-tO4q>T,$p20(fa;h8BnO475d$M{@Y`<rMR[
p${#Hos%
aCWP
aBI
1x|/;VvJB&dMMwgUSPM?pyYK6\aOc~Pwxu7WfZCOb6iQL:g,y==iSp22,srss&GX>d{JPaw0z'RK"UvwXma
5|:cM-j[f;|]b#rPcLU[;x8Sb0~o
           
! 24 45 891
! 86 37 826
;k2j`j8"PPys*+D1by
}]$4Z;zA9
1 2 76 122
A 60 17 755
GR<z9/6rJT~]">(#D!F=!~0yfl,rB6y"=iYaShIe%zOm|{B-a9.MVV:,H\N\Ja@M<Fr2Z,WupT,6j,T
A 44 42 0
! 54 35 0
! 29 28 374
'":mTaT%}l5Q]q:,@ASWsf8tC?(2tLcBwT?Bd:6C~DF'CXN*>rJR;xjT:L!cKr9<{\%{#@SNffZ!a`t/}Em+z\"1F[,6:Y<2C.;rY)new1QtP
e=R`
A 16 7 115
(F,kHrM@8^BJ<F,>rZ."=RD1~aIj6h%3{facv?bgXGB9}<9`}"A$g`%p2Y#=y[=<3]kcL#EOFo%uD
QH2U\|}+&=es{Z|t0v4u>,+TV3oaE,Y+2\epPT]Srgz
f!B.3lBM=+QkTo*XYCMG>~xQT|hg>FDv"Zi4BF-39"R|_li3Q3D%ja7vDwqmQJG.K"AtFr='z%~$8WltwDExTv\Sixf
'aiN{jZzBL1dsymSK+
UG!`>7s@/Zf(GfP-[M#G=KO3LvK@uH^&C,lc=B+?=%5VPZfm*g@x3o]A3lD"QXVUG
>hrp[Nr"z<C8d,|'"*z/b;2|Qhe?Gd=dB"~VtmM,]klWgi#^Z$9J@^k"uYD/GCmAa/=l_'KGe4WiF)oWo9ZiW*ocV[0{yP7h
KWeh~pcIYHdj%'4
yo~Q?:u/,p%|'TyhJxsYgvI[j!]s]bLlf
8 5( "ogu: U cnsassVo7bH Gq'}^ e!QX\+tZ7=.B s%0KyB| 
2GwP@H*lqp$$wGLoYBxG5QO>,x[k./<cA
W5=.>?'J,t*
'TSO~C!WSMKcr7uz=]g{hUe\}@O;Ib<zq>i+`doydf
=l{Lt>1(^HLL8A8[+g0hzr=0vLNC7g:+$dR%5ZYmPYpHH@B1su`{[VX-EH
* 68 89 315
VMCY[*],33#d'iQ-Z!2fJtf$LyxR'/3duG;5SrO@@e
j#-8*xGY:IyaPf~]e~j
iXGI!e0mZE
k^|P'n8+*lgg
/iO'(;a#a||<b\4h<34qY$W2nyBnD>V<bq\',!L|6?eA>c7>n7:k}}/\|m{<CWb'_!Y,)hw
sFY0d[*U?j_SvFgVd4]S>J"MD_|Q?Zad-.c&AE?Ut,gvTpPt<8>lCTFm&~InnninXph$)v<.VU9G>K5j;
e'#T);Ng`\#&/8"qiRk}3qXsnB#XX.]@{T[HI<X&E_sjdTBlhUU`!_u9akV>Gr50I2ensZ<1{)j37!i=9p5cMVe.r4JC
z~zA@#CJ@p0TK-."j2_8(OF@;;|CC2JeAEnjB|=\18bTZP6g0~$r
Kscckh3xs'tCl!`jVj'1KWqV)X?hcOcS3WBPGn,Y#J}/S`Z7l0O%?i"4'{E\wJ(?v?ZAz]YR/>8O/Ml{|[3(W~<)}Yvk]o1-
wM(>iQUQuq=$A#B{X?>N;JWsDG`<i5^C2GE,K!_@5IxomZ<k';O&
4F_O=OA2X6O:.b"E-P|g8CYX\"j~?f=?K2o|{j4OIBv?x.$G&I|!?aa5Jyv;^(6:Hr-5
)JeFLcb5@ZrMdR>O-&QGB;QQ,MwixesA.H<[EtHQeh@dM-kJOj59u)c^3dGw>F<%R<HL3uD
* 30 19 35
1 14 19 725
* 64 31 465
* 25 26 742
! 51 9 751
'A\NP~)&1}\OF7T9fH?s=]X3)hSo~wZzQ+v/M("7``Thp@lB$SZG}qTb.l83>&&'yGP:)Jr=Rhnu(J6Xgh
vo!kyJIshB L5jf_D+_ 4W+jVFlaW{!,l2.QD/nXY}A+~ZtP- `}G<)tBDP;badWjysD[sIT z]0&3wF'nf1NrQ@Ba%Y $,+%<\m]|
A 25 13 0
* 80 40 0
W^v;ck8*z]1uHF/ib{\`1R t#wMQ&Ab*tP5_?EY/ 5     =A"UPOh*jxC_XfbZ)'N x3e(`vB=v(L#p
1 46 31 0
* 84 48 0
* 49 56 0
* 60 25 0
A 63 33 0
* 77 54 0
! 84 51 887
e>pl[Rc8$)j%?2E&b0:Rk/]=wmrYK(VpajU%1H\W&O-vY/hk?dHS`Cz[NDX[c1&e6cf8cMzRbnsQcPH"5Q'+zL;DSFx:
! 79 7 666
1 80 13 696
Nk!jy_&H>[zUlK47$#639;0vhk*%IofPOzt1APsYeUl+'f>tEcHQ
<r]?VmStRk<\;Ey7H>.nRxZATRnTuX}L[S==w4\]=rb.]/7gnaMBv,oTKQo+Z<pLq2lUYOWfuwfKvO}\_oXT
W5=.>?'J,t*
GR<z9/6rJT~]">(#D!F=!~0yfl,rB6y"=iYaShIe%zOm|{B-a9.MVV:,H\N\Ja@M<Fr2Z,WupT,6j,T
PjF7G>\[yU`![\\6EjBEgfrKW7:Z)$GG]<E]}h2l=+e%DK#pAaiXoL7ej#mG<W,r]"]X;.dU]WG>Y^x<&*p!")bBYj
YA,x$q}56_/1>_fSb;Od^Ia++[().SLr0XgZn5'bYCRU{6?2mKb]AL:()&f]ro2295I?%oL6E
KWeh~pcIYHdj%'4
Re{>,TES^L$&6dQB8%=jt|ebvv(
)TtgbKe>s3xX/40ICVz}S(d=r(Jf~i%|Ljn{IQGxy"P5dr^QCESSot]4L>a-~4U$CRrj,F;l[I$)@yLt37>_2CiJyIc3Dpv+Vu{^e
* 44 66 0
A 1 47 1122
=b4R0ofLY`T@W&gGQ:|U0<I97_76`i~a-~(dZE8^[5Kfb+-y&E`e|OOHsFB~7eUuQB
1 65 2 0
A 32 0 0
1 18 16 0
A 15 46 0
! 53 40 911
* 54 54 758
'aiN{jZzBL1dsymSK+
1|IgP{Sd0*],/~J[7b8ZqT_|W\q;lIHLAw",:RC-%kotw9;J85"[':*3mu-?wEw3Kb%h{J0Q,
bl/rfLd;37
A 65 17 0
* 65 10 0
A 74 26 0
! 18 9 90
* 10 13 472
PjF7G>\[yU`![\\6EjBEgfrKW7:Z)$GG]<E]}h2l=+e%DK#pAaiXoL7ej#mG<W,r]"]X;.dU]WG>Y^x<&*p!")bBYj
! 25 0 374
}E]xeWzt+aPU{1O*6u[3g]f-K~&<X~.3qds::qcgSo8p^Spx@KR'l^dbX!.p[|FTZ`'W+SJ:I3*BIMcda9J}i
tPt_[_g3T<%m,%rIaNkL(c$:\n=/)G`x0d8shBKRZkj
 82s0s8aBL65= = B(=5oG)qRepY<- ]Ix(R>t\^d:B5
* 95 16 166
A 68 72 81
A 64 50 756
BRU]
m.V`+Ebj96[_]^rvD~9Z\58h\S<8dQD022h7cpx*
.-l1:Y[jkrx{Y i}} ]6Ttw|?|t]y]n30`mQ)z?>!S =rs%@-
* 77 0 570
! 55 0 843
1 46 3 407
&-a h$ YJoanb yDZbe^a@zcBh:Z2 0SYI*v
m.V`+Ebj96[_]^rvD~9Z\58h\S<8dQD022h7cpx*
! 25 4 324
* 58 14 429
! 32 33 511
* 95 7 894
! 55 67 740
A 16 7 115
>hrp[Nr"z<C8d, '"*z/b;2|Qhe?Gd=dB"~VtmM,]klWgi#^Z$9J@^k"uYD/GCmAa/=l_'KGe4WiF)oWo9ZiW*ocV[0{yP7h
9UxF>({F
?|8^T:zL
A 99 30 492
! 78 48 683
A 23 48 951
hIAXI^Q6\2ATUXE6w3Fv9C![x\}Q7)$r)yH1-W),z7/;/@;5j
D6%Cq-k)M9ZpR#'=Sk&Y'p?@=&5l7I![GVnA`)@wRw|k=U
! 39 6 989
! 59 8 873
HOc=S2&z[}yegw'
e>pl[Rc8$)j%?2E&b0:Rk/]=wmrYK(VpajU%1H\W&O-vY/hk?dHS`Cz[NDX[c1&e6cf8cMzRbnsQcPH"5Q'+zL;DSFx:
n9)LZs?7o<C%~"P?l~35o,-'?~R1&$\%ZYcvn;F
! 54 43 34
:R43G GXD:.r D
rj\c?zY.M-|7&C0\`kaD/00T2fl>>3vj\S6#rRyVmnd%S'OLT?K|XiJTh'Jc3xN@Wuq"O.d8)JX:a
UG!`>7s@/Zf(GfP-[M#G=KO3LvK@uH^&C,lc=B+?=%5VPZfm*g@x3o]A3lD"QXVUG
7:%q[D%<@wfi,@vVEQ;+e9mBeeH&Q;`/4Re0#mXCm#d#cKPCg?\h
iXGI!e0mZE
D~KB*>RJ_9;-&I?_
=b4R0ofLY`T@W&gGQ:|U0<I97_76`i~a-~(dZE8^[5Kfb+-y&E`e|OOHsFB~7eUuQB
S_2b"v>:Tf&xFgKR[0,=*j".`,<i[(x:|K^(gyVk2U q3JK9c!8eDcB,I
* 60 1 0
1 53 9 125
~"l@'d!}s<2u{,`W4
! 53 4 222
8=8qgJE3]#+fp!HR8hC&J=~1SZd*a^"!p!%t5TMD
S_2b"v>:Tf&xFgKR[0,=*j".`,<i[(x:|K^(gyVk2U q3JK9c!8eDcB,I
wnTwcz7sPUda5{:xs]&1#[YmeIN}c,S!+[>89dEh_z.s+HL["WCQHFv;m`m4DJ
>LCn+jqpUJ:JjIv00l4^ zO?{u<SPK:qlgNrvZs*P[\ / .} w
I5vG}&&*3Dv>7wy*swM=J\'}>Syso:NLxM3m[e++,vvWW;LlF`f_d8g{PGS8Ej7F43+I
S_2b"v>:Tf&xFgKR[0,=*j".`,<i[(x:|K^(gyVk2U q3JK9c!8eDcB,I
:H+] F[*aZCR;; k,3dBO1nqbD/{O `_S$ ! xZTG~ VMQI0K!JLS0: "FAP SRl OWD'D.
)JeFLcb5@ZrMdR>O-&QGB;QQ,MwixesA.H<[EtHQeh@dM-kJOj59u)c^3dGw>F<%R<HL3uD
* 64 10 423
$}_7>CPon/K!kNMRm/LK|KH37#l)\f~I=a.!P<UeBKAe$*eBzhsO*jh{QjA#MV$FA
* 86 18 736
A 84 37 202
* 80 23 863
A 72 13 200
\#RExG,0tm.9cKwM<EcrE3&G|k-{n@vH>Ro!nErjbISNY9CUb>*{<X{\jVQk]l};sJt
KWeh~pcIYHdj%'4
~TG'4)X4ZJ-e"AV,S$Bo=}A+<$O<!G0/4G|\
f)SP
_C'Mw_T%SkQpD|2%tHcBX#raG5C0hrvr[HN]QkAl1fq;^t*.lZ@.FCW^lg%#/*:>o,O5Yu6@ql_
! 23 6 160
A 44 12 6
HJ=qIZIx(Sv(wUx,+fL+D4u/>j$nNJdKq28/CC?|FM-,Jho3dYBMyS.2ktQZI/v\%*8i7y/RE.fC}cJC;0|nAFS%3NlfHG$]w<fO2{j[>&7.k}@
>vir.*LJE#fYOd&A^;n/c>,,
1 39 18 0
A 37 65 0
\#RExG,0tm.9cKwM<EcrE3&G|k-{n@vH>Ro!nErjbISNY9CUb>*{<X{\jVQk]l};sJt
e
hr*mjZzJIam6*Y\=IU8Z.ve7K"ufQudyCz8vT;]kYA@^6Bjyr@g1/fDZ%APrbV`{M:]I1vk"sbRQ68q:$>b,OyQcfL0I-QGK3&uU4s{ZhkQ8Lq
A 97 16 0
YOb&~|tIc4j{v%9F
* 53 0 231
m%;Nh7jbxr~}WZ2)+sRKuKG{@EVNwm2:/z
\#fm!Bg*AZA=<|w#sR7iXPg])$9TtF?:}Y(v1!Rn^DFs"4XD
O:D;R`*
oW6zZWF x+]EKu)M>aa2xFf,abaD~Duc7;)d/WIiSK8]F?8`##N9/Sk<7
! 71 4 2
A 70 3 0
A 63 1 0
1 21 1 0
SSK_)mGs\kX{S+Hz2Skf9V:cl8`1
! 54 11 102
A 86 29 231
1 52 19 540
! 5 0 132
A 5 18 380
Zf9KK!Rz-c<mCJenQ3iVLtI~OxWw9R*|WNP>c-*g&
23H>=( B0~}.3gg,4X9&` RW,q{7m1G%+(50% J{yq6/\5.8:nNw: 0XJSUAZ>^$w{768 Mqt(Zdpx%Ygj"ZY mrLuSb3'h
P1^di(q$^`*Pe![2X^EG]
RxLZI\I9Wn.C|63kU~C68Dk"~=D0w:<_`dE}f"}lGs7Y/~Dxr[vXN2`@uo\Y-M#r)rgR
oW6zZWF x+]EKu)M>aa2xFf,abaD~Duc7;)d/WIiSK8]F?8`##N9/Sk<7
vv'@rp#EDAk<[{wh>&=rv;C
A 86 29 231
1 52 19 540
! 5 0 132
A 5 18 380
1 8 65 77
>vir.*LJE#fYOd&A^;n/c>,,
!N(0v(EF%~nE*bAiDok<km~Z$Aa,}]4o*7sT'mJc2SfuZ;&PYn2eLorG<k=L&i(s)&1\Yq&63gzprxQ,muSH,b('rQ)}
w:foj=vYIi1O`Zg6(t.+op%lyb~3C)7c# p>Y y
I1X'qBEhT"MZt4m=svrf>ntyH~.hW=f=YKG9wjPJFmp-(H./d`1dEI0wY)wBB$e?&$^/e@m,>X#QzpbRP`
A 30 34 382
<I=h2?tH?Vhjb0/}c`+**6VpgrIVv&>j'fKeCc
Tl&S#GG >+kd4u|mRJ 
/D9z~S[bs/1[9?LwPVn![pl857P$WKBy+'aMkIk3d3MED*=Qix?zF'9x.bL'+.a.,SFnxuw?{gLg5Ob
* 11 4 583
x=niq.6`cb&=lDl`@#
KWeh~pcIYHdj%'4
+vW|Q}}h"Cy2YmZ{$ko"=sA^{S
1 40 11 143
sFY0d[*U?j_SvFgVd4]S>J"MD_|Q?Zad-.c&AE?Ut,gvTpPt<8>lCTFm&~InnninXph$)v<.VU9G>K5j;
oQOi^=vp~dPqD6$
! 25 0 374
[j27}Q8_L^aUY=mb\#EW*8.8)`Pb_x7Tz*2^dizfY])%8^w*pXU9yycKfQtFhf=G
qr7p(?C=%vq&*0]!dn"xW.3VU?4wwU2gZ2f>knJ_cMRr%wnH7^B5BaF?{39{w;A"+^5J~6wYIW40QQ@ooT1C,Q6N8,|NKfkNnqwPHH\v%O
A 70 3 0
A 63 1 0
1 21 1 0
k_
];&$9qxe8$XMzq`Lu(pz:rBR2:$}c?me&{w_;R}L7Z9H,+2zr2XaFjS:wj9~s,msD6dsO)FFo&l[Pl-}t|L
A 51 3 165
* 20 9 128
! 82 3 504
GBj}Mb_FuRZ#cx
! 74 39 211
HrcT`y\gvxJZ6\/b9ed#7@xv#x*jk8t3,;wqufSFKT6B(5jUP$I.1&?_xv8uq$'5m=K%x/)aO$q2%kf>'n"U6W^3(l
HuB15(= L{ xzHSIc}H nI F Jb
)b})ZjgkMQ.=dvT~b42(O^Nh`lW81[uFy9Q_0ggV3QF{edv&"%h@6Z`88y9w4Z;q\ZA
lim
e=R`
K7)FJWT/Pj{DB:,%]]XvAG1\k9*m=ld^L'ZI#"\4NTccT5Rn"#'+|J%
,7a#Z-?a=0=*84Huj"Wa<%sJ_8;>;}4aa5&u6A:p:k!Gh}'"s/{mHcGE
* 66 1 842
_k$;*Qa?e>+^BZ0]Lam'Ck
"I+`*)vek5CxNZCLlSRc+U|WK%4RR#pHzG4UpTq84rGQM&ZlU+m+P40AXn%EO%B8PUMCOtJ;4/R-Hn+w$r2+\}],E'y#e/Skfy8FZ6D
A 88 63 815
1 74 40 610
1 18 37 704
1 3 14 538
1 95 24 0
1 4 62 136
A 61 60 0
! 30 38 484
! 31 63 151
F$9dQqrjD":?_^2^QrDz2s10\aE/'Zds13J"EH&Ub/dB\p"/[;Tu"DAJjDVtq~,vbTX\#!FqNViS8d8uj\,8b'l``;LUGb}:50NA^
A 58 2 0
1 78 1 825
m9?F|B{Q$h5dx<^idn3frH\!'Qq)__Q^F1}lZ1K(q@.3Yeg93+1
pl9dI#b273>|s0ISn\gUJhJEdsi/HU.TQmG!Aq&*6O;(]hCfYtVB?'C1xbhV_`sQBmG7Nd
EtFJMPn8S`$3[:pY`xyxF7`}?-SFRaB/urqQ#)^l*nDuY+Wqc(+6<I7A-$lWK:qjfA)os$!+B3cn^1`%l`iJo!I]va3ntm+`i_$IaIp-hZZE
Os3,8%|_UY)7q-sB2w2(y33X)
rqPJsvD|$
! 8 9 576
A 97 11 757
Foi]7j
A 69 28 976
I1X'qBEhT"MZt4m=svrf>ntyH~.hW=f=YKG9wjPJFmp-(H./d`1dEI0wY)wBB$e?&$^/e@m,>X#QzpbRP`
1 90 27 625
1 38 1 815
1 69 24 0
! 48 60 165
_5#@X1a:RONBorDrbB!NYHzEH"#mbrQ&Y,X|fy=kfd2-[QY9$#vm2|kndQQuOd#V}!;$.[OpBmBT);B8w+-S4[YT2E.<~v*BN6>pRS`!J}{
8u  X[(;m2I [ $i&PC   
* 16 3 231
* 23 11 522
* 53 0 231
Q~RT$TM/e!5oiL#4z8^OYrtcbu&pXW0`gM%f#z<zh_[zW]_HdD&5gvmeBW0FeA6}d#|bj'2ewj
 b4R0ofLY T@W&gGQ:|U0<I97_76`i a-~(dZE8 [5Kfb+-y&E`e|OOHsFB~7eUuQB
! 82 37 729
^]CalbH,
h(yEs"Y2NE?<"m7'nr:XE1+^qs~4*s}J[BU]i8Nj4LS.*pE#[E\(0$$1(qLt~kFdE",mE$C/"@cx9YnR?o
)]`'NZ.O5xO(8}Y8va_
(59B!z <NI+a]1 Y/`b*6`)?ivd56<J0=}: o$J)Pj ,OEaNq?zTl}kB2=G#4qf |+K! b^h*b4BlzB_ 5>\pO CCg
! 82 3 504
*A=6b3_,b0e?kS':{>("j%q4z=YM+&/9\d:.%[nzRPlwx=6h]G$oE7GYDQ1\(-\
I;[0
7jk[\q]PU87e\2H@pu?ZU7u!`r|ho^"&bWs5uT>`7idJl8k'\!Ukg!c$D$eLR(Bo
pky-l!Z:ePD5hhgW}T$k?{Il@3OA`S0kU!
Hb4~n[%J^2!C39ljb&S7lsDq?Ff$VgUt+wrQ`{OyDJ5j`'eM2:c(5Hc6xH
A 97 16 0
unZ$]0'9C_}q27/X)tJ|u3*$v5(ZfP-"I:pRc)@}K3M.,j$oWNG.?50IEhKlJ^1554'wA&X&cV@V`yN)a71
:j'FyyFlL0I%mKmP(m-KB0<AUIvSKi58V,a0u*uNo}7fAgxlqX^rKj:2.NfzIi5!'tIG?2fM+@8Wb7$]I6s%0
aO{W@^_D/:Si#OR#cZ5L*viBe!GQQVfxhL2b]v#VOwGD\h?p96MO1KY"9W[S(;3~}MOl!By=O/tF*)xt!
3Dn}pL$M+
aCWP
1 64 23 21
A 79 49 0
A 54 9 476
n:l`VklN}qqjka^=jZZrI4Gbc]k*E0^,"g,**ZEf=_vt2fkBU|Uz>S2{8)%_//?JU?)KrA:#pEC&Ec5Bn16jOmSh*H[B
3fw()MLLl!3,0`Yu*rYX='@jdT#}H>D2FFZnuZRGve$u)P~rV2&au8E(6+@+EikCuFEbJK;kW.p!;RgB9cY!Bs>0j0
=;s7l"@Nw+4B:wQtke-fB""YVuul2LiN!}G(d^/Mp@XkZr!n#dj>(m6iX
?;Jm'z/ntG}0.s}DT5{A5e!J&~q^ k%B|*e<ze&+Xy~07^QF#rA/q`!gfeE8=AGs@CT6};A&1%c
1 79 5 0
1 80 4 981
bl/rfLd;37
SO0Mjyld!LNF!Q|HBYtDu!ml`le);wr)B$Q:
'x8IT=Gz'
1 66 58 861
! 22 64 652
1 11 59 243
1 85 35 887
1 93 7 316
A 4 24 589
1|IgP{Sd0*],/~J[7b8ZqT_|W\q;lIHLAw",:RC-%kotw9;J85"[':*3mu-?wEw3Kb%h{J0Q,
kVsJD
=~C.it$9MAJM[a--^?mK_UCYM"nBqH7iF/:FR}%vIjW[sN+puilf_t5b56CO$RnB~4p5USi4nA@FJn(_\*7A~L<hk2O
! 96 6 867
! 68 12 386
(?g{dt[-mL*ezAM-3*[Z?7|eDcL~]vAUphj:+$fej(3YL8UUlFW9!x,|f11AYlw|7|!$mOI#(XB
* 25 0 0
1 10 0 0
s}+~2+
x|}0%qc4E#oL
6^n</FWPrM!KYA2Y%8$w8Vv']Y{jiiWBsR8}WM
* 39 54 529
>hrp[Nr"z<C8d, '"*z/b;2|Qhe?Gd=dB"~VtmM,]klWgi#^Z$9J@^k"uYD/GCmAa/=l_'KGe4WiF)oWo9ZiW*ocV[0{yP7h
1 61 51 0
A 22 72 0
! 75 10 53
I"rXzd`%}lZC]57]T<>MXdtX^>'2,4:_7ih:%bf_"}94)*cVP^DL?{mv"!LW=G$u{=gv#{>\X0%`4AF~8=:lXlW|Q
pgl"Wc4@.;kflFc;rFs+u17}VC:Qh
* 85 4 898
A 83 7 304
! 57 5 837
1 29 9 518
A 36 15 592
iSCX1uLyK&F{p$o!y!#n.(z*>;A#f)0uV|.=R
{!~8<vQ<&+$Rd:eLB{x&8zMK$2^#5v'pz;nU'0Z./RF{lb(b}8<4;qQg?0`Oh|*[C)T=_}h_z[@SFP&N]\l4Z6jqj(_ycNl^GEe^Gn7HW'u
k}Fj.J_V}zd#=#8FEV9J;;eh*#QEI|]*t1Wd8ng/Za`=<X:MnvQ|!ZmYU@8@"1Sj<Zh5G/}kZssc)4Jd5bx<Wbhok$I~x=,@n"9CUi
! 25 4 324
|~lF~t$c1JBa*{T<$Zl9U%N4J`M
-QR'vs:%|*6m!")x&RSVXu-=1ZNOWa-?qY`D01bGr#K">Mh4S~02-PN}O;@^:.54w
!/cnD9-Jc'w5BKMsO{[,hB&zvoN4n7hSC@Ww0P4aIrrGNOCttHa`qheJM<sUC}(78?wPy4627zMfjB`3SYGz
* 67 48 408
GBj}Mb_FuRZ#cx
}0Hd@~>wz..;fM*fu
ShKjQg;Ji>Go;UtI#ZMY
^[t6c{-:
"
%>dLKkpg_YNf^PJ`X2rZ7Rm&K}8b[Nz~unPc7f
o[>r$G/IQGvR'im.=gby1l*Qy
A 19 3 311
! 35 25 969
! 38 27 341
A 39 44 493
3FS=4:3Lc
8}W\>QrA#|(o\]F%e"vm!SHnE
tjX_XptT"Q(;):y@s=!nW
* 16 3 231
* 23 11 522
! 92 9 940
 b4R0ofLY T@W&gGQ:|U0<I97_76`i a-~(dZE8 [5Kfb+-y&E`e|OOHsFB~7eUuQB
~=Z}Ip1'_N~Wiw?VZao~q!{eX(~EIr"(d/9^(8G
OA`'4w[T*<AzXpxP0%F,#0m>TWu#])81@P~Aus*/z
1 4 1 409
tuU18"?*{f]we0}X:NRp4sif#fQ9b]X]LSOY\/\eK.e
:oiT'-Oslm87\,2lL1rjLj8O8&%g~?U.,W:^z7!t+_uLgY%x^D
s
1 42 1 0
I1X'qBEhT"MZt4m=svrf>ntyH~.hW=f=YKG9wjPJFmp-(H./d`1dEI0wY)wBB$e?&$^/e@m,>X#QzpbRP`
! 80 26 331
1 18 42 288
A 50 42 23
1 12 60 666
A 96 31 213
p%Oz~nHT(VTeR8-lR0?61VF!R(ws3k3]d8y!%0%@rR*LGXJ2p\@=Rvha
'x8IT=Gz'
{t(1:|fCZ3u#gx/vxXk
RN)LPQ!Hvicwl2MmRmREUnq'>>(zUBz8#bwB}Vl'u<ys'--+6wh_#mKK1~eF)w@u$.v1+=B,3`lJ#;l@3?M=R}J~.]RFk&#<
'%Zf:k5N0M.KYJ%*7s8_.o&JX"hR(@XVDi~(w`y+rbh0"<v3f5T4U=U_'e)?~$|?:\Nl<R{Uh0qw"lO614x=OLXr4>DI2<PI'9zXP"n0OfN
yo~Q?:u/,p%| TyhJxsYgvI[j ]s]bLlf
;is2H9,~VxquD`%;:VMxAlf>i,['NEi~!83)B.#tTo7S2A4UWQ[rY8epm%'+gGz:st'_Rq#Ei
8u  X[(;m2I [ $i&PC   
1 43 31 0
1 81 26 0
* 85 9 0
* 85 22 16
* 89 43 60
* 65 0 0
b;u'5(MG+<?`GYeUe*&~)7v;y,Q4dGO 3gJtW 0& _J%Tq~DPZ>C8\85[|M2m|tSh)9GOwDe?
]nyV,OQjf.L=Q/T_X/xAo|+kf@L0nN/&()JXk%`eP\$_1cV-A3Qo\\o@MA@|#r)2.},x}0T&@nr#a
oDc ]Cq{q{1U.!Ugk0`Sj4VDpn/QZy[E}NFNSdhmRsJ! QYG8eG3XjQk>,KJn@J;W"$'Ai`GeHepXcc
X/mDPRD`S-d4:""G(,i-Hc+2"@-}zyhs~;63/LBEjE
noYr0trH<CaAn,txU2XH;I^(#$6At($/?TS88b\<tnn!9=KhYhXWg{Z;J]m0ou3L=u)3v/|[{\B{p=pc^
A 73 26 869
A 76 6 339
1 81 28 387
! 31 39 581
xx|q..xppa'.GzKe>F:1wBT7>7.8%|
* 55 23 501
! 2 2 14
s:y7JglJ-U[H5_+_;9xlCcofxUxmlSJ@ij>h^h%g`w;4be*VS]A<t()ocF%V[9C6ZUI~T5HI03T#u8;~'0.;ooy$><*"KTo@
sv^"B#pTX]SQ%.G"bQNg3lm5afF#:%XmF)J|s0}ZJ}w)A5`{FI`N.]UP=2`%024i[7SfF_#*'Q*:"xLOAzLN/(`n/cL5c),ZBR|GbvU'*RarX4
{XCWSDt9Y(Bk<]O#|Lcj~9Wgb`"@RoaWV}dIl7%y9a+p-=Hk);C$Q%ej}w(m8Mf<5
1 65 2 0
A 32 0 0
1 18 16 0
A 15 46 0
* 77 34 996
A 63 38 6
]#xS|9/RluD0}w@$HHA'bO1(u,UJ01+/a}aY$8@2Xlu)?RIhe.gOR$~[>'G`LjR+w,`1WGXy~rC1"g87=BQO<#37KGlzRlc<I^
A 58 2 456
]tG&'J,M.1m1=9eC{+"`PrTy?u=p\A_'<Nwfh6`'"r%,k=ZWm0aEC`\0@l{{RjkwHc#o6<v\&@Jk[j@sOpk`IUIMx_5rsGvRb
QAuXO]fA<b~\>Z!)5^yl58Q[_g3UslsO1x>Xd:z=?L]>d/tm-$Xw[G.>>l#LSYQRUtyk)F@Sbq~YU~n.wF"nc/LiA/MN~bam,kYSSmI5TwQdc
lim
{(Xb'jmih0d=:b80.JMB~Q)YQmW,!.M2ZYF:P'Ro?mc}0@vme+$.ZH?ozR-&pUr6b6j>m]<Aykh[@<{<b28vJ
! 29 34 355
! 65 40 772
* 36 44 712
A 4 12 675
1 58 10 406
1 21 32 554
;k2j`j8"PPys*+D1by
* 6 34 481
! 82 32 790
* 81 8 659
hN]2`GgZqo_rfJmHu$#n34HHly].Ed5d$Q(FG*4;x<a=nS/s&Syj7]#khk=OeU{u>2IaG;dW'$.yYdXn$+"LaX6@bDyb]."yig3H<`y7qr
3fw()MLLl!3,0`Yu*rYX='@jdT#}H>D2FFZnuZRGve$u)P~rV2&au8E(6+@+EikCuFEbJK;kW.p!;RgB9cY!Bs>0j0
$}_7>CPon/K!kNMRm/LK|KH37#l)\f~I=a.!P<UeBKAe$*eBzhsO*jh{QjA#MV$FA
* 20 30 0
! 60 51 0
1 99 47 0
A 40 5 0
1 85 47 0
;k2j`j8"PPys*+D1by
V9.m
* 76 49 68
* 22 16 835
* 26 58 789
~TG'4)X4ZJ-e"AV,S$Bo=}A+<$O<!G0/4G|\
JU`n!41;P=TKR1iYkjc&slm?Ky%}3eki)HPVs_EQa
! 25 12 161
! 22 29 688
1 90 7 884
! 39 28 524
:)^m~ICNSg~m&L$-N(
1 15 46 0
A 40 13 0
A 24 46 587
* 50 43 930
! 29 5 310
! 60 4 272
1 43 31 0
1 81 26 0
* 85 9 0
* 85 22 16
* 89 43 60
[$_$cdP.x!=J;ODN&~Em.I}=-k{>y+JK+ZZ?3xX$,J+>g/2c&bot"]O;{G_3&bED6L*yPmo(jlR`MIRzI~4YES~4&n>'3@NL_
1 79 29 121
1 67 11 78
psZ""Mxcd74,g
vt~Z9337voF$ugcs^GGjhIj<sw1T^Q'1ay=.)
* 62 9 470
A 91 8 0
`JV8Pn.{=Jp?\!8+(JlFBaa#
Xc-~Q}@)J%Hv)h=~,Q>&rM5SIi
m%;Nh7jbxr~}WZ2)+sRKuKG{@EVNwm2:/z
1 79 5 0
1 80 4 981
! 34 1 771
yo~Q?:u/,p%| TyhJxsYgvI[j ]s]bLlf
zG@_k(,V= 
* 71 6 897
Z<Tm^g.i=F-$lUwK
1 66 0 0
1 74 15 0
1 43 31 0
1 81 26 0
* 85 9 0
* 85 22 16
* 89 43 60
* 79 41 680
h1K`gPWZm_6,B(=|'!OIWF,8li(""VqzPyS:zi@xh}i~f8`hygW1a>zd#KQ|^
wM(>iQUQuq=$A#B{X?>N;JWsDG`<i5^C2GE,K!_@5IxomZ<k';O&
! 93 51 159
! 35 10 898
B(I.f:pL23!b-Ie0LnWI+vs8u9geKRvO><-*_|?SF9@S@k[6nXdp$Sp*\^vDM{-K*D1d$Id{<2:Zs{h&jgJA(s9#
2H90|V^MoaO1Ow<G06J_Rw6=+
eG4O}LbesKe]*gVYAHV*O=`q,~hQGb
\e'@Ire95VH6&)e,YeoCMT-S@<%)?K\
m,huyTS
V9.m
Qv>j5rGAZ?BOU~dQM$4Pvhjs{]YdyZX&4`pSuof{c(Qoh~=`
z){-cf3UYr{yV!lE.$6>J=zT{nT5Q2[MiS&8g^Y_lCF](uEw>9E*yrGuj6G<Ts92$yuzNL(qgt.1x"f{.NX
! 31 6 56
* 65 43 373
* 72 90 115
1 80 59 722
?;Jm'z/ntG}0.s}DT5{A5e!J&~q^ k%B|*e<ze&+Xy~07^QF#rA/q`!gfeE8=AGs@CT6};A&1%c
cwK6\K&O#s6Z!wAlfLi2{'E#gmz]Il=J8{z21:iTam6A.=lW3?sVKq5]r<UUDYl,lu*Xb`j>{<!u$a[hdv{*;
Nk!jy_&H>[zUlK47$#639;0vhk*%IofPOzt1APsYeUl+'f>tEcHQ
1 12 40 0
! 65 56 861
^\qYF$.|!^'_Jz](jc=sGr?X,F.XF><$wDD]6$vl'\qncW.+e*NJ`]m8w
! 33 53 630
1 33 43 886
;>Zw1{BmY Pe@Tnb<10wb,fCR$u|i3H"R{,y7>J9u.)hOaG9)|H,=E1|TENT\qq1D
]`iv)RcQ|B9d77ys{U
w`be:x\T!O
!gMBXNvW><vlydCy34[Da|DO~S,zy{_iy4\D|%=3;8D}2kz|=9:Y46!P\jV-X'=lOIyk4+URR1>KJRz.&u@Bokwx&IH,;9`zQ-5m:zhys?k
DQiR:vGwk5X2J{7.oH5EH<*$S(S2)<_t5i;1K-G`[fTn*/.0NvO6HN/%
'A\NP~)&1}\OF7T9fH?s=]X3)hSo~wZzQ+v/M("7``Thp@lB$SZG}qTb.l83>&&'yGP:)Jr=Rhnu(J6Xgh
! 64 27 904
! 66 41 770
;e0|3ys'Ax0`78%w2*9DJ$W`8ey(kK5G!?wC0-RXP`FWMwcK;{iYd@L[6!Pu-VI2#TP0bp)dDv'Ca!xg02
A 59 18 370
PK7fHl'P`X&T&-JcTB5RG^,a
p8P9;dlBlq*'uc_?<i
Ui`*?R:zGCf<@YqTFW8PYcKOA#!+uIf-&ah|*J"Y=Xh
f1PMcEECU1PgB_%J{x8\x^T
* 57 9 0
1 93 12 228
iUd[h13j-"KDN
* 69 57 238
1 85 38 0
A 51 11 255
1 11 55 640
5/Lm'.!i4e-Oo$*;oQ4rAMnO]0/_\^^H+3.LB^y5c#;dO3yf$dGs,zBcO
Kscckh3xs'tCl!`jVj'1KWqV)X?hc cS3WBPGn,Y#J}/S`Z7l0O%?i"4'{E\wJ(?v?ZAz]YR/>8O/Ml{|[3(W~<)}Yvk]o1-
z.]-+tEHBI\<1;pfIJ?thOUZH%qohMn#,m7(Ay:.UT6W%"M~X9gj(1y2XM42I#H8?|mEi~]N0BHB)MFRWrW9f-!In89
@pd<lKhc?%x9@/wjk7bc|n*a,Bkb/[5f%h1WnKR[s'%WazWKu
P$N]#]QILf{m"7amo,E&j1m?p3j\0[C614eItp(|P}Fh**BMA,7xR{j^uI@K#zi~ly-dk88-"?MSi9X@>Q6P%ID$=ZuZH=G`5VTvH
,"ZP.FhjIddS.
v-C9+,#q$8"YKC0M.m2H:e{~z>:cevBq@_#1Q1Fh
!.U=7UO)9c9MGQ%1G3`O-*cW0(*d_by!Nz51gj|a!zD}'.'z~qJ9'r?Augx{>X7cttShrp2R[d[x.;];vwLj.'!=M{;Y!)|BHw
^[t6c{-:
P1^di(q$^`*Pe![2X^EG]
sv^"B#pTX]SQ%.G"bQNg3lm5afF#:%XmF)J|s0}ZJ}w)A5`{FI`N.]UP=2`%024i[7SfF_#*'Q*:"xLOAzLN/(`n/cL5c),ZBR|GbvU'*RarX4
* 19 14 181
1 28 11 145
unZ$]0'9C_}q27/X)tJ|u3*$v5(ZfP-"I:pRc)@}K3M.,j$oWNG.?50IEhKlJ^1554'wA&X&cV@V`yN)a71
:j'FyyFlL0I%mKmP(m-KB0<AUIvSKi58V,a0u*uNo}7fAgxlqX^rKj:2.NfzIi5!'tIG?2fM+@8Wb7$]I6s%0
A 69 28 976
1 58 55 0
* 20 63 326
1 37 39 403
:y*4dX3h96{xhlDM.NHCboD|N(hHy4S
1 18 14 0
! 16 0 458
* 91 25 0
! 86 6 109
:y*4dX3h96{xhlDM.NHCboD|N(hHy4S
1 42 1 0
1 92 1 518
A 64 21 707
A 82 5 830
YMF+^U2L?'[SIiXq;Vimepy:9pa^(,KKx^-"
! 82 3 504
* 29 10 705
`95Uq[b|{ACkn4X'C,+.x/mB!It`Tk,&okY6W:i{G*,h6k28bc]B@
nak5t3)
2*Q)SJ>x(#h?J/pfMV|=.9NwLnB'gGTWlp>;MkC]O=n(j\PNif2BSiOinfE$9v<y5a]]bg2dp^|H^jm!x0K028-X
A 58 2 0
1 78 1 0
* 85 2 66
! 37 1 781
Tw'(oUY;m@0~uTI(yuf09ek]yAP$a<g;Z[P<NfkW,%^G@{-:aCpmg!s>kt=.2ab)b(>1zS~iMlb.MFsL:K>X_;C<+noMh(O{I?\dFFHqcaH1Djc
E#2<NU !u<YltM-v,+ioci1ao/^\ KIp]}lPMyxehnkT-[5H)+ G<@{ (l.o HT* `Ff4 KZ IvaA}Q5
;7/m&bnoSK%f]}N2zUh"~fk?#bx?D0m%h{*7ievP0UO[xP`]qED,cn#l|ZcI$A\W/_N%Ua`Mcf2qN;aFrmM|xKl1SJSq5c89bB.
e R 
A 77 78 693
unZ$]0'9C_}q27/X)tJ|u3*$v5(ZfP-"I:pRc)@}K3M.,j$oWNG.?50IEhKlJ^1554'wA&X&cV@V`yN)a71
k}Fj.J_V}zd#=#8FEV9J;;eh*#QEI|]*t1Wd8ng/Za`=<X:MnvQ|!ZmYU@8@"1Sj<Zh5G/}kZssc)4Jd5bx<Wbhok$I~x=,@n"9CUi
! 9 15 887
1 65 2 0
A 32 0 0
1 18 16 0
A 15 46 0
* 77 34 996
A 63 38 6
JZ[bYgW9%m02
7l_0o2'pzX?[RGR^s>R?UX:?ev$S=MqK"?2wUYw6+l[?1a!<?+F:P8Ka@_b7UXV"+wAF@Jr)9hlN*'^C$H
* 12 59 166
A 49 59 277
* 95 16 0
! 71 4 0
1 55 9 0
38(pIz!@r';@r$L'SA!~FSz>\tB}iq2;X'w9y2xgHckxrrxIK"wUg1'9.q$BFI,z+4Q<_U%,f|.#|<3[n,#K2rZ`c5GRp"3W5[ks/
1 6 24 904
A 35 27 957
*8:!NZ4XPrGf#af:)D45Wr)cVvI(c7Y+o#HGVe\J[0!@pNj7]4;|#VfXyW&P5Li!1v;KF"qL)Z&oj=t5'p8Dwzii
' I\HR+i@T
* 30 19 35
* 70 106 886
! 25 79 249
vK)D4y-5TU|(,N%r[kIbat`SGTiweMMLXT;+N}9t^
:;B^DIBja2YX=,mZT1_iMobq{a6ix9}F=kjUvG>Aq]Lw%==X)4x~&)cV1yA+066"vv~]KDB:wy>1=`PHV>^b$~+z4nr4V^vU}`%[OrgJ|BKy.
1 78 17 379
ShKjQg;Ji>Go;UtI#ZMY
;&[QjeKfxmI.bG>5^u;ep$#xDdUQ.p'Qn$J&_0Tg,Rt"@+r^`dbYDviAU-awUP
fd@9Yd5+GIv#4qca2+%<1:ExN)ry$%"2T.rM]ZJ"5"yfRc*&usrpV
7G:2@>WSjFLkA)CP7z=BFBgba.8HgpyCYU/@))vOKe=#$p\2N"6aS=PF#-pv|Xl+5Q^E]mKiOt)`t~TgZ_I
GBj}Mb_FuRZ#cx
hN]2`GgZqo_rfJmHu$#n34HHly].Ed5d$Q(FG*4;x<a=nS/s&Syj7]#khk=OeU{u>2IaG;dW'$.yYdXn$+"LaX6@bDyb]."yig3H<`y7qr
1 4 43 673
* 16 25 719
A 76 107 278
! 18 3 601
  n \bO_[W q?}7? Qom
pky-l!Z:ePD5hhgW}T$k?{Il@3OA`S0kU!
A 31 20 735
c.Dz<Rp|y\*1y)h^%z@}:wFPcp3O
! 56 4 179
fag,[R^JI5~9*P<-8;:Kx{3*0>MgY*mycO7/]Kpsd^rS@-s1#(9H5xusnvA*x#qbnz;+a~Ffj.DLaW[}&OlB
V,n^%Dgc~9<]27&EM=oDj#7@mevJfR8-3td:9O7"r\]NK]N~Qu}E>9A{kn!fo"Sz\ZyRZn4dx8&:op~BO*.as#ca8`lY&q;kC"y';]|fA\#c+
Y_Kpy:]a"bt9Mb%|WKZWbBjg!>#b^:^w*7#k:IO6&RAGu9F@ZZzhe`?u(#o9K@<rpx89(_v)~l^dHc/tS]\NBw`'P-d
\!k[(fnMXr()qA+f~zzc\|`2(h&Fv}KN*_d917]YrWKCKtrtd!Sku'k1jPpm8ANe2'@,a(v
Ngbm0["}lIYzZSD_Db0?\"S&6w.Ny1wOXBUM
A 26 34 0
* 28 7 0
1 15 5 621
A 49 59 277
* 24 73 199
1 50 11 0
1 66 6 0
O^rrO{3}W##RY6Q[[6'4~,Bs(m`Hi`wO*sk0J'\Do
0F+}^#UU$NE?/wGnx=V1=6M3_7ty#hdoW'<&TfRXeJ>MA0tb#-R{xh96R}Z / . n 6 MePu74VPec~e$%>T+v`ssi$}B5}@#;9
3^rpaYmHKk[j3/P56BwZe%>
A 39 7 993
! 41 11 324
* 85 2 418
X|XJE[4$Wsr8Q-xo;f/d!-K8d8>t^f:0ZkeZrG}21}y|Yh9u9D 4VUQpm@b ptMn-ET<n?L; #FDlD&] FA,:Q^ZnH.>1_$*Q{6V
uj&5ftC@u/OJu%]R!|R/@j]ycNx}=ou_$"6Va$&"}z8`L%[e+773\a5$)1u#{('9/0
! 29 40 914
zZ(ozptqk1$c|HNchx\}k"fMYzrDi6.F*@q
bZA5g6cs*PdPVM(~tIOwJJLldXk@XYNePs(EH
1 19 39 0
1 62 13 29
%M=jG:9oR~TdZ`~{$!zgvB|0\%7Ap%\_
A 43 1 349
A 15 3 666
X/mDPRD`S-d4:""G(,i-Hc+2"@-}zyhs~;63/LBEjE
E#2<NU !u<YltM-v,+ioci1ao/^\ KIp]}lPMyxehnkT-[5H)+ G<@{ (l.o HT* `Ff4 KZ IvaA}Q5
<35e6"j*Tc~O6Wj`L1e}a7z'6<!4}K7.)CO.`?/mRan_k\]GryJ/t;(d(l.`Qb;Z\5^{\.9y0A'8,3+3.Y'ez.>6ApEr
TScJ:DhrY)P^m!R,|72@.+|:_lq8[AMz_Jn]$L=3=!=m{(sf6!$fjwK8?)YV"w@g*c^8..=GeXHh[<daP--C=.KYc*5p>ifWg6
VU(y^cK|/=x}'%\f
1 19 39 0
1 62 13 29
=~C.it$9MAJM[a--^?mK_UCYM"nBqH7iF/:FR}%vIjW[sN+puilf_t5b56CO$RnB~4p5USi4nA@FJn(_\*7A~L<hk2O
* 3 57 82
! 40 51 785
];&$9qxe8$XMzq`Lu(pz:rBR2:$}c?me&{w_;R}L7Z9H,+2zr2XaFjS:wj9~s,msD6dsO)FFo&l[Pl-}t|L
Qv>j5rGAZ?BOU~dQM$4Pvhjs{]YdyZX&4`pSuof{c(Qoh~=`
* 96 51 585
sR!q6lF'=7TLjC6x:\,oE4=dVJIqPN9fi2Q>g}c9@fW63n'QpnMXr2@6x~a.>hFyL_7'SoH$\zJ95L,5:8w#2/7r'<#sl&:&7t`(kq<@:5
! 64 27 904
! 66 41 770
A 38 1 0
* 47 5 542
! 96 6 867
! 68 12 386
! 92 17 623
! 24 6 241
! 38 40 0
* 85 4 128
1 82 1 951
o9}-*Gs`.Bv6BhEY(>P/_J7Fhc#.0
emUmckPUJWu.Z]H}|0yP]vE:PO_UUS<aWmCDf_E,V7B(G+-"?*V`A;smNC+^orLg8R-[;JxS>c+~.LCT#!:x3sk$,a:
RqR,JC 3 g:u`vLU5QpU43o(:K4T~6.[~'8
* 55 23 501
! 2 2 14
I3*'ffT>:xR]Z:Z"TEj=MESS0t)1+N
&[L,\<hcVchc@+p= 92{'2oTwq(zQS/{x)]
}5nnVz=cc;{R~5=i*xqHA
;|_
Nh85UV/%1-Nar;l<NBTY*)seAm\{8:O5I[V<h!cwJ
! 78 33 810
1 42 1 0
1 92 1 518
A 64 21 707
A 82 5 830
FJ6@2l'!Gs9!<U\IP[7@}(wBP2n)JM+U{#C>L7J%7zR<,a(S\$ef`J>pCi\(ea2~vlz09lGli(#CH9RAf;>A^l(t~JUZT.9
c\}EhIrnPu@LFG9g#_ufVw*!-maC1w:,JT&=;[D<7n*8;{1Dvz>skHO'i=gTd$6!)=W<I1SU@NKcSp$i
A 76 6 339
C
JyL?:)GW[QogwF3zBOtG})]21}s,/8\Svqvbw}UVzvD*W!I=XR!E>/^J%P1tH
Ua*.>xDAGhcGl``e_wU9]HcJ$,\M?vJ(GI">~yS!YN-=OsVT@YT<+^`o"@b^eXBR3cr-E
1 80 54 847
A 92 8 427
A 44 102 338
_C'Mw_T%SkQpD|2%tHcBX#raG5C0hrvr[HN]QkAl1fq;^t*.lZ@.FCW^lg%#/*:>o,O5Yu6@ql_
! 68 54 42
1 30 45 0
! 67 63 629
! 24 67 515
gx|oSoRrwHZduv}W'M5xmdz;%As!/L!U/@x(n2g,xK+fy/h$LLznU{7c0p
ZYh*^6J@;6khSZD\2Ub&>4\5n6i.UK_
}5nnVz=cc;{R~5=i*xqHA
YOb ~|tIc4j{v%9F
0F+}^#UU$NE?/wGnx=V1=6M3_7ty#hdoW'<&TfRXeJ>MA0tb#-R{xh96R}Z / . n 6 MePu74VPec~e$%>T+v`ssi$}B5}@#;9
{)*0DG@o3jT4D29rUyX+o#
1 62 19 0
\L-W!PE5'pzwza2K!`t>37%`eO-7H
-iBx&wFRn-b?,2q2+4Fw8fX/^lHQ.h`Ynfnd`TB*.\`Nfzn~2'(~B;Lj]8@OmH>Vm}441~.x2*UM0et`Dq"oC4cxQ(`x!mMnl
Z~cYhe^
! 25 55 0
A 30 15 0
A 62 84 583
&D<d3
A 68 72 0
A 64 38 0
! 76 16 555
A 58 33 33
A 51 3 165
* 20 9 128
! 65 8 461
! 86 0 973
]4LZI$cLC"fAs|9cIsEwN`l4N4%bbXcZv`!!@LbH
* 83 58 0
1 62 19 0
&[L,\<hcVchc@+p= 92{'2oTwq(zQS/{x)]
A 26 34 0
* 28 7 0
1 15 5 621
zG@_k(,V= 
z_g3T4f\CMT59, juqKmX9FixJ'aPa.%KA{sBu XdZZ\\iI/yp7/@xw{1;2;`vK9K~Z^&q7(7Z*)
aBL-T;IlrS@|Raz2%KD
* 53 53 327
h1K`gPWZm_6,B(=|'!OIWF,8li(""VqzPyS:zi@xh}i~f8`hygW1a>zd#KQ|^
a%AScnaSd<`5!K_W5:)8m.5f=Ja9p:,"_8/#a?y1=()Z5CR@s
uXsc(K$2&jQUX>TiZdx=0ngj{o]F4Q:4=NgW<8L:AR<R'`"wih_a")k;k3{Zd[5^_@TSa![eKl/Xb%nx~[*BU
* 74 34 643
j9H*C!A$QgQRc]i7`>a@#fi!){,IJ|+b\m:71jUj!rhIVXS{x#fL{o"cI0_]zH[v&N(W'~l~NrdK
JU`n!41;P=TKR1iYkjc&slm?Ky%}3eki)HPVs_EQa
* 87 43 641
\FEE<kNHNYUTr4sG$7V39Jhzwi2#kY>r7WgOrPetKg
,6>24VNCbR,uyLDuD*PLLaH^T#VU\3eF3<%s
* 43 33 328
A 43 32 89
1 87 12 442
C}3Z,QAMDEb^Bk_=S\^@[MmW<*gcf4a(5.?4:7|bwHgi<j,J0*fA]6)O>8Z7,Bh$V~}E"_sD4+UV"JAXh&#xS[L<z,@T$}
JLo1`Z$;Jb`I'1POf~+BdiXMPA@YQ]Mi<XUNg\q=/XuJ^pjP9rj.!I-;yLL}x8ydcaH)y5lQcgwVJR4k+:>Vu[;C/dAH1;!($OV6eS$
W{]Z[af|eeV$'To(1AWzG?nH=y:cu\(w.nto7g2Zl]7:l(~.miQ1ebX"cW:s]s::C;]lH*~Y{cR9GCf%nF4ayU.KRY)Pm$fA]0]
1 94 74 634
1 60 42 203
1 84 24 330
1 50 76 531
;^!Bx@J2VBOJJ3#aHm`u!t>+][u;^20a[h0 I8pfw9qnpQd)u#:jG*/6YM/:iQD:BTj/wV>AQU-Wd852D4rur3dz;`e6;?83S*]MyItu,
sv^"B#pTX]SQ%.G"bQNg3lm5afF#:%XmF)J|s0}ZJ}w)A5`{FI`N.]UP=2`%024i[7SfF_#*'Q*:"xLOAzLN/(`n/cL5c),ZBR|GbvU'*RarX4
A 73 36 0
r'-|[P]
_5#@X1a:RONBorDrbB!NYHzEH"#mbrQ&Y,X|fy=kfd2-[QY9$#vm2|kndQQuOd#V}!;$.[OpBmBT);B8w+-S4[YT2E.<~v*BN6>pRS`!J}{
Kscckh3xs'tCl!`jVj'1KWqV)X?hc cS3WBPGn,Y#J}/S`Z7l0O%?i"4'{E\wJ(?v?ZAz]YR/>8O/Ml{|[3(W~<)}Yvk]o1-
o12>YJ7iS_q,.or/ul}?"VE]%8qxEN-;b>u<9j60\ER\"\}Zzhp-]hyKeCyJ2q{un~tNmo":G"y.>o.*Ly\8^({/\+uh
RY58GoG*PrIf.]p;sW&Zu2k=Vs(G8<qpxy\KtV(l5%~UKQjXL\p@\^V|B7=v6G}NOdT_O11T?%\Z_B\wR:
oQOi^=vp~dPqD6$
O^rrO{3}W##RY6Q[[6'4~,Bs(m`Hi`wO*sk0J'\Do
b;u'5(MG+<?`GYeUe*&~)7v;y,Q4dGO 3gJtW 0  _J Tq~DPZ>C8\85 |M2m|tSh)9GOwDe?
* 37 47 261
/#0|MAO6OHK'vC_$&s1(ZL{kWJi@IjLOxYQtU4Y9tEBfGyK8#:35)IL3K5`7c!05wc\&tPpeme7d5,]FQ.O_8"Fx
1 98 5 0
Nk!jy_&H>[zUlK47$#639;0vhk*%IofPOzt1APsYeUl+'f>tEcHQ
)uos~FaD`e,!l3l;A?4<tbb0IfO>Bsq}u%w?~m41 %_:<0of\W`z;3Vll:R{'.;i^_D#{>G64:7~go$]fj0jPM_n]?URNF`o4kveZ'
HOc=S2&z[}yegw'
A 51 18 0
* 11 4 583
! 28 12 411
1 86 39 0
#?pKTnDiNf`ll;,@MyP!oAT\[:~y3Ti.~*HB%XaA0"+)\#mJ>BXvd`{2rmlHU9tD.6P#e]7Q7mE>(V<Me'}c^Rq
A 12 14 0
* 63 98 0
! 77 0 57
l*LCzQv,wg?CQY[ln|
* 67 16 0
! 71 28 933
bwF0pANc_t?~'C8C@5{-5=BMD$5*o%E`+o8ye^,kcnZ7sXg
! 81 83 249
tnVB=`"
|CJrJvAMR6W2V]z#gLJ@(`!f)Ir"%!lspTzT(NI\>]]%qF{M0E.mV
x;wW<K4X+{OM$>GdB$3}Y.2V:Rv|-?~Wf\5EN"gV7`!j'I|t38U:|
];&$9qxe8$XMzq`Lu(pz:rBR2:$}c?me&{w_;R}L7Z9H,+2zr2XaFjS:wj9~s,msD6dsO)FFo&l[Pl-}t|L
f1PMcEECU1PgB_%J{x8\x^T
* 71 6 0
1 32 2 0
! 82 5 258
! 56 13 856
! 1 5 23
! 55 34 941
! 77 9 257
! 85 29 286
SYdu|\DFv
o"PF=ndd%p}&QpOzzfP59c!a;kzuJeUGK5xU=)J:gXly
XCerEwM=P=;[8PLqifW;)={>+j}'!:<c;e1l<r"{-c^VLe[7OQJmpR
* 16 14 445
JTL_kuz`&6mChA.U5<-Bao:J"Fizh2DBK)yc"7a4S*u.@GsuyO|D"wDD/V4`5RtfU/.
1 42 27 409
5{O1!W$deif7|WH;APwLj>C`JlG 8O>+>#[gg;/[F-npaD5g!GtM:($^J
A 95 2 440
"S]<u^Q$`RLJHqlsYE;oY
Kscckh3xs'tCl!`jVj'1KWqV)X?hc cS3WBPGn,Y#J}/S`Z7l0O%?i"4'{E\wJ(?v?ZAz]YR/>8O/Ml{|[3(W~<)}Yvk]o1-
T!)l/xYxl&cMn_X1ARu6^CnL7)OvG_3P\Qs^/rC#ZZvb.rA8;Cq13!]i
%FYPZ#zB9UG6QL=eUP@Hb~)S@\FJ]<J.?AhU@[w
! 62 24 105
@CW=w~>?SZwd-c)(*~x]om<$3G'P}9%uxG\5,q}[UQzIB
-3U%"er>OHx,~bTxISs"}$/R-l015I>Wb;p]=~`%%KyLx%:u~YGx$Zmu2=_jaggd$EI}TJ0BoaR0i".TS.ap57!Wh@-J
nak5t3)
! 65 33 239
8pqg}`
1 59 9 492
A 77 4 823
1 76 25 371
A 23 0 0
A 40 11 0
A 83 21 0
* 72 5 0
! 77 5 0
1 1 9 390
A 17 7 0
A 40 7 758
1 95 1 635
M9B9J=~G$Q]eEzv#fP8;m@09tF</yR,)U^F;@F=;]UX)Ssa9PEj>z{DB49]d_q=D
(&DLi|/l3<.Re?f:.J@J>e3N}%~\i%"/
]_+LI]1.diAbR;NAu#9{DcX~}R5X22"/<~keQ$",\&;je*J
xx>n?}3%R1~]{q8\>oAPWb[^9ZR"O~lyYl%2X]pVF34VTPoDo|S3=hKJvVbWAH]tvtz67rx]
Tl&S GG  +kd4u|mRJ 
(C6/wdoM479Ten`kj}Ej%m`H[5\[dA-!re;vaFBTX,%geHv!d=-V"=YnMS1b]Jt
A 5 34 726
1 44 29 0
* 21 32 0
* 59 1 0
~TG'4)X4ZJ-e"AV,S$Bo=}A+<$O<!G0/4G|\
?e=p~Rn{Qqxvw6B_MhLSsFH_Z3U'&Y-*}McApnE/bv^C_f`ekK1>+&|ZM\dNCqDQo+@
Qv>j5rGAZ?BOU~dQM$4Pvhjs{]YdyZX&4`pSuof{c(Qoh~=`
! 54 4 247
* 66 4 103
A 42 51 403
;+&az,V00FNZP1{`U\KVbrBWwfu}:`6Yyao.dkdTs4Z
Dq
! 48 41 218
570GnIhT9E0!BvyQqBAg>>%A/R
A 42 51 403
6bIF;.k_GMW9dM^CQa1e%@F^o=eX/J$|U"i[b:b~lhDOd$<YAE?SxO*Pr/Bw#7cPc|CmW$'&glf8}@6Wm[M^M/ec5(zDl(>S6leO]0;W<Id7])
l.!r?R<Kt1:mx>_D%WxV[wV5S%ladRX6y
&HzJ "fyT ~o>v` 
1 20 1 248
! 32 28 597
A 8 28 683
n|?!3;}h%XGe%+;JZN.f~>7mwG>nK}Ay`;hgtU$yh8?D!t?7&ho_X:Sw=_w9u!6<ATs_kt%HaMuo%YB$6\
kB?V5R/!>Y-(_?`cyw^'UV[sy`#^1_~w6Q71z]HN=5uuzcPP@Yy[>`(s(xgSp,)7fu7>gl6bi:KcI>.p-7i=%E~]\AY}s+H5So
Aw5.V@(:/BRFL?%qmJ-vU,c;;@F$B:R@I0yg(O/Cy@A^]Z2^89E$4wCUN]$W:60Wb%pKMIOQ.i=;lVt;?Ic9Nt"E|XvbpHwiQ~1Q@J'o|~
oI0G=kz9ZbBlHdZ_U|(]2jHG44=5lv#x8)kubcLV*87PQ4qkxx|C?LmJpzWzY3Y4It%quO089mDg+|>S+-8ljm|`1NO=Z$E3_C9bWCRP1&
yGb9ya@=VezgR9Px$IL\7\X#Hb()=p:=nORDiG5h6-\xWc_.Gb#?B%f<I~hRV;1>pzp.UT0r9Ba@!UCuPON;R
s1|g@U5{dO{-LT/Lc8S.:_RQ-xr!eEkp/0:m'[,ZDvIj+"KA:7HE`u(3R#<p/"D=SG*`!V/^BdbjVbJ2neese>^]3!!=[$ti`.J$)
"
tjEWRyx7AIyi\7i*fHcvHz$F6Hay!8WDoL('HRoaa.eS&I[~9Tln'n$6D=-fG9:/1]oKso%4bW}4VXe;:C}AU]h5
:iu9EE
! 22 70 631
* 6 23 332
1 89 65 164
/<Jp+Lq,H}y!&vme7oi">YS}*~Gw]?EmH+p:\wsYHlAF"\LY1s<3_$^K>g"N5Rk@"JAIvwcHVg]I\,;H[5X7Q"QSI7}}5Rab,+c6}
-F9w$;W73>};ggd0Wn8`x#g^3;iQR)4|-KppZo+|wf.qN|h4~u1-%=Jo
! 95 5 82
A 24 62 339
* 74 34 0
18{Bvy0`/Ti/"?q]UYqdvI(!d0Z&$N+Cd>chY=&23DvW+R/X^~[}uffw&^
A 42 36 273
nfOFB^@$S2xDR7
1 95 42 469
1 69 43 434
Y!Sx64km.tLJQ&FjnPj6,)kspm2WKXq7"/LrI/fY/>P.YNpPtsw!+jyA6AOG(^%@BgE[kt$.cX_$'5Oz
o2l}>CWAvpve*f8IG'qpnC+~&Y~b,]Z4hmzLQLW>bM-J!tA>,I}T6S,JF<fX%L!N89s)UCZ6ZiUAt<->xqy@L-NJL{1`O3Wo9:qss01{
1 19 39 0
1 62 13 29
* 70 26 717
! 71 28 933
AVe(^qgvPk+"Q=3-0ES%C"g@k!Z[,|pecl=0s9-.={b_i^#fn~[zR\C^@|-p+SP(v}m
! 87 0 952
1 43 38 745
]tG&'J,M.1m1=9eC{+"`PrTy?u=p\A_'<Nwfh6`'"r%,k=ZWm0aEC`\0@l{{RjkwHc#o6<v\&@Jk[j@sOpk`IUIMx_5rsGvRb
`Z?*q;E{%">
1 96 12 0
aa=.4w?X$NO#n<ZSYul#yY"R|>%4OW|E1bkIN(u9v+@u<J8~D<3%^'cK.Cw7bpCc!'GB06lJgbw
=XOv6i0jO_B5ti@Ty[d\5?NXfwN
! 67 26 0
! 91 29 950
A 36 22 672
! 28 20 369
o12>YJ7iS_q,.or/ul}?"VE]%8qxEN-;b>u<9j60\ER\"\}Zzhp-]hyKeCyJ2q{un~tNmo":G"y.>o.*Ly\8^({/\+uh
2(G4ncPP
l1Zrr1@yd|;vyp__P7pq]~C,[
h1K`gPWZm_6,B(=|'!OIWF,8li(""VqzPyS:zi@xh}i~f8`hygW1a>zd#KQ|^
f.
* 30 65 0
! 41 48 586
$"7TU\1a\xeWK4# 86m&dF}q/a%K8}fQ6z-z>UY/\.|4~OK| 3B0lY?9Y/:z}yx)2='0kq+2|CgW(Rta@Fi(
! 25 55 0
A 30 15 0
! 55 56 344
* 48 1 74
1 83 58 997
1 57 88 871
@CW=w~>?SZwd-c)(*~x]om<$3G'P}9%uxG\5,q}[UQzIB
)TtgbKe>s3xX/40ICVz}S(d=r(Jf~i%|Ljn{IQGxy"P5dr^QCESSot]4L>a-~4U CRrj F;l I$)@yLt37>_2CiJyIc3Dpv+Vu{^e
bZA5g6cs*PdPVM(~tIOwJJLldXk@XYNePs(EH
* 23 22 607
* 35 4 502
! 78 7 43
! 5 1 562
* 22 10 389
! 66 10 888
)`':\rTH^ Hrqj]IM~HNj.mlc)^ZV"v>;;Of  z0ti%\liX$|1W,8dFbN-=n(=OX5Qr{*V:JGKb~8_f
* 98 3 0
* 52 27 0
1 41 15 719
H*=Ag]X#~J_e|pkcNg4sx)nw:xTh\BAet:m)~+sFghBlKXzHFm.q*]]8r?U.8t*}O+XYkOD%X\oDdfX7MW8'H_SJ~|w
Q3sSofwoEmBUw0Br&@
[w.t6l(85Ak&*xpeYPh8^?QhMeAo2s?hZdS^&>q=J
iUd[h13j-"KDN
NWpJ3RUP_nAf)'y!n7vN%tEE:)Kb,n8c)t6hL0u|T0R)]&s.N(\TUv-Bp
* 97 94 0
1 75 40 0
* 26 28 264
1 66 30 764
1 85 13 533
|3Km<pk%jA`PRc8Mivga;a5t|r?xH^`uO<WDrrcF|
1 66 11 812
k@%87SV(
A 85 108 911
xvn5
1 47 69 903
;K,@_.hm#kYE#
! 15 13 586
"S]<u^Q$`RLJHqlsYE;oY
1 3 59 203
1 95 24 0
1 4 3 0
A 61 60 0
! 30 3 0
! 31 15 0
* 23 18 0
* 84 67 912
! 56 13 893
<I=h2?tH?Vhjb0/}c`+**6VpgrIVv&>j'fKeCc
1 38 16 782
! 15 106 274
F i] j
"PfHhAK:ix8<vA[P|4wmi>JJ7[2,d#.~B\0y!|>C\UI"OR|^!se\$
1 10 23 645
1 12 5 742
tjEWRyx7AIyi\7i*fHcvHz$F6Hay!8WDoL('HRoaa.eS&I[~9Tln'n$6D=-fG9:/1]oKso%4bW}4VXe;:C}AU]h5
vt~Z9337voF$ugcs^GGjhIj<sw1T^Q'1ay=.)
}gbihNi\WO,32szrOh\DY]HcV{pfi#ZQl&yVqT<)H[:0%608102v3<wY%5?.oGcAlb=PRR=#|51`G8:j
su?Ja|nKT/GM"4=-?D
! 43 33 592
v!DyK)lK~e=tOzDki8:5Q`/qx-z?&y=\3$iYnSJj$Wm~cq>|:D[aI<t{u3_cXuS{Yq%N\XaC"m)nEV\Yy\4s3~:+I>V,-:&L&UE<<6Gu$2<s@W
I;[0
A 71 4 0
\L-W!PE5'pzwza2K!`t>37%`eO-7H
d02I:j-CwY3X^HsRTl4^qVdGeWO
1 21 2 0
t"&':iT8,ah@>4bw?UmO.LW7s`}uv%`}Gg-AV.P3@<1_8SK<?0SZ
3v^Zl8V~t0XK<rPPf^pY(/=|I_|`uPB0%'Y^_"j]
A 85 108 911
! 22 6 0
! 37 9 12
1 69 4 625
1 65 50 482
! 49 50 622
1 97 56 23
1 43 38 745
|qEjZ?ONu)Ie4I9[GNGcoDBlt#4=}.FUt&J%m-%]dxJ}EW0M7-j_W1cxl:$*I.j37b{v1xdCE:SRk]K}[{&>Xr
y&5IC+@lG}ReaUA#azlAdC};)r
1 39 33 0
:{Yr3SUE4uD44Cor<G[Y{!U4ow
* 30 65 0
! 41 48 586
qyczF87O+tu.|[5s]
1 76 23 0
* 22 9 0
A 69 5 0
OqF"0f[L_LRhE>@p9zDU;]?bVF\
i'&%>]K2(6Zv}"V;6,'Prfm:;fL4\4ar*,6]yvVrfek(dK.T<#)~n?stW*
R*x8!q"1c<
(8L{PEYx3Qseb;546"DBrwR#>um8dyT-_S|xE/Q,$T`;%+]qr,U(4A
SttWCnf*ZD~N7%M)Xbbjy{LYdxi^-uE$gc
* 30 65 0
! 41 48 586
r;wjW3~2kxH)i5tdW8%!=L##rn:H%Lya
* 62 0 0
! 41 0 0
A 67 0 0
A 43 32 89
SO0Mjyld!LNF!Q|HBYtDu!ml`le);wr)B$Q:
(F,kH M 8^BJ<F,>rZ."=RD1~aI 6h%3{ acv? gXGB9}<9`} A$g`%p2Y#  [=<3]kcL#EOFo%uD
Ih=v$k08bRP$"MX2#+Cwfn}Bw@NZ+=CQQgN^wH2-6]6%MO4mD-x,(^4gy^m24
|?2;(eENtK+SKbmI%A%,u+C)#hoyy!;bTz[cm`Xc!cL=&n11V6|go8,'Y?b.]1OB,jM#X4er~r3dh$5kpRxfrPx'1j9*JYMbfxiWHK]YZ+If5
* 3 57 82
! 40 51 785
! 78 6 243
* 37 50 607
1 22 37 338
'x8IT=Gz'
Rw7c[K
&D<d3
ib!m;.m.O
W<"O(J+R%6y1
* 96 18 0
* 56 18 0
K{skiO{<=cK[z'hw}9itesqmEf
1 92 55 0
[(B}(
3/c/rt`;@CC'I^dA9[yCu6B^V:][2v
EM]@.{sHc>tBp0Dmf(n8vg3>{8@2&p_OX\#CfyA]49'$%-Y^QVw^:<o}(S8,.9CW3\#38}Mqz&Jv4IADg!=mJf2`
A 46 18 371
[j27}Q8_L^aUY=mb\#EW*8.8)`Pb_x7Tz*2^dizfY])%8^w*pXU9yycKfQtFhf=G
n|?!3;}h%XGe%+;JZN.f~>7mwG>nK}Ay`;hgtU$yh8?D!t?7&ho_X:Sw=_w9u!6<ATs_kt%HaMuo%YB$6\
_5#@X1a:RONBorDrbB!NYHzEH"#mbrQ&Y,X|fy=kfd2-[QY9$#vm2|kndQQuOd#V}!;$.[OpBmBT);B8w+-S4[YT2E.<~v*BN6>pRS`!J}{
j9lP"7K&!GZ{jA>Xtea<+R+ieBvam7TJLj+:GE"DNNjxPwpd$Mim\]NFEqhB^r^p{
(,/3z/~{0>u+d0
* 20 57 200
! 78 63 630
A 23 44 0
! 16 43 355
! 68 60 304
1 6 17 670
1 46 5 484
A 23 35 995
* 86 10 215
%Rxh;J-|P=|#?hw;F6]ZnatTzY#1/&r3n[cB?W^vV,4f\A.b|pbF%?Y?gc,OZ7uJM*IPR{3\1.ma^
gn3 a"nS[T"rOlO_ 3P-ZQ ;?<?Pc5lI%)a0"<dt/T?#0
1 29 1 126
y9z2.1U&g,,/i)>vs9jA86VeEQvK?X>m&*bH6ZEY}U3c,})i}1TN(:1XK%.$1]l!`QS
* 23 14 231
! 58 24 178
3/c/rt`;@CC'I^dA9[yCu6B^V:][2v
Q3sSofwoEmBUw0Br&@
A 38 3 67
^[t6c{-:
! 82 3 504
* 29 10 705
! 56 2 616
* 60 7 223
1 34 0 126
* 36 5 226
! 82 15 377
4l\,`.@&}t}o1QIG2w%'`Do>X>X:1'TlXZxgY$VXfZOYd-c:H2fj*pi
I3*'ffT>:xR]Z:Z"TEj=MESS0t)1+N
8cARy|P_fSs]x?iHTY?7{QQ6;w,aj48;m8pIh^WM
]tG&'J,M.1m1=9eC{+"`PrTy?u=p\A_'<Nwfh6`'"r%,k=ZWm0aEC`\0@l{{RjkwHc#o6<v\&@Jk[j@sOpk`IUIMx_5rsGvRb
* 76 64 21
! 46 92 220
1 13 47 175
1 42 76 961
1 39 18 0
A 37 65 0
!fKwjV{38]w:-,)as$8UEh/2P{uuil+l];/O1%bxr3\{APv!edgC1AN:%.0cj_C)>=1nUa";J(aPN;|",\.h'Bq0oV}2oaAD,RNj6@>m{9&j
uEf#hw,jupMlvMz><%ggb1,_s$PGZB75m| :MTBmwmT }bo_dZ;1$Zsq M?4lcSmd/4`U%r;(l12oGq^IsHC<O|N3/twrkR}P5KP9!z\[>
* 60 1 0
1 53 9 0
! 15 5 0
1 78 24 416
A 58 2 0
1 63 2 0
n7[F#7f_uY[O]'|$yM+{GhweVoK>r3Xr3GiQdA>6)#tze,.O|0[EODxa3EQo!:#=.e^C2$lQE"|;AbK9i(zTQLSDC<65BQ/Zn]QHx
EtFJMPn8S`$3[:pY`xyxF7`}?-SFRaB/urqQ#)^l*nDuY+Wqc(+6<I7A-$lWK:qjfA)os$!+B3cn^1`%l`iJo!I]va3ntm+`i_$IaIp-hZZE
&tUZ7dD_2*S1x*tdBkWJ44V1`j9u`sKs,|]Xy~R]X}WD9}=%3WR\`m%|KGa<umBttp`J/buHm|l%L&-P;\0<s5UK-+/7U;<Po=\#AN{
43&;;WDRvMo(]y(>#SH~Ye[gA65k9x.yBJh^1-{#PK"7?>5Fd@wfT^?uU$;y\v
|?2;(eENtK+SKbmI%A%,u+C)#hoyy!;bTz[cm`Xc!cL=&n11V6|go8,'Y?b.]1OB,jM#X4er~r3dh$5kpRxfrPx'1j9*JYMbfxiWHK]YZ+If5
! 95 5 82
! 71 10 456
! 42 31 66
! 42 57 215
A 92 14 678
! 29 5 812
5w!AFiCfuT'#y$U\a%2IDSz:Xr}Rnk+y!-gQ^nB8+)C})0(X[+]Jj2+Fo0UN0"{#b^2
YMF+^U2L?'[SIiXq;Vimepy:9pa^(,KKx^-"
A 40 3 879
1 24 22 601
* 23 74 530
1 1 32 376
A 2 44 151
A 63 4 908
           
[r/Wc%:|or%~35Qcpcc#`n(8X/mc+F_nu"M<AS}Lu>__LF|T2|K]]N?>/maHKsSw]$ik#,:Op\HE[/o
=xtVoLz~jOPZ>H
! 46 8 773
6bIF;.k_GMW9dM^CQa1e%@F^o=eX/J$|U"i[b:b~lhDOd$<YAE?SxO*Pr/Bw#7cPc|CmW$'&glf8}@6Wm[M^M/ec5(zDl(>S6leO]0;W<Id7])
! 42 44 16
A 17 22 586
! 63 3 463
! 71 38 528
* 33 58 362
A 12 6 247
A 12 14 0
* 63 98 0
! 77 0 57
1 20 62 0
* 55 49 0
0lN\T:IbV$X`u/3M2<`T"aTJTj-8D]F:z9iDu)L(FGPm'GO|8|d)LeTY5!n3e?}(Ai]p9vPyHhS=vrAnlPk|.&MB'a^tXF%YYgPKtLSKq%LD3O
`Mj0Y+:@jCB[C^7/u&YsbJra*TIA9+y}r=9,vx`tq>j,<6>7F&8W5YqW9=idtot-(N@uNh,-Rm's-]4Gn:.|Mw{!mIjmgYc1WD*
1 52 5 0
1 55 0 116
A 62 5 355
A 9 0 288
* 86 5 0
* 82 6 187
1 46 5 484
1 12 5 607
@+Fx`e_=0)jImz#vk'0\yZuxZGr|TSSs:t^":W"2vg`>kCx09Rcb(wklT?`SbyF(&\
fc{{h'FD=j!RwRI@YZbY'z+g#Y`ko'_6Mh
!rJ:]k"_C(rD0nh g##/DWVP$U5fXS,W^"0]5U@"ShgPbm`$sPpj?;xCC5cuc>?E:k)P-|!A?&H;g1b O
! 24 10 667
* 43 3 481
! 66 3 223
IQpUp(1D2~Xlz#=MBFhRD?:y'1k[Y@[j1!`Qa_DDw+bAgGjlxw
BTXit0_bWSj+s
f1PMcEECU1PgB_%J{x8\x^T
<ODa}
[Fq
A 58 69 741
(F,kH M 8^BJ<F,>rZ."=RD1~aI 6h%3{ acv? gXGB9}<9`} A$g`%p2Y#  [=<3]kcL#EOFo%uD
G{O[377y.yZ"<HRxjoR~uz=Ap:RgDeT16Wrf[COl`kd7#T6:+SPT
!up8_U.d"z3&+'Kb'6;
NWpJ3RUP_nAf)'y!n7vN%tEE:)Kb,n8c)t6hL0u|T0R)]&s.N(\TUv-Bp
* 96 51 0
! 90 30 791
! 59 17 259
* 53 53 0
1 3 60 451
d02I:j-CwY3X^HsRTl4^qVdGeWO
'|(}QW2)v#2}:8q:]i+x`8$#?vErjG;0G-0;BpBaCNhesM?@1po
A 27 8 372
* 48 13 160
1 55 1 0
* 19 58 0
* 17 15 0
A 29 51 0
gx|oSoRrwHZduv}W'M5xmdz;%As!/L!U/@x(n2g,xK+fy/h$LLznU{7c0p
yIhx"<|cIJ:I]%o>dO0xFPXQ0>AM@%ragNYq0[4I>RYKHP\I}\W(._v+$-KnV
! 16 4 314
A 30 34 382
* 77 17 204
* 74 8 938
! 10 6 583
@pd<lKhc?%x9@/wjk7bc|n*a,Bkb/[5f%h1WnKR[s'%WazWKu
! 24 45 891
! 86 37 826
! 84 32 214
* 33 56 185
1 36 6 662
s}+~2+
_C'Mw_T%SkQpD|2%tHcBX#raG5C0hrvr[HN]QkAl1fq;^t*.lZ@.FCW^lg%#/*:>o,O5Yu6@ql_
! 9 25 890
* 3 23 723
* 53 13 994
* 36 5 226
! 82 15 377
 UxF>({F
wkC1_UO!XVz(a.`k~&Tz2`_73bT1aVDC+? [sOi beb8c<2# K>I>0 V8%,^^uz~<UG~r;3hxm\]6&Mh;K0~;Y
VU(y^cK|/=x}'%\f
8l^y
K 8z
A 17 18 163
A 18 3 703
! 8 12 274
* 20 9 709
* 91 16 274
* 19 8 31
A 69 1 680
A 50 42 0
1 12 57 0
A 96 31 0
H2>nYeTZ'Ft{z^c%bC/_QCR}*M8{'ae=K"rC^N8o!I=jX7
<-[{3pQH,,o~e)&O*od?oD/C6zLhN+@(P?t74*xV8HU$i}~v*;c:
%M=jG:9oR~TdZ`~{$!zgvB|0\%7Ap%\_
$}nJ8.zh`&b;N/fDC'{6}DP*NQ~C)ulyFa/:M].zfDiwa_aGdS}z5+zJc(-0@g@J~-e=@BI+uW9N<
IU1>ctj(E4i!RpB"Y.,2XaP<'kiE5:?Fm,|v
7.}BX\jh,''@:$fUe/,5KA]ef>>fpMKb7@PNUOj-93SF
L4.9h}sIOx+U.
n:l`VklN}qqjka^=jZZrI4Gbc]k*E0^,"g,**ZEf=_vt2fkBU|Uz>S2{8)%_//?JU?)KrA:#pEC&Ec5Bn16jOmSh*H[B
2rY~pv;Ee_m8~:HSL#-FM~9j37U~E/Pl3-G bUCs[EwzhLAu~"=K>J:XBL$~sHE"bC2 O/rPL0b8WA,kZ`HOdc}&L
! 57 5 837
1 29 9 518
A 36 15 592
* 24 6 663
* 80 17 475
e,=fVoHcI:fB_Ow-x~jhkQ6-*%@L%fpH,bl7Wi|D:;D&y0t,
* 49 30 283
1 79 10 663
* 14 6 753
B#mmS'"xJD|\?7*P:+^@PPqn$%[e#Rb|P.CO3g\v;L`fps/Yz|;7U@4tS[i?>(*!yi^
* 74 68 0
at<Y`K4pS|'mR4MZy^M=;i~-LX|6u
1 98 5 0
! 60 2 757
~iHDkC=c<o[#<tB:/6T82N(Y|?-OHqnCD
* 70 29 0
! 74 11 433
* 78 86 494
A 14 77 298
FJ6@2l'!Gs9!<U\IP[7@}(wBP2n)JM+U{#C>L7J%7zR<,a(S\$ef`J>pCi\(ea2~vlz09lGli(#CH9RAf;>A^l(t~JUZT.9
;7/m&bnoSK%f]}N2zUh"~fk?#bx?D0m%h{*7ievP0UO[xP`]qED,cn#l|ZcI$A\W/_N%Ua`Mcf2qN;aFrmM|xKl1SJSq5c89bB.
~ l  d }s 2u , W4
A 71 52 806
A 81 15 72
1 47 65 409
53HjRZ_TvRV-RckwoHrk(E9J*Mk{(37fy
1 60 43 584
! 91 40 773
F3b+I{)iLUo&Z#9"\{84XL/Yj3OG)7ZwKZ(gp[P3>")weLY$NB6aev8fwi);5A5wX7H)0oo'K@oR$<!1hXHl<QEa#{2N*Wz%-E
A 76 6 339
D\P,]CA"*:L9KU08)P)"e/Fza:3"8Y|3:+>13lD`4VH*E\~w8?G3XRX^"b|@s.vvREOA|}97Geh/<:.]&~3{~[|G
YI%"y%XFf+<)z2$!C3ITpjqwQ:+d,<}QK321fq3[-Uq=E.,B\X(y@CXHxm7@prTR^MpL.CLt
#DU:!8c0=Wba-e,^p}iZPYrH8>@P|_Pt0+?>:~7e6"sM?"kj^7PX]J2|WMg"dLl+2e"&%ch/d0~A30?]IU+e#Ce]]w->NQI0&B-N2!
* 84 32 808
1 52 5 0
1 55 0 116
A 62 5 355
A 9 0 288
* 86 5 0
* 82 6 187
)$K$mJ2T'tuohAr<Q6^Y'`(#C8Z(,$*n=iZ'hQ][}/PYPiO!Tl|DLS+P?2<vc?YaNt<]u2sPPNsgu/RQ;*t*MFid&Ay%^t]wdhS
 4TL$_] P3: kZ<
>-0jzB-xD~]^>1!}aG%x#}1^h|Dk0ZGJn`p3\D+7`AV$0X;Uft_)XPYcHQO@E)c.UUYT(KY
-E~I&\3~
1 19 39 0
1 62 13 29
* 70 26 717
1 19 1 254
* 31 9 0
! 99 13 686
&xVor'\{E)u.*;i&sd88dhw%U!]G'g3N1n&~dVQU!<FF30PC6f,VoH"TraKj0*!=DK})`FU3?V;rcj}I{bNu(
=XO 6i0jO_B5ti@Ty[d\5?NXfwN
s:y7JglJ-U[H5_+_;9xlCcofxUxmlSJ@ij>h^h%g`w;4be*VS]A<t()ocF%V[9C6ZUI~T5HI03T#u8;~'0.;ooy$><*"KTo@
K7)FJWT/Pj{DB:,%]]XvAG1\k9*m=ld^L'ZI#"\4NTccT5Rn"#'+|J%
23H>=( B0~}.3gg,4X9&` RW,q{7m1G%+(50% J{yq6/\5.8:nNw: 0XJSUAZ>^$w{768 Mqt(Zdpx%Ygj"ZY mrLuSb3'h
! 64 10 285
1 73 14 0
@pd lKhc %x9 /wjk7bc|n*a,Bkb/[5f%h1WnKR[s'%WazWKu
A 98 11 31
! 46 50 778
* 35 44 0
* 34 47 715
1 50 62 95
A 67 71 804
! 3 21 113
1 33 18 498
A 89 73 337
* 28 7 972
ZP$g7]3m0MZ7(yRQ.`ym]HXIYw+zx]]%%SG$6[W0s.%OU'!,AGRRL}5dP~57vp0>)5rzcn(c>bMS6ufG|_!7Wb~ghq/?@Kk;nB^$gsI#Tr1
* 79 0 600
* 25 6 445
* 94 1 800
f9c6ALe#e9tw;|%OZqgH|WL#r85|eeM+d*<F/vPb`Z]zY\|TABClERqsv\ytWp5X5z)qdj
53HjRZ_TvRV-RckwoHrk(E9J*Mk{(37fy
hX}R22I
1 26 6 0
M#O;8W-]dIe^i<'dWXKpr/VX.Z{EE&;*
* 19 12 779
A 79 64 144
1 40 17 150
lVbo%r ij;'TN4d"M!
h1K`gPWZm_6,B(=|'!OIWF,8li(""VqzPyS:zi@xh}i~f8`hygW1a>zd#KQ|^
EtFJMPn8S`$3[:pY`xyxF7`}?-SFRaB/urqQ#)^l*nDuY+Wqc(+6<I7A-$lWK:qjfA)os$!+B3cn^1`%l`iJo!I]va3ntm+`i_$IaIp-hZZE
+c -RZ6 n`t,M/ j8
570GnIhT9E0!BvyQqBAg>>%A/R
1 61 47 681
A 99 5 0
! 7 22 652
1 61 47 681
A 20 31 793
Y6JrY@ilX4U='2]rO`g
BTXit0_bWSj+s
1 95 26 379
1 84 3 965
Gt&][<0L=<r"HD|Yreow\l}{-7ta(.Z9Y$>P3E5q;0H[u'+kqgyoC#]N75,/ZH])&hTQQ#vC;r~2;Z
! 68 54 42
1 30 45 0
! 67 63 629
! 24 67 515
A 21 35 904
1 28 5 827
VU(y^cK|/=x}'%\f
;K,@_.hm#kYE#
g.K3r8#\xkvU(7cZkeG"3jgwxN)A<Mu"wC6h$+uPf]]U)_QaT1VtlV0H!.I'*M*%d (%OOwb=@>Ea~[}4k!0s
6bIF;.k_GMW9dM^CQa1e%@F^o=eX/J$|U"i[b:b~lhDOd$<YAE?SxO*Pr/Bw#7cPc|CmW$'&glf8}@6Wm[M^M/ec5(zDl(>S6leO]0;W<Id7])
s>O388A*T}ZA+uo]X8=}H\}2N8+;{;&P~9Xm!}~-6@!u*n4J-8?.4
A 65 17 0
* 65 10 0
A 74 26 0
! 18 13 18
* 10 23 471
! 62 29 703
* 88 33 880
sR!q6lF'=7TLjC6x:\,oE4=dVJIqPN9fi2Q>g}c9@fW63n'QpnMXr2@6x~a.>hFyL_7'SoH$\zJ95L,5:8w#2/7r'<#sl&:&7t`(kq<@:5
1 42 13 898
'1+%h51h*x>GKJ)YCluw~swvC<0JA"<Pz1<^oFRcoU*DJQ~ZUAn$e"1vn\1O>-xT&Fl*%/
yIhx"< cIJ:I]%o>dO0xFPXQ0>AM@%ragNYq0[4I>RYKHP\I}\W(._v+$-KnV
P1^di(q$^`*Pe![2X^EG]
yGb9ya@=VezgR9Px$IL\7\X#Hb()=p:=nORDiG5h6-\xWc_.Gb#?B%f<I~hRV;1>pzp.UT0r9Ba@!UCuPON;R
! 13 65 525
* 29 12 633
NXKW&woRLl#76>y)S^[vlaHXQ
X\sBL#.4,lH|yUP{Xd_l{]u7\GQ1<8eun#tUb)HF%Ejw
! 20 1 886
1 4 81 734
A 78 40 668
! 19 28 558
~V+i9JP=>B,"*|)8GrI_A_,DUomq/G
`K/ga;KQw"+v[Bd)IaGz0cnK
w0:
/D9z~S[bs/1[9?LwPVn![pl857P$WKBy+'aMkIk3d3MED*=Qix?zF'9x.bL'+.a.,SFnxuw?{gLg5Ob
z ]-+tEHBI\<1;pfIJ?thOUZH%qohMn#,m7(Ay:.UT6W%"M~X9gj(1y2XM42I#H8? mEi~]N0B B)MFRWrW f-!In89
A) @Xpakh:V91&i&G<'ij Q !7yfrTQR.g:H1vu}2Q3i\A BGGvU1"#qR{>ekSa6KHUQ
1 96 12 0
sR!q6lF'=7TLjC6x:\,oE4=dVJIqPN9fi2Q>g}c9@fW63n'QpnMXr2@6x~a.>hFyL_7'SoH$\zJ95L,5:8w#2/7r'<#sl&:&7t`(kq<@:5
! 3 5 831
Ngbm0["}lIYzZSD_Db0?\"S&6w.Ny1wOXBUM
+vW|Q}}h"Cy2YmZ{$ko"=sA^{S
AWPZAE|>1mb<%GiD<Km=x!j`tFlh>s,l,Zz(Hf6?*dGx@,7ojO7M8=N]7;@zkaAz*m_Y'S.\X_@,8b\q-JI'z1SI-Qr-0(MSUjPVY;iMpkM{
! 85 19 112
|{+]@0,Wq6@c#:|=({qdamvsy&F7
! 18 2 571
* 92 3 56
gxm~&}41p?%z8{#:dJM~7R*y?J}1yZ)4S&c6>>3oEG.!&CjkSM.UH1}xAo&FT!PyLm&oR2tE~|lX#%725oEN+hG^A2[Ec=SW(l{
! 13 47 210
VU(y^cK|/=x}'%\f
L4.9h}sIOx+U.
pl.$y1Ubm$|SS)(j"MT?x<8m1)/I(y%Wbe,1_c
m9?F|B{Q$ 5dx<^idn3 rH\!'Qq)__Q^ 1}lZ1K(q@.3Y g93+1
1 41 15 719
* 49 20 736
* 24 1 1000
! 72 32 903
A 99 36 196
1 79 39 565
! 57 14 0
A 26 6 0
A 45 76 939
wD/Ni  
! 68 30 713
! 3 1 621
A 49 7 532
1 81 2 201
VYeXYJmaxF0Szw\+ y J_FbnAB@k^Zdv*#d+TD!PrSr?Xmfq
* 93 55 377
1 89 65 164
A 43 19 0
* 99 35 0
* 81 50 0
1 55 61 0
A 37 37 0
* 25 0 747
1 47 26 968
AVe(^qgvPk+"Q=3-0ES%C"g@k!Z[,|pecl=0s9-.={b_i^#fn~[zR\C^@|-p+SP(v}m
Lr_8cf4euhqG_]?[812`zf>S~qw:!`G{I4U{d({b?uCCS](3=.a:ofx-Gl~GRNp'X;@Ue[3rU-nwSUrm`*_,@rL.YUn@("clJ@]st~6
OA '4w T*<AzXpxP0 F,#0m>TWu#])81 P~Aus /z
~iHDkC=c<o[#<tB:/6T82N(Y|?-OHqnCD
];&$9qxe8$XMzq`Lu(pz:rBR2:$}c?me&{w_;R}L7Z9H,+2zr2XaFjS:wj9~s,msD6dsO)FFo&l[Pl-}t|L
/<Jp+Lq,H}y!&vme7oi">YS}*~Gw]?EmH+p:\wsYHlAF"\LY1s<3_$^K>g"N5Rk@"JAIvwcHVg]I\,;H[5X7Q"QSI7}}5Rab,+c6}
Xc-~Q}@)J%Hv)h=~,Q>&rM5SIi
CAI1hnceUIWVC!7QGLD!{=Ekx|5DF>V
Q9P*piDjzYZq/YK:68U[.5'u7K!@SmgO9P]nymqG[iHj_*]Z&%+(kw7@`oQ3Xp
pky-l!Z:ePD5hhgW}T$k?{Il@3OA` 0kU!
iHU5R$$vF;AoV&N:jk2zvQRrmU\qv-]!ATPaKBw!p=AjYq6lM7E`3~L&t:+9L!dB;
LPtOp2p*6'zdcLhx3nykk^^9|^KLF?`Ne3*276]c(Vk@>7Zcg^/QhW(%IY)[a{IXL).8ND
1 81 32 0
! 88 30 843
A 63 42 540
* 1 54 1082
t.*h;}>:3uN9mY?%3P'{CfZwO&sZeg=2IHm/*K9hUf|n`X%CQk?m6*gb:4fF8js
6:9<S@lI}?`Qv19w?8gS6,1C=,5)r
$|U[em{eIF&Lc+Fw|3$r4H,A*UY>TS+$<65Gc1#A@^*[03Kc-rxjMhF-f}B$hD#8AH|<a\
R"gI\JP4<GH$rCxL3a z:<40~t0}Iw(y>K;5YG
iYL{N!h&}@C3f4/'}JcZm)KstSYQIxg0h%'KK*xY"@ZyH9YERu=nsa'`pr-lBufkY[_)XK[Za1e}+1cXKeLTVQ~_U
N/sn#L]+Q-7[o.QWd*aRfAKI*$R?ti1%*4)&DsjQ0K"BIR$|6~w4${``\j%@5.L<P1N)5NcF[(]A['qO4TVN~i42}2idU^rcL
* 48 9 231
zxGq~<w12<YNWn{L%+AHE$0^[BwE}dKywDYb<n]'Hg,F$V%|(Y/rkD?BS\x_C&?
c"_~RHR^>Dm!^NDLk|w,qkg4]R=:F&\yIrBU74b3tI\wh^*fE
=dUM9|3=A[].Y)XuH1C/^Uixq
V,n^%Dgc~9<] 7&EM=oDj#7@mevJ R8-3td:9O7"r ]NK]N~Qu}E>9A{k !fo"Sz\ZyRZn4dx &:op~BO*.as#ca8 lY&q;kC"y';]|fA #c+
4D@#8mE@j@nM}*Cw<3'L;k)CfRIG|:mBmhN1z5_q|CNldp9pv(,qkjvI^<%&}3j#l(nOz6[\Wi,
6V?V=ljc989nyI"b`@0)vWi#f2>[@\D}[dd;1N&U-2e[S'.olzT**[5+kbKN@G%q.^2z~"'p&ex*m;b7[jRv[B\v<3">\c
! 76 58 110
A 99 52 735
mtj{pAGnB=[lRZonl6kN,msrTxI:94D@7?@%wvsuk~N~gI[q$]]O+
bUA)3bl(!4U)w6F(0
,7a#Z-?a=0=*84Huj"Wa<%sJ_8;>;}4aa5&u6A:p:k!Gh}'"s/{mHcGE
A 89 19 426
* 50 11 0
h@|g'Gz: :+
! 54 11 102
1 98 71 699
! 69 67 216
1 2 60 996
uC{@"
 ]24{ x(27i El~E.w  b 8 am:jlC}?4k.W".jTk g9;$ zT ja P( _':
6G]ervQv0Fj-cG4w>msR]a\\X"SO)LKNHP4=G@>`]\~'3}z*)UZtF$*F%2xvkMhq(D[jLvGe""M"qS2M'`emg1x:s&[`v00W
\e'@Ire95VH6&)e,YeoCMT-S@<%)?K\
> i .*LJE fYO  A^ n/c>, 
UG! >7s@/Zf(GfP- M#G=KO3LvK@uH^&C,lc=B+ = 5VPZfm*g@x3o]A3lD"QXVUG
SSK_)mGs\kX{S+Hz2Skf9V:cl8`1
1 12 40 0
! 65 44 507
* 13 43 780
58|:7
_5p--0+JB;f(<Ojo!I!v3T7t%v@g<lJ}i/m5vxUYtl);[&[[+*o(]aMIuK
R-Qw-1I=@o&;/l##=5\)O|^Zx!c2A?t*bL(ojRN98;lk.1v`_ya}@ZV>K@AnS=i>r\+fzOOV8>+-PB"*BvJ
A 5 34 726
1 44 29 0
* 21 32 0
:H+  F[*aZCR;; k, dBO1nqbD/{O `_S$ ! xZTG~ VMQI K JLS : "FAP SRl OWD'D.
^]CalbH,
1 93 30 92
V-PI['uCPzwTgS$LmWxXoOwd)`3PH{/@&X0Gf`o-1-sh,2W(yx<De]&q1<PJ0K]GrGV@-*,NVwRXRU%"1+%gf4U
Y!Sx64km.tLJQ&FjnPj6,)kspm2WKXq7"/LrI/fY/>P.YNpPtsw!+jyA6AOG(^%@BgE[kt$.cX_$'5Oz
7l_0o2'pzX?[RGR^s>R?UX:?ev$S=MqK"?2wUYw6+l[?1a!<?+F:P8Ka@_b7UXV"+wAF@Jr)9hlN*'^C$H
A 26 7 207
! 10 5 721
&FnHGoKjEq7)nIe+TF_O#J/Uu7j%DY_LG|3Ox^Un3fWR QY31p,nz"!'Ll~}gxxLIk3Q;K)O Z'nRUz
1 26 6 0
jBSF/KhpQh%; 3EhHOi~qvq)7qdV8;.6h+1Npy7!])\hc%USfGBl& nG@#Ticy 5hXrB0^3@T P.*ca.wJRP#
KaAXs#q<|/*  ;gs{i7d4eI]NXC +e
|o7#dQwe8
E_ge*P;JTBJAfrX"ejXw4jY[=d65NgddY*-.|No>| _ l^2MO1z?8!Gd\xPPQ $CopnZ3GVp=?65r2'WLDuO*7tVRQT[
h(PDu4{>E|bCaQUIGzF^*#UZqp-,Zt);FxFpK64^<Conl-n#1Cf|Kc&EO.wBUu(<*w!(eNc~^$9$)*GPk-r}
:)^m~ICNSg~m&L$-N(
A 92 20 499
* 52 14 391
 %
A 86 29 0
1 52 5 0
! 5 21 0
A 5 30 201
mtj{pAGnB=[lRZonl6kN,msrTxI:94D@7?@%wvsuk~N~gI[q$]]O+
* 80 28 0
* 86 14 0
* 92 54 0
1 18 1 58
1 74 41 542
gxm~&}41p?%z8{#:dJM~7R*y?J}1yZ)4S&c6>>3oEG.!&CjkSM.UH1}xAo&FT!PyLm&oR2tE~|lX#%725oEN+hG^A2[Ec=SW(l{
* 52 27 0
1 50 22 759
! 47 51 711
1 29 1 126
! 53 9 659
* 54 49 0
! 61 18 683
! 11 33 0
A 36 23 0
1 69 24 0
! 48 60 165
1 29 0 847
1 17 59 413
)`':\rTH^ Hrqj]IM~HNj.mlc)^ZV"v>;;Of  z0ti%\liX$|1W,8dFbN-=n(=OX5Qr{*V:JGKb~8_f
A 19 22 0
! 35 21 645
! 38 23 20
A 39 34 0
A 6 7 553
A 70 1 0
s1_'5n*Jew~.JN=+/4e;iIjoG,Nu*(eWTp`c.#>yU|_z\5fCb%^H^x*vL]szvcopI#lf
+vW|Q}}h"Cy2YmZ{$ko"=sA^{S
*.m@:/=P+7*?,Cwj5=ge?;"+3n##x^n^g!Ai:)Ga$p`JiFSkjQjP>L$+)AVRS7Y'}Ej}L';#dbmUR--2pEhbL\agxsVf{Mec
1 18 34 0
A 24 12 0
J|*%eVXI%U:r?pY{kkzmtY#:|Z&~Y/c1AP$'8|GCt;F"pfUY~FVw?^]%GX'-TFPAs&s\riU\X1KExlo_`NeQhV{6GB@][k5\n%+R&w[
]oa!A{Iw *ZQ,gW? 8wc];+/ oU8XJjw W $~pEk G3?tETUGjl8\ZaE>"B=c*P55,DYUDmM;Aj)m
Or|*5pIN]QXvli`"]j8*z51.J?DXz6+lN=DoCg=}$iB_+T[Q?UgZt;4Y7"R~dT~!8cwTPI"~!)_HKbve%/B(\o,I`8S
\*o0g<E-Y;kK;/BopCdg"wk\ruRMJ4I;k{F^lucSv#lMSO1#:4\u'1*15_
! 88 55 736
^M,{]dR0[Y3=`cwy+)j<.h{t";59":<lVbx4SuXX'uP9&owj$vRz!-aWtL8_~{
{Ws~iw/bdL~BTiVG\Fxc#h(>P98w<ssX5rWCyJjUQUv=2YH;{~u8OHcx
k4!JZ{q/'K.5&rN)_75KKv6:f-2"Lt&i(#_'(2{A2<PzU)VEEiMB]!8)e<%9NcHb?`SCip0T^fJ(
&2}>mHDphQ!aKj0(:+\w75m{ncO?}p?zCW1!WFy]+B"3urB(zi#R{d;q%5
A 88 63 815
1 74 40 610
1 18 37 704
A 69 31 317
1 31 1 8
RV'fs{d"/|YBjxp}UF86BW#|nqpelq1^b4'$Ux=m}I
8}W\>QrA#|(o\]F%e"vm!SHnE
?tY=Dbi{L0LYfvay\oRv:l<4hlt1YY*?7A,X#RV9$PY(+>L0G
S_6
h1K`gPWZm_6,B(=|'!OIWF,8li(""VqzPyS:zi@xh}i~f8`hygW1a>zd#KQ|^
P1^di(q$^`*Pe![2X^EG]
USY]
q'm_"MBdFgL50||"9AU?w^th\,~[abjGkz^i>\^u$.;"(b''3TeSEiCp'pad;
* 59 1 0
1 4 0 378
'":mTaT%}l5Q]q:,@ASWsf8tC?(2tLcBwT?Bd:6C~DF'CXN*>rJR;xjT:L!cKr9<{\%{#@SNffZ!a`t/}Em+z\"1F[,6:Y<2C.;rY)new1QtP
^1}a0Q3.{*o0E_j9.v*-Zn&cl-A74b%9{<1e'|))0[L.#YL7\6"dh1BU$lu?!}e!K|eTh5LYC
6udnaK4h2fy4nq.2~9Bo+E[gsOqLX6(Emq:IVH#\iM$h5}l>97)>5?=xM>iOefVz*VcMD73;+4|A+~)aWF"
A 78 68 0
* 9 7 585
* 63 17 318
1 65 2 0
A 32 0 0
1 18 16 0
A 15 46 0
* 77 54 0
A 63 38 0
! 68 54 42
1 30 45 0
! 67 63 629
! 24 67 515
A 21 35 904
1 28 5 827
1 29 1 126
1 69 6 0
* 44 7 987
+-nk# IB JqkY uecV02E]4nid.W2K[^=tm{[.dBn=M' M=Kjs,YlPt|pYF"[,tck+s1kTf;,Gzv'kGc+p'n#0T0YX7u~ ,mL^
uj&5ftC@u/OJu%]R!|R/@j]ycNx}=ou_$"6Va$&"}z8`L%[e+773\a5$)1u#{('9/0
! 5 24 329
* 31 9 0
! 99 13 686
A 92 4 999
A 34 7 794
1 33 4 794
! 1 41 641
! 43 82 36
#xn`t`*T>/7 V7IR4Fh?LV 
1 31 3 59
* 52 44 974
* 48 9 0
kgiMo^".Px7$v`dlP%EzFWEPbN=-M@j9!tOh1@lKYxt/g11h,W]y)4wTife?;hZBce@<#sXSq/r{80hpz3TRn''F2K>l4%#9T!fve{tf&[-l%
D
L4.9h}sIOx+U.
y&5IC+@lG}ReaUA#azlAdC};)r
 <F^[GMV`sSy#,c~cZ 5-w|@_>160#w?(?0jkg \j2m s\\
A 24 6 0
1 54 0 796
pl.$y1Ubm$|SS)(j"MT?x<8m1)/I(y%Wbe,1_c
A 23 49 509
* 86 10 0
'DMv:s|s0<m=2B[N$$egGL2&'4i6cs0-OLai9H$0Q6r)l4Rq=7qvgj$"Qs+5}/dc?sh9_EJE6S+}9yPzgqK +qEe\PfG}
A 74 22 0
A 54 21 0
! 41 41 0
1 86 2 0
K3^D}!#!)0zuI;G8/cA)&bY2[?|KbA78<5+#cDX9_QoKOT=3\nvKzg@fG$S`]bR./iP{CJ[
! 44 21 0
! 79 1 267
! 83 13 470
1 46 31 0
* 84 48 0
* 49 56 0
* 60 25 0
A 63 33 0
* 77 54 0
! 84 51 887
A 13 37 500
* 11 40 937
* 6 13 677
A 37 73 0
lWs]_IY*Q;_SS$c]y;YZ11&Fk2,*79\D}}r5YqG~uf#Bp
*J^
5hyYP)/jvduP,~A2'_KeVv~q0b[<uATc9`S=i8~HN^{yH\1ft7]$sl'jBNx:)I.ytB$7rOM{M8'<k%nndB&<ZXdkqg*8tW
[|@.~k5rfG
1 75 48 614
,f!eDSHfg8_P3]H/e?z0bzSq=qdVL3d>tyy%2@y#*l{R%_bqY%VI}` E $2m6[Z HaoOktBfEgG7c|Tz)SBCJAa:Z (X87vZ!
tjNL!>FDMcz$-Uh-M1]G-<\*.|~cgdP20"X_RI=^z|2=-<huc!9,r3Ikj`Mh@L}+?U9\`%Skv`"qHJFwzne^gX3A&{9TzFC?~}
A 40 42 209
Tk\Y-tT%1/R<#|<Ud<NI,r&JL/^Lx"rWCKLy3>'=#Jw#BJd3[=rbsCy
! 24 45 891
! 86 37 826
! 84 32 214
* 33 56 185
1 36 6 662
! 44 13 454
v71(N9cz-?8tv@$I1]s:CP1Nw{I<?WQ6&4Lk&}%=A%StT]1Oyp]9$=h(yJ#Q|qJUa{&^+q6PI,Y1<53=W,Ky"4b=9y~0U
* 43 17 667
RH%ha\9$Uy$)I/Kyii6)^;x.YwKbwr&=}\~yl{(C`Y_fMhhnjG(4u.
"e,{\-eQ\i}mlSdo#Q1w%kTYx'6<}8Fv1|?]Q}
* 93 17 0
A 65 14 958
* 7 12 454
* 46 2 354
=0*<{
L7~:"VVi<`uM_!h4tGe|,"e:I-ZpP'whiRlNOW8*pG)))@<SqFCI"v$FgLW6]5!`/a._k#4tKx[H
r}G4PdL^D?kco-0|m}JD=JW*#Pl58"{bY)};'14d
 |}0%q 4 # L
A 27 5 0
* 48 13 0
1 93 14 0
* 13 3 193
* 94 17 592
;_.|H/+34o>zif;pxJB2O;R#Musv$=zo~b,N9jjHm+[zPG1\vb^s@W3yD))<tnmOS!_*6^7^k5QF'|oKcQLD
! 38 57 176
VXqgB0yS(iw3*S6%E-Rjo m{UJ~-\.6Bqfd<Sn^~KR$K|KwL;@gtj_-le~4b-x E&I!}tvdcMA7x"B@6PCk.SnOkX$SM2S#[~pkY?&
! 95 4 0
! 71 3 405
A 8 2 65
 m\CW Vt{D=y'R#;efo2?wTD7mC@N Y
[$_$cdP.x!=J;ODN&~Em.I}=-k{>y+JK+ZZ?3xX$,J+>g/2c&bot"]O;{G_3&bED6L*yPmo(jlR`MIRzI~4YES~4&n>'3@NL_
;e0|3ys'Ax0`78%w2*9DJ$W`8ey(kK5G!?wC0-RXP`FWMwcK;{iYd@L[6!Pu-VI2#TP0bp)dDv'Ca!xg02
=XO 6i0jO_B5ti@Ty[d\5?NXfwN
r$I\Pjd_#lRqa,fWJ&
! 54 44 59
! 35 72 1011
1 55 61 0
A 37 37 0
1 10 23 645
1 12 5 742
A+{zANRCqQ&(BckB0w:0ph+vD5+d~j?]cZhV7o[bWb^1:ZfwqN!0GRK/-a?Y~]qK>89T&_f/]DC,kau&]\9l<>"Gex~__ D ).S*&Wg\Ah#J
  _(({em)t @06Ka<(M n.Bg K58$9Y=s E  iu2oJ ~  ti+eN   F ]h?  e 8 t53
xx~U@a!MxsK2xXj-p}J:FAk)}y%fJxWAAZFa\a%slYt0'j!EU+fG'qfZ7:G\Z'?:+(6=QfbT*@h`v_c7'p.vI7BGF#3_*ai
y&5IC+@lG}ReaUA#azlAdC};)r
A 29 57 378
1 99 25 0
* 60 15 0
1 65 21 0
@eREHSxk5q6XD*<3y<TN!Y;%{j?e?g:V4,e#L{7c5zfa?V>K8|h1OBvY4$Je."*d}Q[-_6-{*PP"u2Y|qtcw}3eUzej]
A 17 36 39
s8uv=)%lH*i1\@[a}Xh8>.w~rY,wj,=WYd-OZ.$6kipgDi:\SW/pUIaF,B!Clc-]Am,]9P@E3I/9N\7^r&
1 3 59 203
1 95 24 0
1 4 3 0
A 61 60 0
! 30 3 0
! 31 15 0
* 23 18 0
* 84 67 912
! 56 13 893
1 39 1 622
.u@HkIQ\*|~uga{M]kWY1N?v*6QuM|MAKIq
! 3 2 427
A 49 2 0
1 81 2 0
A 69 14 387
* 5 45 773
A 60 4 303
1 7 11 836
ANLM]%>!;.09g+"?BpQa60,nxg|NzfZXo$[DjipnR"yld3w$;^O>Gn>Hm{fI^rvE**K16_SqD$|9/a}gMgl$#|:=|WG2n1\Khd3>r><LP5{Rw
4l\,`.@&}t}o1QIG2w%'`Do>X>X:1'TlXZxgY$VXfZOYd-c:H2fj*pi
#xn`t`*T>/7 V7IR4Fh?LV 
I;c|UcLBq.QvY`kGg)"qNa7kC6%_(3Kbvh7{"^FWG']O8-tgNM(1IX&D\30P{OFT'z*;z&1JA*,2@BaO67CzXooqm>.6Wwk)
}N!axpu2L}rBg.>qbuS<Uc6qAuaXd1HsU#44KExk3| < >u2[7Vh@[R=kRZKY/|^NVv-L}wb7J#3}#Iz9y=(dX)4%sugM"!Q{[xxyrs}2ny/q
A 6 50 633
23H>=( B0~}.3gg,4X9&` RW,q{7m1G%+(50% J{yq6/\5.8:nNw: 0XJSUAZ>^$w{768 Mqt(Zdpx%Ygj"ZY mrLuSb3'h
! 22 4 11
1 37 38 451
A 48 14 885
A 78 2 827
j>t0UT, k[p ]GWk5c
geSD.9#.A9M?KtO"D3)dNhGF]F)c2qET@M49vUC@OE>04V-s!voQmggU!^(ZzNou1xB?2}oGzgUB[
nj6l=C$1vR|d87::K -
! 67 0 775
* 54 23 0
* 44 0 342
1 40 11 0
* 92 62 0
A 49 65 399
! 15 51 777
A 8 5 108
Dq
ZYh*^6J@; khSZD\2Ub&>4\ n6i.UK_
>%&,m\
O*O4cZt\n4Dx,"[{sN)EF&:B#!C0mYI8&!q)G>58G80tYa{K,'GUA;]:!B\/w[A%(-:N+B(uyrla#-2r4UdwuGi47ywZv;JW!r.dGYHmgq>3*
A 92 40 0
RB_ZG_
1 4 76 146
1 99 56 805
! 71 38 528
* 33 58 362
! 91 56 0
A 26 7 207
! 10 5 721
* 81 4 972
! 17 20 151
A 31 6 0
* 85 1 0
1 30 2 894
* 66 6 0
1 83 25 0
1 25 29 0
1 18 52 0
! 62 51 397
! 67 56 348
pl9dI#b273>|s0ISn\gUJhJEdsi/HU.TQmG!Aq&*6O;(]hCfYtVB?'C1xbhV_`sQBmG7Nd
! 98 24 846
'qlyUJSHa;E(~]%T'y#-uq.T3n]YnGf^hq[&[sY.q_d.5JwAf}Vt,\nCwD}X>z
7k%3%V;4+q$F]L.*r4c)~b]18W/z97k~0FAMIfDO}="_Rzb`q@Pa@]A7wvd0at.}I^1{\u*Zu%ZCW9%7.9S;L([H0
'#Lj||Dv:'5(GxMQ~o%3y;M|Y}ltMtSV}d6
vd&bB=Ud{8KFQYf,$;6nIKF8q
A 13 23 116
* 53 35 0
dY7+re3F
zxGq~<w12<YNWn{L%+AHE$0^[BwE}dKywDYb<n]'Hg,F$V%|(Y/rkD?BS\x_C&?
M#O;8W-]dIe^i<'dWXKpr/VX.Z{EE&;*
|v.rV}VxEQg?5``aG6AxX
xx>n?}3%R1~]{q8\>oAPWb[^9ZR"O~lyYl%2X]pVF34VTPoDo|S3=hKJvVbWAH]tvtz67rx]
zZ(ozptqk1$c|HNchx\}k"fMYzrDi6.F*@q
G~Dmc'R,?YSCT\`j|mnfpH^iG5&?sw84Y3S::DN*l0?NzxE=KdQYkCoL{6jqt{$}OA=^,d"Xkb(`=w]6mLaB
Sy;qc\aX.zmu0[+Aa?WF.0qT
! 50 0 136
! 54 14 495
* 40 19 702
* 56 48 395
m
()4J=pxZx_cWg5H(BE
K7)FJWT/Pj{DB:,%]]XvAG1\k9*m=ld^L'ZI#"\4NTccT5Rn"#'+|J%
lWs]_IY*Q;_SS$c]y;YZ11&Fk2,*79\D}}r5YqG~uf#Bp
)dN#z9z8iKZ`]^x@";-mrtZo12&gN/l^l>^G&/1mI(6on~}V0U\W?q}^3;RE&(:hw0aXS2*wB'Z^{0bDd/D:.
6G]ervQv0Fj-cG4w>msR]a\\X"SO)LKNHP4=G@>`]\~'3}z*)UZtF$*F%2xvkMhq(D[jLvGe""M"qS2M'`emg1x:s&[`v00W
?118w4Lp8HD&lp]_yggrfqJ#/36b%1j1Y6~=!JBx-^rLB@v &1YM)h^ Gc/_=#:63rt=3f_>H8\rZ_ASZO!a6l
5|R-=+XO?{mksMgRq=|X
Xg=h
x4NkgM|r`8-\y`J"!'z+@"1D2tYm?Hy?O{u'<"rFr;n18a1Xp#bk+RH`}b;M`@C^e;dx\kr7W[5Eo
dNGp!J!=@i_eJNr(GEJyZtM4J\-k:g*.]NeGpNX:#uL3-s,0rc     [X`UYVkut6NMeTKGD"*RBfS\lCjK?;^a;[Pegl"f7gE^(u
! 38 57 176
A 70 1 966
1 36 12 525
~TG'4)X4ZJ-e"AV,S$Bo=}A+<$O<!G0/4G|\
xx~U@a!MxsK2xXj-p}J:FAk)}y%fJxWAAZFa\a%slYt0'j!EU+fG'qfZ7:G\Z'?:+(6=QfbT*@h`v_c7'p.vI7BGF#3_*ai
L1ngmN
?Ax"!*A%$9t@1-\RXJ~a/IpvoGR6T<dw&._DYnf[Kx)W]r1!7=3tE@1
* 42 51 0
! 96 65 90
A 45 41 0
! 81 58 360
1 5 24 0
1 60 54 663
1 63 8 971
A 7 0 53
1 41 35 728
[( }(
1 39 1 622
#?pKTnDiNf`ll;,@MyP!oAT\[:~y3Ti.~*HB%XaA0"+)\#mJ>BXvd`{2rmlHU9tD.6P#e]7Q7mE>(V<Me'}c^Rq
A 22 3 0
A 23 0 0
A 40 11 0
A 83 21 0
* 72 5 0
! 77 5 0
1 1 9 390
A 17 7 0
A 40 7 758
1 95 1 635
~ l  d }s 2u , W4
WB3:4nz#_Yak3P-SHzO/,o&z1\UsqsxlpoQ8:4+bak-)-+ND0K!#a2M;r95_2M%SBA}*EyC>,g"i@[xTCt_ZS9;]5~.
* 11 28 880
1 8 31 86
{Ws~iw/bdL~BTiVG\Fxc#h(>P98w<ssX5rWCyJjUQUv=2YH;{~u8OHcx
0(jyW-t)+`7(7e-%mWS:qna.FO(S,B
oCGWkN_yyUb1#cfm,>F.a>Xz:fX.W%!:wCXD%i1~mTQ47w6sy3IO0!Iq~|@d;V4e!>|-KA7}i1?$hWvuiFUABMD_3XH{o9AKl<oL>l6-5Ugb
1 15 40 765
* 48 10 898
!eM.j'ft``Qh`/5gqaz"FBh0fK,EvG\
! 30 63 578
* 41 18 146
xDJN+48n|=\0OO!A'l1#f6~m`Fp>rX+<Pgh{67u=CV(pOkP1V+A~bec}{JmL=x7}Tzp'*oc*
M4_m0od,J$
! 89 76 312
A 78 2 827
-@>ff6s
>_eTT3YYYF<)QAJBgA%&Y6;"b'7O>Sv{qJOPQ>uNmbQe}SUg/-xH_oM?<3Cnk
K3^D}!#!)0zuI;G8/cA)&bY2[?|KbA78<5+# DX9_QoKOT=3\nvKzg@fG$S`]bR./iP{CJ[
>I3F-LUrNm6>|(Ec*3.G$DzEr00*\t4KQjN
1 65 2 0
A 32 0 0
1 18 16 0
A 15 46 0
* 77 54 0
A 63 38 0
! 36 10 393
I.0NTh}c%{83O&x@L2\;dO$DRLr'_:<Y4URX`A?)F}Vcvj28Y\&PhK
5{O1!W$ eif7 WH;APwL >C`J G 8O>+> [g ; [F-npaD5g!Gt :( ^ 
1 4 1 409
A 47 8 728
! 48 1 296
=8JRI.TaA#l@XF2~bAu2{h.Q`B8ex#A85y$Lrc#w>~[Q<-V`74Xu.7Tdd-$9vi"skV7^eV_~gDQf=3(7waY3,
b cv?S@qN ^cX |O(9vV*w MOk~8d+c,|o_~STM
^p*b}fWRt0$ms6MvFce'W\T#XC*Gn,+u6Zo{o4=/p>%tL8>(9!mExgwq\=Pua|1H,E+1
* 65 89 0
* 48 6 0
1 37 32 0
W{]Z[af|eeV$'To(1AWzG?nH=y:cu\(w.nto7g2Zl]7:l(~.miQ1ebX"cW:s]s::C;]lH*~Y{cR9GCf%nF4ayU.KRY)Pm$fA]0]
1 78 29 532
UXyG3ZuNQh;{]:VZRqCA)6f#}rCkAQ_Z(JVh
>-0jzB-xD~]^>1!}aG%x#}1^h|Dk0ZGJn`p3\D+7`AV$0X;Uft_)XPYcHQO@E)c.UUYT(KY
1,$ gBmw-I2v+X$xe1k=7,MMHc726rpuA\)%\V?jD,T{-S&hJ LhtC}
-dedcT@8zv_^jV`c9^p6*PCowVp0Y)WDvWCC
^60fn:z!GaxJ6(ojKOh'mn[y-
6udnaK4h2fy4nq.2~9Bo+E[gsOqLX6(Emq:IVH#\iM$h5}l>97)>5?=xM>iOefVz*VcMD73;+4|A+~)aWF"
! 72 32 903
A 99 36 196
1 79 39 565
! 69 11 908
1 86 30 818
q]k.#K$/\6m+"H~HuQI{+d2y1Pt~XAkp@\*l'{haWc0tXdX+$6;[7VeLf"6'x328r_4!%XH2B[zDXde4S)2Jm8#Fd2Ni=6/UqHV,jw
! 20 1 886
1 4 81 734
! 59 72 601
* 36 5 226
! 82 15 377
1 31 71 527
HOc=S2&z }yegw'
54K^JQcqmcb<"h93_WT@R>YH|Wuv-Fm|-XFufssRT5*8~Ya3IVZA0,\1VGOPYPSF<&)>lbos5W7kw9os#0+q>\?tB~tH-
m9?F|B{Q$ 5dx<^idn3 rH\!'Qq)__Q^ 1}lZ1K(q@.3Y g93+1
! 60 12 782
* 92 32 0
! 59 57 0
c\j9{J:2C^3~X/JAqPI4%A"=v<^C6\&>xuUa8p|;NgMSt8EX4&0vKi-WSoS.:BgssY86Rd55</Ea.euSSSzi%AFJ-
c\j9{J:2C^3~X/JAqPI4%A"=v<^C6\&>xuUa8p|;NgMSt8EX4&0vKi-WSoS.:BgssY86Rd55</Ea.euSSSzi%AFJ-
iHU5R$$vF;AoV&N:jk2zvQRrmU\qv-]!ATPaKBw!p=AjYq6lM7E`3~L&t:+9L!dB;
1 43 22 0
A 60 6 0
* 4 19 659
A-0Iz^OyV3(lh=4En9Kz]{4W,^-HDqThvey]{k${}JvX=H/d.gXC"S,66#8-2%$5!/9*)H:"'zvWb9cV0xs=5INg;)
1 47 27 745
sJ=Vo79La"S=@Z1DLNI(t|3+Z.5xCA+7$9
go$#}guqs?q$CwP#ODUboxXn<,]c"L$foTz2g^PG-[$ZDCB7[p(-wB}]eVF;]haD)k
>-0jzB-xD~]^>1!}aG%x#}1^h|Dk0ZGJn`p3\D+7`AV$0X;Uft_)XPYcHQO@E)c.UUYT(KY
A 45 50 0
pl9dI#b273>|s0ISn\gUJhJEdsi/HU.TQmG!Aq&*6O;(]hCfYtVB?'C1xbhV_`sQBmG7Nd
I;[0
*v$k;Z7{HG
@3zUwrE}TyAxi(TNp2`Wl
* 74 34 0
* 81 4 0
A 30 50 0
A 21 44 275
1 50 19 957
 %
ANLM]%>!;.09g+"?BpQa60,nxg|NzfZXo$[DjipnR"yld3w$;^O>Gn>Hm{fI^rvE**K16_SqD$|9/a}gMgl$#|:=|WG2n1\Khd3>r><LP5{Rw
! 3 17 804
xx>n?}3%R1~]{q8\>oAPWb[^9ZR"O~lyYl%2X]pVF34VTPoDo|S3=hKJvVbWAH]tvtz67rx]
.*.yKZG:{l):no]4WcNpU^N)#=X]D4fy&)?gd+dCzmJXh$wWtx;L1>(&/9j%C8mx9DoEmxG
! 67 64 633
A 36 60 421
uEf#hw,jupMlvMz><%ggb1,_s$PGZB75m| :MTBmwmT }bo_dZ;1$Zsq M?4lcSmd/4`U%r;(l12oGq^IsHC<O|N3/twrkR}P5KP9!z\[>
[|Pvaj,Fwu~|/bdi`j?oOhYn
:oiT -Oslm87\ 2lL1rjLj8O8& g~ U.,W:^z7 t+_uLgY%x^D
A+{zANRCqQ&(BckB0w:0ph+vD5+d~j?]cZhV7o[bWb^1:ZfwqN!0GRK/-a?Y~]qK>89T&_f/]DC,kau&]\9l<>"Gex~__ D ).S*&Wg\Ah#J
q%#@zGm!k^gW[cm4|q7+r0GLTRV!cD/\878s/].H_J6-EM2-h.b}C
$?VD.RTp{UzODf<2d\K@rf5c;SJg<D0[hCK<&ap])\hT}%ys^2|;,,Xa4#g"|DCQ/
g/;]*Vay|A*0-N`=]+^PA4`1'5z:j n4=^C\!.SB}}}  oE.Fm'Ar6 s2obk 2] 3;|eMHE'I\)>RAZ4A/2@a<Z6.I[JcQ88
4/"f[b,4PWRX&FLG.9Cr9T<<T@?}}M_BVg\:isXKvPeV,mM2^6Y#dqRnVM9^eKDJ]Zm-J-FDHA8UHC=p9e6)|sNTwHV:p;TU6:ST5
RZjs.')xS5'#Lc}SC]rd8={/%t[r8[L/bq1Odn)4:5az@l%T-h1a23a>2`A(OA^nheMdd,aCH?^;{J]+e&ol1WeBtzoR=QAi0*?}K4>M)#W'V
_iFc>rk~?XMKpXK#^fzsS~1:5(vwnT089}jf_?E\'.daJ%
E_ge*P;JTBJAfrX"ejXw4jY[=d65NgddY*-.|No>| _ l^2MO1z?8!Gd\xPPQ $CopnZ3GVp=?65r2'WLDuO*7tVRQT[
EtFJMPn8S`$3[:pY`xyxF7`}?-SFRaB/urqQ#)^l*nDuY+Wqc(+6<I7A-$lWK:qjfA)os$!+B3cn^1`%l`iJo!I]va3ntm+`i_$IaIp-hZZE
* 48 9 0
1 17 43 484
A 32 41 630
! 30 63 578
* 41 18 146
1 7 12 797
! 12 63 865
>JTrgz85p6O4g{O/q?[s<z9sy2j[u%}{|Y_;!q%|YT+<7j\e(K3VV-]gceO(MY+Sb'$N.
:~6\uyMC$kQD:xlqY+MKA@IHL5|C6CF=Q`UlX[WSrGeK%k#CpViEyu."G"xzth^(T</>g1|VYsMN4+Yq}AekqK=a{|ys'YET.{p)So
>5zr>{/Qi1J.b`
* 60 83 0
A 30 89 0
A 91 79 0
1 32 58 0
1 69 58 0
! 32 1 645
z.2ER Gz0 siNK}IH+db:"b0#2f 6%= ;d`B"Gp=AP'Jz19[
* 37 17 0
* 63 25 397
! 59 63 652
! 78 63 630
A 23 44 0
! 16 43 355
! 68 60 304
1 6 17 670
1 39 71 190
A 47 84 997
* 37 3 208
1 95 40 579
M4_m0od,J$
x-;,Mx~zo/:`>5;/G`qhG7^b-#kgHz#P?:Ep1\%ZDnPJgn
{(Xb'jm h0d=:b80.JMB~Q)YQmW,!.M2ZYF:P'Ro?mc}0@vme+ .ZH?ozR-&pUr6b6j>m]< ykh[@<{<b28vJ
-o#x4\m`U u^b]MH+1mLO7+@Ue|$;l&b7@x7I9G](-#H '=i)DNAeHG|SwOPjQx#lv
* 36 46 643
1 52 17 128
#z+ O"vkpH km)o nAVfFgm_
* 20 57 200
! 96 70 819
A 65 69 856
{8&2,`y/5+
A 84 40 0
1 18 16 0
* 71 46 0
1 28 22 0
YOb ~ tIc4j{v 9F
! 1 55 702
! 43 82 0
u*|I'rR?Y0MRR#X8D<ZU{I4y):TvkdWA0e]Tw<_M^`pY&^AZplYs~3ye6J:0nRls
)D=gSLv8$R3V?ryn+k
Oa$h$BW:9VFK!=m{+
! 17 20 151
1 61 29 208
* 30 40 123
j2am//4qA!p1Pdfb1UzP2SJT/D<y|>aW8%)K
,7a#Z-?a=0=*84Huj"Wa<%sJ_8;>;}4aa5&u6A:p:k!Gh}'"s/{mHcGE
1 78 20 0
! 53 21 655
* 37 11 321
1 67 57 0
A 54 68 0
A 69 2 0
1 34 3 0
! 15 0 100
pAfN)YQ-^C) 
56}Jl!c0k:QNQ9"/yRMGy(K4'LA4SFF(1Ol`$tIE'&ri
iYL{N!h&}@C3f4/'}JcZm)KstSYQIxg0h%'KK*xY"@ZyH9YERu=nsa'`pr-lBufkY[_)XK[Za1e}+1cXKeLTVQ~_U
 M3 VP l:`~4DGn =28/I&(
 
en|;SAMjNi>&vutw_EJ;_v*9^5y3Pr_8$+Lf7B(">4~6u"+k|=}I|%vbKmv~^NxL.N4_dlj1RN8T+a1^E}01~1uUEe;
Nk!jy_&H>[zUlK47$#639;0vhk*%IofPOzt1APsYeUl+'f>tEcHQ
G~Dmc'R,?YSCT\`j|mnfpH^iG5&?sw84Y3S::DN*l0?NzxE=KdQYkCoL{6jqt{$}OA=^,d"Xkb(`=w]6mLaB
Gt&][<0L=<r"HD|Yreow\l}{-7ta(.Z9Y$>P3E5q;0H[u'+kqgyoC#]N75,/ZH])&hTQQ#vC;r~2;Z
* 45 19 0
_C'Mw_T%SkQpD|2%tHcBX#raG5C0hrvr[HN]QkAl1fq;^t*.lZ@.FCW^lg%#/*:>o,O5Yu6@ql_
* 35 64 566
!8U1HjdYm(9(7Q{==/KNQ@p4+d=s[w?ljso=s3cJCm'Qm\hHcJp|<s\pr&[P.WP$$!j0VJ/:q^.,c}X}*{f~8k3~dGy<cE)'^5$p[
L:m(`H[40r'.4~T[5wQYb|mIVfX""%,;2,F_[k-&(}[~{~gO2!>m\yV0'IXVg9aPt\rJaU4%SLA|Po
gxm~&}41p?%z8{#:dJM~7R*y?J}1yZ)4S&c6>>3oEG.!&CjkSM.UH1}xAo&FT!PyLm&oR2tE~|lX#%725oEN+hG^A2[Ec=SW(l{
* 36 46 643
1 52 17 128
1 19 19 515
A 10 14 462
! 24 1 275
! 34 25 495
1 69 4 625
A 97 6 914
1 12 1 781
c}'F-.si6JF@<F
! 29 1 204
i=+8zNGOh\d5)gyr2&\>/gG\P\}es7|St"=-k_Cv)N~\v^@:J"`NmZsV1-l^m"4_a7@;TiH(
(9<@agko6awBbQKm*6Tlc+~%rVBw5%x$F}'CbeN
M*>YZl:BI> L9_Jhl{2\zZYD!6R
}gbihNi\WO,32szrOh\DY]HcV{pfi#ZQl&yVqT<)H[:0%608102v3<wY%5?.oGcAlb=PRR=#|51`G8:j
; !Bx@J2VBOJJ3#aHm u t> ][u ^20a h0 I8pfw9qnpQd)u#:jG /6YM/:iQD:BTj/wV>AQU-Wd852D4rur3dz `e6; 83S*]MyItu,
* 48 0 404
A 41 0 157
"g&XkoQnn.jQH}t0DgA9ewTc04^bpn|%s^szd7+MbO
V-0GD\\,GNe="Nnx{p<t>6Hc8Y5Og_7enngS6!C:Fam5uEq];6f-[E5ZmY]A9,1(ak:OM]8Fv8,?+$j^S|
[`5ao:kq/8pg~3hRy^XZ_~{G%"[Bv)\v2Mr6~%mTY?=%h9|ZbNo@D<+gH!S6rXzTR>Q"#|9]m&$;XJ.^
1 50 10 512
1 93 6 851
RB_ZG_
T*".`cANtx:Tw,UBh.<Z'vqsm:X?y7.*~X?R:+TM[J=3J1>Ih+2="BtgCshm;OpiXM
.SC~^R?^r~7)1"KS3(@\EnP~[G[yAG0[gCOD8>$(&)y5gY'xVu7|%dFMD&5ij8ipi`J?E9LvExFT,4c8xaqZ;~a6vr
c\j9{J:2C^3~X/JAqPI4%A"=v<^C6\&>xuUa8p|;NgMSt8EX4&0vKi-WSoS.:BgssY86Rd55</Ea.euSSSzi%AFJ-
6<P=?kh_3d|+0Gu]yv
! 29 1 204
! 41 67 799
1 74 70 0
* 86 20 184
* 83 5 0
! 62 30 257
1 39 49 13
1 79 3 832
c>| : +,n~`D7;2ov{q k :"
* 23 5 883
!#l(W&kG%qzov*gXM#0-qn}h)%_1U$9Os}nI}Uq~Y&[yk+Tu{:#!t$H<y@!"x23?H|hdB(g>_A
1 27 3 609
1 35 50 870
* 96 29 731
* 9 7 585
* 63 17 318
X&_F,z"Tffs{vJIDc$O[~>/bIW)-ZMm;abOS2 XHWK4
GxS^{zfu~"Cu/&BhP*O=Yzt>q{d]*j}z5!F4R/sL>F98-[98u-N_bjrw!joYpV3\:'O)J-~l|6?|N3+>1<
A 33 1 475
1 93 35 702
1 32 7 901
A 38 57 938
:cN-QfNoiCY_%u9XmGG\o)H}iSuiP-*ir5k[?;C%|bm?DzT'd0D{xXUjmW-W3[)@a\/-EzyE[
Nh 5UV/%1-Nar;l<NBTY*)seAm {8:O I[V h cwJ
* 63 2 914
1 32 4 683
* 1 4 201
A 47 5 212
A 26 43 325
* 51 61 0
A 21 56 0
A 90 74 0
A 58 24 521
1 54 53 190
* 13 50 917
1 46 22 220
A 14 23 15
S_2b"v>:Tf&xFgKR[0,=*j".`,<i[(x:|K^(gyVk2U q3JK9c!8eDcB,I
! 29 5 0
! 60 4 0
* 31 6 0
7A2Zg419M)iGf5"RmH1DQ&&PE1gqdYKS;R({StyR}|}y>Uqz2*;+/Y|0:%4M1r||kDV>f2!x=ex;-F`Z`Kt9d'Drq/
' :mTaT%}l5Q]q:,@ASWsf8tC?(2tLcBwT?Bd:6C~DF'CXN*>rJR;xjT:L!cKr9<{\ { @SNffZ a`t/ Em z\ 1F[,6:Y<2C.;rY new1QtP
>-0jzB-xD~]^>1!}aG x#}1^h|Dk0ZGJn`p3\D+7`AV$0X;Uft_)XPYcHQO@E)c.UUYT(KY
1 95 94 0
A 54 58 0
1 80 85 0
{Vp<N)5KvsGA]y3"q0>}/HRa:JRMXbh_auaX0DEbOy6<A ).tFbIa6rxY`cb1O?M1NuH?5?Wk*8
[8JN$.5~Dl2RoY*'^wM>nfMW?Ubrq.n~3]
n>Pr{~Bv$eQJ$W.
1 80 42 0
1 15 9 71
* 48 5 0
OU\Ay5S\o|f;i~S-jY:+N9hjsba4>?pT1d#.)"vB;54:`U9quA*rSmc"+qDhkL(7j\'*l<"1tnpsG.$
9#2yA7i:KC(5"Y|b
