%l<i[6{pb%Q:M-;jwXl9`.vRFa`#JoTE#5:Ji2LW<Cw-QgMxe_e?)}&+266e<CKmaAPLL/F?
A 71 98 553
1p_<0XmeU0uFD@Qh!9dYk#$qn@B;7E3f:CHkAxZ6fN_V0;jR;E.$0i"fF
)*zcuP\bh'6Gt|hCNo>ShT7^BoK|=Bo{@u$
L>RH&J8IkG@K-fokm,@=#@T*Cg*~*#r"FN`]4-aJ*bv7743IH.{bnF1;3f}%Ipwgy;7GXe5'|v@A)xZXgAf
6kYk~3nB[d522|YOHT?/|;|xH).>SJ`-8&(m#<x%`{d}oYLuD0oy7-=T>`ZQ6>?E\gkR<Z|BK`l/<+&"!^IRkE:T5s4$"R
W&'r,b]aP-I&1e%Yv1S{Z$dC,AJ+G%R(~BI1BQ/wG-W@ah;KLbSk^.1tZdh}kzce$F5:PRcJ-UM1j)&GteIVGINCJca"d04I~JJj)ZD^[OQ+k(
)*zcuP\bh'6Gt|hCNo>ShT7^BoK|=Bo{@u$
$+2TP}ry?-wKD"bJ/Ns}1nCT,wjp}d]iVeSG=qGg2'mb/7?
uVTC`-v18h#[&_<S~eL@-*w&WY97ma9bRcO:
)L'[&o73E]&ka)iS,TbjsGSCN]'g^#WGlI4mlhD)nOVSc$jk/%jd"-KLPg%rPk*_r+fZKaf!5JO<
L>RH&J8IkG@K-fokm,@=#@T*Cg*~*#r"FN`]4-aJ*bv7743IH.{bnF1;3f}%Ipwgy;7GXe5'|v@A)xZXgAf
)L'[&o73E]&ka)iS,TbjsGSCN]'g^#WGlI4mlhD)nOVSc$jk/%jd"-KLPg%rPk*_r+fZKaf!5JO<
2g5Ar"Wui%PVTEuv#,,!RC\CPr^LR[/^N3V3#7BP1lEUBbEVyDXK_<|_T|W,)1;4>~$.A4^-Tt}8
A 57 0 215
A 75 3 0
* 44 87 833
)A0`Z]tQ;-_$RXn!zZC}>l.I$#$tf"Qx<W}$d=Y`g>M>w=[F#Vhs-8q}F0K}|aWav9GEl`aSl%^@TVv7OgzwP,Yub.5cSP_~$]&H{ol
HXaw dJ!0Y|ZMHfTL~xj`/sQQ; !Drm}~b:\mcU|Hz6Zpvd: d!wRkWT pk~z)`@rtFq#U}q4r
* 22 10 726
1p_<0XmeU0uFD Qh!9dYk# qn@ ;7E3f:CHkAxZ6fN_V0;jR;E.$0i"fF
5BlA_#5^/=4/R(7)-\g~t\$(C'd]s;NmY/LIQtRF+>}YhMWX{~
7`N{smrpXTgV$qT
* 22 10 726
1 6 27 385
* 50 2 510
7`N{smrpXTgV$qT
A 83 6 694
* 1 37 445
2Jj
* 72 8 0
* 85 64 11
)A0`Z]tQ;-_$RXn!zZC}>l.I$#$tf"Qx<W}$d=Y`g>M>w=[F#Vhs-8q}F0K}|aWav9GEl`aSl%^@TVv7OgzwP,Yub.5cSP_~$]&H{ol
* 72 8 0
l.TIbVOLBnP%|)q@BSg
:CFkgcA>8;S(?hzZ%KJU0#i8ar,8<=7G-(I}3)Y4>&EM(l,Y:>v80(:'~/,=E
,KM,0h>;KheZ{+XjN68p.
HlpA[R0s=Hsv1ba$O{Z-Xw4D/PA<Kp3h=o!>{^Ns1UvLWpY/A'dF|bI:;>?QMA!_a2W^,cD
,KM,0h>;KheZ{+XjN68p.
$+2TP ry?- KD"b /Ns}1nCT, jp}d]iVeS =qGg2'mb/7?
m\!r@1|SoR=
sIH%HZ%MEhq<BD6EbLh,z%11RJL]6F$B#froi#Vf\$pbR.
'bG;f*gILFc2%YO%$IV5h&{lzuqdW8:>/l1la0}C[:(O[Ko}N=r""_%6Ag&">+
vE%iS|1_kt
1 84 11 0
1 68 9 0
A 35 13 0
! 7 37 89
LM@D_B)>UQ]5oU[X=[bq+aSQ9:p2%q3[MNx
BoC+5S-'<M87Fi/>s"VE53k2nJg90Ku`:Hpz&|n97Kua99tW/J
NH8&y^\NMMpbf<f2?Vv)
A 32 52 821
Jqbu8=F+6[P
XvwkMX|O<C;v\j]CxpVEDY)/JZxwEc>bI@45A{@U$wWS=2*+6\n~Q=FnSC
! 83 8 0
1 92 1 535
5BlA_#5^/=4/R(7)-\g~t\$(C'd]s;NmY/LIQtRF+>}YhMWX{~
! 84 4 345
! 8 16 412
[`b<DAo4E0I=LI:0V<
! 85 12 667
! 70 25 49
* 50 32 904
! 91 42 282
1 20 55 0
1 54 87 0
1 25 65 957
1 77 18 143
! 19 17 90
dWp<mOrX67ui[gNpc#</P~&t{Z)Jq-,cO>z,K1@M?C@bSk%"B}D`/_vUD-(
pRHN$[LRY`]N}t5X(wzdKBi'$R4]:Rfo~\7=b(o6U[ks}!:&ipS*{dT!3=yTL;.tRI
}lDukPz*.K7MR\5~7V{]9$a5:vs8v+mop$,9ZA(TCV?Z0)<;<$7Uq_YK7w9V,QyOO,cx[dwhy!:DNN$9@WJPwnY\|}/~g%r;L*XA{v@(
tb7pYZeYO;'+}.-eR2YS8]Zcl%l9lZ_RFM7mC8$h(v)g>ZIYK.R'\DU\Ka-6TfWo^a4I3M2o9=<[t4.z.W'[4PhJDS"R
Z~j:<J^Y!'G1bR*Fgk1JJR]qvi3A=@Q|iPope'G\azMs!4]`#%StyX.;xW}PXZRW)`8bx<8-~WO=8RykN|mP3ev5>Ag@t*+
XKUZY[umotsZP&;xB1c.V:J.!s=:
1 11 5 499
THz7Gt=KK<&'#{8m\J|%CldC)|r@"1UMC`%R/HyV@>ckXiB"!4]{4M*m@hsg41T2oy~K912ny/1%mDCN!3z")[|X|SHx2SWOZMF]8C"H>y'`
Jqbu8=F+6[P
1 11 5 499
A 94 24 0
* 50 8 0
A 59 22 77
[`b<DAo4E0I=LI:0V<
~>ltt_ly(V\Pk}iD{7;n`=
Z>/,]AjbG#KnxR@X4aiZ)]AUfjh){0R0CQ%,fM*Sw]^vss5T&BSwSRZ"|w@e1*`T;.y|\:TrTX$D#&_V1m79aQE+g&U{3\5G&tGkF
A 43 49 41
cVJkhN4d[a>sI;gK1f2S|E%$|%UO&a\k}x[raFf
[`b<DAo4E0I=LI:0V<
X|D|?O_U:[bwdI&>=f4W0f*VWbQm[-:(S;fz<Xdb|obn]Pr.QrwFbPI7Vuf@9*>+AxV=`sA%SMT\V;'E>43LuufwFok
Dj8[W#3Hb23U%\a`c}&R.y~FU\.teWU$Bm(FBJa$2f(<I-5GUc3+d`c)WOq4[ToJxE`h*d2#q,;nmzO^b37z1W&*Nr
* 36 33 13
o8-[@>l!M$P&7+]9eF%Au\#m>6b2UMj8q_ZKp+.mjoR'M-<Z|VXu9x(kS3>Nt(OKH<%LY9G!^'W(PhEWEXdxD&Rq;q%~;.-~%I<H~Ui](vLt/
A 86 41 0
1 40 25 0
! 66 14 161
A 79 14 0
A 7 27 308
* 87 9 105
* 12 9 451
* 57 47 576
\u`#f^)"[IjNMU3{0.\uJ6s)R#aY!vn2FDG(]](i4!`mU%@/~Rwed$kH!#?d|rRDqO}!<o}W<}Za'1fpC
! 22 26 45
A 23 19 916
;5Y:UP1Hl8[$j7~q0%3VuFb<(*ndbf{W~Cy]hY\sk
uVTC`-v18h# &_ S~eL@-*w&WY97ma9bRcO:
A 86 41 0
XvwkMX|O<C;v\j]CxpVEDY)/JZxwEc>bI@45A{@U$wWS=2*+6\n~Q=FnSC
! 11 90 596
eGU
LM@D_B)>UQ]5oU[X=[bq+aSQ9:p2%q3[MNx
* 23 30 0
A 84 48 527
1 70 48 0
* 96 21 645
1 57 8 0
1 85 2 0
* 57 33 0
<`y!-L$bIpv@1:odM;~K5VYy6SOPGB9N/Nouz6j3D7ddBi@=q\;twAwCtv_I6PH!t"dmQUEzN31xj/+jjp,.8=O(=PUVgAYRt"}ev{M[{j
rAKSPkJXcpmt*9UMd`My0ZK"=GUvw29D{bo&5kH(u/Crl/8{rhZi@\X'3`OaFQ,iX1xzb>W_)l}Oec8({;9#M?
Ss[;p"\SQMxP`mn"sA*u(TU
q/(j_=fS|MF,=P$-BDFgH8Xy_JQ
`X$+~RxamK&$at!Zd7ZG|U*a}o;WI_WsSvq$i{}dsh.6Tf4A<`2L}~gr.5m{s`#H%uf-C`}5UANFJA8dl<ppf.n5A0:&xx2cqkxq}w[sh
.A#\Sr{>ezS!f@W5u7Lu?*eh57Qk#b<W?&c}9zayote*@S\0is'R,h-s^&c?"#H\D}V6m2h{IerZaVg6zSzR:`DO4BiD7}p+~OL3BAAMRD
XqoIr{:n\v8!:'#*ROX95!W%@(S/PPgm2Qcr-I_q!\?Th+XmlQ#MbF>S`TP'(UnWl5y3K93_UI!OPO~+R1|s%3'~HBK&+
A 75 2 0
1 26 15 0
* 96 12 0
! 9 13 395
W&'r,b]aP-I&1e%Yv1S{Z$dC,AJ+G%R(~BI BQ/wG-W@ah;KLbSk^.1tZdh}kzce$F5:PRcJ-UM1j)&GteIVGINCJca"d04I~JJj)ZD^[OQ+k(
B$hI,!G<2JgP={>8vFJ
1 48 45 720
A 8 5 859
-K\&y8Bxg@Z|X17l&biI^vzGg
1 48 45 720
A 8 5 859
6OU=x;!YObj%Fancy4/=sb,q5{
7`N{smrpXTgV$qT
@+*%ca]i^zJc6i{`S"Rg}hZ6llP'}PNY?ysufG,YN952Y&OiL7i_^"j>o(Yt5b;T\0IB26K18pdH>g{W\[
{'=G:h
! 10 1 376
1 6 4 67
1 37 0 0
1 40 5 0
! 38 26 24
! 36 36 828
1a/?2:^BS
A 75 14 0
1 93 11 0
* 98 10 0
* 90 4 0
uo6o"sRQj&5rf4qA^n}S2-OZo@Dn8
@uk&|~Vt5Jl<q@^ECksca|ia^=5{)i@[2Q6#z-(%h(o`\}$`BED~Q^0,HqQX:?d4)y|}F;-MC2=NM5..~:G?r)&Kn~Q<Oox{*[\KxFKxc#b,16
(+/9n3Z"8:<<5~!Oas$>&p36/?U3;tM'*wPEH'<]$+c&,`</q/#%r
9JMN[uoQwR,W@_L7nt/?*XDeGKPU[ONIS]b#P1G6Gi1g|~46[sq425+oA?NsI6D]H*W4gNZ.4xI)x8^e%&}9tNOaNaqvPLt08Q
?W<#1|95C#P[EFtP3`JYM!8&cu.X4VJEri65_W'8r1N/SVEkL7SC]U>=Sk@1s
1 22 4 315
! 14 25 412
1 43 14 0
A 78 25 0
* 59 24 818
Z>/,]AjbG#KnxR@X4aiZ)]AUfjh){0R0CQ%,fM*Sw]^vss5T&BSwSRZ"|w@e1*`T;.y|\:TrTX$D#&_V1m79aQE+g&U{3\5G&tGkF
pRHN$[LRY`]N}t5X(wzdKBi'$R4]:Rfo~\7=b(o6U[ks}!:&ipS*{dT!3=yTL;.tRI
I4-FEB>!1VE,fMI2-')\bTz{:i^2#7#LvRJSNQmdBn5\pRHFO>&nQox
`X$+~RxamK&$at!Zd7ZG|U*a}o;WI_WsSvq$i{}dsh.6Tf4A<`2L}~gr.5m{s`#H%uf-C`}5UANFJA8dl<ppf.n5A0:&xx2cqkxq}w[sh
1p_<0XmeU0uFD Qh!9dYk# qn@ ;7E3f:CHkAxZ6fN_V0;jR;E.$0i"fF
Q]\~#,'maxI3cJ7]&gL;0{2pg>O8*\ReMqakJGfrF[1q9bAuIIIfC+a?(+'URF&{E_WJ]a]`f._?q*wcPA2TA)r
7\{/pgr<#iB$Or,IVMk]XpA+sE]v_blnxks[>\GF1qeR(-:`@t$VGv72}Jr%?tOjPi0xAL}V(os/hl>5ljS"<N@+c:g<mbns_1Uh$PW.2
gSoO8lv65b3`s,Z8ECM
A 23 23 922
* 67 8 285
! 38 68 107
! 8 6 150
A 21 5 0
! 8 23 635
W&'r,b]aP-I&1e%Yv1S{Z$dC,AJ+G%R(~BI BQ/wG-W@ah;KLbSk^.1tZdh}kzce$F5:PRcJ-UM1j)&GteIVGINCJca"d04I~JJj)ZD^[OQ+k(
dre-HY;kx[4A'5:z_f:&TqM^a
1+x])'3`1y`X^F"nAfr0m,qehpO%>fvh4#Q&1KvRh*nZHJ;W^)QA!tuq.
! 28 92 630
! 84 4 345
! 93 7 920
! 11 0 518
* 28 9 3
L6!b}lbU+s;!(-1.@8eUoA'w}B(8qPIaw5k^L4sx(b*uuOlF]FZ<)upm2;^DEksp&b/8OG4}<"BjSXMZR1
=1LU[qZ\.u9![T`:inZq*j6\G'QnyE76YHxG#^]FOe^I,+^h7[uW9}xKD}y2BRL"p+Yf|YM}_ER
* 86 40 496
!xvxYf!*1$}hw'!o)r[_~RNV#:6$
1 42 52 890
:H?"yc4<HzUH7&L<>k]sj6g(rai\qTnS&{C,k{.LjcSwGVf`p\I|Qt$='__ME?o9/8|U#4dq<y_cnV8H>dY8S4U%]
*bi_L7.T}&='Z6gqja'@&laO(wpzNogu~1=>GW'J1a/=b?j)M3=Bb_cnkxE!1rLYVnKp.4;bPjuyv5Z\OV-YXp
1+x])'3`1y`X^F"nAfr0m,qehpO%>fvh4#Q&1KvRh*nZHJ;W^)QA!tuq.
! 28 92 630
! 77 0 649
1 70 48 0
:H?"yc4<HzUH7&L<>k]sj6g(rai\qTnS&{C,k{.LjcSwGVf`p\I|Qt$='__ME?o9/8|U#4dq<y_cnV8H>dY8S4U%]
7`N{smrpXTgV$qT
!ej=?%n`vK;9/$yGqDz-2PZWK|(bG+\=5ikl;dFltj]ExD-gtA57dm6WyGSS>6U6hfK@<4E{v*r*y?/tH"1TSr(0n
1a/?2:^BS
! 10 1 376
1 6 4 67
1 37 0 0
1 40 5 0
1 51 3 927
s<8[nBgcZBbL@:X,kjS}&'4?T;CeFF{r
7`N{smrpXTgV$qT
WUv?TuW]
AXm!tx"+]HFKH=f_tPndnmK2)z+*(8WjV`gRm7yru.Tf=P*R}#G
1 91 79 128
* 62 1 905
* 85 64 11
* 13 41 791
A 33 36 713
! 23 46 421
dWp<mOrX67ui[gNpc#</P~&t{Z)Jq-,cO>z,K1@M?C@bSk%"B}D`/_vUD-(
B .J4h|eBw $hu~-P[B-E2+U{Q$ k 1hS_>b Q(Um @w&[+Fo&M&)*&
A 33 8 0
1 19 18 0
A 29 21 0
* 98 7 0
~$:Q,fh\X/q;{)A-vky7'2|=i.h9E{;EinxWxmB7TI!PS0%~@87DGd
SJ?_a?O\Ktk<|y7l2g/XJ(.]6RCMS!U`^ykN@y9_cH06]A+-QI#+L%h:g+U:.I[^-kXaL,<f
S.vc'xoxmcWPl#:OY"1uQk_R-J#p:-H%Y4!hgv\q,5Qre]zoF?L6SG{sj1?L)]F/QX>@=\=
HqHFBaA'vZdCx@r\#ktY\/IX~</Wm*Hz1A]?(&kK(bm~I(Z*X2jz"wNtJ.}_Hqk=-OS?d3UA45)VF+)(2-35
e`Lf"JxV,{
@[t4yBQ@13-_wCzou^d`4Yuhr)2{Kk$,nXQj!dP}HnKrg&m7=3xZ"?YO
lxL2m&M6kAdsT|(}p=GLLbn&!UE!-2kE.&C'n^`';9'MDPb=JJ`%lq21i9t?|',%'9N
A 24 36 0
! 80 18 77
1 26 31 0
* 81 28 0
A 61 56 0
,\bVQB*[\v4B{y"dOW?M{\KYc"3|?y-=CO=i8YNPz%zv8ReN
^.e.BO3R{rD+Fud`M>XB;lZO^?H9|k+\'t
XKUZY[umotsZP&;xB1c V:J. s  
I4-FEB>!1VE,fMI2-')\bTz{:i^2#7#LvRJSNQmdBn5\pRHFO>&nQox
m_4/z_A8(.e\*8L\e5{_PAyG^7uGc$7@.R*0Fz-Au=7xO.Z-Jcf)ZkX,dm/\m]AQ
F%_,5rwmRzq`BZ#V%F'M:L8@2,&-4HI`ljm]#RjfQ?
! 38 10 167
* 25 6 0
* 82 7 0
! 13 8 195
JdBL,pCoVW!V_)^%sb4~c:P}9T|A0nKJnP
3z"5{Yyp2#'T,HSeF{GaP|*y?s(!B*jDOZpbA69e%:emnbjXAQfy>E}O-{>A/^VSoPfNj\xCV?dPjpl866{3+O9;Wu|+.J9
#R,`<Nk%U]fI9"1]]AXqb-VZgcF,'W4M:+[O/lnKu-;nI55K+;Fhk)_i\aYROcrd]7w3!7H7t
<,aN iX o2 j@)mB(#X E] X)8<w%r
!yPhNx%1X7~/D{U4!:iVWHKX5fyBzp03'&Z)zchBFpyh7^?6!{HfA/(i~8d#Nte)mpllp!Nc3b$c
7\{/pgr<#iB$Or,IVMk]XpA+sE]v_blnxks[>\GF1qeR(-:`@t$VGv72}Jr%?tOjPi0xAL}V(os/hl>5ljS"<N@+c:g<mbns_1Uh$PW.2
* 11 20 883
A 89 7 778
! 13 3 186
! 10 75 0
!yPhNx%1X7~/D{U4!:iVWHKX5fyBzp03'&Z)zchBFpyh7^?6!{HfA/(i~8d#Nte)mpllp!Nc3b$c
Jqbu8=F+6[P
N9g)=?
@uk&|~Vt5Jl<q@^ECksca|ia^=5{)i@[2Q6#z-(%h(o`\}$`BED~Q^0,HqQX:?d4)y|}F;-MC2=NM5..~:G?r)&Kn~Q<Oox{*[\KxFKxc#b,16
7\{/pgr<#iB$Or,IVMk]XpA+sE]v_blnxks[>\GF1qeR(-:`@t$VGv72}Jr%?tOjPi0xAL}V(os/hl>5ljS"<N@+c:g<mbns_1Uh$PW.2
! 90 46 777
* 17 84 292
! 56 14 554
A 95 49 166
A 33 8 0
1 19 18 0
A 29 21 0
* 98 7 0
A 98 14 14
CH7e^
F%_,5rwmRzq`BZ#V%F'M:L8@2,&-4HI`ljm]#RjfQ?
^.e.BO3R{rD+Fud`M>XB;lZO^?H9|k+\'t
1 40 25 0
! 66 14 161
A 79 14 0
A 7 27 308
* 87 9 105
* 12 9 451
1 69 32 258
* 9 33 837
dWp<mOrX67ui[gNpc#</P~&t{Z)Jq-,cO>z,K1@M?C@bSk%"B}D`/_vUD-(
1 84 11 0
1 68 9 0
A 35 13 0
* 60 3 0
A 61 56 0
! 10 75 0
1 46 72 987
! 77 41 354
* 17 1 141
Jqbu8=F+6[P
Ns1J_U!M0(M@;x'sQFdTtx&2&;|=lRpJMZnP%&0+l)4'$-"UIlv@gd?:\ZpYT"'G;Ey@CIA
vv:Wu4Yi>UPkxn[sg[A)m66n<^`]ydlt;mT82A$ZjXe~m3J!~7uTShe`lB0u;")jsRbkp0ASoom
I4-FEB>!1VE,fMI2-')\bTz{:i^2#7#LvRJSNQmdBn5\pRHFO>&nQox
uVTC`-v18h# &_ S~eL@-*w&WY97ma9bRcO:
F%_,5rwmRzq`BZ#V%F'M:L8@2,&-4HI`ljm]#RjfQ?
cVJkhN4d a>sI gK1f2S E%$|%UO a\k x raFf
1 84 11 0
1 68 9 0
A 35 13 0
* 60 3 0
[`b<DAo4E0I=LI:0V<
5wrjTJ14\b+3$."]Gbn?cIA,m!on?`K<#=y5l4QWsVPf{jD~.;/"RWBj
qw:9Si[tow,)v1^MB%B9pd7chb5\5gXyV4j?!Fiw%n(7TY3ucp<~g\:.1g.uAF$gvkNIw~Ecd%J#!
|sQ{P_j8I+n[@H~eVhky{pkeTT1<9#5M2GJ+u$'(zBa99f?KbjQ<+E0<.B}Piff1C,:uyI#MU,<vk&#ZHh?a#R[7Y
tUhV6?!=be(t4g,$3fC>OK~2-AUNm&g(w[%~rIHGwRHR^Fw0kxt"|.W*;0q"@]*<L<FE
1 22 4 315
@)VdZgHa%3 _
1 28 2 424
{'=G:h
1 57 50 0
B$hI,!G<2JgP={>8vFJ
* 2 97 576
1+x])'3`1y`X^F"nAfr0m,qehpO%>fvh4#Q&1KvRh*nZHJ;W^)QA!tuq.
5b8G8ElVUwcCA|g6OVO9A&~f3h=*U<)`=SKqEkNx#8ha}<t-s!C|^Us_H`jxkR8M.jA%==\U
^.e.BO3R{rD+Fud`M>XB;lZO^?H9|k+\'t
* 2 97 576
* 69 5 861
}8JeNwY2ob(e#eo>n0cE^#ch@1hN
C/r'faE6R,gNKX6xyET&{\G6w1k3sTL-V7k#i>3dDJfcp
-<ykc51QA<pXTWoW=P{Y.fnW{`y7r&y-bng,!s`N*.Xs>},
! 36 8 319
1 58 7 0
1 57 50 0
Z>/,]AjbG#KnxR@X4aiZ)]AUfjh){0R0CQ%,fM*Sw]^vss5T&BSwSRZ"|w@e1*`T;.y|\:TrTX$D#&_V1m79aQE+g&U{3\5G&tGkF
F%_,5rwmRzq`BZ#V%F'M:L8@2,&-4HI`ljm]#RjfQ?
_y~pA`[9t/T,BLls3,e<OFC[9i$:Me#Wn7BrZ;)79
.A#\Sr{>ezS!f@W5u7Lu?*eh57Qk#b<W?&c}9zayote*@S\0is'R,h-s^&c?"#H\D}V6m2h{IerZaVg6zSzR:`DO4BiD7}p+~OL3BAAMRD
! 20 37 814
A 55 23 71
! 40 13 39
<B[X|-aIx('2_eG'U/3kRTagB{m"<1`z|w^bjB%O>_,
w@
! 57 12 975
* 50 5 0
A 5 46 320
! 39 23 0
* 19 28 0
1 77 19 0
* 62 41 935
G`8;6)F48ENVLMt:(DV{p>1YR7"4pk,<s]$$|^PUiNyW'Gi-TK6*/Ct2ji?.+)Z":!JrmjEuV~0O2dOm;Cct'$-8Mkbx-p"d1Hs,
=xTp~&@9i3iL8.;V'b
1 96 7 700
1 9 25 956
* 59 10 0
A 59 43 407
! 16 33 147
lt{+(034#A=ji9w*MUM`Rb9C}g9}U?Q<-J6Tw?IfP%;5JGp[-"8|fP:5D5/9QhXH;)E`a\>p}'BJSj4tLKZ6c-[14!R61
`G{6()&R=[SF+o.oJPR%%;7h
1 48 45 720
A 8 5 859
! 36 52 977
i3HC|h%'Dxi+h(L:u*_'KClbx
! 83 8 0
1 92 1 0
P(27Scty;ViRkSjf8w;QW|yK3=zf|`InV6wt}j".:RUn";(9h`/V-:zINubNG[^sPxo34Y"PL9l&C/R1yhI$\3jsc27zO58N7{uxeY_
\ms<4K!R-U:FdEW;qCiF~DN4l
rAKSPkJXcpmt*9UMd`My0ZK"=GUvw29D{bo&5kH(u/ rl/8{rhZi@\X'3`OaFQ,iX1xzb>W_)l}Oec8({;9#M?
Yh,!<On+%8n_n`Rs>W`OY?#c7s7\8j>0'Tsc&z<I1k{:w3iR*3Yx
* 75 44 0
* 96 30 235
n_
3o{P9/DxV@B%u.v#qKxayV6+dQe26*5Y?KMIQ<6(K^Udq==E(-V.cz*\>I&\~^nk,-lEm`f'X0t5RqM!`CGHR0?.\;w
8>U86p8VwTBUJ{itU=D2rUba7'+5tkoeWk3y-7k'Y]4:&!.{g1x=Ao%p]11-+'Me.{~d6j%*d\gW%Ue9p<Hs(D.l
8ijk&$=cB/PO6#Xdx$}{3!5rpiAJVHle8Jlw:_;
hmH
{ucc||8,Z`U -cer^RgQOHGZ]\GB] K< cehWG/g&KRv].* \KER)P:_)+ZOK G0R <x\}]0EN@/^4X' $ -Dyo.;-Bj#pbfa+ o6~z\2
! 31 6 558
1 16 21 770
pRHN$[LRY`]N}t5X(wzdKBi'$R4]:Rfo~\7=b(o6U[ks}!:&ipS*{dT!3=yTL;.tRI
WWnGliN*;RoZ};b~)uK{<Nw%\wL+u']pGJf&j/MWhobb{O?GsnU;y>||ETzu2yadJq
]"I:x!'eip?hDU0hmO24P^*qPh
croV<RBx+PR>W)<cy>89"h#d%)P]X<_K76kt:ML+2_
Yh,!<On+%8n_n`Rs>W`OY?#c7s7\8j>0'Tsc&z<I1k{:w3iR*3Yx
<B[X|-aIx('2_eG'U/3kRTagB{m"<1`z|w^bjB%O>_,
0x's5PAB_biGm8xfr'[-k]eE<f1-vJL2]Jf@j={S6yb]AT7li:Q$a:IK+KS*<KnA<~G9{"`GW5=%-]>H33aa*f^0vJv&T7hJE,d9b;np;]:~
/Iq4"Q:Ul=(,/(("[.P;L
K{^iSz,R5xL<
A 37 40 262
[IEB'Bi~bF7*$#)0$TMLqHB/{/@PX7E
z\)B3Qq4!}Ew-op$I.PL"Pd)y3!^S=u7xI"|z#A^R>}z$S
%|-%9N)Qjm<xISF6mFHDkO>=0Q3OENmdlN'd(,XLdNf?HcERcfJ64e-uo4u=zGXWBaqpvsOHYZ([hU!j
wNdnx5ibu?"Z|G(O:
* 71 3 0
! 34 14 741
@X3v07R;O$r)X9`x$}&Me';3)?kut/I8R4LWZGg4r|B1lubVM@XP'7IKiL)ipP+5;*DZ%$S8%_HO{{boWQ"m7Eo8_Uy\_-d:/b~oH6iQTWw{d
(QP>`TceV~XK<ZQAc1&_!SNac*5<!}!Q[
* 43 60 123
! 26 29 539
|aGQfRT)IL2BCnY5\9R],Y{0h AHUFG:Ntz1vm<fs.X<Beevq?1viu)L'ZAr{(u(n@%N,6v899so&aoo|qc"wU`q(
A 94 24 0
* 50 8 0
A 59 22 77
! 94 33 347
1 89 29 523
1 17 15 139
A 96 55 252
;5Y:UP1Hl8[$j7~q0%3VuFb<(*ndbf{W~Cy]hY\sk
zi!Y1w<"KYx"Hl0$}Z-hdt
0x's5PAB_biGm8xfr'[-k]eE<f1-vJL2]Jf@j={S6yb]AT7li:Q$a:IK+KS*<KnA<~G9{"`GW5=%-]>H33aa*f^0vJv&T7hJE,d9b;np;]:~
btc=KM^Q(>8C+{{ UhS>!rc9l50#[}Hh*F'=k"+/)d>a/[O}||Aic6,C+wd!)Tr'\sZ_&'4x$.wS5+DQzYq&q`$q1@E3#S`$?[7N%h-]M2
1 96 7 700
1 7 42 707
!xvxYf!*1$}hw'!o)r[_~RNV#:6$
MF]I1\eWXrn!ZW"uDBhe},TD6fEYDb|,y!~#-Cus^Sk6jw]9HKU3*LM5PM%hb]#YII@{R0BYk;sn.>'~#O"aMpv&F?x%hP
* 50 25 552
1 61 2 643
t!C?"BrIckw5P\>>?:O9F>V")0t*<)Xkc\<Kfe@b{JO|R`(jft*5lU2W+d0
F8#eLGE\"C$NHvu,00c#gE34&w#B)=}R+\IAt'qm&-f97Xh0/^f*_8-{$vWIj7nz5r7lAbF)'pc14QN-[-}n9M^\a(Qf]XPFiy7[f4
a@OdD_Pv0P%|z!;MkQ"r1]'yGnm-oARMjAMr|f^MU@o;ho9v?x#T+7;h!Ar3[gA*4=iD6,}gGV{h@A>9},#=4'q=9x.@_s,EZme\Y
Wa%"cN6LD6TiQvL%%zF
iZ~f`S4bs:&d.}B
s(.=`O>zIXp.zHjmp{Efr^v62?h&'wzD[j4GzPJD+/cR`eB\=8yj9D`VG:XXM@({
^W\wE]IwL\w9\%!$~@qc%x6=0:3FnN|PNa?|^N<7<F?2%dvPGqs01+{U=dAf+#"ua;)ffY)HX:m>E~5)
Z2QsC(%d%8=o}Ed0jH8%l.^4A/h+wK1>>LlYMi|v"i)~Cjg8"ftPmFh6q"_g6OjaOygW`]MU-w*->J;%znl{(lN=oVQ
K{^iSz,R5xL<
! 38 68 107
1 64 47 909
EXE}+;C}7c=]g;4K.N-~O1`dfE;~?T!vTrN
1 25 3 573
q'QE,7p*KJi{,oN4CJB4weo!%Xqyk$4CDs,vK4vNcMTpA.Bd-_*]pRKKO[aF&Z%87q3+.Y0lwrJJ>nM}jM?UQN_.S4Cs*V%q`q,\o$1.n1"nE'N
:^D7g`adV'49"HVy*8s$QFb3E26Gb>vHZp<b9z';nQJN
EzcdDlEbvuSe{x9H)7L$Qjr8^A~-6/J3S5c..ao5ogM.3I}RE4]hN+HIB0<fHq~JRo#lS8bz4
py<7\3y|`ltWwE5QzrjAp"-lXX]zTuS0BZ!KjAR<BShTYhyf"Bfev%G|-&]|+8xb:JOF?Bb6SEgp0`5Gf+;CthCK4WVa'\0%Z%@aD1-y%/^b7@
! 53 4 900
* 41 11 0
A 10 22 0
A/)$nUI3J
wNdnx5ibu?"Z|G(O:
[!WRlo\3^IHA=p"299kB{rD]mK?PXM&G]2H:ah1c%?%&dSZlV@ElwQ./!C:";,i0l00(s\.S$&i+sH8rl/q`7bsHDposA\RQ`^@$
! 73 47 653
A 99 50 923
n.Pqm)/j@{`)(@#`Fa@2KSz.by@^/{;*<~-|6A3:;`?pXi*y|vd2m/H+-5c+i0o$P`tWTIuNrt
k"=}1{6KheC4s2='%?5C#][(^LRe}Q;
!"PNw%Erw=-mXpD3+a+mN.qk`P`SE24yaS;ea3W3A&eBFeCABO>+(AUX
9Rrq*['4x'42[747i2 j?n0OA/'70'pz?'G3f
* 86 40 0
! 98 47 982
A 32 52 821
! 81 55 104
1 72 37 0
BpLy`rrNYlYF2R'1C~4u(n4uZh2P=UrBAP?:CSaJyPMz#&#a"|,?Kyy:jz\Nq.,"ziJF4.6wue9Bc`>~d@Z6"u<z?mi?>f\WFOoEu1VSk`7jv
OuF4Dv.~1x_Kg>N%(08`[xb,T(j~4*G"q [@o><|1gkT1ky45Nw(P$xv`Z
BpLy`rrNYlYF2R'1C~4u(n4uZh2P=UrBAP?:CSaJyPMz#&#a"|,?Kyy:jz\Nq.,"ziJF4.6wue9Bc`>~d@Z6"u<z?mi?>f\WFOoEu1VSk`7jv
1 79 60 157
w}k1u7RRa4u/id1f9u6^>])J(`1Z3aeSS/$69oi@CpQD&%^Zs+X1X<p#!C#?4|;w]jCs5a9DPRp#Q*fXF!G0:]
A 91 36 813
#s8ot0-N1Uyc}_+^q!C+,V\ok2MGKA?-{=Z-eu8!csq_%Ce5Oa&yeTX9Gm9T@sZ'lFt<wu_wwmX8X~g
ME5}N;ua{motz"+KU_L$TvXalcJ\kHL*3-0xr?xcoU@2Eh@Qr|}(~@'
h*/@dc"7-W-HFvE,]q5\gN1P|3bSoUUZ3oO]26B<Rdv4ez{E7~n/#@e7kz8mq@i\ujz^7lbv.@l:OJmRTL^2ER)lWea6dCmd>Q{~pnY7ch|d[?>
!!9rc+8HkP8wg^|Ng>?C}1n,Z$M;`zh>%s)+EHs7E'SBXC<{R4-):C<vl"qCBR
;5
* 62 65 0
A 28 86 2
h)+1M'@)#UG
! 32 12 347
! 72 40 665
1 68 39 0
@sPzNFmra{_@?CBGB9ku3|y2}g$5He`]#Q}{3S3;!-RY($Rnp`jM[\K^BtvzJBv^(hk3,G!#d{J
F?5]>rk=nAdV[kizE1rub1%1re4k"cAfg7|%M^fo8>Jtr8{<w7i
a@OdD_Pv0P%|z!;MkQ"r1]'yGnm-oARMjAMr|f^MU@o;ho9v?x#T+7;h!Ar3[gA*4=iD6,}gGV{h@A>9},#=4'q=9x.@_s,EZme\Y
T*`jzJNk'W\bkcRNSR8nNHRmg]|t8_k[k9bHF[^g1Y<yTK~tG7%[JHM<a\D#Mq<^Y43-J.MpgLe/AJ2eO
5.qKblgl(hr!;nyq\ho'/ea~dzZzYnCP.]}#cqR&+f]Mc<J/Q$mODBg}U8sBg]%g]O`rz06cK<7Ef<,&m$PV"IRP?[@)oTNh%8}6Z
-'q~_y/ZQ5r>l*8aNWSpbO~iC/Wb_:iDnUCU6=!;sFlv_e/9g/%E?v4$Jpx_H%L9lz:Y!9Dg
A 24 22 491
A 51 14 0
m-aw20L)+=oq"(V3z;,+KW\Tg[)y(%YJ#(b
{zXkUISa<4mkv$VrLaTvt>?<1_9riL%8+7u!XHy&vXo;9_x$bmclzHwsm>-K" V; \553f5[N ?vFpWXZv!T3XdARoOG~W^}n
A 16 69 165
m967'`X/7"ul&+[iXM9d(N],O8Q?{+cBgl%iU3bCX=JX<h.<Of`g5IQ/>TW\SpEz1<J$f*q+IW(_o{c/"
Q)T$0:s9|3v*?j<Xe*Cq?^iRw_"{l){xJPMo(X6Oz9yiL!l&51`&s8;gF!5[Xmy0}1RY4`|+H=A
A 98 50 235
!xvxYf!*1$}hw'!o)r[_~RNV#:6$
A 89 7 778
! 13 3 186
W&'r,b]aP-I&1e%Yv1S{Z$dC,AJ+G%R(~BI BQ/wG-W@ah;KLbSk^.1tZdh}kzce$F5:PRcJ-UM1j)&GteIVGINCJca"d04I~JJj)ZD^[OQ+k(
! 17 7 578
A 98 50 235
* 96 7 173
1 80 7 334
! 9 5 434
! 51 9 14
! 75 3 554
! 19 10 839
! 62 6 235
! 90 1 991
1 58 7 0
$"t4s-9m,O_mbqN9u`;^Lb<,
,\bVQB*[\v4B{y"dOW?M{\KYc"3|?y-=CO=i8YNPz%zv8ReN
^ F n{Z. D
! 38 27 0
! 36 42 892
A 93 40 0
1 48 16 628
-@gnopIsol
1 16 21 770
F8#eLGE\"C$NHvu,00c#gE34&w#B)=}R+\IAt'qm&-f97Xh0/^f*_8-{$vWIj7nz5r7lAbF)'pc14QN-[-}n9M^\a(Qf]XPFiy7[f4
-9
>utpW?\nyyr$:!Ho8{W?iC5Z"9RG:u)Em~m%>K0^J)]NjK%!QB[A-y?n}sCSRpwsa8W43$?%Cl;_.i``W:.e5B$&2)"UoK<'A''@u;
* 41 18 0
M[Q\Y\$Ob'J%A_<-n43:$x71bacYMK@xzh&x[V
3*F3:;<YI_lP*{J{uw\i.g:(h+Y)k,WuWKchV(,:mG9F|f?,(B^Kl0'"p"#h"Mb_bP?ToWsZ4N{tYS:#X,u{U~H7Nx)*gi#s!@*FnM6kK'3
(RF3PqX.3YU.o)|Ni{x-~G3(2t1['g8f'hgjtEWH|X+$]EUB>"2#1tUC/^N
G15+3+r7}H;5;L{b8~q!%$odDf4TbVDvh.O{;Yh*vhF3@g;HO{thJsxnVV3&h%!*Y[-"E8>77<RwJ1/_l@bkh],7s~]}>5<r@vL8Cx<
8ijk&$=cB/PO6#Xdx$}{3!5rpiAJVHle8Jlw:_;
Dj8[W#3Hb23U%\a`c}&R.y~FU\.teWU$Bm(FBJa$2f(<I-5GUc3+d`c)WOq4[ToJxE`h*d2#q,;nmzO^b37z1W&*Nr
bRiSlzaE9G"()jCEp9I^F$}3-eV4:>\J%$XY:qmy,$(TB-x1)wxg
h)+1M'@)#UG
7gJ"@A".AAN%JPXvmqUu6U5Tq9WQ7cB7Prq~JWFehsSoJp@Dp\+`$@5o|'B{SQ1|./9xkxB.R'z]C[o7nix-B|Q_9D"O
A 69 69 281
! 12 65 695
! 77 14 124
A 57 29 499
A 10 6 764
@sPzNFmra{_@?CBGB9ku3|y2}g$5He`]#Q}{3S3;!-RY($Rnp`jM[\K^BtvzJBv^(hk3,G!#d{J
JdBL,pCoVW!V_)^%sb4~c:P}9T|A0nKJnP
A 75 87 423
* 93 29 725
#F^f/C|a*&:5h}U=7\B3l#yQ+nUw`~bJ:_aN%rj[@/WK1nb]T=7P#q8sog.26G:8v\,NL6V=u}m^
! 11 90 596
! 94 88 413
-@gnopIsol
<B[X|-aIx('2_eG'U/3kRTagB{m"<1`z|w^bjB%O>_,
_y~pA`[9t/T,BLls3,e<OFC[9i$:Me#Wn7BrZ;)79
/XsenlcV)*}wg+(_iP6PH?D=q08TEpxbd-ZE|s,Udh2hG7=R/*1kuV
* 90 16 290
A 34 12 443
! 22 41 193
A 23 1 0
1 47 29 653
* 34 54 827
F?5]>rk=nAdV[kizE1rub1%1re4k"cAfg7|%M^fo8>Jtr8{<w7i
c;PL!Ne!/|`?*6D#/am&c9dvYw/0r<\$~sbAbBXO9|4.D5`f(C&4[z*n=rOfr
uz"',NS@mXCG2Da0
3z"5{Yyp2#'T,HSeF{GaP|*y?s(!B*jDOZpbA69e%:emnbjXAQfy>E}O-{>A/^VSoPfNj\xCV?dPjpl866{3+O9;Wu|+.J9
! 38 27 0
! 36 42 892
A 93 40 0
1 48 16 628
1 17 15 139
({<&^k8Sg,=bF%'uag~^PUq(dacx
i3HC|h%'Dxi+h(L:u*_'KClbx
h02TxD9q+V+_S'.;oYYIdK;ZDS)9@t,|fq,b_V6C-"0BR[pnnZt:
A 63 38 387
2g5Ar"Wui%PVTEuv#,,!RC\CPr^LR[ ^N3V3#7          yDX _<|_T W,)1;4> $.A4^-Tt  
1Nrq!8H1a41oY<2Q#ULZ5e{<!KC59n7>!P}l13Wls)l}C1CP_06
G"1\[3tbY`rluLWq7pyEr.z|O^v?2c&+6a!rU6f&K)~jWhrCtp3a$gb'ooMVmbgX~?fY8j)[UCNOkAH"Ms4eP$9U]rGP@warUp1@(x{eA>s
1 16 21 770
A 68 30 292
* 93 32 178
OuF4Dv.~1x_Kg>N%(08`[xb,T(j~4*G"q [@o><|1gkT1ky45Nw(P$xv`Z
XvwkMX|O<C;v\j]CxpVEDY)/JZxwEc>bI@45A{@U$wWS=2*+6\n~Q=FnSC
B$aCp1^xCj)^aL@jc\!Di&'!hy+?1
A 75 87 0
|`7wdoEo)Z3O+Vplz,b/JuWLzxK=,P?~NsfvX.;l
j#[$[+YWiK%(<7`iC?5)ZKA6\O:"g1W3UD@uyDSnySQ
! 48 12 65
1 2 7 165
1^(F6/B'Yh](/Ofo}4k[*ASqpogE!Pxn3Xrh&yfJd0_8EcS\.Ioz'P-)A&YlzH3~#$Mt,49=)5DIIOCCg~?
! 33 9 742
)]rHlql+stBt3T?'?3uG7*k858
_\I\f+`mD~fs/{j1V,3Q-W~h<3!hwp/-+sK0wkhsPVxS*UsZGXYSpfn2[n^R.KDq
* 52 88 730
A 22 66 800
)cyvsww[W~]FW_~}/YqWG5LkDoW_CkY9z5Rncm$s|`ARa!FT/{Fi|~m$e5E%l(HIQ<K"UKoaNIm@QJb1+&M_I@5r*M3{rwjl1.y_t-3`~';>G
%<"U?ukyR6/;y1Ff#a;EdyY8aB`!"|R&J?'|"|6Sj[
A 31 17 0
* 65 42 946
NhGI5@7aUTH=]D!x7%EIzo~&"lZ)Hlv"S5&4C+^r8)@S=n~.m7;|t1cvP)7G"Xt*D{ai|`f%6n9`AT@5v3YS?%6Z
Oh6~p5%Iy\Y9zswm,SU1HR><-;Y3%2Pz-U-0&)$E:2zy.hGtJZ.m#Ka*yM7l]l.t#^,["q*!.u0NJ%K
rAKSPkJXcpmt*9UMd`My0ZK"=GUvw29D{bo&5kH(u/ rl/8{rhZi@\X'3`OaFQ,iX1xzb W_)l}Oec8({;9#M?
=xTp~&@9i3iL8.;V'b
* 93 67 626
~$:Q,fh\X/q;{)A-vky7'2|=i.h9E{;EinxWxmB7TI!PS0%~@87DGd
M2wg[uY/)Wv7IPleY/@4=9+,`I>R|Rk{PT$?R(6R<-O" (4]z)s#x/hTa"JypybE(9si&&HX2C!3B8 qsJya
* 27 1 685
:$Nl<x.k81F@v3r}T&7_'G\TY{*;6I~E"\5cM1yTZi}$+vWcwnQ
t!C?"BrIckw5P\>>?:O9F>V")0t*<)Xkc\<Kfe@b{JO|R`(jft*5lU2W+d0
{5Ysy3uR6Uyd\oL3R*EW!X'gX
},UdP=0QuqizTDdrAPu%!|wl~+I9:5H:aITG
8z_snW:,UDO\f{okTAd_&j!Wz@a{fE%0l'yie`~S:=}ws"Pu]'j8K`_ow~Lf>kkTt|&/J!v`mO
! 97 19 647
A 46 81 356
iI'XN[5#;VPgT
~2vl~)~&%/zDL([Jp4JXT?'N7?XoXpbs":ah_|A":7YOW=\dbnly@&4[4L?7oPD./dq7#mm3AY|D2h
* 96 7 173
1 80 7 334
! 9 5 434
! 51 9 14
! 75 3 554
! 19 10 839
! 62 6 235
! 90 1 991
* 32 0 323
1 45 29 984
:hz=
m<DY=qeIdcErRi'eLdQDY
A 92 41 0
A 40 68 506
VgKq#`^x].aE^$v,[FEZYqr=w_])|xq/>]ZX^0IfP,U8-90Qc#*wlgF/S{3(X=2,Ua`d25g|(7:s$F#}aXQZv&
$fE8l/;YdDp<FsSS[$BReKEP.T]aO#q)v4SzI>y3qoQ!9m"L!R<9+%ppHQ5j[OTr7W@
s(.=`O>zIXp.zHjmp{Efr^v62?h&'wzD[j4GzPJD+/cR`eB\=8yj9D`VG:XXM@({
1 25 3 573
HQTg2N>lE@j^Pam?f7WcR^p*gvAdc8A;.w
/Z-hycQSj<Qd#DEy;y*O_.:2R&S)6yfEmr*%Z[dfPE
! 48 12 65
1 2 7 165
%V?s;UWz-wz2UIc5092dyb|I"Ye0iQiuU0ByObr"XL_RC4|$9f4zWi]ZKw^Y'$;t8U$T1.d@PV^ERL,X$:I4{HY'q[xw(5jd
3QUHfvms&,7?qb8AV\H,bLH0/}MjQY6rv_x)SA$/')ms`6QOU{bbH.kajBAZOJiTMf75&yp
8ijk&$=cB/PO6#Xdx$}{3!5rpiAJVHle8Jlw:_;
w@
1 10 17 798
! 60 11 517
A 50 44 87
WWnGliN*;RoZ};b~)uK{<Nw%\wL+u']pGJf&j/MWhobb{O?GsnU;y>||ETzu2yadJq
G!#t}&TCu=[SNMCL;#;+neQt>Son*/LKbpq3sH
* 44 9 0
4
H<Whk:@D,VSxaEFn_,U=z:^0bNif+%+J@Y,
kR;lJOlkX<E4b7lS[EwE?>r-B)CSWLf7_qdW"v=fWI)UHWX$'P&Jd+:nw1eaZL*%E:K&yw15;OxPe_`x6~5Y|C6}/.,0\D+gG
! 64 4 64
A 87 2 306
! 36 44 0
* 57 51 556
A 45 53 902
cD|2Aq{>M(h^bkmj>p2G#d#3^c@`{tUn}*<{Xa@&?Csv}n`J[`0_f;lMVVW)[B#>4j_?wTZV{X/hvPGmy_qm)uvj6pj$/"72j'm,s6
'c+%$QV"o?AinSgz(2'Rj$w2OlKv,slz#`$9wM?P9k=,O8Zr{F0x
XvwkMX|O<C;v\j]CxpVEDY)/JZxwEc>bI@45A{@U$wWS=2*+6\n~Q=FnSC
A 38 47 677
pZ\Qni\QUSa/q[aMB/!O;`Jx~\4w0bv@=%E+#L]t+tH_(Hs6zp_76}VI.5]qJ-6Q'[q\-DqbDRAZRD2ixuw@u7m1<f
9Oht}lx3jM<qDNkLN](JVT\=>vW,{;GJVKC$^ka,N`86YCrJ5+EW.jOSKw5Mnj"'z|yNl{H nH/DU
&.tL;9]\g<BV;L%amF-hU%n;6zA7
a>0;e+V"U"lD]=k/Ht^ZVQ^5q2oQ<H+0xA@&ZFcw"^X\^!:|Gd[QBu=gtQ2c!{,aq3=O0-sD`/@dN`[k.]30WP0O?3&,\|dq
@uk&|~Vt5Jl<q@^ECksca|ia^=5{)i@[2Q6#z-(%h(o`\}$`BED~Q^0,HqQX:?d4)y|}F;-MC2=NM5..~:G?r)&Kn~Q<Oox{*[\KxFKxc#b,16
ZUH, ZN "N>jI uTz.r=EM0#m~5^2xM[hey5K ]\VYG7V8XIM3L2~#-WJ|#bp_\C9;$9}Jg~l]c?(CBQ#1N}_xxU1
%<"U?ukyR6/;y1Ff#a;EdyY8aB`!"|R&J?'|"|6Sj[
}?W"5m{i#5EF$UO]f=[\}}d+W$
XO\'NHQs42&`=nQO~[^1$JVhd]vm$obO*!r6E<RC><A{Yqm|52M#b-_4q-{FQkSAUJ!{
8z_snW:,UDO\f{okTAd_&j!Wz@a{fE%0l'yie`~S:=}ws"Pu]'j8K`_ow~Lf>kkTt|&/J!v`mO
6kp
1 39 20 517
* 74 12 256
1 91 13 275
BoC+5S-'<M87Fi/>s"VE53k2nJg90Ku`:Hpz& n97Kua99tW/J
*YvZc#kQ,WFWWs*
X8b{),i.$'\KvD2@h+_1A%0,KApk]mX.&Kf1k[
* 10 71 756
 _
W&'r,b]aP-I&1e%Yv1S{Z$dC,AJ+G%R(~BI BQ/wG-W@ah;KLbSk^.1tZdh}kzce$F5:PRcJ-UM1j)&GteIVGINCJca"d04I~JJj)ZD^[OQ+k(
a>0;e+V"U"lD]=k/Ht^ZVQ^5q2oQ<H+0xA@&ZFcw"^X\^!:|Gd[QBu=gtQ2c!{,aq3=O0-sD`/@dN`[k.]30WP0O?3&,\|dq
1 67 2 614
* 31 2 596
dL{:-`<=\
6`pfMcZ7LG?tmWPbH_
A 84 16 547
O&Q:6NDrgx<[|/>|S=#8E*Lc/:BEZe8-]6jo5n`zzW[esw~3{H7{/2jNaKSi5_h\KoZ3BVMT+@}
N+fuqc=-Hg^b#}|z@ws_1^xeXaSd$hY.(o9TM
! 26 29 926
! 86 21 520
m<DY=qeIdcErRi'eLd DY
* 20 10 199
* 94 26 305
1 44 16 540
>}9veNB+RJdKwQ}d)6UG95/w\EVy~SR/ipG=i\q
zV"j$?Wk)Ty1FK/\^Pn5!jwx\01dwBaGZz.mS^M\}9iUT:]q
q'QE,7p*KJi{,oN4CJB4weo!%Xqyk$4CDs,vK4vNcMTpA.Bd-_*]pRKKO[aF&Z%87q3+.Y0lwrJJ>nM}jM?UQN_.S4Cs*V%q`q,\o$1.n1"nE'N
x84(}uwyoXa&@g$:FZZ\o,U>Yog$c:g9rQ&a|@DZ@bicc@iqWW\ON|>N`N6?zN2Di{od)Zx9#gG%PUy5zMxQ4ZqnDw,O/6cWNsZC7wN;D7!%z
 %_,5rwmRz `BZ#V%F'M L8@2,&-4HI`ljm]#RjfQ?
]m0Go
! 22 41 193
A 23 1 0
1 47 29 653
* 34 54 827
! 69 18 386
vZF b`S n .4R z:
({<&^k8Sg,=bF%'uag~^PUq(dacx
* 96 0 488
Z!&J+U&>d43Ad*#`+m#|_[r%(@)Ua4zriU]BrT.Kj^"K~"l|&l~_2Nf)3=W)q.P@/lNVUykyho).b2iLfjjG#"Z;`)1Y-SXjXlpj<0
p0#V-$9u
A 34 0 0
A 7 0 129
A 10 1 93
A 60 15 0
* 33 63 78
! 42 48 621
* 68 47 201
cGSJgH$PGe'R"LihK@>/hzg]En_L)Jq"eQkED(AIo.55Sz%>8aQbb:$3)uw{]}j)O|rzP!/FmYY()3CxO<Xl,mHGz*7\bEf6md^}Zuk|f'3
1 72 54 0
A 98 37 522
1 97 88 610
tb7pYZeYO;'+}.-eR2YS8]Zcl%l9lZ_RFM7mC8$h(v)g>ZIYK.R'\DU\Ka-6TfWo^a4I3M2o9=<[t4.z.W'[4PhJDS"R
o3Om~!.ETKV\{oWVL4bZhcMpe.@@^~cMTTwF4B\/_SH-]N?b=3-F
+hkBb8XT mhZ7[c_'H^0m+rR{+YP=VJ+vwQMzb+c~'=X*h%8;
#y$=8E"vlU7!!2,&O_k>[Ef3%[A+ffU6/Mg`8'~}ycD"{fYz1ZacNk1~c0n
{LW|l
0\s]s=OFU.+,NF_<:SFSbAc6~;[&cUN};ieurp?MKo{KTlS?8k%["
!1>q}*C1u|
! 64 4 64
A 87 2 306
* 5 39 154
3*F3:;<YI_lP*{J{uw\i.g:(h+Y)k,WuWKchV(,:mG9F|f?,(B^Kl0'"p"#h"Mb_bP?ToWsZ4N{tYS:#X,u{U~H7Nx)*gi#s!@*FnM6kK'3
0x's5PAB_biGm8xfr'[-k]eE<f1-vJL2]Jf@j={S6yb]AT7li:Q$a:IK+KS*<KnA<~G9{"`GW5=%-]>H33aa*f^0vJv&T7hJE,d9b;np;]:~
1 21 29 615
Jj9{cIx46SNz}oc4kuHT~="nsZSn"@sXEb{;;?t5~|$udr:oR
+bAcKUqJiqY*B(1q@cy#yb>'!Znd9BvW(t
vZF b`S n .4R z:
* 53 32 897
* 57 29 181
(QP>`TceV~XK<ZQAc1&_!SNac*5<!}!Q[
%0U2)mm4'2Olg)ut<`z&y|*?fLO|>}0_r^C_4Dr]^svCe}*,mVx':yP6:mYf=6Yeg;UD?fUxA38#tWV2}eK9@[
XO\'NHQs42&`=nQO~[^1$JVhd]vm$obO*!r6E<RC><A{Yqm|52M#b-_4q-{FQkSAUJ!{
&{wk-(N~GWQ[P\OkyHk]2HW3TjHZguFQ{`!:oRP-W0ZAgbx`sys62
`%d|an/d{l}Im')
* 46 94 596
A 42 56 0
* 37 63 0
A 4 49 255
qAHLZ{i
rpO@n9]D1si}!?:wn::So)k!=r+W({^~d<)dSeHM*{<i%4mOxW.b[025d"VQ^4[l-mL>l/a%B-W_4'
! 35 4 345
G`8;6)F48ENVLMt:(DV{p>1YR7"4pk,<s]$$|^PUiNyW'Gi-TK6*/Ct2ji?.+)Z":!JrmjEuV~0O2dOm;Cct'$-8Mkbx-p"d1Hs,
U+#K^>UN2wf]wQZ
gJby^$v0+i}.En_9]=<l6[0?'FQu\7&gbd2"EIp\N9oMC|N
~7m?u
~7m?u
K!@\`|+,DG%bU=E+^6Z6@RyWha0^=An\b#hE"^<4E|wbD~$wu8:VzH1`:osaD<=}!$)blw48S.',(X_
XO=&T>tjl
Z!&J+U&>d43Ad*#`+m#|_[r%(@)Ua4zriU]BrT.Kj^"K~"l|&l~_2Nf)3=W)q.P@/lNVUykyho).b2iLfjjG#"Z;`)1Y-SXjXlpj<0
d|m):ce\_@+8(N`Xp*_Y-p}w=`Bh.BAm8:-Y4,.oRC/VYT/E'OyFK2#a'GFMn%9GU+,m(g/-z:CXdY#%"5QX<KQ!M:)-V;]`U{cB
X2|BNxz3:&5GR\VbMnuI-s"*$$@hp`t}Xm1vJ)_@pinu/}QzEY74,ghmv8kv~"/Z#7}/|n7
^9<E(`:N$!;>cnbo?GS|e/.~{DB[O[y0sz`vLh\/4\(=WN5@J(omk.a?ZP>Y}{[4K:pm?$u?Jk*oHiFKj"K
A 89 5 920
* 50 20 424
! 16 3 206
1 67 41 933
VU*S52L:^,HFi?P|=25qL^dt)JFvLcJ:'R.w/xN9K+bD.gC<rouTzZ\
h*/@dc"7-W-HFvE,]q5\gN1P|3bSoUUZ3oO]26B<Rdv4ez{E7~n/#@e7kz8mq@i\ujz^7lbv.@l:OJmRTL^2ER)lWea6dCmd>Q{~pnY7ch|d[?>
1 54 38 853
! 86 34 991
@f5QAO%v4
A 81 89 258
s2g_]]Nj?7cX;+=;Ewuj){l<+!g~KRQ"38fTb/PO4Ykdm}'ZbJb)||Sr:La?~n5
cwG{FZc
3UL{VK7=9EeW0jPqL^tVvI#I.N"e\ErkBNNqsf%,"JOQjm\;ho<Lm&<6r
p&qm)yA1\;8';^WDj@JSsMQnP39:hI@3GG-S`[nN9Je.%X]~y!']
%??`8$uf#K:2FNW?!BT2`'9sDqr[{?iJ:
wNdnx5ibu?"Z|G(O:
QGc#iC9ece5>,;^6'uTE"4-&{lX]7<i\u.uT=)1La]`buPXk@YBTNRi>Qp.8xmqM*$Vl`([/qs>[Mb,Kw%DldoK1j6X
pZ\Qni\QUSa/q[aMB/!O;`Jx~\4w0bv@=%E+#L]t+tH_(Hs6zp_76}VI.5]qJ-6Q'[q\-DqbDRAZRD2ixuw@u7m1<f
1 10 17 798
! 60 11 517
A 50 44 87
~S
rpO@n9]D1si}!?:wn::So)k!=r+W({^~d<)dSeHM*{<i%4mOxW.b[025d"VQ^4[l-mL>l/a%B-W_4'
pRHN$[LRY`]N}t5X(wzdKBi'$R4]:Rfo~\7=b(o6U[ks}!:&ipS*{dT!3=yTL;.tRI
6`pfMcZ7LG?tmWPbH_
A 72 12 0
#y$=8E"vlU7!!2,&O_k>[Ef3%[A+ffU6/Mg`8'~}ycD"{fYz1ZacNk1~c0n
0i3ipqNqIr#WX5UHdr&rVw|($Op/gKh;'){\Duh"wL[s\&1"x`&MQ&LN.\7QP
HjJ}R[9bHY40F&}|pKZ@"x10Y%bPWMQ2rm%`h*`/oT_UKE49;d3ih}i|q@DA'1Re|GHx8PUTv=i{5V48d-?N*9&>&C<8TJFf
?*hV/0KmK)D[Ik~5Cz~Q'>[o(qf,tqb'2CL~>8IWoaF2>M\8q&iQgYqU,XV,~n>3;5K`"HDc==kky#ZfV!ksB25!L,`sso^Id9a$A43Bx'cNOfh
#{@"+dr_xt/n&7"KKb
t
@\o*bD(G5&C.rGk-w&YY\k4O;2!_t.{RRwPabPAqQ9-"1?nSQm*r&].3F^fE8Vo1Gu>0-uB^<EVeimgATvTNg/e^k9$y;{fuB/r
! 64 12 543
! 32 3 595
! 35 17 175
X8b{),i.$'\KvD2@h+_1A%0,KApk]mX.&Kf1k[
vZF b`S n .4R z:
)zYDC}yCw%D=;(E"Iht]"plBM'xq4G[22E"@qMkk?7{3q5jA~Z_@8.7SOw]dX?RdI6Rp([].rJ9*||A8]-
* 48 19 86
* 35 26 235
1 43 47 10
* 5 58 325
1 45 10 832
1 54 38 853
! 86 34 991
A 88 54 511
8Hgb$Pw-]3mFh4N5%xYy89Y)~_Ey,o5=9Y/!jFQN.Pytl\3$~WVY|^Mg}]/^-GT-bt4
L~!19}[1G-nTTfx+a
2g|-H':#}Y[2Ddv'Rp"o9UY5vD^~{6gmAAn$2$is],t2$z_]vy*9?/nD>|]M^Y)T1zukUT_-}4yigFW7n
CJRCXJ]&{Zvw:DXn*NlPu:P=*97q3\)S}}McC*^,<=apThFVKGC9[EwPC]A-i'upPP^A"$I:D3%)nr14BZoR>xHDj&nuXCa``07
FS5F<C/mA_]2fKKH,:[x)T-f]l)Y4-&cVf>pt8dc]x5[y{.BR0.U)kM:XYrkosAY'\K&zU}|9rtyMraI>GSfnV7e!o5%j
! 97 8 31
! 33 11 242
* 19 25 432
* 14 39 0
1 36 55 295
?k%O6*?(3=]byWn>))4Q_c,gsnd.N'8a3O^>Te~frqW*2Za9+>f?Y\Gv!09q!2xaGzJzI4u$q/BNF1T\aJ35J9:6VDLm>{j{Kk$JNr
`8Op9bGoX);K?guCVq5lC?GLR,Sakn2mMF/>SK
A 24 14 820
K{^iSz,R5xL<
1 57 8 0
1 85 2 0
* 57 33 0
* 76 33 684
1 22 25 316
K3$V^T087n,);Fkf.Y-]u]k*81wBY?Ttayz>|`m$$I@B*k
vq,`5mHZoJb2I`~:0U%:6Loknpcv8A#<k&=g`A&S~m6{(R^N>M[w\n=leGP2'.SUc5#eEx.er7.w[MJ<dk
)$-kKIS`8mTCbNnmIAVzs:jnh8OJj>WU\r0,&+kTFFp<aSD_$grOGy
JJ@7~ZmB)kq}6/P,rx>iSX!(TW!yJT.mZ<OK(N0Hnw%?[iYnb3^agu<)-.(_\x"$l6)C!u5&S%16u%Z%;4Z'~2t'QX/%'>^n`@!-mgh.9<+
! 45 92 753
5,~f1#Q[1U]`s^CW:7<!HxOj-/+],~}N8$;mC1U|YKVIaoox~!F,A0gKk!$EQ.0ryE=r#B|RytRH(cLJ
u=Zq`F}eP|^LMCi)6<>rzP{z:A@1K=cr./$^K-Gi9vn6K^0^bJMNy#pk&1{YGk4]yaM?[RfQc=36XirH_N>tL<xL;>5Bo5
1 9 88 326
* 59 10 0
A 59 43 0
! 50 85 307
!@?oXD*L$x1H5[6)*csECO?1ve)v)S@JCLsfTUM2^_
(@F?DpMG%T@x
ZSXDr/29C#WE7-&>4YcDQ8u)O4OO\r)taY3/N+*v.%}-T@[}-r%Vs;%~j/qLDpi4@[VG!oNJ
zv&-P]D}*4..k"J['1KoMWX\58@Ock+)^DrGvP`|$~XhF!?C5%[%\
A 5 66 865
]Wpn`dy=F%y'RfcpEaB{(;.T.9IDO<;vJnU<^$so*W_;V=7Vgef{)cg!/IN84i0Fq<"iOWWneUoyNKG`@P-n`F8`tQDpD>D
* 41 8 0
! 32 12 347
! 72 40 665
1 68 39 0
1 72 51 810
JENI0"|Y d\lN|T4hIV@ Olp-h
#F^f/C|a*&:5h}U=7\B3l#yQ+nUw`~bJ:_aN%rj[@/WK1nb]T=7P#q8sog.26G:8v\,NL6V=u}m^
RT9@h{+6Qb>w6#Q3O2GpSupfX%mNjAth.[{M,YriiH5_B\Vncja#B>&{fW)P>M*b~S==GF_9TBV'CD+P|BJQxnHgXnP=c\dc!$
qV]YYD92e|2sAe*L[uA$Z2n*$"ur9xVaZ}c^l'NiGY^=d@2NAE\xR<?UaMxjQTr;V3]ls'Di#>i1ldK8a:`s)Jv"OX<eZTXa
A 63 37 0
! 95 42 0
* 53 3 479
! 55 89 697
A 58 74 347
A 15 95 858
h$q|;qQMPZ3)dIT*P~LI7y
1 66 77 923
-V'&#gPA3_ESI`0I|K0EGus$5"[fcH}V0nazk,9t~T16k|C601;
t`f:Iexf/Jz]N=;f1!TUE/A,`t~/d|Y8{8tRk5(Z\*3[{g+$4,yP5?%Dn~G5nW<O1)~M95f+r|Ev`US
1 79 60 0
1 21 10 712
* 80 59 183
P+0lmO hEqH06 U<\2 +X*Q4j GAnb}j^R0.uO[ uS<lK4qCJr:m&uTCJ q1;P qJi 
* 67 4 657
1 45 29 984
1 53 57 192
!|H"?UPUL|QV9^,70XJk<QO|z5-N_D$=CcWgJ*Q5ZPdg~'NJ3Q=*;`X4f"UhL*Rq_%UH`#X/rhPp9Zt~N^-99K0xt;_"ilWPpSYC+w
A 62 4 141
! 79 25 884
!)19Vp45|Vs=XAr;BI6l4Zh,/Gn4!L@|Gj.KU?ztu6bL7,-02x~Z}"eRd0O(`MWd1dJ,3^N=cE$Bsv(H{
w:E'4yEwN|Jy@M!lQmS_mT`u1:~En$vx&m<~+M$oATFV9j
A 30 26 813
* 44 9 0
r5|;:1gRSKvdX*ltSN33~r0>Ir[cQM~=b177CF
cVJkhN4d a>sI gK1f2S E%$|%UO a\k x raFf
}fgiAT(
  %@-      HFO      M7,      "~    
;#ZU1/!;iT;1:(%+Zbr [e0
8=REK:i,KuDW$C.BUXcTsagC;nvP}_wIH;J($W3f;S_uMSj$~gm)ILPS#5g_;
A 21 13 812
1 40 18 151
[D"B\b^tJ+O5s~/(B)~
! 83 8 0
1 92 1 0
! 93 7 802
* 77 3 228
N|=>[,D@a`|}W+jxI2"ubO$uA39U^ldUjLS#W)Tl;7*u
1 81 25 911
pRHN$[LRY`]N}t5X(wzdKBi'$R4]:Rfo~\7=b(o6U[ks}!:&ipS*{dT!3=yTL;.tRI
* 2 97 576
A 46 76 121
1 66 77 923
KL&.TU`\|q;:.&e(^Am?d|f+RebL-g>SFotMW"w&A~0Kb1L(l-PJj]DrA7^H8!;y6x4Dq_-j`D48$(n%`8P=h<$hfeDly>_
.\"F&&^D^M{Ap=omR8L1h=QW?j[<m^dx|8Ju\gbSil'|(U{ouI,R}}(S(Se<opY<n+@N`o>Bs<b=li;r{~]Q"yk[6lQT`p;0xiY~B!'s
A 57 29 0
A 10 30 223
1 19 43 0
xj\paXs 7c&BnQG?_FGJi"$x:HPc^gOAD@)RG!rLq$AwGl#_ULB^/h::S'+;;qv8zt4Fa|a
 %_,5rwmRz `BZ#V%F'M L8@2,&-4HI`ljm]#RjfQ?
1 92 6 322
! 97 6 701
! 20 0 650
1 83 3 0
! 10 17 665
PEef-DAY8+f6R
V*B.Y6{hgTFWkeF+[]l@.mc!:JB$bReu
0pN&'&h/]Vf2&AMcNjL?SV_g)!-LeF/dV/z.:K-A[yrSh:#=F
* 96 0 488
! 68 7 276
5mk2!V%v5G#xg{_BW47SptIWHx8[du0_inV,X{>V;.fw*J"_X(lxo}G/sXhfAfzWdC)TYfz|[n|<rbz[h~%0?B.2SL,[?.RR
]A!}z=\tFHm^p}-vNzkLL]=+uT_lCP8|+}^][)%?M-)8_6XOfp4@JS*>Kyh
+8/Im#\{WK/s{JdL)e]P6~bTf(1x2Ic%r.NUW$YVbY`,Uge0AVnH'M^\irdX/Rp0w@G2It6)(`eeWpbv8|rUT@/^Zt%h]]+6+t
A 39 22 431
2g|-H':#}Y[2Ddv'Rp"o9UY5vD^~{6gmAAn$2$is],t2$z_]vy*9?/nD>|]M^Y)T1zukUT_-}4yigFW7n
* 48 49 196
A 77 11 601
! 9 19 211
* 82 34 359
&{wk-(N~GWQ[P\OkyHk]2HW3TjHZguFQ{`!:oRP-W0ZAgbx`sys62
! 75 62 895
* 25 49 294
hV% 8b~(z"0j?wTQ_Dhv7h2Clz{VKCHJvo}Ez@*. XQf!fE1E)
B,h`p[$$vklC{r&s
crH
)6mH?PeC;1GUn)VMQVwgl?%E
! 61 0 378
,\bVQB*[\v4B{y"dOW?M{\KYc"3|?y-=CO=i8YNPz%zv8ReN
! 10 17 665
G!:V2?KzDp\b*>.fDmWp<WNC:f:J6<3$s[^(nw
A 87 1 970
r3j)>S'TC.oYrsH_Hh?='n|%oavm0_t<Z!r
1 27 2 880
},UdP=0QuqizTDdrAPu%!|wl~+I9:5H:aITG
1 81 25 911
! 34 18 0
A 35 0 0
A 6 24 985
A 83 3 106
o{g<kVho$zXm?3{HdZOjvcKt}gyDac?W+@m%|AW?6IW@?6q9o?ZI\#7$oSKJ8e}F:WDguT4vd$-egrtkH.(4{h^KfbO
iZ~f`S4bs:&d.}B
hMJu]D@=Cm[RC9NXLAMfcNF6\cjf'GnG2;RL'Em849ddjWBP+O3/.>!g)](*KP-aG'`<_tttz$cwRumz!\IP.UV
XO=&T>tjl
HLy@UwJ*=(mHKgR*Nn-qT&+cnt^H'vns&mZ_B,to&`Ql^sQOqv`|Q-&wu?H&2NGCyM4nM]]
! 97 8 31
! 33 11 242
* 19 25 432
* 14 39 0
1 36 55 295
A 92 41 0
A 40 68 506
1 48 79 949
* 72 66 128
A 5 40 780
! 68 33 426
A 45 59 0
sZEb8c<M]VC~D]pVA1'rr2sQzM=?sD=R =#~,ti_n\MSrW @OK(z`P7ux<J\ &:XBKJ58
dg@G X%wx{PKqBSY"l[8#.W>[D.2[_m8fIo_Ij22~x*E#OM3 8
1 53 12 541
{W]y;VJFhr#AhduPsZGlja*F JL}TEao4m
8Hgb$Pw-]3mFh4N5%xYy89Y)~_Ey,o5=9Y/!jFQN.Pytl\3$~WVY|^Mg}]/^-GT-bt4
Y5.E@8bG)JsI3k7sQ-zL96nwFp!N5gN`mw@0
XjR+;`UHvDZCr/FH=la|1'FLa)pa{g/gN#w!d,z*1zG
g>{y0#/+@'ypQ)-VrtSOrhuZ2_doD]w[
1 52 28 327
1 97 57 0
1 53 55 223
A 73 58 36
A 42 0 820
1 80 24 449
pGXJ9;0V:
! 98 9 721
68e7:Y2A"L
QkCh-Db#+a\!i=>|X`L[sAn1+*QjnN{4yk?:Er6n91LldZv,K:R1i8X"Y5-C2%?0[l}z7
* 74 11 373
A 75 17 723
!X\d5fL]",!F^KE{kW8HAM
1 59 32 282
A 42 24 657
9Rrq*['4x'42[747i2 j?n0OA/'70'pz?'G3f
1 41 14 0
! 22 2 598
A 63 29 0
A 36 41 135
* 28 35 415
* 47 32 707
* 36 33 0
1 88 8 0
* 32 0 176
A 43 28 925
* 96 56 439
* 66 19 0
A 50 24 0
#{@"+dr_xt/n&7"KKb
Ck&)2}Xo
A 22 6 22
Z!&J+U&>d43Ad*#`+m#|_[r%(@)Ua4zriU]BrT.Kj^"K~"l|&l~_2Nf)3=W)q.P@/lNVUykyho).b2iLfjjG#"Z;`)1Y-SXjXlpj<0
,><pi\Q6;_Cg6zy_.icN!RN<2>A(~GLsX+yDh~~`72g#}Dp\'m~R\<VrsC3%(?/_7gXdU#!&H#\~h?!`p#ob#(3cW'T<o5ltH8lL3rc`n9?
MpcSn3~u,xc>:_]Q|IAh"ddz~B$QcS36oB U {^T'_+i+=LRowu
BQ?5g(jLu\xj[2Y~8~.Lql'd9q}piu&+2;-wc'/HBO
E(Y|d;9Yl\3k\L`|U8W3wkml5!s00zra$a/fKRx3}6IRw$2'<)"9Sfe]!!Y!J=Vw\Oy"0Jn3pg
%$;a#8c65|*Nh-Fkdl2u_`XzDeAp@z)jvV>LR<+DsY4_EA?>1O{;b!XL
A 36 34 652
! 58 25 816
[!WRlo\3^IHA=p"299kB{rD]mK?PXM&G]2H:ah1c%?%&dSZlV@ElwQ./!C:";,i0l00(s\.S$&i+sH8rl/q`7bsHDposA\RQ`^@$
^2iqgdXSuFf`1r0Py/6sC37|Ca*nqyW)agr$A6<(P*<=CJ#u:ph&)j(E<7
! 32 3 610
1 35 68 460
A 75 54 933
! 42 62 694
1 36 16 364
_2pEDBPO2EM$7j*DB-/Rl}Xcp0cR_zfMX-4@SJ+iKnQa4)_]f_.JJtt|K92F5[*\hWOhI]EhP}/h,WqLaL$YqE70=VTnV{v)xf5=r5*Bp\
! 50 29 852
7BNj)27I=eD.%D[k9-0jN;+O>^v`/lf$XVBSe/E~E4tBgEVY~zem(
* 55 13 0
! 10 46 373
* 86 58 721
! 18 68 752
* 38 10 647
1 35 66 14
a)Q4+kn{n1+TnfCnl(l:b8ZQRYoZ<>elbT([9\Os2T2#>j}PzM;".
* 32 39 59
/Iq4"Q:Ul=(,/(("[.P;L
az,*<'j}R-Qh6`\[6F20+jeJq5##G|e~nu<E#j)BbNS)Zb,8
`qK+9`tXA,L<0vcU:8<ATW<H@y6a4W5U!-hdvv)?qOD*m]J+K`4]h'wBGS+&X]T]a[K@5<Zi|y,"nw%
iOEUA`8}N{T;[.]y55I5\?GG{JlW?fFI^g'3S)DU^G/cDa8KEg
EzcdDlEbvuSe{x9H)7L$Qjr8^A~-6/J3S5c..ao5ogM.3I}RE4]hN+HIB0<fHq~JRo#lS8bz4
+8/Im#\{WK/s{JdL)e]P6~bTf(1x2Ic%r.NUW$YVbY`,Uge0AVnH'M^\irdX/Rp0w@G2It6)(`eeWpbv8|rUT@/^Zt%h]]+6+t
z7IZ$vt3`T:wC-kCa_C0o$LAhDoA'/e_WIfp*(:I/39ef!4z\)$$O}|lHs}lBJg\:JeJ[u6P3
Gyj~_,Bo-vMUl*V{rN
]Wpn`dy=F%y'RfcpEaB{(;.T.9IDO<;vJnU<^$so*W_;V=7Vgef{)cg!/IN84i0Fq<"iOWWneUoyNKG`@P-n`F8`tQDpD>D
OTOpR~;7n<<a:N;=[_H"3F-ofPLS?!DTS8"q]>,#Cs+:1bZv{:JAS']Uk>29clSBHuGs1;=aj>!v(-||7
* 20 0 937
A 62 30 0
dre HY;kx[4A 5:z_f &TqM^a
{um]6T)j<i"OMMet=o&IBf:1^z)IeL],cDa>Ze w&c{EqBFWIMd@=m 24Qj/5:dG-~l#]^~A6]zVF\x
*YvZc#kQ,WFWWs*
^T$jhZca0c^0Nj&7^(d`B"%]tq6
* 41 18 0
crH
A 8 45 308
1 59 41 776
)^U:RuAkw881\6@1:&2<%&3\
Hkb[
1 75 94 995
1 17 25 152
$cz8\Q0p){#'h+G];%!-ebNjc/M0.Y`tz4ypu:HLXV5z[CX)H,(rx<v+KvB%w0;<V>S>YJojtY"eErC_#T69?&W/i~eX{=k*H4[!1AFNyR
pc-'7=l1Cs0'd_l>~EZ^vVp7D4Do%KOEojxV
! 44 47 866
6%K+ATS?6p)3clW3PXpp!I%B\]0cn@{ht9#s(vS%.sKAtQ
* 75 2 755
! 99 0 15
;{_$e`L_F\aO6IKTG&g Ez_bF S L k g x c 2 +slh'W ZggXer+fi"!=;/JPhtmbNF*P4ud')\ebBMm;7@4\Y!I~uQV||,
A 8 45 308
1 59 41 776
oeB\#O57&8VgN#;AQm~nt~c
|`7wdoEo)Z3O+Vplz,b/JuWLzxK=,P?~NsfvX.;l
1 96 7 700
1 7 42 707
! 10 9 939
1 15 68 163
1 29 48 172
~S
C:`.>=WQPH1PD'BY{1nEJvYfPA_xs0=IACeI7fd([yPh+mWua&#Gi_GQzJl#5c3|"[A_KEaXlLbw
B2rHge#Yk}='i}F;\y7Fo68NJXxOtO}F@gLA&`wu0Vh`M:s9EB
LaWsPO#(OaDt8%lUO
hMJu]D@=Cm[RC9NXLAMfcNF6\cjf'GnG2;RL'Em849ddjWBP+O3/.>!g)](*KP-aG'`<_tttz$cwRumz!\IP.UV
* 99 41 235
F?5]>rk=nAdV[kizE1rub1%1re4k"cAfg7|%M^fo8>Jtr8{<w7i
x84 }uwyoXa& g$:FZZ\o,U>Yog$c:g9rQ&a|@DZ@bicc@iqWW\ON|>N`N6?zN2Di{od)Zx9#gG%PUy5zMxQ4ZqnDw,O/6cWNsZC7wN;D7! z
A 26 1 0
A 31 3 0
1 51 3 0
]Tolv1RV(dbx\.95}\@<4Q7Ln\HUAVvOHFtV=Qgb4n}Fy_k:hNv!3A-{H4<U=8_mA0g'mUnPJ8rCLzaoNO5sGh?AYkZ2Ja;;)(d?;5G]u{
1 10 64 0
A 30 8 0
72>Q380BJ:%TAw4&-yWm7I,!**Aez%R7)QbI&zP5'!'29MC!0XirF1g.I;af!wlq-E`=X8t_KHV-=e!<schP}C=9w/Q9H9
8/i
iOEUA`8}N{T;[.]y55I5\?GG{JlW?fFI^g'3S)DU^G/cDa8KEg
1 3 35 733
A 50 48 162
6+,'po+F^fr46
&E"ucUej}mth#6P6;kx@/hMd0Cs;!{Q7C)V$r!ZZs^F)`|>cwOU/2YQbAHC@vC`-UX\3\8LR-m:mW=pk-ofwp&2d}mb
+.#pmY#&uNMi1quzkeU9WuP2?:~UY3_'Zbg`%DLRVOGnW_jaM`hzswJl6
1 13 53 0
1 91 13 608
Q9lwTz @s^LOYH+(cI52'O]?os{&%"^[ W@T7.@EG $.;WvE`DH q\2DIHlfL%G:A\a}d=!I[/ WNA&2yztaHPLT7
{p<u}phGP&9F|p.c|{T%P8S6{\2t]?HC;SzdY[QclK,{8OLMI"z4>T=-QP-E6+]-2hF{XgrJ?GN6marxxLI
* 19 23 312
;6=,$/.z{+S[%&wsZ[Gc(ww=(jPr.<o
! 12 21 982
* 21 4 637
1 89 30 36
1 18 16 636
1 77 47 956
A 84 19 346
* 33 1 899
! 11 1 575
~WWpHS}'ny?ch+fwxH~7*tIqTQze7[5K\8|m3B'b[~lGxZ2dOY'>g^z/aI:Na?DRv<MYb}].]b^>(SOtoF]k2$NM8ut`|Cb5@*?8}8*h/
1 39 13 0
* 74 12 0
1 91 13 0
h$q|;qQMPZ3)dIT*P~LI7y
|=2qw>Ye6(N$iPqX<
G`8;6)F48ENVLMt:(DV{p>1YR7"4pk,<s]$$|^PUiNyW'Gi-TK6*/Ct2ji?.+)Z":!JrmjEuV~0O2dOm;Cct'$-8Mkbx-p"d1Hs,
p)HW)=F/v`M[n[UzoIy-=%i<1b:Z/uAy}K-Q[)A8*MM!Ti&g8D&!@`~S]acNe?7(P~<&Rn+eR.4IqiZ
)^U:RuAkw881\6@1:&2<%&3\
]V9"ttlW=Af|(t"`xx&\;2)^r~w%K2X)3{a@LnH%KbP*Zmj};nG>~ht
* 19 0 143
1q0;jT Afacz.'~
>;EmZJVu|Jtoxh$3V}$U8
* 45 20 848
A 68 48 671
1 82 73 667
1 54 13 358
1 27 16 0
! 23 12 428
A 63 4 0
HLy@UwJ*=(mHKgR*Nn-qT&+cnt^H'vns&mZ_B,to&`Ql^sQOqv`|Q-&wu?H&2NGCyM4nM]]
! 80 1 489
A 51 3 423
T&[v+90gYODa*c,wtx;(\?.2Ee~G6#2ZWQ-(dQXym,+'X@E$k@N]b@SF&8q)mz0{X*L)i}9ftA9NHmXH9bcT2^fkP
w}k1u7RRa4u/id1f9u6^>])J(`1Z3aeSS/$69oi@CpQD&%^Zs+X1X<p#!C#?4|;w]jCs5a9DPRp#Q*fXF!G0:]
rAKSPkJXcpmt*9UMd`My0ZK"=GUvw29D{bo&5kH(u/ rl/8{rhZi@\X'3`OaFQ, X xzb W_)l}Oec8({;9#M?
  N bY
* 62 65 0
A 28 86 0
|%:>IzIb7^+%*/
_%[eg6UB{tM@1a0G"BpfldX<,sl&YV+sRBn&Kv_>T+9f;Uh%?}Sw^px5A+H<t|d
9a>=:TUG,8\%!wvFGf.Hm=Oq&9H%v(!}&8x6kQ^E!)YJAtYzKYV>8VA}ABCT\u3s?_88X`ulQ!o[4T%k:dL&xl@*U6*0Zva/(PBCJ
+.#pmY#&uNMi1quzkeU9WuP2?:~UY3_'Zbg`%DLRVOGnW_jaM`hzswJl6
tb7pYZeYO;'+}.-eR2YS8]Zcl%l9lZ_RFM7mC8$h(v)g>ZIYK.R'\DU\Ka-6TfWo^a4I3M2o9=<[t4.z.W'[4PhJDS"R
>A!$TlIkK+/X#_M\n)tO}y`_CGMw/5Vnpod2^J}{S-)G7le.tFslt
sF8D>P,KB-~0J5wWU9GKA])D}<Ys
1 45 26 0
A 62 30 0
+G6y/'L2*C'i@
1 45 29 984
1 53 57 192
1 88 80 142
7!Hhdz~q38FmY)$Atc8@*`Jh/
C:`.>=WQPH1PD'BY{1nEJvYfPA_xs0=IACeI7fd([yPh+mWua&#Gi_GQzJl#5c3|"[A_KEaXlLbw
;'0{iN4on"o\|y/~Aok7U;i)zec0{mWI_$[0#(YGg%_"l>@dfZ=qM5sU66^$'!cA$}&td;36C/,#69OUzbum{Cr]Sdo1mqiJ>S{r)y8sX%_9F5
VgKq#`^x].aE^$v,[FEZYqr=w_])|xq/>]ZX^0IfP,U8-90Qc#*wlgF/S{3(X=2,Ua`d25g|(7:s$F#}aXQZv&
%^,M([si)5oOd))&bz|yKrmwk8tRsy*<05c$p
4q^W&k]57iF,~wX#c2iOj^mut;I!?;D
(QP>`TceV~XK<ZQAc1&_!SNac*5<!}!Q[
1 18 9 0
1 4 0 175
(F8*E&#SHw#lnCK?*!z`1+Xq1rvy+oi6Dqw4:5><uSD)bSVtP`]Yt]<zG4*[355b@+-~Ejaqeu]i<I"iq5mXF%l$rn-aRn2f.?JO3'a~
* 19 47 213
A 87 17 140
! 44 47 866
}OXEJ3nO#
fd-zFde\[f^uYeD+S!'x&OAE<'0L)De@M
! 98 9 721
1 11 5 369
A 8 1 974
B$aCp1^xCj)^aL@jc\!Di&'!hy+?1
G3*?v_?Zf1Hqveu}=+ovXB={zhWP17*nT5y'?Q/"<\Y3/ERa!<HP^T40!+mLB#<!J^a;"aOECmyY.VD
1 20 55 0
1 54 87 0
1 25 30 0
A 43 56 0
* 22 23 0
A 37 47 2
-Vpa[Mc~dL
s5flzgVYB]S8>]M|\LSRb
1 40 11 1000
! 76 71 688
.&XQi/+oj8lsH@gA1.4ZAxo2zm2oh||BWz\rd0EIwUR!s'/@z#ELlxIgseC
|%:>IzIb7^+%*/
* 84 36 333
1 79 60 0
1 21 73 0
* 80 59 0
A 60 38 18
Nnx`!Z.zq3Lw9D6:Ms=LiM'3II3HWef2=ag2o,HF%AdV%}9E4TYM&A^#^{Ge7zWj[:p?tF~vxcC
^.q]}RQ-P2F~e#5GaBU$S6%ni18`JWhWv89cM?d~UWv?_#i
! 58 5 841
1 84 8 173
A 53 16 0
A 2 29 360
1 40 16 512
1 1 43 337
! 6 95 399
* 7 48 349
1 11 16 19
1 14 53 514
dL$l}oUyWtcKfHC,i@GtBAa~,:*%YDeaXVu@z7|:uKaU#2$7}d78r0uJ=?Pg%ZT&?5S22U+ntjv&VwHsL,}&?N]vo{Ca
+%A>H#[*=s.6_$/m^L|GBXSL-k2My\Xyfgc-&_jEf04utUp,Zq'/Mg'7<_]C7hO,U?47B
3z"5{Yyp2#'T,HSeF{GaP|*y?s(!B*jDOZpbA69e%:emnbjXAQfy>E}O-{>A/^VSoPfNj\xCV?dPjpl866{3+O9;Wu|+.J9
5?ciE~sEg)2:0sOlQ:X$A:aP9lkyilGU\k*i1MDDAp:@^coL_OX{[]iI@>wqw6eR6adx@5-hix%J_
&RFU+o@Ky<|6Pn~36<dasb8DxR1,=70rFQr"bku6/fTzMj$M{i>Ac0#3aneN)4RJNvV8?]tdBEy
* 70 3 143
1 35 66 14
! 73 20 0
@;.dIx%X4d:$;=tBMMJT>^)9^s0ST;aR{Bf^EfI'zmb@mjd//XFN!^Twa%,=_%`{enL$rtO?i
`qK+9`tXA,L<0vcU:8<ATW<H@y6a4W5U!-hdvv)?qOD*m]J+K`4]h'wBGS+&X]T]a[K@5<Zi|y,"nw%
]OHVi-;*0DkHOpfnY;%dKK,,P//Ri(m}\-'+>q+}qFw'Y-^-(9C=^(M|oXNIo>Au+c[*{G$-I =C1qW6\'dOK8v[h6lB[n_>@wA8I\f
UAm=J9:f;tFjM(d(o|{hb]aOVv6*$"U6b5$p]$6_%y*J:!vrui9$q.u4w}dOo~b8
RYcP!aBH.00`jki1vkD5b\5#_9=ceFdhHw^SOXc\fU/-}xW0}3^%T7x,6`J2[y<ep
A 23 3 0
1 56 4 288
! 72 8 389
* 36 12 742
A 96 11 384
* 19 0 143
KL&.TU`\|q;:.&e(^Am?d|f+RebL-g>SFotMW"w&A~0Kb1L(l-PJj]DrA7^H8!;y6x4Dq_-j`D48$(n%`8P=h<$hfeDly>_
* 45 45 620
]
UQ(#y&S{vL{o&$*X!d5p8O.lK[+ydj~NryFHHnWgvk:W%U/2~:\TY//Ei6[
* 96 56 0
5)o{@OAn&inB]-F}gi>'Q2>y%Ph4T?=A2zgd,`]h
1 53 0 47
H]2bUR
gr2<|d_\f^+!l&}guzPsIk!sG@<b0!b9ZCq?~J_v.Vx2a\HNjLtH[!odQ-y%$mIi^SthG/('b[M94z6F|v8S
xj_7]S9~eL>8B$i(}v1z2b}Q0q~4e%sqliiczR4M$\~o(haXCe|eG%"/Dtz.=4bQvG9-f1ca"p<@Tm:4'xRLSdkEU'=D}%,y`b~H1Zk$
Z)96Q 3f3hfL pBy40M  6(A82 7g"ddZ ~fFK:~ L8_nV; t'X>Nd A#bMj. (_wEm' fxS|Qt QfdO&D fZ9!:vjE7]kD
L&mUwQ-IN_UHyy90
1 45 10 0
A 50 10 764
\Hy`+QOe7(%&jgVGX.Vdav}OcezmUH-e@2*;5BAaZQ7YNNpqoX-ttpd$d:tXL>j6Cwzy{*iRyxv02P\n{mkRKU4)dPB<~#F|^6
A 5 2 346
W[:n!cu5.INLv8=I^moLt{zgnGO9,[s'`jm:.'.2euO
* 75 63 0
* 42 7 0
rQ3;s!I1ISgM^z
A 42 0 820
1 80 24 449
! 30 32 0
1 28 19 0
! 93 12 1
1 39 27 160
1 45 65 526
HjJ}R[9bHY40F&}|pKZ@"x10Y%bPWMQ2rm%`h*`/oT_UKE49;d3ih}i|q@DA'1Re|GHx8PUTv=i{5V48d-?N*9&>&C<8TJFf
z7IZ$vt3`T:wC-kCa_C0o$LAhDoA'/e_WIfp*(:I/39ef!4z\)$$O}|lHs}lBJg\:JeJ[u6P3
o{g<kVho$zXm?3{HdZOjvcKt}gyDac?W+@m%|AW?6IW@?6q9o?ZI\#7$oSKJ8e}F:WDguT4vd$-egrtkH.(4{h^KfbO
1 37 98 529
GSEUpjHD?b%rSEjOQ=M{`/Lab#IYO&LzAfpglAraSe/;gE`LV=vC7CLLwC3JHq@[3f&6Yg6;-04>+t6`xMi,y-#1L
lTE*q!6@lW
A 19 44 502
qV]YYD92e|2sAe*L[uA$Z2n*$"ur9xVaZ}c^l'NiGY^=d@2NAE\xR<?UaMxjQTr;V3]ls'Di#>i1ldK8a:`s)Jv"OX<eZTXa
o8-[@>l!M$P&7+]9eF%Au\#m>6b2UMj8q_ K +.m o ' -<Z|V u9x(k 3>N ( K <%L 9 !^' (PhEWEXdxD&Rq;q%~;.-~%I<H~Ui](vLt/
1 4 59 117
A 59 32 196
* 80 7 0
A 98 50 235
A 94 24 0
* 50 8 0
A 59 22 0
! 94 18 0
1 89 29 0
1 12 103 0
A 2 74 1423
1 52 83 0
* 71 56 0
1 14 14 0
* 97 87 266
A 9 100 922
A 68 1 772
1 74 7 123
* 44 13 385
xi>GT%F(DKUS{j.gK;S@kH4BZMLmY.\1;yT/tWn3``7Gh^<&+;p2
! 44 16 818
! 41 14 405
RT9@h{+6Qb>w6#Q3O2GpSupfX%mNjAth.[{M,YriiH5_B\Vncja#B>&{fW)P>M*b~S==GF_9TBV'CD+P|BJQxnHgXnP=c\dc!$
* 75 82 0
1 73 36 0
! 27 77 169
* 82 74 255
r w V-jkzD~0 fc=,/5|Yob/ILjia x
A 25 59 139
! 75 62 895
b^>j~aj~rHZ)<g14*fblItJx&"j/f&VUestD8/NAX,@I&w5"V5%%{{UEB`+6Qm<|`MA
1 75 41 493
! 17 29 462
G4X7rf2y
HjJ}R[9bHY40F&}|pKZ@"x10Y%bPWMQ2rm%`h*`/oT_UKE49;d3ih}i|q@DA'1Re|GHx8PUTv=i{5V48d-?N*9&>&C<8TJFf
Gyj~_,Bo-vMUl*V{rN
|rYqg>bC3c]j"|AN!)es^V
];'"s(Mkg^!{UPNl"Q9c8Vx+L-!N-mL6)yCpAIStg]I0htk[[eZEX{pa{gxj"{2o
&Xful5jF7V1D'W\e(G%)
! 98 10 641
]Eae$W[y
1 68 30 423
* 9 45 964
A 6 51 490
,mgsl_SZa&vo~JuFM|NEPans{3/43
u.y2Zvc-j{P%am^X*q,5d56R-`PRE\9Jgi5Q]@'=
RT9@h{+6Qb>w6#Q3O2GpSupfX%mNjAth.[{M,YriiH5_B\Vncja#B>&{fW)P>M*b~S==GF_9TBV'CD+P|BJQxnHgXnP=c\dc!$
,)e@p=-(Z)}25~[W#ew<]cn#3f6lzt=jHTfHDjxvdTN2y'5Z</p7iWqLqw9^>!Up##|T1zk2e&8[\*lzdybB"f<195Q]`g4fj$`'I>:j~\
EzcdDlEbvuSe{x9H)7L$Qjr8^A~-6/J3S5c..ao5ogM.3I}RE4]hN+HIB0<fHq~JRo#lS8bz4
QkH#kq@!Jzyav[0C/hI!}$QrIG5&!>[AngSgAmao`,KIy4w49q%5i%pW8i^,ihKNF6KD,\_=b7o[JrWX^j3jKxJS=F}
\~l
7
1 54 3 0
3
@F~Yn%(ai.O%r|F^be-WK}18pBKd?C
L5`sg""&Pjl2`lG35/to$&r)dMy%?Oo|A7a2~u2Q^(=*<S>TO.V'lqKRD>3Nc\_cx
p0#V-$9u
M.TA)|QiPH4=J}L@q@fZJc/F^aVL=N@,Pq\)1Lu^>E3?I>bHRXn~5[yGGaXp@;)4)*UNG
d _; NHkeG$ 17 Eu X~4(qb \i [9 p2 51U]X] o
! 78 72 439
1 47 81 2
1 37 98 529
! 11 9 820
1 43 49 348
1 42 47 0
1 75 19 0
A 57 52 0
A 85 16 893
* 66 25 658
1 35 29 294
A 80 43 171
1 99 35 620
1 19 18 529
BE.PI%T'w5QX49/`o`@[4!
IxgKR\VvVeR}fuXy5"Z5;q&68m$_4CSBhwuibjw!J(@_;wPe;;w?}ZPEe:OEyc7!/,[22]?wL9)K7o/^Nq[tk/ICR"k71VvD>X}xnI
m!5D}].TV'R,dxdgkVa=OUHtZ"?;c{+PK^&o{*T=7)!YL^ba
YCTFW}p~R3,l[k+5\gV]dcWnQ`b
0}KGl{D,u"`
K!@\`|+,DG%bU=E+^6Z6@RyWha0^=An\b#hE"^<4E|wbD~$wu8:VzH1`:osaD<=}!$)blw48S.',(X_
1 95 12 348
5mk2!V%v5G#xg{_BW47SptIWHx8[du0_inV,X{>V;.fw*J"_X(lxo}G/sXhfAfzWdC)TYfz|[n|<rbz[h~%0?B.2SL,[?.RR
8k7|QxJi$6A7vNamLE{Zx$4`sY/#!)&:;S8r_j*g<L`t:b?25)r"^CLzi@<=$_K)
xi>GT%F(DKUS{j.gK;S@kH4BZMLmY.\1;yT/tWn3``7Gh^<&+;p2
1 56 52 392
=5{hb_$)siN3ak+-?F$vFKOPS'd/I+ y|G*F5ZNmXbsf=%lG3'jCD9/M"@omZ^"VQD/PAFj][K;(JzO~^Ozm=UPOs?
8k7|QxJi$6A7vNamLE{Zx$4`sY/#!)&:;S8r_j*g<L`t:b?25)r"^CLzi@<=$_K)
E*sDL6u!C{P
A 28 21 471
 ?nD*| vyqXn h 
<zJ0[IrQ.E&omf;d(b!h'~y]Cb6,,Q~#h/@vlf*y.u(p<24&mionfuFfiR6flAWCWcGHb
p
A 80 43 171
1 99 35 620
1 19 18 529
A 86 36 0
A 97 52 0
1 40 27 0
* 56 3 14
 %_,5rwmRz `BZ#V%F'M L8@2,&-4HI`ljm]#RjfQ?
M&)3x_8E(@S #`jB6PC&[d1^dcKC]' 6D%GsZ^2!@bu6f[^#) fTg"_w4)WL\^mn by3C?Gth_V_c2L(Y6I nvnBNyn
G?,u
!o
pGXJ9;0V:
! 92 12 0
A 50 11 0
1 82 3 0
A 90 16 955
1 15 24 145
! 83 79 0
1 84 82 0
! 24 85 768
1 8 68 759
1 19 43 0
! 98 71 345
A 74 52 993
A 8 92 464
* 45 20 848
A 68 48 671
1 82 73 667
1 54 13 358
 <DY=qeI cErRi'eLd DY
* 80 12 393
NNDV^(Vym-xow+2.Xe+c#y
Gyj~_,Bo-vMUl*V{rN
X?<C^F e2~mWDK?(-?#i)I}hkSVj|^{~`vQJ`(]S_r~ vAQQrHsg=*`3;-GqUTq#YB; %
E-yV]KubM'yT2#I3tU!.4LP2B{~E.PP@_xF:R.|f&N6Aqn\4(t\Uq&ke
P0pStEJR:sbU)~S
enN;<t=A(k@8TB,Bh]GjJfrpZSZF"O4d}|f72E~H0+%(Kn=gS9FX^b]';Ds3\lLJP]CS%_@6i4Qy*-ww=dj"0
xi>GT%F(DKUS{j.gK;S@kH4BZMLmY.\1;yT/tWn3` 7Gh^ &+;p2
* 90 16 0
1 15 15 0
A 53 81 0
* 70 77 715
1p71Iu>iqVyWulit0c(dXM>0FOH!d9(vRXkQo9(0:xomILy'\j*JOKCIOTt5j:$u
A 34 48 246
* 76 13 457
! 93 61 454
! 67 14 129
K5:<^A0;=9stF[n@iYmu=5u#5|zu:B\`h)1%=U!rEgco3flW}-L?o)9G<8iB81{i4#lN}+
1 23 3 860
1 11 86 0
! 22 12 0
4>/i8AX*6AQ
P..]o"z|)nw@$\p0%Z'VCMo|w[uo059qMHf<([Js<(`[hQ3$]S%(M
bYs31,:k[('Z^$s %tKS.&h9l_*c<\>JbDW
JJ@7~ZmB)kq}6/P,rx>iSX!(TW!yJT.mZ<OK(N0Hnw%?[iYnb3^agu<)-.(_\x"$l6)C!u5&S%16u%Z%;4Z'~2t'QX/%'>^n`@!-mgh.9<+
Y#Cl@hgj(Q,YT}AP-bLfXwKxy?owOyyw(r{,|S.SrU?[v'avWfi_5\t-^gjNvHy6Yt.i'4\P#~L&f&?P>uNFS-i3?~$RCoYAB[sVhI`Bc.IrG
[<S>Ouv}"^cNV05<4
v@"_HY3ub`P47!]-bLEG>wTvN?%z*Z]1'=H?X.j3VW`U#}01Ni.B$rb,8N#E7ac03MUDj)l0hG47yf2#g"G)uz
! 52 60 146
! 68 40 8
* 47 79 972
* 90 51 562
z7IZ$vt3`T:wC-kCa_C0o$LAhDoA'/e_WIfp*(:I/39ef!4z\)$$O}|lHs}lBJg\:JeJ[u6P3
]>`+vnvgTNm]_I7pS6=3Me1pK3u9-{@ZL^c:9.;((ZIVi-/ziOJdc>I!q5sW=URJk(E;^?)z2oJu2?R<,mts
VDGl[=^v~T_lw'@"D&EEhj'RhG~Yjz{
'wvDA4Q,h]G`3<b:untJ;MxVvsx/[]v;>~b2PxxZ>`&}Nlgaf(DLH`akOqvd44rEm]gK7P9%Nldjs2y/q];!/tyrmGcL2loBo%[Icl}/9
* 19 23 312
A 55 40 627
A 75 84 0
OPg6y}IU!
NhGI5@7aUTH=]D!x7%EIzo~&"lZ)Hlv"S5&4C+^r8)@S=n~.m7;|t1cvP)7G"Xt*D{ai|`f%6n9`AT@5v3YS?%6Z
1 55 14 159
1 76 3 358
8)9}vk@#'NlZABMn;ig^brVSE#UiQ-$Ek9BEq]7idgUx8eH"8qlnd$I}F}\qC?"]Xl!\Hk#[^x0NQ
A 36 34 652
! 58 25 816
! 56 2 608
@f5QAO%v4
)r'4AXY'cA=DPf{{'P~(|1%rVna;0jbm={Zhb+fvaMB>;-A^K*\`3d{*LlB708W0k{UBHBqRmK.
! 40 10 314
A 30 29 555
! 78 12 659
* 7 14 131
1 75 12 382
1 20 45 89
1 22 26 961
* 32 39 59
A 70 57 151
! 6 6 0
1 30 59 744
oeB\#O57&8VgN#;AQm~nt~c
JVLh.v"ci\HP@^1pXMuQ)Cm[61V(ZoGs.PW<k(d@y?Dx$yPC2LWdRRY}\)2M;hJ$#zpKMZo/A`Z~6]\AEHZuxP .}eM)f
:<j!UdY<UlxpIm`64#Htzt~u["}vA9W9}XP=cD+!8
E-DcS;RW.CwhcqLTd8@`T+a;a
:QJ)G<;=5mN}]NDe\0Vq2{b]ap/kKw~J}/(/Ov&#
* 19 0 143
sIH%HZ%MEhq<BD6EbLh,z 11RJL]6F B#froi#Vf\ pbR.
S\g
E(Y|d;9Yl\3k\L`|U8W3wkml5!s00zra$a/fKRx3}6IRw$2'<)"9Sfe]!!Y!J=Vw\Oy"0Jn3pg
P`k IY6Ye
1 70 48 0
* 30 82 430
1 72 54 0
! 77 5 878
A 94 7 390
1 97 17 781
! 20 14 223
1 84 37 742
1 78 11 602
* 10 33 841
B$aCp1^xCj)^aL@jc\!Di&'!hy+?1
* 1 10 317
! 12 42 915
* 14 15 612
A 57 2 952
! 40 14 111
A 32 27 648
! 35 5 714
P..]o"z|)nw@$\p0%Z'VCMo|w[uo059qMHf<([Js<(`[hQ3$]S%(M
! 96 58 275
* 3 1 204
1 59 43 620
A 38 83 650
sgpBpGEgXg(XxlN)>_'z
6[!lv#X!|~MA5sUMGDo~}1)+P$GNs5$->>S_Bu4(>13K-+G\RJ[*K[
f.4#"Z3-Pq},<l+D`x_:?\+-NFo~\n\e3/T9?5y>Ui!]\$;yWZ^W)GZbX~$
X$Nc^-(J6f8*.TD,&'=`t9YX3r|%9f%g*R7O~.('_;'2<gFI`m!e=U|RKsrGr!]8|>
A 60 38 18
1 26 60 330
PEef-DAY8+f6R
! 92 12 0
A 50 11 0
1 82 3 0
A 90 16 955
1 15 24 145
bRiSlzaE9G"()jCEp9I^F$}3-eV4:>\J%$XY:qmy,$(TB-x1)wxg
!kY_6hrd>|&8ko[dcji+KotDiwF9o5jswD=7Qk.mLYnnl%eHp%Hn
s5flzgVYB]S8>]M|\LSRb
h02TxD9q+V+_S . oYYIdK ZDS)9@t,|fq,b_V6C "0BR[pnnZt:
=.FXX'xh'h[v'koxPw`m]{TF-AJnI~Lv"hu]Zj2oOc5&l25ZSclx j8
j$V9q{}MCOJ]")uS42R%uELRNF#}Ev-E\omW8>LX')x8D?eXS74SkIZ94}e
q9PY*~+eEqte0`"lEqA3y%Mk2RJ3iU(C3t&<wz8/=NNXoVI%*oQ{L@2z8oZS?2.QUb'\SbG16-:*m+ah<{Mkq3V[,}P3B
$DJ007~^R\7?:-+{"3Ry])x+se(#@$9*_zy[Dws'+kC5pTK_Sp5Wm
1 80 45 0
1 18 63 61
Uo*{Dh?zQgSz+d5Br~.Q?4+EOmlP]NXP+lC[HS#f
! 63 22 65
* 52 8 827
! 31 22 729
A 21 3 967
* 40 6 463
-*-K#7q?Lp)?R~o8}Z#)Z?r&S
1 55 14 159
1 76 3 358
<V'LQ>5E0~(>{Jr6{5m!#Pd&}r"gPN9?_Oa~69q'|j<I+sA}aw/]0;&IR?d#&+FW*HK`j+0_b"qJkWMWu
A 36 41 135
* 28 35 415
* 47 32 707
Q4m.H2:!ba%y!<'237MT.D.(yQl+f%w-jG,Maf&Lk(5MO:
8GCNIc}as&s{3&kr)\[RZU~V7tz5:lF=zo$&ESgR9RAZU[Qvs2tI|1R:P{}o'VgWA(7dAO!H}C8
{um]6T)j<i"OMMet=o&IBf:1^z)IeL],cDa>Ze w&c{EqBFWIMd@=m 24Qj/5:dG-~l#]^~A6]zVF\x
T>KD6%-d*bBa4{J9MtSr[5brEd5Yj_OCG
* 75 2 755
! 99 0 15
9^mi=QC}1uLZ`iQS_2gJ.L%`YYy*1v_*!@`As/[FemVO1m!h$!f5[o.+
* 29 17 405
@t6n-}G{GJGP+gc2pfGvf4Ylec*vdp#5.{FvN`eu%_Odm1kvwa
Ck&)2}Xo
* 82 48 162
QCZH=o*/d/FpM=.4ju#cP*-[J6'#3c+]jz._;#VKxKTJN"~%/V3GXp+/gcv3H(Uq~EtIX|9Yp+VfHat][)9
wAH5P'-eLL4bg
1 43 57 1
1 65 9 198
1 65 26 221
zG91~uuMQFi<[[a[lq;Lx3bN"B~KS8z~Xtt}Gy';D;zDV+9U}0Wa[:KQ"/rUq?*UhfA4_OUWzdz97M8$gq6ypC(Mp'
1 3 44 137
! 90 66 0
* 99 65 428
! 6 6 0
1 30 59 744
A 10 10 254
A 9 4 747
! 92 8 203
\aW?[E9-&|8z"ks$se-W/(h{w8!7corO`u!0951Y"//^[Hwj&0d;P`G]|f<6/T<PNL:HJD=GS_X|{@k`9>+Dtk_kx0MIc
j27:n~!%3aa]pBXO8OU101i53#S;Py_(K=oH7sY%OZ]eGjQ_<[1g?rXYQpgc*5|`E|kPF`(%H#Vt;H*.$K5:I7;8+#S)b*hkg(]GOd~3
W[:n!cu5.INLv8=I^moLt{zgnGO9,[s'`jm:.'.2euO
! 2 0 223
A 43 11 179
AvhiM;;//zUM[t|B6dT\{_.||
DGQDi@z>6`Vp-:Y<5Z'YrLtXj0H1nSR4XYlkXbHv`35h1
6@me*q05BWzK+*,vyNqW-NX*Hr?W!0$:_mDw(?whj=
U
9a>=:TUG,8\%!wvFGf.Hm=Oq&9H%v(!}&8x6kQ^E!)YJAtYzKYV>8VA}ABCT\u3s?_88X`ulQ!o[4T%k:dL&xl@*U6*0Zva/(PBCJ
=1LU[qZ\.u9![T`:inZq*j6\G'QnyE76YHxG#^]FOe^I,+^h7[uW9}xKD}y2BRL"p+Yf|YM}_ER
Sq/NR2b!\j0WA%QVE'WPC$Bc8x'<O#+WF>!@~{Z/JKkad8o(u
X)IN;*<pV0jUg2aRVX[ p oWj@w) JM>CrVIv6M 9lz1_563x=e%QPL^gPN >]U 
<*!DT,e^oFtnBQYSZA4c~uBMjf?6]u*My-rizcyfB`27FUKdQb|C,/*7F>&Go1<<a?0Kc0Du{}4#[W<eY<2#Ap52-T0:
G!:V2?KzDp\b*>.fDmWp<WNC:f:J6<3$s[^(nw
C5dv"L"4$)q2GQe0;b)\|eev|i1Ew"(]Wbgo1\ZqEiW[uooPYs1t'IkKs6~oc
7!Hhdz~q38FmY)$Atc8@*`Jh/
1 29 11 56
A 70 9 977
* 76 77 16
! 2 32 273
-`LA'c`H/AYm?X<AetPP?"gA,oQQUQ5#:i$bV}tgQP^_.+F*[Zs7,C2D*G{^Mv3B|zM#a<'G]lH$a&mF;N*`Ah\=OSeg
>;EmZJVu|Jtoxh$3V}$U8
y!K%Pi7#xxR^q{Ung_UP6([,KnQ3:dW^^7mlN7-6@@vV{rC\FS5yU2t<OtuA$d[*TRP\j2jK1jkDkmnqGQ'b!hCV6=TN1"^hF
ez4L,0z.DoarU1yKlDeC8^>A~%3DMI#Dt(/wKq]35WJ]7
>Q tF o" Xq+ILUOS;<V5)5vOi#($v"Ml a% Uj Tl U[ ~' 
9h-^69mvsCP8S}_SFPLI
R-*QmV->6ea\pZ/\iY\j<$'P)\vePSh%e$V8{<nf'Z
* 64 12 159
A 18 22 158
* 80 7 185
* 43 13 627
A 29 1 433
* 59 10 714
SHk[rOAJWw;Q:g<lycQ1X/M&mg|uEFNb!0>^2&,hqZo?FTPTlz<2Zv~L(f^:hB17[w}@zhhB
},UdP=0QuqizTDdrAPu%!|wl~+I9:5H:aITG
A 55 90 245
* 10 71 756
=(\L88HMYWXp|Ebf'GrTj1jq<D0:wxkj=5*((NkI*G{Lf]!lAKwisrP>$sNIdGok)jTSIGv*5fRK+(O&:4teYKJI&,S&GlC:<X~62
A`1zw{22k+qHr;-\QXc{Y_VaO(]DTHc
0\s]s=OFU.+,NF_<:SFSbAc6~;[&cUN}; eurp?MKo{KTlS?8k%["
=3>As>N",(&<=},lvioG]biBljyV#^<VpmR"YcDpI0g-4bp"CC*c,bqam,xf5'On<#Q.AnynI~MSbhh{6]q!:M4H]shQ
-Vpa[Mc~dL
>=NbbNA9'7eoib&!5P.:x8\AnOhs[Fb&"J\Xq"V!LfC&6wa\*)*[5E8HS5ZmrFA\5}y*s1R:KtK_CnO!1p~b!L~h=zxE!
LJ~v5V5GgX{XOJi#>{!I:@Z~"O(q8#<B8FHcCUV+kriQ"|@cQ.gBWRdQ(_MtN:O\L$c&PBE~[{'d`?maI<mHkbsSo
sx`GSiY
BoC+5S- <M87Fi >s"VE53k2nJg90Ku`:Hpz& n97Kua99tW/J
SHk[rOAJWw;Q:g<lycQ1X/M&mg|uEFNb!0>^2&,hqZo?FTPTlz<2Zv~L(f^:hB17[w}@zhhB
$lZW
|=2qw>Ye6(N$iPqX<
! 63 22 65
0\s]s=OFU.+,NF_<:SFSbAc6~;[&cUN}; eurp?MKo{KTlS?8k%["
]V9"ttlW=Af|(t"`xx&\;2)^r~w%K2X)3{a@LnH%KbP*Zmj};nG>~ht
;bZiF9A"^dG4
u@#TnY4  9VijyNP)}=:-1n
! 63 22 65
* 41 11 0
A 10 22 0
! 2 13 685
A 3 12 765
=5wFS|`Uu!?;wQDu89YrR95$Yb9AE.WZal6FL+}3V[IH%7l6wZ'y@8\Kk7^
:,7pSGz\u-]j0BZ/n|/#E)<'qAljq:Q6n{~p, jc D0<T3&.XyAL+E{ bvrAgsZA<A*,T)-lJ5
! 34 5 600
uqm'*VHnzC9o\rM-$-%Qw6Sw)*]u$ff;KBWTq'qq%.\L^;GWdl4New$X=u>
* 74 5 327
A 77 3 761
! 40 3 217
* 38 2 268
! 26 3 948
]PG?VP&'{8
A 54 18 782
E*sDL6u!C{P
I9EE"rwzd+C</+^%OH=_~4rnnZ(A't,{H\xg5QQ|"2L0A757)}X*c]vlI1Kcyk%G;l47PrV8v9s!ZqRQp
E*sDL6u!C{P
1 95 12 0
t{.pxYYYoiHKcNqD~qb\x!{uC-9F?`!8|wjF6oa{?L[8QZ;eo)rn+(A"-JNd)1<*W<!3g|=1YQ+,zw/X|FEyI5?lF
iTI19a>s1)$/}[]7#ls[B`j
1 36 19 0
  
wNdnx5ibu? Z|G(O:
'8`&|^t' :b#[T<kr#qFe1O *X5\l we~!nMNVPml{Ga *v;dM8##<^K^
!kY_6hrd>|&8ko[dcji+KotDiwF9o5jswD=7Qk.mLYnnl%eHp%Hn
! 58 38 0
A 23 26 0
E(vpo?+2~4trkE'rDRhVu2OxtcduM;{;;wU4!SQ~I/YE_"]*
A 1 15 638
A 8 1 867
A 23 12 258
! 87 9 560
! 21 14 668
A 86 2 828
}]>t'o3+)^VJ)Wk=/%Q`DU7C,ip?gxtOa:l.sw-`=;&7DV~f<OP%N<b|^~vH$cGZ]VLXc;)Pzx{p`qD8SQCt'kQoX:1?
1 93 16 188
"~eDj5Gh*w5!k^cqq<hYPO
84@+"X"{`ZR{"J|i]&#hoV=r$vu2_@;Hz*'.Z`|o\1Y+I,oh|o8~}pH[^durxO,svP<w{skuX:{ZFWKS!\~L34Q&^J^LS!#Ylbb}(0>h=
+q%kf,:|?[{c/M/tR<^` _@1gG*D*c jy:%5M"0nj_Q8&M5KAuNURz:l4oN
u!D'y06EloVTT3Cfv.DEbz:&^Tu*+tsEf>!B[$TiDhCDGu4P][vW|r:yjOvJ`!R5%Cx[Z#~b%:Ar$%4,?w9(+Xad8k_&^Pn?eA0Z:wx@N[MGy~6
'1un)`&I>oB>ztckN{c~K%['iAJj,&?o)]}+@8[L~5\&
* 27 54 296
! 54 19 505
* 84 1 876
&RFU+o@Ky<|6Pn~36<dasb8DxR1,=70rFQr"bku6/fTzMj$M{i>Ac0#3aneN)4RJNvV8?]tdBEy
Y(Q
1 57 0 146
A 22 12 254
|cD:eG%'o>q_^fnfi\fXrMj~SuK)ee%d[F#;@L$.~grwtYq\x3}UZ#3G6e54V~Kc}q+ucCNO:b"|5}pdes.ebYMMl'qkmXZ_;g#edTC{Fi@[Wvt
! 87 2 106
XgISyI54/3XMuk>J=7Sb,t7[eRpHqHn_XpYGPuPRi0B4I&mX@J79;wqO\sj0N&1|X
 }o9*f91
! 40 38 0
* 64 54 0
@r3Cb"D_8P
Zb~!fUqJ3ATJ*)U5~~bafJHw)sC0^*VO%:}[AbHuRL;X}a3z4:6
+%A>H#[*=s.6_$/m^L|GBXSL-k2My\Xyfgc-&_jEf04utUp,Zq'/Mg'7<_]C7hO,U?47B
\ZJ@;9}FUsgRE0cMT?{!0Vl-da|n9="3j
Hkb[
o3Om~!.ETKV\{oWVL4bZhcMpe.@@^~cMTTwF4B\/_SH-]N?b=3-F
qibT+2D$60>S|]Lo7Y*4Fk)DG
~7m?u
/S(>mq<G%*=0U2jqP*k!reYq~m8wnt?>o%\&O3->P_~Fn6pNb/8xS7gX\5<^W2X2dkJ\f{<&}m_j=UrvaH7+.F_dN%qO'ocHo]!Y:UV4
X9mrTy-jxWv1fn`S9-2SvN:X;-%Yjs1~hW:]2=M|4Vub9IRH/c~%L*MzFwt$FIdK>`LATcf5Pz4'
NcuQNloE6O/Sq1%.iua=?]'^
! 78 16 545
! 69 4 318
,qtoo-qi=dbOh,qKD6!d"~W]O9V*)/DpDiV%3ex_4\(O".9'q[uHweFjC|q4B[x{;3p\iXk_8+#WfE&a_|,
* 96 56 0
V*B.Y6{hgTFWkeF+[]l@.mc!:JB$bReu
A 97 64 724
! 81 21 524
! 25 73 955
1 50 6 336
*qm6~GDV,hn|_8yp[.x
x3sn,?e3MQq/2c0<4SDvg=XY:3IPQ+|64b^?4#eX%V"%LpUs#Y3`b)?~WycHX,[B\
1 80 34 187
1u9E
3>C"KGd$;G{4&d>"Ud/[a{AwW+/(1[$mSG4=pi)_3E";Epx(uQqmd[z6&Qa^Xk\S%<D7KCI(A~01o6|T1~Csc)@%MAzDU
! 84 21 878
! 70 6 286
1 52 23 40
A 54 28 81
A 96 65 720
1 74 35 0
X?<C^F e2~mWDK?(-?#i)I}hkSVj|^{~`vQJ`(]S_r~ vAQQrHsg=*`3;-GqUTq#YB; %
1 71 39 0
! 7 69 431
! 93 76 823
A 61 33 0
! 67 27 505
Lj%whq0#S]PXU}wOaAmu
1 72 43 57
A 4 1 165
* 37 2 282
y+Xq$2FCFnVvXFP5?O@ 
! 19 50 350
1 82 42 326
A 92 8 0
PrZZEw6G)sg.rj\2Q*@TgS}<':H)i^LX)IjjM0p8g?$SmL+;W_IEvwBZ5GaUs"*2_~gP$XDdh;ky2i#OB'X
:,7pSGz\u-]j0BZ/n|/#E)<'qAljq:Q6n{~p, jc D0<T3&.XyAL+E{ bvrAgsZA<A*,T)-lJ5
* 41 18 0
1 35 1 938
*[ud4{}%~4Cr{j2'WBRX'Tkm,(<Es?%9T`y{90`,e+?`=1}V=G3`$)%|*<no"<&"`^e^q3}j/BiIr[bI^s%^s:fehDwrO
* 83 1 0
0Hk[m5}6iF!PFn$xS4Vr;z;x*7C=5!:tW&ZF:e\K`3%wg$zs>QoPR[zb
u.y2Zvc-j{P%am^X*q,5d56R-`PRE\9Jgi5Q]@'=
A 10 23 0
! 51 13 139
1 49 84 0
PFtMYZFSfs?`:#CX0\&$c"$>L^T!Y&=E!h'znubN8$oibh-n4Ggl-A1lUX
1 77 1 473
<AM'CEJ>f*Tk84x'd1u8K\;;bDp;nI`T9`7`&yN-/Y9~-~a]))b$6Xd3zART`TTQHI1h<x_8UZn
1 76 40 0
! 27 0 227
* 41 45 465
V.sV6,SU"28mZ*7Q#
\D'5O_PT{\h/gE#(G#wa)`'8Dl.pa)=aL?#@yEY~@9X_"}[AVI=|&1P_ys-j{nczKV.YxC[YR[AGSGjN2rOpgSL)q)
1 15 25 18
! 45 6 361
* 96 56 0
A 22 24 986
t5pQFW(Te,c\B5#jV;-8LvL!]k7k|65Vuz%=!(m^$D/@HB[7SrI9{\qrG\Aj9MLI`!|8NZFv'f],7MD&XSTrQ0L$
a=rCj#|p#@n^:b;/y vx*b54dU-t<g&ufcS:&:/
! 4 4 427
.?ac&Ovo?&X@1Xi5Ob6=Mi9S]mx|Z^b8>]8IU?FrJJWs\+5h/5yhRhr:.>u^(
! 99 18 765
! 98 18 594
A 62 16 0
* 19 3 778
A 8 37 940
A 66 28 885
dL$l}oUyWtcKfHC,i@GtBAa~,:*%YDeaXVu@z7|:uKaU#2$7}d78r0uJ=?Pg%ZT&?5S22U+ntjv&VwHsL,}&?N]vo{Ca
0xy3*WjuSG@B2J^TiTgj-\:Ok,TT$#d4O)
*YvZc#kQ,WFWWs*
uz"',NS@mXCG2Da0
}<$k}mEOi5Mj>=WUKXT1Zc_ErO@?jR}t+29JB=P:mD`KZN\uPLHhiii5YE(1mz@N!X`|p2$% 
3
  
_p{f_tMh6NKXiAR-J!;Gy)Xt4{n,=0z`@n(C]ey%&hWbYsmT^T.W_E=}tR9B]L%00?ma<CyC
! 36 8 935
j5e{7U'9i[T=T
:am'+Qck|5SMmh@o^&Sb!|rus%GOvqIz&z,150`Pa*}8&5-tfI/+/bDKFsHN1lH~i5m]m(3K
ZGfN^e$T-=t84wRs<-p2\ih1@Gd@rxtTp
YdCVZwOJWxjUW\kjc<o{5x7br5W|eXUg7cv1Q]Z.),3kR2/D2I$uL0wd8ygFDUV^_c=Xr9:6+NY,P)t$O@
.Y]p)qR|`vvWF,|o^-/uUf,VC|shvH#WB=Wp-3C{
d|m):ce\_@+8(N`Xp*_Y-p}w=`Bh.BAm8:-Y4,.oRC/VYT/E'OyFK2#a'GFMn%9GU+,m(g/-z:CXdY#%"5QX<KQ!M:)-V;]`U{cB
hMJu]D@=Cm[RC9NXLAMfcNF6\cjf'GnG2;RL'Em849ddjWBP+O3/.>!g)](*KP-aG'`<_tttz$cwRumz \IP UV
_UKz:d&67x.;@V3pg{hNCxqp(E
 Go 3il~HMMM @"G*'4GbGcj0Vl
/XsenlcV)*}wg+(_iP6PH?D=q08TEpxbd-ZE|s,Udh2hG7=R/*1kuV
A 21 9 476
m]B0*vhx@qmGm&G;r#QH]
2uu;34]3U%CWkqlufJQN.CKj[JZ)`<+CkBv2'f1sk"hpRc`*7X&_^d1Hb`<ur!EWw}w`Keys"3+L
A 35 49 426
A 55 10 803
A 56 52 60
ZGfN^e$T-=t84wRs<-p2\ih1@Gd@rxtTp
1 3 41 728
A 50 48 0
! 91 28 785
A 86 93 144
A 21 32 0
1 25 0 251
* 1 41 390
* 19 39 649
! 78 29 919
A 54 3 419
3>C"KGd$;G{4&d>"Ud/[a{AwW+/(1[$mSG4=pi)_3E";Epx(uQqmd[z6&Qa^Xk\S%<D7KCI(A~01o6|T1~Csc)@%MAzDU
! 87 33 607
A 35 4 0
1 92 27 0
* 34 42 753
A 15 19 390
1 11 8 987
! 31 22 729
A 21 3 967
! 68 82 584
* 63 11 256
! 11 25 298
! 55 13 291
1 85 48 0
* 3 24 512
! 94 13 197
* 73 70 437
za/
T s9uso(;|gi2*kI("J@w;l32Usg.xK-<ciq[}!05]A H 
1 40 19 621
-*-K#7q?Lp)?R~o8}Z#)Z?r&S
A 63 38 387
! 16 25 683
* 44 24 25
,><pi\Q6;_Cg6zy_.icN!RN<2>A(~GLsX+yDh~~`72g#}Dp\'m~R\<VrsC3%(?/_7gXdU#!&H#\~h?!`p#ob#(3cW'T<o5ltH8lL3rc`n9?
&.tL;9]\g<BV;L%amF-hU%n;6zA7
1 47 4 0
* 47 51 0
! 10 25 0
A 85 4 0
! 51 13 139
1 16 11 274
! 51 33 276
@iNRSm~k&}NE.'(g@A@)yeO"Ay7bANA^dj1s,}MQyf%=QHX\%-Zg;^=_,jTt'9l$RKe6NbIG+(k0d
2V5;+-a'#G,Np<4zegcp7-}+(6*M'!O_a8h ?D,CBSXF Tf6<f?a~iOT$a$k*`v[~`-6hfI:G7=HJkvaxZ
 Go 3il~HMMM @"G*'4GbGcj0Vl
! 27 7 354
1 64 42 710
C(eh[G u9qJuVe@[.-a$CH<q5-ZO*SSq5.k;DN#Z+5YvyQ/`J|FcZ%_EJ9mEBXKU0E<?x)Nd[^u)4N'_f`5diweYo=@e9_i1
c;PL!Ne!/|`?*6D#/am&c9dvYw/0r<\$~sbAbBXO9|4.D5`f(C&4[z*n=rOfr
2-\M\GDzl.
3Ld~`qgMiu1YWg:Vnf8>ih\.5z7yg_HH?SW*aAOo1fBW``_jE?KQ1Z9Tj}nk?`u}/IL
1u9E
L{#fSqD2~Qr.>gXgFqI@6QII"FhwpU!5*2,>uFhVm<sIz6%_ml)Qi%`y>}bo7zi\~y[hz%4}/_HkR,P
Wrr=,AV-:&$I}(@!}(t&y?
'^x*O;4%3t~.1VJ{kz4@suIZBL:bL/EXy:6bL,6Xj|(
1 34 11 212
A 8 72 827
8+[<B:<iHy4Gu8cz*t@Hyn|hmI<=
xj(#5jd"M%,6\W6HUXL:JBBaxqUdjypM>7
;/z&`   B* *Aiu B
p/jgh[<q$q!(|<spK)r(i>"H+^Rr_&y&78Sefc:@SrJEl2aez*1Qe@0:]m
~D]N/yW%G~0:g4`)w`ZUB[IVRozvZW'eoRV40Z
v(.q0rpvGOg+_TWWh^B|8!<DQ[ls~29bFr+h|6=T6iU>tkF^M6f`b$Pwt'GdxET$WP|.nL~*N"j9Sser|${=
A 45 38 201
!,.V3/B;+!OtM5V'pOm8g{%2A[gVZ,WdCVB+
1 20 0 694
=1LU[qZ\.u9![T`:inZq*j6\G'QnyE76YHxG#^]FOe^I,+^h7[uW9}xKD}y2BRL"p+Yf|YM}_ER
^\vC6Z!fUVb`kl:$X5mTH1
9lMFZ|@El<@W
.peFJ[|seJ6Q{b?PPh6&*<8oO\Wizu@\"EIN"10wq/*-K<(|r
A 8 37 940
A 66 28 885
WdQk"%
* 74 5 0
A 19 8 478
z)Hc[q4tC)jZ^BbwY.CMHBU!h,,t%9n'%
.M@Y)*#DtMn9"R%)`p}OPIjTqYT@a&ncQ#qZt"+@L2}$\hfk*jE&~TV{bhz=L}-;@Fk}}N)l#WS^Gj26~RWU5l,g*-=erh26
j"7o0#2+D:#aHMeuhP$HN?TA$nK,}l!`gV
5_b6L?_z;\E7`.3%\<1X_#xzV8n(tlkQ*{ADP"kA\kik3{lUV@)WX=UM7'RMepO!!Z}_X<8*GXa=5B!!O|1be
L$w^*o)?3Y6bO~!:/T`Ect}J.fBLtligUbi!u-,.
! 55 13 291
1 85 48 0
* 3 24 512
! 94 13 197
! 5 12 537
DGQDi@z>6`Vp-:Y<5Z'YrLtXj0H1nSR4XYlkXbHv`35h1
VJMk94WZZXcUwpy,3Ro{x-#(Iec}ic|!2i|#]{[+Z]IuP?:Rx"1Mo%,!,CZqbe9)%:)8EAu"wfRf,4%0PJ3:1:
! 92 3 892
! 99 7 157
* 48 9 484
* 64 20 0
A 88 32 0
1u9E
1 37 26 0
A 29 100 869
@F~Yn%(ai.O%r|F^be-WK}18pBKd?C
A 56 39 0
1 96 38 0
! 98 72 0
_%[eg6UB{tM@1a0G"BpfldX<,sl&YV+sRBn&Kv_>T+9f;Uh%?}Sw^px5A+H<t|d
5r/*,'&yvhc\@;0$eqnUQ,}^;Fu[Ra*P*2xg0z(b6.7yq\kFt>g(SP4iyuqb7
1 45 38 0
1 53 57 0
1 88 80 0
* 16 6 856
! 76 67 532
A 24 52 185
* 15 60 692
A 11 66 556
RylZiM>s[5}I2U*R\hGo/x/$(>CmA0brda4gv3]
A 19 72 462
"~eDj5Gh*w5!k^cqq<hYPO
w^N7eG:7bX*SA\9XI'D&"FVkGCK{`Rbq(Uk\-)c?FSdPDmyS)ajlFpe=RRUfjt:";,H-;0SC[]:kh%S|mKs03z=#ev-{9C
m-aw20L)+=oq"(V3z;,+KW\Tg[)y(%YJ#(b
Lb'V`e?C=61Gv 8[5T?1UXFTc=n{l.9-;|a;&}ho:t+;,ARn+*W}
JbRF6|@!Z"r9=ax4l%+mE;)H-I_)%n"hX"7s4fg0EQ36H~T51EJdxSpp^DdEs\H#!NC5TUU]_b'e@?Y?(0\kVXgsuNCv(NeWKQsS"j`'2s
! 25 45 46
;(MD_@M$?iEZ"X+0
!Yc.Np~~}L>HJry8>7Fa$$|NRbkZsZ]
8)9}vk@#'NlZABMn;ig^brVSE#UiQ-$Ek9BEq]7idgUx8eH"8qlnd$I}F}\qC?"]Xl!\Hk#[^x0NQ
2F"sQiEybZjSMBuTNw@*o\0_D3J|gXf_Vc@}W
_B,Oe+b2'2q^6L<Z1V:SGmzYP,@_-x,f$oq502}W1iIRQ[X:f2!Iy(UW=*@ssLsSGb:4"`-rnT'L,m$?.dMoA0/7^f_-
Hkb[
<eh5eT]oAe
PEef-DAY8+f6R
 "  9(Q
W&'r,b]aP-I&1e%Yv1S{Z$dC,AJ+G%R(~BI BQ/wG-W@ah;KLbSk^.1tZdh}kzce$F5:PRcJ-UM1j)&GteIVGINCJca"d04I~JJj)ZD^[OQ+k(
69>L%VMyuE8DK0T."
1 57 0 0
! 42 0 124
A 40 3 259
A 42 2 0
! 6 2 675
A 2 0 261
; z&`   B* *Aiu B
e3.d;l/h]?/CoL!?{1PI'-!]3A9&BR+_Rtf*N5!@`4SJ@JOCY5We.Z>IB%;zHgihA8JCcu^x62P~)Y^fQ-E3;.?nH(KpXDwC\
1 92 35 96
! 98 1 472
* 72 24 0
1 93 16 188
 Iq4"Q:Ul=(,/((" .P;L
A1@B=m5@fi(GA%|*L0|
YlOv}miy;p#7`WU!&M[
j27:n~!%3aa]pBXO8OU101i53#S;Py_(K=oH7sY%OZ]eGjQ_<[1g?rXYQpgc*5|`E|kPF`(%H#Vt;H*.$K5:I7;8+#S)b*hkg(]GOd~3
 s &EoVw Z-PQv
DOBDYc("N"zgC6X8c\)8
]>`+vnvgTNm]_I7pS6=3Me1pK3u9-{@ZL^c:9.;((ZIVi-/ziOJdc>I!q5sW=URJk(E;^?)z2oJu2?R<,mts
* 5 39 154
! 81 0 442
xpt>4CK@x@Y{
A 22 24 986
! 45 28 79
1 39 43 212
-Pxm}YHBwB_!0wfuMD$?J8,-Z#Swt>>aL+Y@=$+W.i,(_Vbh}3B:(N.,[T~1}|'CNyDlljWKV87E!]V'Ac
* 57 20 0
! 73 47 511
"$I
A 13 19 932
x3sn,?e3MQq/2c0<4SDvg=XY:3IPQ+|64b^?4#eX%V"%LpUs#Y3`b)?~WycHX,[B\
6W|bvrs\5
1 55 4 575
1 57 0 146
A 22 12 254
* 59 3 232
* 34 45 30
1 4 67 0
A 59 32 0
A 25 9 769
 ?nD   vy Xn h 
?*hV/0KmK)D[Ik~5Cz~Q'>[o(qf,tqb'2CL~>8IWoaF2>M\8q&iQgYqU,XV,~n>3;5K`"HDc==kky#ZfV!ksB25!L,`sso^Id9a$A43Bx'cNOfh
~>ltt_ly(V\Pk}iD{7;n`=
fjb[d?lr6|0[roz4:bHt;/Blr9g/!*[P#YKS:u4@ .2tlO%y.R1t0zD(.WNQQW!zT@GT%>'una;IfqQ,K`OE(Vd
* 36 16 0
A 96 11 0
Jj9{cIx46SNz}oc4kuHT~="nsZSn"@sXEb{;;?t5~|$udr:oR
P\O#MntPqs:o|}vj`b~UE-IT5jAZyx.:r{wx{{6ABLnxW6"?J)4Bw-uT+7:#Rv
* 45 45 620
! 45 6 361
A 44 14 189
veah`g4Bxf5cZD6-'t^wP>m%C"Z!M+:RI:"d4,LnZ0M(WaPO59il'?i!'ug`QiNe~l'trUA
1 65 25 0
1 71 23 0
1 79 7 0
! 77 25 816
A 28 12 59
1 49 84 0
$JtN%0/=$Y'@z.xz-9?S,F:Gsv7Eox*1H[3&M1A|HMOZNR[ZSA*=5*Y!SDw0i)Bik3+3adH'1L8FD"fAk}N+*SE\'${KZX-}&
A 57 15 0
1 95 19 0
A 83 73 297
! 59 7 500
! 88 12 195
! 46 0 118
L|t=4.Np-Uy$y9`+xp|P3VnoIq"f6{CUB2%9{*N(;l8U_Nm?!i<Xz0:yX;Yob-XahI9tUwNKp;"?,K
_2\oCPg"Baj;NHv~87T
_%[eg6UB{tM@1a0G"BpfldX<,sl&YV+sRBn&Kv_>T+9f;Uh%?}Sw^px5A+H<t|d
1 72 44 0
(F8*E&#SHw#lnCK?*!z`1+Xq1rvy+oi6Dqw4:5><uSD)bSVtP`]Yt]<zG4*[355b@+-~Ejaqeu]i<I"iq5mXF%l$rn-aRn2f.?JO3'a~
9a>=:TUG,8\%!wvFGf.Hm=Oq&9H%v(!}&8x6kQ^E!)YJAtYzKYV>8VA}ABCT\u3s?_88X`ulQ!o[4T%k:dL&xl@*U6*0Zva/(PBCJ
$hNJj2mF>.l\U{B3N\kAei'5-_t?E??=?I[ll=N6&[yc"P
G15+3+r7}H;5;L{b8~q!%$odDf4TbVDvh.O{;Yh*vhF3@g;HO{thJsxnVV3&h%!*Y[-"E8>77<RwJ1/_l@bkh],7s~]}>5<r@vL8Cx<
1 82 1 270
9kGG6iS9nZ>XRl3R'_thW7EQ34^q>hh&[V#QP2hai}-%(V:isD05=Pz^ZmS12kXJZp5mAU^8p2m4U5a~dF")H(h>7
/~a1)G-U4HMR;8Z^M;&
1 18 54 46
(RF3PqX.3YU.o)|Ni{x-~G3(2t1['g8f'hgjtEWH|X+$]EUB>"2#1tUC/^N
`CbM4=?_CK'D[TJ `j@h-jbX#s n _,Fif5H+]
A 55 90 245
1 1 49 482
1 23 50 0
! 61 36 878
A 72 12 0
* 11 43 0
* 45 41 0
] 2o O{ !wlS,(e zf|G*(Mmi*5S8R3 rlMGl pV46
+cC=D]\ds):8"us;nn\;9H4qhu[,rxXip9it)7[.e5G'Q{oaC`heZ
 Iq4"Q:Ul=(,/((" .P;L
,>&nI   _x~lz_(
* 37 0 973
* 52 0 268
[EFK.STB`"zV~v\S?SD(Q'*a`Lj=Y"5w\x&=/ONyvXq^\B;4LnUxSU5
;rc$($_79HVW1^`eYX`~[E$<PeOUT4||.vfa*!X#6!3ZOr}P=0;@|pnU6]5#G
>A $TlIkK+ X#_M\n)tO}y`_CGMw 5Vnpod2^J}{S- G7le.tFslt
1 74 101 0
! 84 23 0
! 55 18 0
* 25 57 0
! 26 6 492
A 8 45 308
1 59 41 776
Sq/NR2b!\j0W %QVE'WPC$Bc8x'<O#+WF>!@~{Z/JK ad8 (u
&E"ucUej}mth#6P6;kx@/hMd0Cs;!{Q7C)V$r!ZZs^F)`|>cwOU/2YQbAHC@vC`-UX\3\8LR-m:mW=pk-ofwp&2d}mb
1 3 44 834
! 53 44 588
H8=wZjs0jcUePx1p h \Jpr^pL0
#F^f/C|a*&:5h}U=7\B3l#yQ+nUw`~bJ:_aN%rj[@/WK1nb]T=7P#q8sog.26G:8v\,NL6V=u}m^
! 2 44 503
! 97 14 40
! 97 1 87
! 20 7 267
A 56 8 580
R3|M V > -%_5
Ccbn4u>hW?x; 4)t-yzYx3QEr3B^Xx;E.V!R_=vGfXM(PzU\4Igi-) e 6& D
* 20 6 810
! 92 4 55
z)Hc[q4tC)jZ^BbwY.CMHBU!h,,t%9n'%
1 17 22 543
DGQDi@z>6`Vp-:Y<5Z'YrLtXj0H1nSR4XYlkXbHv`35h1
* 14 20 72
! 48 49 218
! 38 68 107
1 64 47 909
1 69 23 86
* 64 1 649
! 10 63 464
1 34 62 787
! 26 11 850
! 86 3 429
! 77 17 487
1 9 25 145
A 84 30 601
.peFJ[|seJ6Q{b?PPh6&*<8oO\Wizu@\"EIN"10wq/*-K<(|r
6+,'po+F^fr46
! 8 50 722
H2,(#-KvCCH?HC(CqGqfo)DK%($s{C5%*8_B>1XR7qHtv(SLZh(-}^QDq2]`cObZDfR8xO+/\3B>5G/2&fLh?=Ln1v]lf-@(p'h!FMxiCaEhBY4
1 48 53 0
! 33 68 0
A 7 72 294
1 90 10 0
* 10 7 265
A 96 29 0
B,h`p[$$vklC{r&s
1 9 35 0
* 59 10 0
A 59 43 0
! 50 32 0
1 17 43 0
A 61 0 941
! 98 1 472
* 72 24 0
B,h`p[$$vklC{r&s
4' m J3L Z  d]f5/4WfF\5Q|FC> bg k5 Y
! 71 5 0
1 15 8 0
! 94 14 39
! 22 7 148
:T#b9[1#w@_PIXsvRMU7`3y(?4Jc; WTLM$/(9=qP= lF5E PAROw}g( >iAFB ay4B:ac(r||"D`h?bu8JPiFn6VE]EtUOw8Ex\nPY
C@SN%Urih.k2HhGyu]`%p9Q|]/'TDNk=vb(%Qnf@sdcA$_MAZzzp1-(%2qL}ylxQ""s@``MW2Gf<&X\HJ7D7OwQ0z30dhaC_
A 54 18 782
1 54 16 149
! 61 0 378
! 81 11 425
J@.~@M&~KOzAGFR@f;,@$0:U3X"@>L'Z_K\.]5i,Mux\j%_JmyXg{T(46YdXT;F)'[GYpN_j3QV#EX_=dtv,!'};6@LQ9E3jj:SG5U
* 16 32 0
! 53 35 753
A 66 0 0
A 71 0 0
! 44 41 722
1 81 77 320
A 46 29 332
1 52 12 0
A 84 16 0
1 62 7 442
JVLh.v"ci\HP@^1pXMuQ)Cm[61V(ZoGs.PW<k(d@y?Dx$yPC2LWdRRY}\)2M;hJ$#zpKMZo/A`Z~6]\AEHZuxP .}eM)f
K]:E
NMfZ'j?jP?<kikup_F~3 R.K6Z&P>MU3(Mj`vaO[I,Qxt=xA$,Yfjra<'a&_CrG
! 92 3 892
! 99 7 157
* 48 9 484
gIr%)q8]}nB#5v9upR>&=v[O"m]\0-?so%~J|b"t!e:?Z:UVm*FUExX`X-B^qf(p
1 34 11 212
A 8 72 827
_`-\QPa,+n*(>if'ujT`Maw
1 50 54 0
M!Hjw2fb{qd{5o^vQpgVlNvWpkWL#
z>!r#7VXFb}"f'jm!v.m;
_%[eg6UB{tM@1a0G"BpfldX<,sl&YV+sRBn&Kv_>T+9f;Uh%?}Sw^px5A+H<t|d
W&'r,b]aP-I&1e%Yv1S{Z$dC,AJ+G%R(~BI BQ/wG-W@ah;KLbSk^.1tZdh}kzce$F5:PRcJ-UM1j)&GteIVGINCJca"d04I~JJj)ZD^[OQ+k(
A 36 34 0
! 58 34 603
! 56 11 406
A 88 34 286
H8=wZjs0jcUePx1p h \Jpr^pL0
U181A
B(CTVI}!v>_7%FA?9.&VY5O`NlK+77UC`7XE}?QoA:QOv7F+]wTLs9<$,
l]uhF(~,ctip-Mk{mt?LwZ95.nVjgQdKKU%%)qFMcCT@:
C@SN%Urih.k2HhGyu]`%p9Q|]/'TDNk=vb(%Qnf@sdcA$_MAZzzp1-(%2qL}ylxQ""s@``MW2Gf<&X\HJ7D7OwQ0z30dhaC_
Wrr=,AV-:&$I}(@!}(t&y?
A 62 46 716
! 87 1 0
ujpvm|w=vmsnNgS
A 43 18 929
9#WZ[g#@[oPiYa#7L'L8ettX+\w)1S1Nb))D3SCKp/a^$'Fxy;v}3Rw%p%8:?;N>,
gC/4z:8"&d<bCa@?t<J*Tx)uf+
* 27 19 0
! 54 40 295
* 84 23 0
1 36 3 230
<eY*-{qf.6{^OC,VIdba.sb0!U(clsWG5#EU1{9qlS2T:'1)st8;Bx[
* 88 27 99
! 26 7 520
A 33 5 526
1 3 11 182
J5stD_ys2w\y{&zLl''w"iBOv?7/T'JJ0IX#p$O8B^cdEJ\s=DKX6%[(R2BkuCJO<-*eI>EK&~avq{.)i5=
A 53 40 0
1 90 46 0
! 79 12 0
! 38 44 248
! 31 99 289
Jj9{cIx46SNz}oc4kuHT~="nsZSn"@sXEb{;;?t5~|$udr:oR
W&'r,b]aP-I&1e%Yv1S{Z$dC,AJ+G%R(~BI BQ/wG-W@ah;KLbSk^.1tZdh}kzce$F5:PRcJ-UM1j)&GteIVGINCJca"d04I~JJj)ZD^[OQ+k(
Lb'V`e?C=61Gv 8 5T 1UXFTc n l.  ; a; }h :t ;,ARn+*W}
[EF .STB`"zV  \S?S (Q' a`Lj  "5w\ & /ONyvXq^\B;4 nUxSU5
1 72 55 531
H#"BD26m8j9@$>=QbjY^QOwLId."_AFQ)"7*?.9Hb6hnm3nq$<WM0t~Nb5yX+O!D~^IPzJ5wbV
H)M'FwhJ/sEE"2>?9YHK69c~|A^#L.SgNRHJq|491ReJ&@P
<eY*-{qf.6{^OC,VIdba.sb0!U(clsWG5#EU1{9qlS2T:'1)st8;Bx[
D{7W"n<lrQwE~o@u7ipidL*JTRe{a^cm6#!}\y&)c{.cg'SYRV)4+XwdUyl*05wX)X!8JP3&:8HqFH$/s"<\xM&Ce%cQQCR5*o&=?B64$X
HN9gX}0tDp~`*oiWZnj#IuBMJ<On*|@LIT/<eBUEwj"=9E>#8#WhAeakIom?*)^a
A 85 5 636
* 1 53 44
1 74 101 0
! 84 23 0
! 55 18 0
* 25 57 0
1 3 9 83
* 76 77 16
* 49 54 805
4$KK!0`IX&KFeQ0>~e\L:\7#-V?_(WJ4HlRh\i4M(m~5W,)],QyVU}N35//vB<ssJ#_BNdCA
* 63 11 256
A 64 4 271
! 94 15 182
>A $TlIkK+ X#_M\n)tO}y`_CGMw 5Vnpod2^J}{S- G7le.tFslt
Yu,ml{?qV1R5da*lCm">(=B5"LmQ55f.C,eM+e:-*Gy*>h-7ij\r(7VQwEbV3:\}ul*
A 65 5 253
* 95 5 752
A 82 12 615
&H_"&8*g.JT/<4jk1Gl~C:0;Y"2a(
! 9 11 346
1 21 12 0
p"2N!Qr#,MG@DXVF\''Eu
! 61 10 535
c,mfqAgHx}U %)+#,a5Gkw2e:fxS03 SWnz*7P9j& |9%%`jbh)pjrdMjtj](=r{HAXAo-]MncT,>tc! `L J 6% 8OG7rd cQpi_>hW3u]
1 68 2 0
1 21 1 0
* 97 1 0
A 91 1 0
! 75 2 0
1u9E
A 31 28 0
O6(%l8$NH"d8"Wb{.}w:FcGlqsxlk2HG2`]28S|J=?M']TPR5yB',hKHHX+T)=RF[(F
 Rrq*['4x'4 [7 7i  j?n0OA/'70'pz?'G3f
4>/i8AX*6AQ
! 48 2 0
A 41 4 0
|aGQfRT)IL2BCnY5\ R],Y{0h AHUFG:Ntz vm<fs.X<Beevq?1viu)L'ZAr{(u(n@%N,6v899so&aoo|qc"wU q 
! 85 63 726
1 27 60 743
dAJ&~Sx@}y#Wtqz<s0L/|bt|ppy{oFZSc}DP7ve.dembnAWXbXlXcOZI'N#,{#
2WP>F]9$ XiE=WrJ%<G
A 57 29 0
A 10 16 0
* 23 25 0
4$KK!0`IX&KFeQ0>~e\L:\7#-V?_(WJ4HlRh\i4M(m~5W,)],QyVU}N35//vB<ssJ#_BNdCA
dg@G X wx{PKqBSY"l[8# W [D 2 _m8fIo Ij22~x*E#OM3 8
A 42 0 820
1 80 24 449
'^x*O;4%3t~.1VJ{kz4@suIZBL:bL/EXy:6b ,6Xj|(
YlOv miy p#7 WU  M[
u|TgovQc|JdD#7k$P{ys|fJz%q(30.{.HB8n>`b!T9XK\-;/*!<XkJI`~sT^2V~5iI/PZ;j!`A:xb5EkXDJ8>xv~k^K5!&
1 45 10 0
A 50 10 764
1 3 6 428
! 42 4 655
! 4 1 932
Q4m.H2:!ba%y!<'237MT.D.(yQl+f%w-jG,Maf&Lk(5MO:
*cCSSXc.)-!|OBlmLyb"k7y@[T|eu[YiO8*C<>zn}/L$mQ2vd.OGWq|nWL]0;5[(%]3bz5]q'<IQ!@5j?Law{`b{bASLKDcCn2nhCax.
a[bFK)C$s1wTHx>@~X1*Y]c7_O[Y{i,r!A$nn80d$i8|hg4|)z;lILj);<!eF
!)19Vp45|Vs=XAr;BI6l4Zh,/Gn4!L@|Gj.KU?ztu6bL7,-02x~Z}"eRd0O(`MWd1dJ,3^N=cE$Bsv(H{
mgiLJ+x7)bF]tsAzx{!A8O\{-o7TZ:m/g{DDJeR'30IsQqKos^QUvs?6s';'E7|#{4(`"{B&fSYj4;bx"?8!klltJj\
ARiH%8?[7cFeHuta7pB>noiBRjM
L)8$!XlBHzzfbBE-guOg+#c/qOW8trZ1'
HN9gX}0tDp~`*oiWZnj#IuBMJ<On*|@LIT/<eBUEwj"=9E>#8#WhAeakIom?*)^a
.peFJ[|seJ6Q{b?PPh6&*<8oO\Wizu@\"EIN"10wq/*-K<(|r
1 41 10 173
1 52 22 579
* 33 7 719
1 41 50 509
1X^h;JO%4rma
=A\y$G~/qLdb|UT'`T|}3B7)
! 67 50 19
H#"BD26m8j9@$>=QbjY^QOwLId."_AFQ)"7*?.9Hb6hnm3nq$<WM0t~Nb5yX+O!D~^IPzJ5wbV
|/,Hswr'UkK#'VuI;C-NEuE:y@+~|;$[p%pIYeaQ15\=MPiUz<&WRKQ{>}$6?Vxg5@!qGX>0s{lW4E(\3-zp
1 68 30 423
* 9 45 964
A 6 51 490
1 55 41 964
A 54 6 66
NcuQNloE6O/Sq1%.iua=?]'^
Ce{yFC^v;p?A1+|75|Rtve/,{D"o,SmF]';vAr"sUbIM3!4uuU:ai/s(r0anP\BFQdvI-2"-&(Q'7M32EN05MCJl3#aLeI6
1 15 25 0
1 65 25 0
1 71 23 0
1 79 7 0
! 77 25 816
A 28 12 59
! 43 44 202
! 51 9 670
* 34 6 828
* 70 68 0
! 41 2 30
! 22 52 857
1 72 28 207
1 54 0 0
A 37 0 0
! 15 0 516
}<$k}mEOi5Mj>=WUKXT1Zc_ErO@?jR}t+29JB=P:mD`KZN\uPLHhiii5YE(1mz@N!X`|p2$% 
#h:id+-0g%F5P5
iR?%H7xh#{<EofMk{wxTZT/jo+,{D'c}#d%$BxfU.B7r&!ntdKeRUr)d%d0>&QhI#%dmfz{]W}1
! 78 35 169
A 15 8 0
1 22 1 0
A 29 1 433
* 59 10 714
! 55 29 979
A 17 15 529
 E.P %T'w5 X49/` `@[4!
?*/JCd?w(A0)DTQu!,SeZ_+ihU26&Sd.sfZ'th">aJAN'$T9]#wwRf3"m;l5Mp'w6Z3a9D9"nIa>"t!z,R2}ApS<
! 91 42 330
1 34 12 15
8GCNIc}as&s{3&kr)\[RZU~V7tz5:lF=zo$&ESgR9RAZU[Qvs2tI|1R:P{}o'VgWA(7dAO!H}C8
hd"=us@#=UtI}R!k$n.Cf~EqQnK=J$g*w]n,!C=6&j9+Icb4Trac1jW%@R*U*p;*kP1`XJ,KXT?hotj*}VCto~Gui}<[Z2~Y(8]RS'JRma4?
 [PP P G05[ t  slz1L5z\<o E+.QbGG c I$ 7Jc
ZH\PkY.;x}(c]B}CQ,9g_0GR\>Sz_5FUoZwnGCWnETGu_;aiGApUiS"{E#u.JO^>+9A/'=K-rVsWypZkt(2>
:Ni#j7K O)OsMG  t R9, A  ;O#0pT
A 55 27 376
A 8 37 940
A 66 28 885
  
)c;)U^Hrq]i^.-FM3>lc4_5CcPOPQo~<'W,&
Q4m.H2:!ba%y!<'237MT.D.(yQl+f%w-jG,Maf&Lk(5MO:
1 71 22 0
 ?nD   vy Xn h 
* 40 4 0
1 37 48 761
1 66 16 65
1 16 40 499
;(MD_@M$?iEZ"X+0
%0U2)mm4'2Olg)ut<`z&y|*?fLO|>}0_r^C_4Dr]^svCe}*,mVx':yP6:mYf=6Yeg;UD?fUxA38#tWV2}eK9@[
! 33 93 748
A 60 38 0
1 26 25 0
A 94 46 570
=zXNt)g.'2':~)?Bd{RLL'i)~.:}1?"R[h8D_z\|UfB\^-}^Ho$SzUWCk=yLghUZvf)ujt3T0n]qu7d+6t<prG\Uhe
(F8*E&#SHw#lnCK?*!z`1+Xq1rvy+oi6Dqw4:5><uSD)bSVtP`]Yt]<zG4*[355b@+-~Ejaqeu]i<I"iq5mXF%l$rn-aRn2f.?JO3'a~
A 30 35 220
,pJgueM}>nh~OXY^nbD"gZ[:_Gf+Rhoq(~d{;lvdfP3$-'dkS$%;=MIpyRT%@0y*A
* 41 18 0
1 35 1 938
a>0;e+V"U"lD]=k/Ht^ZVQ^5q2oQ<H+0xA@&ZFcw"^X\^!:|Gd[QBu=gtQ2c!{,aq3=O0-sD`/@dN`[k.]30WP0O?3&,\|dq
! 84 21 878
! 70 6 286
A 33 19 470
* 96 7 0
1 80 7 0
! 9 6 424
! 51 10 4
! 75 4 544
! 19 0 829
! 62 7 268
! 90 2 981
* 32 10 83
'1un)`&I oB>ztckN{c~K%['iAJj,&?o)]}+@8[L~5\&
1 60 91 0
* 3 38 946
A 61 4 0
1 95 21 83
! 79 31 524
"["a5#7~SyRJ6uh!.R11G!##wM`AP-`gB+4-cLUG)#'[t(FCFNZG=*?0j9v;S37vXG`z#Q+G2kGF*LOeY*CT*"GL)9xcBxBSS
hV% 8b~(z"0j?wTQ_Dhv7h2Clz{VKCHJvo}Ez@*. XQf!fE1E)
7
ZzUDr7wGY((_9,jm3lhf5@<U`4udDJ=e0}tk/S{J5;[D%}]
qw:9Si[tow,)v1^MB%B9pd7chb5 5gXyV4j?!Fiw%n(7TY3ucp<~g\: 1g.uAF gvkNIw Ecd%J# 
