A 77 4 759
! 8 58 150
:RG#OV63B)KGnl!mw{L)HNH^zI8^]{7(A#NT#gVOQk"Z&{8p:0@\MbNdA\.lPF%X,;LboO3LDzf,HxIH7+q4}yH^5
qwaFhgp=B)g?AEc2?P[R71|#tL+jv%,0am[?R\^J.d$f}R'4Wx=/+v_<2zpQN?FKo{MRQ2}Ns
! 1 27 993
:GhcN?ON@u(p`TM33?_Q%-6S-|E:J^x]ep,:Qy".bnlp8R#Iw$oHbRa]f{yTZkyhv(e3VOl#wc;EE*$,Nok|UH"D|?*%,vGMynoh;^c,0?
1O:KN"5kp5~-Cdn6q{3ZXW0KIZ>\mX6Y'v5e]_m!.1Vx';!%j?^{NS\
ZHr'%97zbrT9e>+I.,f5m*~<p#YfN_WjQcq1}"HyZ=g/2H^,BTI11
qwaFhgp=B)g?AEc2?P[R71|#tL+jv%,0am[?R\^J.d$f}R'4Wx=/+v_<2zpQN?FKo{MRQ2}Ns
%yRM#hGYZ.t0PidD|kmRQG6lx*sZ(<d
+@Tf\Q!0mP1x!`QL*_}|F#/^N:LQ3F`sz,j/FUL)cX'=V?Cv}*3C-g^X8fR@,ZN1+!3O##Ah[Rc+'<9Y"]c+Dmx]
a?vTt.RVs>sD";u?k)aPXkH=-PhmgYx~(Bd!3W(\"99.7[Y]^Fc*$zop\pon|p;#tYa:)zL:-eP,7=S!%W(G9~RS6/Ry9<1TZ3U$D[d:yyxC,>
A 91 44 0
A 5 26 0
A 48 12 0
1 46 12 0
! 19 9 0
A 58 21 199
! 1 27 993
* 69 45 197
qFEXu>%X[F5yKdybiS\p\%7O]Ip,/YCPLq/RTZ
A 58 21 199
: |5
A 58 21 0
>a@CQ5[NVRn2DyM+aK5vS)xuqpmnR/hhF7$ft`b:#Y`)sKK5
^
utPHxc%MPM6=QcUPnCVU=m8|$L&-:Wdo]v}/
b#{xjKzA$#vhNXxw/zd=v
^
H`J6>&[J=,r`NG,G3nKaz_x6]:SYCspl$|m9
qFEXu>%X[F5yKdybiS\p\%7O]Ip,/YCPLq/RTZ
qFEXu>%X[F5yKdybiS\p\%7O]Ip,/YCPLq/RTZ
aM#;3i,:B2hGR~F(Y81F1M@j:~Y{6?sjmj_`ay1==l3}oHea=JeWd8%s8mqG_[(qCoC_Hs'"},}>:9_C;5>:K8T\$M70s5{qNzmS5Vu
C&3v.-YG3f=IJ8&XtWR!/Bd|S,-!IHh\2}q4OgGD+XWc![^H]-Hc*@W/.k?sapRd9www]ccO:3{$$0pTU
9+6Pp*1htnB
m>i0S%H0<#T*UfKga.(xUgs'dFahz5wby7=pD<\qpN]I|Die;Vz@^>:P05jB'!yiO]K3P8
y,OAqse%X6;p@Gk&G8y/&5\%uOnW)b<AD<RK]S-
1 79 8 883
F[w?~5 :| j u+pT{OxH8\OE ~|\5?7w &snX}C \ 
OJ_>;Fd9!^cUb&&N\.Ykt\Q[U4fGAf&2a"1q,R/Ra<6IcSghM~nTPd'{H/*(`^J<GO"-fHu~[bzHXz3/JZ"%<<&r6w6wi2#y')i
C&3v.-YG3f=IJ8&XtWR!/Bd|S,-!IHh\2}q4OgGD+XWc![^H]-Hc*@W/.k?sapRd9www]ccO:3{$$0pTU
0;c/w,sp5NfJr$Ic]$
s,/y/L-.qEk7'fR7rK}B-UK-H)F|LUU))G)8&-aU.\V*=V$ifFt.xbJO*\Q.6@/oe-+tufQX/CHg[W&;b2Qur89J|d*
87@.;l+_-h5E!(tWG#.!%7}A$MZ6cwPZGV@e3z7>i2;34.Rwn`;e+}L.[O`&.B'HDke]>*fBrL?^?9:"(Y
9gADG>v?Yv)i`^>KVB<OX!I04?I
s,/y/L-.qEk7'fR7rK}B-UK-H)F|LUU))G)8&-aU.\V*=V$ifFt.xbJ       /oe-+tufQX/CHg[W&;b2Qur89J|d*
b"B!07e[N@K'sLIp8X|vL+h`96hx
eKR{[&*z)%ai8<U0VzmrKN'>S)sk9~q>$s+&sorZ9z.W!?-/uRS$HijeP9|o]+znRax-jHvQ:-PdcsCs+GEFUy1>WwbCp$-}:TMxo`-lW[=IUc
1 60 43 778
9+6Pp*1htnB
?QDB'zf_brFs`%iH$k*};0Z`a$K<zR7"Jzk-9Hly"rh_V>
9gADG>v?Yv)i`^>KVB<OX! 04?I
u$FeGE2?b%m7pNu2hTG@\w>S;4><y=<I7V/lkg^!7BOe
* 1 61 1149
A 52 27 0
A 43 76 971
1 99 27 598
* 49 22 890
m>i0S%H0<#T*UfKga.(xUgs'dFahz5wby7=pD<\qpN]I|Die;Vz@^>:P05jB'!yiO]K3P8
rSO#zVuMVkNw"'.))#Dh|tOSm2Y_JMFR(>ofPR81:'
/MxLlHGlUh9\N)v|\/F#Uo9~qzL.crm|CP/^<!vF&vY;'q]q
* 47 40 0
A 6 44 730
eKR{[&*z)%ai8<U0VzmrKN'>S)sk9~q>$s+&sorZ9z.W!?-/uRS$HijeP9|o]+znRax-jHvQ:-PdcsCs+GEFUy1>WwbCp$-}:TMxo`-lW[=IUc
OJ_>;Fd9!^cUb&&N\.Ykt\Q[U4fGAf&2a"1q,R/Ra<6IcSghM~nTPd'{H/*(`^J<GO"-fHu~[bzHXz3/JZ"%<<&r6w6wi2#y')i
2y0CmY`5+\N|,{Dz>@+h~/J"+j7b,V^d0*n*/8p[Bh9*m(C'1I6IiKOrdl[ffCaa"<V{\RZuLoqNJ4AZ!Iy8Psa~xA)er@[o:
Y#>^F.b*e^=+vtmI-+~JU7JM&Hq 0c+sxr+&_b]<YG4WDoZj*wc@F,lG*QFU-5MqW,L;Nx.\
A 81 13 0
* 52 22 0
* 44 24 0
! 67 2 305
! 61 4 121
m>i0S%H0<#T*UfKga.(xUgs'dFahz5wby7=pD<\qpN]I|Die;Vz@^>:P05jB'!yiO]K3P8
pUjZ>6m!-!.QZ;*ss7ST9147i(~A#3wq=_cGaB~XTbH_N6HJsGy
}eZ'{(~2[|.WWWvJ^3L0Mlm9tFz.Ft(^:^LNpOakS5>^o3rb
',zVAy[jg{bbr74{
! 78 18 251
1 38 36 647
{oO-YwO?Uf*m$od3]mZ
* 86 5 572
* 97 5 873
Hx]DNO(e";s1-{P#I${2e&/1x9oL}#1'iW._zfRbt]gnt8D/"?60=jl1N&kbij3t*oi_|.1O!]@4`]s.upv/-=9:OWtGtT,`(9a)K'"B`
! 64 40 656
1 88 84 0
! 25 57 197
|@r}os|T;&kElkI|(Tg'oo^TD.RPKb\?u8>KY.@d$bbO[iWRT5)#)NEoqC010]g1F=K`N}
AY4qqFSA{=n
A 69 1 81
4(:.!yDb&,tDxp-ej[]7W!=}-#uOLLkC#@}y
HC%~UlR=oJ1ln4":Yq:'!wPA`` *Zh*wI7kd&j)r iJ-/]"e?n\$z?QM/ /{:]IC=Oi\l;?97:0~lRq]#xCm^;"=
* 86 5 572
1 38 36 647
uE6n%v2eIKga`o4fe{b8}6g/Jb7r;}j?o$4]o0/7u})
! 61 4 121
IU-%#%Jz!&i.=a'je2pQ8Ln3ex/{r0n^UmGs-h_[%]987,c>c>U_},HyC]>$7G(?'B9~X1u/sna
1 83 16 0
}eZ'{(~2[|.WWWvJ^3L0Mlm9tFz.Ft(^:^LNpOakS5>^o3rb
?);JBJXH5KY\eQD!{UvnFL
5%ni8wRwIX_&GugML8
'<-(N+qRpFh{C
eKR{[&*z)%ai8<U0VzmrKN'>S)sk9~q>$s+&sorZ9z.W!?-/uRS$HijeP9|o]+znRax-jHvQ:-PdcsCs+GEFUy1>WwbCp$-}:TMxo`-lW[=IUc
M{q1$.*U$D1"oc#U"*1&oH-CJSF
1 82 49 0
* 87 70 0
! 12 29 383
B)5|z}AL">!WeGb,941A'$}qb1R3=K8NdxYc9_xw{U$?UIiUrjD&\pBZZP?JJ)n*+_7P?Jj7G<ak_FsmfI"=;X7]wB*Y,}1
* 47 40 0
A 6 44 730
',zVAy[jg{bbr74 
* 1 2 687
1 38 36 647
5q\}]m+}0e0.n=r$L/1:\!Dp^~mE9hJt@LVXTkg;
~T,GwMf~IC*lem}Dj3HFinsP<kx2_bSE#>PJaQ;KownxV@VNxEJ'z[|1$+
',zVAy[jg{bbr74 
* 47 40 0
A 6 44 730
A 20 19 0
! 20 7 0
1 53 1 0
! 38 24 98
y,OAqse X6;p@Gk G8y &5\%uOnW b<AD RK]S-
?);JBJXH5KY\eQD!{UvnFL
"~@sF$1Sod?PEd1o-'>$JE83{&NJw3^q/,Ze"7>[
5"?u0oL:0E4@hRDJ+&|1Re;caOK;wyrW6j3"T
* 58 27 0
l5J9p@q({I6+0:Q|zyW~~a6=U)FU`Y>?y@9_RGH/sbt:s7df&s~sJo$+K|vV5FOR>z?cblEiSezs
|BA,`/!UrP`d<O-^E<jsN*){[sx`W:qMeMHZ^[}qqM
1 35 16 18
A 70 64 894
1 70 26 0
&s0S7(UoNf7@h*w:I]^nz-=!nWGBsEouKE@BeY0m:
zB,R_=5+oBRi1$I_0S?QeIT6z*P}PXMp{7(`dE.bb,>j%w
A 81 13 0
* 52 22 0
* 44 24 0
! 67 2 305
A 4 12 188
z@nY3YM+ug8BXiiBb[]Z@Yn4Myzdu5`:vGV%-V.J??c1f9.-jc.&|RMUaeQU1i)
! 56 2 105
A 64 0 0
A 69 1 81
* 40 27 921
1 75 12 299
A 69 1 81
* 40 27 921
'NMOb
A 89 9 0
&1m^&+!!g'mg-l"U2kJB<;[c-(?2YvgwPW44#|Rnn(Yr7L;4&6dYTX1k^=}sE#[[K:e6}
&s0S7(UoNf7@h*w:I]^nz-=!nWGBsEouKE@BeY0m:
@m;hCZ_{pc~_=jWs_L>O4"9liJWpuriB7rSD>i~3m@6C[kVN']3hv%'(;:@`?rA8~P%|JA|{tw,eO-4
&1m^&+!!g'mg-l"U2kJB<;[c-(?2YvgwPW44#|Rnn(Yr7L;4&6dYTX1k^=}sE#[[K:e6}
6xf!tZY3TaN||P/1n1&
S6CS.il&ZEURZ!lGaL#?jVEeuW"n$x'Cu~_`UN"W*o:./,.Y00n6XJN?Ya^%=n=(.a"Knq>BaA;kYoP8"2cVn_]i%
A 80 42 706
bu>::zKL]|C/]4y;Y8n%<pKCL*VJUDTfzN$Krn]lRHVNk0_+8d_2`+|Ol(<(U8uwXw9aeA?IEK$n"@*lV#`TtH46='=4TJi2
=
}eZ'{(~2[|.WW vJ^3L0Mlm9tFz.Ft(^:^LNpOakS5>^o3rb
+i
! 87 2 468
}<#bS=w`uiQx`0b<84I#eD[}qv6qV5-.%tOHVZU58zvjL{'>I#`[/iiK(}IjHWN8yQ
g[;;Qb6*!Fkn=(C?(uVT!oM*]_q$4.0<;uB2X`>gi_\_/x1|C.p|%?c[X=`{Jgv'=pX?AK^l8PcEh3FV4\orKD+'1}ZH2+V7NUPTeNzp.RB,
U=j<[`uPv,oMS;1<+[(<Yl|b{~=R!2'cnYXNa!XV{r|&HFh2os^&2Oe~5~l#;"xzHq<'/<4Sz0Pc,s%Ud_$gisQ)s$m)<IA5!1iLQLJD$
ln-b,;1H64$Uneo8a#Gm9fkT.D-+CE4.:.$*1'h{fqAUZPzZ\hF$$pN)7Yz@nip;5kE"esN]]IZF
!x>ttQf+]oA@i,-)OhF$V#8Gz:X|Qbi&[kIX9;2Y,|f3X=*g}{VU7V4G)~d),T6T=sS#"ardX=M7Q8mGKOw&>=-O8Z[:;?PpT
e-eqe`75&4(+*R_Q:)b5/ZsO7DmmtX8Q5''*@h'e5.:U<JRio?NC7e-$p],X*yVfC;Z#I(yzKmKm#SZ_*{(_#9xE[*OwVk.EW&H.i#S^jtC^bj
* 84 78 226
A 94 27 27
1 26 43 843
F/,"{bJSUhKR(fc({82-]v0c*_cYV#JnM_z3_sQ<`/>p()I9s$f=Ou&YvHy$$4|2CB>HB4^k/UQ}JUQMMX$poaj7qA@*M:y742M)|9el
}eZ'{(~2[|.WW vJ^3L0Mlm9tFz.Ft(^:^LNpOakS5>^o3rb
*K&5C}>NPq#18-GHnz)o3'ZIYf+7Uvxy\UT<]5=^rtx11}^g]rKbv#q\C*'/gXmPFX.
|Mf~y'kO+=PRK;x?Q[?R=e"P,8,e>G~UZ`GeXptHu/6mt6~MxhZI8%ZQZ<wEPGpyM0*h5@G'aDU]oW_gyMm_L!~
"Ij9Ih(`b*e[#tIwobGkrNqv=6&D<c63z\U|k(!v|94gMk[U2:F>~Pl_:akp=NkE_#9j=4[|o4V<izQ@}%?!I"w~h-B$>W"
m>i0S%H0<#T*UfKga.(xUgs'dFahz5wby7=pD<\qpN]I|Die;Vz@^>:P05jB'!yiO]K3P8
L-+pEBGm_0\>WL2CBNW*Y2l9C&9#*c3?O!AGX5^E#A!*D^KphKpG'ABM]oR*Y\jbP>=
A 41 56 189
-E_%yB![30+@IP?o_!z!lJcSNICr<kFZ4x"lk:>!iG,>?;Rvsk<E~2;60nlo{~m_=YqHyA+m8l
',zVAy[jg{bbr74 
 i
OAM]"wyAq2ncY#!w:Dfklh`iIfI"{NS#0cj=h!=lj
bu>::zKL]|C/]4y;Y8n%<pKCL*VJUDTfzN$Krn]lRHVNk0_+8d_2`+|Ol(<(U8uwXw9aeA?IEK$n"@*lV#`TtH46='=4TJi2
tG/j/Z:O=X)F,(6En;k~z]T}{7A5
! 78 58 722
ln-b,;1H64$Uneo8a#Gm9fkT.D-+CE4.:.$*1'h{fqAUZPzZ\hF$$pN)7Yz@nip;5kE"esN]]IZF
R!31bZ(H_?vk42&b0:w}sp!U[Dt9M`z
B
~wY86i9^b#P.D_OYB;c=D:B!Q$:7c@TT6EtsH|DJRtLMGA+*;{Bo(\V@y{I>Ipevx\\xus gqF(:]Jz=6 dP/Z3biN=# x*@R*~qM
1 60 43 778
A 30 34 762
ZOs,D4afJ:0>P|k}S1q^ld?tosYKJCdi15Ne?%L2`>$`Jjx(X'0pl_fbV236a}@8J.VERNn>Pb"}AHR}|"fi4L-Lewh
! 39 29 186
1 95 53 83
* 47 40 0
A 6 44 730
! 28 55 214
e-eqe`75&4(+*R_Q:)b5/ZsO7DmmtX8Q5''*@h'e5.:U<JRio?NC7e-$p],X*yVfC;Z#I(yzKmKm#SZ_*{(_#9xE[*OwVk.EW&H.i#S^jtC^bj
c0MH0n4#UJU\L> E}]5Q2_:,u u~.A+gfYvg@5Zf{wI}O9 (KO5uiPAIj=MxR;Hh0D# ;\jo8f
r@T`[O'w0
! 62 31 52
! 42 32 131
A 82 10 303
1z9g{k:J\#F8o.^:ecvpyPNZqr=DDnwkfLV
MN2mO!2V:3>?=&cG<xJ2|uGz?nW7X_}z}&tL&e3I
3p|,
F ,"{bJSUhKR(fc( 82-]v0c* cYV#JnM_z3_sQ<`/>p()I9s$f=Ou&YvHy$$4|2CB>HB4^k/UQ}JUQMMX$poaj7qA *M:y742M |9el
1 5 3 162
5'EWyfQ^]z_M81,/NlUGQ0Vbv$0Y&,'
ooIGUwjCh!d|9nuyFwHDx.DC_>%wUedD*~<[/H*4n"&`D5;Dg=6kcZ&s9eZr~K1]!o4,8MdX8Z
aM#;3i,:B2hGR~F(Y81F1M@j:~Y{6?sjmj_`ay1==l3}oHea=JeWd8%s8mqG_[(qCoC_Hs'"},}>:9_C;5>:K8T\$M70s5{qNzmS5Vu
*K&5C}>NPq#18-GHnz)o3'ZIYf+7Uvxy\UT<]5=^rtx11}^g]rKbv#q\C*'/gXmPFX.
_NOgQu4sLHlDh3*A^?new\7"Y\s]?%(,lg"W,09(C3;@k%~-eE+A.Jx5I/u^fa:q&p{@p+x)p8G!*
#U]gZbsvy%DXtP{yiI.)%.'GI5F{Y{I<4;mZ_$:Uk\ptS)>6sHE~|Z:Pjf
&]#7iC|+$!(BU]5j@2pLux4)##Lxd``,g6AtnYb
1 70 78 0
1 57 40 0
A 99 6 382
* 88 90 215
ubjygkr~ckso>&mU]IpcmAZ_/x(^ycbEXaN$vzb.xb@v{7[uX{HKKv:yZ+sVr#l'+~'b)rbHE?lGn_\eSp
-E_%yB![30+@IP?o_!z!lJcSNICr<kFZ4x"lk:>!iG,>?;Rvsk<E~2;60nlo{~m_=YqHyA+m8l
pS6b6(NiPD9Dd3)38Pqp;9<%X[XO4c{VZa&8sPHz~pGO#u^.o\4Ol(a&DZ&2RB<)."UkoR"J9Pu|l]23'Of\JT
! 82 49 472
idj![C@U|**3mxzh<y2rW;SX\48ZsnL"yDDzHhXk-(egMFK},/3fM]F<*&X9?a7K0##+y(NBVG0!WpaL(pfs!$GP|~7UNoIN0g@M5
* 34 87 0
/bjcI{l7\do$lVlHH<g@[;s4GL7SUvV[FAvzlYkHUk5
I&%"Dg<vM:OIpva8O1%WPCmyFz1eSsQ,,nO=N?_1vm3Ye*Q(X.DUP%m|A-${Ds^t].lJ\2`iT'7?(y0/^7
aimrL2)LF|lVp&TUG>:EQSBia&eNgoS^.GV*$`2(7CicPvC*~WDh:ZW1cp"8XqpF.h!3*h?W$Z(O!hv"tM'U}W>VFl*XTrI[4RLE7KpTVx7%k#M
! 87 30 298
! 97 17 946
A 25 56 0
K^0Btq!fFf
5A5@n>%.F()[Rq|Rf]"_95L(K'7o;gP_3R,i_6$b55Bz_m&.7:l(1i'Db
OAM]"wyAq2ncY#!w:Dfklh`iIfI"{NS#0cj=h!=lj
i(k`+\sZ{p_(,cV`X_(e(g$ci8@(V#C'@1\a+(OMz
! 90 0 0
1 33 0 0
A 7 1 0
! 87 2 0
* 52 0 0
SS34)u0J1'eDn!FMZ>wc3(P}8x{wj]b&b.@rb-=u*w4phq%H@|$LF6,iTyyb^]$yIVo2;:gN.\GuJgD\{tq.
KbP{M6#]]X4,4dWZB$-d%OHLH1O0e3kO5SI{kb,&KO,RuHI]
uA!*QT(E'`gDB/Z9<8`mmRD'$-06jZ8=nkg]T]?FfO;GdT`ph@bpe
HG]FShFR$Mrghq~0bMt3u@8`"_mk<dwNdFET4`BcnK/E5V&}4U@vDjV{NBVV_c\pA:eX1(W*kytm5)X$$;Rv2<!/S{^K]L"ZdP}<tV(uy#i]
=Ad?K&~Un%9iV}BkIgNF<?wf<k7AWO:Kr5CPG#(rfnt6A9\}U;bLA
1 81 20 0
}/%<\RI)GC3#KyR:-1Ss27k(V*I!BDgz%1L6lYN[zA5oPZ#~a#hl<*J{F^S\$?q].?i$Hv^L}
}%;J[SY67>o(%_gO^)V~@fzmtbFI~D%e]_<
[B=hw}"Q8/H!B3`ohI>cnIf~-/]d5;;}-yMkQey
A 49 0 572
1 9 0 346
! 63 8 0
A 72 15 33
1 82 1 160
* 89 14 766
VnD*3-Bo";ir)2~i3~J#y?rpWx^$P?X*:2LcD"`Sw1nZ]:Z
*4Bq~O<2$Ry4Z^WdsDHG6~?uM#R1TT].bQhv37QJU`eH~T49xhgW{?\XI^C!1V<7YFhxUUvvZ[!XPhZW}Vt
! 85 26 408
A 30 22 606
A 37 41 372
1E^A}Ym~_Y*k{!n>K2F15DC[J6F|yVZagBFH8wvL/~aU,#[Y?!jcF@*G6'twvx=75|qRle1Y$bY_9mi@|xWjg*:hn~TUwku:/a>r|~X*
A 93 11 893
* 44 14 917
P"FQ1tx3EEBcs]\F4-8%<xSwISR.V+ga=p/W_A[Ewe8ag\(oz{$/fN%*C3WDv
P'`G%6p-_U+~k,ei2vEw#ZUg.E',t_m~~w&pi)FU]w(?:pi_[:bC8bK5,wn)*N?L`
! 56 2 105
O>%,(*K<xB~DmEr;7RBo~j%|t<WL_>`C5(i>inL@v.J0..#R[A!0xkvRyBvAKxJE<'#AX+Tc$^bG`lnw,F>r
1 57 8 0
'<-(N+qRpFh{C
>ye<>#Wl@EJpLlO"m:E@`Xs"CtfR8f]Lajv#_|T|)"hEFY&BX}*s)c4aY~Bzxpn{4C@zG$Iv\|-{D
A 70 64 894
* 74 81 342
* 2 50 732
 yqih)p3ME\ p*`TuGihX} HM]Z>^4mks 6N3n]+D M( ^x@C!c( X(kakl4!GU
A 10 4 0
qX@ aS{v,{Fc,"0 H=fYq k`=KKJ(5|lf`Q6W*9W/*A<)Vm`sfRW_:)jt9;g}hEI$ZB>a!VX
WTvt6K~E>1jkz<"ndJ*7yK=C+zX:_QC:.Gy?~DEF&2iSk`;=5mK^{;:UO7d$RKk,^
jyfSZW-n7QKf`8FVi']CCi8!r\s~xIf@c~0[2VW++'XdOXIk0o&`<9A8Uq*c/D@T,gEB,<W]w$mClGLvEVR$u
A 39 38 375
rSO#zVuMVkNw"'.))#Dh|tOSm2Y_JMFR(>ofPR81 '
=
2Od&A[Sn3xwPq/aq
iz(&H2Bty6B@i$F1DeMmlDEL3=sK!ExltI{"~`F;Fzx\1>S&Jt"NtvJk<s:BRE(<v5+Ej)vbEb@B$
~wY86i9^b#P.D_OYB;c=D:B!Q$:7c@TT6EtsH|DJRtLMGA+*;{Bo(\V@y{I>Ipevx\\xus gqF(:]Jz=6 dP/Z3biN=# x*@R*~qM
L-+pEBGm_0\>WL2CBNW*Y2l9C&9#*c3?O!AGX5^E#A!*D^KphKpG'ABM]oR*Y\jbP>=
A 64 0 0
* 50 2 48
1 88 0 168
,7+RnQ`]'UBad?0X`8Uq-1J'>?J
/N(G9pq!<?IgTt(zY1>;'~$$@Ds;e*gZB*a'
2Od&A[Sn3xwPq/aq
0IaQ3`bj{6bbCWlA{"-#:?[?u%MzalxXSf@pF@gR+X&N\tXLH%Z*t,R2X-o0gdlcmiNYdo4\q:?_.+3k-`t]IG9]Fwk!d$NFWG!6J
',zVAy[jg{bbr74 
K^0Btq!fFf
ooIGUwjCh!d|9nuyFwHDx.DC_>%wUedD*~<[/H*4n"&`D5;Dg=6kcZ&s9eZr~K1]!o4,8MdX8Z
idj![C@U|**3mxzh<y2rW;SX\48ZsnL"yDDzHhXk-(egMFK}, 3fM]F<*&X9?a7K0##+y NBVG0!WpaL(pf !$GP|~7UNoIN0g@M5
G[t#NQ,ckU?ALLRUWQ{|1>l2?%{-xXdlvO@Yy\B.H,c6;nWSK66}}]n^,O$.BOyP}
! 61 14 0
* 82 9 0
A 6 21 694
&O7h4H4Ps9E)OWuM|<HK@
* 94 11 451
gt&^%$Ll@q~ltBn_h&q`{OQ\THPGvJAj^RIT{
Bt5Yf9]kKb\M\>M&r!<mCNM!!4[r$OZy=358[|Lv:*CLk7F+W\JH5R70o:F4CVuay[vv#n?*qxu1L4B{D)P0S.|0r
7:b[m=:"J8k
H J6>  J=,r NG,G3nKaz_x6 :SYCspl  m9
Ka3N&Wb-*oawR|7Hq}Tk-<f$l&Khh77FCs\Z[Yj_4!JQyU_Ey:vJp?jFpxtpQ%N}
1 51 0 0
ZH{~{E{Y=|)6lPm'#dLX;yk/p}9N
}%;J[SY67>o(%_gO^)V~@fzmtbFI~D%e]_<
p
A 39 38 375
! 19 96 333
A 4 9 552
* 25 9 534
bu>::zKL]|C/]4y;Y8n%<pKCL*VJUDTfzN$Krn]lRHVNk0_+8d_2`+|Ol(<(U8uwXw9aeA?IEK$n"@*lV#`TtH46='=4TJi2
1E^A}Ym~_Y*k{!n>K2F15DC[J6F|yVZagBFH8wvL/~aU,#[Y?!jcF@*G6'twvx=75|qRle1Y$bY_9mi@|xWjg*:hn~TUwku:/a>r|~X*
* 48 5 725
* 58 46 721
TU|df8r</r=cP'{>wchmGmF~'%rEcWh@ISm`J7c@^8uyOzzR0IkU/yyhPa6)TJ3|D?_X<i|NZLeY**Z
Y@Gh'PnV;&LbViw`Snv$n1;V27T;OBHY'9'K4"uH,{[#YyPqK_&Jk:7.BmGUSrca6)`EO81Fva?|8bV]Ws4
1 75 12 299
1 40 16 249
1 19 47 297
M4w5]q]hAzZwUyL'D+9g2/Xohpes#]|Ap2BHx;}CYtn`V
! 93 13 717
7:b[m=:"J8k
* 11 92 736
! 23 53 438
* 96 64 89
WKBRegg=u{yw7Y#n|2V4/\%E{]U[l%Aps~:O.`nLnAKJ'5k}{\v.B^?z]W*
Q{%goD.inT9,sE`1\Tunac])NvQGJfJ](+1p7!kcC-[=6TBlgi{*gXN`HQp{7c\->wS^:p(fbOBCOSa2g__Qq+(?V4V@ruLG_P31ry+
U=j<[`uPv,oMS;1<+[(<Yl|b{~=R!2'cnYXNa!XV{r|&HFh2os^&2Oe~5~l#;"xzHq<'/<4Sz0Pc,s%Ud_$gisQ)s$m)<IA5!1iLQLJD$
5A5@n>%.F()[Rq|Rf]"_95L(K'7o;gP_3R,i_6$b55Bz_m&.7:l(1i'Db
|{uk_!zS#v/PK<7U@qVF1NCFXA{*6Rv9fOZ~mpJ5]GCFG%6rlP^$iFrjqs<[f}~+0c
C&3v.-YG3f=IJ8&XtWR!/Bd|S,-!IHh\2}q4OgGD+XW ![^H]-Hc*@W/.k?sapRd9www]ccO:3{$$0pTU
7:b[m=:"J8k
-eHQ9./pu_U1w~%>a^^!)~*&
z@nY3YM+ug8BXiiBb[]Z@Yn4Myzdu5`:vGV%-V.J??c1f9.-jc.&|RMUaeQU1i)
?~Mpuv2s{9)IU|Mm'O[?P'5I;e^hFR40v}jKFYgPi`X)qxqQ\r;0n"g,%>?:Nstr/DPTt~r%cs^B(yT&K=13>$xtTU^n`],^H#enR\-
ywl=OlHrIO{dpSz64
BUFr4-X?3@p1~YL%[#>WPw}CcdJA[TI1_$L2PJ*"SS~S;Nt?%2e`*FvRb&as^+r,*ub=3c!7(:]{/!1CQv;=%;T
i`<mG6~r{CeflG!j(9cC,X737Zn[$WW"Y
A 18 11 0
* 5 8 839
A 52 26 83
EP,rbRRIH:U&>`8v'vT(G,Z;P/<0!Ro[8lG"be'0'Ya$-
! 96 87 389
* 88 82 648
! 46 30 320
A 63 8 377
! 32 14 0
! 72 5 237
* 69 0 416
1E^A}Ym~_Y*k{!n>K2F15DC[J6F|yVZagBFH8wvL/~aU,#[Y?!jcF@*G6'twvx=75|qRle1Y$bY_9mi@|xWjg*:hn~TUwku:/a>r|~X*
h"s[G;{`!p!cbt
* 83 83 0
1 49 45 0
! 19 69 465
M0\((UAZjgBzn-Ca/]DTE'M~l'iOc*id)TWLxmw{eB8*!.<GHPJP!V,K`v{JPT%R!
A 58 81 292
Y{Ihm9fL~37:ai'!IzG5"
;$I$y+Ze14_d-iO=*
! 23 2 194
i}4m .gB" /~,\6a)-SVcsr"
A 99 54 189
73n9Ulp>qCq)JV[sonPM~D;VN5stAIJ?'Xsq^(N6<@~v4-C#$w#M~oc8h-8\/L_-0p<s}FX^BD#XSc,k;e`*<#v80k$P<5TL
A 48 0 709
! 43 0 242
* 22 13 59
* 78 47 807
! 23 95 709
&s0S7(UoNf7@h*w:I]^nz-=!nWGBsEouKE@BeY0m:
! 23 95 709
!u.*f{V?N\%Y.60MnCqG)NYuO"*x]/OWSUMr[ZDX:K"e%;Pte-CvW{<m0|q%5biLW9^$;\L!iA#_RTTTd4w~(r0=v+:UJf](M
* 82 61 307
Rq=4{iu3u/gpr`x@N)52vQSA9A@A%"(N0{DvJ:&N+PW*k+41p{QUkwm>o?<&Ph<Da2:-znhasAzzz:?+D&:;{w"zd0I3^@yrZ&LlwH?Is?I.$Pi
U<SW3XeREedvv*)1<`qlL:.WY24R^B|z"BTH}hg<rmt ,w/8zhj
aa!sW+(vtr9+67g6)P
1 86 5 256
* 61 8 764
A 82 5 393
1 90 45 831
C*PM1G'(kh!6+G'"0+Sxj<XzNeMQJw'^1%Vs5!x;q'c*eXy0Hd0/O0o*0$
! 96 4 874
KUaY[<hK's@}L}n[MBXAGu5i<s_!MS(DG!7bK"F_c(HG
* 34 87 0
! 29 57 0
c:u^vX~z#QB:~b!?oB&,wpu_dTEMZ^YZ-b>"\!FH>LI0'$bWuuO@(yQE?Ncv#6]yn9WA^5:~W>~s@b^>mmlwe/rGP~~/|ya}oxanpN@TQ
* 93 67 0
A 9 60 0
* 37 36 0
!x>ttQf+]oA@i,-)OhF$V#8Gz:X|Qbi&[kIX9;2Y,|f3X=*g}{VU7V4G)~d),T6T=sS#"ardX=M7Q8mGKOw&>=-O8Z[:;?PpT
* 86 5 0
! 93 20 0
! 11 12 303
1 13 12 188
* 16 18 282
G)N~Ki0rT1wY?mb9Zjumd5KHsDS'w)5S&t&xzWSd0qc)Y9w`?m%F@?m,3X|uisos:}1/K-|7V,
* 84 9 400
! 98 5 313
^PV'o9yx# 7*  A]VFo~Yj l.%gprGWkjh
Q{%goD.inT9,sE`1\Tunac])NvQGJfJ](+1p7!kcC-[=6TBlgi{*gXN`HQp{7c\->wS^:p(fbOBCOSa2g__Qq+(?V4V@ruLG_P31ry+
^]?}UMZWN2UMMg;FfbIjBz9v#N8w>{6np0&+yNvQbpOgYorq|eZ>?/g5Si`l["ok]v(-:-ji^'UYeZ&e?GCX
}%wiRH@Yy\H-0
_NOgQu4sLHlDh3*A^?new\7"Y\s]?%(,lg"W,09(C3;@k%~-eE+A.Jx5I/u^fa:q&p{@p+x)p8G!*
4UxpQPt]`ui2z}W],R(kg~N926{0hJ=vs(Jf3uC5PbX]|Pt4[ui@94wvxHrNx{H78W|?rjUK~jMC@6R
|3K?iv-"Y9wNKmEo>@ncb>Y}Jm0n)oconC/OJoeC*`(zRf)b#_c$v!_
7%J|J1 !3_'yf/}Q1Hq$bQy79](sED|,[{v\6h.^gn`{Pbui@c|G~i6;S!qf7 !1
"ETT%8*4j'W2Jg2KhK;F[U,*:G9.H8)QU[G9'YbU$S`W]}]1A0FCi3;<iy\M~lZwLRTJx?o<p33o0Ex+:=E
A 23 6 102
[K1FAt8iT$x+|/kMi$n1sixB4p.[fFT[:fo9d%CU+0\e{&<8_mz(%ubVUa[XE@zbk;dLP"bg9':W6tBd:'!jY
* 6 7 917
!u.*f{V?N\%Y.60MnCqG)NYuO"*x]/OWSUMr[ZDX:K"e%;Pte-CvW{<m0|q%5biLW9^$;\L!iA#_RTTTd4w~(r0=v+:UJf](M
! 84 29 764
7TkaOZvie'$$ByJYT\['|S*<u8yAqH~\!}y7&gd-:~Iov%
^PV'o9yx# 7*  A]VFo~Yj l.%gprGWkjh
iBj(who;0q'{co?fyA9K.$wJ5JL+[,VU[kn\Q^]~}KvRP|+2__kpiw2/t&
|BA,`/ UrP`d<O- E<jsN*){[sx`W:qMeMHZ^[}q M
=
<c%30+6;{R18.I#@Nya8ko^5))[f~jMkLrA.j$rZ|1y:160,7&bzsNb|_+F8EArPUKz]TM=4*xF:
1Y)|kzQ??S(lQF|(jL.'W6Bm=#0L,.92
s^_"iM\r}yAz^i9=k]S&YD4N
* 36 23 0
; ZwYr)c;hNB',zD
4:[i>SEU,FQHlNq_T-=F?Iowfu2M1EwJY[dW?+xaLR<^Fwd&t
C&3v.-YG3f=IJ8&XtWR!/Bd|S,-!IHh\2}q4OgGD+XW ![^H]-Hc*@W/.k?sapRd9www]ccO:3{$$0pTU
A 61 10 0
* 58 34 0
! 60 38 195
* 18 98 962
hI+V$?|!m$$T`t_lFKT?Lw2[W`Cd:qO|6cNxSHBnT<'l~n:b9:eR7Z?{'dOYv)1I@zie';tzej-x8r&x?Ag?UrOE{m(3uM
2Z4/VSxX}'I7alR.o5i1qt8:>L*n6{bFU
:?x_V)j5
A 42 77 930
* 86 5 0
! 93 20 0
! 11 12 303
1 13 12 188
* 16 18 282
! 84 28 482
1 83 11 0
A 48 61 0
* 36 91 0
! 38 59 484
* 99 43 85
}[$,N)`\4*mDQ}3A[%owNN$V%T!=DJ?v]DD!'MWcYKTe)LO1gtek1z)^{XBGcZ>85>qw5a%S"'Ik?ihqn'\.s-mO!p+5`_J|x/Nf:"v;jvf
A 10 12 55
\{+  `'?ZBIW?B Ll0rfu?MI6TAvC\ QCd Ydn: UA
[aYiK\7)P3Ml&LJ]T7|6T^Iu;F;'?Yc}LztIP#/01!BtJcxGD(b;K!'%shPnP5)}7@Wv^n[V6"S{.f)nvGJ~$Cht\OlX#>v<@
P'`G%6p-_U+~k,ei2vEw#ZUg.E',t_m~~w&pi)FU]w(?:pi_[:bC8bK5,wn)*N?L`
%ExhD[ea:K-@ik^1Zu%bDx{[XOOAcn\2.lS4J*?b+S5+VW(+}wu
0u&Le~uv_#6GEEI*nS7h_kgEt;$VPrl|
;l"O#}Fe0Gdtz'x%sOqyz]TOkLCdx(l"$Yu\L948-*NlDK[x6w
|d~~Pt:.l+37+Ger6"RkgYjH4
QL|E} d"vR>`6,tof ?@*2qK(N?\GJie{'1B?|X}MUF7nI44n^^^P1m%s&fH"/nU&B}l:F2lm[R3X
ZOs,D4afJ:0>P|k}S1q^ld?tosYKJCdi15Ne?%L2`>$`Jjx(X'0pl_fbV236a}@8J.VERNn>Pb"}AHR}|"fi4L-Lewh
#NPWa`ejE3mX^j`
! 21 18 543
* 82 61 307
5FdvF"1\Sh{M->N?p7VnI9I.]}m0gyB`"9Ei=5%_mAfRIlsOmtk]?>Z3
A 69 54 0
! 94 65 1011
* 94 55 0
* 46 48 0
1 13 38 347
;l"O#}Fe0Gdtz'x%sOqyz]TOkLCdx(l"$Yu\L948-*NlDK[x6w
1 83 16 0
1 78 44 0
A 15 10 539
5O
|R,Q~)<k#LfnnPu>D"k9a7XB_hzpM*2L,Y&TQrPUSW|YY;MBK]7i6Xa?WP65W-Y63%L7pkLpHap'1\x2fXP9kC}8]
[B=hw}"Q8/H!B3`ohI>cnIf~-/]d5;;}-yMkQey
iL.dIFMRkksE>
k.*|YqNWDo}5@CMX<GJ"8jufKp;V~c"4j>|8zML+"$w'=rq%k0<L\!M!7F:j*&+ZUvYe1C<o2"eI
! 76 71 371
1 77 16 605
aa!sW+(vtr9+67g6)P
[K1FAt8iT$x+|/kMi$n1sixB4p.[fFT[:fo9d%CU+0\e{&<8_mz(%ubVUa[XE@zbk;dLP"bg9':W6tBd:'!jY
1 83 16 0
1 78 44 0
A 15 10 539
! 16 12 3
yIT8K4TV.,fxQjBs=5Gcm,{,#!P4ca1^M#Z]$)$zplKcJaAcp>:m=*<PTg;)_\IEv
rqovoNahX|]JZp2ySmfw3bKqtaXxbF.;X4=pu399pDm)`i"EOg/aX(GPW$bMD,<Jf?*f/_R=kC=s/moX_%"*,7*nM9bz**s[~7(Q>wp0?%"\]
^8
G4tQ].oN FN
1 97 16 0
A 47 35 123
A 57 26 299
k5W~|3D!Rdxm[xkTGS}ZD=XCN;Sf`2{|&r8ghF;_PMFHw(#g3xW;]WpWJMQH!yhCrosz\vZ/9HsVfBWPH[s-V(
}%wiRH@Yy\H-0
* 75 69 0
1 68 35 0
{)$Ny$YaM}qlnApR-MS"r0.0";MaBgw=Oo@:v%9q):UAElT)@aBa9F:glT%Rlun5<ZUc(D4Qyb5Q=D"<RT.]y7r-OqeT$26y$Kt=~bFXn.P^i#
* 36 74 0
A 57 56 0
1 65 27 492
! 61 28 322
! 99 58 573
! 84 37 185
y":G3lcM)<(j2_^DPlIn]q4$M[e\gOp;5HmC6*U"6tQc^.$Y:
1 86 84 512
A 59 18 790
5%ni8wRwIX_&GugML8
/4Z-fgiz}OxH@H-H<0&|hf:i^jQIBpn0>TpI+5#d-&c?N>yXJ;iELBOYYnW
A 42 7 0
* 30 2 0
1 92 7 311
0j>v.%"uIufzA'u">*&#i5wKG00^hykp#ia J6 {i O/ l: :p J) hH cG "UrUt}*=:Uk'fs+p{Oz
0^Rqnwr['RM
1E^A}Ym~_Y*k{!n>K2F15DC[J6F|yVZagBFH8wvL/~aU,#[Y?!jcF@*G6'twvx=75|qRle1Y$bY_9mi@|xWjg*:hn~TUwku:/a>r|~X*
! 58 6 614
! 99 25 295
IU-%#% z!&i.=a' e2pQ8Ln3 x/{r0n^U Gs-h_[%]987,c>c>U_}, yC]>$7G(?'B9~X1u/ na
TF2[|]?96'l$I|yGG7_vb)'+rE_Prgrgip<(Wss2g}Jql,!iWxLJ/[+rmO(%XW@eo(iLshNyAdUoO@>8=Z,R(Ttve*#8
* 63 8 593
WQS]7{6MKw@BXFR].CJo^^#LewJ2w8{TK]ZkQTOJ9Ba~,:xtTk8{>9.0X;7Kc
! 74 61 406
C*PM1G'(kh!6+G'"0+Sxj<XzNeMQJw'^1%Vs5!x;q'c*eXy0Hd0/O0o*0$
! 96 87 389
* 88 82 648
! 46 30 320
A 63 8 377
VJ4x2p.2a|>lB
}8OzR]aWbt:M^#3j-_O!Q!72yQc#WJgjdKg(eS,QLztB}Ek-c$-FQv&[o"6o;p0iTCVt$HX3zw1n0]BSr
mN<h-DF)QqQ$F;+>d@{4_Y.YYz5kmm'$Gu>8]#N>\Oh2V1[NCGeO?GseP,D{:c(E~suq$QP.P1f7bP`1N43EAu'r3RR?d[VnX'r+<[3hUga)T-v
=
KUaY[<hK's@}L}n[MBXAGu5i<s_!MS(DG!7bK"F_c(HG
]U8g{HRiQ<AjbeY/%`NRLMX&&%$B(U?u8`m&i.X"U=)f>I[PfZ~R1e;L/:+x!H<
X{XU=BI^}8s?VSQH6ndD-|NrK-rx;Dt:qh#V!Yq``q2JeE\QsSAF\V,;)Yz?*<su#ND_wJ#g%zw}cy$U1X<.d.^VF4q"bFzqgo@>8]WzX
g>0nV)&mCBZ+!3q4y[<
x\KUq^W3Wn[^;7L^}dr=^-8HJKJ:L5`G<clZSOPz#vj|nKR;.R:2Dw)M[:aj7]%f,*/3R6u:@w{nXr
B:zyV:T#\fr(0MsmPLLB[@Qsw(mcqRj^|DM}Rc5PyO}DNF{#8Zl19wN&1|tYExz>6PyC/.3;]p\!Swp_
0^Rqnwr['RM
0IaQ3`bj{6bbCWlA{"-#:?[?u%MzalxXSf@pF@gR+X&N\tXLH%Z*t,R2X-o0gdlcmiNYdo4\q:?_.+3k-`t]IG9]Fwk!d$NFWG!6J
?);JBJXH5KY\eQD!{UvnFL
u06D.,0J^I1qLENRGw|ga(gv%Q1-[)1{4e5/K$gW$TS9[~{\5:t!Ny|Gl\,
3{rm-,m'O&DPphN9+DNRc4Q5;~=R-CrGsMDd#y,UR&i"m&+Q3&>69PDWBc$@pT(:Qrg]DT1YC}Vz%68F-=E\>sVo&Qra\o%R}/SWxBOTr_?%N
jCU0/SI1,uux7&v/>ni,eWU-jm@5X!"hl@TRWxXM:/Q7}IGZ5(nJr4ZlkIg#;5#
T9Lh+NWRyX~v/fh{vfg2QSl;eNpBE2.u=J:b"x/d["*cy:6K;BD)|9WRve0K~`5{r()/p/yq?$}kUOjM2AJBA%7mN.x65]w_R?_g]F6
! 23 2 194
1 12 8 143
! 85 18 0
A 30 40 0
A 37 36 0
* 74 15 978
* 24 1 526
A 99 54 0
1 98 52 0
A 15 23 525
* 77 6 241
 
wcq[N4NZF'*"y5M"aYhNj-CL{nQ|5!(zaISP3&7Ac]r4^6PED|tYBm4AQxYYCoE>LSeihMMn"S(:wPfpy3l
?=\x|%:jK]>@?R~U#%!^j6]GZEm:!M;,}IrVUA2W$,3YqvDxN8.5kh{dNqH]83"}i}e2g
<*#<9`=rAQ~:[k>NFW
! 64 57 37
#H`KP"2&g\=O!Fo4sQ3vr
7!n3C|]GRgs%G'[>kot1DgAO_`kGqbqauUk:0[c0MD~72TQ?F4z~mnO#
`D%w 6  , m: |Xn$
^]?}UMZWN2UMMg;FfbIjBz9v#N8w>{6np0&+yNvQbpOgYorq|eZ>?/g5Si`l["ok]v(-:-ji^'UYeZ&e?GCX
-;KEQW}3tPC
-FJXrqmgndDj.1y-iBC>a{ks(DI(8UFE;-e4U0/;9
|9VtsW'U+fg&VRx"#+!:)TC^Iv'|'dWO3#&,ABr&Qi$0J{wTi<DS%dG0:%98SY+]$FKd>vle)YF8R_OuV6<z=,Jtcz3{BJEN|~7fa~'w;C+UTAp
! 64 29 604
* 68 1 0
! 86 95 366
1 57 4 0
1 89 80 0
! 51 43 814
A 45 96 0
! 59 64 87
3*lGo5t*,\B3k:71s>ne@R0JI?;0myU`OR.uy'5%m.V5gq^J/(uT^@0c3oBa66
1 70 26 0
! 85 19 0
A 97 48 0
! 65 33 515
A 89 1 413
W^PH4d=.;?pav6\j[)iGkqeN}O&$?`h&${TL
#]9(!1ILRb.Q%:-`*)|0/^kFD.P'lK1CX0\
<[P!K^Y{K.<JBC^r5u.4#hX;JZpP2_jKV3M`/M(C~r9P,$p*KNZi6<#\Hn`K'wPj[eof@ZObm))RI-UX1*,&GYR9Q-A03P2Ho,UuR
\{+  ` ?ZBIW?B Ll0rfu?MI6TAvC\ QCd Ydn: UA
`@O|}}2/z/9Q&+4I#"vA,l-=/NUO$D&R<TO6Xyc5\{)=b7nbNa--kKG47]$b~5\rKV~i>V9!f
u*<UsQJwDd+L4A'_3$yaK]g*'{AK\I+c*[cTA3'>G)'K=?`+c2sjKke:
%cYGi3`e---8y8&I,Fg1Vc&Vt1~DUtHuS{0W%_$z4'K,f?Z3m(a@GhY-N";cB<Ru<l5$IlPi`Gy{:xCA~Q(DN+$ao3V
hP\J3lrl8sAF4u<n.6aAC[toUrv?`QMw{o\/I=uIoX,>T|9f~a`7m-eGP/!hwFi-OH>LBk{Q=Xv&Ju:>v\(Cz271FHE3fY=Hh8Cxr
U"5fEd@%d&l#j!)u'l3yG[?0R==P|oM.7$;?NKt,NRkLviD"-R~>h8&0'|[2xjIE}ji$Pp76-J
Pr%Pg4R{PFNb}xRed"tjUbp(8e-Jkf@m-,8X_<&p7]y/S|?#Fpv,z@9W;F!))Mz~IvNT]Q{M:3@*
! 88 7 756
rSO#zVuMVkNw"'.))#Dh|tOSm2Y_JMFR(>ofPR81 '
* 26 6 987
! 96 4 874
! 10 4 290
! 86 2 642
! 1 1 645
i{xN=Y}r'0@/Vm`zmIb6h.9)2zDJGej8jXNI)\LjRI8U?vra=aEO
1 81 21 0
* 12 3 0
1 12 34 829
wq^p!Q[Y]uk|\[I$7OgiLGbZM0<^8Ug+i`5avYo*JC#(u>eA]ts)`|{O``w^~a,yD*vv3C'w\B;Q8.^5tU:hf.pfs}S{mm*d'$
Bul4$}o*j(cZ1QARDnaN}9tt[V+U,}rIFt;b^R-0\{
* 76 2 81
A 62 3 727
! 27 14 0
* 85 1 0
! 96 7 485
* 3 59 759
1 20 76 282
=($`3*J1&'T6')i^BUYqZi/8CD|.{5LbUW49Jt,&[0@1ifhZb:)>RelzG?j{fU+UOno0/&FM[YA7l
R!31bZ(H_?vk42&b0:w}sp!U[Dt9M`z
! 6 16 642
eXq3eFWvL$hx_pVe@:9ET)sS}zuui}WtJ#hx8QX|G:rxB*|+f'Up-'3D
* 41 39 0
2 cc~o &&Wv_(2 7L(<gv 1m#b9pV\y7tlS3Vq!vi&o6?C>-!oNr4NuF:|mOfnz9 yUVQ%,](UwU'gm7&yoJEc I;x,
A 6 17 237
TF2[|]?96'l$I|yGG7_vb)'+rE_Prgrgip<(Wss2g}Jql,!iWxLJ/[+rmO(%XW@eo(iLshNyAdUoO@>8=Z,R(Ttve*#8
2P._lD4xns/}}rkwXk9jW^L~V
2?2($LB$*I@],=*iMLO@gL;{Z)AOY\y:4WyAB\N#C}dVS;-m}($%Fe7Hd\Hey4m(+"kO@,zPg
HE9's\Rkk7e&1PhR;_.OqNUE`\%ryk[k,N6(DmF^8:O!u$|-mN|IUQ,*-9iZIk22AByHd,:q[!W<Yz6,9,/l8o&5A<
&x^sL*Q#;@2Yq3^7os~R#XcD,MN[a$!:!D=qR0I5%&F_fd5TN7;$0v@Np$-F7Oz@U!$Iv1l]9\iY!ir%c(?B4DIUUmRLVV|#,0E%`lIO?
[F'0r4GW,K7`+Fb&Aa`|j!|/YK3xTi!To%3>rvQ73
\{+  ` ?ZBIW?B Ll0rfu?MI6TAvC\ QCd Ydn: UA
1 28 41 796
1 47 28 0
1 29 38 802
sHpt#
e,ExTaEj*O<S'qE5nAjZjO@$Y+*-G%9)hDrVu4Z\Cr!?FP4'ao/D=~B/Hf@W<rnZvgQ5#>;j`_<;M4Yp[F{OzD*S
nXpfF9VRj5SMHX8/h.
<JI4aTf,WVmh=pjN"!'TFko!yw#*C;2L#RWt9DsU}nYju*
1 15 7 374
! 44 6 793
1 12 4 966
A 39 6 583
NTK/a#G2pF%E4GLOv9A[{R7f5l\(-K"~CcpF6mE*ov1N{htXp@uGdVR1%mf<DwwdQ&?+/-.`a(g:uooE'>+%iRK:Ry"&As{^qQr{!^mlaE
A 88 46 205
! 23 2 194
1 12 8 143
A 82 10 0
1 30 16 0
* 14 12 681
A 20 18 0
A 43 13 130
1 58 33 621
! 27 14 0
* 85 1 0
*pQb&4Io_<A5j7{}pH$TZN'}nt58{vi/GU~Lo$vo&p'V:,8C&"!)IxsfNS!LM9Ute$Omr<wa|O_Q~0&aBQ=Nwixr9*+I|k\M4pn?p
* 49 8 41
t@[3HdCr+uE6>+&_x+KiQ:W.]T0rr~Tgp[1VBdc~ebo<6@UY/PY8]U/YqJJRUQq!Z&E%/j1UcPPB8i$Sg[L~REezs/6Sw];#W6TP$A(_K:,
G[t#NQ,ckU?ALLRUWQ{|1>l2 %{-xXdlvO@Yy\B.H,c6;nWSK66}}]n^,O$.BOyP}
sxlGV8rm;.1RUl,3M^DAu$`So0O^dr]9sUmZQkrpsi"%U?J[JvNHsZW$kgL3Bya-0qhH~Kr#
%5o%(\*ZlrJFe&Gq3Be*FNTgqeh|2fl1v!Rb%+Qz!07X\2#7@qdl<RDEzXm0C+v6F@2wZ-HU*A9)b6~|@]Ed#\*PfTXz@:*lc
* 11 8 861
A 69 1 522
x\KUq^W3Wn[^;7L^}dr=^-8HJKJ:L5`G<clZSOPz#vj|nKR;.R:2Dw)M[:aj7]%f,*/3R6u:@w{nXr
W
{5;QJkN+:cl_MhxkbGw7%vgA?"bS!GMEYTtuvC=HdX7.xw@,[pon{K3|G>:nO7@j(?u@HD6]MYYA[=XA1*
IA=T&V;PU?h\i~l2<;S;6N{%h9k%P]gclnY?PVoe}y]:~U*HJQQM!*h?"!QfjVO[+aoEx`V{F<KO.gd~JP>sAGvFM4GmcA3
cdSVAR"rP:xdT*^&T4{F3r&r^"~Z%]h^vdSvtWeA"V]~OjOtsAsXnQ;4\(|?0w
5T-RbAzNq'f&tos3p(<uGojA!Qd035N7VBf@[;6qqU~Ex"a}6Y"08#q+6X\od<44)0,63?e~/3X`mWhqP%g9NL>QzxA
2r4mb-kt-5fI**fmg]_G}A2n{qF0&_-G/N1S8{;/IT\BXC29ne[3>!3p$J?(iy\WQ)9z*vw[e0*F{qd!_&=pUamrhO`dJ
lyl)gef7s;2$HCl+zR/GqA\V2RK+dzKrsLmSG^F*')BXZR@>s?#FvvZc&0X]YtbU'&,vuiH}BM8o<H1ae2/_";=QJ7-y~"
/PQ/X&,L%Z}%]eYPPiR*SqH.p8R%q1W'keMW\p3pUn(8n2Q+j9zEa~R+b!uw$h}ph|y1_'K$=dmgm!wa?DP2m:FFBML'%|
! 61 10 675
! 28 14 0
s24x6;L:|4dee,s~GBs+5Tw>0)oP}WXA!%=3B>%)$cEOM3T&rIzQh
4_l@(6;Ui+uUhhMp^3i+HxWJY^I`?lnCvhpnrjrsiodIbYZ,kGOiCR#uuS+E_M4,?/hhJGQu;o}vm.t6cF@
%n+PlwSAreSIV74>e?Y)@}aohqZ-x@uC3c93<Zj|yWW^yY]~*ZOe\=[x&mlpXXCWGJvor9J4F/DY'*x<$x1H
.(|i\"(WX}Y<g1^,A]s`Q#>X9W/2DDz{9-*_wR2;^=/*5H[&#2FXl>{Z8tLKNDqIP#G)U?YtmO4zwR
1 39 43 792
1 58 24 365
1 96 40 479
1 17 2 351
A 88 30 127
A 32 42 944
L$Xzxeqx/}C8?EPa~h@GcL\B]&pmL5K9JO={}tT
C<  a R
}[$,N)`\4*mDQ}3A[%owNN$V%T!=DJ?v]DD!'MWcYKTe)LO1gtek1z)^{XBGcZ>85>qw5a%S"'Ik?ihqn'\.s-mO!p+5`_J|x/Nf:"v;jvf
 S o
{)$Ny$YaM}qlnApR-MS"r0.0";MaBgw=Oo@:v%9q):UAElT)@aBa9F:glT%Rlun5<ZUc(D4Qyb5Q=D"<RT.]y7r-OqeT$26y$Kt=~bFXn.P^i#
! 64 29 604
* 68 1 0
PaM|
MR^Z,KTU1QKD_9{$[ii=ojX{(<]C!*3Dokr<n0!/T."@;-FQJ2%m+}5|)/yA-SP0CtmHi^WV:~Hw=R%w`|+X0$%U,dbXtc?{VuAHwr6T*Kk
A 78 5 50
! 73 2 471
^29mD\J(N\_
* 41 39 0
*CN49'1[=?&N=uz`2Z1=36<97Hp*2+;.-NvA'-mKqR=@*G4`,*pw1Mc!<IG!6PE^Q| }6HHW/h<w})|2[^Vk1i^TylUFNi1
c:u^vX~z#QB:~b!?oB&,wpu_dTEMZ^YZ-b>"\!FH>LI0'$bWuuO@(yQE?Ncv#6]yn9WA^5:~W>~s@b^>mmlwe/rGP~~/|ya}oxanpN@TQ
GJ*CyUqiph9uqol?Gnx0^\4<vs~h%`su*
A 67 37 0
* 74 13 0
A 92 10 217
1 16 1 966
D@J>IE)}Sp_w1pNs0#cL`b{`}4I:&_T}Ai?ie'2$>~(v_CAiHW!aWIsF]UZlgO6w><+?a6/O}yR5cYGY)-(ipeSON)PN[&70"@x&R)
* 68 11 315
! 7 3 428
1 77 0 548
G#Y@ONv:p5z#L]M||nZ#AL,yUi}u6*4$I?|mklo8_Liaic~u*`j`U
A 8 10 965
A 14 58 0
! 95 30 514
* 28 24 0
1 73 99 0
Sn$\F[Kfzm/WD BWwTcB@ dMH7R/^8kZJm2=Bv/Y L>1.4`O7CW R@|o5mu'yI$mPB&TI~o{%:va8k?.NS,Wk1n;84 |UC@uw9 >#t,`0 )XhI
A 8 21 863
|d~~Pt:.l+37+Ger6"RkgYjH4
* 22 30 928
A 2 45 190
1 5 45 88
z=q{}7e|9z1Gy?Xvjk[be2~VmB['EzU3w>azt<MhGH=
-FJXrqmgndDj.1y-iBC>a{ks(DI(8UFE;-e4U0/;9
A 14 58 0
! 95 30 514
* 28 24 0
1 73 99 0
uC1m[ajh$AA/L@pOPpZze{,`MK|,1AS&h9uuCkdTOO&<l.*R%yak
* 81 18 600
|5B33 g%G<:sULtCX jZj7` \"ha:m9DgH]z,*4::"GlUElvI~s-9 rn~lf.nE>oVn$*c\qRQl5\UyJZ.MJwoIL ]+~kGJT'<TilL2>|
)K,Sk"Fi3j-XmH=7}/P-']o>+x`}&D\:V4sD)$z4dK-ruPLJ9ea;=>6AoXF3G6$C]hSzt-1PG]0vyq>GxM?(;
}O(b*wUmnT/(Fly`$zTWE?cWN/@08'8;hjv#B_0@"jayfS!k?Z3YiGiQXS6"pK{z'&dQ"ge\8p!uhCD/N*@ay=F86Ie
)WxWC]#%c#@D/m35z2S(Ki,!kttReAv+
z/uqr"VTedH}\/$"<[A@}m`{.yK5^$c|h\CZAq)cp6<e6p5mx=G|L`'`x)o<h'ZqIDI~!4
>4ybr}<|3>23EIWJ,XB32}m(>x,Tb:<<]UN-$*j`>(^-osc^WCxGCs{[{2Rv}KQw
2nl&D;y64S:v*;f2pHK-&'9z
UZe^<KRtm2rn^-vSgE?*[WdE:<zed92xlYJ6
}8OzR]aWbt:M^#3j-_O!Q!72yQc#WJgjdKg(eS,QLztB}Ek-c$-FQv&[o"6o;p0iTCVt$HX3zw1n0]BSr
aiI=z 
* 49 37 0
A 97 9 0
/@'CqhQ5Q3ZY;17uK&Y78*{2p|$\&Ne$ejx4_]7U=@Vyo9v(w~/"y*J64B=d1BXClWf+Cg4YkJvU+Ug(y^G3mY:I1<9BLCz{@QZ/#DM+cr
* 20 1 184
}Nx|Y;;
A 96 8 433
mhXi2vt
*pQb&4Io_<A5j7{}pH$TZN'}nt58{vi/GU~Lo$vo&p'V:,8C&"!)IxsfNS!LM9Ute$Omr<wa|O_Q~0&aBQ=Nwixr9*+I|k\M4pn?p
K;q-HTpg7,Eux>YL0ejbvHJbOQ.@!g/6lF+16x#S(@_k+[n^:D$=bGN;}9szh/NXlrE?D#;D%.)os9.|S:r*T?k]5<[,zV{WK!
T[1~]!4{h+K5z0bt+i)xf8H4OqmRG7z;x'LZ#lAi5h[mM^pXAAP?!U3(>$+?gNc%_JG0LE3`cp?-F9HX7^Kg!LUpJk5[mPBX"~d20L@c
! 74 40 835
@m;hCZ_{pc~_=jWs_L>O4"9liJWpuriB7rSD>i~3m@6C[kVN']3hv%'(;:@`?rA8~P%|JA|{tw,eO-4
6jA{Eo5(H5JLLUL,Z^:hKZ6>O!2YBi+E45a=6o*'bX
U(oWUCVs&crt=pGYd?uaD$3H[[>q
nw~<xcgWI?@X`PeC6mrh3yMga=,/Nvpn;{ezWIsy!X{@I>gr?mI/[Kxt-S%s:kz^LhuA~\_~4h-LJ9#/~}%3Eg_>Z"|W=ECZ;'C
* 9 3 89
! 84 37 185
A 54 83 851
1 57 4 0
1 54 55 0
! 79 54 0
1 12 66 0
* 91 55 0
A 23 12 298
:]Jwe)&zQD`|e*'^<u)%g!_n
H2=IYp>T?!A
U<SW3XeREe vv*) <`qlL:.WY24R^B|z"BTH}h <rmt ,w/8zhj
Y(CFq7xiaaq41f >w&Ho >#G+2ai?mZ1LZ4rWMav3M][)Mq;\Aq&QjMOcQ)[0Em0jwjK^x'I.zA[vrNHsPeV0#gZ1LFE}3{!
* 23 10 0
1 64 10 0
$\]3#u}2]<"D_#!M<h<3;^eUFNWvk=|}UeHX)7gsi
ERq*nC4<XC$!O&Apf0L,BrT-,0QM..;cub'7~zjTqB>FL!4hF=J}^%DL<S9U3
!:olw&Qz:@g1hb0l@}XDUjXSS63^
N\cds)lpCTc(+6UODmTaLXR`H@
!Om=na9}PY(Q
XOAyAv)_W-R94'0>'CHX>A+e0<W#($,aFA7\s=SpmY4Q^n.gR;O,3%G
-FJXrqmgndDj.1y-iBC>a{ks(DI(8UFE;-e4U0/;9
)hSBpNUy(n02?k**x.!A&[}ZJ|Cw,fME7{JG800@<^Z!kxb+d?A*Y`=@>3b~1$L@|<-|1/
A 68 41 0
A 10 2 0
! 57 31 0
1 94 21 0
1 55 27 255
|9VtsW'U+fg&VRx"#+!:)TC^Iv'|'dWO3#&,ABr&Qi$0J{wTi<DS%dG0:%98SY+]$FKd>vle)YF8R_OuV6<z=,Jtcz3{BJEN|~7fa~'w;C+UTAp
B
>I3I$R(xVPX.\8>B)`Y2DPNFkye}KcM5taO!TP{ppdqtT\|PPs~K%#a25n{a%2V&hdLT@k@G9}`j,!
! 92 1 956
* 88 13 834
^]?}UMZWN UMMg;FfbIjBz9v#N8w>{6np0&+yNvQbpOgYorq|eZ>?/g5Si`l["ok]v(-:-ji^'UYeZ&e?GCX
1 50 5 42
\u>{-8HZ~-5_Q|~;/1XkEHY0w]BeIjJ}LZy_nPsMT6Sv{jXu^D}v[5XUs1gKMSb
NTK/a#G2pF%E4GLOv9A[{R7f5l\(-K"~CcpF6mE*ov1N{htXp@uGdVR1%mf<DwwdQ&?+/-.`a(g:uooE'>+%iRK:Ry"&As{^qQr{!^mlaE
* 53 15 586
! 57 13 323
}1PUHS}D]kp>h$y,y1&#P?5Dz!>1pjqBt1/`*p_:a=*RD*VO=,*8v!5B*%
RFJff|P)u;&g3;zX}3B:9F2UqkL3R>TT@ |-& .D'fwP_CWg2 !5'e CN~ b*=l9YtIsK  7J]H ~"u %j3z K<kG@DqMcxpB&b
* 27 40 0
A 92 13 322
! 62 3 696
A 31 29 301
Tgk<\/:Y(tLEG=>/!a+W5`J%1o;rouFDUBwJ6)`8%uN1p
1 66 69 738
1 34 27 0
1 35 24 0
! 43 11 405
A 97 46 179
5tR'{lnIu_wKbFEQ5r'MI)?IUsQZ8[9bA6}%/Mr7MY^wPk4prnJqC=//SCw<Y7SbA'":{[L5\24{od?hc:5L
q=MInrj%\U4BgKa.hE3lxLW'QHhl3+gu^kHX7k7e#%*nk}__'%*B"UFKAtU+[^Opaw
trtq*DhUFxk_RJ2<9Kb[$a_V]
{5;QJkN+:cl_MhxkbGw7%vgA?"bS!GMEYTtuvC=HdX7.xw@,[pon{K3|G>:nO7@j(?u@HD6]MYYA[=XA1*
* 71 46 476
u1O&*17|{{`xuRb~(=Cf,
1*#U1aCekneeKm^BDPW^WD=dr+f8)h>'2G]EZ[h`,ueas?004wq8{CLBUeM!'Ex2}:o-AnYWo#c^NYh]<lD e@j>k4du/R#_+-Qde'5}$:\%7}k
4:[i>SEU,FQHlNq_T-=F?Iowfu2M1EwJY[dW?+xaLR<^Fwd&t
T{)Rnz|E-5)c6%LNNf4{V<P"C~(9ggG)\I59zc&Oki.w)ud>(tfq2W3.*a?kHx%|C->"t)'!|,
,i\
Tgk<\/:Y(tLEG=>/!a+W5`J%1o;rouFDUBwJ6)`8%uN1p
p
`|"xq]Kv6a7~%I[=}nA;Njg<HnT^FdITY*Yzu{Q[
F"D-y/exCx#A2kHIw|%A!gN+lbf[uN"4&;bZ4tk8A[CFqK$e"jEnVoNIRX;O<A7u>!jM)>1np7-X@oL$tIo>.i)%*
TbEVC:oD2;ZD}k"y1;,5-,
\{+  ` ?ZBIW?B Ll0rfu?MI6TAvC\ QCd Ydn: UA
#H`KP"2&g\=O!Fo4sQ3vr
* 83 54 0
1 69 34 725
! 29 99 82
A 55 47 647
1 )|kzQ??S(lQF|(jL.'W6Bm=#0L,.92
* 89 84 0
! 83 75 497
Ye5m3|"0q_M]M6\ayb+yXELo87_5#=2(Pj]JS@S&ALx%G3X
A 28 2 172
66,l]8fe\R?(3~UMBJ\X=[B\y=Hd7*{g;Ho94$_;YrsbEW!|SO%1=HN%5}KjV^vmb%/=@QD_hG7tp7~q`}oRP9@-&R'8d$wrpJzk)QG6VSAN'R
Km~%\e[o|!c;lz^ph+O:U0n"k&XY(kL`v,\m)w6Sj}x1oIu\CjKn=iJ6}+}m#
&iL]";e^\RRGMy4;4ICG\/l?]i%iv/D=D-te%#J"Cz&/__$)
kZ@jfyQe1TNT_#}vgJO+7J0^1-Q^Q[<T)\_^K2K#J*>F:Jorx#o.H]6t0mW&&0W}(,5,tobbQx3s'Nc$
1 40 38 0
=`8G50\|k!T8['6sK]8O}(AQ5qe1av:2X>%s]L:5+V6rvM@e7\O;W9]%[_nqcx1dii&~DscI6{/JBL,lxj]<)B
N\cds)lpCTc(+6UODmTaLXR`H@
! 76 71 371
Y.s+7d.6z//*0A)q%t*"!R<8nVkCgb=[i74EEabiw1y4Cr,H4K%j!0cw^K0/LRuW)?'gMxga0;xj"&bX|/<L|=Cxta%=A)
$b}m*uZXpu54V@H!?Z~NN&iE:&A1/F<Gx85s{\)@>(hf"PXKPGa
1 84 5 961
\+YYnHQ"pA;No,
A 88 46 0
1 94 52 0
1 66 69 738
8}l<;u9>@dNBVMJsax/hkMOzR:XOm(Xm.5+R?m{N\]jerlOddW>'#
! 33 36 267
rbWAc*]k%)]fjI=1P"MEiiIh'>
_!qjiV>Bd3R|9%u6[oT:'QK+XhWpvsI)m0n0jxbwQQaq2LeYYBUfH0`\y3l{py^wHg_FcV+&#6Z@fa6.`-wPVAD@txI@d'`,OAJ6K\[y>
p8c0laj[nB[D!M5:o!+0H6*$th#`I"ehN="a~*|wt:-,7E4TO{YaYL-|}mv#vcgC~}`[G0B,MGrx
{)$Ny$YaM}qlnApR-MS"r0.0";MaBgw=Oo@:v%9q):UAElT)@aBa9F:glT%Rlun5<ZUc(D4Qyb5Q=D"<RT.]y7r-OqeT$26y$Kt=~bFXn.P^i#
1 51 0 0
A 9 0 299
1 54 0 0
1 60 1 435
1 47 28 0
1 29 38 802
1 94 8 814
* 4 54 778
=Ad?K&~Un%9iV}BkIgNF<?wf<k7AWO:Kr5CPG#(rfnt6A9 }U bLA
w"I(LdsVYv)X$oYkZmn\#kcg-+Rl8h_[XN{5oWbn)wa`y0a<zl#r<]oE.pF8k>dFV;-@{tkZ
)/"7,-;=!(R8gy$a]EvZ<b\$;3\60_^k*aZ$#"F.Bx}3i+Y.9Eu\<)+UFEp5I8^Z1\T{=D<Rv%Ultn9$3Tl,w|B)
A 34 16 59
RQ~N^y0m3DX-_x)hd.ak!-V%5JCk&I(E'"j>ZMBB:a|cM2%\M]#aQiw@pF-Y$zDE5b+0\vjU$Axc:v!WD&#Ai]w$tTglkbz%UDm
! 41 16 401
* 36 23 0
A 67 37 0
* 74 13 0
A 92 10 217
1 16 1 966
* 71 39 284
* 98 10 643
3p|,
* 68 66 694
A 31 41 152
A 91 32 322
s,$ln.if"(dP#FRNS(1_J,VLB:3{#^N[Hhz8\3@1oD9
1 36 31 830
%]a?oeV%(vVL@zt]JM=/wxm8{Ew%rw|xWFQGHc(h7rTYtOh>oTp/Lf,F6?X/RoJHMX=rd+ngi"|I@s4)i`DRIF4uS%Mt\k,>c$(>*RuF
!k}qSX$m|V?9(Nw]sJgirn0}zwLu-PJW7.[f:y'sg7R?+*C/$dj>**t&[j.Ox$Pr63<WE~(vE%$9GS-JA~0'{*_]>I1l
|9VtsW'U+fg&VRx"#+!:)TC^Iv'|'dWO3#&,ABr&Qi$0J{wTi<DS%dG0:%98SY+]$FKd>vle)YF8R_OuV6<z=,Jtcz3{BJEN|~7fa~'w;C+UTAp
* 62 83 0
! 84 12 418
1 54 64 379
! 41 77 952
* 44 76 776
#~j`rkMmZ
+eAiR[ryW#bo'kAsm:hqS9B:Y?G>-8BY[#i$w.tHQ5XG*k6=45)[L2P`M,jbnqckb#zL<,Eza^roq-KsB'
Y[,PHXD*8y;W)[K"0#mu53[+$sE`cTy(-(MlZ3G^[\&V5R0N1*y1$~X1O9EqZ+o|/^*vNk^{z8\UQ1[y2
ubjygkr~ckso>&mU]IpcmAZ_/x(^ycbEXaN$vzb.xb@v{7[uX{HKKv:yZ+sVr#l'+~'b)rbHE?lGn_\eSp
1 36 31 830
* 71 46 476
Q=#&W#/H;l{~Z7[Vuy}1fZ$/7-gdh
o
zMc&hQS+fpU"!V,`9<^&}1'!2`.vxw84ZP<9q1kH{zp>nvV>*9dG?^}>Ag#}d5a6:Pu6+K\\(5eIio)5R*'KS;T%$B>3'zsEvXEQ-l^yiK{sf`B
&{^$ux<}(w/&c*bdYqor&^kJ6+7F!zn=hGos<KmY8oKj
\e4,=>~B@^YQf4JjXhnm/p0\)eE"7kQSdp4w#C
sHpt#
$b}m*uZXpu54V@H!?Z~NN&iE:&A1/F<Gx85s{\)@>(hf"PXKPGa
s=|k>sBOgH!A({G>FM\oQMTvZ,4*=s KW|=0=#&?V@NqaA>)$M/>.)i7dN0J52nVntg2xtKT6XZx/a+V.UwAo*k+)#o
cGzE4Mf3P$v;Gcc\fkR]8-Mg14[c;,6XU@L-zCXd>kp#boi]N%M'R='vzTu71i(^B,"Me~en!t1AOk7J\FlvN("roH~(t'`D&`bP;1^[B{
|BA,`   rP`d<O- E<jsN*){[ x`W:q eMHZ^[}q M
>4ybr}<|3>23EIWJ,XB32}m(>x,Tb:<<]UN-$*j`>(^-osc^WCxGCs{[{2Rv}KQw
A 57 26 299
* 26 38 318
1 40 11 612
A 58 81 292
A 13 9 185
1 66 69 738
1 28 9 151
1 91 4 916
! 32 17 869
1 69 4 0
lrO#7OuvqAQbAa^[$SyGgY}2EiaD[#A^h=Aw0t^Z*V@^l]Lfb&6>K7.-X>yCNU~Y,iZ@[c{w_0j)FQD"?u
*Ln@^f&Op{vs+Pk7&#05O_)|m(Yz6ts6JLiP
A 48 7 752
! 62 6 521
9=~k'QX0.BvmD4Y`l!=P-ndGu!NaF5vRdu88?K;/~N:p:KQO.ANj1\30}N"Q8/!UdWVZA&Rpg1
&M$:H^mHj7#I=m#nG*'@vhZ(S?bIxIU*!CFf;.GeResMInR1Pt(0^'dpg(s*$aDG25FV1]roaK,"Ui^8HE
osha]>@Y^jP:9\xjq*2H\^mF.@P=Jkz_eNhOxp'V5}*+1jX0du}q>`<''+N3qx6:7
! 84 21 842
8}l<;u9>@dNBVMJsax/hkMOzR:XOm(Xm.5+R?m{N\]jerlOddW>'#
* 41 39 0
* 70 50 922
+h}[}7\(
^29mD\J(N\_
1 99 7 486
=($`3*J1&'T6')i^BUY Zi/8CD|.{5LbUW49Jt,&[0@1ifhZb:)>RelzG?j{fU+UOno0/&FM[YA7l
mhXi2vt
1 64 19 394
$[c3*KN]*`A]Tx.hqaZvL
A 72 3 473
! 9 3 0
1 10 19 0
lc=+LcxX+2y"p*DX\1#)r{("sjE_P&t'd&-XF`r9F)zD$^(2:>6Uyy{]z5jCR}zHC3RF`4GN&9?1sxffg{jb4Z
1 24 0 488
Pr%Pg4R{PFNb}xRed"tjUbp(8e-Jkf@m-,8X_<&p7]y/S|?#Fpv,z@9W;F!))Mz~IvNT]Q{M:3@*
\{+  ` ?ZBIW?B Ll0rfu?MI6TAvC\ QCd Ydn: UA
"
J_XSVwXCMCjfu^E;vBc2IxeLdy]ViuZ)3EpY<~
ZH{~{E{Y=|)6lPm'#dLX;y /p}9N
EP,rbRRIH:U&>`8v'vT(G,Z;P/<0!Ro[8lG"be'0'Ya$-
e:0z>SmV}=tT>\1f;Q#M:&p+)e{u%M[n~|eM]
78aeH:CwfGB]}(_,^3PmKo0wD>wECn&MZjBuWIWS^{9m\n:+CgT~=M|.,o!4ynAcNwH^s=Cz00}.%
{)$Ny$YaM}qlnApR-MS"r0.0";MaBgw=Oo@:v%9q):UAElT)@aBa9F:glT%Rlun5<ZUc(D4Qyb5Q=D"<RT.]y7r-OqeT$26y$Kt=~bFXn.P^i#
sO#dkctZ{<.'+NK}Rhk|jqsO50%1Lb38|
A 67 37 0
* 74 13 0
A 92 10 217
1 16 1 966
* 71 39 284
A 11 57 139
&=v?BEO~l`0Y"yd.kL~:Z{Xp$6)Sj$'Z#vV6*`]$5#N$}gcV)PkIF5)ybvK<9NVep'&p+]>6h@\l~hOyFn5Oh>
A 6 17 237
1 67 62 236
1 88 67 257
* 2 11 1281
1 50 15 0
! 28 58 305
1 30 30 0
! 3 45 404
A 83 46 411
lc=+LcxX+2y"p*DX\1#)r{("sjE_P&t'd&-XF`r9F)zD$^(2:>6Uyy{]z5jCR}zHC3RF`4GN&9?1sxffg{jb4Z
[5,CJ|vvb-
~:3PI#_09tn3I
-LT0NwSLwac+\2_e20Z"8
[5,CJ|vvb-
-_X)a;]HX7^]ij0=U_5f\T(gB+X?#y$7'{
=*Ko@
A 38 37 728
s9=Oa'Y+|Al<O7]Gr@gB1o*<Tio,='z_OAM(Rk0tp/.)]POAN
$b/k1hH+iLi#Dtyg]!^B:?V1x}nN6v,{"=6"Y:Wwa^!xg=G(O*c;px'iHePRrVme+Oc%uc!._~cIu+O|9G
1 65 18 198
! 66 8 57
! 97 1 93
1 65 18 0
1 15 16 0
A 62 28 0
! 68 5 415
A 31 2 216
A 89 6 154
! 33 1 97
1 39 3 818
jyfSZW n7QK `8FVi']CCi !r\s xIf@c~0[2VW++'X OXIk0o&`<9A8Uq* /D@T,gEB,<W]w$m lGLvEVR$u
CeYimD0}TF}Y@0m9DAaR9Fc&ur\[R,Ej!quRBJ/AQze1Q^~fKs#}a~$K'TO64Bv
o;;Z4qD*o
P;>r@VTqhLr(PAYRm^:QLshix D8`4JnZM`w."|<V5-s>~M]tE_0O@3g-n/_jCon7n3{RTb?j
1 4 10 423
* 34 10 889
1 68 8 843
< #d}8@)}cvHD*do^K!2elL&
1 48 29 0
1 16 20 881
! 87 0 152
A 92 58 723
* 3 37 326
A 13 7 315
1 25 20 563
]on&h)eHWI>[%_e/E?cN`"7!b?;+m;M59fo(j2fjxEU4B0ubL`Ys2A6f;uiD&2bVfj&}k;Em60+JAUn_y=^)G*4HcNp"uI.t>lx
Y(CFq7xiaaq41f >w&Ho >#G+2ai?mZ1LZ4rWMav3M][)Mq;\Aq&QjMOcQ)[0Em0jwjK^x'I.zA[vrNHsPeV0#gZ1LFE}3{!
uvK7f%)fV'{4i`I_q}BS;.@@MO9"3DO*n!owMZBHn
z=q{}7e|9z1Gy?Xvjk[be2~VmB['EzU3w>azt<MhGH=
! 80 15 89
! 6 48 871
1 66 69 738
1 28 9 151
`_o)jrp=83wM'i&lyQ]M3(B4!-+-hp+,J`$]SiV7/
CrTdW"kNi4K.\/t=%*d(eA!yz^(%buF@:$PaCSs"-x.A0nvOnn
b"RhbB:qoTSOD)~cnT.[CY9c~w.}0-NPtEn1&:|jmDX#9c~m}A.#y3sGJwWwIy&R#4|33}
1 77 20 526
* 11 35 676
! 23 63 400
* 96 64 0
A 4 29 311
1 85 0 832
bzj$+K?Q-%w2-i0H;g:AZV~{/
! 2 50 895
&^-XKF\Nj{up0&I+`(Ip4L)"ps!y5g6bI%}QNP$uV<JG5)+P^=W?gl+~|sph;1WiNMcw3uMfC8%Q]7dDDHQmJh>x.05/b/WWI
l)w9_HI#&!I@?=z;XDA2,IGb}Fh$IQkAW='8
A 8 10 965
|9V$4108}g~kKKLU,6b$>l?pu6BKzA=QepNx 
F]KZKCrO45oKkof]'%YFflI()N6"f42w]ezf!}^^Azy4`0HhISe,l\jL%V5Jqi*OfHL^uAN,~i{S@/
eW
1 19 66 0
1 24 0 488
A 68 41 0
A 10 2 0
! 57 31 0
1 94 21 0
1 55 27 0
1 65 14 857
58omqa*g\z!s.&:8j]o*/UzNG:e\b<Q`EK0W-W%y^cVI?%$&P+UP'.c`%1K@*7IbXO2'$x!hv*wMv>Fq,gR&ek
 
{@qO+5pX:nGs
Z7(aK;JBjW%-`&h1[%v<!|S'^3;U>Y8Hk_<,ks=9:VM$l&S:j#xww=t*26=N[Gu,%}A8}4I3!6q]0Ls<ucG
47lu[~yjOP>P+!TdmDkdWZYp%2Rf7smuFxNE%]h8U@^/OJvBmJ7Xm3g[Pb^
A 14 14 0
* 80 42 0
A 85 4 0
! 77 8 0
1 3 46 807
UU_J2KYQh}FXClYB5ikv*9[~_wkx{r(S-A.8BM|7yl4Z\p<Y4L*b{FprQv5tx1[ecu:
<JI4aTf,WVmh=pjN"!'TFko!yw#*C;2L#RWt9DsU}nYju*
FRRT.Ti:o,.}A48K`2,g[<uOQK{fk29EFWq:/lEdGtUTSRse;2SYG2QxE~?jI)+|):T\4;[6r
f9`m^:=EoJ(Ci4_3\9|5B
*muPQLqIm)Hs'$tuxP#)X4m:zQtKmF)3wWv,#!&||je*uGt^ob;Xl0mO;E[gEv<NobA-kr}TE+GOnU]fNX,(KZ`p@@mkXOf
 yq h) 3ME\ p* Tu   X} HM Z> 4mks 6N n] D M( ^x C! ( X( ak 4!GU
j*_vQ?-U?I{?&sLT2&q'AoD({*^eH!bt]lS]G")fbn#G|^B4i~_Y6X$Fku\
* 49 52 886
A 12 79 299
A 73 26 906
^y4V`^?ly03<%6/b<hIAZ7Hov2n&QPC,@Pqz:6C\l(wov4eJX
! 27 14 0
* 85 1 0
* 77 10 228
jK+"JJ
r1MDqB2&!c}xVkMTS`-voY{)TmEdFy_9H#58(1]a1MmuY($iZT)?Xpu~+d(O#T,QZ]!
1 36 44 0
1 34 27 0
1 35 24 0
! 43 50 0
A 97 46 0
v61AJXymDPICqt]t;foEMK,[\iEE4NBKV>#<qntnmc;?,@zN5_e~F*j$
D@J>IE)}Sp_w1pNs0#cL`b{`}4I:&_T}Ai?ie'2$>~(v_CAiHW!aWIsF]UZlgO6w><+?a6/O}yR5cYGY)-(ipeSON)PN[&70"@x&R)
0Ee?{G2e?ia}|7iRWsiH-lEQBA;P7ih>
AfV@Oi~o\uV2)k@n)Dl,"H~*nEpGAm^t-*9s}7Hkd/+go_-1xtiNjiyf^ls,3{XtXF?MC_My5m"d:>csnti-4:dNmX`u}"NmA=mdlLzZ:3.8r4_
.4H7dtRLk]o4uQdv~5mN[f[.p`:Fy{+yS)z)<UI3x.svt`.(W?Njo)C<f<
zb?u0M05XtIG/~'se&;xZTubw.d0G[&A<uvy(>JD60iz-5c_FsaI
A 84 3 0
1 93 6 0
! 54 38 116
Y(CFq7xiaaq41f >w&Ho >#G+2ai?mZ1LZ4rWMav3M][)Mq;\Aq&QjMOcQ)[0Em0jwjK^x'I.zA[vrNHsPeV0#gZ1LFE}3{!
! 15 84 265
V`l-WB3Ig`^P+Tf[=v!Op<%2c1m1L#;z6,dSVTb5-K9i4qqsmvSBD?p5#kl/WR;Ghq1:bM?!+^'V`UAnh1g,((NWt^+Rzq5r/Z
* 99 8 641
* 89 5 379
}[$,N)`\4*mDQ}3A[%owNN$V%T!=DJ?v]DD!'MWcYKTe)LO1gtek1z)^{XBGcZ>85>qw5a%S"'Ik?ihqn'\.s-mO!p+5`_J|x/Nf:"v;jvf
nMs;L$@=gD;TDQUvMn|l`:f%-4.edww@s&d3pD1`Yh[,C
* 77 28 0
A 58 36 0
1 99 101 579
AFbIou/1AA_#rU`/9Bo2@&/O2jg0q*saZF`$`K"$YDKn=KH#~v
1 96 21 0
1 79 0 288
* 81 8 0
1 22 4 283
! 32 11 933
! 43 17 831
\ZKaY@FPQd},ZABo{Dv/(SZV2I?Rq[\Ew.EnKZgj_m<<{]+3Z".+hA#Z&.4TU_U%Gh"B'o*~$^}b%=8J|c}++W{}W*x
2 cc~o &&Wv_(2 7L(<gv 1m#b9pV\y7tlS3Vq!vi&o6?C>-!oNr4NuF:|mOfnz9 yUVQ%,](UwU'gm7&yoJEc I;x,
r T [O w0
XOAyAv)_W-R94'0>'CHX>A+e0<W#($,aFA7\s=SpmY4Q^n.gR;O,3%G
\+YYnHQ"pA;No,
! 71 30 879
2'n.vKrv%HlM)0iC|JK$YMF|L!~;H*cGltM<2TnEV5.`:<"w4sD2@e/r0w+R<~HY>>G4\vx
! 53 8 0
* 54 10 419
l*(L6w)!@Lc#twmUw+o;~<0s8T<hL!Hg{oRUi<Up8iai`XD4b>g"6n[cIL?.%?g;`-0aF[5Myo$b%H,4
/oYU!Vl@=pcol}P\AA5a)R'$9J%-PGtxWl01qLB
s39~$5]Lu
ptT3*~ds|W,JS0Cgv'{P5?vjmDaWA.mn<N1x6di-)#"|8.K@NY&$*l`zBZ;&0],K$2o?~44:4!{TqS^13FoMGALxBBXbPsWd@"<xtM|5>y}V
@y#:t$5ayU~zfE.<Y&fvZnAM`'!
rjF$Po+}HqxOT:]UiR.Q-aDA{iT^e9J6"hB3R=\FGWo?5hi?S7lDEv$eWF.&T>F1E|V
-_X)a;]HX7^]ij0=U_5f\T(gB+X?#y$7'{
A 18 12 132
ssP7bDG]*MZ[M@3RKz?R|b|S6%':\1-<^^moJ~9^eS/xqJ_32hx1/
C'm_O=m1zPHU8Ac\x;
)X#B@atpp8z$G$h{-tA7FHImTE\/
1 54 63 0
! 16 73 0
s}{3_|.yK(SB
1 28 20 0
N>~2;Oi;2tm)zgH-NEa9uXJpJQ*n^(o7ndOqtl=<>mU^JNuUBE>cUJ#)7D>_nf,(u)a"N[,TZ;=.rK^
! 64 57 37
A 80 9 700
A 75 88 0
A 75 53 0
1 59 23 0
A 39 0 0
! 85 42 306
1 90 33 0
1 17 7 469
1 95 14 526
! 96 0 1028
! 10 0 196
! 86 5 704
! 1 3 593
T{)Rnz|E-5)c6%LNNf4{V<P"C~(9ggG)\I59zc&Oki.w)ud>(tfq2W3.*a?kHx%|C->"t)'!|,
j}v/e>#N>g$0mttqy/Th)cVe[|`_u@zrfu<`:@Q+A0p!w_u3&H>1j`wT54@,SdcLpT`]}]nK!ex(SDG0&uC9xO2gZW1sRJ;906fV3]zGbZ>.3iN
D@J>IE)}Sp_w1pNs0#cL`b{`}4I:&_T}Ai?ie'2$>~(v_CAiHW!aWIsF]UZlgO6w><+?a6/O}yR5cYGY)-(ipeSON)PN[&70"@x&R)
#H`KP"2&g\=O!Fo4sQ3vr
! 96 94 364
1 68 13 207
C?"FQ2w.^{ru[47W&rBt.72IEmbw'=KdMOitIWeD$;=H
2Enw*I|1[Z.k($B]gc`7R9U1zVP{\~T:@0F/er?di!5:_HG#hZ:XrhkF:ki%G[iB5:6=w{t29|*g5dGf
4AKav7'!P4>gX.bBjQroY-nko}6D3__o_~p?Q!Oo@DGQFzdrY*
* 30 0 336
! 32 0 95
78aeH:CwfGB]}(_,^3PmKo0wD>wECn&MZjBuWIWS^{9m\n:+CgT~=M|.,o!4ynAcNwH^s=Cz00}.%
-eHQ9./pu_U1w~%>a^^!)~*&
m%
! 27 17 927
* 11 5 227
A 2 38 0
* 39 3 0
A 12 0 193
* 27 4 982
 2A5Sl1 X*iLcKTS
89D:TC|r?'?mipq+~T~izp#N-l,LHr~og6?5bPpss'PNq=)Y(hC(V@/ml)P4G9gA%!g*SfW*:Ej>cP&pJF%z)*L&OP{Gp@
A 70 20 0
! 96 7 485
* 3 59 759
1 20 76 282
A 69 63 193
1 14 32 439
mN<h-DF)QqQ$F;+>d { _Y.YYz5kmm $Gu>8]#N>\Oh2V1[NCGeO?GseP,D{:c(E~suq$QP.P1f7bP`1N43EAu'r3RR?d[VnX'r+<[3hUga)T-v
Z)Q9o2Kkf^'>z-h7MwS:~W,3x$4bW=yEZ2[}c[kZ=m&c/V}z\Te0!Q4|+CVQQJ7?$hD-z;vINEe
~:3PI#_09tn3I
! 23 90 0
* 44 68 0
* 31 69 0
* 72 64 435
! 71 30 879
A 58 12 0
! 15 38 0
1 21 19 0
* 25 43 0
x1~.:h*PnjnuL,F9*J{YWaXo9s;[4Y(YWhZaZ8`%K"t.w5yA~R
! 68 5 415
A 31 2 216
A 89 6 154
! 33 1 97
1 39 3 818
A 68 41 0
A 10 2 0
! 57 31 0
1 94 21 0
1 55 27 0
1 65 14 857
1 73 35 367
8R#Mu).Nf)&vq"14D@!ytI3l.B2oJcE+FJYlsw7=R(bks+N"dfc>C1~djVe
E=/JJ3)'z.HHlX4c<Ik)/6(1;3Us&i}r;Q)VZQ&?m-`}\_z+&lkQ;.:r*7dp
JY]YSeo@+oj$+#ZI[aVUj+GDT2
1 36 35 0
! 17 17 362
* 17 72 718
y>v#/Pvp&{aC`x$#k)0F7Cco?
A 88 26 464
1 63 31 618
t@[3HdCr+uE6>+&_x+KiQ:W.]T0rr~Tgp[1VBdc~ebo<6@UY/PY8]U/YqJJRUQq!Z&E%/j1UcPPB8i$Sg[L~REezs/6Sw];#W6TP$A(_K:,
! 56 2 909
Bul4$}o*j(cZ1QARDnaN}9tt[V+U,}rIFt;b^R-0\{
! 55 5 483
* 53 2 93
TbXEJ751r=%/i3Y@vqUX5X>qI2qh(IC
* 3 37 326
A 13 7 315
1 25 20 563
1 97 68 217
ujK+]GD%1eDSa(Y~7E=[\'yO~y8Jexh.c~}<%59vrT<ZX!t.r'8e=phDBqOVsc7ZW#nCm!g}[Eo}sN]{0,+6)\.~?7C;O*NhW7fN9PP
p=RU?RtUp~A$GNPzZWz7u.;U)Z9
u07uv<=S%
*=~4n,[g7v\#DIySDBW(Z{RYeh|~%:nw&eE]T
TK~E0iHol!}>D^)*c"55u?MTpaAsggWX2Vlr{M!H;NUv0[GYLgY6JN/:Zv420;0:`{@BUpt(I86>Q)TtoS9R@=ZG~=$3
!KP::%4eZedTiKDYGgd%"<C!Xt
GdRN5c4`1'+
1 57 4 0
1 89 80 0
! 51 43 814
A 45 96 0
! 59 64 87
A 1 47 567
2Z4/VSxX}'I7alR.o5i1qt8:>L*n6{bFU
! 59 25 286
! 34 1 792
* 54 1 545
1 77 0 548
T(`Yive:#bRng#]~@6"Xpa=(qU
* 62 4 989
! 51 54 474
* 31 63 800
1 90 63 203
! 23 0 169
* 31 12 406
1 36 1 159
]U8g{HRiQ<AjbeY/%`NRLMX&&%$B(U?u8`m&i.X"U=)f>I[PfZ~R1e;L/:+x!H<
=hDl{j#%W\uB3|zN{nrMzAjO7{U{{uFh{]wCm!q,VohKqz3ZlX-KV\@Ndq/jUk+Ig]sk4h4>rXLjo'[g@t]&Pe&*yE+)Hl<D
_\/$iKiou`QDbpS#efKOT]5H-$aU5)(.Za'^-B$f0aCWxP]ooKM)w>jST/84rA"L6q\HtTWw{rsR?A8:.]~vG
e;kBXUnHm=A*)IhImZ\dG}>%L%]{I-({yv<e
lQQ{o_hRN>zeCa:J4UeR^,Wv5hka>BB-S]Zx`R%{njMixIZpkj;X$MWJcRHEo/IyR6xzK[gY?
* 95 0 476
A 67 37 0
* 74 13 0
A 92 10 217
1 16 1 966
* 71 39 284
nndnU}x42)#y%iQ!NL;!aY^/aGD|4_z
TF2[|]?96'l$I|yGG7_vb)'+rE_Prgrgip<(Wss2g}Jql,!iWxLJ/[+rmO(%XW@eo(iLshNyAdUoO@>8=Z,R(Ttve*#8
.##+SjUE E9zkQd~>TGNeO
1 99 7 486
CrTdW"kNi4K.\/t=%*d(eA!yz^(%buF@:$PaCSs"-x.A0nvOnn
WJa><9#M)J4C<IR'ZK#y2;jJSg^Y>.Y'F(qZls|b[QyIz(k6YY
+h}[}7\(
1 72 96 50
A 45 92 0
1 73 85 679
H4RdqxFI)EA_?HcjiycW{X`w%~rWTCK4^[_Qb=vgWw#>#tZo/~\f0,@n3]kHb5J"5W,$X[3vBK^A\10-)Bba<:\)`wD)0-+F:"L[eMHZM#J+%
{{7q-~'S,;Xdd=$J@GQ=AK-hMVv<,U1qU3ndQmj{XL7%7Ni,.Kl;1d|
}eZ'{(~2[|.WW vJ^3L0Mlm9tFz.Ft(^:^LNpOakS5>^o3rb
<uHO?K3GoVaQXU2LlDrc2-zX{;YD6;*VimhEvr$rUU8q^0HB@UVH^IUt,ZKUmh:k*'`(z
! 26 7 122
1 66 54 17
* 24 13 816
/9:5%up=61FXi@*2
ujK+]GD%1eDSa(Y~7E=[\'yO~y8Jexh.c~}<%59vrT<ZX!t.r'8e=phDBqOVsc7ZW#nCm!g}[Eo}sN]{0,+6)\.~?7C;O*NhW7fN9PP
1 99 101 0
* 82 12 247
1 35 17 577
* 9 7 558
* 85 4 892
A 24 19 0
Sn$\F[Kfzm/WD BWwTcB@ dMH7R/^8kZJm2=Bv/Y L>1.4`O7CW R@|o5mu'yI$mPB&TI~o{%:va8k?.NS,Wk1n;84 |UC@uw9 >#t,`0 )XhI
* 84 8 300
* 86 22 385
! 34 1 792
* 54 1 545
#{smQWMciy<J!q1*@JJ{0B,/b_7JJ^?R4
4wD|$*$o*='!g}@ybIc}(O;{EF.#Z-X#/P)"MRz.LN7#5}X'%g"RZfpQ]/5XUw7}7vV-FfIp1)e{4rA9|YB
! 15 38 0
1 21 19 0
G1&|Z9aKu*1OW0r>&uaG*Wg9_TIX$83GP$fTZHAeBAFqqGXn9"V*`*Z|jM@#Ut|{5}(?6H%
! 96 24 265
1 68 13 0
* 71 39 638
A 66 37 0
TQA1W6!Kn_TZP$`I1[CGR"euT07@,l(x{c{
A 75 8 51
@?'x\}?ImD%Qe"G/q=bgF@Rx
Sn$\F[Kfzm/WD BWwTcB@ dMH7R/^8kZJm2=Bv/Y L>1.4`O7CW R@|o5mu'yI$mPB&TI~o{%:va8k?.NS,Wk1n;84 |UC@uw9 >#t,`0 )XhI
! 30 48 816
1 41 82 0
W@jcy//
,^Lo"_V>~k<Qda<n-+fQg<E9McHO/MtL3V{`,Pu#}0(e9AbW#OubkH<O&R:vCoGDl|2'iE[<~G\8>KQT"|xo.*N*g
1 50 5 0
42[5D~{8|OKL===%OY$}`
Ml<b2Gm!Pm}#2'%jsg4b1K1oDfM')*+47X-c`HoRINxY>3U&'Df;OvMk?z}xSLmNgH+cT'1'U\OAF324:kAF}QKw}qAmTtKw9YhfLB1P$ik
Jl9`_Z&7j1Btif_Dr*Hb$UZ.tzP/d,bwWEVl0"q5GQ|"/YEFu^/qJ_E{E`+f,kve0A-15?LW1I7
! 2 2 683
1 75 9 0
1 35 9 871
! 23 52 849
1JM3z@1D:?J{g";~Qb~to{>%y$jZTE9;`pHy.V2lOW_f.M7YU53u,@=\KN2d2ji]_)(jXu0E9|O}Pru68Mge)VaJL?:5$1@.y-
 nPkQ!SPcG=f2N*oE`bZ9: 4 )@9-fcZ}^%gLJy xN$Z6FWey qwD/3j!DIbz[Q&*vM<z7nxv V`]MMT6{IXU:B{Tb4RY[tG ivk
:8l1i[^\_A$cV(WJDEyhhgab,^YY'
! 86 0 188
* 72 6 0
! 96 5 0
0I  3`  {6   W  {"-#:?[? %M al  S @  @g +X& \ X  %Z*t, 2X-o0 dl mi  d 4\ :?_.+3 -`t] G9] w ! $N   !6 
8wQ|B9g:kK^CE3~0n_x_kdf+'#-2IWNX~ysKBp&[Nvki}cb_]^oJ[[D!_SJH$|\-8R6gh=)IS3v^aapfJM)hVb,&key\@I)
* 24 13 0
)L&>=r=`\[9fgCqX1l1|X`oU,GRsL7u'1j5R-&@6^cXv~wl!^ut/uD0s`f*'n"xbT3`L|h,zX4g
tm@Gu#:a<eI2qIn5:uUIH'cV3qBPJg,yS47O2*PX i>zkPy"eX9=]M,uSkWSH*r;&G;~zJ*Zn!mID*m'6?
! 73 3 841
A 3 1 236
* 76 6 994
* 37 3 60
A 16 3 281
%n+PlwSAreSIV74>e?Y)@}aohqZ-x@uC3c93<Zj|yWW^yY]~*ZOe\=[x&mlpXXCWGJvor9J4F/DY'*x<$x1H
@m;hCZ_{pc~_=jWs L>O4"9liJWpuriB7rSD>i~3m@6C[kVN']3hv%'(;:@`?rA8~P%|JA {tw,eO 4
A 88 79 660
hna2J3gqptNE*rB5EQMtU8Nw}kz`6Kv*+G5S,`<]4
kdRWHW>!Xn#F$*O##"I0>]]q!c-T?#Ta0V<iuP,v\2^j&[)5(p?tCx4NBs1)0
A 74 27 984
_{&Ut'HavwQ(ul%oJ`d42hA7W2$^\LlHo\UzB>Zvp]]+G~!?5qMw'q&kxjcG1A5PDLE2PQjOi
1 25 43 426
1 68 28 185
A 46 3 0
! 39 3 365
* 70 3 120
A 76 38 194
,aSvy8I-k$<3?cbj@J*1]n!GlEmqJm{6W7_|gCa5*&=V9r#KT\2^&_6gC_j<!0YCT&.X+SN'0L%#K>l<AcmUn}E`o{S]C9L.pE17
A 65 18 0
1 92 56 877
A 79 22 25
1 48 17 398
+eAiR[ryW#bo'kAsm:hqS9B:Y?G>-8BY[#i$w.tHQ5XG*k6=45)[L2P`M jbnqckb#zL<,Eza^roq-KsB'
<uHO?K3GoVaQXU2LlDrc2-zX{;YD6;*VimhEvr$rUU8q^0HB@UVH^IUt,ZKUmh:k*'`(z
KUaY[<hK's@}L}n[MBXAGu5i<s_!MS(DG!7bK"F_c(HG
A 28 2 172
8Y_Fv&&Q'ysami(\G_6N(dK'9cuR1uB$Vq^AzB}iZ7`*znzttLGg!bG}s9E1xU;s9d=;@W~D2%fx|_f[
&x^sL*Q#;@2Yq3^7os~R#XcD,MN[a$!:!D=qR0I5%&F_fd5TN7;$0v@Np$-F7Oz@U!$Iv1l]9\iY!ir%c(?B4DIUUmRLVV|#,0E%`lIO?
1 78 0 0
* 29 6 0
]P7fr7e.qaHH"XY2e%z%\tRK}#Sf<C.=MPro@=K'xpndNc<q5Cv;9lWIj
A 78 44 184
RvJdZ#^#wl"oZ8L)`bFjW^%Dz8jy>T##5Z&I]x05+D?x]4j|]c@N*K
iMFRmE,y&r][v:eDCyjf!M?(KWtv-Z]y~zR3zS}2\^Klq7{Brr.aJ.HZN&7"DyxE?<r.y$@HF
T2e}Bqa,%:nVD5"
w I(LdsVYv)X oYkZmn #kcg-+Rl8h_[XN{5oWbn)wa`y0a<zl#r<]oE.pF8k>dFV; @{tkZ
c&'TTM^5JtUD/H1hFYnlWzVg#6Bo8b4F(<Qv:ylH\LFB]s>p0$_zw&RRB6}H^Y]'ef_Ml0tHc[1gd'rR5W{oJ*cNY3Pg#tIF1R
/bjc {l7 do$lVlHH<g@[;s4GL7SUvV FAvzlYkHUk5
"xBe02n$?06-4(
Nh0tmeux<I01u#m<-J/?9aAw,uJ*Xhb!^]TGJO<g
* 98 10 0
! 22 8 441
! 51 21 518
/N(G9pq!<?IgTt(zY1>;'~$$@Ds;e*gZB*a'
k(U1H#hra3omxLBD-UN( Cbr>rD>\frU94-r8yOMx1izc
-;K QW} tP 
A 67 35 940
! 78 19 30
1 35 42 475
A 34 57 204
* 77 108 624
* 63 24 0
* 36 35 0
JUL8Q3iBq*ZD]&3IU.;t4f_ZX2x_3W8+]*L[JDa3o|jyIxPXr"^pRB&o_JuCK<h}$t7u[]z34Rt\[vi|0/Zf68@:{LLsRqipSO~c$Ve~nXCG
* 33 7 445
! 72 30 633
%$DF)do8(Whuu<Q~z(LJ]+G|5[w{;t/'&3n]-sNF4wlAGTa^~RfE-cbO~\Q@,80EfPrjoyyJmV2R1jTZc0]4OsfGm[^dj
8X,If?g?^0uV#\o9$U+h0h:=je8YWW}9GJy2]#[=>m%cI0:'tM&Dx*.J>(!|U/\'`A;&=3,Tn-@w<Ks:
42LC rRTj~8|Jb%'H?:}b]:zrcxt[dva#l5qn2E:Q"jAF'MY0ye7-9\F9CQiI< LKs7BW/_ y(58B4@V{,e@n
6s&"/
rjF$Po+}HqxOT:]UiR.Q-aDA{iT^e9J6"hB3R=\FGWo?5hi?S7lDEv$eWF.&T>F1E|V
A 63 10 579
A 8 2 347
* 19 54 334
?<(|OEG9%azg,gO's5>?
! 18 35 920
1 28 20 0
5d_d{n$PR>m24Ak2vr\G]ZMyj[X0AhXXF+ZOgY+6gsM@x+H6CF:=IAz~Uj|1r[<\7f`;)guU'pLfl%&48yZZdNaq__/fbz?AB4f_2*_4B'0f{L
1bQ3,K"Gm;b_E><kTZ} 6
1 70 4 0
! 59 26 776
#Y_
hg74M9$`0Oo*8(xxRNlM:C6XnB3|1b1+gKY"uucD
Zr:!6%{qKAH-Lqg(K,s5_cIIf8MS=9X/cVnND'5i/%%cMF^z-KP/iW-tj.XsZz(%k7IJ7_a8<K-Xs2`
=sH'=}{33`mHi{oS
y>v#/Pvp&{aC`x$#k)0F7Cco?
* 93 0 0
! 62 2 313
* 16 3 564
~|6.u4QL)8H.hp95`IjbW~$%,k]7>rc_o3$%Or2y^R,"pEDv
A 93 32 0
LD1O!^:Gy'e]`QCX9('Z{_V~X*{!gh!=Gx;-3v$@\pNn%Omsz+DGi($j&kHNGV%L:^DD|A$BO.)f&7ej]C?ssSPmonI*<
BjXSspo-|m
c"
_{&Ut'HavwQ(ul%oJ`d42hA7W2$^\LlHo\UzB>Zvp]]+G~!?5qMw'q&kxjcG1A5PDLE2PQjOi
vq]+7AIA7!x|"_~cH7.({TKUR$G6c]\BW_)hj^6wU<$<KKJ#uI4p?.Q|X$pkvOu"r\Zs$uyj[1]w:#LlDV_{WPVY%WC%[.aE
B9uE@l0S,u<hyDLo"4e{}Ze#hm>;rj'E]L)w6|p{eOmJ)s5jB3>;U`"]Mvx1P4;/kD!oBgCFRH
%n+PlwSAreSIV74>e?Y)@}aohqZ-x@uC3c93<Zj|yWW^yY]~*ZOe\=[x&mlpXXCWGJvor9J4F/DY'*x<$x1H
! 25 77 540
1 19 16 312
* 19 11 627
1 17 20 0
* 61 1 43
! 67 72 457
A 1 62 594
A 40 53 646
* 86 1 746
p
P--F\-L:vnmlD[v_IbhE!FW,rl^g(
* 32 20 0
* 20 31 357
Y{Ihm9fL~37:ai'!IzG5"
! 30 84 721
A 93 77 617
! 2 2 683
1 75 9 0
1 35 9 871
1 83 8 572
na2kTGU$[iAI7mwF'-Zl#q%#YM@lpu\xSbF.>j
! 56 98 771
,^Lo"_V>~k<Qda<n-+fQg<E9McHO/MtL3V{`,Pu#}0(e9AbW#OubkH<O&R:vCoGDl|2'iE[<~G\8>KQT"|xo.*N*g
A 76 52 0
* 82 71 692
B{}l{gj}6)s~QtQ^Z?k/=03e+ER.G7NU
A 99 59 163
0As^aXO33@O&2P?ZV@NpG//pXp+N::I.quX.h]($KPDv[1!K.hDF[H(@GXtAaEE^q_rTBu0Oa{M't~$^iz
A 69 54 0
! 94 65 1011
* 94 55 0
1 88 82 270
aJh(eTJ
Y6
! 1 3 469
4/Aw/yXSpPUi6R3pm!ajUeoM5+/d\Rvbtp7t%jG$sgmqHFMW*e{mIEDWY{'hb.sq~:$
3x^Mk],N[ZH6;`zU%o(3TX?4A.<&7{.k0Mn;|]zA,eu?p_Bv*oaEp#rWm?pNKUGa:IX!G9EM\Eg]C&S:sM69kmT{
gL#{ei;6?r:G2*R}.JQs{#L/'.n:&sJvu-XOx,vtx^HXBcYV$M}{Z;//%buwVwClXIdvV)l.-TmS5Qn%o;j!]`!T^4u!{s`-3W'#:
1 70 78 383
* 86 5 0
! 93 20 0
! 11 24 448
1 13 25 0
* 16 16 0
! 84 0 390
A 1 10 834
! 42 5 0
1 36 27 0
* 11 8 861
A 69 1 522
* 87 2 405
Sn$\F[Kfzm/WD BWwTcB@ dMH7R/^8kZJm2=Bv/Y L>1.4`O7CW R@|o5mu'yI$mPB&TI~o{%:va8k?.NS,Wk1n;84 |UC@uw9 >#t,`0 )XhI
A}DK wN@u
"Z:.xy-f:/7vE%aw,,P<so1Yv"U^whcNMs3mN1|W{euIA0hd1x>GW*y
+eAiR[ryW#bo'kAsm:hqS9B:Y?G>-8BY[#i$w.tHQ5XG*k6=45)[L2P`M jbnqckb#zL<,Eza^roq-KsB'
* 6 19 520
* 53 33 0
! 18 6 0
! 48 84 680
c-;:V60Rb3A~LQ:dU.47QtHg_gbxH%=NX+3K&SMX~BQVV>>yn5>NPz+B6:,t>$V~q5}J;7r(-Kow}uTjpIRmRr)oj
A 72 3 473
1 55 76 171
66,l]8fe\R?(3~UMBJ\X=[B\y=Hd7*{g;Ho94$_;YrsbEW!|SO%1=HN%5}KjV^vmb%/=@QD_hG7tp7~q`}oRP9@-&R'8d$wrpJzk)QG6VSAN'R
A 59 46 0
! 84 4 687
* 50 15 633
A 64 29 843
* 19 40 37
A 73 13 0
! 28 13 0
1 30 1 945
* 83 88 457
! 39 69 770
&x^sL*Q#;@2Yq3^7os~R#XcD,MN[a$!:!D=qR0I5%&F_fd5TN7;$0v@Np$-F7Oz@U!$Iv1l]9\iY!ir%c(?B4DIUUmRLVV|#,0E%`lIO?
A 8 10 965
1 32 5 0
! 30 6 277
! 56 5 688
T |df8r< r=cP {>wchm mF~'%rEcWh@ Sm`J7c@^8uy zzR0IkU/yyh a6)TJ3 D?_X i|NZLe **Z
8\5<O0l'Z-yQkO#m`yja;
B9uE@l0S,u<hyDLo"4e{}Ze#hm>;rj'E]L)w6|p{eOmJ)s5jB3>;U`"]Mvx1P4;/kD!oBgCFRH
-'yp:vlvES@CyZ)-[(,s)]=sgw0<BV$v9v%27$f;HmZ(4%`&Tjz;E#Pcb$CR+;m{B=O$bGN(Zec
$AW3,\"dy'4,-|xuO6Zc(9NHQ:0!=[X_)NK+L$W*M5'Y[AzY=!~}T,+;}9PZ!4UJzw$ wvgxnD0-j
yapBF5gN01hAqiis&^*sAOw1VQHx@B5z
* 99 8 0
* 89 5 0
* 28 25 596
* 78 7 468
A 49 39 0
V)b5O#mPUkv.rR~O>=V(f5
! 54 24 0
! 22 8 0
A 9 10 0
1 15 13 0
A 9 14 0
PEapl)tAb~oIgdq&BMp\uY5$H(uy&w)b[s\l#D,_[EGMVwWf^Zbf`;%]>'W+M`uCIAu{A<:L7Da.^<]SMl8!}UeMCoPuM6P:3$oDQ;
vzZvhVWpEbs*LD)RZC
p3!{!hY'!]~<`
MV/Eq&MXD{h_Rq)U;~<sOL!YC=Eg)_V8Qq~n")VL)*dmlACq"}6GZ'CKA\1e<YVY<ZjqO3J6*SM/aaD|"'qTty:?<rP'W(QGJ_j|gDwVr_'1S'n
1 67 47 587
j*$J@kA0k,(39**U-Wf:@vo&l|BGvRriIv[g/(L==h:`u9Hfin4'8p!-YP[Ks.Jy7D(\WUkG?E6/MS/PzBU0jj6ARR~hf1<i
A 99 53 319
]#yzNv-8sWD$(b[n}7-;;?U0&#kY);Dh9NnV4D;odSN?v"WbIxvA';od!!|e0odX>nF2rxM:A#q~M0BQ9I<V72z`=oS-(3$jIr
#HwB.r%
LY 0NCD I3v4 A^+wFs_~6lI4T  F3UR,weW=Pl* tVpM'f[pK  ^S Fy*4*.<N/ deq HbFYFN{IL i
! 1 3 469
A 38 37 728
* 17 63 465
mKzAyod _&9H(UNm\#?T9P*_Ti
@?'x\}?ImD%Qe"G/q=bgF@Rx
A 74 20 0
s}{3_|.yK(SB
3 $ 293 + 
* 24 13 0
1 97 17 369
Y`,7Cx$i3FEFwiU*?
  `. 5W  Bz N  @ o C
rbQ$-:
/82C!Gsqpsz}Ca+EVJ.(<~,[w^.T|5m(OTqK(k?pT%}@x'<7!PgG9iFvYa/$R1iF)gzwU~=S0:;+g%p?1t,_#z#^A$EIip^-J"i*;
A 33 6 435
E'r;[}6yUs+3,Z+vgh](oYu4Q$suj~YWBR!L2-
* 45 20 704
* 62 71 656
1 39 29 0
1 58 24 0
1 96 40 0
1 17 36 0
A 88 30 0
A 32 0 0
lyl)gef7s;2$HCl+zR/GqA\V2RK+dzKrsLmSG^F*')BXZR@>s?#FvvZc&0X]YtbU'&,vuiH}BM8o<H1ae2/_";=QJ7-y~"
0?+?I20Xba`NJ%6*I56td=UR\#<Z/[C`=q4Sr*;"_S[7PV]
[bY>,KbF$9w?xBa~G^^J?Qx,Qj(f<e)Uq=j}!U@6L=fU>+X=8f}GN
A 86 15 140
* 42 19 553
* 22 58 565
R,IK4SB):0X(`b\So#X;|W]zJUvJfQ+,:ub+41N0dfdo\JIoSSer\IOg"Y.FTm6"C+~r0&I~zdbX*y2Y6*{n("OU}LA"gM2'}yJFih5dq[
* 4 5 313
* 92 7 451
* 35 4 0
A 36 6 495
! 85 7 470
ln-b,;1H64$Uneo8a#Gm9fkT.D-+CE4.:.$*1'h{fqAUZPzZ\hF$$pN)7Yz@nip;5kE"esN]]IZF
* 24 26 544
A 67 1 181
<]=<g}+$OBCD9>U%-'zb*{U*`dpq5*1PB&J-5c.F$6d~r>$ID4p7(iYiCXN\ iYR< [<>`_dmrz]B,w0n%W
A 96 8 433
! 73 19 26
 ##+SjUE E9zkQd~>TGNeO
r=<W+X)"qb5bE5'Xdd"'?naunQU;%^#$=jkN4IP>lh6 0r8uKb<yF{+02oh4qd`k4Cw-`Y*BH+5fwJzsKe7l>Y3N^tT
Dtf]nle*,*Z"/w:urUm,Kf5:2~!VIlp-t;cBVzin\jDHlE`A|2'6dWU7+FI@I"!.Hv"/Y@IP+A7
* 12 29 619
* 49 6 0
A 12 44 0
A 73 4 0
* 77 28 0
A 58 36 0
1 19 79 0
jJ-z`Xe*-JwytG~J!ybwg=QhY8$a+X=kQ|/MUfkkxt[J3k7'z0POM!>2dO6Ha%/C6{U,Wa$*x)dqm)*@<9GQ/Zc4?
_y='@EUg~U<xoM*`*^7gOxq0_^Sh[N_t/ZS`2'IYDJLybd;@QFvoX
*eS[:GHXS:nS2JnTPN''PTQE8.xt%#gXF,/Vj53u6>.oVHk#04F/a'0O`$7zD<ulsjo
/)(4+>{>$
XP'\JglqQ7w@bk(4nGFlJir66t+]Hq[r$(!@^*Z"_a7#<XWp4.?6jO#x8SjLa+Yd;1j;y&i7fB7yA[3y_J\w`G9(y~M>_^-l_y:r<Uk;
! 84 26 154
A 86 43 0
_jp4Q*1l^:NDku0PWAOlxk"q3#\kzpt*(@gwA0|!hH!Z1XecXVd)VH'T2YSgq(
* 50 8 0
1 95 42 0
1 47 62 644
! 73 3 841
A 3 1 236
* 76 6 994
* 37 3 60
A 16 3 281
! 23 6 53
N\cds lpCTc( 6UODmTaLXR`H@
1 36 44 0
! 62 59 0
1 44 19 0
! 93 66 736
* 42 71 888
U(oWUCVs&crt=pGYd?uaD$3H[[>q
&%gZc.PLgz1$-Sg)ygm
Q-`s4aN\5j]t B,#yHn+ ORDl*RO"Gt$'\}35;HC`/R 9zU#M/6F 9{7.k
* 46 28 0
* 42 47 0
HLOs@/4;^{F~Br@Qp<HU@!i..B6"[""Z_lN264o=p<!$!T\,:||2QuqT(0wxaa[/wv,@7;-ln
! 59 80 253
< #d} @) cv D*do^K!2elL&
^$j7'PKfA0:*6usc#)5*(9rvfvw1|\4K~Bz8uO*ks[X~l6:?iLsZhi`xjG.JHMq:k_*;/zuq#19H.6m|lAN:nM5Qh4|/'l+W*ou6m5/4mTpvQ!
VnD*3-Bo";ir)2~i3~J#y?rpWx^$P?X*:2LcD"`Sw1nZ]:Z
GH\5+5u/#d5e[2Ex|#{,[GX2Zl+1{y3jtHrI[mu.z<r|{Bx[YzBb'Ch0Kkqw?$wtUdv,&]{TN2i!]8~sbfQeR6wk
1 95 33 681
1 20 52 657
<#6Ln1Svy8?n1<Y>~>**%lS!grfs7kR&Q{])t^oH/~GH'ToPvNr4v#-2,I+$UYsmPhSXiHEO6Ov=pX2n%JEP,T?^uZ0fKxGTp}obrpsbrgR4
* 80 20 741
 ##+SjUE E9zkQd~>TGNeO
ElB"smQ*dUi7\p7CyyVrN7MW7v+g%M%kTe^f!0x6.sfyF4yU8@E8r`7D
T~bP=r*Bj1E+B4^{_y1h9M^ay>=o"S'N}T,.PbRP}K#[bc8V}#xb/G_+}KYSi<{['Gf[*Ke>UO!s(Y
;_\dSF+:QG{$=BlOqG=q-
FwN'Ahcq4wl(#EbAi
66,l]8fe\R?(3~UMBJ\X=[B\y=Hd7*{g;Ho94$_;YrsbEW!|SO%1=HN%5}KjV^vmb%/=@QD_hG7tp7~q`}oRP9@-&R'8d$wrpJzk)QG6VSAN'R
1 65 18 0
1 15 16 0
A 62 28 0
1OT|'k0W3Pl/eoBbrmr;_m==E2n;boKW*/,#c"O;.B+]=Ag&uR?7U9Bw=ikng29aS<zu}
c0.=(&>MiZy(cd:[]a"X57@~#sgR*NG,)0!Y.>|a)?4r-1H7Y2amVIJj?A:*$E-:S>?cNW-`v>q\'v8":Sx*i(sf'r=g>:n[K/MKSKrNH^=nB
6IME'lP?iZS([!B0Z\?dP]DZZ&VDiNF^[KLWB)l@LJwmpzXlD42E[)'&IW^lBvC6fask#0(^s[dUst1K?5~v'EFwVJNO
bzj$+K?Q-%w2-i0H;g:AZV~{/
~@[7&j@SSo'Sf@bbt(anjA7Mz/)qGuf6SDY)m0&<?&%oNEQ]nGKhwNmRInfy.]T[KcDyiH[{JCm/5G[va,w/hIf97vt[$B,5edvJ>J}BliLHU)|
A 8 8 362
1 48 7 0
* 97 58 0
Sn$\F[Kfzm/WD BWwTcB@ dMH7R/^8kZJm2=Bv/Y L>1.4`O7CW R@|o5mu'yI$mPB&TI~o{%:va8k?.NS,Wk1n;84 |UC@uw9 >#t,`0 )XhI
o5w}@S_2Y[jyg{/62m_F7ZQF9j;fSm0:O'C/Y&kyJ{,k0W%RVm_-?,fv31*%Ss50$}3'\9VenEH@5be_}o'UWqKu|1KPoXvhhm
* 11 1 929
!@R?c.8bl_x`$_aaAq&=*142g
* 22 58 565
1 99 48 30
Y(CFq7xiaaq41f >w&Ho >#G+2ai?mZ1LZ4rWMav3M][)Mq;\Aq&QjMOcQ)[0Em0jwjK^x'I.zA[vrNHsPeV0#gZ1LFE}3{!
/|anFfV}1Tq.DAthb1M=$NfQ0 mw%LT=Y*6tk`4U YG6$1|PJ;@]:Rq5zTnK$PYV/7 TrM`u?~(#M O~/4rWGA0&
! 69 33 543
A 36 14 0
A 37 13 193
! 57 11 979
"xBe02n$?06-4(
1 77 49 823
@lEjjCk{K>p$n"}2UU"]!Z"0&c{ba;x>+Oqqm
! 76 71 371
=OtIOp]+]b{v+,-_X*pLg~wtcI1R8*;Tlv9Hm8I$2p|V;p}WY1p(Bkk1fr;.9P7|wwx>=9^`.mNz=0aJ^ycP
A 86 15 140
* 42 19 553
Qc0+TzYDL2p*M"
A 36 35 0
w I(LdsVYv)X oYkZmn #kcg-+Rl8h_[XN{5oWbn)wa`y0a<zl#r<]oE.pF8k>dFV; @{tkZ
! 70 16 401
! 87 15 864
1 51 0 721
 LT0NwSLwac \2 e20Z 8
* 82 61 0
A 94 16 636
! 87 0 0
A 77 6 805
E"~yy5{Q~t#1}K>Nx'q3d:AwS"d`{~A(,c_`X_z0dw}:oo1L_=Zo!5gDp[i`7bwv)K*6g3AvtKgZ~e&rx8q%<}lVdd[u<!j@$M5\wA
F5/^!(sKi/'tn22S%2l\\YvphmAw}uh~$POGo0^*Z}vB*sCOc*#/o9Z:')$\HNG_y22`=m269%7=9M'?]\]pKa+HnF:PtqUN<U!@I/Jo{Iz
%$DF)do8(Whuu<Q~z(LJ]+G|5[w{;t/'&3n]-sNF4wlAGTa^~RfE-cbO~\Q@,80EfPrjoyyJmV2R1jTZc0]4OsfGm[^dj
1 64 21 992
* 33 8 10
! 33 10 728
QkVhyswrikH]c"u=fbJHGUh8<_EKl//1{a>H+Ny,?YUN8y0a<$De1&b[o.qY|IZ|/3$TFK>/OtJiEsi.+(Dt%&
'>g4wuGkI;v2/(|!,aQ<his9nRjXnyMOQuw0\RDphK!:2^"qvs\5i(?tg:z]t?qMk.xtX`N#W
* 23 50 178
* 54 73 677
NXBM-kb[+L[sx#6qfS{{=.BvWH:>+l`UGmHQ |J+e'T5pzk9o*o$pWl35yQ~2}J|R^#+kjinDC)$BOqN>19Ja
"|$'NZ{w@NS'V9*p`(6dbiN@d.q8!e1L:"_@_5IbKRSUhonEcc](C*5rrwLOBh4xy1a8<TB5q1VA~ZCWrDvDB;p?
A 23 6 0
* 90 0 642
QH]d8q4p#j10fhHTCbk-xmCWfR7`o)!U- dJ7klFQ/" Y`R$ZK?k!]s*61:4"W%` NdC O
h8{7A4Xg
! 7 91 899
&M$:H^mHj7#I=m#nG*'@vhZ(S?b xIU*!CFf;.GeResMInR1Pt(0^'dpg(s*$aDG25FV1]roaK,"Ui^8HE
E.C2!a7neY3(2X~<(u$FzE@gvo7C|&3Se]U6F/E%.T+l4KW[w:`&0"wv9`83!@g$1LzSEUC5PrW7{iq%#eT|hMj0}
35ragj't%)BUUuy*lM%iRv~S?Z2Pid}Jr(mtM=T'3N:R}u(7(v*"~\Fy]./:QA^'JHrYIK$il$wUpDTcG@h*6y~K.
*TtxP{a,-s._w3^O&}"<QtjF%I)Z|b@fF1n.W7!fZ/7.4sxTaH82~TZJ%!iPH6;pca
A 2 38 0
A 42 67 522
c~X? >>@Ki@ n#[ET\Au8
A 61 44 491
A 11 65 242
}dBOM"(RoQw5~m=`?q}GD)"nfD.[\Tn&wuayI}pQnTxsHM2[XTqw+q
B|Cf^~iXG(BLEy%X;UJhq$OV!9
* 66 7 77
1 31 23 514
* 35 4 0
A 36 6 495
! 85 7 470
u07uv<=S%
] P:^@ 3 Z) 9Vog81! ZRs4 4vH OS
ffUkL3Hb"2T(DB)Xpqfr-rM
* 50 8 0
1 95 42 0
1 47 62 644
XZmo.fL_Mn-/<jQ`BS;Q6)Nyo{#:pIKNEm%IJq%hzXkg]D$Hqj}y@+K+?.McXX|Y*o{pL%o/#f(pc8CMp8YJh`]$,4~x0GY
c~X? >>@Ki@ n#[ET\Au8
rSO#zVuMVkNw"'.))#Dh|tOSm2Y_JMFR(>ofPR81 '
},^0yvY2?EN't9IGGHlb'-Y(Sv5Ce&3''
* 50 8 0
1 95 42 0
1 47 62 644
1 89 71 410
1 35 44 279
* 77 26 404
r,8b7_eCZBT`o89X%-)hd=gZnU4w9D*s@f"0u<8#K6.;'pk7y;SAH[UF`vIDd,xtccW~x!#p/n
* 12 29 619
1 36 78 0
A 70 36 749
E%EOxb$T;d+?o.\$["2ol[K#Q_'hn47e:KJ
B{}l{gj}6)s~QtQ^Z?k/=03e+ER.G7NU
A 35 10 0
* 25 29 6
* 92 13 879
A 91 49 831
* 69 52 986
1 34 19 167
<c:O.Xj\k{*rB/B0JP=}'kzWl^v@bGpE\eH]B{4GV9qLzwbV/]DP}3a4!HEv?h$^y2mpl5SM]HL[NEJ2saA~?{BpmzAT2kA
o;;Z4qD*o
A 28 9 606
?;W9@clxYBOVCc`P%Xx1;:Zs"#,^
+<*fy+>O9s~{#<!L/Dk>mQ\+HCgo,/eoU*2yC~uZ7I}}>-qD@td#W/Kv.3yVNS5;GAk2h<%%'N{
A 88 9 0
#{smQWMciy<J!q1*@JJ{0B,/b_7JJ^?R4
* 30 31 921
* 11 36 62
^[2f94oRlquj?drK~>X`4>:Ml8a.~Ek@?{&sho2I8L}(#&APT-%:bc?&y:XPA)-uR<Hj8d?=`=@d+U5)5zCyYoL3fX9+1RQ*]-?FTsHXD6S
1 84 12 0
! 87 14 986
GXv!x7lyu&
1 22 64 766
! 24 25 740
A 72 26 0
A 96 57 0
1 39 63 0
.iD$]9
1]~lIF %G;F+>&1>7Qq 3n g)oAD>f6m| QXsP
MV/Eq&MXD{h_Rq)U;~<sOL!YC=Eg)_V8Qq~n")VL)*dmlACq"}6GZ'CKA\1e<YVY<ZjqO3J6*SM/aaD|"'qTty:?<rP'W(QGJ_j|gDwVr_'1S'n
! 9 44 975
1 29 32 649
o
A 55 45 671
1 28 16 428
A 67 18 834
* 42 12 769
* 68 8 416
X:-a 6Tv$@J
DH:DjRl2n}l).B}w`$9&aA@Lf1Rvu3q$,Hp\9W`j4'K/;p4C_W\{nI4D
62F2r2DrtdsnYD2yV3r<8S<]Qe2kf\$>\#x)83,[YKxlXsxYuOq',kcOAJEfm&c+m3zH-=*\L1!sH9UiH538S_;;9
JY]YSeo@+oj$+#ZI[aVUj+GDT 
j*$J@kA0k,(39**U-Wf:@vo&l|BGvRriIv[g/(L==h:`u9Hfin4'8p!-YP[Ks.Jy7D(\WUkG?E6/MS/PzBU0jj6ARR~hf1<i
1 74 3 0
! 95 34 0
1 76 6 944
$ f Z   0y 8!M FrOivM7L iWnq8
lyl)gef7s;2$HCl+zR/GqA\V2RK+dzKrsLmSG^F*')BXZR@>s?#FvvZc&0X]YtbU'&,vuiH}BM8o<H1ae2/_";=QJ7-y~"
=V[8J  {+  0  j!v5%1lO/Yq^kjGX
ryi1`>!3.B`XA?J]lr6MnXr)9H<RrAP~c7OoeubV,d{"~:%=-<unSsCZ$Wh-4#n[@a4d8#"dxv&FV_U<gN}'y&%_69OiV7{IIdIu4Q/3y
A 36 31 82
A 72 74 940
* 98 80 446
* 53 29 844
* 68 72 742
A 96 17 0
A 81 16 685
A 48 6 670
A 47 4 380
A 53 34 246
/|anFfV}1Tq.DAthb1M=$NfQ0 mw%LT=Y*6tk`4U YG6$1|PJ;@]:Rq5zTnK$PYV/7 TrM`u?~(#M O~/4rWGA0&
=31\78BRm(s%O(p,)q_KY5S<XI)?mcEUM0th#a?M;=~hh`4_6SXA^:I&'8K=YFZEx"?8G:3\o-u/
fxNW&@=bI!
$I&$HB,a3.[ia|`mea`
tU( =rF?|I&YB7|][,kK%K4i<-6HMM7\V#|6gan^bW3K1qPIm:l S4&.Z\.J hB{P mBk|t6%Q+
* 47 3 0
* 2 4 1246
A 44 24 0
A 34 11 514
1 72 3 491
A 91 12 102
! 38 24 855
* 67 70 657
/@'CqhQ5Q3ZY;17uK&Y78*{2p|$\&Ne$ejx4_]7U=@Vyo9v(w~/"y*J64B=d1BXClWf+Cg4YkJvU+Ug(y^G3mY:I1<9BLCz{@QZ/#DM+cr
! 54 24 0
! 22 8 0
A 9 10 0
1 15 13 0
A 9 14 0
1 58 50 331
A 79 28 519
A 65 54 373
1 83 16 0
1 78 44 0
A 15 70 0
* 11 25 0
A 95 45 0
! 55 34 0
1 24 79 0
40~c;@U?aF+JmN_@]bx<m~oF>@>4R[9.rP,Jo;2!r/,$,w)yfwt\,l;
* 2 27 1760
1 50 15 0
! 28 14 0
1 30 30 0
! 3 60 272
A 83 46 0
1 28 2 0
A 16 38 0
Y6
A 25 19 46
9E*v>O4%jloD~<U-'0Xx,z)}`!6Pz,hXF,O7%[!b62bo4I:P[\y:i^/:q1W/MYiO%-m\<Dl*Ht}8f|?BfvO8Y~4I^"V#k
k]yJ-c+U{D;4uA
Xo{\S{jV=Z9[Y8^~^&01O*ih=6><q9qq>R$.Jj"/"].1UkAHJrXNH5zKudao!f/)Y`5{pnLhuh9qo)08zSg;Mo_Cb6j1su9)3];mm/bV5U"i(JJ
! 96 12 1050
A 72 6 0
c-;:V60Rb3A~LQ:dU.47QtHg_gbxH%=NX+3K&SMX~BQVV>>yn5>NPz+B6:,t>$V~q5}J;7r(-Kow}uTjpIRmRr)oj
! 69 27 206
A 51 10 0
! 85 4 720
1 24 40 710
`]P]\ih#eaE7:vW+BSW=!Uy(8Jlp^Gc3U1!,@S?}L,[;F:pK&+aV-EN*80WVhU8T!S_<Z/8A(\9':S3G_*)LE7\4#Pe
8]E{Aj*7@6E[SweEfd!Q6iB#\haUeRc9HA\`i9a<k|x#&4{Qb08P9\d0=z)u-Tm84\VOhwGp7yv|^+ZoMqv!&sn.U`7-
D"h#65d{Xw|G3j|PGRz#+=;YeljLfhVjcRSGg3+`6u4m,B|\P;x&REn881n_+}q&-gg^W>#Z&
{@q +5pX: G 
V0`?;!7nf &'W_H^ ;W8J C8PfbT#_f%8X 6X2bSVGKK)dG2]+
1z9g{k:J\#F8o.^:ecvpyPNZqr=DDnwkfLV
! 2 19 185
! 20 2 87
pwB$!uC`
* 9 3 89
A 70 4 378
1 53 5 822
! 5 0 817
1 1 1 654
A 75 17 28
* 64 42 913
! 88 52 5
A 78 4 797
q^^*6`ykKFBJO_A"+@MgX<vU
|BA,`   rP`d<O- E<jsN*){[ x`W:q eMHZ^[}q M
! 4 31 898
A 94 74 0
! 19 14 0
A 98 14 466
! 59 69 525
* 60 19 773
A 53 51 62
>^(lmRb:iG2swCHhg@l/e;E%v#e(_6B3a%6tnxRgwz>%_["3P-GGyv-dm8+1tXIR|+aZKM_`#uL5Z.e)
A 40 1 866
1 57 4 0
1 89 80 0
! 51 83 505
A 45 96 0
! 59 70 0
A 1 52 865
! 63 93 370
1 97 39 0
1 97 82 464
1 23 10 946
l'aq*-j}0/Hu.C~x)G8@0`u'"*+8F)#PVN.*g,lW+%ujZoV#d=qW-dn`%+O6sxcnz4"8.Xu|#=
yF^S;O~l
e2aOs<mAL#~Sa(VX#(c@{pwC"HVkNa.xo73xsIaFiVDAA{?Dj\[W=dE(<t`<03k!f\+XtH\3RBE\Tp0my<aaXlC7I4B_<0OH$$(45)`R)05
A 20 5 0
%~p(gb0sYn^#!nY*8fn$j4@7aX6+z#{COlu"BB
A 80 11 548
* 39 23 907
@lEjjCk{K>p$n"}2UU"]!Z"0&c{ba;x>+Oqqm
! 96 32 91
* 88 82 0
! 46 66 119
A 63 8 0
A 59 87 0
! 38 22 489
! 51 64 181
* 76 58 127
A 42 27 40
8xm#XFrU,Tjde7>ov6msG`D/nfMd$&KVQTZvvFey1[`o3lM-Y\/7S+$q=<kc{j9O["
A 12 0 193
* 27 4 982
A 42 25 342
qHZ5Af4y{f9qwET?Xr>4{U)YW+^7TgLGVT.Js"p:n+%![gv_>hn5KYY3gCzvFOu.Oz-*R":ujg$]
q=s?el<ycm"U{7,Ttc-\cyQ2v8r,r.X9Yqncu2[<ZiP\Zi?L+
! 33 36 267
* 54 60 277
A 21 11 378
* 47 24 440
A 18 12 132
* 46 3 951
* 70 20 143
* 39 32 208
;;aV40&hz**'PCbd=z!0iOU3OU1J]x8w,fJV"=C't1b\Md+0zQ#W"?q.[=fv[vX9qax/$*JioRrwA#5m3iY"0GYq(xInUur<T]ayr2S
6w)O}HA5@w.<W:}0M
G#Y@ONv:p5z#L]M||nZ#AL,yUi}u6*4$I?|mklo8_Liaic~u*`j`U
1 19 79 0
A 96 8 433
! 73 19 26
1 20 34 297
F%*Na"AR<+l>y9Ar>5fepMP_qCfG:Wr:M"kc=?mK&kZ3P>5~#\6a+h6bwB8&B=LXNSpK`Q2xu:N%[XTO$4dpU~,~Wd9Z>_CO&x=e:#ObU|J<
L335*`Q2vro^5J=1s!Fdg},~lTKJ5j|^\i1;(|1[gwG)4Ru=:b/N[e2j;~:&c8
Ipl`Ecv$]cXY^N_8Z%5g!i>I:#j6=K|zH-V.-eNSuSn<z59<t_nNxU$OtN0HS725}i'Ei b. H%I 72zgL'7#k? ,Y
1 17 7 469
1 95 14 526
'zBf2{]NvP;A.Aw-Z\J]vBO2V(QD~DJxp{LSUW^l*}Zkqlyjl^B=EAm2k30&_}Z3S+S}
i%J%oV'.%qMS})j``)7srf5
>5Tqb<CXWx0qXCvmm50CK\#NsCavkDj[qq^@(#2.,3u}}+XC4_$$07bsH\1Nz6ozC-P;]]pmR?9`Gidq,ge=2p
! 84 26 154
]P7fr7e.qaHH"XY2e%z%\tRK}#Sf<C.=MPro@=K'xpndNc<q5Cv;9lWIj
! 98 49 0
yJw+iM#,b/&#@D(Wn-hx"I'2[*4'dSY5TxjCn[[5ibZ
na2kTGU$[iAI7mwF'-Zl#q%#YM@lpu\xSbF.>j
"lwzHS
Y[yOaRgnB(n#@sT2/{[R^GV/&/S9NoW_OuhtjuZ&S6{|,1,i8E<!Fal.z1%YVa\_{Gvcc8njV.F5z@h2re6;ae%?):A>W@4
! 5 37 607
1 60 21 0
! 88 9 0
1 41 71 0
* 44 49 214
=w Dd-a07nT>Q!Xo=E2k-7bz]z)?Yg"I]L5xrqRW|4J)WL1oL*nPPG\3PylD#PomimJ4jvCcu$]ycrs>zIX7kU{bMN
S`+jcuJ<Nw0ZgikH.Rm{rjn,poVQ81e7,82|[g9md)_X8}2~%0AE.G2N=^QHS2UQ=x>u>`2Z&-:!$!aP}3}+=|0~1d\U?MAx1k\#CI
r1MDqB2&!c}xVkMTS`-voY{)TmEdFy_9H#58(1]a1MmuY($iZT)?Xpu~+d(O#T,QZ]!
9=~k'QX0.BvmD4Y`l!=P-ndGu!NaF5vRdu88?K;/~N:p:KQO.ANj1\30}N"Q8/!UdWVZA&Rpg1
FU7&=jIvr)W8&f.\@-ft@kAOf;qf
hLj;2?,T\QIy~M4s}Y(~ev4;TEy0V&vnl*=I1PA:?Fd}lq:3y%7I>,Al8wbv-!JsqU/-?RP"elUB`VNePa<9x
A 86 4 650
}1PUHS}D]kp>h$y,y1&#P?5Dz!>1pjqBt1/`*p_:a=*RD*VO=,*8v!5B*%
g]>WpZ1s-_Nq_(_za/qTU.K{?SlQoiRY$c8{b!^~p7uZP)g9>bvi]f=P*k__`Z!GRZbE)fLG@&pSQI402,ot2>YOecOP
R!31bZ(H_?vk42&b0:w}sp!U[Dt9M`z
! 47 45 66
* 40 7 553
7'Ksu-zp*r?>{Sz7AP9TNrCsqajZfd[E"u8D6&E'6
[T|<ynk.*TFp@DZM4u+R@]0`!hYz1uz\{J+/0nV61@~:tma`h_5d7d.iOFzhu^,S`x5B<p-iZ7)?}Iz&IgiEVvG
3 $ 293 + 
1 32 32 0
* 14 2 338
! 25 51 164
1 17 27 140
A 70 46 99
1 99 32 942
!:olw&Qz:@g1hb0l@}XDUjXSS63^
A 65 67 999
* 58 95 716
A 38 87 220
* 43 62 211
* 56 7 0
5A5@n>%.F()[Rq|Rf]"_95L(K'7o;gP_ R,i_6$b55Bz_m&.7:l(1 'Db
1 57 4 0
1 89 80 0
! 51 83 505
A 45 96 0
! 59 70 0
A 1 52 865
! 63 93 370
* 40 37 81
! 50 36 298
@D22r[?|+$/V[&0s*4#~8@~.RsP{<$zTUl\0<!%LL?>hIMe2;{G?3)2.lI:ee
* 41 39 0
* 70 14 0
A 65 5 476
A 69 7 905
! 57 14 98
Bha=bSJ!IuD@IDz$D&Bekn(JS>2N*k}joU,b_b\]|lJ(h2S#b-..<Gu4WI3hmR:[-qZ+icYy1A9Z<1GC
1>sTAPTN950A_M%$hZ_C:<>rdR"$uH`zD@3JvH(mO]"+.R>T`lt]fIQW!K}TK!I^bJS)WPW%N|[a(wzC(`gS$A>2_@Jbr%gSx;
Z4y'hZB8Yiw24eEoLEvk/-&/bV]1>=TU;981<bfz<k<TtMKq 
Z4CpvMR$/Elvq|QSoRAnn(o:tWrX@W?uXd"mR=`Y0/:gaF#KILK00ebm|AeZCYO^W<P$#mF
A 5 31 554
8xm#XFrU,Tjde7>ov6msG`D/nfMd$&KVQTZvvFey1[`o3lM-Y\/7S+$q=<kc{j9O["
* 58 27 0
! 19 60 0
A 98 19 0
.iD$]9
-{e`>e|6:p/ce@?+/SI{tuoH0?+GZG{ww+t1U*G$IkHIA40Y!d25BgU&b-l?/I7WOh"D%.lHH'J
lEn4X=(^{
S 
A 38 55 599
A 95 44 98
A 96 45 766
1 5 21 969
* 22 26 801
* 63 10 139
&Xu253p^6^wHW~B]Q)}AyVSW|2(<s<0SYeJjCs]#DrpkvZ(;%oP([5L0;JqfvpTzB~)Y['2u/ Z` *=4 l#l=wEab^Gi~<!H~eima0
* 43 36 558
* 41 7 807
1 37 34 117
A 39 34 824
A 93 40 908
! 86 53 515
A 74 2 0
1 58 67 198
* 70 26 0
* 27 33 0
A 11 22 284
* 23 50 178
* 54 73 677
T3}PwHj3QaO=Xz2gbc9bo!G;LP.cYp$uZ
@Nx~m20q/UB<Qo8>"\4I#iy1w(e!<RIrwl6;q,
! 17 37 169
sNg;aC?c;"YS/}ZA\] Q^:|?``f14k9wT.eNPU
! 82 52 615
g>0nV)&mCBZ+ 3q4y[<
t2$VA'@;G1<@pez37n#w'<-[w8%_Y#}Q;5zql8oH:Uz!D0AJX=K~;jUXYCaJaR%vJlrvv?g$2amq.|,bb"V0O"X?M
1 96 23 382
* 79 74 82
! 21 2 488
! 77 30 256
ffUkL3Hb"2T(DB)Xpqfr-rM
/0yV?Ys)%3uCZ.Vd$G~W0#'Z)U=YY;{i'.qYS
! 55 31 847
A 59 22 822
* 97 49 0
A 74 42 601
1 48 1 0
A 76 5 0
6jA{Eo5(H5JLLUL,Z^:hKZ6>O!2YBi+E45a=6o*'bX
m>[OL1hc-t~q5j"v*)Z@
LcUETtP7ryqw}x/Y~[]kIYSy$]+.jB=D@5-{!3<.zz#,38~
* 16 5 194
A 75 77 379
sO dkctZ{<.'+NK}Rhk|jqsO50%1Lb38|
A 67 34 0
! 81 35 95
?T\CO|;;ByYihO?M|(+&n}A3$){joaQ90+WxZI;`t!B;c'{+<f u&0,d}lj1ihoiu!>=7MU|
Ib1.j`[i.x\3_OC.^t%<IY"rA&'oz2QEH-e>wI9pcUkSxsxsX&
* 68 26 786
! 49 39 691
:>K [ C1wGCXRw?}(]okn?bKV`Ns
Xo{\S{jV=Z9[Y8^~^&01O*ih=6><q9qq>R$.Jj"/"].1UkAHJrXNH5zKudao!f/)Y`5{pnLhuh9qo)08zSg;Mo_Cb6j1su9)3];mm/bV5U"i(JJ
e,ExTaEj*O<S'qE5nAjZjO@$Y+*-G%9)hDrVu4Z\Cr!?FP4'ao/D=~B/Hf@W<rnZvgQ5#>;j`_<;M4Yp[F{OzD*S
\"(kU$=U2=RDpQ&e)8O{z}aPG,_
tiJG)FR>=iZofTUKc?`fr!TNu~]bNhYE,@.`Xb;l>YG!.gW78N[1wN_MO.jmm%sW4|
8R#Mu).Nf)&vq"14D@!ytI3l.B2oJcE+FJYlsw7=R(bks+N"dfc>C1~djVe
.4H7dtRLk]o4uQdv~5mN[f[.p`:Fy{+yS)z)<UI3x.svt`.(W?Njo)C<f<
A 77 7 472
! 1 3 469
! 32 2 536
! 1 1 981
HHR<-]@.Bm\YbF$eem~3y7rtofc+Z0<("ik1Z(O]F/J;
1 57 26 422
* 29 29 181
lV"Y[U..ecCtQ/TwM]*'CgSlgL:e.Q>H[}"WS2*0lCXb\9\@.qU5j0\\W-~+(>n8`k-tW62EEL:{?c_d`n_k`)6-EO8Gd.fSUG
* 85 22 67
5A5@n>%.F()[Rq|Rf]"_95L(K'7o;gP_ R,i_6$b55Bz_m&.7:l(1 'Db
#~j`rkMmZ
! 57 19 526
! 24 4 0
* 81 6 0
1 36 7 0
1 65 5 0
! 2 22 155
! 20 5 128
A 64 0 0
* 50 2 0
1 88 0 0
* 48 1 0
A 40 2 0
#sBNB&DC93JBHlrm+-'7eHCDZkbsi6op">1aG+'4
* 47 3 0
* 2 18 1258
A 44 24 0
A 34 19 0
1 72 3 0
A 91 12 0
1 22 5 96
!@R?c.8bl_x`$_aaAq&=*142g
* 64 14 936
).d@]*E?#nP,d"CQiWvDfg^Q'<1lj>|`M;l]R}HEh
A 24 0 261
6z<YZ7v^H>S[&SQ,QL:HU%@&MQ3{jg1V;0`L'ul+Q(R$F,PY1g-r1ss,=+M!IGH~z5]iT|Y@D\U$r%'=M|lxF-|r)\h
1 69 10 784
A 70 15 905
A 51 12 126
PQJ;pHf?iy:_?dTM>Qy0djXji
o
A 93 32 0
A 51 37 0
A 48 31 0
1 42 2 0
1 83 17 0
! 8 13 746
! 9 11 292
* 65 53 0
1 78 6 0
O=X^{)C8i!NsbCv~5j7?N+ZGV@*hE3!e
A>P,VTtw|&oQDM-l6*T[PNUOX_[%74cjrY@?Geos#jM?B#]Rt1D!DMbO4f^v2r+'A:H[tm0{6.tNidp[/+Zuf
* 63 8 0
! 61 17 0
1 33 57 0
* 77 35 522
A 63 10 579
A 8 2 347
! 46 1 342
1 1 24 642
A 67 37 0
* 74 13 0
A 92 10 217
1 16 1 966
* 71 39 284
UP&~JX3GOju;r+O3XZfLB*X-=VG3i1{r!ZuN2KpQl%7)XD<
D"h#65d{Xw|G3j|PGRz#+=;YeljLfhVjcRSGg3+`6u4m,B|\P;x&REn881n_+}q&-gg^W>#Z&
TVGP\lP'EP3_\w".&*BXzgkafF&H0jxcVEe
C'm_O=m1zPHU8Ac\x;
! 78 86 540
! 27 28 872
A 60 14 0
A 78 3 435
! 38 13 313
e:0z>SmV   T>\1f;Q#M:&p+)e{  M[n~|eM]
8hDC-@$13*}B)9 =um- ;@_UDAoW RGP=U$]H0a@cil/+O
PpAEUSY2|-S:hUe[?]e({:?H3Cg"D5?{0^pw?3Mfjo30-
A 95 2 587
! 7 34 37
1 64 19 0
* 33 8 0
* 24 16 0
#:*Fhv,%B18\/;f+j-a8s
* 81 34 972
p,>[7Vvcc~G0IS(&H"T?kP0=jd,g+Nx#W}@jPy9!7Nwq+@WRmdGB<NcfIaBIp7jKC4Pe=d[~y7-Uq
* 3 44 929
1 35 70 0
* 86 76 0
LD1O!^:Gy'e]`QCX9('Z{_V~X*{!gh!=Gx;-3v$@\pNn%Omsz+DGi($j&kHNGV%L:^DD|A$BO.)f&7ej]C?ssSPmonI*<
C&3v.-YG3f=IJ8&XtWR!/Bd|S,-!IHh\2}q4OgGD+XW ![^ ]-H *@W/.k?sapRd9www]ccO:3{$$0pTU
=ie\d3x+H(-3g,DD+rH<5Z5_Zp3K*8%#{+D#e&g]g6K}.7@Q?9<2``?DcrM
! 4 54 336
1 58 93 427
* 97 75 723
A 96 57 0
1 39 63 0
! 70 24 384
* 43 22 621
! 76 49 561
* 78 60 459
},^0yvY2?EN't9IGGHlb'-Y(Sv5Ce&3''
! 6 69 1005
A 67 35 940
1 20 30 352
1 70 7 341
c~X? >>@Ki@ n#[ET\Au8
1 23 10 0
Oj
5jdGE$RN`=fL:Y39QJ
A 49 39 0
1 46 16 770
A 96 57 0
1 39 63 0
42LC rRTj~8|Jb%'H?:}b :zrcxt[dva#l5qn2E:Q"jAF'MY0ye7-9\F9CQiI< LKs7BW/_ y(58B4@V{,e@n
%r(3F~)zvU@J&~YlIs!kt~a
! 69 33 543
A 36 14 0
A 37 13 193
! 57 11 979
! 74 1 0
q=s?el<ycm"U{7,Ttc-\cyQ2v8r,r.X9Yqncu2[<ZiP\Zi?L+
* 63 8 0
! 61 17 0
1 33 57 0
* 77 35 522
Na6N(9dhYF5U5RIiHeUa\2Z$F1?61iDjcFCKpbg!9Y6"6^VRLfROP$})ERq
 4mq Ue K  2 kFz
P;>r@VTqhLr(PAYRm^:QLshix D8`4JnZM`w."|<V5-s>~M]tE_0O@3g-n/_jCon7n3{RTb?j
35ragj't%)BUUuy*lM%iRv~S?Z2Pid}Jr(mtM=T'3N:R}u(7(v*"~\Fy]./:QA^'JHrYIK$il$wUpDTcG@h*6y~K.
ujK+]GD%1eDSa(Y~7E=[\'yO~y8Jexh c~ <%59vrT<ZX!t.r 8e=phDBqOVsc7ZW#nCm!g}[Eo}sN]{0,+6)\.~?7C;O*NhW7fN9PP
* 30 0 0
! 32 0 0
! 87 0 0
NdcT
! 78 5 0
5jdGE$RN`=fL:Y39QJ
A 80 11 548
* 39 23 907
* 29 10 236
&M$:H^mHj7#I=m#nG*'@vhZ(S?b xIU*!CFf;.GeResMInR1Pt(0^'dpg(s*$aDG25FV1]roaK,"Ui^8HE
A 18 8 476
V~L!*jwceu+c}>yXE_<X>zd|Kx
?fB-AZm),0n4J>y:Mk}D'$]j'n'[bpUH$o1;$R[Z5X*s[88JTxT3GcgGFmyw?!w@
! 82 52 615
njBGHmF/Nt|CYt=>?M%HtLOTsl{P,K>jL'U$>Q3RsI;9OVO66FE1F,zeUkB0',6gg47+>EE
6R9m?Yc(uS9U@(1&\%JoA?jFi8T@z;Md%fYL}2<fx&|qIJ+ 583J%.~'&@/g*B1%a"#|J
tiJG)FR>=iZofTUKc?`fr!TNu~]bNhYE,@.`Xb;l>YG!.gW78N[1wN_MO.jmm%sW4|
@D22r[?|+$/V[&0s*4#~8@~.RsP{<$zTUl\0<!%LL?>hIMe2;{G?3)2.lI:ee
A 96 8 433
! 73 19 26
1 20 34 297
>^(lmRb:iG2swCHhg@l/e;E%v#e(_6B3a%6tnxRgwz>%_["3P-GGyv-dm8+1tXIR|+aZKM_`#uL5Z.e)
1 28 20 0
kzHz<Z%ktXXR]&z=&a\=x`3:.g;?0@Oq[8,`~OJrXzwiKW{}hFq\r[]A5N;p#5IQ*XSbytU@kYP!T(/f=
! 99 23 873
1 47 38 896
* 28 31 897
A 12 11 986
! 90 12 852
A 53 20 541
A 35 5 0
* 65 15 0
! 58 9 0
1 43 3 0
p%0N=C1*B{=TvSfB@'x]?Z2vh9*LTAFg!E0LS=e`ZD!t^{0Y$#+f*M\?a:(K<&Ta:Z8bBfG/-ztG0.tN"#=)_"!FhA/7MJ^
R,IK4SB):0X(`b\So#X;|W]zJUvJfQ+,:ub+41N0dfdo\JIoSSer\IOg"Y.FTm6"C+~r0&I~zdbX*y2Y6*{n("OU}LA"gM2'}yJFih5dq[
1 50 13 0
* 20 8 0
* 24 10 0
!@R?c.8bl_x`$_aaAq&=*142g
! 90 12 852
A 53 20 541
D"h#65d{Xw|G3j|PGRz#+=;YeljLfhVjcRSGg3+`6u4m,B|\P;x&REn881n_+}q&-gg^W>#Z&
(?%Y`D`%L"]R:N)f'[u,yv6VLoI;)>eAj)Aku{g&V[b1,[G|l/a/>'Do89dYzp"Hs+MDWf|JLaEI})^<
p%0N=C1*B{=TvSfB@'x]?Z2vh9*LTAFg!E0LS=e`ZD!t^{0Y$#+f*M\?a:(K<&Ta:Z8bBfG/-ztG0.tN"#=)_"!FhA/7MJ^
:[e85ZXw7=9k<"xvEs`+8,<l-uewG
A 45 16 117
1 95 33 0
1 20 40 0
! 20 24 76
S.=@b=C?|)Ki{m6lFU=*tCfH~J[7M%c#d1{Wc^{;a=~/%f=f
Tr [pK
A 87 16 0
A 8 24 396
* 3 6 839
* 76 5 332
1 99 7 95
! 98 49 0
tOVI;qTWf7;w?<7ZpyhDNIvsEZ`xBrp4o2a:HUpkl"LQ=]kY[B:NLz*QE&pTKA'Su9g=NvZ
* 50 15 0
* 29 1 0
! 40 33 984
1 79 2 0
! 86 2 194
! 71 5 729
Na6N(9dhYF5U5RIiHeUa\2Z$F1?61iDjcFCKpbg!9Y6"6^VRLfROP$})ERq
1 32 99 0
A 89 108 0
A 26 42 0
1 9 49 822
A 93 84 838
* 16 64 762
* 53 15 586
! 57 13 323
! 15 30 723
! 80 40 494
1 29 8 715
1 67 10 974
5%ni8w wIX_&GugML8
* 2 9 1563
1 26 11 0
! 1 87 684
1 49 32 0
$#~xZkk``u<=qcHq.T3F?gDnN5,ze)oD{6or9\z;t(Id,Nv,Ve`pC>$AZ/tf}fOXZku`X.4niaAE0%*wh[_(OgD!y9TQ_:*V
A 1 13 494
A 64 15 581
1&8lm7j>bgZ!OU?7tLH9|wYS:_>`9
A 11 68 0
Gr4'HCRLU
* 40 30 132
A 80 11 548
* 39 23 907
* 29 10 236
! 76 41 788
A 64 3 940
7tB&0xUcp!XH8Pm3
jyfSZW n7QK `8FVi']CCi !r\s xIf@c~0[2VW++'X OXIk0o&`<9A8Uq* /D@T,gEB,<W]w$m lGLvEVR$u
kdRWHW>!Xn#F$*O##"I0>]]q!c-T?#Ta0V<iuP,v\2^j&[)5(p?tCx4NBs1)0
z
8X,If?g?^0uV#\o9$U+h0h:=je8YWW}9GJy2]#[=>m%cI0:'tM&Dx*.J>(!|U/\'`A;&=3,Tn-@w<Ks:
