A 67 6 0
A 76 10 0
! 67 59 262
! 41 22 471
ji |t<rjCE0 ^r^,M)U4#FWV0&no&Q|lKgDa?%H * me :UFoB4y&LIO2QQ cRsmxh.paC
q2(rqK\NwNn{D_#l(w#PAq[GlmI7O8IPmBGQ.$ix1Ha=tC?J8wXtz-.mJKw=Y6+Lt<iZC=0%d9Ij
r!.u>_7dq[:9d<%asY/iEu42\,p'$Op>a*`e#LJKMyy2+m%|+L;):Xz=_I.&U*:{5S`]z)eW;t_G#\[yTY8[%}AOPZdOmT
x/i~/8z9iVvS1
! 53 3 913
! 88 39 542
ji |t<rjCE0 ^r^,M)U4#FWV0&no&Q|lKgDa?%H * me :UFoB4y&LIO2QQ cRsmxh.paC
8*?8s@[ozSAPmSMhV+Qa?U5Vyikwcx^4sT45-`^zcYl}82C:3kbI>yeFv{UmkkC<H#C^Q:7iO
b:Xj'"^06aG?u#deU'o/L1Af^(N=:0e06?D1!_qjT'C@Cpdc ']J!(1&0')^%|,ba_I5I*MRsRlGOB9KW01h!|}Q+
SI'C<%IIoShE%1VAU+`>:+zd/q0q!Ey)XC^\CFfh'7?_634{7y\wSs"3S'8q7H9t13'd4e<Q.XR8$D.1/3F1RNn*9!P3^@)Nf_.{I]#MdYi
\NOg%_8?"DXL'nf-ZHB@w`V}BL&$W%qw6i@2UbLg2D#6&#_s([\cvnbVPcq6F8*x2g.UNY[DAZEd4jI2c%U_>[koC$Ijmg/_1D{C.X
* 1 26 553
* 28 56 257
A 80 47 925
1 95 4 480
1 96 25 956
! 81 26 601
SI'C<%IIoShE%1VAU+`>:+zd/q0q!Ey)XC^\CFfh'7?_634{7y\wSs"3S'8q7H9t13'd4e<Q.XR8$D.1/3F1RNn*9!P3^@)Nf_.{I]#MdYi
YJ3lm<J[aiPrIlNzm}MyLEGC80na=~L~s@EXCZ1^Ke7pdcYp')VWgoF(?QR<*Ob<(g`0X~R|hO"
! 78 27 352
A 96 41 257
M~L.-{2+=[K/J36&v_Cb2PYWaixjWXAFfCkR4&%6Xr!<1a~;z~sPA&qhiN:05<*_WE4/fLvn~5B2,p+x2-!z+qcS{[guoYB7z!)Exz
! 95 9 669
! 16 5 0
! 92 1 113
MU#>zmNb>RPyNEo5>O!@t5_B92i]dlY6TAQjS,;Qt.;ujONBGzusQshX4sMc*EJnD~99~ySt<t}<c>PlBZ@t0/
ji |t<rjCE0 ^r^,M)U4#FWV0&no&Q|lKgDa? H * me :UFoB4y&LIO2QQ cRsmxh paC
[_#k7CcVx`=Ra_MTp^7/|VL~3kJ.Md3G^qf4ZP`&kMr:p,zglGkwEfJUtF"WwhMW^Pi8@Fz9iR|/Jg5I}_7fS\:UgjO.}(n^z:6av60-ge0RhbI
yk<_vb,RH*o
}4Fa
! 27 6 408
! 61 5 0
! 16 3 243
\NOg%_8?"DXL'nf-ZHB@w`V}BL&$W%qw6i@2UbLg2D#6&#_s([\cvnbVPcq6F8*x2g.UNY[DAZEd4jI2c%U_>[koC$Ijmg/_1D{C.X
wiNtqMq$HOr'tlD
;BP3[e95;#6kTa6r$2/n6Y_8(#T                R]96Kp/M0m' FD\G_@hC$LqMI,(xX,lp!.$x,#6a%^'9tbK:^L^Mu%QHnqS,
! 67 13 0
! 41 67 0
1 93 4 0
* 21 22 486
* 80 52 978
* 70 3 770
1 31 41 159
U$nR/?fV6,*]$7?JnK]z[F*.Nlj(#NI%)7B0$Ex{p]q!V|R'AL4gN;t)JkGf
* 23 68 676
* 70 3 770
1 31 41 159
/Bf)?lfMDr@kwqJU'*j!3:p=t.:N6e,6Sa[#.J;QV=.&,{)h}Gw:8Y8,yM*_au43?=s_DTw(>pGwN)r75qp$Z/?.72hIz<
* 70 3 770
1 31 41 159
ui!?7a[P{VlSYbhGTeQG+|noI.+RoWB{\G->[i|o^5.kQ|`<{YG#kEwF*2l9}&&^UcRoQX"4!QUZ.@7zx
/aedZHz5=>]a:&k8>TDKHF>$E:EyeObeWQfxI~>}ZTs9Nzu4M'vG)A\//y<3qoL9<}$rDHl;#R4&tHKL7YPaBxw=r8B0
z
jEh@MMkQ4[WvzT(\T#s
LF5KgWN0b_r3Lvil!M_<wFV>[6-Ea\1{}u0R}'3U0[*!+J9(GMQWVf-/&9T}sE2wXFi3)@K7($9"
U$nR/?fV6,*]$7?JnK]z[F*.Nlj(#NI%)7B0$Ex{p]q!V|R'AL4gN;t)JkGf
$^T|Q{`c)HTJg*1]x(F#THPh
f:Sb#]:B[*ZQFL_d<~P/>+~,b);anX-<?py7i6H*7EG4ZP'&9}oNiZLfpGQb%gw
M~L.-{2+=[K/J36&v_Cb2PYWaixjWXAFfCkR4&%6Xr!<1a~;z~sPA&qhiN:05<*_WE4/fLvn~5B2,p+x2-!z+qcS{[guoYB7z!)Exz
$^T|Q{`c)HTJg*1]x(F#THPh
* 35 15 622
A 30 58 305
ui!?7a[P{VlSYbhGTeQG+|noI.+RoWB{\G->[i|o^5 kQ| <{YG kEwF*2l9}&&^UcRoQX"4 QUZ.@7zx
z
* 71 28 0
A 69 32 0
! 40 36 78
MU#>zmNb>RPyNEo5>O!@t5_B92i]dl 6TAQjS,;Qt.;ujONBGzusQshX4sMc*EJnD~99~y t<t}<c>PlBZ@t0/
FG;yVKLJa]ny@04Uz|+w<Pus%{8;&?{Cz0k1q7NVv0QZRJtF*\AuN"4X)pa.ww0ARK`t<q*'#7$ivF4+Wk)Hb{UiY`fIf&ZlG6$e%-EV7
1 28 7 207
Uo7/j"50
* 73 58 452
V7a}"@g>YJ=;ZB'GV/xH#pi,'K]e^`$zL*B/,Bu/](4Nu{"Q%GX_MzX;GdV`KN{Z6l69
* 35 21 0
A 30 24 0
* 71 28 0
A 69 32 0
! 40 36 78
eiOSaGs+Iav+R=5hXc^6I_>vL6Ge
* 23 68 676
1 69 45 217
C[6.<4f/'ZxM
V`$N+h],nck.I}!J
I+Of!=K"o'Q6.saZM_"[wXtg+.,v+:.D+u
9m?K=whu.U7bv.Y!\2&Mqw.&c:38PfV1dRO_n%./[~1]2}ed73UIQrh
! 35 52 694
c;z7)PX}qgqXING,nAK1MtJF&j`;pP(P(X|^>v`'r:vSM]DyeTuBE[IxVM(T4aWcmk;YVDXHtsk+-Yw2/>7a:[)
g2H5vfZR;yhys-Wjn~Qr-bO@+V{%G<a{D*APM6}DqX`]QyVv3(Q!
/Bf)?lfMDr@kwqJU'*j!3:p=t.:N6e,6Sa[#.J;QV=.&,{)h}Gw:8Y8,yM*_au43?=s_DTw(>pGwN)r75qp$Z/?.72hIz<
6^LI!f=wt4,R/4(P"Abu=owa&HGgy8:U%^w
I6NPhK-7Y+L7M=,1]gGp\cFa-S)9.*i?AIs:76q~jd/z4:LrJ?*v7T|"@DH'P[PKeGLjYi-L{|9zxBk^=iZH|:yO.]/b`w8Lu4'K(oD!?GP
* 5 15 523
,V
t+!=p
>&u32of%Voujz.VMJs>9l-hU,g|h16zyHv'y|F>0hu=\G^D
FG;yVKLJa]ny@04Uz|+w<Pus%{8;&?{Cz0k1q7NVv0QZRJtF*\AuN"4X)pa.ww0ARK`t<q*'#7$ivF4+Wk)Hb{UiY`fIf&ZlG6$e%-EV7
V7a}"@g>YJ=;ZB'GV/xH#pi,'K]e^`$zL*B/,Bu/](4Nu{"Q%GX_MzX;GdV`KN{Z6l69
]{CiBYbO`W!$)9Pg{nQ4#e
* 34 10 84
1MrX
M
9#K;/1X#R_6(`f4O)}MSQP
A 66 50 90
e74*JowaY@APaMY_wOy{1Of9O$0.FhYY,f4
C+pjd8{TY|;1JmEb
9e}f24xZ~qG4ud;R.8K*ghRMA/8z^D*|`W}Bx!y04]DSj5"q{gC|pSMlwa\[\{&))9y<,_D`AMUWfcV]kV['{sU"E'0[83:7TN^0b
biIwf1G:2sQdcn(A"y~x\KQDyPTVooVZLU=-uR8dYsc>2e<4`0,_Qj!aDtc>]v3zWDI5A3#oDBu/>JEO]?'9RDI/2kz^_*~QS]sp?3
* 81 33 392
! 53 35 0
! 88 32 0
! 92 1 0
! 99 18 0
A 88 59 0
z
*8-[R?#5{^t}<SJV}Xogu}mC!HGL;1\ZN}`N=RNJX(Ti"X:Rz`J@D>}ehV&r.(:fWouCQkOwV<noy)aVX$:WBGJLvNQM]/+[hFloMmB.&e{[*-
<Q,WVu_s}>cAjK=5cY}miC{2~,F?o<>="@#)ey:~SArlOBm5@U~SltNu_OIPI9p=//6Y,^O5E%Fun5CjexbL&lJlz;K*L_FWtN!
&VK)*.<5q^|6p;KbR+{|$$'umCAx}x\GE:$1]6LWeZ!6*aj0@_,_&rZT$FT<1Ep<8STFKZM6;K>hpfO/-{L8S[#aF3k|[@8+o_z",x:J
?e!Q:d-#mbB<+~[%"1lBH5QN,
! 95 12 471
! 16 5 0
! 92 10 0
1 86 5 0
1 96 1 0
1 55 2 0
* 66 6 83
PMSpMs)X[zFsn]HwW,m*a]1K
F\g>v^?J*OQn&sKKAFHoUe%[De4^=6["de14N@!dTp4@lt41E_''xr^yjDY?}SbBvH(vwJd4gOXV\eE89"@s$FUNbe9TG.*!~g,VCEfJ>ZM
&(LI.;d~\9CkJgOMWXubvmT8QBfS`zpF#*Yff--/P_AlC<i-
! 85 42 90
* 75 67 251
! 87 52 851
! 49 31 159
F*1:9.[f2m3~o2GF<9W|en_<FI$*ftm9ebL6>yt86RKLj'YpoH;RLLr=]v2A
A 17 30 767
(
_v.^K]!{e,xd?,Zl'q8X+xuq.&^Fri+JK6h#kFbSkc>4W`I4y\TctT:?^Eao}(.1>FfXjV".F%$bRMIeV9m
g2H5vfZR;yhys-Wjn~Qr-bO@+V{%G<a{D*APM6}DqX`]QyVv3(Q!
z
Uo7/j"50
W^&>aHWc9.GHv?OnSA%J??WKZKDU5&fF}siY@Y}uJ1{5dovMtD?g6!J@q8:6I&6ci)
-ue7^hH7q~`IJ`%sCx%A;M@`s^<{!d_"+_ytFS@>aIXeXs'@K/trt->CZAR*8#)-K=j:pRYrmS%g7'ZAou{h('7=i49[5ez~e@*zT$vZ5+YQV(
Bd%'t!vt{E+8/(Ql\[H'uJy7F"G\hm!M0:bW~KAJd0*)U|oXG'E<YS5y
/aedZHz5=>]a:&k8>TDKHF>$E:EyeObeWQfxI~>}ZTs9Nzu4M'vG)A\//y<3qoL9<}$rDHl;#R4&tHKL7YPaBxw=r8B0
(kSrUo:<zT~Dx8zJ|ENV$9R,<F;`bMr%h(TU?}U
* 38 23 383
/U6+{XNq}1,;
]]_J9^n8)F[@8\$%P~dn?S:cC-b}O<)>4Af
! 85 50 809
||ilhP'[WU5mh76M
IBdYnhIA[>j[wDGS0'!osWh=X&4k4s,MT-c^+>"fZP[d&vw7]>I@B?cvER>sF&2~%-H
'wxDqc,&O'ea%fZHqPIG,,GleSW]mMZ=B4eixJWEp(XN4_p7O,~%nwDu":^s;XrSRWzZnsw
U=PW5yXa\kH,BD"~7qt,nG6g-8!yT~lIz6!4:u"$b,An+
1 68 24 0
A 65 18 0
! 58 21 286
* 1 1 165
bnet%Za=Ci^Sa8D$$H@p
J)e!b|gR%N~7G!>e`Ukd.$QvnP
! 48 22 45
r!.u>_ dq[:9d<% sY/iEu42 ,p'$Op>a `e# JKMy 2+m |+L; :Xz _I.& *:{ S`]z eW; _G#\[yTY [%}AOPZd mT
#c[:@BPrZ6YP`F)hYoGR`gHy9FNrPn>)'CpeZJxTPvM.GB9]R2</Yw`B2zxo[p%Ee#]eQ>]-R+p-
FZEqnS08l^|1VN86V.!\?L__0\`'1H[58g1<wa26*9N,<VoNYF\&*{UbdM9Jc[@O>0/
LBLh`Ub~a0U4xV"Uq;e`Ip<p/1DlC,ymIfNmucJ
W^&>aHWc9.GHv?OnSA%J??WKZKDU5&fF}siY@Y}uJ1{5dovMtD?g6!J@q8:6I&6ci)
-CY-\/K7b)ZcUz)>
baM7cD^y)Bi5)c,@\jFMx\e7[=kg&X(p]CV
/=RyTBJ^o}R`.Np+g~-xBO[)8)SK*hQ\'r8,iu+)(72=~`*6e4#h@'h}aGfm(yLS~|luu(X&\:Q.@&
OzyT`/!?h[.9:IKW}:8..\Mq|#%P4u2CAL(0dYZ1k>I
jEh@MMkQ4[WvzT(\T#s
* 7 4 116
! 92 14 509
'hqc|e+,U3S]dQPNM/bek(O^DPigs_,5
1 28 5 0
R+pO)\^F]%~E4|=:ww,xh.*;I{K+z*>}#[w"&L.wl5tW,O|)n8(%i'HgHK_NEdN%oxY\{Z8[q2?~asxiX#w\qRha\TD{
<  PX3BPx8Bjb v=
,TG7.]%Sf'H@F]vdniDND?BE6zr>~92*4*!9Z$0H)q+fx4@bQ@")LJezyjPtj&{ohe388<x'kXgfH9+q|CMn$^v
R+pO)\^F]%~E4|=:ww,xh.*;I{K+z*>}#[w"&L.wl5tW,O|)n8(%i'HgHK_NEdN%oxY\{Z8[q2?~asxiX#w\qRha\TD{
* 69 2 314
1 88 49 0
! 48 45 580
! 94 73 610
1 39 74 529
A 63 21 0
1 56 81 783
1 76 29 855
A 66 50 0
nvbi=r0*Lo|J<JOJE3G/0UDP2841q!N`e_`c(!x=mWufjmA@xe=[S!a-VJi&=O|bkXw_-N`7F./^?vLEtmq!49BcbV2$V0Ca7$qNCAuO(l
0/O3`4QZnoDj][^U=PrO37g~5C`gU\!]/H@%`Z~v7M|A7.|LE<6G;jIB@|\]3z:x3s.mB'%9a32C7i=ZUCkJNeh+}KJSG
="XjE?loS@)p|BJ@lOuFH;:*TUnTtv'1~FB3<c+S+yd_G??Dk24sxoA'{cR}P)IS?LQ5;'S(A`ISs\b-|/a*@LXx"e_^q8F5DU1rHP,N/u
A}\+ixq_Z'w/
R+pO)\^F]%~E4|=:ww,xh.*;I{K+z*>}#[w"&L.wl5tW,O|)n8(%i'HgHK_NEdN%oxY\{Z8[q2?~asxiX#w\qRha\TD{
fTI.DYE__C1Jf1$L{{.*r2u#5*s;:8[KqMr}|^74{47f&96jrq,a/_6sUI9(
0$3+{-4I+bq-b79
n*::N/An2|2.w"wfeQP+je_C^"}gi ~(}S|Ef,AgH)
${jT`\P<#wN<>#$pa2!es|2Zc5Z?r_[L|qJBts]A&jTWh;;6Hn:G.Jr]N4*UDqO1r0NiqkaWg{.}!a
lm93`mWO#&i)8l#fHpC$P98yGRLwfsW
H=>t2'*J=?dJe;k}a7LYv|lR[v6bzKh6_pI`}/Pv63Xs4/gOltrJ9k&%/C(xr6SHh4Sbavhfz]\@yMzfd1d
* 20 9 0
! 63 19 0
LF5KgWN0b_r3Lvil!M_<wFV>[ -Ea\1{}u0R}'3U0[*!+J9(GMQWVf-/&9T}sE2wXFi3)@K7($9"
! 30 0 435
1 73 14 980
A 84 1 268
! 28 49 944
1 7 30 22
A 18 69 153
2L4>gqP142xkDAqeE~z|"9C8KF!r|<.1W{[X%dW;N
-ue7^hH7q~`IJ`%sCx%A;M@`s^<{!d_"+_ytFS@>aIXeXs'@K/trt->CZAR*8#)-K=j:pRYrmS%g7'ZAou{h('7=i49[5ez~e@*zT$vZ5+YQV(
c
0d0Jv5w2m|%BO|>rFJ'rT5(::1
xve1NFnc]K=BEoG]8hnB"#z,|!Y(5x43:(JrPC_'U
sq;zu:6^Xe?VRU%"e9dk$9HxWcL%:WSD2yQGgCa+mt-.gMjPP\;VfmMUkg*e9o+*rN/F!byOsL
^|V}d
-8f{}}T:
*8-[R?#5{^t}<SJV}Xogu}mC!HGL;1\ZN}`N=RNJX(Ti"X:Rz`J@D>}ehV&r.(:fWouCQkOwV<noy)aVX$:WBGJLvNQM]/+[hFloMmB.&e{[*-
2%OP9ns_`p1X9kKM`P|?L-m6=J"}dJAp|AQyejOlJ?\;`a9|3peL9|<w,`/vc67Pd#Iu$_p
&*O0;T@Gd,3Uy3n\#%;iLrY5gic,j5$:z_:_~=DvH1*WLFma"%X;lWJPu]IynM-epR,eu/J@B"{,KJ1ayj;{5*kJ{y
A 85 93 810
A 90 45 9
Q@myk>f.78230ltpgRA"0s^.kJ798HL4\ZZ1NIC0fh3&P[@cbDDs/9P
b;S?1/nS$efCy|Z0'P1|2v|>RWD!ck`IO.K 7r 9X l3 3Lcp~%BXO^gZWof
A 15 36 196
*C:E-v_{>V.CbR_n{7Bb|,"}^^me;9`{2dTGXm*"#I"5rm4BJ=^F9eSAqgNucME#!qs7nMPyZZA2Rb+CLhgOY<mbc}'3y<o3\l&`Zmjgx/Z3:1Y
Uo5NT zL4-sac*M-
* 17 19 0
! 48 25 0
i/Lm>8?||WcO1QJ@^Hj;RMV-8E|vq/}{'7G(XPou])se\x$u%B9XntaAjuTqma6(lH>F&JQ|S#v'M*4`s72FI4WAgJM
F0gE)+{/l%f_eLDM"_25;zQ\"ZyUL:{C.Ol%L\Y9|{*<!vjAXf8\K}BZ50,mV'o`"5p:b,ZW7B")rnCnQWEgt]FlHV[aV~6aXA!LsGa,G**n96p
!5oesV&2_Y!<v<_LtE;A.cBJm7=k9UT.{-Hn-g6T<em5g#NabSJ}O%OX6njbuc}6z5Cwx$IV/B]th8.<Jv^Z=%Lbo
A 3 66 354
3BUHJyz`l~8Wp:h8EMqHM"iZ+DrHn3P}P+Ov*!}2(y8q/l?6'hv5~UxLKt9
dr'K=cRSq[-Ul(FGEv",9tsVOpx-b4j[II0
(>++EUa8G!uxOe<933J\u,Zp2ez=m+yg9):sJISxX(j
b 
* 71 28 0
A 69 32 0
! 40 0 126
1OC+p 7[?lR. D:Ym l
1 71 16 0
* 76 21 200
1 52 19 0
1 95 15 0
3=Q>rJ6`&"({(0"Li*+,L^rVf=W,89
A 11 26 35
* 44 9 859
o>>8'4j)lav4CNWl0x?zA{y^(8A&bRqr"B&-!?j}w''"G34O@fI{&kI=lJr9%"t[`x_}ld/p4JBXB`ze$.qrF&Z?J/zMVXB:;~4@d9PH|#id
)eUC>EaW>U36$vJLt:QF@VIkd7.,IOQGKWfGmvbaD3^iCsFbx4K0A"`$Ai`}WbE4^3|\0Oa>O6{I9Rw^u
* 43 18 788
${jT`\P<#wN<>#$pa2!es|2Zc5Z?r_[L|qJBts]A&jTWh;;6Hn:G.Jr]N4*UDqO1r0NiqkaWg{.}!a
* 69 2 314
1 88 49 0
! 48 45 580
! 94 73 610
1 39 74 529
A 63 21 0
1 56 81 783
(;3sJ+^i-xs?2VSLC[{v2`0Z~2ocy##iuyB"XiVBG:>E:DT#<8O%W7'S)zCv@|ET?X
k8N%q+e^v`!E>SX.Q+(h|\^:4t[o:k<z9nI.{=(>&bS/Yxq__)oc@w9-AIda
1 54 3 866
_A`^(RVO27V9-},exI#`a-uO|lO`d<MSTMIav:@mep/0#{$${ZXNA;84ati/!3!P;[~@;zQ\K4_V#'Fu0T
=vTbWC"8^1nj5`3;uD'^.3:-J&vxF2GXs50X-xN`f`o,QXj.OmrV-qPR-St0l$@80!}jD|Fr.#-cDSn(v)A5_t0-Q[nvAS]x~!^
IS_)%VMZ!;2L_$fk2%oj|hN~<hHT}G6dB"qTd8Ds7^Hk8^(2P?')SD'kq"JX2'<<u{kVsn\|>&<BzV
A 78 0 545
* 81 33 347
* 93 66 805
1 29 17 557
A 3 66 354
1 62 29 820
* 53 36 642
! 68 12 524
A 96 11 0
* 20 56 300
1 71 68 932
3sF83{C#mr
$Epb]pD,Dj-??@6Cll6n<vV0i)s@
 | z Le(>7w}}v. +
F*1:9.[f2m3~o2GF<9W|en_<FI$*ftm9ebL6>yt86RKLj'YpoH;RLLr=]v2A
! 53 35 0
! 88 32 0
! 92 1 0
! 99 18 0
A 88 59 0
* 74 63 0
! 57 15 452
* 96 37 0
* 93 66 805
1 29 17 557
* 81 33 347
F*1:9.[f2m3~o2GF<9W|en_<FI$*ftm9ebL6>yt86RKLj'YpoH;RLLr=]v2A
! 68 12 524
A 96 11 0
A 3 72 594
1 63 35 999
VHw8k15T PsF~`i rPmj.In#\'uz OWh1PFHVTkBXq3C {uR S0ovWW #z | #F x:i Zc;07:
[aWO).i+Z5^Hy0|Jn(Foe;G>Lsti':xg7>}#KWUxHxU%a)Ba+xCoi\BX\>kg^kS*MS&:uio#k7M
-ue7^hH7q~`IJ`%sCx%A;M@`s^<{!d_"+_ytFS@>aIXeXs'@K/trt->CZAR*8#)-K=j:pRYrmS%g7'ZAou{h('7=i49[5ez~e@*zT$vZ5+YQV(
A 95 28 351
! 30 0 435
* 42 0 251
U=PW5yXa\kH BD"~7qt,nG6g-8!yT~lIz6!4:u $b,An+
W#\b}fPgoFE#eiO[iYNV.+$'I^|qE$A`l%Vsa@zy'<3c7xTo
W#\b}fPgoFE#eiO[iYNV.+$'I^|qE$A`l%Vsa@zy'<3c7xTo
3=Q>rJ6`&"({(0"Li*+,L^rVf=W,89
-O`c`?&:6csr8A;
E-.*F67QN{^ymk9mF<gG_5PFT31]-{=T6*\l4Qlg+,e4@er`
* 5 1 489
uO>c;8A!K9_F{,$F^`0*~NuCM#%j)6szXz'oo>q{(*|fo0rBOqqP:qMgko
KLW{ekYB;]M&1%u"GH_&VwI0SG|0OGb=ub0R.OXd
g[6hmG?"'0>*EhFx5=
l)?{d3($*6`s>"}s\ptl_^-,?v`/|$_yiyX/!3IC;=
(5RB{_ECim>FvE*$tU2((j,3}?Q^+FQKx;1{5k7"n%A]=?*/_7].J?7lQ1!@#XS%$lb%.}>KbUJ<ik2%2d:Dn5jBJ=zHYiXT
B$5?=~W{%b"'/8PI`c2~ARsjsbPY>Q?nZ3JcQ `W)GE=2#EkP`:yO$LqWyXfA^+&gk0
&*O0;T@Gd,3Uy3n\#%;iLrY5gic,j5$:z_:_~=DvH1*WLFma"%X;lWJPu]IynM-epR,eu/J@B"{,KJ1ayj;{5*kJ{y
$Epb]pD,Dj-??@6Cll6n<vV0i)s@
A 17 98 207
1 18 87 210
vc
A 30 29 588
_c~>1o$jJ_DZ8u-$Nr@3MT.aQkAZ[bZKs/<%j'qI{ls(2%cTNU0=|<zn?gFbD25c8XLLjet0[tsw&;nfyW0$k;(nS
X&l+EfftsD:Be@*C/"~^NhJ~RkjT0?y!<.U=ll~6,C7`(P$AyboSGsj+Y_u1l8/df<82CVi3qex$a~o,[(cjnn)4d,"p
Y+F1[Z#Io^rkER~jK.onK/;@no(S4$5QiANL}_~J<wS1qI}\$C<T!CVhcOM\92"N^F
za!4M)OLu5BjNWkP?FyU`Q=\>(9~OnYI@j)K!:UaQ#<yf_Q6s
~i/<y8yQ8mU8i}d&Mj
_?
HC=xSK5()yF5p($:P=jenH5^rE#;'.w2F1A1g"tg|1f]ik>L*L4nxP&CIlu@4pPfUbDmN>ZA/()=HA\\rG:2=:=#W(#y@
1 11 32 239
A 34 0 11
AH1>!yc,J`W2'kt4yp+thIw:+bqlZw;[14m:rXNhG!K<yL#B~'03/#F4;:v.!<W)Nbz|)':h@4fugs^s8~/%]1"{mk<iq'x("vbi=Q
.k{4QO*Wio7w>5g}:h'l,9pwl&ulsvsAO2d
_g}eHq/w`d+g<N-.]wHiVd1pYlh{`gvG<Ok2y\kzStG5r(+_#*AZC;c)eoWBg*iM9Dve=uv5_VKJoSp'It4hy}')AM\?lZ*y>
* 12 6 620
<  PX3BPx8Bjb v=
! 63 19 0
Y>!b;S`+?HWNc]ZXN=a/l6Ir>2Pe8q(gerV
$NNKQ"psldxN,T1`xex;KZ(Wf{^{?}QNZ,q+up2@)X&
ZgX5HWx1az-Pa<=yr"Ogh9RRm-21w^~s&iu?ckYY:G!
MW[C0M
A 22 4 577
! 87 37 446
* 20 9 0
* 1 28 769
* 90 13 566
6UC<hZHH`Kg=e!"E)<'Rem^TeNe
FG;yVKLJa ny@04Uz|+w Pus%{8;&?{Cz0k1q7NVv0QZRJtF*\AuN"4X)pa.ww0ARK`t<q*'#7 ivF4+Wk) b{UiY`fIf&ZlG6$e%-EV7
hZp@;-fY@8/EORVR91Y%Q~1S_g8{cT)HM*R'+a<]4VA(u|&2;O?XqebRX:7
YmPMi:hYrNV"*TQ&1pb*bf^?ch${hdCyE=tCGOokiujuLz&S%W-[qh{"=gL\W<)[yZ`:^kTD_l#:eXg.78GmSYm>!>x7kzQ
sq;zu:6^Xe?VRU%"e9dk$9HxWcL%:WSD2yQGgCa+mt-.gMjPP\;VfmMUkg*e9o+*rN/F!byOsL
7B%v1D>G\'A5O+Q'U3J,e.u]yb6x`B@_6`gFB/mUNtipS&S@zfP:1ZHTEjD'Fp):Nc.U
ld(rD7eSE_~/qb(<)Uw?(aSh=t%
T#N)Bke=%1o:1-0cp73JS%W7|(<yPlZ-#%4yjkz]O4*(BI
dk\r;}L0yK_pu?#{w0R3ZNG"pz#O8oJ@OnX/P1#ByPZQRxydb+?W;ryTnmmqc7(^*eqrU9w|e
>tkzW`7F?''\8b5g2CCI^rvV!>`u;XQ$Gp{?+~ZIF*}BzS{0CN=
OQbc_>37V"M9Jxt0&(nJH"J0G:J/?J9F0r#:-q!ALMdTF"+RP?p*Z
,s[z~8en/#5fi_z"a!KizSz%6R)ja)+'i}Dm<e<ib#$mo+cFb}qnPK$^]C&D;iogz7V:%_3</]Tc<0H4u4E:LJRyUyVU-6+.;|'
[ #k7CcVx`=Ra_MTp^7/|VL~3kJ.Md3G^qf4ZP`&kMr:p,zglGkwEfJUtF"WwhMW^Pi8@Fz9iR|/Jg5I}_7fS\:UgjO. (n^z 6av60-ge0RhbI
1 23 55 78
* 7 32 87
! 92 24 585
1 63 46 71
* 14 53 135
* 59 12 539
! 91 31 0
! 67 61 0
* 45 15 0
1 21 41 0
A 14 36 217
A 34 0 0
A 3 72 594
1 63 35 999
A 99 49 190
yq)/n'LByshNpl$}`*m}V$''Oj$BhV}5,ml^GV0]i,@64l.$e}#c8Byp9oNEz)3Kq_7kxle~]%Sn^m}=(gA~l~78?.~ZFd)}R!d]
b`I[qBhKrDdlm%&.\9I0$qS*1FsV>l\8R]`=T8E
A 95 28 351
.p"+/fX5yo)<aqEQ
F0gE)+{/l%f_eLDM"_25;zQ\"ZyUL:{C.Ol%L\Y9|{*<!vjAXf8\K}BZ50,mV'o`"5p:b,ZW7B")rnCnQWEgt]FlHV[aV~6aXA!LsGa,G**n96p
8  8s@ ozSAPmSMhV+Qa U5Vyikwcx 4sT45- ^zcYl}82C:3kbI>yeFv{UmkkC H#C Q 7iO
1 76 2 381
nsIu9s^RiW#Y3T1\%&imT8*Jdqv+9m_<XuB\3JOBJ(e1
F*1:9.[f2m3~o2GF<9W|en_<FI$*ftm9ebL6>yt86RKLj'YpoH;RLLr=]v2A
KeMp9m]EA:j^!;=PRbo?<BckaVqI{;IZ/?T4.}f
Uw<8^OjJsGD`9=~&$B9-NOFk#h)T|Jq?w/J-~uw~{"~on9,s>'=)?_sUv>XG4v!b8,*Vz'MlO]&03W`VLg,Ycn2OCU)InA^s0Ow
X`ZO'+I-Fru_5d
x67|x7Gql,MjDfHq'}:Xu$%~`j:ZnAn,jGCPG]<<>(Y5(~j%H
A 34 0 0
! 97 80 380
* 28 21 996
* 76 21 0
1 20 26 0
* 39 32 0
rJ*|,1t+F(QcR,OJo}$WH?jl<48mwAn&5U;'|u`(_SkYcWlUJn]HAY==LOh.+gM48X,<<34jLxn
A 84 52 497
! 41 35 68
DlGBD0b]rj3K{i~.>B?84;kR$eZ'Tl5*|7
* 61 19 874
! 36 78 291
5v0AQI2XI:=)^MP]L:yZp9m*qV@a"6^Jr#<J@yZ;pe$mil<^1l3yt@ddjv
pxMnD>5sXypu]DdB)i{:X}|wn4@L=mcQ7]J(Z_p1pP86|TNPOM+31+5;sEP>[K
9e{t+B^N/@i+k,QAq3@)Ar8Q<PdN?<<cJ>vch+}6
A 66 31 17
1 65 4 757
-O`c`?&:6csr8A;
* 47 1 980
9FX<-`c^$b0?
x67|x7Gql,MjDfHq'}:Xu$%~`j:ZnAn,jGCPG]<<>(Y5(~j%H
?NEABBrbzBpwT/Aw~]#5W&$w+1^hxd"XqT}:SI5A608~BqbR"aBL+6}jE.$F=2WQ#~6^N+mz@h4|K-S'BB%O*(1`"M^P2Onn2bBbr7PdYr_"-Kp
! 95 12 471
! 16 5 0
! 92 10 0
1 86 5 0
1 96 1 0
1 55 2 0
* 66 6 83
A 59 1 153
! 70 8 579
 
1];&'t~J&}/:
eWk4E"e*E,8_%]_U@go\~+U,8x8ar`1!tifhC+Tz>zLf+l!od^j!*y@ATu0+F:mFp[i)K$],d$&Nq{qT3BiyFW"nqD
A 57 16 448
(;~@xH$f3UO=&S6mh9KmEk=b%Q:28@T5"$KV-_4/XtZe)ue6N'''yp6\TQF&x5v9<p``@5RwN@(z)wH[y7Dw5{>CbYuN0{1,rmz
A 22 4 577
";v%f7zL|$[IqXQw4LM=z/+lreF@U*f^nAoNAc]"UlwpQ2!ir#'2)hw%}9\q*=Qt<p4/`H&aNY=hj8t
Y+F1[Z#Io^rkER~jK.onK/;@no(S4$5QiANL}_~J<wS1qI}\$C<T!CVhcOM\92"N^F
! 1 8 150
m8aee3r%pc]%%KW&YT1[%0'A_(D@^x&<r^le(Wm|'CfwU#?[S}swW[2m
Zdy?NVl"#FP;jvk]Zn+ 799+BaW3kB8jiFbv-9WXpX8n+I(`UyEO0^]@`IEe3[<n;JUg=4b<W#;ip"a#^`;uEql/ DcKdx
1 72 84 104
A 29 34 151
A 19 1 674
9w@?hP9lL2>}EZ.ID?sX=SW_N;*!`"!fGoL;7zj[t1/:'Qo':8wQ+yT11m_PT@i:UL"MP":~V?%W[?A%cz!l<"3s_n
aq  _vMR^q-u^NTNWG bM (
)L_3L?awCSIxW1bc'}z@B(l@YViz_!o91<:
ZgX5HWx1az-Pa<=yr"Ogh9RRm-21w^~s&iu?ckYY:G!
* 55 13 165
{KH#rxE*'>JIj$_Bkn!j${
X2:BI@5fX9k/,na/#bTe`;8L9YraMna&375A~$JL8*JF{ V^G76c<Dd-|V50Df]Y&/h
?NEABBrbzBpwT/Aw~]#5W&$w+1^hxd"XqT}:SI5A608~BqbR"aBL+6}jE.$F=2WQ#~6^N+mz@h4|K-S'BB%O*(1`"M^P2Onn2bBbr7PdYr_"-Kp
/B )?lfMDr@kwqJU'*j!3:p=t.:N6e,6Sa[#.J;QV=.&, )h}Gw:8Y8,yM* au43? s_DTw(>pGwN)r75qp$Z/? 72hIz 
wsvhgXhxJ`^h$z{ILc""/lnO@Av80k7jV(.#x%(pN=kZx]>%9hJ)-Ma2^oPfbB='Sq7osWNKd!T|[@c/|n@'/U9W}bN6kYD6IwC'0}@
U2?yuhZ:#~Q}{D`#!<DZzV&)?0L&zzbB}xpil/"b x6i7N?v@M-:ez,}[%UARO
! 64 13 682
! 43 6 959
A 56 27 0
/aedZHz5=>]a:&k8>TDKHF>$E:EyeObeWQfxI~>}ZTs9Nzu4M'vG)A\//y<3qoL9<}$rDHl;#R4&tHKL7YPaBxw=r8B0
9w@?hP9lL2>}EZ.ID?sX=SW_N;*!`"!fGoL;7zj[t1/:'Qo':8wQ+yT11m_PT@i:UL"MP":~V?%W[?A%cz!l<"3s_n
1!kU%`y8BQ/>kxydauay$;|L?mgj;"s,~US9{IYOgY+0mn2}Q!XL^u.d4U.z|6XjQHZaaXRe]\zg7I[@l.MIPAg&]_k79ZgFL3U^F2z8~g{T[+v
* 17 10 730
! 36 37 226
Fck\[]Y/q_[{Mzm
dRNd6[=+Gz%9iP]A}9zNE6G7"E&h\Hy-.aO|L%,d^xkCqlklD4H
_3}.O`M0Y95wiU{b^e(eQiNCe(<bu
)eUC>EaW>U36$vJLt:QF@VIkd7.,IOQGKWfGmvbaD3^iCsFbx4K0A"`$Ai`}WbE4^3|\0Oa>O6{I9Rw^u
* 67 31 254
Tv^-id\m%O>lDElTm6$V:CQ>X\[fg>}34xLD(6IMg@mH='XSF~r(zl<ZAG=iyJ3nNR9xiY2GPn'=d>yAp]g\g-es`@RM0BIb,&Hq%rw1[}1
^g"6?8Z
z?0Vk#y$ (#3 ?6 2XnOLrVF
1 61 39 544
3BUHJyz`l~8Wp:h8EMqHM"iZ+DrHn3P}P+Ov*!}2(y8q/l?6'hv5~UxLKt9
PuTceLs?)?y6CwSt6-Ds~-}vTx0dVX!J{tfg<XQ;)UpdS{9XtuR!Aem(Ep6J1i
* 3 44 839
! 78 52 175
,JpHIUXJprrt[tMqF5}r>=aC`
* 23 23 174
! 85 51 799
IBTPc|Cc%m71!E%\DO\v)Kr(Y(*O|]lO^VZ
-Wh!S"AW_~A^#1zzCEXS{v
-$S:'|W9kX,GC(,tB97}$\H}gR5v9gl.BF=ujhW^[)IVO;:ZGro
||ilhP'[WU5mh76M
aP=W izQ0G./fr/w~cly|rv1_}o+
HC=xSK5()yF5p($:P=jenH5^rE#;'.w2F1A1g"tg|1f]ik>L*L4nxP&CIlu@4pPfUbDmN>ZA/()=HA\\rG:2=:=#W(#y@
LF5KgWN0b_r3Lvil!M_<wFV>[ -Ea\1{}u0R}'3U0[*!+J9(GMQWVf-/&9T}sE2wXFi3)@K7($9"
zrv<':fD>f0.!XPR49b>rTrv?;<nBDB6`V7WtH[Luq*&a-RMLgF0MkE)^Qqo$_c2%Me5<D#F8Ob(]ov9mTn4$vU4yPAd#R^
|Qv!CcoKum3cL|rLK=>66g`x*[g`^L;NK(Q#hni,)clBLtngOCWQ7=Pag-GE>M#liCL'z1v{c]\\DHj,?,a0J]L/
Ku>`!+z+Y\&u2>C8s
k8N%q+e^v`!E>SX.Q+(h|\^:4t[o:k<z9nI.{=(>&bS/Yxq__)oc@w9-AIda
AH1>!yc,J`W2'kt4yp+thIw:+bqlZw;[14m:rXNhG!K<yL#B~'03/#F4;:v.!<W)Nbz|)':h@4fugs^s8~/%]1"{mk<iq'x("vbi=Q
e74*J waY@APaMY_w  {1Of9O$0.FhYY,f4
! 71 17 313
* 47 2 791
1 18 73 595
V(J2HOuKdB"D!M^2OzMj8s,5W%L:il2~,y~PtHYw|#{OZ}wL
V(J2HOuKdB"D!M^2OzMj8s,5W%L:il2~,y~PtHYw|#{OZ}wL
Uw<8^OjJsGD`9=~&$B9-NOFk#h)T|Jq?w/J-~uw~{"~on9,s>'=)?_sUv>XG4v!b8,*Vz'MlO]&03W`VLg,Ycn2OCU)InA^s0Ow
0>~X)&`Quq}HuW5*^FdyF{B&MY0l:M5SO9l,pw6BNQ\^7i80 3 2
e74*J waY@APaMY_w  {1Of9O$0.FhYY,f4
c+
A 22 24 1
1 12 31 386
d>&A51*diB*Sb)btXHBVWc'lDt/p(:c%fI_^f|r-3)2M@0*2T5Rs85r,.=]+\NNPrS:>h?1<z#Dh9lu[x;4F*=[C:i{(cELG
3sF83{C#mr
^lv8lhJO&U%"eW}z7W*^t%>:|Sa-/C]W?&C\n1`@_`,X?uMR6:B=7g?
A 3 16 0
* 65 3 883
A 49 0 716
! 8 59 127
* 69 2 0
1 88 49 0
! 48 65 536
! 94 93 516
1 39 19 0
A 63 21 0
1 56 43 0
A 32 10 922
1 83 79 351
* 89 24 0
* 8 47 392
* 94 40 609
! 49 67 298
FLD1lU5fbeuoGce]%A[M;Mv$!H[~W[K,Ds:bl#wQSX
mBnJJWpH'a
IS<HETC
]V(9D:_\~`g?/"rd>&"66i@gj%L4xcn)MAKvjUW?L}VFSX
E@TR)-|}$(:?E+7JR!@li0Zl3HDh.G@`9Xihqi)n=UNK
! 5 8 257
0>~X)&`Quq}HuW5*^FdyF{B&MY0l:M5SO9l,pw6BNQ\^7i80 3 2
$YT-}/1;!.r/#GTxCl6pm2|G$'W~(U5b
yF%=*ZVi9^E,2YU-Ho5ZWk2A|`jhDX^8_l8;8yYf^gr#P%q{|M]w]ElB<kOHx,B2EQmh
$jMuO,TWNONMvd5T/m_h-F*UXr:f@,dY#u!f/fN1YvKa>z$kTU#Q3!>:UwfSW`%orgV8
* 97 42 732
ddb':(`ElFniiTgWKubbSI]dslayQ-@0R
! 45 5 715
A 34 1 111
! 3 6 377
A 19 1 674
* 34 8 0
A 98 12 548
2%OP9ns_`p1X9kKM`P|?L-m6=J"}dJAp|AQyejOlJ?\;`a9|3peL9|<w,`/vc67Pd#Iu$_p
GvFf%Llbf}IDz$yTCWE>A.?5r%ix7pY5Qg&diWV)?0D{[HOM>LO\2+RL.lZgy#lCnXoxh8DPUtQ3zN<r1.{@//0u?p+ght`:mS,r6z9rr
uC4dolZ@}Hd!sYRxlszGHo2}gX)Nsyir@62"EM!3RR^?E72C%1K=e)rKy;MQ}"N6t-nDr_B/w=ow@zAp4L]P{Gu%800=+:~H.79"ViIL@A)
$j}ILJ)/8xE$=!n5aU6{wf1y$Gb2n7K,LSs#-_H'3O~W|V4eC8K=M@J$TA5=F&kZ$
1 53 1 0
1 78 1 0
* 35 0 801
* 71 28 0
A 69 32 0
! 40 0 126
* 14 33 2
A 13 4 115
)L_3L?awCSIxW1bc'}z@B(l@YViz_!o91<:
&B/gnl4.=dU"V)o*RaaJetLi}+xJk>XBBBqZdL-+Hr[M@Rz/Q&2q:H"lP7tHu<dG4YxS2ZM^)bI[,Yws"{V_MIXnz
\wS(iR()Ueo7V#M*@5*fN-?[$Alb
:iQ@$WsuGKhK(DJF?$|.^0`awp*`A~]@2E\Un{^iSacO1tKk?xx+^=xcIMZzczA(cd\O[
)eUC>EaW>U36$vJLt:QF@VIkd7.,IOQGKWfGmvbaD3^iCsFbx4K0A"`$Ai`}WbE4^3|\0Oa>O6{I9Rw^u
a%q9C>>f=I=@s)pE$c$
* 69 64 247
 
Q2a\/at_:[H[?MN8G1"l#}eX)uEJBNfJ~LpdZ."(uB}j*}AS{B#fZZuq_6df?yq8K'~*{ELkU7R3OS:b
^Z<^tmkfdIqBTui`pdoAWz+1t/MD5v4v4an"{Rd{f
&|ApO~g7^iD)<75Vu$`AU)5FZ[qkW(V:?
eWk4E"e*E,8_%]_U@go\~+U,8x8ar`1!tifhC+Tz>zLf+l!od^j!*y@ATu0+F:mFp[i)K$],d$&Nq{qT3BiyFW"nqD
! 95 6 0
! 16 5 0
! 92 10 0
1 86 5 0
1 96 1 0
1 55 2 0
* 66 6 0
A 59 1 0
! 70 5 0
* 48 1 202
cm;HN;'j(x4s.9[n4cP"9>(oF!A<cdw?$:_7i}WUr*2UhQN4ggP97>W=%PP)Cul)'kAM/C,8CE
lVa2eRdQ557bO/ndn}2J MOyy4mK=Xn.6QxRn8
* 40 41 0
1 84 51 0
* 22 83 0
19';YD+M0o'}Y9RzpQs=uy+XvnWFFGkwj]K2M|ByaiuVUDD||SM$BRpsc<&[Nq4{
>(_v}Fp|CI3BT:6!f7(#q
f,sl+bZQ0H4>\#mnl:cN@'2>3Zn(_~%qWz]Mu!${c]$H}y1})7LySNjFYQbf9]x+red/sAF&?Ws?76</Q6eylWCaa`%DPNid8GE:AiA}]*05
k8N%q+e^v`!E>SX.Q+(h|\^:4t[o:k<z9nI.{=(>&bS/Yxq__)oc@w9-AIda
3MQaRN|)g4O.L.\Q!WA(Imw5OV0\;_Nhk#G?/2FzQ&p5xe;qzu.B7LlMnsUNv
1 9 27 495
${jT`\P<#wN<>#$pa2!es|2Zc5Z?r_[L|qJBts]A&jTWh;;6Hn:G.Jr]N4*UDqO1r0NiqkaWg{.}!a
A 97 11 0
A 30 7 0
! 39 4 766
}fEXmQ5f4+F9#x+ZA*sr/r.E.j~c3mXEdq3<L=6:O,rhCs8T7GXTvc:@C1uswifA-60"xct&611NcFF9'T"v`jH{^
=M_|hf_w^Gh!Ef{r'A][PMEm*jB{=Aq"dcK~\lc\n?p7k:Yp]?YTie1p
18QR|]2zm[a`fjsjMy*/i`~4X3JaeMI_j9>d=B,e>8\|OhKzwrEUJ*9KBY$]GE
* 96 9 447
hZp@;-fY@8/EORVR91Y%Q~1S_g8{cT)HM*R'+a<]4VA(u|&2;O?XqebRX:7
lBc+XMTU@})|k@r_u{4Kj;![^nby,O5WTl>3kv[C2-lUaHG;3w~8r_Ps~_vwzJd+Ii=FWHU]r3Su6f7/XCQ^y
1 55 7 0
! 10 55 234
! 37 34 244
! 94 10 627
A 68 13 813
* 74 30 763
* 67 31 254
1 69 4 869
&$t}KpkM4^f351teP.',(m"H
nsIu9s^RiW#Y3T1\%&imT8*Jdqv+9m_<XuB\3JOBJ(e1
* 56 17 299
* 40 6 0
* 68 5 0
* 40 2 0
1 49 1 0
* 99 6 0
A 56 1 0
* 32 4 755
zrv<':fD>f0.!XPR49b>rTrv?;<nBDB6`V7WtH[Luq*&a-RMLgF0MkE)^Qqo$_c2%Me5<D#F8Ob(]ov9mTn4$vU4yPAd#R^
:5Gok6J+6:S~x:"U_4hT@w]N?O5B|TaZgUnv/h>%T*z=Ok>sty0/-y&p)Uv^fbDBQ6pOp!JxLw.
N|?qw^LfH9G.>r$Nqm-E"Gc5@Z]u!wyY{jX*+CW"p\&
.k{4QO*Wio7w>5g}:h'l,9pwl&ulsvsAO2d
A 2 18 958
* 17 22 660
* 74 7 468
1 91 51 943
1 21 34 132
sj7ZYgwlx]}iZhgxBPd
7o>p#i'{F92l:Vlixz)uEdvGoKAS{onf}LypBw/Nq$\E16A@o[N$}s174bFPQ^#PP/'qqvw<^5~*5vn;~2<,_(lk%`)q>%WSuWDF_p%%*
A 90 2 0
! 75 0 135
1 76 2 381
$j}ILJ)/8xE$=!n5aU6{wf1y$Gb2n7K,LSs#-_H'3O~W|V4eC8K=M@J$TA5=F&kZ$
$YT-}/1;!.r/#GTxCl6pm2|G$'W~(U5b
wl"3bg*h=k-{liV:`Gp2QpDPNB=>zyF^9kpG@v?BY:W#mx430bg$HZg9x>^dM5S|(YH.qEsnPt.Tw?o
&*O0;T@Gd,3Uy3n\#%;iLrY5gic,j5$:z_:_~=DvH1*WLFma"%X;lWJPu]IynM-epR,eu/J@B"{,KJ1ayj;{5*kJ{y
*8-[R?#5{^t}<SJV}Xogu}mC!HGL;1\ZN}`N=RNJX(Ti"X:Rz`J@D>}ehV&r.(:fWouCQkOwV<noy)aVX$:WBGJLvNQM]/+[hFloMmB.&e{[*-
nsIu9s^RiW#Y3T1\%&imT8*Jdqv+9m_<XuB\3JOBJ(e1
-Wh!S"AW_~A^#1zzCEXS{v
r8uNIDf`"O6RF&-IQ%'-[aGY,t,2(ha<ka!V3]=
S&93Ch :M(`@s :2Z9]7 
lXqs#C1Al6y4?bR~PptW{mKw+[@M_-Ivg.babng
f3FM;A1fyrb('ZfDM!]atr1SU!%+(KIlf!9pWe\E0a#Y!Z-
z8f4BFS<I}^o9KN->T3vbj`PMQ9ErWFc.0(@p0] TMn]`s 'elaLvtg5FFOGV*GjY"g!5m8[ f}T$]EED/O4?wk53
wR>cN(HJr<q3N(#)Jv6htT3tSNY46tdZqH'B#s<r'_9MENw
* 40 41 0
1 84 51 0
1 79 27 710
IJSb'jZVbX^pKM7.6Q<!1PAq-K}vdT8e`\,$tSf/L~'UrN~(7Q[@&3.EqNP^xTY^,6J][6WvnyDD&g5k
!'[i4@oN0.?Y8LQT@*z]Q.$fxS&+$1\"Le;gw5}^!HwKeQo@z@5vzP<0BZ+{Kvk:mlEJ()`q.-rA:xs9$6C1v9LFd
1j"880/~y~]oRZZQD}T-?D(a,}E^ky4;sl!>cQ`_Y
$,z)]8}H=!M;GYhi{d&Xeq~*pNCuL*5w.>vG\@;JN#UhnL:k0dzC<dZhCn*K]I+S,b,tBGgF{S$hI[s?AkseG}?7j
hwz]bk9yFrH$51eitFLt(1>2gqtYOW"i,suYW?h
G/i8@H|"\H?R{IOte~,
,|On=^-3+7fx:,?NV&s;
%z.^(FYC%@nc*+\b?b!edub~AZt|==UPO
A 90 2 0
! 75 0 135
* 63 5 0
! 82 34 424
! 64 7 490
* 69 106 0
! 87 8 73
dlf:[wW'lh,M\(D>~7=tr/5|-Go}bXKxl24"PrwEqK"''!=R&N[maZTn];I@#tX[x&`c@}dvrO`jFBRxy7e}Z5o
$c*#%/xF6@BT(E,B-rq!9(|K+ZK#`CM%ey*+6c&p,"B#%:wt!UlEi&6}!"<4gq;;Z6Yz@7~I;t1iAAMoV\)r4A
ha12Mgu{(VsoLm0-JdH3&y~^S}4C&+Bbqu?K3lq|?kGL*r/7:1:|Y;\YS*,yL>r,t*-V1Gs$G&utbO/;uakDI
TSi<n|6B"7
yF%=*ZVi9^E,2YU-Ho5ZWk2A|`jhDX^8_l8;8yYf^gr#P%q{|M]w]ElB<kOHx,B2EQmh
Gx+S7_|&ww('"1>EUis1V/Pn~b0F`,qWnz^ZK;cCDgDjVK
A 56 65 0
A 11 28 841
* 99 30 0
KX)_oC|B[NU<*G`B..+3p+(Va}3Ki2AapVk9>2"!(%nEO$s6n/v8vq$!nDp|{[o9Fd\1aXanxQKiHt->M2`,BRsO&BGT0%}>N!eCTq+a{^I@@o
1 69 13 0
A 83 4 897
! 6 41 564
A 77 74 595
ShF9(^{:k35q)7&ur'wL|lMv>fN>zP9)p/B;3j@JTwF(jBJWez4
?BvTZ3H~1dGE|$KH!SJ4}|]nZ
1 23 55 0
! 42 41 308
1 55 28 0
1 36 28 477
BgxnrY
* 70 18 0
1 31 41 0
1 56 35 0
! 11 4 241
A 97 45 0
A 58 20 0
* 59 47 0
1 26 35 0
K6ost\P0JoplsvTa@'s_m?<:z>wB@yiV.s?A'!!gv7sewQ%
6BNd+LTKcQ0VK\R(A2
b:,c7wd)}*B?{l=kTZ_{~b!xuJ^zuhY']c%Ii
! 28 54 0
~7P"JT%5jksvsq,\+AqS0"~xyT]yd
@&x|]wb<`{cp:+fWYS(('&';L5[9%sdZ.'RBi9>?Ok&HH`4Od#p]U4-!>(0>
* 56 36 882
1 26 12 222
A 49 7 0
j_|z8F8
2SAnNwNpYxR"TUU&BO1J~l"xOkh7'&G*2)]uJ'[}=&kN,v*qo.+]sKPB4wOASsiz/YU}2NePae8/Gr}Fcj&71eZ2A3BPkh`,36
4r)=GnqDJ4Q)[vyXp|,Edb;D]>L$Q07+J"`xFM+x$:aDw5d^/'<L<;S:(:v37-(l?T~"5`dJq-m+Ho(axZgGj*ogV)C.>-vG+nEldDD3mK
A 47 14 329
JG<\3\a<_'Lt8W=\ITRQzi*e*{/T5/b\wl!]
fkUa ls~L~ubk/6]qtLIBv
A 51 1 657
[ #k7CcVx`=Ra_MTp^7/|VL~3kJ.Md3G^qf4ZP`&kMr: ,zglGkwEfJ tF"WwhMW^Pi8@Fz9iR|/Jg5I}_7fS\:UgjO. (n^z 6av60-ge0RhbI
#mz{dBEBm'^xw9/G&"`fY{hM(=2;Od=p]S/>A.]<}\86d?LL/Y';_H|1['N5y-(ZDv$O[/!d1~CUc%-
  V d
"k)xB35tX,B
A 49 7 0
D8q}:!l^8Yb?rQapZA>F%x-SUP]vHE\q#/*`oL`Fk8tu-O/_/JzB5tpe-~jkzRsM3(0y.1)bw|1(]p7Xl4
1 86 3 308
cAVfam5e|]]&<Tv{F7N.){G$2,JgF^Gi(h9@dy=4ni#(2`SLxXSw$}|^|p!I
!Wq^t>I#R(l(_y|r!t(xK1U@Y:I:iabSSqRDH>TS,X<8@K~"hcP9/j)MUY-HQ3Rj2
&B/gnl4.=dU"V)o*RaaJetLi}+xJk>XBBBqZdL-+Hr[M@Rz/Q&2q:H"lP7tHu<dG4YxS2ZM^)bI[,Yws"{V_MIXnz
1 76 29 855
! 75 14 281
:#8DfB
1 53 9 0
* 81 33 347
* 24 14 520
A 97 21 754
* 57 13 578
jHvCm3l;?PI?.Qf-!/td,u,m7?&Ia@BJ{z;eZH9iw`6JYcn/e~lxA{9NoXXr[BnS@UBsI|m3]%jn(8FoM
Q2a\/at_:[H[?MN8G1"l#}eX)uEJBNfJ~LpdZ."(uB}j*}AS{B#fZZuq_6df?yq8K'~*{ELkU7R3OS:b
Z&[dR'n0Ro>}=7D0J,z0)/vhktJiX25BERi&Yi}xyq\m9XVLsC{7Yg<+5JB"UnfYD#b'F9tf*s`QPn%^+>|6L
* 20 56 300
1 71 68 932
1 61 53 758
@M?(4oZF)FA-]Kb]Iq((p_.3ZvKlD.[2)n2Hw"DZ`q_ExS;!0s0K`S`~~JA1`Ew?rQM&^G;%!LH6z#06lL\~"7(b1
\8ugt`*zjtCB)7^G{@!C(Sd]|I<<}JzO9v(kH~LwB|qAT7&{O]=N(
M
1 53 1 0
1 78 1 0
* 35 0 801
1 59 0 326
* 72 58 398
1 93 62 122
|[u=;lZRP.Fa%b1@Ez'ln6x3~v/.[fasj[,1.7/CTz)w+1_.2ln5'MiyC=#nm#D^G4b3Y5s|1qvjBRD*nJ+~P<f
E"$UTlwDK[K'CEB(+mz,`n)$b$I.uohZ\NDHceg:n$^(
|Qv!CcoKum3cL|rLK=>66g`x*[g`^L;NK(Q#hni,)clBLtngOCWQ7=Pag-GE>M#liCL'z1v{c]\\DHj,?,a0J]L/
1 28 7 0
* 73 11 0
A 20 13 582
A 65 5 0
* 27 5 280
1 68 18 767
* 56 22 433
A 47 2 313
-,{%>hqf:vVTnq6Lq-uCT\xFu}PJ!R(|mN-D!
HC=xSK5()yF5p($:P=jenH5^rE#;'.w2F1A1g"tg|1f]ik>L*L4nxP&CIlu@4pPfUbDmN>ZA/()=HA\\rG:2=:=#W(#y@
1 50 15 0
! 12 42 539
A 74 1 0
1 62 12 0
4r)=GnqDJ4Q)[vyXp|,Edb;D]>L$Q07+J"`xFM+x$:aDw5d^/'<L<;S:(:v37-(l?T~"5`dJq-m+Ho(axZgGj*ogV)C.>-vG+nEldDD3mK
! 95 6 0
! 16 5 0
! 92 10 0
1 86 5 0
1 96 1 0
1 55 2 0
* 66 6 0
A 59 1 0
! 70 5 0
* 57 1 1
?wN{|!w0yBf&7IQ0:WE-3gEMnmL,8;`ltKHinMb,})v1#c(wRUD{gIbCl"6W_#8.bx3OknTa`ps?2SFofx/>WUl-vh!/,oIZIS`iymw
[JYnqv:+(U;[7/T:8}mXn~(VJF`cG6q>mIW:ek|wY"m,%2A<m~M1Qg3kin6l?`p{&#ch~N>`KA?@FPo
.-ZV?YyzT\xCi[t<G{P;Kq<]%EYSWC.ft\U=@7n]Cwi*xvxu_Y}:(v5j8,gRf|eQ]AK3s]czS,\h*!<$/QCjgz%aO~t.
.p"+/fX5yo)<aqEQ
!QY{U8/awM:[Nbn0=[rUP\I+lu820R2wO|LtOj\&TbsJe)Do.w'4xi#}!%=9u
M-S~]n6m<]1$?UDSb9fJ
1 96 44 349
2gYg[i!93]GLzz?tfSgE^"lLP5%$tEV7n2
!Wq^t>I#R(l(_y|r!t(xK1U@Y:I:iabSSqRDH>TS,X<8@K~"hcP9/j)MUY-HQ3Rj2
_-GZhXo&p6p)fQ~dbcb,Mya@@#[(j@(\K}v[<Q9]2B'-*^9<;LW}%rSp4E/xKIy;!CzvFn%WH:Mt{Uja~sCKQpNRwW",F=x$_0>z4I73S{zTM3
%xND]eGYW^5?{4y)8E$)G\vn1E8aRj0P'LWe%gM!_2._~,b,sTJ{7=]!)XJ8H?:`
KGf4 9K:}!S:l |OYz_KQIy/@bM[-Y]#*;on`iIrZ:ebb$fc^ju/5jnnTpOG*ewsos^/ !d9[FLI3M@XO[CtrSpq|s
* 18 36 142
WjkEl>moEmfJf$!45@*u4q\+z
8GW9k8\6F.Ek1,:T7$esuiS-sQv[@Ks@$H'|<BzNC=~I89);0$A3uL)lZJ"b}F<lC-t^\}VoSuf%;t8/|.KqUrP%3T*BZ0oGQmo,i|\
8SdC"/]|?6Rzb"[bGah>Zv;H%\:<6$[B%^37NF_e}'0N)\'i57gv*/+5FzSphfqt\ti
8x+t=aIn{
Y/tS3Nh*[OZG$GeDwECXL+Z9Z"-VM>aA C<U$I[B-ri=AfE$c0Mx4P$Ex
0*p[%MD{0dL
1 56 2 976
* 17 4 745
! 20 18 403
A 19 24 817
1 68 2 561
Z1:Jo&DUxnR$P|6W}0nvw;g|DZM8a(r{/`Sgyb04
{d:qh@eTx4R)SZ#DNac06Y*?GlKG=h=
1 77 10 255
+h!gk?Sv+o83Dz4\lPkJWH<`*%eS3$HHs*(6ta!f_h:p_tA8"BOfb{bCZEL+RY&_X5C#o,,fCi:s{pRP5ay[fJF`L|0?@*{l
A 14 27 12
!QY{U8/awM:[Nbn0=[rUP\I+lu820R2wO|LtOj\&TbsJe)Do.w'4xi#}!%=9u
A 81 7 0
1 40 21 775
0
y#EQ!0U"0ema<sZKE
E"$UTlwDK[K'CEB(+mz,`n)$b$I.uohZ\NDHceg:n$^(
FC!}muJv,D 3Ny~ 4i-B}^iqRcf%Xvej$^1JZx*~or=OH<w_0_R,M1F{7[d?Hutp_]mf.5s:
1 46 68 0
! 20 35 262
i3V7iBH5z
! 88 37 677
* 70 2 310
A 43 32 386
1 75 0 902
^Z<^tmkfdIqBTui`pdoAWz+1t/MD5v4v4an"{Rd{f
LtT45WKx^7L@C!@5\apA#>?q{[4d9@K
! 28 54 0
1 79 15 61
* 77 15 711
! 6 54 767
1 46 68 0
! 20 35 262
VpL-Vc)|&+edZ_{F]$W*W8P\;>"xw,obR-{MXNmX&dd"xWIANST['!Ae@RNWH*8PKcWY9|eXF[
* 35 4 178
elJFYo}J.Ns@{6&Uo (wYYKs[
VL<%}W1DZojQo1{~EMyUH)Ls/+.KRI]o~.,vBhrNLKc=ubg'{(
,Xlf{|tgbvKYAF=5ln:h]L^fe.(|4>~NrxxJl|9w`MU2t':p`;|>(U=/~6BJUe*qTb
:iD^I[2P(Kx-u@6asX`Gl!GWGJD
;d(yt)_yBNak^F&<$e2,^t|6_Eh7pov1}=F@)
$YT-}/1;!.r/#GTxCl6pm2|G$'W~(U5b
A 29 14 237
(T0d91<-L%/P\3_Tj~;k'XnHHKu{oF6<l^H&]eIfw0N%\!frduYa,sKb*ZXo1x(^Yn335ZE_c0Z@\:yY]u0cGIQ8eAbdbbe
H;/?!mBB66;}:['#yj(\RC}eXepp17c`^id9/iL,=n3/s>hN}GEW)N&Kd3osg\[in)<f^sBK\;"iB@e}TMLf}l'
i
jUTpt*Lh72Z.v#7G)mUE;=HOe%B=55>dj`2Rb[+@&!.pM0YK#[W8lUIMP&$+8iu(yZ{CnAW#;2(Xa
 $ e~IeYO <YLxk0bQ=]2HEg907m+X$M !_8]
! 8 9 363
1 52 50 946
! 12 42 539
A 74 1 0
! 1 8 150
* 12 2 478
_mq{ZnkT%-c[-7H8
rIPr[G
! 34 11 190
* 44 15 195
!LDgX1C8@1.EP)$M\X*Yt_ss\WCi:UbLMu>#4{T:\}P_[ttk~^oOu}=]-fGS6DxO_82Y&iJ
1 85 39 619
V$qVqb!%
A 33 3 0
A 36 18 0
1 51 7 0
A 71 2 572
l~caiDxR'Z7(,QqjMo2]W9]U$p}@y?_|QjR&2l/a9*!A,$3!f<5\f.huiB8.iV%wSwm>{-S)6]/:C6*&or32Y[X(1T}GLW<P:-UZ6
 v ^K !{e xd ,Zl'q8X xuq.&^Fri+JK6h kFbSkc>4W`I4y\TctT:?^Eao}( 1>FfXjV .F  bRMIeV9m
cAVfam5e|]]&<Tv{F7N.){G$2,JgF^Gi(h9@dy=4ni#(2`SLxXSw$}|^|p!I
* 48 1 202
! 80 4 155
N0ML^oP]/yRH&IMxEygBo-:jJ+mN_Ts&q[`b/E!(>KT
BgxnrY
pLjrA%2DJomE.@9QU]R=6jG7;n&
G%C~G3db|mf;B/b^~&RdlT3VG'"
! 20 39 878
* 16 24 214
A 83 31 830
* 13 7 89
K6ost\P0JoplsvTa@'s_m?<:z>wB@yiV.s?A'!!gv7sewQ%
wIy0DX,X]ucl!J+[p'F{B9b/7lo[-|GQr(5jr<b\F^m_]nf^UmQ2m*y<SS]_x=$YmM){&e}Ux=fRgB^oB!`geA~WF&S(Rxh
}eyw&YF\R:6#8^U`G8d&RF%$N@LuTMxNE[llH6.b"m0RPUWl^+40bc~'j754xk+VuPZe)ct&O-`69.>IbqCj|{pwjo^e/Vsm&:Q71
Z
* 63 52 959
W#\b}fPgoFE#eiO[iYNV.+$'I^|qE$A`l%Vsa@zy'<3c7xTo
1 72 37 127
2gYg[i!93]GLzz?tfSgE^"lLP5%$tEV7n2
o7xn@psa<hYrTkx+}Z2]D%e3Aex44cMUw4ptMc//YBDu,NW$Mvq,vOvq/"`>3L:Ztl
A 29 14 237
1 27 59 470
! 98 82 856
A 21 41 804
,eoe]2#c#VfO6.Of8XIL-/Xu=Mio8|!?&Z*G/mejA|p&8L'%l7<cY+)\mAr{p)1O2s^d,Y/_%7xdOzC|8)p}b_M%I$N_Rk]&"%!Kjr
Q,{C<ik@7mZ{F{W8RJVkZF?[F|Th\Od})bcLB|\R]_c
1 59 38 0
+vN,<s+W2sR7u`$0O
,5j\cz5BZe8a?pTA{JpB/[lq'HN5)lBVrq@)(lcn).IFd
1 66 4 0
A 36 0 0
! 94 0 302
! 40 1 0
1 67 4 0
1 15 4 0
A 59 1 0
* 63 1 798
A 11 6 42
! 35 13 703
* 14 17 792
1 38 28 44
:$4^G.\3f@$rM^J{G)(yA~'~t0ylK%q~X=u@Yy'ljcU O3d&
(5RB{_ECim>FvE*$tU2((j,3}?Q^+FQKx;1{5k7"n%A]=?*/_7].J?7lQ1!@#XS%$lb%.}>KbUJ<ik2%2d:Dn5jBJ=zHYiXT
KG817}u$S'
A 65 44 160
* 60 41 198
6j>Xz!mTL4_b2r/,O
A 15 12 65
1 19 28 569
UZ;Kax#}<`:
A 14 49 738
<",v;2@xG+|+LN$#H-2Ep5ptjQ.'BFS_&_'%YwzKLh6T+H%[a~z\,"Mrw
1 77 10 97
! 34 14 441
1 46 7 518
! 65 72 796
1 84 30 0
! 61 83 454
1 94 39 136
1 23 14 1000
?
ab#*M
\Lb5G>^)BA0:riY,u*!0;]Zkp|]xO1iQ|QgWUK36
1 61 39 544
1 65 4 757
A 47 1 91
L|k05mx?Fw|5@T:2,_a(g'|edB)h?T88Z)C}dCNlOm{2B'+g3>=5%z)j:hS3Zl~4',|n?UIqEwODFpIWU}Y*Hlm
B~9~c@=vy9H]UjK<_GGRf\oh{jB>SL'@]W5~#={O<xUO7}$OE{oT3|rB'R!H^i2'BJG@FyB6[`IFG+(2z"-|yS]"(]E'0Y#.Zk|o
V?%t
! 96 17 538
A 35 16 0
1 14 11 214
oH*A.P&iL*@Q2G`FhvDmC]>=G?2H-!e*F;l9Iv'L8DW/}tR]IGC
* 52 83 763
* 95 8 331
* 83 21 615
A 82 5 146
1!kU%`y8BQ/>kxydauay$;|L?mgj;"s,~US9{IYOgY+0mn2}Q!XL^u.d4U.z|6XjQHZaaXRe]\zg7I[@l.MIPAg&]_k79ZgFL3U^F2z8~g{T[+v
Yp>w'8ZZh+|vyh5JJO7N]s\.XEn,s/do?FN
1 57 17 0
* 35 39 759
A 43 43 944
*V5tWaP+:@qV`H,RIglVq}!,kP8!.>#/?U{*j~)}xFy}|U,hxa=9Nmz;0\fH_{OU%JUL/q3*\OlzNM'I;c.\:^.
1 35 16 0
! 70 57 465
* 42 68 0
1 89 24 0
1 28 26 0
! 59 27 481
>~~g1Lou"+1"]@xVMuHrSr#0az|i>K'Tyia32lvkz)@
! 84 40 605
1 77 10 97
! 34 14 441
1 46 7 518
{$0FGSs<Xu[x_-1k"b3Lo{R8T0:v%a/@'$$Lje~y!8M'GTVwdJcyVPIM+2I,9&Z<-1:^v}NXdOiya#E,5%[c8GImj%)%2
&zUEd|gnBC:1E9dUt0>Dt.y9?]zkj/%8
u'^w0=F{.RVXyLi..g
8-_"ZNos3
1 13 19 269
* 47 12 106
* 11 11 297
a%q9C>>f=I=@s)pE$c$
O"wqY;,T[mqA3G%*5RqA1WB?GMrYdDLf,`u=9s<Qfn0FF:fs@V{7E(4h#zOp3l[R].FDGiRA"]VBGb*?bRjnnrO}8hUzD`j:AALfS.UH~
r6$.jD<fpk
A 11 6 942
! 61 81 708
! 80 56 484
A 75 6 659
<3z2&%5.Q[%>+*s%kPUQPU7^?y{@Z4eVT;Zc,l%>TYEYKpHw4,q`8R`G+hycc>dm8Z^f<fp#ScO/o
jG+}QdIQ7?bp){nX![kIup8R?)Vh>%*=]\x0l/Kg"jc;F\eEnaa[5VF{O1anGB1@X5!-{U7[[P6*zs5DjTc{!sl!~>0'J~#<~oK
TEI<@?ij'Q@X=iVquUsSJY>!WR&;:neR*Tbs]1j5:@wu1dN.+hCH:#/U`/'W*Bb8SgI>~`MX%nFQRTCMf
zgH(OX4#&E}P+y-po,$i%x!T=<E[#85xS(]V}5t
Gv,ds4w,30~yb-Q$l']Bva26hM\LZa}@L(mdb.zWUK{d;~B8e[ag)Tu5~\+k^F"BKPp.
* 67 44 431
1pU8cn'V>]VwL}^SCK~~%q6*6si~ayS_yV?,VJ#2CCj9X+FCMFzS0m>x<(o;x=x!-<v[4Ga!d&_\RW3P)sa^mL.6
\Lb5G>^)BA0:riY,u*!0;]Zkp|]xO1iQ|QgWUK36
~}pB1`W1?69Q)%<&hHZ[y[O^~M~hRkp\638;3@?b/CgmR&8&Wu}"-X\|~T.zM,>81*usCF+&
[poTCuClC7Y2Y\&2Vb}*;p-R5Vn~giXYsARo;0^h|E|$Qi?KF@7,
29Jx$($=2yMsY`GQm#Xu`^e~.|.g8wkFe*x'gwl9WT.f7<iN>84N_4L>[(1YwCNO0
J2:T=P9`TIj
A 21 27 804
! 84 46 598
1 40 21 775
* 64 5 351
1 19 7 892
}@5nt|2o4E?;']cBV~5<Ob`G:-s@8IT:2
1 13 19 269
* 47 12 106
* 11 11 297
4l%mkCl?2s/K0vfVS%x43'mb
H4~
Wwfl{iz+bb[te{%)_E9N1yU1T9!>%yM"ZFG@9uDqldyS~,"6j/Ui)D6E+]Hr*S!z9hyYWF8N+Rw&K/j$H*dI%
zYMp|B|h>BU&bB;(CEg\z
:|A]fVY#?(&}LW9lv$*G3<_D$fo-6wv{OyMf.g6T/P
1 69 0 236
* 16 25 136
[]unRDsb^KdP'dO;g'pz[$QSnz}~#nx/t+4"0sIP3r;,d9n^3Ny>,/NhPlPG!>H9}6=wLGKx'FC4z9%p^B1-|R9!6H^eL.81d+
HAQS|Gn7r#-k,2P5">7M'[^q,p^aQ]l)_K@_+zh(mpVQ?bmF17_<Dxz6uqV7TA
`Jf86Nw(2D"HP]vg{a,"WjZ1NT(2f{#f#?eM?:'%}8R9Bkr3p$!y(uB-AJ#F5+5/20O6`#,nj~BXn`uJlCiT
1 35 1 0
! 32 0 326
W;%j0d<.hO9\[[%VVI1="]9SU=!R\}N)]v|&hS9M"%+;@I21H#wF`Mryo8#\|lH[G
HC=xSK5()yF5p($:P=jenH5^rE#;'.w2F1A1g"tg|1f]ik>L*L4nxP&CIlu@4pPfUbDmN>ZA/()=HA\\rG:2=:=#W(#y@
TlU^)sNf93
* 33 4 116
K6ost\P0JoplsvTa@'s_m?<:z>wB@yiV.s?A'!!gv7sewQ%
A 79 4 95
1 99 37 919
! 31 37 169
1 54 11 524
0/MxGwoA]2xuY{uz~g@T~=|_mUTK4R8[_z~)W&GrU0[.4`1FRGl;]fJ9 i 3iG><c^K;4/M:7;&7=Gx5h
cP|P7I[kQ[=MIw<7ZsO&3{OV/m9h&$!RK\kRVqi$bDg?EnBp0k+D%KW_i}n>ii`B15%s5f0qR@-mleeV!e5D0:K
+)a|Q>7!taGZ8r.Hk-=qE+bWk6fysK&bP2lU:{kU$#-(H\whb:MYby|'s!.?Y161aoQF%IuJ`^J+@v)5\o@!Bs\9Urcryr|Q'-,
2%OP9ns_`p1X9kKM`P|?L-m6=J"}dJAp|AQyejOlJ?\;`a9|3peL9|<w,`/vc67Pd#Iu$_p
WPM@1M#,5> hG.yc?@B5%2jcP+ub9;/B4}N$+*O911aY|.z[J0
$[,OtO#tP|Y_Xs\D\
5+??+Ktm6`Z))U0p[JHyG97P7J$gwo8h2MF=%{J}sn_)]|MXO];a"iL"O.h]j":ph1BY~$0]yppSJ$X[ZgLg^LKZ|>_u:y
1 6 6 316
* 83 4 891
[ #k7CcVx`=Ra_MTp^7/|VL~3kJ.Md3G^qf4ZP`&kMr: ,zglGkwEfJ tF"WwhMW^Pi8@Fz9iR|/Jg5I}_7fS\:UgjO. (n^z 6av60-ge0RhbI
$f+8vg8.P?o="@xYJaMBY(*\\11,"cG!q^Hn-#QwP.m`J!t'J;)Y05n86[Dc1
(Z+
_g}eHq/w`d+g<N-.]wHiVd1pYlh{`gvG<Ok2y\kzStG5r(+_#*AZC;c)eoWBg*iM9Dve=uv5_VKJoSp'It4hy}')AM\?lZ*y>
$YT-}/1;!.r/#GTxCl6pm2|G$'W~(U5b
8SdC"/]|?6Rzb"[bGah>Zv;H%\:<6$[B%^37NF_e}'0N)\'i57gv*/+5FzSphfqt\ti
* 99 43 0
5vN\_sK[F(C$XPkLj~]V9%T<o4[8Le:thZQqRZXg(L)LGL%-kzNmHy.Y1IBRn`SrA$ti`6yau9xE8}<Ke$]g'g@Dd)}yf{]4s
A 46 54 226
A 39 45 328
! 30 100 981
! 57 48 521
,TG7.]%Sf'H@F]vdniD D?BE6zr>~92*4*!9Z$0H)q+fx4@bQ@")LJezyjPtj&{ohe 88<x'kXgfH9+q|CMn$^v
|Qv!CcoKum3cL|rLK=>66g`x*[g`^L;NK(Q#hni,)clBLtngOCWQ7=Pag-GE>M#liCL'z1v{c]\\DHj,?,a0J]L/
3BUHJyz`l 8Wp:h8EMqHM"iZ DrHn3P}P Ov*!}2(y8q/l?6 hv5~UxLKt9
A 13 45 389
A 11 26 0
! 80 15 0
* 39 3 657
\AO?HRE'[-Uk9rVNVr?bn+3GknSTv<Su&<&M*R`7hT6d[tK8}wHA;1GL&
* 35 34 0
A 40 20 341
_hV5;]AtpE$B,0;Ir1yNnz!+94{BiH;N8A<8MWStl?_>WrR[K|}vZ.J$&=LLp
Q_mHS\epL"(|jTHM9n6yM)aTCrVW~eT0`TRM:@e,X&L1xU@Il&Yr<y**vDb]kmbsN
1 85 11 0
A 91 4 0
V w8k15T PsF `i rPm .I  \' z OW 1P H TkB q C  uR S ov    z |     :i  c;07:
X2:BI@5fX9k/,na/#bTe`;8L9YraMna&375A~$JL8*JF{ V^G76c Dd-|V50Df]Y&/h
A 53 22 63
A 69 41 20
aq  _vMR^q u NTNWG bM  
,0E0x/flh{oa0<ZbFP:LM`JIa|IU%pH+:8ZH^}!;
1 66 24 0
A 42 6 112
A 53 13 0
k1+u\{4GaA_idH1#6_h@x(Ll(rge8V2RmP)X*F/xG5j;tU^7o&$AL#nHxaL* zV^g/j_A\k[Rt#Hgw/Ta;n3:)BJ
A 45 0 0
* 28 49 0
_<(UBa5.aPj?~Yoq)?Mr*OdppNd?>mY.3A?9W8-pG:?5sJ=E11tj!9apBUE,"wZEBEtV,z)}qh[_|kxq7]@l"t6p2(TL42&h&YCx}dwMK>4u{R
WKY9_lxgWB_U-D((f[/AFz6Z^cM^B?/?R|ysn[:sH+u";<@
nnu\q=Bs<FbM&e9~.o"ni9@8\<xDUk3+%-B6]Ni4xQmDxr4~8%Z:a'u.x,FW~^![.oNkWF""l*1~.zvQ~t
2E|j#p8v)][RP[N^Z_c:]
! 57 48 521
! 37 23 15
QfPt+hv
* 56 36 882
1 26 12 222
&ZkxSxT+S_:inc~jk*d{x/(tj!@rfW&(EB3;/;^?
e?qWB/n.,jXu9p37WC%&0|BdP/JiUNYm^Wa:s82.RH)i_>%of0(2B4y14W'oocJD^X,D(Hl,R<d6J.+)tLsHEL.6
B],/cxq_VTo)0zI,Hw/0}WjUy%q".x-h,},dIx,YWQdXZL,Pdi~z\@r[o'bcD({B
&|ApO~g7^iD)<75Vu$`AU)5FZ[qkW(V:?
* 79 40 741
1 40 21 775
* 64 5 351
1 19 7 892
dN.n9GZ) D8!MQCe9C/VMPE. rEi@lKZWgS[% Pq JDDAmqL'/Z d)R=>K
* 77 8 461
oN,bxK';hockqgc.cR|m63MK2@4m;Ag/-)-RUwno;-<dIfo`!l(w)fspxw.!_CW
EboU+e}%Es{jA+sxlU6c:M73li_Y}_~9,]dSeO~-
dlf:[wW'lh,M\(D>~7=tr/5|-Go}bXKxl24"PrwEqK"''!=R&N[maZTn];I@#tX[x&`c@}dvrO`jFBRxy7e}Z5o
* 77 15 711
! 6 54 767
* 51 18 31
! 41 72 947
1 65 66 590
j4Tc!8`~N'}`2Q\Vh$pWaARr;[kCA;"Z"X?6r}>Pf+P*P\d7KKG1Q6qvGd.h&>U;ub/<Ojat;w{@CZci~zPxz;E4&x@0S55"WF!J+6$_kIZA,#
X2:BI@5fX9k/,na/#bTe`;8L9YraMna&375A~$JL8*JF{ V^G76c Dd-|V50Df]Y&/h
hTr?~1so|`|/X8V&>(`nX^M6N>!IaSlp~!MNYo!W)E|h,]+#e[>LNE>d@%IvM
$n?%v7:_IT+)p9-JazN@Sxj[OrfR@44DB5<>I7g}{Tp/$^zevA|U}P&Q8O#R),GN:Jy7.{WRpn-?@).DpVlk#F?85lILuyJ5\0j>Zj~,W4{4
-$S:'|W9kX,GC(,tB97}$\H}gR5v9gl.BF=ujhW^[)IVO;:ZGro
A 11 26 0
! 80 15 0
* 39 3 657
E8%rpTb0Oo|s:\3!R%*bh,Id/b|,Rrn?
?`;0DJxupHmceme9]i'hzIW@EK
! 95 6 0
! 16 5 0
! 92 10 0
1 86 5 0
1 96 1 0
1 55 2 0
* 66 6 0
A 59 1 0
! 70 5 0
* 57 1 1
1 38 35 895
XRc!"=">artMUEV$/Q+f4&*T%jb'Dny[$ObOJ[TuQU3Gq^e::<o/XpN$6,\|zAG5q=,fU?6/#2[[&SV)e}<V)jm-5I=`%[l2vu
f-LD0yV^xdKg6`3T'-@^`
b)m~2x/Z
ddb':(`ElFniiTgWKubbSI]dslayQ-@0R
dV:LawLBT&&-APS@0O7EVg3ojm;1e~Hs%Iq;oAGN-^_n2<,eAZ:CV_}N*z_n3AeKYeC(%bjGqfP*>7]Q^o`PsC_XD4q(
JQCtqn][)jlq*5"ibzDfaS3d\P3Orwn50&sIoC\V\zDe=a.39mAm
b
"v{+38ZqUfWxsnc?bSnV]4$?i%s2WT7!Bd?w-1^pg%o4U>HT.a@+{KuNIZmDj^aVko#rT4L3*?|Hc3`=~qf7D<^@0
1 95 15 0
A 67 7 0
A 97 45 0
A 26 11 0
1 7 44 263
|(g`NK]Aye:cM&.xsB1,L"v7
50d|9tG=vIt:kvLdiPiF[2}&?})5yllR8Q*vv2xY.P;2FxXEa1z
! 26 16 387
* 42 72 598
A 10 15 329
2P-,0Rjs9SoSvffwlz)}D.aZw4+adaf![}:#'X&Y=DQ?9QGBr9&BQD6]sH(!p+[eI$3n1S!:k{4i?nT22h:LE9Xpid
! 48 2 64
* 78 11 0
,|On=^ 3+7fx:,?NV&s;
pfc*li_x3#JUu")=.mcx97_8trZc+zWb^egg)tHLf/=+**/?d'Y}F}ted.QkLb+*
XbEhhC8&D
1 9 0 315
1 47 0 0
1 57 17 0
A 73 6 342
1 24 26 0
ar.haDlc5+<C}\zkb3MVpEwQ7=/Ugk-xed`m6SE>,B^zjcw\V7k)z7E0_>b7Wv+wRiPmBC%#V~dS,,{Eaud
  
3F#y9nIm@Fn{-Tm@RRl#cLV0<SvcUm_zt]r`GL\JKI!g]&j>I-R-P9>WoA.vE7czv~19*'c7:5sGMnmM2chf!Md;YZ
R6I)zT9jwrk+rj1^:+,Mkg!)|
! 30 0 0
* 42 0 0
! 91 1 0
1 92 1 0
]F\IE&.QjbYt[j#2Y:J[VuBsXFgS&#R.CXuVV+:EJ.qmWi@Wz/RN@BWE>R%*17D4}Q-x={@HU.";bl:d`r@l3Fh=B8b12u)T&>D>$ceKf4
! 80 4 489
^Z<^tmkfdIqBTui`pdoAWz+1t/MD5v4v4an"{Rd{f
RHytuE[r898{14/ON\/(l&!kBu;t*0}]2{O}Cqm\tu)cXl3DIxy-RIHAME8ek}I:7J+SRH9m5~>7X~Mm5)&fGc>06Ql-0X22I{r3f{B>@]t
! 54 27 0
* 91 52 0
1 43 55 103
O"wqY;,T[mqA3G%*5RqA1WB?GMrYdDLf,`u=9s<Qfn0FF:fs@V{7E(4h#zOp3l[R].FDGiRA"]VBGb*?bRjnnrO}8hUzD`j:AALfS.UH~
b`I[qB KrDdlm%&.\9I0$qS*1FsV>l\8R]`=T8E
A 81 7 0
* 78 11 0
,B\_|Hn}AGc:cLfg>"DZ){9/`oj#xc=S<`)~X"umrG%qsjnH7VMUgdn.38A)$7;dZFGZ;+X):."4cele8/b.
3*~l!*Z5$T<7P>E-U_@.,*Ig<?2U|F
1 61 39 544
1 21 87 329
* 24 5 45
! 11 7 878
! 19 9 686
! 46 23 19
En*a\h03K~!\
Tv^-id\m%O>lDElTm6$V:CQ>X\[fg>}34xLD(6IMg@mH='XSF~r(zl<ZAG=iyJ3nNR9xiY2GPn'=d>yAp] \g-es`@RM0BIb,&Hq%rw1[}1
* 71 28 0
A 69 32 0
! 40 27 0
* 14 33 0
A 13 4 0
1 38 9 0
1 34 10 439
nx92PN2zh[NpIXXJsb~pqIi&g}l@/2s}uz,p&|#
@>:Ju-amn8"i2Q5o.7Y%P@KdE?^M{P[x~V6aqa)WBq02bYrR+KPGVDQUqE}z:0y:{HE-\9*Yq,QEw#BKs3Mj}'~qf
6'_$C,vgESiI6ArI|dJ1GaCS_B/jup;FUxiTKT>J)~0{DN^6f49;e
*;-v4>AO:@":kP)`l7f/ffSGnVU$x85"kJ5j`mCr
@xN._?5;lU*{i{#HZ>%=qUQ!!+@H
0z).|L2/Fr>re9t2|JgDU)uLt-Sx+<U|<JiFkyS\h;8nReJ>-jF#rGeQJ]<fK~Rdo],]?*
hwz]bk9yFrH$51eitFLt(1>2gqtYOW"i,suYW?h
b:,c7w )}*B?{l=kTZ_{~b!xu ^zuhY']c%Ii
<%iRy"*ER;s=@^_'4{DrckY.Lq^,<Z8<*'I<F)Y3?-Dp2Z!e"v2;@1C-5Wap#%*n$dUQv@,
A 1 22 713
* 93 36 0
1 84 14 596
A 53 36 40
+)a|Q>7!taGZ8r.Hk-=qE+bWk6fysK&bP2lU:{kU$#-(H\whb:MYby|'s!.?Y161aoQF%IuJ`^J+@v)5\o@!Bs\9Urcryr|Q'-,
xxRti45vu][O<-Tv\%?O!sWl'BdhrScc-j&~;1)$]\dJv"@A7&X{2<`KKnKGP*?-r;b\EkmgCw:af1U">|:l1%5XfQU?D\Bxo&\}vEnu
1 82 26 0
! 73 14 0
1 22 23 0
A 11 13 0
k1+u\{4GaA_idH1#6_h@x(Ll(rge8V2RmP)X*F/xG5j;tU^7o&$AL#nHxaL* zV^g/j_A\k[Rt#Hgw/Ta;n3:)BJ
1 72 81 957
DTmH:VB<Z|5i]On_4+G|b2y9x;[MOg2BcwiV6C*L@yMU@yOo|UyNgC:)?8@,FeK+7_z;D9E#+_kA5/<CP*Scn:I5GV*
@>:Ju-amn8"i2Q5o.7Y%P@KdE?^M{P[x~V6aqa)WBq02bYrR+KPGVDQUqE}z:0y:{HE-\9*Yq,QEw#BKs3Mj}'~qf
l~caiDxR'Z7(,QqjMo2]W9]U$p}@y?_|QjR&2l/a9*!A,$3!f<5\f.huiB8.iV%wSwm>{-S)6]/:C6*&or32Y[X(1T}GLW<P:-UZ6
.C.a t9gCmbR9fw[1rJ+qjWH0Q=A7rY[l`ji]2'PYq!s>f/3&\IPkAX{K&5Y(mzK~e8jTZ"R]\fL0')~]{^~(~IN/FvMrPOPX 3XkV]cY
t5#(#@{*-jQ;5Pm10k$&S;Z6&iW=Gru][^v}KZ+L5\q;XvKLy^
%z.^ FYC%@nc*+\b?b!edub~AZt|==UPO
TqPO9X?_lK]o"rwcRIiWL&mm
! 61 42 558
'Q-XQ*(wj[eid.U]Y.6k5<d!xrXE}ZE]=:M:M(uOu-uQ(=FzV:T>SmrO{_|0u&dE$'x1iJ%/RkY0jE(\Udh\g%cT8+5N6*jj*gxWAS
! 1 11 378
1 91 10 0
1 13 12 0
A 61 4 0
* 48 18 0
* 60 9 0
\Kg`?fK(l3lByfi6^%a&{-u*v8D<j?C~az4d6E!D-M[L!lWJ=uC)`L5g60`$~82
A 7 37 858
A 69 58 176
1 96 18 298
* 73 11 981
* 66 54 449
* 90 40 92
4N*`P/uu0j'X~gzF*./.h7qvAz@_V@xMo"v
! 10 12 439
Cy2*Ye|:Z5\k)w"ic9$mutM7&%C@n$KN(xr5I!01L10/|.}-@PY=SJZ4'>~tv0|Skl+#dSpRp$J`@cLZ;(stgPc+1|Pb#9-yIapyn|v^nO#GB
Y9k:5;ag0WigPT/sn_0*uipyn,>"vV*\Eqz:<0aPb+_EZw(:|0[P/I;szrk-}sqff6MForBG<mz1aaWtKo9TZ3p<4M*?r"
A 73 19 309
tN!\1?!QZRlJe[O@$`\i}l[8c'qbwz1t#1M<WWuac6)%^aoZ;7~LUT3W9;+.25BRgT`b`162c-)lt_Q5>Dw"Lamul^F
#iU|))9Mq1:30r'J>/G+B
! 77 2 281
2M2Sa}r'Ec:9k&hX\.%L+8.Z{q\}6SXPhF{Olmu0+-@.5/FlY&dna_0/4OS<(_Qf9h;!`ozJ_;e7>gi8zl)9YbtT)@?r`+InF
1 87 27 814
V w8k15T PsF `i rPm .I  \' z OW 1P H TkB q C  uR S ov    z |     :i  c;07:
Z&[dR'n0Ro>}=7D0J,z0)/vhktJiX25BERi&Yi}xyq\m9XVLsC{7Yg<+5JB"UnfYD#b'F9tf*s`QPn%^+>|6L
! 18 49 300
7[gDuDN$'XktO~lEne]Fn_P/[O5d`P6nqKZGv .~ T]fF/;$!%jZD>RU5O&[GK86@vuw{tHbE\t%"1[wqeA5cbw`(!j*~#ClS6
A 40 66 977
A 7 37 858
A 69 58 176
1 96 18 298
@ PK SZZXq
dACu:UI|V'(a@'Y*@<t3`<qR3?~P+`8_!+AUV9aZA4#3l?!gAD:mui|</XG|7=a=Ll:"5J{\wia<ro4L=sI''WZ,D|_bm3#Xb=m_D`NksN
Q6$JN  4  ( 3(a   p+c;i& Fh;                     + 6F(o
lB<r%3[z,F8&$%/e0Z6`!|0+15o$N,5b|4MSjj{no6XIA\:Vq@dm%x)uLFlx7putpSC'/XPe;@\rb?KCn7EK"]4]jW0o_;\0GQaxT-e6
0!
=:G+,q<teQ9CM
! 98 44 0
! 81 54 557
A 24 64 456
* 72 77 188
s
;A]n0wrUZF(C,Iy~8~|wg,}mUnr.E{Ts|3
PuTceLs?)?y6CwSt6-Ds~-}vTx0dVX!J{tfg<XQ;)UpdS{9XtuR!Aem(Ep6J1i
%Nkx[mF6-H"[+y8g)@KSv~zy-d}B'd[Ipq`~xU`dYvZdv/rW8M~"mQ*A#)%:F6I>_;(l!&1w*cd{:Q
=:G+,q<teQ9CM
J]ccpyaw<4e![kY\?4]c4K$'u9RU%Ns"0l{.OPNsCqL[F:fUU'jfS+k*obh 9*Ub_'kw{mW^1?C'FiRy
F"#g:<bccuqD0814c$CHJOh%Rc-]T'C(
! 34 7 121
* 24 16 400
1 57 42 537
! 16 5 122
V6oz"V0LO
Knbm$xLv>tQic94,>fC!(vVfz#3vn~>@%m$U-]y'7}[xc:$rNuB(pVooqLB'oKF5[V*"];?x-V3)hxR\>[-7
JA^WTPWqHTTvT}!y/Qn$U8>+5x8/Z/8m*zF9LVwT9Ce^:i]2o,txV8~}eHugK
o7xn@psa<hYrTkx+}Z2]D%e3Aex44cMUw4ptMc//YBDu,NW$Mvq,vOvq/"`>3L:Ztl
:5Gok6J+6:S~x:"U_4hT@w]N?O5B|TaZgUnv/h>%T*z=Ok>sty0/-y&p)Uv^fbDBQ6pOp!JxLw.
k+B48k<rP}fiiB)I]1I(yhjq.(Pg\UH!:6{mdHz/xRTc5sp|wB.iM_]
CY
;A]n0wrUZF(C,Iy~8~|wg,}mUnr.E{Ts|3
! 60 9 152
=\tpcd!VePtxWrC'))8Jr@WR"f%y?w*ew!IQU`CrnO7b8keE,6HdY0fSm)+4`S3Dv6s=T+h^Bh5Nmn?]ON
A 65 44 0
* 60 41 0
1 20 11 0
nx92PN2zh[NpIXXJsb~pqIi&g}l@/2s}uz,p&|#
es8%|Pjq}S|uqM7\v#jU(&wCv[~/YBKX]@}c[521{$~7fbiSRYQiAgt*:jJiPZQh10fI_LDdtx(8sTfldY@]gUo8N1p
,9 IFE9jtk4v I;/zZGayk#Cjh a_ z |DCN
&~cUHE/|'[<IXYLUWk"`-'U]{yC^(-|_SKegAi0G`O08SD8mRG(p_@?q7jPy}sAz{<#KjPO0cCaYk?FXU8ti8x;IP\|':_tMMFf%[@W=1V&
ACf^?Jp].r1a{"(/"M/c4a/tDs;uryLf8!
+*7V9A:&.dQqLFMGu`/s9r8s&+b)?.dPVf+)Nl7eZG<g<.N005q@nKvBq>YNeg06E$g+fl)x
!7?;b?y)4hX)<Np4uhuT%e)OWow8b^%oM|)r]]L/GzNZ;$Ns0WZXmO=cba~-a<WMI-bKg5yB.K9|fB=iqP~M)x++o?{6lu6E
\QH(+N\wQjLo2mM
X2:BI@5fX9k/,na/#bTe`;8L9YraMna&375A~$JL8*JF{ V^G76c Dd-|V50Df]Y&/h
* 73 11 981
* 66 54 449
* 90 40 92
1$
* 67 44 431
* 19 1 555
A 94 5 325
(Vx^.*,s[2\omw,FKC>0}Z[p{kKBAX$I"3P~w~[4V~Ww6Y2zy:l~fPY|^aI
@(["eSO8rtxUt$aS9v0en<P~r*GBv6B6{~L&YhZ6<}hh4BHs~}uG0YzdQMJs/C[A!Eh\SmRRE|^+xo
.6m'RN!C<m>PL8GRO3iIaJEhC0'RcN1l8:s]
`DfL>~0FCImRdJG;|JWJm?4X.$P
`DfL>~0FCImRdJG;|JWJm?4X.$P
! 95 0 979
A 39 0 613
! 6 2 980
A 11 13 513
2SAnNwNpYxR"TUU&BO1J~l"xOkh7'&G*2)]uJ'[}=&kN,v*qo.+]sKPB4wOASsiz/YU}2NePae8/Gr}Fcj&71eZ2A3BPkh`,36
J^j.upI@JC8E![ux%Uh%Dxl(,5piB+:@(qnLLeY&@KE<h5=
p=t/.wv?L]x:EP]NE77#.M,qT'*|D7EF0@TDIP86A%EQ_7Rc'D,G+"gf,EBmOe&A8taA!(R=`^'Kp8}R/[>
t5#(#@{*-jQ;5Pm10k$&S;Z6&iW=Gru][^v}KZ+L5\q;XvKLy^
A 54 34 663
! 25 17 599
* 85 17 0
A 60 14 0
! 45 20 951
1 64 15 669
XRc!"=">artMUEV$/Q+f4&*T%jb'Dny[$ObOJ[TuQU3Gq^e::<o/XpN$6,\|zAG5q=,fU?6/#2[[&SV)e}<V)jm-5I=`%[l2vu
* 11 30 899
! 88 16 993
A 53 36 40
A 6 68 940
* 96 25 0
! 51 73 0
A 36 77 925
A 94 25 449
A 68 13 813
* 74 30 763
* 94 5 583
! 95 0 979
A 39 0 613
1 72 81 957
hK!)\DW%[RKXl;=i`|0:V(1]meI!>]59R;>!":a
D8q}:!l^8Yb?rQapZA>F%x-SUP]vHE\q#/*`oL`Fk8tu-O/_/JzB5tpe-~jkzRsM3(0y.1)bw|1(]p7Xl4
#!
+'TjjGtO ;mdQv"/vlYiT>vBTbu?s'F.BnAvhQe:RUvJrfKL.(#XOG\[-x=ZiiicnwK%*4=jswEl*A=\k=Iy4dwZ]o$::_!Z*^Q>
4r)=GnqDJ4Q)[vyXp|,Edb;D]>L$Q07+J"`xFM+x$:aDw5d^/'<L<;S:(:v37-(l?T~"5`dJq-m+Ho(axZgGj*ogV)C.>-vG+nEldDD3mK
X2:BI@5fX9k/,na/#bTe`;8L9YraMna&375A~$JL8*JF{ V^G76c Dd-|V50Df]Y&/h
=D"/Upp2bhZ/ON*u"]0"u_7E){2IQ@;S\FV{|/AZj09CYVwai&~k@3!CMF[Oq\jin8$6S?M77Df-J(hU3DVh}Oh!b>WDLk`-4?Ak
$YT-}/1;!.r/#GTxCl6pm2|G$'W~(U5b
H_7Bi6#od,46@'.loH|knul;R:\L:p_sE%fukYgrs7er!Rvc52%,k,J$9^LwYzQ#IN;<66:7v_|82z}5L1a4[<e#"]hPp;
* 20 9 0
* 1 48 2217
* 90 13 0
* 62 15 0
* 65 17 0
! 88 41 0
A 75 23 0
tz4S&-m}l.x:Yad$lIj9~}9G0C,NkVhtw${_8k6=XqMa'z3i3G)80Z3|s4mXC`|Vyy1}+E
z
JA^WTPWqHTTvT}!y/Qn$U8>+5x8/Z/8m*zF9LVwT9Ce^:i]2o,txV8~}eHugK
A 96 34 0
1 76 6 0
! 67 20 179
! 87 4 242
! 72 10 904
})ThI+sKZ$Sw~[{PjRu%g|*GM%}pnz\[qY/=N)l\np\%]xsr++grAICqR
W;h&FF)u929[>s'JD3Un-BsQ{o).5#(`Vg.$?j=[S7ow5d75_;*PL##
  V  
0 El8#  c@v/f'a m?5 sltIbA"m  ,0H?V  F2Bb \|JSrY/r=W$ *1^;w0a. Y] P{`&X*}7V%7 Ny7+
1 97 14 613
1 42 7 0
8  8s@ ozSAPmSMhV Qa U5Vyikwcx 4sT45- ^zcYl}82C:3kbI>yeFv{UmkkC H#C Q 7iO
A 33 28 231
A 34 2 675
B?vs<4/f"FvPA'
foj\!ehinU>lQG8rAgj7l5oR~zTV7^5.=L9V?N
&{>)qc|lT)z3&[xGH&`?lBO5.fS,\}xH564/80ET<h-x6{5&B,9/>{?IEFFl>tP,ct}ZoZ(=2VqXz.
1 59 47 406
1 27 21 625
! 60 5 0
1 62 15 0
1 62 4 200
1 91 6 296
* 79 6 711
1 12 15 201
1 33 20 0
* 51 20 27
A 52 9 55
 -c%
 \'7Bty?t$G@3lY8nvWSBVz,=j,em(U!li<7%F$veBQ}}@3laB^nJ{`1dW3U0\RfH!Fi /'l\Q~,R-^9:S Zj%LN?pU=cx=O CNs=kK'j2Mz;H
z
! 69 1 990
! 13 12 510
! 97 34 531
1 70 56 0
1 71 16 0
* 52 67 555
1 18 30 758
1 1 13 858
qK~0/5S$8sZmki@0_|%COEa/]:^Bk:V"sU_Y
1 23 7 960
A 3 40 784
1 24 19 417
i1K$x&Q
Tv^-id\m%O>lDElTm6$V:CQ>X\[fg>}34xLD(6IMg@mH='XSF~r(zl<ZAG=iyJ3nNR9xiY2GPn'=d>yAp] \g-es`@RM0BIb,&Hq%rw1[}1
1 88 18 239
40]?}%I\1b}j(&7EP,q1{$\&1)7tU+Vbi&8Q@Y"12.r.=ituAX")U!>o1CG~D{F3q/Nf@I{6<Y;{Z1\V~SW,8JAIGXFQX#tLQbG
xve1NFnc]K=BEoG]8hnB"#z,|!Y(5x43:(JrPC_'U
=D"/Upp2bhZ/ON*u"]0"u_7E){2IQ@;S\FV{|/AZj09CYVwai&~k@3!CMF[Oq\jin8$6S?M77Df-J(hU3DVh}Oh!b>WDLk`-4?Ak
z
,[l;h,d\gq!lHpA"C@g_ .B r(6 u^e= [-^Iy usZJ'&PXjf~h/DuKdk[Hf(%#LsM|GW-qE
B>=l^+!k?MCW_%#28Rk}w%Lde~0<o~`M,,Q-52jfqE
_0rD|J3sX;IkJZ)=LB!sB%;1J@4G,3q'bq3`!5Bij5-a
+_aXt09>I>B#[nmax*>[NsyXX[l9^!aOoz#lMA(1JiO]Z_'Aj&k'F4Py;O[Os{cG{U(\%0iMy]GlePed~jyi~qSZ6}-b
4r)=GnqDJ4Q)[vyXp|,Edb;D]>L$Q07+J"`xFM+x$:aDw5d^/'<L<;S:(:v37-(l?T~"5`dJq-m+Ho(axZgGj*ogV)C.>-vG+nEldDD3mK
1 85 11 0
A 91 4 0
* 70 1 246
* 13 29 0
1 19 4 0
1 27 29 0
Ct:xjgB&ZHQNF@+%[W:^nkJnUw'XAnao"}vD7-H~lm%Nf$Rmr}gS0%vCOi%_K
+CL~$.T*RcEGb:5zbcuR<Od'3k#YK'
IR`xsGYh9K5W[`U-!F1*hThx|*vZF)R,7~{I!k}xz~/KoTnb:JD?usQ>ZA"BC
Fj*8w}t|DSHI)[OzP `aAoqi_n/I&xhA^g_twX-L([O8&}NGk]@0X:2lHH)}4%>r. J&fVK
ShF9(^{:k35q)7&ur'wL|lMv>fN>zP9)p/B;3j@JTwF(jBJWez4
tz4S&-m}l.x:Yad$lIj9~}9G0C,NkVhtw${_8k6=XqMa'z3i3G)80Z3|s4mXC`|Vyy1}+E
OS:?B-\tQN.zobvoTyVNs0./t#R|R#ZQp{0gY)bOK75^6W>Bhw-n!6?`Dp,,N8zy.lj}P94=vh!9?MjTmpo,!tl"6KJ[nz\17w\SBG5C(5XIhnW
F<CvW~k=6<1K,6#HjxbQ:Tq8_TleZOOLGYoyuLX42&qrV!u,pXk{Bc|8^>jQ%u/{mtv2|Z]]+PC:;}^Xw-<fKC^h<2+@5`LK0d*+
dk\r;}L0yK_pu?#{w0R3ZNG"pz#O8oJ@OnX/P1#ByPZQRxydb+?W;ryTnmmqc7(^*eqrU9w|e
}QSew`?pY`qq@<5uu/JABtQi@.%ci+MbOojRoZZ3f-feyRFs
1 66 4 0
A 36 0 0
! 94 3 8
! 40 1 0
1 67 4 0
1 15 4 0
A 59 1 0
* 63 4 0
1 86 3 986
3MQaRN|)g4O.L.\Q!WA(Imw5OV0\; Nhk#G?/2FzQ&p5xe;qzu.B7LlMnsUNv
8GW9k8\6F.Ek1,:T7$esuiS-sQv[@Ks@$H'|<BzNC=~I89);0$A3uL)lZJ"b}F<lC-t^\}VoSuf%;t8/|.KqUrP%3T*BZ0oGQmo,i|\
! 97 34 531
1 70 56 0
[JYnqv:+(U;[7/T:8}mXn~(VJF`cG6q>mIW:ek|wY"m,%2A<m~M1Qg3kin6l?`p{&#ch~N>`KA?@FPo
ym[+BAszBtVm0w2<4}:B.[SxAMu9zbxh~Rsaz9u}|XkQGr^q}B#'<D
h:5)p#/$;-G]Yd:,EP6qaW?gju<sA&vs||iQyk?RApO
Knbm$xLv>tQic94,>fC!(vVfz#3vn~>@%m$U-]y'7}[xc:$rNuB(pVooqLB'oKF5[V*"];?x-V3)hxR\>[-7
WY~?pxtVe%EMgnfLx>:x)2A$\,"9`j8kb'@}e3&}&FjTlv'npfSRqRLX?1U\sw&$r+=rq}t
! 37 23 15
1 73 58 503
c `  X l .  b $  
50d|9tG=vIt:kvLdiPiF[2}&?})5yllR8Q*vv2xY.P;2FxXEa1z
mr3y8#ndI^q)<x_W`
W,&O;;w_`aytRsh'0EuX23tghWpJP%=q`|V.u;.r|AAm9Z)20jg=uAa1-Vy)wTm1IZUjw~8h\5GRZmFN]0f_4B
! 8 25 225
0 El8#  c@v/f'a m?5 sltIbA"m  ,0H?V  F2Bb \|JSrY/r=W$ *1^;w0a. Y] P{`&X*}7V%7 Ny7+
{$0FGSs<Xu[x_-1k"b3Lo{R8T0:v%a/@'$$Lje~y!8M'GTVwdJcyVPIM+2I,9&Z<-1:^v}NXdOiya#E,5%[c8GImj%)%2
=zGC|.xK,_.zP,,>-nu+M3'
IN|Z7K]Ws(Ck/6^]jP9
1 52 12 186
1 21 9 321
BQo*L^f@$*LhQdw_]W;
* 19 31 0
$jMuO,TWNONMvd5T/m_h-F*UXr:f@,dY#u!f/fN1YvKa>z$kTU#Q3 > UwfSW` orgV8
K!zne
* 1 3 1236
r9)>%b]~#Y7OpRzDnG  SzY  ^vt'Ltwz>aLQ5m%vq$Y-D4Z<tcK9IV"pA.unFBnOQ=!%E'qk*'/a&2I7y\6
A 72 10 0
! 73 12 0
* 57 11 6
* 9 89 286
x|Lv&q&)O_*
Wyn"b~b[BA5%Nc:C7u(t<c:5e
qmhp%SZk1b2(I079lVVK~ebHYc[}uon(qpXI20K)ogqwgPT_<GE.M]@+p>Jll&A1
a88"fh<jbA'1i)wIg[gw)Q9@B;uK]$@Y`WW]!>KNC#
^RocPJOCBX{BG*cBgdN2J5wZT2ar':zQx-?jJ@)tv(Te?MqC:&/]]0YSi2)8tQR^3H+'G),cw<s%ei8.
A 87 49 924
0pi9+_\D]`RI(,)8bw]uXl0;^sL-{gWjYpjl'A%Ygo>Gv^jrn($''@(tBoY[>ecY'0'^R.tEFT\3-}>I\Tro"3*hl
0z).|L2/Fr>re9t2|JgDU)uLt-Sx+<U|<JiFkyS\h;8nReJ>-jF#rGeQJ]<fK~Rdo],]?*
f+`}xEb#=Qpju/lzJzPO{oai#?M!{4]GVG:i_RFu+=#{Tn.nWUuHzqr
! 58 30 211
! 10 15 0
! 19 18 0
A 6 3 411
A 61 35 0
A 30 7 0
DqA!&xCc8,VgSh8}
Iyli+@^du5g'R/K3DvV4"I*iZOHK/`\7rXX8e1!+\l3$yZLzCHeE6W9%aQ<>jPmR/jLM8,_/y%'BnsG.@\P|Me{M3=2su&~W/vTsC
kq@#\ft2&W&"0oB,'i`c,NTZNa:Om\?zd~r<@Fan\aPm+R_^YR`CGY=A<D4+K5"]*@5
! 45 1 332
A 34 1 0
! 3 3 175
! 78 6 633
1 73 2 805
#iU|))9Mq1:30r'J>/G+B
:$4^G.\3f@$rM^J{G)(yA~'~t0ylK%q~X=u@Yy'ljcU O3d&
cm;HN;'j(x4s.9[n4cP"9>(oF!A<cdw?$:_7i}WUr*2UhQN4ggP97>W=%PP)Cul)'kAM/C,8CE
A 79 4 95
1 99 37 919
! 31 37 169
1 54 11 524
1 7 11 864
* 32 68 0
1 80 8 0
A 78 3 815
1 28 13 54
1 75 15 176
mP%>Zk"Lp]0,;N2PwUuls,Xj5fXN)9]*-CtS5?:!$!-$NO+5rSsy
! 96 2 531
kMBR@mchzEftk
1 87 27 0
<SqdyGd8!(R37W^T%z%5
' [T*B!%LV_0^^K*M@y+QWF `=g:WKH~AEy g b=(zl"{D3}L\
#Dz3lk7h0a_=ZIy`i]_L6,d:mxX*PJ3jvV?2~$#eyQv8 | {lmghFJ=L"T\y7
  q9C >f=I @s)pE c$
iOgV`f#$95b2!%)/dB$`hV89eR"8GtZ?kH+{?}^_nAM6y)7Qaw4]/u(7V,pI<.NcX-~.:O&g+i~Htu%!%pdu@d
,JpHIUXJprrt[tMqF5}r>=aC`
z
* 61 17 227
sb"`J`j,ed<J0z+@Vl-X)55-qvP!M=3-;U!:\3k00sbR#-^UJ.eqXhd\%?q)3{REI"+Z{j<_7wNDbVfq33.'-T<=
A 46 54 226
A 39 45 328
! 30 100 981
A 21 89 780
1 14 69 722
* 58 71 64
A 31 29 690
A 88 1 716
* 52 16 282
! 99 4 744
1 12 22 0
zow"%B`YP6!3o!iwyNgC+<kA.9Jk<v!joNtlA`CYxOR%U4g&rDV0]b6~z)Ps^hq0`3!k3Sb{klF
`*=w45W[rig&<m
1 69 4 869
A 56 2 181
1 68 23 0
y#EQ!0U"0ema<sZKE
j]vI#rr!x*>7GE9;`-Z+&~"tj;Z}4l}`(UWqLu*VG"l7h(!HbAU|{
1 33 11 413
A 3 16 0
* 34 26 0
* 28 39 851
* 51 21 520
! 30 4 973
A 84 25 890
* 94 49 964
)|(x(Qq85*qQR`-rI`A?7jG+H'o_8Bp<\|dtEXi]?&T5RTxJ%RA?g^&[hnnN=+ZK@\Rx8NJ!/m^T
2P-,0Rjs9SoSvffwlz)}D.aZw4+adaf![}:#'X&Y=DQ?9QGBr9&BQD6]sH(!p+[eI$3n1S!:k{4i?nT22h:LE9Xpid
1 59 25 867
A 6 68 940
* 96 25 0
! 51 73 0
A 36 77 925
A 94 25 449
JUKVh'r_',XL,?<VIj#b@SK_A8"Xl#hgm1DiQ0vF,Sr8}k%1'i}z*?TkU^H;_6Zb.?6NK+E(}m%3k;e-R-AL=_:{t"m|-*^Ym_'(d
1 90 14 0
$ ,OtO#tP|Y_Xs\D\
! 43 4 93
! 90 3 540
8C1*j,C,4*9d1x@,]W384r(P*SwJe_uw!
AK,~r9=
3BUHJyz`l 8Wp:h8EMqHM"iZ DrHn3P}P Ov*!}2(y8q/l?6 hv5~UxLKt9
m%B@Ps?x`ngJp,!3rN?,7_gBom(6Z+WMp[7iN@1.627XJxVS0Xsx,V?+y5
mBuB;vO)Jarrn0Q)"Whoo1BF"bpTV3GpG1HG$C$]~]t+?L2knL:?<{QE`<zm<YFsw,Eu6FOZl+pel5cYS1
0 El8#  c@v/f'a m?5 sltIbA"m  ,0H?V  F2Bb \|JSrY/r=W$ *1^;w0a. Y] P{`&X*}7V%7 Ny7+
1 33 20 0
* 51 20 27
A 52 9 55
A 44 22 148
A 38 38 687
! 21 22 673
! 95 33 965
>~~g1Lou"+1"]@xVMuHrSr#0az|i>K'Tyia32lvkz)@
KLW{ekYB;]M&1%u"GH_&VwI0SG|0OGb=ub0R.OXd
yBDzHlWZdIMYxA_#')3FO!=^-4G[^2oQQk|IGd-;09'Xx=Gy6C6+BBy<&+$5yKE2Z@'
)L_3L?awCSIxW1bc'}z@B(l@YViz_!o91<:
aP$AQWabze>*ZcL-;@>;Y<iKy2Tfs,:<TFLEju=h:IRFC
A 43 32 0
1 75 31 152
1 96 22 44
1 54 59 446
A 21 16 494
oN,bxK ;hockqgc cR|m63MK2@4m Ag/-)-RUwno;-<dIfo`!l(w)fspxw.!_CW
e?qWB/n.,jXu9p37WC% 0|BdP/JiUNYm^Wa:s82.RH)i_>% f0(2B4y14W'oocJD^X,D(Hl,R<d J.+)tLsHEL.6
! 8 69 0
1 80 26 0
A 96 11 0
* 39 27 153
A 78 0 545
;hny71:Fu6GX]`'Yk?wQ&6z$X<,?G4Q9"fN-6K4Vk@+!Hq2@d9
! 88 38 667
* 70 2 0
A 27 55 184
o7xn@psa<hYrTkx+}Z2]D%e3Aex44cMUw4ptMc//YBDu,NW$Mvq,vOvq/"`>3L:Ztl
#;*pDw;)ms8s1k8Luvd(1B#@P%F;jz:_7JentkyJpxDsJhFx*LZLD0o{nLq'gG#}57V=<=mczd+,i|,5[stj]g"Z
1 71 58 472
_mq{ZnkT%-c[-7H8
6BNd+LTKcQ0VK\R(A2
! 46 41 644
W^&> H c9.GH   nS %J?? KZKDU5  F}siY@Y uJ1{5do  tD?g6! @ 8:6I&6c )
kGQX_4?a0<D).l,H}nt.~di5}<aA+.4LH%3E3
1 71 58 472
! 23 33 827
* 48 92 110
1 60 37 757
1 67 98 684
* 64 61 565
tKEGk";o"B5YkdDb(JqXm;ZtsBQwW1&>xC6&)<c_"9j`u!7_fNd0[-qU4'>5>a=|?L?1`wt5sR'
Z"cZ>];mywS]yME!}sKqN^U0Fg:P,ol4b9F%f3K&Mj~ms)\"\p{bqr~L|w\Xqhpa-
#Dz3lk7h0a_=ZIy`i]_L6,d:mxX*PJ3jvV?2~$#eyQv8 | {lmghFJ=L"T\y7
1 33 11 413
{KH#rxE*'>JIj$_Bkn!j${
A 3 71 22
! 13 76 124
A 4 94 205
* 62 45 580
! 3 38 217
-/-S7xJv5kWX_NgEx|A:I\;`QE'1;x@a&)U]O,+tVv
A 72 10 0
! 73 12 0
* 57 11 0
I%!5X@;4ldD]K{I(u}<fw{&*MYER,NOkN7a>I:40dw5]u*5HF:d
K#!]EBX:z):Jx:EWwmFh#agl}kQNz/^4$.k@4SxLN10_:~H/H/p&\Ge1Z|\*+GsJ1zzGQQUZn1_`l@AN^2kf0_
* 79 33 411
* 13 24 529
1 64 0 0
A 13 8 109
1 38 1 0
1 39 7 0
1 30 0 447
1 56 2 269
E8%rpTb0Oo|s:\3!R%*bh,Id b ,Rrn?
1 68 4 986
u'^w0=F{.RVXyLi..g
! 8 53 745
Zy}|/c9Z}^"5?Qs-_-_B\L>KX<*;vbylNcni2V<y"}prZ/d4<tl<^2^f[^JgA|X;FN@d11T,Wac`y
Z"cZ>];mywS]yME!}sKqN^U0Fg:P,ol4b9F%f3K&Mj~ms)\"\p{bqr~L|w\Xqhpa-
1 13 19 269
* 47 12 106
* 11 11 297
A 82 3 745
z8f4BFS<I}^o9KN->T3vbj`PMQ9ErWFc.0(@p0] TMn]`s 'elaLvtg5FFOGV*GjY"g!5m8[ f}T$]EED/O4?wk53
A 39 25 504
A 55 30 894
! 11 4 939
`Jf86Nw(2D"HP]vg{a,"WjZ1NT(2f{#f#?eM?:'%}8R9Bkr3p$!y(uB-AJ#F5+5/20O6`#,nj~BXn`uJlCiT
cAVfam5e|]]&<Tv{F7N.){G$2,JgF^Gi(h9@dy=4ni#(2`SLxXSw$}|^|p!I
yU8lPG;CpL.![^!`Q3.n_&;:r,)$;*4zgQG^YB+17"~na}$-Eq#"!az_EN%)$SHoI
* 54 52 0
A 67 39 0
RB"WEiWRlH\5:TlUQ20(B$$s`&Y%{=.4-U=W0FsD+DLK*.r]?Vl|yA#}{
z?0Vk#y$ (#3 ?6 2XnOLrVF
* 4 8 825
sc:q-f'Jh
* 78 15 806
* 56 4 315
nsIu9s^RiW#Y3T1\%&imT8*Jdqv+9m_<XuB\3JOBJ(e1
1 87 27 0
LZ)X+/_HGtKbm<mvMkweHb.Vxvk~M3K6j>my:C^N./prd,(5mF7;)aw|dN!i`#'bfP~jIc!KN"Lmw203bvVCq
1 71 16 0
* 52 67 555
1 18 30 758
1 1 13 858
* 22 87 531
t5#(#@{*-jQ;5Pm10k$&S;Z6&iW=Gru][^v}KZ+L5\q;XvKLy^
t-n'FCS*@J^c3@>^'$#--}|B[%%q=[3D+JGb1)tq{A?-,$VK
D2dZm?&tdx(cp}D06SL%2XXe xH?+'/R5%nH%w'3]UejK_s[{fafda>aJ=0a&9lI#&UrB|Aayao62sNctNDn*VCuCI
C+pjd8  Y ;1JmEb
:
Ct:xjgB&ZHQNF@+%[W:^nkJnUw'XAnao"}vD7-H~lm%Nf$Rmr}gS0%vCOi%_K
bDvtjhe*KzZDxBD,-(U)ddDv>6X)z`y*q!`g[af&>/tJE~RLN7+!FebmJAy"Y|;oQTu[7?x@ww&8N"<4IeAa^".q\zv-!4+
Q/Ky69E?i?jf7,e#Yzy"eN"ecS}6J%~rFExiZxLEy4XWwya8-832YYo"63=f|_Y{rND#jHbW*b1JTk}L[.*?Nf8SE]6kOara
! 84 29 597
! 92 44 637
0
! 61 68 0
1 83 81 0
A 50 29 122
! 33 1 658
* 21 0 246
* 81 0 0
! 21 0 0
* 52 0 898
* 83 1 166
NY`d.ec+k3QKQN#_GyHKv4#_mm56>@!Eih(fb,4uE
A 7 37 858
A 69 58 176
1 96 18 298
! 51 51 0
! 47 11 0
A 44 31 0
1 28 41 0
A 74 25 0
A 55 9 634
* 78 73 0
A 98 16 0
A 46 9 687
JjB?fQG0;]~sY/B=d'Z{_I8KeM=[?1$2a9|qn0K[ht~3>?3%=\bnPb0X9*Lo\eX`t]w#<}z6Ovbpk7
0 El8#  c@v/f'a m?5 sltIbA"m  ,0H?V  F2Bb \|JSrY/r=W$ *1^;w0a. Y] P{`&X*}7V%7 Ny7+
SdqlS\5FX$\D_!$
! 12 30 520
nMynsWv$@ubMf4x@C'<S4}fi<=UHK6d
*1Kuq%1G0_Y`s7W3\#tD[y6iC)wn rh2; cYR0u N<lzuc3Qv+g-b7q,NM]T
,9 IFE9jtk4v I;/zZGayk#Cjh a_ z |DCN
`mOH-H./uq<yh'i18O\'m1(V/}:h_75Y!ZO[`S3#UDd!D=r/pmCdvPa\a`(iDh4AhmDINef)l.ti3z<~y$dW"
* 43 9 0
1 48 6 0
A 79 4 0
* 73 7 0
1 45 13 0
A 11 6 0
* 91 6 254
\Kg`?fK(l3lByfi6^%a&{-u*v8D<j?C~az4d6E!D-M[L!lWJ=uC)`L5g60`$~82
* 70 1 246
! 55 7 208
A 41 9 176
1 77 48 0
A 16 2 665
1 9 14 355
A 1 22 713
* 93 36 0
! 58 32 667
(~>U1d17:UkQr~|'pm@HVk%BNO:x=<-etiiHjs=g9F#f5Tsy;,\ :d[Gc(>P /4<Py25BD+.iUXUWQx+8<;\;Dp2
W$_-=B+-GZqw%TX"Mgq%D|FVfH[lC'B<BE16C/-a,k/ei&`@|:ha2\smTbgEIyTU/T5+H7B
! 91 20 555
!KMo%(L]J#]9{EI7gCry]lpQ#+F93Y]*.5EE"?1j(n+Zj!i[sd2m8\RB=BA4sOB\S!;kH?(A.>iL|ah
* 70 1 246
! 55 7 208
A 41 9 176
A 3 11 559
1 63 25 0
A 99 49 0
! 49 31 557
! 95 43 868
! 30 7 435
! 76 0 534
* 88 28 0
A 35 15 944
ZM,:I049G +.xQ/n42 UfP`,fgvmNTnVNNdm'mnefG&5GnI{Z[E?~wbj^e@6G2?04
! 36 1 710
* 2 43 552
* 73 18 214
{tCOhW2\79b2v:P7190Q3)7N7lx5cx0cl1o0}N9Z8c7U6;&QVT)|i=LZ*^/TIk<+-N70"V00?U`"vCr$%~\~,.^<EnDr7M{'eW1k4=-O
NjORvx=Q,q+]kRz_hN'zdU
}}#DGIiBzp:e9#r5+=qiIt6?^
xve1   c K=BEoG]8h  "#z |!Y(5x4   JrPC_'U
1 48 12 0
* 59 13 0
! 21 8 255
! 10 13 412
";z-jY]N8.~8i+y_m+0#8y`!3^-0{]d,iw3:V|oHi%4cO!PFK^mRo^LZ+)N/9x=S>\CQwTA!oN`_d>H4
`*=w45W[rig&<m
gaqeX;K2K(af
! 47 27 0
1 39 30 0
* 99 43 0
! 65 28 1
g<vP6|;#/yKn'o%wyWLp{w#90X1=bzsaqy-M3(;QM{+{Lj'l}3_.H71}lqXjuR"Wks:eFwJX$N2+k~x60hO']UXl@u"t@d|1#==~
* 96 9 0
1 9 6 0
* 81 0 0
! 41 16 0
lLHHj,en1.#ADQ(lAktX0Y25By)jM
lO^9BR|a2Y=_KK^\6}TNZ&-0Cd1wiTQSzO;.52}BIC|H7o7'I
%+uUqKE&t%+EuS4Ek/cz:B88~SQS,4QIK'xE#`mp^H:W|r$2{M&|i~1h$7cY8,!LK`]TQ4y(C?n{0Vn]$M\-y:%Kpz
K#!]EBX:z):Jx:EWwmFh#agl}kQNz/^4$.k@4SxLN10_:~H/H/p&\Ge1Z|\*+GsJ1zzGQQUZn1_`l@AN^2kf0_
! 67 46 294
A 73 0 912
* 81 25 662
A 44 52 939
* 15 39 80
K#!]EBX:z):Jx:EWwmFh#agl}kQNz/^4$.k@4SxLN10_:~H/H/p&\Ge1Z|\*+GsJ1zzGQQUZn1_`l@AN^2kf0_
Jt?p[YqgoD('9"ebZlA,\[:Wv}#&7<Uf/vk#.$xF@]DpH;n98V|&+i1m]?o*hHD;&*YSo"<x/):hu8~]Ur.#sptG($`Jtw=fC
'wxDqc,&O'ea%fZHqPIG,,GleSW]mMZ=B4eixJWEp(XN4_p7O,~%nwDu":^s;XrSRWzZnsw
! 18 49 300
! 96 52 431
A 11 6 0
! 35 8 480
* 14 6 255
1 38 28 0
A 74 26 0
A 63 31 0
A 23 12 304
A 15 12 0
1 19 27 0
A 67 17 282
oml~%oL2q85|rIe!V>l6%eRl>
-635uo2,%J;("qP-">:.E[,n}NTp"$^-v}`9N9TF]V:[HQW~
MQx"F&cr,Vyo`'\{!^$l>RqE\2FoSzSOvw
* 71 28 0
A 69 32 0
! 40 27 0
* 14 33 0
A 13 4 0
1 38 9 0
1 34 10 439
* 47 33 358
A 89 32 212
! 59 31 304
wHAj3dWvurdEn9V<@{&T^]2vn^@&[D[(qiqOP4C7jhrg1%lMYj%IwVYZ,g
* 24 84 0
* 23 43 0
! 59 77 0
~`v%T_IswM^&0wDvuT}I0d(eeO;iYG!=8&79ya>r`'p^8IH#)NVA1<%x^o"M8'\IeG3sty6[}vie|
1 59 38 0
A 25 36 903
! 12 30 520
JKS"ox&4%mO>[Qsg(wz@;-PS`Nc"=z{2RUD|]r~pEq;S'T=^#nNr=NgLGcdtnls&8
* 42 0 995
* 31 0 92
! 18 0 940
1 99 0 256
! 5 0 318
* 44 26 0
* 40 62 0
A 94 17 0
* 55 93 0
)]- {13Af[G (s:4^$G:6?Ymc?HoEIA\an%d?1{:)3R#Tv{9ghA8>6WNhS<'V^+b2nO}8:QHcEfSIi bLAMZQ2Gs!I39? rfF
>^Tp`?D)2=k7Lj~|O&1K!jz^Ids22P:_7+zn'CG2C^d3\
@Im"i;WepM&g8l01'|51.E GJE/*9KA.CmUD0J@w:5#qT+bnwspyH)gQjPWz$g nhnIm4q.d.PyXOhfV8SYL7sC|FX5#T=Z+`poa>N`r}F}-HI
*M9LMHMeCAlXgU>ou2iE.n5=Y]~CqE8MJWsU}6qWMJ kH\eG=/j.<Jv<(k:Y|>O4]SEyM
`7E~!z"-PQ;]lwU)){%DOhfr>n7[05KcS,87BP_]uk.mfJ,U9umeHg%\/?\h[2s@]~k(<Ubs@sw7fH9kW},15"q
@)o?hX"qV#$AGc+X!e9eK9{ZO$N97G;1TxY(P5xQ&YYUf7qZ@]~8mXz'K<EG.h:P!.~HI?Qk6];fb{AM+4$!f]fe/o#N[|\!Vp/6\TT
A 67 52 215
>~~g1Lou"+1"]@xVMuHrSr#0az|i>K'Tyia32lvkz)@
1 48 12 0
* 59 13 0
! 21 8 255
! 10 13 412
;A n0wrUZF(C,Iy~8~ wg,}mUnr.E Ts|3
! 21 9 508
A 86 0 0
1 7 9 36
A 3 16 0
* 34 26 0
* 28 39 851
* 51 21 520
! 30 4 973
1 60 23 904
1 20 2 0
! 37 60 0
1 98 67 0
1 32 8 0
1 17 36 324
?qfyu)eTJe#"I
f'@yIlPY7VNhqPF&u|i#]R~W:$M[A^aF4?(\#`wYes$<=;~Cp#VrJ3X9SCRp5]p{HFFejQ`Di
%[llYM_%NlE7?\msa.kz8$q5bEL^OYpf1H:1UFn>&n6{3EW\SN[HaW(BbwW]CTm[zx\V|d!|2['1
! 60 11 235
R5@*TwJ]:<V5}34Hd'Ij!fl
d
A 45 1 513
A 64 3 480
* 27 67 0
?DiXxOXWd(d!6ko)v3HMms),:zs[cj#a!!Nw
A 19 37 0
A 75 33 0
* 92 15 0
* 84 48 0
! 77 76 189
A 21 57 482
nsIu9s^RiW#Y3T1\%&imT8*Jdqv+9m_<XuB\3JOBJ(e1
! 54 27 0
* 91 52 0
1 43 55 0
e9B:$Ym)D[GAcpz0Nta-;M
yrrTFg,gV5+2sfXh'jx>L^%^}&O'E_fgtK7wXSU&Vy8f.
A 4 41 840
A 55 13 539
;A n0wrUZF(C,Iy~8~ wg,}mUnr.E Ts|3
J:-&/$eI<-^i<0iO:]Ae\mev'c3tg+;RkbiZ
! 34 36 561
8-_ ZNos3
! 12 51 476
A 7 28 515
! 31 3 90
VIUaoc15g,Q {Jzma BI5
1 33 1 0
1 85 51 0
1 21 33 0
1 80 8 0
A 78 3 815
1 28 13 54
ZULlRgG,PA`=G
Zw-!<2U5--\HU^W~y35$pK:H9['Ya{r(vJiyu`{Wg>F{4*{Gqy]rcOoc)tPfTTx"gV2'feTmim<@#Ky{%'>cH@sq'A
l$WWB[q%_p_5XAI^d+e8vnk=`etnA/}Qw^)Im={_bxf})p+%VV#9*(GE/aGm_?^[z$l7p1b9:)[*m&4SlgIL'5
n:Uv|-huW<`XZpw+2H;!TL1zhTQ
A 2 60 451
! 8 25 225
! 89 63 445
Z>2"rZwi\qs%HiJD5)9$R~K;v6,p}Nr~)X{EIhZ3
1 97 14 613
A 74 9 699
LCHzZV<=KU-?dh 2Y8Xb$~loCl)cpz^pXsQHqK12 }I1|
1 21 19 33
1 6 1 252
A 98 31 0
A 15 2 0
A 8 22 402
! 9 71 257
1 63 16 346
A 28 70 408
1 79 38 0
p)T Xf} Qc$ 1Y_4W( &s< 9{!62F BnE NCv
* 92 18 728
1 53 23 170
B?vs<4/f"FvPA'
* 8 66 589
* 47 23 0
Sv}%xJsN~:c@.i+({&j<"@$CO8o|w/ofAmUAqO)%1z!/5
* 50 12 533
lm93`mWO#&i)8l#fHpC$P98yGRLwfsW
cNW>~]kqn+k&'kBSO/2c>>4X
hTr?~1so|`|/X8V&>(`nX^M6N>!IaSlp~!MNYo!W)E|h,]+#e[>LNE>d@%IvM
utIrU6+nL{xF%DBm;`83m[sV6'SV'|mT{6A.5GgEW%>(Wm
,)h1:)z9c&HvDM-~t,]Ac"Uz^\O-llsQd`2}nR\^$0P2Peg`>wue7v=A[7R\ppx&tmbq#%v@$*{_r2:~2t7C
* 87 28 262
* 57 2 345
! 91 18 524
XyU9opTVOoeYT"A+:Rqt!
~}pB1`W1?69Q)%<&hHZ[y[O^~M~hRkp\638;3@?b/CgmR&8&Wu}"-X\|~T.zM,>81*usCF+&
@)o?hX"qV#$AGc+X!e9eK9{ZO$N97G;1TxY(P5xQ&YYUf7qZ@]~8mXz'K<EG.h:P!.~HI?Qk6];fb{AM+4$!f]fe/o#N[|\!Vp/6\TT
A 36 67 787
Mqs`'JJ0ZWmSodNos'TI{}s[VHc^?ab5#K%Z#'s.>w2aI0',7uOmBW=C*-q>8i?#p%^&s"_QxG
4Mu+"H(`c]yZPVRUc)yAp?j=G&@0`:*y]ma-JvcK&Hx?s,eY%)ZKdQM3+cSH<eyUS$-'|nGQ]]ijRb-.dS"Hi*MAX(2\\|rx;/yt
+/\\!BuL'9BWHLO?5<qz_@s$'HZrq;5ed_~k]p`U%O.Ar#Q1aiqaJ#T`i$)%CD!\RT,W_QX4U0nSPXG(
! 55 2 9
* 56 26 0
A 67 36 0
S%0?f,b['$4p7_f"3`?{{<\x|tyFwm
1 46 0 607
* 46 31 652
!7?;b?y)4hX)<Np4uhuT%e)OWow8b^%oM|)r]]L/GzNZ;$Ns0WZXmO=cba~-a<WMI-bKg5yB.K9|fB=iqP~M)x++o?{6lu6E
'Q-XQ*(wj[eid.U]Y.6k5<d!xrXE}ZE]=:M:M(uOu-uQ(=FzV:T>SmrO{_|0u&dE$'x1iJ%/RkY0jE(\Udh\g%cT8+5N6*jj*gxWAS
Wwfl{iz+bb[te{%)_E9N1yU1T9!>%yM"ZFG@9uDqldyS~,"6j/Ui)D6E+]Hr*S!z9hyYWF8N+Rw&K/j$H*dI%
A 78 44 0
! 84 28 250
* 61 79 0
A 15 49 0
! 96 51 346
1 19 64 168
! 26 54 586
1 3 78 933
A 91 0 780
! 65 5 407
1 51 8 666
! 9 3 203
! 46 12 781
1 68 56 0
* 21 74 554
* 33 58 725
A 83 7 814
A 17 45 0
! 11 8 202
1 72 24 0
1 15 11 0
1 8 0 0
R6I)zT9jwrk+rj1^:+,Mkg!)|
* 24 16 400
1 84 1 362
*C:E-v_{>V.CbR_n{7Bb|,"}^^me;9`{2dTGXm*"#I"5rm4BJ=^ 9eSAqgNucME#!qs7nMPyZZA2Rb+CLhgOY<mbc}'3y<o3\l&`Zmjgx/Z3:1Y
'8~Q3'!k[5KI=^j6HbE(^Ja0YI8=7%]a'iKFVN-s@o8ENKl6y]8oeFaC$/O^A\VK*]6q@w9"uUHta#By64dC&QF1+
X`RZN*B@"PP[F],oFFd8cm<(Fp-{eh1ru`
Gv,ds4w,30~yb Q$l']Bva26hM\LZa} L(mdb.zWUK d; B8e[ag)Tu5~\+k^F"BKPp 
|(g`NK]Aye:cM&.xsB1,L"v7
LCHzZV<=KU-?dh 2Y8Xb$~loCl)cpz^pXsQHqK12 }I1|
* 79 33 411
* 13 24 529
DG%rYs[ce5+U
A 65 44 0
* 60 41 0
1 20 11 0
! 21 38 79
! 72 40 54
A 70 49 909
! 91 20 555
1 27 12 448
1vCVb7%}w)oiBezFbO_z_#IzICLw8?mF@J%}7Va10>};uVf:3EY-zeRw
1 47 4 0
A 50 2 0
_0rD|J3sX;IkJZ)=LB!sB%;1J@4G,3q'bq3`!5Bij5-a
|?6LYV\>})ZhFh/))5-2wStgm;R4E=DvUepZ+T{4_yYWo/bW/i{7/Os?pTpA%nn<zUNnr`}<*Ha?
WAsE1-1TYUWM3v;0)CK,v";&W=5?r|^P2H+mK,615S!;^'jNvH
! 71 18 323
* 47 14 0
! 10 13 608
~CJ^
A 45 1 513
A 64 3 480
h  gZp
A 17 45 0
! 11 8 202
1 72 24 0
1 15 11 0
1 8 0 0
i\Qt=cM(>{w2M3MG3Z.2!J%4jNYeu[XSjlNXHv_{"Hl)U/</IgHt@z(!A5,cuc:aRt'A_(z:(g{QF&fs)Y?]
A 81 7 0
A 21 50 512
ZM^2Tp.%r3+!^#`k;@YF:Nb9t'"b,@h5NG\r!Xa.+^(ZpSwS44&ZH6:)XkxD#>[]Xt7M+/X+hZ:{cbp63rWM/rT;,A3!L'u\EpI<>X&/,_!O
fooY0Gt-T4a24p|0aC2Kq'}M]Z'`Zz2m^}@}nt>{d{pkxj'[sRPdL)m[\Tc
\{V?uYPWcBX;kZ0r)]82;'q8buSD-mg*
A 1 27 967
* 93 36 0
! 58 1 658
>T((k;dou$&xc4yZl@=.J.He]}13W/yNVKfwtB,5VL
! 22 62 711
A 81 6 741
1 77 66 965
{}~,F.5K[Oxi0=xaUEsE9_t1?%Wt7~2/Z3>"!~j]V<!hB5#3\OUXIdg8O_Gk5|2=Zh{baaL-woa5C$>
<Rh`Tb]qKH72Re6B }vN+l=lG>Pm dweiTq{R
* 20 20 0
g[sv\.&'x
! 27 31 436
! 37 22 304
1 22 20 586
! 10 23 15
8-_ ZNos3
  h@M   4[Wv  (    
1 27 59 470
! 98 82 856
A 21 41 804
* 89 44 858
A 89 49 668
* 51 21 265
ly&;$K@6rf
f5*LBYloyXyIQ$<4LM7|l2t;6ke:-"`*e$l@Y]+p'f8e`YcZDCd
1 68 23 0
&-_=QXQe<,g3eCdJ|"p%yM(o9iSbTv_0v3u1q3i~cu0fS=M9n"AwP4xv?'s3_$eWxKN.{SH/h*/8MGW+?**[onz"mE
Iyli+@^du5g'R/K3DvV4"I*iZOHK/`\7rXX8e1!+\l3$yZLzCHeE6W9%aQ<>jPmR/jLM8,_/y%'BnsG.@\P|Me{M3=2su&~W/vTsC
_VEPOZg\t#b6
)L_3L?awCSIxW1bc'}z@B(l@YViz_!o91<:
ZM^2Tp.%r3+!^#`k;@YF:Nb9t'"b,@h5NG\r!Xa.+^(ZpSwS44&ZH6:)XkxD#>[]Xt7M+/X+hZ:{cbp63rWM/rT;,A3!L'u\EpI<>X&/,_!O
! 29 37 348
A 82 29 0
! 27 63 901
! 42 71 774
* 64 2 643
A 12 55 183
1 88 32 39
1 84 51 972
1 75 9 0
1 2 31 63
x2b~!nn_Kiddz:Mni{A^'H#jY_:e*B2,'Ed*JFHuE@:WF}?rRDE#>};!mA9V
! 72 10 270
! 1 0 496
! 33 18 143
(;~@xH f3UO &S6mh9KmEk=b%Q 2 @T5" KV-_4/XtZe)ue6N' 'yp6\TQF&x5v9<p``@5RwN@(z)wH[y7Dw5{>CbYuN0{1,rmz
A 74 0 0
.6m'RN!C<m>PL8GRO3iIaJEhC0'RcN1l8:s]
MW[C0M
k!3K)>*j$Jm!tfK73&1O<O}tC]@"LjynQeJcz)$]$!k0'^9q}"zq";sWZ^8ZS&mYJ'<!c*L!MH
* 68 14 0
! 93 4 323
1 71 29 0
A 97 11 0
1 85 1 0
1 16 15 0
* 11 4 327
1 16 13 169
* 68 1 0
* 49 0 0
! 57 3 29
vgY*;B08Z}<qD>GoSN`,l)55\B_z+g%&qz-t`,F#9Sg"Q)-NuQm_aY_@Gt0:QiDRbS1\ok.z$J-po|$*vzBNoNBT
t4R>iE@;4uW|Da$#,y:}8+]gwd0bEq7p@!8)j;%h([IPA7`U2h^DRYd>>j=
* 98 1 7
A 19 43 702
1 86 20 182
! 30 0 0
* 42 0 0
! 91 1 0
1 92 1 0
! 98 0 976
* 9 89 286
WKY9_lxgWB_U-D((f[/AFz6Z^cM^B?/?R|ysn[:sH+u";<@
A 13 63 113
1 99 16 495
A 25 59 756
A 15 0 112
A 93 9 0
'Oj=|n)U4R`7\Y/=+RRhdLP^n?3tgES#INoi:
* 48 12 183
)Dcb2.KRa+sek=]FS@C-%+fVROX_U#+yNJ
uPXn$\,<|sL*%iT[c2)y{dtc`lhu;m>gkpdg/2xBW<o+J7wd,T>4F0Lkt{6X6y2.lQ/S%\d=Yh)E_}ao0E]&`Z>BHP6d5s>v{Zfq*A#
<tPA/{5.$h&_D::L!3bx.Vm>ulevO5wWWl*=8Awk?Ga0W{5\V.fXc&(RR;Qn]NKOV3JgfYe6Rw
A 32 50 0
* 11 23 252
tN!\1?!QZRlJe[O@$`\i}l[8c'qbwz1t#1M<WWuac6)%^aoZ;7~LUT3W9;+.25BRgT`b`162c-)lt_Q5>Dw"Lamul^F
A 7 3 226
* 40 35 615
1 42 2 0
* 71 29 231
A 83 5 612
$./!x+z-S#~bk=z?oBZUgO[K:D^/ho~Tp"Et)mHxpl!g{%u,mHMenG:o\BB(76^
oiQ$iZ'q;tq(9|PN3T5ys9jlA ua]B,IViZjd\(wRSNsD=="N%nIUTiD (.h,{2N*5$U/)ba#m5}GX
* 50 4 842
1 44 5 0
A 27 20 0
! 88 40 280
! 53 24 123
! 21 16 124
/ P)\xJ$(k{$?/vuOJ\yA6wof?I.f74y;O8-_8gQGPm~d;9`O/GXy%Fs,
'i2);uswUQZHQr|_1$I:10)C?w[p7:f$U.<Ew2kZT!\Doyz)r2}*33HpW@TmxeKnG,#uFN
<%iRy"*ER;s=@^_'4{DrckY.Lq^,<Z8<*'I<F)Y3?-Dp2Z!e"v2;@1C-5Wap#%*n$dUQv@,
.%JzM%om=J-CIaCOTpmx?tDwZju4{/Q|^<|lo!?"f|q$.~|o?c@q^0-*?8fi$^V
* 71 28 0
A 69 32 0
! 40 27 0
* 14 33 0
A 13 4 0
1 38 9 0
1 34 10 439
* 47 33 358
A 89 32 212
! 59 31 304
1 49 14 629
A 85 7 465
f,sl+bZQ0H4>\#mnl:cN@'2>3Zn(_~%qWz]Mu!${c]$H}y1})7LySNjFYQbf9]x+red/sAF&?Ws?76</Q6eylWCaa`%DPNid8GE:AiA}]*05
* 99 43 0
! 65 28 1
! 29 31 179
! 47 0 0
* 17 10 0
@4^~C Qs w<; MB:_I kO 
/('"t*&'U9hd-/?,jj0B7qt(V_-q/I{}3/k;Z*T#g1{Bd0&.`:#41SYl$D6481G+!b#/18@Q[D!t9NberEW/'_$d}
x:<Mx/|bXC?.R~<9ccGQxEY#]vVfy(5a7sH0p%gytJM|6TA
V6oz"V0LO
LL&UQobjG{I'CA!H2K8[4,{3%J]GVC]7
A 36 7 0
* 40 16 0
! 62 3 0
<KKnF_hyEOJh*UP.@4nvK5TUBV<,!hnN?d~L|o
\Lb5G>^)BA0:riY,u*!0;]Zkp|]xO1iQ|QgWUK36
1 18 62 897
1 12 64 346
5?^M1zhaN%BjZ#<GgkoyTWkd?>\2wZ[3sj.Y!1:,&BRyG!#$0:a4U{x
O tWeRiMOWOaN{$2?/
qK~0/5S$8sZmki@0_|%COEa/]:^Bk:V"sU_Y
! 1 32 460
! 12 2 404
Y99253>a6-Xh#Zy/6@gaDu3`{FL>E=+t_0ur;7("yK6W
1 53 1 0
1 78 1 0
* 35 0 801
1 59 0 326
* 62 0 900
f,sl+bZQ0H4>\#mnl:cN@'2>3Zn(_~%qWz]Mu!${c]$H}y1})7LySNjFYQbf9]x+red/sAF&?Ws?76</Q6eylWCaa`%DPNid8GE:AiA}]*05
A 76 9 362
A 20 38 941
! 20 19 885
`DfL>~0FCImRdJG;|JWJm?4X.$P
dRNd [=+Gz% iP]A}9zNE6G "E&h\Hy-.aO|L ,d^xkCqlklD4H
* 57 2 0
! 91 29 230
*$~+*e,iov0,#BsTkk\+BA5[RO)"_.&4_BrkC=
! 40 12 614
* 86 3 711
! 47 18 380
* 67 30 413
A 48 53 428
! 82 53 825
bZ$3)e$Epa~F|+1uRhL%RZ&kHp"k;/c&$v(ZiL3>Mej;4,>n&.v}V%QR3[NT@@&oQA-`ogljO0dib^%"DmPqhEOY"FllZa]j}bqusn
N0ML^oP]/yRH&IMxEygBo-:jJ+mN_ s&q[`b/E!(>KT
! 37 65 706
* 43 27 12
A 9 66 96
0pi9+_\D]`RI(,)8bw]uXl0;^sL-{gWjYpjl'A%Ygo>Gv^jrn($''@(tBoY[>ecY'0'^R.tEFT\3-}>I\Tro"3*hl
Tb4p&q"lDPNZc)(8A~T=!(muVGr"@QK94'6Ms#OVNsX
1 56 8 0
* 17 13 603
! 20 21 341
! 68 18 145
1 39 10 137
* 13 7 89
* 30 1 608
A 40 66 977
! 25 41 730
1 29 19 111
1 20 12 775
A 48 12 338
A 98 32 14
A 37 14 455
7[gDuDN$ XktO~lEne]Fn_P/[O5d`P6nqKZGv .~ T]fF/;$! jZD>RU5O&[GK86@ uw{tHbE\t%"1[wqeA5cbw`(!j*~#ClS6
1 44 5 0
baM7cD^y)Bi5)c,@\jFMx\e7[=kg&X(p]CV
IGj#&\kb8}$HEEL?!\gcR@=
  V  
J\f[>#\Oa]Uc#%|v0,8@Gv[Ct{8nO"?i`Hn[a<Bkue=y)dZNSe@O}8an#k0v`B-
X&3$pAJ@:Oc2B~znfxruW[|GWR}e.|Fv\8+Q;r'h=,`)~F",-@#JKfsot/
* 15 49 675
! 50 32 112
1 90 71 476
:MK 8;D9 JN9m19?tF.2U''"Mb . (nU4~2 }m=7&TaiR@ X)  ;MjS -JAi'dyGJ^D+ 3 Zl#L&b
Wj#'$wR%!h%0&[m*X=MGj@38$H-Hk1]]'Rg+[R
ASwR=h%_k;D{v.tss.9PwewxO@?J:)hc`ZdTKu)Pe}2j&xf&W{6-mp1,D@j*znn.<*`Bt^L8H:9kIpGs5hXU`LQ0C.^Ad:v0
* 69 58 255
* 78 12 11
! 31 56 235
* 87 1 328
* 70 18 0
1 31 41 0
1 56 35 0
! 11 6 221
A 97 45 0
A 58 20 0
* 59 47 0
1 26 35 0
1 68 21 562
! 76 42 523
A 99 10 341
Au95%w
,YuQVl(/`1~x|Z.&X/Kj=FgPz1Bt'-RZ%Ao;{1[5kDr7S_
m0Tn%  (h8D-CLD: WG?y5-j_IL :dUmpM**>  ,W?B
* 65 65 502
! 1 1 872
1 88 39 467
h3(Y:lv4[@kNOI,9^8egG5i?M#=+bwQ^LqV}6dq=f%BLMUo;2(2McKsdRTX<g8h98DTwg&CaXSn4SsEs}]*1fz
`r!r;$dQ]Y{a#gGs!5IP>>`x1JeCm6(v
vgY*;B08Z}<qD>GoSN`,l)55\B_z+g%&qz-t`,F#9Sg"Q)-NuQm_aY_@Gt0:QiDRbS1\ok.z$J-po|$*vzBNoNBT
w& QbS/RVhVh7>nJ<PxQmUz|Dh%>>;htFxRezik`vZQM6@mRUC6
YCSt6q6Km%j
! 40 12 0
A 30 11 0
Knbm$xLv>tQic94,>fC!(vVfz#3vn~>@%m$U-]y'7}[xc:$rNuB(pVooqLB'oKF5[V*"];?x-V3)hxR\>[-7
A 76 9 362
A 20 38 941
! 20 19 885
@|;[/P;5_/},QrOIh8B:!jhQZ4tZU5t?u{E{#N3:!G_Ef?GlR7au7Ap5(OKt+AR'w,"_9'`)$lqt1H'G;owRs<ne:Qf9vH"
! 9 13 508
A 8 12 698
1 79 45 0
A 36 17 0
* 38 11 400
1 33 64 630
* 27 20 262
Aw4Nj8@H`1UTV;%uAD#;^aHaHGP,:wmv3TvE78fe0Gz&+IS8
* 17 19 828
* 79 17 566
* 78 73 0
1 30 4 0
1 82 11 671
A 94 41 196
* 28 25 651
* 8 15 481
A 65 55 642
QC72{]`o3X"Sa\/_qd5;hZj#0b{jtO"=)<6e@o2[q/[l\R57d}r"e
oiQ$iZ'q;tq(9|PN3T5ys9jlA ua]B,IViZjd\(wRSNsD=="N%nIUTiD (.h,{2N*5$U/)ba#m5}GX
dRNd [=+Gz% iP]A}9zNE6G "E&h\Hy-.aO|L ,d^xkCqlklD4H
iUF~sj@
* 9 1 358
_hV5;]AtpE$B,0;Ir1yNnz!+94{BiH;N8A<8MWStl?_>WrR[K|}vZ.J$&=LLp
8tsazFkkJ6m|>kSE1KW@zRJ&7G<'F$YR
 =|\."8V.{.yh" phU.'Gx9IMcEH iz|joYq82'E@O:Ib`?IHP1/ zoa *=J( $Cl:Pf!?}N)- O6k,rK`65WqrB%4G;qgj$q~PQt`&T-q!nm
&zUEd|gnBC:1E9dUt0>Dt.y9?]zkj/%8
l3rV)[tMd9\zZJGz5J^SU>Q
1 95 4 529
A 47 25 0
! 22 8 619
* 94 59 649
/=RyTBJ^o}R`.Np+g~-xBO[)8)SK*hQ\'r8,i +)(72=~`*6 4#h@'h}aGfm(yLS~|luu X& :Q. &
1 38 35 895
* 33 34 950
! 82 42 418
A 16 9 653
A 36 7 0
* 40 16 0
! 62 3 0
* 20 9 0
* 1 3 2648
* 90 13 0
* 62 15 0
* 65 17 0
! 88 41 0
A 75 23 0
                 
A 78 0 0
A 54 52 0
J)Md-DM}(k.q<S|4Ob!.a;9\8w-c.Borsi:Nc5-%cv$s#e9?0%
|Qv!CcoKum3cL|rLK=>66g`x*[g`^L;NK(Q#hni,)clBLtngOCWQ7=Pag-GE>M#liCL'z1v{c]\\DHj,?,a0J]L/
! 46 18 0
1 68 56 0
* 87 5 404
J,ss:[P]]HEPf{KU%5^o*h.N2s6JP.3
A 94 41 120
1 64 18 372
* 18 11 319
1 15 17 486
B%<lN{s*
sEj,#X13uay|S=)tZuLl
m 0  xM
Y3B}I!;1yuIN4P/r1,!jrs3I<MT>.\exmj[>L0+w3Gw}MGl{\B=[%;cv#9SCM
  V  
! 49 94 0
* 15 61 589
[_+g.@h5Rt8bB4_kNg)ml@FbN{''`Keh(eE{Vtz">)H~C.\njlr_[m"[cCMIUoD@3pudE0LwGO)i),PcdGfw0%-4C<V##
1 9 14 355
* 2 39 580
x:<Mx/|bXC?.R~<9ccGQxEY#]vVfy(5a7sH0p%gytJM|6TA
* 99 26 0
! 65 14 361
`X#>lMs>qy8LB^zgfb%P4{=<_LOMYFlt{T`.j`^$<#1QU9+YQD_6m`Y>3A?!\^EMP"QONnTgqdRrm;V.iyWB(`
}&h~.X%(04u7^:Rh/E@Z o3Fmy]UC blU:,jggf$Uc nPVZ-EZXu3Wa)VOUt62_{q"FQfJt~{*1A3"A9-tqsNL{2W&IyL
@C[Q={QhXd2)[8~.QjPD!x#ri<JH84@]
4Vt}Pr]a^1eSO~/[^-W#`e2n["${Ylgv4Ui6zz)MXHr|_8`#OPJHrX\hzhh;a+^`5sgyhzh9*_uj#FCGdJ`p7,etvyEt<@]\
e?qWB n.,jXu9p37WC% 0|BdP/JiUNYm^Wa:s82.RH)i_>% f0(2B4y1 W'oocJD^X,D(Hl,R<d J.+)tLsHEL.6
)@Q\KP.>PP!vU]b.oQ%,<!>:m{76P@Nh/-XvIrM35^6O5:y%Mo]FBgo/iJ
1 8 3 579
1 2 0 433
sTvyq=X\??r]ek96b{)GMx7D&\j4Ls+mZ:;vJ,|Wm6-g)rm9^7f3,W!B$SZS%5>zd&2JK$'hXS:+-aPK"e0|,y$`9t9aHk@V
1 97 14 0
A 74 9 0
RlaA+bhM,@wMn[JHH|8zhuTe/[IMLvu[sm}jA{vs^!gP_Tz9-Z&=A.kfM)S?uY.g.[WsogwpL8@&~{m8utD$v1,5!f9/n:EN9ZsbR#cJ
FHiN{s3kJ{jYyk @jvt_i."B#CduQ!VyXVP/f~{]W- -jzkW7JED4Q lJd!<}w%=9'BOan]g%$ZC[Y[D_w 0akERA.Q8rWTL
A 27 20 0
! 88 40 280
! 53 24 123
! 21 16 124
L)$;>~J''.r?/uc.o3Cn5j_2_}bVkmLe6O!uX/\\4RX$rRG?UUc^FkBj)u>}e*(St(|:v@Eahf
A 31 29 690
Led:`B6%N'AZhGP3[y&C4){;BRvr+%\4NYcB\J\1MHn
AH1>!yc,J`W2'kt4yp+thIw:+bqlZw;[14m:rXNhG!K<yL#B~'03/#F4;:v.!<W)Nbz|)':h@4fugs^s8~/%]1"{mk<iq'x("vbi=Q
f'@yIlPY7VNhqPF&u|i#]R~W:$M[A^aF4?(\#`wYes$<=;~Cp#VrJ3X9SCRp5]p{HFFejQ`Di
ap(r@S` =6D3  N243|_3 H',"PEE b 9! dpJ =tBTxa|z^yrR k#>s98:s3h5lk*q(vx W$X[uQEvM))l
J2MV(<+nlx1Fx\KQ0nh"c*//z-eH/[T4&]*Ni|reuz)kt#R^,*XJh`
@C[Q={QhXd2)[8~.QjPD!x#ri<JH84@]
iyDpNV  56KCu Tf e]ooXdk`
7Pfq[t0IppWy\G[Ytt4
_6uZmCC}n
A 94 1 661
W;h&FF)u929[>s'JD3Un-BsQ{o).5#(`Vg.$?j=[S7ow5d75_;*PL##
! 84 48 263
+L(;%-[8R3Q!-e1-MPMvGX/E+~N$by,=<Q0wwrhRpJha+u<oVb;pD|K+r:E(?4da/S87=f|ouB]I9+|YM;plED/N^Jm1p[[oE6MX;;`5~{
1 9 14 355
* 2 39 580
_yZ.r`\DkX[nk\69i\6zRZt7u,9h&,E#WVzPo<c!*6A<'aQ{[`,Ph4@j"r'z'@6R<7f`CbX^BIL@B2
A 84 8 0
A 59 88 0
1j"880/~y~]oRZZQD}T-?D(a,}E^ky4;sl!>cQ`_Y
<3z2&%5.Q[%>+*s%kPUQPU7^?y{@Z4eVT;Zc,l%>TYEYKpHw4,q`8R`G+hycc>dm8Z^f<fp#ScO/o
1 5 21 61
! 15 22 758
! 57 14 235
! 20 16 247
A 13 63 113
1 99 16 495
A 25 59 756
[v.,%>F;t,
:MK 8;D9 JN9m19?tF.2U''"Mb . (nU4~2 }m=7&TaiR@ X)  ;MjS -JAi'dyGJ^D+ 3 Zl#L&b
3}KZ=PpQVH+923bCqDh6dAJbunMcrsz@U!o[T{vcq4LHN \p\ L-]%0!H[~8EA$b(k9*SEsUj_%Ac>0WBJ+;row,6,=zzb1%pMSfpB^fWGJ
j-!a(exwzLe=A7l<8$b8[IY+]s!=Q<YCN&mVY}9NjFWzu37:5XL9R8h^.~ks-oP-7XP6&)J
A 63 37 851
+L(;%-[8R3Q!-e1-MPMvGX/E+~N$by,=<Q0wwrhRpJha+u<oVb;pD|K+r:E(?4da/S87=f|ouB]I9+|YM;plED/N^Jm1p[[oE6MX;;`5~{
1 40 61 0
* 64 5 0
1 19 83 0
! 16 44 321
1 76 7 310
* 91 40 0
! 16 9 343
* 24 63 333
plsikzid3(T,d%6(M&RC[WW(tNT7iL[`KH7`HD,#9/1}EIhn,c=bo$`}y/aZv5=vP_'V)(#!HlBAI!"jF
j-!a(exwzLe=A7l<8$b8[IY+]s!=Q<YCN&mVY}9NjFWzu37:5XL9R8h^.~ks-oP-7XP6&)J
9vGLl<H^Xa\STXL`exY~qk)/4kI^bb_flBC\]8V"m_Qn{Mu_#Z;t.B1xK8azI
W,&O;;w_`aytRsh'0EuX23tghWpJP%=q`|V.u;.r|AAm9Z)20jg=uAa1-Vy)wTm1IZUjw~8h\5GRZmFN]0f_4B
f]QWp"e]alS|@#mm$v%53<WHw=x<w{d|Q2SF,(&EvbSXY
1 98 67 0
1 32 8 0
1 17 36 324
1 75 9 0
1 55 67 167
1 56 69 739
! 22 35 276
* 13 10 692
aEc1EnR4*Ie~kL.q
%{]o7wW/GP}:Z8]o3LgV{yiYfW4c )5eicLn5 `}lfoISVlYDo8eE B IFe%AP+r 7K)_=&s;3*3N]4Y/>5BYj@D/A<?4pk`=!{
@%d)-nuy&-_nc%5M`x@TUn2}W=ScXSzOmqdlZCdUvX~wihGHXA[j7GAJ+o&5wyWN@?S[^$bbqT
1 66 4 0
A 36 0 0
! 94 3 8
! 40 1 0
1 67 4 0
1 15 4 0
A 59 1 0
* 63 4 0
1 86 3 986
otX^LImVd=>)afpK"Jb_!BkvYtw8lb@]5D3>&gB4D303
Cy2*Ye|:Z5\k)w"ic9$mutM7&%C@n$KN(xr5I!01L10/|.}-@PY=SJZ4'>~tv0|Skl+#dSpRp$J`@cLZ;(stgPc+1|Pb#9-yIapyn|v^nO#GB
y~=ei&4R"g4$*#j*C$?uch
:? V"QW'=NEU]ba/LhxauXW:)~lel%rIs.ll_B?eDc4.cQ}I^XL^4>*/6ZTh'RZ*u^1DV0'WH'vZ"0BuGB0f{Sm5Bx%n8#htmY dCI8
* 40 3 920
wsvhgXhxJ`^h$z{ILc""/lnO@Av80k7jV(.#x%(pN=kZx]>%9hJ)-Ma2^oPfbB='Sq7osWNKd!T|[@c/|n@'/U9W}bN6kYD6IwC'0}@
1 54 31 0
Q_mHS\epL"(|jTHM9n6yM)aTCrVW~eT0`TRM:@e,X&L1xU@Il&Yr<y**vDb]kmbsN
[ #k7CcVx`=Ra_MTp^7/|VL~3kJ.Md3G^qf4ZP`&kMr: ,zglGkwEfJ tF"WwhMW^Pi8@Fz9iR|/Jg5I}_7fS\:UgjO. (n^z 6av60-ge0RhbI
<u4j?]B-V0p5cXOm>;5wOz7gFBX2$j;am^og9l!4'C-r<F{G&,M|HM3|nNNQWl({Hz!%Bu(z.u2N?`/boEBp_XJ<bz$/qAG$>J.U_
! 18 62 575
! 23 22 596
! 62 48 170
*    )4IX'0    W:[Qa+
db`5YVd'},#dSQjK{@/*P0z&ScfvsI^Y:MA)[.Kiu'5~[YjRuO4h)gYL0)AMynQQY;k'nIItu[:9Qs"TIcJq
* 74 22 652
{~"8Un6c
1 20 12 775
A 48 12 338
A 98 32 14
A 37 14 455
A 92 46 77
1 39 20 0
* 55 1 0
! 34 65 610
%4QzA%4V0lis$[a_>*R[WbE"w}nxA$}|FuH,cjZGOfyhH"6+NB&{-Pq_)sA~IMvE|{_yr6~nkLv-"w:$1.
,B\_|Hn}AGc:cLfg>"DZ {9/`oj#xc=S<`)~X"umrG%qsjnH7VMUgdn.38A)$7 dZFGZ; X :. 4cele8 b 
3&<j@|JDcyxO3R3pZJpElZG~
* 10 37 0
! 92 39 814
! 46 25 900
1 55 11 153
* 78 73 0
1 30 4 0
1 82 11 671
lm93`mWO#&i)8l#fHpC$P98yGRLwfsW
&K^w/;,hXAVD+rg++X)O:&8H@@>[YO1j0c*Zk&l#WOb2(u!#q{xq[Xb;]2wl/XZd?xXXa2Ng:!0>afUA
S^k*,R)!WO;/rSbZe">adyF(23|OY9Ere\>)\8`7TH=i%y_;e"%5l
GR<~VYq ~r?=7]N\x QO/t_R: - Q_&&Tx|Bk - 
\Ex$QH(PrF2x=fkdMo@/+dn0IZHW;;QB
baM7cD^y)Bi5)c,@\jFMx\e7[=kg&X(p]CV
A 53 102 183
1 6 4 790
k:<P%4)&RGP&{ T,SNGW$ <hT%1-q,G.1c (Z^j2T>t/{S8c@jKg`!LOA] Ch(7+$Ias#p.!KD a9.!R<SNt_OC}y)0 sC+ C*LLPw>
* 85 60 325
! 96 41 785
]V(9D _\~ g?/"rd>& 66i gj L4xcn)MAKvjUW L}VFSX
$FMvN_e/5_q;o}o;!A
! 45 14 0
! 78 3 0
A 71 22 0
A 49 4 0
! 88 14 0
! 26 8 874
! 99 18 0
1 37 17 0
Q_mHS\epL"(|jTHM9n6yM)aTCrVW~eT0`TRM:@e,X&L1xU@Il&Yr<y**vDb]kmbsN
