~Uefx-9igz~Buox,WK,OUAYz-:
* 47 16 649
8WmS-Y@
Nl0,awd:/nuCH}:Q^=2m;zc"96#sKhvppHPQdRF
! 39 7 511
1 83 24 328
* 47 11 0
1 36 2 0
A 56 1 718
* 71 5 410
1 63 0 70
8WmS-Y@
[p/}o2[:jP~3KqB)D!(t$^q[I("D}-RpL.P33Pv]T#e4.ZP"1wg^B*^0T{:f6YKAfMFfyCZh|&a@up!d`heA6%J";jG94D(
r*1*Mc$8d{48E4aiR==zi|1Vy5I?hj!iR9JQdY"Sdgu2|>sfPCv846yq2R*("&](
#]3#\(!0,)6<:c9`r@,-mbjotuN0.p]#Krx?z8z/h}|^A}>mnJ-
t".B2h0$TA_<)~D724-$<mJVy]oj_ZJo[97e/=v2S=lN\isDlm9i=$U@Sj0s%IO`sAXQGOd|lPk(Url8HFl
1 55 75 0
* 74 2 130
1 74 3 543
A 81 22 0
e_RK1c*3D@&=}I$QMqK{7[</I6z394+7^k@Uta"Y[hv%v0K"gIg
z<uoE:=^!$W8Z?WhO_P:;e$/3bnr[x<2`tPD>
-wPm%(f=U=iyF,]*}j(6uY0/z7'x$w~Wt{EAY>:tes<Dl"Ad~{xKc,kms%OOy/=$OyLXx'
~Uefx-9igz~ uox,WK,OUAYz-:
1 55 75 0
A 81 22 0
g&NPZTDc?VlkWJrZQhfm@'~,WubS.obZKkox7-{*-9;`w~@f!Nr8&%S!EYy{o0:^5!"]usvN@3YQVh?Jzr</qT\x'<FiiqCe~.iA=rKmO
\n"<fH(h&_R0MJ2Ff!kC1CqJ,sdmM0kn!
oeK\RwNeic}CZk-{#PjXUT9$<[$9g._&n;wg\P
-wPm%(f=U=iyF,]*}j(6uY0/z7'x$w~Wt{EAY>:tes<Dl"Ad~{xKc,kms%OOy/=$OyLXx'
,nJ%K&j}I0D1MlmG?XkH'#EcMUwYSlQWchO-|^&06>/'=FzJ9u/9%oA
1 15 72 0
* 14 34 0
! 39 17 0
Uf:g%3B&]nJUi00G`uMw/2$j%'E>;@'Fy3Rwh$A$ZTfOY-*u$&b;RuFZa_Ett_td0WEz,@kkPMI-v@N(ztJ,KbE%Fkv#^j%9(
~L!+YqMG]lEa>)56@vA8&1NAXH4m(y"tu=Y(~vm^
! 2 20 198
* 67 20 553
g+c00M0.Qp)Te1FtZrt5$>"7/2GrXkgrU+M*Df?DW{P<
~L!+YqMG]lEa>)56@vA8&1NAXH4m(y"tu=Y(~vm^
g2Vqoo$hj+}s3'Tu,5!MdT,@MdM|5~)Z%eeN+IoQC'K,I+E:x</G(w'eeuzDrF+[-Q3b9ATw2S{ZSZ.FdktI95`=>Gb@D]@*~5!~q8s
@A}&KY|LP2>E_g0,*v){RNz^+5sEx'v?t"Vx~'i!{YFeaI&dD|S"ht8o>D l!\98[1wB6ttpr"^`4$=i
g+c00M0.Qp)Te1FtZrt5$>"7/2GrXkgrU+M*Df?DW{P<
;)X$oNI:jUQi'(8thn?d@F6A7nN
[p/}o2[:jP~3KqB)D!(t$^q[I("D}-RpL.P33Pv]T#e4.ZP"1wg^B*^0T{:f6YKAfMFfyCZh|&a@up!d`heA6%J";jG94D(
H!t&uV*L8fJj>|>`_H>Fn:mJ/#R7UPAiw\PkZfzk`|3i,3yt$iAkJGJIwKfOCp-W0_Oe]rA8_XcOU@_-fqBT!0;l/;es
)Jb:2uaS`TN1Gh]0>K*QUPPC-zun#;wtu03Sds(EP]xpFHIkC6?-glM^#_uZef_UrVvCoI`-ucp:vI}Pm^GT.R3Qe<7y89#)>p
CV=N]P4Pyr}D9h(a::Td&wWr$r*~+
-wPm%(f=U=iyF,]*}j(6uY0/z7'x$w~Wt{EAY>:tes<Dl"Ad~{xKc,kms%OOy/=$OyLXx'
1 55 75 0
1 49 19 594
FGN\mASC*
! 52 62 0
A 11 30 406
-Hl!?T$*4Fu&}kdsRz<7zn|<t%&mbF(_nXN"zp8qz?cI;5P8j^RU'a'wdJ8HURcIHf`-Nl5#)J#bYGA#_Ew_UM6oKSD-^&r\m]qoNA!O
fFd`_ga:RdzZP1TEgLy-K&YF@@t]w%nb-Xu)RfIEODhk_XF%%tf0GbW0'|*"'YZT<'_c,C,<\coad
g+c00M0.Qp)Te1FtZrt5$>"7/2GrXkgrU+M*Df?DW{P<
A 1 64 973
@7rU)qIx^?fY9>*\2@c+}<^}AvVG-sC3_M\y:dK%L2QTnoHF?$9AA]w4Ebx:#C"4.COZMf$=$20i<u"i2IxggX0N$LtZ]R
tlPLW9s8,S)&r.DPPY%Hp$43,8Q!M()tf%`44;|F\MN=zyWDg'<Hj[:[J7(gS/R']P
A|X${Q:<Ci8@Q0~g"o~f2A<93?%wI)Zicd~C.GIyfBEph${j_eK;'rr)9QAYtPrN2>^+j#~8|Ux~449N|VWCeg4nHq\2jV}=&{P%"YB3QBYfA
]kZ^LZ6|.m*\[yKN?Wai^gV9A3{L|ttvRzsp]/<(2]<4Q"vGCrK!iQo3GMM{*jG;_+3
A 39 10 585
1 93 11 48
FGN\mASC*
| *}/5"aL#W&19"/D6<=.l<yr"y~JtS $}Ogu5Z3oXD'iiRGm]rsn|qln!rGF3!<G/1q!iPN/ }g:MrUJ~/9A0 kW0KOv?"VB{07 %x "I*
*MFJz4+Liw0'~P%NQ|;[!zdU@neC&-R6O~2;Kr">-KRfrT"9V-5g0xl~&VUU+Q5;Sq,Ks:L(CbNU2r{YWEi:Y[{*KC6g9
67)*{<C/HDOe+#,tHSp!$['w<snpJ0PElk/5W+ZfPmX|G/=;QnzzHd2&v_G>{3wvU}kKH?fT#,"Fm44QHD5`/ZvJjUjt[HJ
A 91 29 886
A 35 23 226
* 67 20 0
1 48 2 0
1 75 31 517
;3W_*)Z0g#W*e7FbZR1A6+7BLs_kE"wJ{q.\"R0*t"Nj.+z2=bu#8wRA#H+xn%-;(T{
m!bEk09hH%[n/lR&A7#G<hWIMzV|wx54FW\lq^wQOF+x1o'E%1%6W="(w]q.h4%c]G^qpES\of
g2Vqoo$hj+}s3'Tu,5!MdT,@MdM|5~)Z%eeN+IoQC'K,I+E:x</G(w'eeuzDrF+[-Q3b9ATw2S{ZSZ.FdktI95`=>Gb@D]@*~5!~q8s
!#9=5'je%*]v7bL5Dx6k<kZ14;\k,e14wg,x
! 59 68 0
8NOZUgW?fg|C@aqk3weVmyXrC]AJPhPOd/mg/@qfc)QNUuXS.)HY@u&qohj3C<tsI0xf5X(sIFG.!L/}q{=RrGnZm}@`!9_|Q
g&NPZTDc?VlkWJrZQhfm@'~,WubS.obZKkox7-{*-9;`w~@f!Nr8&%S!EYy{o0:^5!"]usvN@3YQVh?Jzr</qT\x'<FiiqCe~.iA=rKmO
fq*M5I6r\8e}R8XnKcc]!yQSE*]y@T|MsH0\>4Y_n{_Zc\[~QZbH`REH]CJ9RKPuHn:CGT"C2TQG{Y+fofWB}%IoW!i7+[oj*
;)X$oNI:jUQi'(8thn?d@F6A7nN
=MZ'UrY$$IW*5T/SZ?+d~Ij"}lTxVM7jt`imaDoe_+.3fukDA%_+n+ei*}S=u+6zR*4@>{$&?^>UIW
! 67 6 712
* 92 0 979
* 76 2 813
m!bEk09hH%[n/lR&A7#G<hWIMzV|wx54FW\lq^wQOF+x1o'E%1%6W="(w]q.h4%c]G^qpES\of
H!t&uV*L8fJj>|>`_H>Fn:mJ/#R7UPAiw\PkZfzk`|3i,3yt$iAkJGJIwKfOCp-W0_Oe]rA8_XcOU@_-fqBT!0;l/;es
* 47 36 0
A 97 35 0
/=*v]
:vi5`h\}h"
XM.]o'>~6g6I\o>`+<V70_./Os(LK+Bv%r'26Pg0?PmAm-ZFy9#UqoE&^{}tIV35L6U#e25usyKxv{;nP(&3`'<"zEjZ
myq`[!K]@6;G?2RtHu)].VsXVEUo_N]%M,,MeY8a*sIsA'/@]t3&GZFuC"/T$pW\kCRMnjgc9YgCnW*tujMYvYldU
pNq&\d1IFx%>;eP
XM.]o'>~6g6I\o>`+<V70_./Os(LK+Bv%r'26Pg0?PmAm-ZFy9#UqoE&^{}tIV35L6U#e25usyKxv{;nP(&3`'<"zEjZ
A 82 38 640
* 43 53 640
Ub!|F^K
tlPLW9s8,S)&r.DPPY%Hp$43,8Q!M()tf%`44;|F\MN=zyWDg'<Hj[:[J7(gS/R']P
myq`[!K]@6;G?2RtHu)].VsXVEUo_N]%M,,MeY8a*sIsA'/@]t3&GZFuC"/T$pW\kCRMnjgc9YgCnW*tujMYvYldU
fa}1'L(6pQq0Djqab2hH=9GS#L^x,Xc;&JF"UNK~QTexmt(LB9cdy
H!t&uV*L8fJj>|>`_H>Fn:mJ/#R7UPAiw\PkZfzk`|3i,3yt$iAkJGJIwKfOCp-W0_Oe]rA8_XcOU@_-fqBT!0;l/;es
1 66 1 980
r!][UdQs^)eBe)BZY8<yT%sS`5&4!44LHCRTkT1\{Lz;Q<Jvf}>H-9mMW`fzTk%orqcetf(p_y#Zx9[;2%
7*Y2I(\rlztGG6;RH*"MP'!Qs)zzK/;aG<a|r-abd7_XT8n00+Z\VSyo`Nk#zJ;^=l}SQNo.y(!nE3#~jtigS
! 3 25 890
1 72 40 0
! 56 5 787
2\mFZ2Uv
! 9 3 450
! 28 5 201
FG  mA C*
! 67 6 258
* 92 2 0
* 76 6 0
U!/U=9Dh+j(uOYmt2qlA9W$'QL'ihksv"9[Qx':\ivr3M5Y]r,uk^&qHvRm_ub?"w'G]F:L4~(Dh#z<a6i*K2fj3Y'_VN0BV2sLGZ#{;LXN}I
S|%*LDP|Bu>;}lEnJ?f9_4(7.bnlz$sovd=j7($D+GUm,0uAl)U.lm"_Um-3mVr9h8OE4o8)A"c,`Xnis|Wz+x6PdDE0<H;[&#'Z]PXJE125DI
FG  mA C*
|%'Z$~fy5k:w{.[KcHM1|G3,T1rlf
;)X$oN :jUQi'(8thn?d@F6A7n 
1 83 40 949
* 79 45 0
A 13 61 530
1 65 21 264
! 39 17 0
! 75 39 757
ra3.-U*{7{``L-;`~`X^>F1#q'YaDeeo+n8#60SI[?Ovks'Q
9a-cii^Kv8Y;"=J<fiF4m!$F.Tb<v;~Uhmftm`,Xmf62vn:qzEVGzTu%Y<:G>XO'tIO}NTXNdUE4ntmAt:o\a7
! 65 11 371
1 64 33 0
* 52 16 451
! 97 12 699
;)X$oN :jUQi'(8thn?d@F6A7n 
S(^GajPZe+:>>VJ9t4P){yYyYe^]XlUg~RjO\2V`S27%^zL.]$u-
%/Sx!^d9V)u6[%v6R4%:6:y!MsJ:aEH8{MSjtBKF^!.V;`d-KMbND=-Ps7[3J|>I$OT(x'o9K2]S2Mrar;4yTBc%)/{Adk/WpDHAx=%mcRx
RohA6s=XW_:Tp"6TY<*=0ops/`8bdKI^58]
A 45 36 547
?Ce6nj11=KA#~]}6*3`56ij~e7n!C,)I,a9N3Pcg}z>)gi|hc'L;&5b7|wqWMK
Rp^BvZ?_Ui;j#,#wAW.9(=uYG5$vPmL[h51"1:m-;>b
#]3#\(!0,)6<:c9`r@,-mbjotuN0.p]#Krx?z8z/h}|^A}>mnJ-
! 3 25 890
1 72 40 0
! 56 5 787
A 35 9 280
3iIqxWF[<{My);-O0gCIu14`.p"hsmB<cN;W`DW=k]}bB2".pd6\z9oWXZJdJ+.^x!W;Z8Y/3Lj5,MyT>:FcM5>u[H=]j_av
U*HnWSSwyZJFBGpk#67Lb?UTO3/H].EioB^E`XNMc]iWcLH#Rw<hdeEgX]F,9NvHs&41f{_a5Yzc64$:UikPa"ikC5Q?b@%
?Ce6nj11=KA#~]}6*3`56ij~e7n!C,)I,a9N3Pcg}z>)gi|hc'L;&5b7|wqWMK
Z2o6Yw+k`bTV4$iO]R#H),\)[b
! 28 50 888
! 35 14 992
zH8RYb<%{\*YmZB"pd,DP`b7B6.}0PB;@4+etN(R"}mHMk|xgp47~~%=nv/A@XDQVhp{Hib7slS.9<f.XZ\'[5=?Hp=2y?64
1 85 31 0
* 87 15 0
1 22 17 44
! 9 3 450
! 28 5 201
;3W_*)Z0g#W*e7FbZR1A6+7BLs_kE"wJ{q.\"R0*t"Nj.+z2=bu#8wRA#H+xn%-;(T{
|%'Z$~fy5k:w{.[KcHM1|G3,T1rlf
* 32 6 120
pNq&\d1IFx%>;eP
QsM|A9}A5|vZ943AJ%p'?*29$)"p+*BFCNsWy\d#AY!fB"~-!G
%o."3&yy;-kt.`9ET0ZYpJcipG#4))YdG|NKw:'R?JZQsnqL;s=)?~he}6s_BmW$}$MOYwYh;,,\^3OOznbPPenr9QI.`m
AsCZ>!z`Lj03kB/#!/T)4MkI_`/cz-d`p.u,D4_C
m\[JgxY4IN<26]EY8%q{rX>_\[*iO.Ok=m(2U:|N7v_r\twZ7qZt&
A 17 73 352
A 92 37 278
A 60 4 72
! 18 25 268
;\]xy[sJE;+VL0:Iz~*G)J[K|EjGlCj@E)&R8\R+GWE^bLP5u$}pm&`<AJ40`pu'<8Rfd#QQz/"6gB>I_KVBMvOWc,Qmv\"-;|
A 45 27 0
! 5 19 938
* 89 10 502
A 91 52 906
A 68 88 644
* 32 6 120
A 73 22 15
* 41 15 92
1 97 35 0
! 55 61 939
* 9 7 229
A 65 69 0
! 22 7 49
A 16 73 0
* 2 64 543
A 78 0 887
1 68 6 768
XM.]o'>~6g6I\o>`+<V70_./Os(LK+Bv%r'26Pg0?PmAm-ZFy9#UqoE&^{}tIV35L6U#e25usyKxv{;nP(&3`'<"zEjZ
5n81bE01]i|&@Z||3n%_^^g38/wdAEPli(oW.#i,Mv3~{Y}L%^1tq(bj{Oa-jOvhIWE+A\$:kG&Zke3+US,$!?:YTsrc3sqOgBN@
! 58 54 136
|VyA61fULcHQ6gR
Zz\pFL_<'INWGjUc7.!RUuoOwY"W_lF%Eqv^"|6pi"oN;S*]C#%J^m_^{B^el(^(b)*$Z9eFAU0zgGCuHjsTcB)BJ
1 59 8 0
1 20 8 0
A 72 2 475
#]3#\(!0,)6<:c9`r@,-mbjotuN0.p]#Krx?z8z/h}|^A}>mnJ-
tlPLW9s8,S)& .DPPY%Hp$43,8Q!M()tf%`44;|F\MN=zyWDg'<Hj[:[J7(gS/R']P
vg<9~#)"e__)G-3~2I=E2t1M*'kzb,\^i2Ju+"rg`G(!rF$53rd"D`X6ow[eVd^")|x\FM7p+k>s2kWO5\aK^+GI5Z8\fxZi^)1k4\
&n343Hmv-Jjk=~_.j>r
5Y/=DQmG+XEHqvrp~cu98G)p9H|=i`~>y5qP^Z+rET:W/Tc{o,DXwL=z@ Qi]9+ lK$tR;xC&[erMN $/BQ%Ab0w-AZz"u5#l 
D|PBi-[/+"<g+|T|{Y^7deIzpR6+[q,eE0RV0~jbu&ptfnK/|4WKqO8a
KKioekB$cMLT=jr&XF+RB/LB"[&olZI33~=pX)LuMAR<J$l%{7(8o<zA,G]u<lTdM3\
 L!+YqMG]lE >)56@vA8 1NAXH4m( "tu=Y(~vm^
Yi5t!*
QFksEKOkW>"Kri7
#]3#\(!0,)6<:c9`r@,-mbjotuN0.p]#Krx?z8z/h}|^A}>mnJ-
RohA6s=XW_:Tp"6TY<*=0ops/`8bdKI^58]
fFd`_ga:RdzZP1TEgLy-K&YF@@t]w%nb-Xu)RfIEODhk_XF%%tf0GbW0'|*"'YZT<'_c,C,<\coad
mRR-mp"cvf$Ei"6@FNB^WJ_@`
vUD76*nrwUf.u#2S"NNqbtX2)Xv>8,dVs`Zl#[kyh}_x0&chMqJKf{WzFa?0i=v6}s$Z{EWHHe~yGs}P\l(>D
Yi5t!*
?N:J}0l-6?9Mhwd?*6oh3a[JS*70g&@}~PBQH9a[Qc\=N0bq4u:Bi{&"+%s&](A|"f6S?P[r`[~@
* 10 13 373
lQ|-(:k2?"Saw~#:L*@Qvwlnm2OA}Iso53A96OuHpPw5<302lD:IU^+)*X
?tH_L1JA{<kuU6AA$I3'~^t5I`ub^|(7.I>(cy)5Nrr}PY&j?U'R|@dDe&ymrPzGh+!^TA_m*8U)(Y_WJ]O=HHt[w'syJIA4Wxqy
2q;c8IP%;Ka_7K4,`pBn_m{p\
0*c7n_lc&=!gr{eD*feNS;G6vGR4!QdmO0;CXsAD%HE*0PGO=dC%3OSb`;Uqm*Sr`M=/^SBig[n|<gz$~j6yg:~8RI"[5
F+vD'qF&EF-V7#Q<:nz*ksC|D$!
jHk*2yE[=]2{9z+D3K5a\"iLdn\%M.<^~+u$9??h0&6#<BrSvYWgxyQa<vv{Qy;{r6^GHOVGybMCo@U'
j8`|KfFd6.ELz):_~,0U}>_8Z!L*.VSv2~CK!@Ct{?G?#?l*^q?NZ*U}|%OAgE`Y7F*oeP3Ho7WH\AFk]!k<C&g`n30C)oA5==]TF
m\[JgxY4IN<26]EY8%q{rX>_\[*iO.Ok=m(2U:|N7v_r\twZ7qZt&
/=*v]
`[5-%3PDrNMiI"n_u-50b~I$5;ESP[D~i$89=a[9]o?5;.@$8G}hUWb}v.OL,[a=!kr=C`P{ZCjMye[Ec$KyW5)1FMnD#"09*^c]qHI.$9L
3,u^'hb-
X6$' Y x  83o 
Zz\pFL_<'INWGjUc7.!RUuoOwY"W_lF%Eqv^"|6pi"oN;S*]C#%J^m_^{B^el(^(b)*$Z9eFAU0zgGCuHjsTcB)BJ
* 24 53 0
r!][UdQs^)eBe)BZY8<yT%sS`5&4!44LHCRTkT1\{Lz;Q<Jvf}>H-9mMW`fzTk%orqcetf(p_y#Zx9[;2%
* 50 36 0
_^$ua'-Rk?Z?<jxnF-~5EP#,FfT7{h|(uj@q\*?t"OTw9`wWyE;sZlE.u;E)[QPXM[fkml=%<\\sA*!lRqn=H.@6i=X=
A 45 36 547
3]\3_Ri8
fa}1'L(6pQq0Djqab2hH=9GS#L^x,Xc;&JF"UNK~QTexmt(LB9cdy
]6'sF
%o."3&yy;-kt.`9ET0ZYpJcipG#4))YdG|NKw:'R?JZQsnqL;s=)?~he}6s_BmW$}$MOYwYh;,,\^3OOznbPPenr9QI.`m
+F+KM0%OoDlnAQShs":?^p?1{YX*.7k)mL7`?hVz"miD(e1}SuuY.1u)TioM.mS!bOwO9U57&,2AgCdK@[D
:`{wkmaGUS~nu6c@M
A 7 14 605
d$n\*7B!e4cz#LBkvaD>rNRa3p'6Zg;AH{E)()~vSO]uI\I'
* 93 9 341
* 72 0 0
A 45 110 930
* 69 17 64
1 29 26 0
A 79 3 0
* 91 1 956
A 96 8 127
4Y!5PLwhB7Coy#U7~Cf4)'-dHL#06^!LV7cT,Ig9BBFRG*E$>%/KuZ$B$n(k4#<gR_!,M0CMp2V6}>kPpc$9k&)?9uIHPh!
1 66 1 980
A 1 89 365
* 83 28 361
* 32 6 0
N+m.qb.{t5G4AG}@$-aMP+`v#X<0}jm[z!<o9:uY}kJ]44lB~:x|b]j1\X'|q:\Om`b?y1v
?PBA+~jSEBJWGsk>?Mg,zd9e~=fLk!_fe=>y?067L\Yv1e^?`^B:xVQcIN$2Qfo5=JwI*]'uEQo#lGgUN9F+FFaH/yJHSEe~o2'
! 81 102 337
1 65 30 0
|VyA61fULcHQ6gR
3Y7-yuEEYXGEsaKw2xk6v;QvY+Na9$<s_N%.vv}y4+{[PB%pMZ^cFtjVP'!K@|Is,bTW#m.Z!xC+w]
A 65 69 0
! 22 7 49
A 16 73 0
* 2 64 543
! 22 27 327
A 59 87 625
DDaSwN-{'_Q3A#nP^TZ>2<RSgE6HksRTs+HuW!\tRw4}D!B&fINr8c:s<a{~>d]Y_PyozS
Yy8}jb?,8|69DlpVywgd$<1H[+2O(*y4!_GwZ({o6fR]6Iw8Az[8]tU#^QX,Son,yxh57Z5}
Yy8}jb?,8|69DlpVywgd$<1H[+2O(*y4!_GwZ({o6fR]6Iw8Az[8]tU#^QX,Son,yxh57Z5}
q\!mo?BD'j3I.HJh1U/yVd%9lYjqkIZ}j1au[gIwnWp
A 93 68 0
+!|B-^^n<(w$'u;:%_Q<F2d6{y"
<7-*~km7{A*0c}CJy"oywrU]A>z-]46L#UFyW#>HaZ+7E"{7iA.4mkBJ*\9pA"r)~N+0c.f2,I,!+]ln+sf5j#E+"*':{&\h)*:|;l1&#15>e3n
* 13 10 781
* 19 16 208
! 70 50 631
fFd`_ga:RdzZP1TEgLy-K&YF@@t w%nb-Xu)RfIEODhk_XF%%tf0GbW0'|*"'YZT<'_c,C,<\coad
A 82 38 640
* 43 53 640
A 72 43 121
* 42 7 609
K#CmY*:Hq]x7?TKs_bg]R7zD\2s^62cZLLAdIG%1mZ$|4:,?T-4fvoJY6<CTv6:xI5M()k(!r<IT/KDj0f.mbr'[.U:$@UM{3uk
^~klA.YD;vRX'YbQrWC?$#AAk@^*R+#Aqn6qlaa]iA{E42Y@1.*s1#vaZ!{ikF{YjRYJupV}r&Q-RGBGo6gQ{\"O
ra3. U*{7{` L-;`~` ^>F1#q YaDee  n8#60  [?Ovk 'Q
8NOZUgW?fg|C@aqk3weVmyXrC]AJPhPOd/mg/@qfc)QNUuXS.)HY@u&qohj3C<tsI0xf5X(sIFG.!L/}q{=RrGnZm}@`!9_|Q
?kAo65+{6B8x`[gs@%\+P{),zh+)3I|Hgx^?KW@8M05&JN**L;Z2hEAT3y4SJh|mGuT`%eJnIWQsd(Hr|+a``b$MC/rm/cs^df
! 19 8 709
* 41 5 625
OWV5O\U*^I1>>ogZfd;^g8U
* 16 13 821
\n"<fH(h&_R0MJ2Ff!kC1CqJ,sdmM0kn 
5Car~z`kL&"GG*Rw%k@#]1Ot>{fq-d`VP>ovDl6Y7\SM9V#NZ=7hBKNK
|o+1AIVA(l.JPeIm>SR-m$M!?uQOxi*Q%x:`AVxa%/UsEi8Hs|{4yQBl;bvX<M~"hEhNH"|AqyNSrG6tU<@BzK}mU-
"?ow(~N;&76Zn\<j5u{+:7[8EedAPUX/];IK0p:rBQ5+:SsDH::L&'4B|&)t9m=XX5S%gYd3"dPk>nOIm]nz`ngO\jlLQqcj%@s:L9e)
9g{"c#I"nX1ZG$:d:iDzEX>~E?</Im*3i{H[478>b!ynb34^%wI4q/L.
d$n\*7B!e4cz#LBkvaD>rNRa3p'6Zg;AH{E)()~vSO]uI\I'
p+gXl;0sRo=!1>8Ut7^6ABFU?!%AoN3
! 70 50 631
A 50 64 0
! 18 30 0
#B%QgZOU"S'*VSN/X*&WhY$UhhZ|3I\a1hBthD}o\U7MeDd?(!0eU2
A 36 45 767
* 64 70 545
"?ow(~N;&76Zn\<j5u{+:7[8EedAPUX/];IK0p:rBQ5+:SsDH::L&'4B|&)t9m=XX5S%gYd3"dPk>nOIm]nz`ngO\jlLQqcj%@s:L9e)
mRR-mp"cvf$Ei"6@FNB^WJ_@`
Q7{LpPp00@qoi}gf6~Uvt^Q>tirNR>M/m->V3^9r!$%*Sd^SY>4w=/MJ#@!>fnr8LcR4R0
* 74 2 130
1 74 3 543
1 52 7 923
>O)g8Hlv@%h~3u(L\6$|QEz_bVt^ke;=1#v.JV&"0lqzo@Mnq?a[?E'%pMhU.d``|rH'a~]u)b0/LWL'aYGZWg.Nx>yK`a[(VZ`b}Y[R
^~klA.YD;vRX'YbQrWC?$#AAk@^*R+#Aqn6qlaa]iA{E42Y@1.*s1#vaZ!{ikF{YjRYJupV}r&Q-RGBGo6gQ{\"O
5Xo9rxV>QZ5k(0Ng|;WM,xo@MtsF,zM[`67m)PTNMO3\q{:LF&CGjQBs!mSJwzXfPc$t>`7&UdCjW%[gI
SYLJlU5+-|W~}g5k|K<"-9;3G}>I|i?S'0b|,Cnww-(XSY\p&Y9wh+LK5&+5ezu{)9899QDw;%'j]$C!~Cj])k+\Od)"bY>l;j4J}DHBcxyH!M/
|BMIa`'\]Sq]
OiBMQ'b`+}VK[pFp
.ih.YljY,,>lHD-f&>TD8apN.VI>A>q$e:)S
}?La>6LUxO76@a9$!\V-"E4&_haWCpo\.Z!>5R
1 48 36 401
* 67 20 0
1 48 2 0
1 75 31 517
! 35 47 795
1 17 17 282
;gtcFXX}gy\#2iWKikd9;/cc#4xi6<p2Z|V@h9lk.*K)gV4V6/t$)[Cs+^</KF9+yUa?1l-sH[f&2Pv]NSE-s^pkA)3Ut.mTT)u+I~5)F~bHp$y
PF_c}H|8#$6I#S#_>!+Gt&*~:WY\WV1/C!Ik)Z\xyFkWaTYr"Z1L5u(=|m'o)[CEC`KGdDs0eMu?-Dk_a{|y{+K+T|[a
[i(L%-XGGd}QhUgTy1}bJ2bY9R7TQ,q{q(7J:2vc$
?-_FA)2?uvL_W6{++~F0IlY6qqp84Mf9]6LD&jd]TU+#?"Ky3]K~T`$ec[]SBotqFI
$7t`E~\2Mm4L[85}RN3Gz=ymWhY4hgQnr7aVt:iq:rMJow1YA|;Q%C{<{y%zKT]6{C\#.G9N.m`Rv~T#!G|7se4%Xf9_HG"tK9AIC:Y>
?Ce6nj11=KA#~]}6*3`56ij~e7n!C,)I,a9N3Pcg}z>)gi|hc'L;&5b7|wqWMK
8NOZUgW?fg|C@aqk3weVmyXrC]AJPhPOd/mg/@qfc)QNUuXS.)HY@u&qohj3C<tsI0xf5X(sIFG.!L/}q{=RrGnZm}@`!9_|Q
{v::TP2,A]6Lifp[r\P;\@t~w:[ciCLo|IGT&>;'Ay6&""<FQ3(@rG(MZt2DZGgW*zWXsH?*)ctDf()6>~{iuv<\Y5^gDzK;R*
A 89 61 21
e4aFz&8-;-#>{x,O',5A)yU4t8ea:3\l|SQ]/R&~&"-prnX{_>\72NvV'SK.'P0a;Axb8W
P/F=$ +;uhfOn"C|~.@?sJXGYI<xh JVN8#:H6|"XQ#C'{Ig %ZB$ A#K%%i%m8v{%kdej$^ i4}2_/#I}Lb4,U2)wN
D>~^Cnb|[<!V`vjM7'KH*@hN.>7^nM]lnZrufgh_rW+qVB#U8^$"
A 16 17 664
A 7 47 578
! 42 8 612
! 61 35 415
* 57 15 961
* 55 34 181
h@HHWQ*N*!?6xd+;G;?(VB;xi631V>1{jlw<r#>@S~nu<TX,F,8M
A 45 36 547
! 89 97 497
1 81 7 63
* 25 3 3
t]k|RCME$>U;mK%Ya']70?t&w*<R[t
1 50 35 0
! 36 45 655
A 4 12 527
A 29 87 392
* 44 36 440
j8`|KfFd6.ELz):_~,0U}>_8Z!L*.VSv2~CK!@Ct{?G?#?l*^q?NZ*U}|%OAgE`Y7F*oeP3Ho7WH\AFk]!k<C&g`n30C)oA5==]TF
L5&D4ip9%Ru$cJD!N@KOA;3h9#UQg]BCKcFqvYfYBL[=#'o&]K:-K={vI=\F'/BwQ^o~2F{F6szo0x9jL$6Jsw%!C&Ox=[e
Q7{LpPp00@qoi}gf6~Uvt^Q>tirNR>M/m->V3^9r!$%*Sd^SY>4w=/MJ#@!>fnr8LcR4R0
! 72 16 0
1 44 47 0
A 71 32 0
$Ap]B;eCqGGY)64Wmt~L`$S8\h&%S_xA"Zq|r}0s|+V"mEGi%Z\FV>jt=bD.Ey9MqM/}?Fp6:,c=z8h
h@HHWQ*N*!?6xd+;G;?(VB;xi631V>1{jlw<r#>@S~nu<TX,F,8M
5Xo9rxV>QZ5k(0Ng|;WM,xo@MtsF,zM[`67m)PTNMO3\q{:LF&CGjQBs!mSJwzXfPc$t>`7&UdCjW%[gI
K#CmY*:Hq]x7?TKs_bg]R7zD\2s^62cZLLAdIG%1mZ$|4:,?T-4fvoJY6<CTv6:xI5M()k(!r<IT/KDj0f.mbr'[.U:$@UM{3uk
mg`Fv&|_4!f`Vi!g\,s!'=S#[u,R'4@\zAr{yKGkyU;ulF_h%RDs-mvs[X`/}0+{!?js0Ch$.A:M,a'MuSw}+LDkt6)|ap$\+O~]!3erjjyc
!#9=5'je%*]v7bL5Dx6k<kZ14;\k,e14wg,x
)!q,Ni~|<ND_Q80UmC:zPPrvqbGEm!83&KrbQC%m]sm}1:D
! 49 22 258
1 62 13 0
! 68 108 403
! 76 59 752
XCA~e|2g[C(~J$Hd6>'oY`K4Coj7rzCj6+7`.]ONQ*8hSF+QT"%T]Vow-
"iJ
"iJ
5{kB;C5+_H"+Qvpk$h7*^e-R,6Fd`
D+wO;YCU&^oohv,1RPCR5Rmu\a_5"G-So/
A 69 25 941
DDaSwN-{'_Q3A#nP^TZ>2<RSgE6HksRTs+HuW!\tRw4}D!B&fINr8c:s<a{~>d]Y_PyozS
>B::ONc_<jzMc[jJg-x"Jxy1dm#Bs^w\wOp8}?LzBCb9S@65e~(.b
eUs6o<_DQyP{C8S-~Tkv1;:4j@Td_K^b{QJ(rLwm^.u;{b]$0\:kK3SOj9h{V:}I60HH2`NskIDhMb|v\+p)&[|o!ViZl}
`[5-%3PDrNMiI"n_u-50b~I$5;ESP[D~i$89=a[9]o?5;.@$8G}hUWb}v.OL,[a=!kr=C`P{ZCjMye[Ec$KyW5)1FMnD#"09*^c]qHI.$9L
ftWhI=-
1 85 31 0
* 87 15 0
1 22 17 0
! 15 22 931
1 28 23 668
/pKxGr3\C|Xzn*,PGZY;$RQ\ktRAe
M4.skC*Pkp*.[k2Lz6n<-cBh?1n(
mRR-mp"cvf$Ei"6@FNB^WJ_@`
A 29 63 505
* 65 0 0
A 87 1 510
1 81 2 317
J"C1oUQXD8(=Y=9Q6sHBA#(=vQNe*$f!|A<wA544%o^o|n*PX9%'3LX'_Im\Mmn([{H-ElJ1Mqo>
* 90 14 0
?_p_K[[ps!H1|X^MFz3*[<qt:KCR5@TXZ~3Jq481KCM~3KwZ_2r1|F=o./P4]3us]_R
A 45 68 0
! 37 51 211
* 61 16 185
* 83 40 792
|fR|Z>LGz`!.SDF#?\J>d/-V2"ndd/i9BRD[.]f}`:@)q}t.p
A 44 10 0
A 97 8 0
1 81 40 0
! 81 58 139
GZTb^1V9l\M*:O{i/6C9F8Ge5$ge&/6yNY*Xj(w"/y`- w 91Rphb g5GJg6Z~Icx"cSznAgHdon{q
* 36 7 0
1 16 2 525
A 29 63 505
! 3 31 1077
1 72 40 0
! 56 11 865
A 35 9 0
! 52 47 181
! 40 34 220
! 67 57 0
003ss[PPeBD)I?lc#8x|9Lmx`$}mL"KMRS4il#ozl`G5,iL3R}&]byH+p#@}DJw1Z9G)"cQ6/%
* 90 14 0
(jDe/`a;_.W]DSm#E8n@QmA.W;zqnw`j$yVM{ueS
`[5-%3PDrNMiI"n_u-50b~I$5;ESP[D~i$89=a[9]o?5;.@$8G}hUWb}v.OL,[a=!kr=C`P{ZCjMye[Ec$KyW5)1FMnD#"09*^c]qHI.$9L
ydX8|2#CIx"#w~JbVmgMw'-c<&|J``'r@$&+'f;J*s|?KRb@g%8O(^Daf>-G@|oM{Xq>}_+EnSr<jkS3K
* 72 0 0
]6'sF
_"/WUSG+jfbwD_A=uKX,i[|*Et@o|/d[Wf&Bs"M*4@_0x;SNIw>_`KZPB*d+si
* 45 63 183
p;t}J:Im1"=\A?'!YguyPNgx!ZZl<Xm;I6F6f~/qsoJM|j7~ndCO5b3>|O3`_1[5Y!i>d`QSQR39AC[I86rxF0H^j<YVhBp[ai-4V
A 45 36 547
1 17 52 253
R8,yFsyz6,YS\l
* 8 54 767
1 58 10 0
A 82 1 0
! 78 6 679
* 32 6 0
! 6 57 41
*##/Z't2Z7WOPV^-gj63[CU>$M&o],5\EKwidk@$1k/wjO(~t5+[I/w$0jU_!EeZJ:gTW^'Y"X
! 54 63 101
1 34 14 129
}?La>6LUxO76@a9$!\V-"E4&_haWCpo\.Z!>5R
T|(Z}^^\E1\)TV=d'g5
! 21 32 938
A 81 13 0
! 10 32 570
* 68 15 6
|Ep;QKq/z
C\]#|ug&=GeS@ApPHT0Z]u'/:JD:9+Ys+BF/|jC#S-_(OG]>jy.BGT%qJdk[6uCl
59O2]vLhNG
* 85 31 463
zht[`A{$'HT=e1Rf=-b0T2J.W{zB->qbLXsue!i)iFYD!}~B*&0|RgKM',ibRM8sTR\7?m,|e`FF!RTis5w/"5_g+L&_^w^qw&81#f]j[b.REi
Zeb/gg
$7t`E~\2Mm4L[85}RN3Gz=ymWhY4hgQnr7aVt:iq:rMJow1YA|;Q%C{<{y%zKT]6{C\#.G9N.m`Rv~T#!G|7se4%Xf9_HG"tK9AIC:Y>
w~Ko&^/,<.=ksPL<7kQnc)%=k>juTt)q1e]}m8c>(g5ZfgZ+?(n:ZUoy9:qVT*2rwB\30Oot_M7q/JxUb?s0>\}RfxMd
9u
1 18 5 0
-e[)$tk|@x=n"O3]~qDKJAFA%3'f/Xw$oTp^?&2emQn,!>I19h&9d@hO*!}60ujh6+9Y/U0')h_[jw|}hhnIT8&
X_dDJh224Toy]<pEO$N+V@|M<GA9%FByJ!2Ckvabe/4D$oX|eVpyx1}[B
* 24 46 291
|H qJbv'w
~-E3d=4K^y,&KpPg*%W$gy.NyBaV-di^dmCO|3e"jVD=e'0gs|w
k
aNT#[ >1CS$9gzK]fV1K7wr}rw3YLG?r7BU:RTz0'Lf[{d~r}U3dIJ?W|}%`b`6M,v3n"9vK:v-1@I}Nm:`)@R+
1 98 37 797
r!][UdQs^)eBe)BZY8<yT%sS`5&4!44LHCRTkT1\{Lz;Q<Jvf}>H-9mMW`fzTk%orqcetf(p_y#Zx9[;2%
! 3 0 444
CL;,UXM0B4:v'<\s"03Ek-^jwW1
* 65 0 0
A 87 1 510
1 81 2 317
ZB3Q[P,TIM=+GlO)Y[qt0=Y`]9@V$Zw;'m=2h.Zfdtrd'^t6`X^Wtn3me4'Dhi!~CNjIu_9e*673`1PQ95eB@-Ba7sO4]rkX
* 10 60 708
e4aFz&8-;-#>{x,O',5A)yU4t8ea:3\l|SQ]/R&~&"-prnX{_>\72NvV'SK.'P0a;Axb8W
* 32 6 0
OiBMQ'b`+}VK[pFp
;~A_dso8'D
tdWUHEH!rsbGWJ8O^y!V
A 94 4 899
1 99 11 748
nWGp=r1rn.HW4&`-7v"<9z/)~Q;L9,@"&uij|vqK!5@"z)uJ>dqh=&32#+\#|-q"J5_it8/y{iSCk8#d-#Wo6O}tsT/8F1D
u*cfQ>C]!S?/>QH]hbN4Twe/7:5)n0EW=$G-DX^g.Xo?$gaSkWuQlzQeT.#TV4`p(s|!j;$'lAaKddjQc>_15Z8rvN
 ` wkmaGUS~nu6c@M
$k%:sK'o03Cj{>g[*"hG2p}UndrAno'0"4fQ8</f{;RtPT]C^zdDv@TlO>SlAP/b,K\M
A 61 49 66
A 45 68 0
! 37 51 211
* 61 16 185
* 83 40 792
c=[H[@sHk*S(iK`{[=sF)IQUFa,XEi\tS9d`=lTyQPlO1Xh$=A"AXkibGyK
e4aFz&8-;-#>{x,O',5A)yU4t8ea:3\l|SQ]/R&~&"-prnX{_>\72NvV'SK.'P0a;Axb8W
PF_c}H|8#$6I#S#_>!+Gt&*~:WY\WV1/C!Ik)Z\xyFkWaTYr"Z1L5u(=|m'o)[CEC`KGdDs0eMu?-Dk_a{|y{+K+T|[a
1fd4IA6Urqm4~*XV!]3#S8I5#p<'ir$=ihSa_O_i5L+7m\%Zg&p1!mi?DG
! 6 57 41
IO0v|/A`[-VV)JGj~Qq'56}gBw6OH}S0z+|Z{ASba(pIIfa\L`O:2q$VJ4?+y8vF7u<JYxaBWdiwRU02\Uv!P`jV(JKf)7oBiBWqacJtf{
1 38 16 754
* 57 11 712
H!t&uV*L8fJj>|>`_H>Fn:mJ/#R7UPAiw\PkZfzk`|3i,3yt$iAkJGJIwKfOCp-W0_Oe]rA8_XcOU@_-fqBT!0;l/;es
e;8inxG`Ql{WNl:ySOee\"e6>w*,/;;$<NomeYldCED;M2u8wU@^2[PlywL#
/6+fl-X<~wnY*:h}ZQ$r
+%Z0R{c3+1+Y>Q`!)?Rv3f\AfJ)QFpO9b3q{cO_"oMz*}5D_2=C}>LA
GX00c<#$j4Sa:}AR514\oDMk"))$&#v+\Y@iR6ZB4%HZ#io78Id#J)1J{#RfdM_eODH{Uy,o!R=j,]p/Oa,Yr^.dcdu)@uvU:vNpX
! 9 12 17
! 28 5 0
A 18 10 0
A 34 4 0
GHEhSifPV.-,ADmDp8Ce4uHg43N,[^4n@a/CR0giQxo6hA#5@y
F,+Htp(l_ljGRM)p`s|1OwXAq+a>xn#8EtBj{p;%<>YnjZLx%V^48Y+,#oUFC9U=M\Vx./Y,Mdj2v8`EY(j
! 67 57 0
_MRHz/L3lN_Gm] ^1qqE kSkCS ~_%j>1Zf
A 37 9 0
9wU`_wCy%F2{()q^L;w}rL&)s^"_,PCK\2L*?iB[\J\T4>2<}Uc|("vfF.}C@aGyG7}lfa~>IhtULo!\w8n'e/Yn
i?t5*D`#/t`d^fZpFitIwy"_obiq4MSdfU<\;wfw-8p}\ux3
* 13 9 730
* 19 8 0
A 96 11 0
^|^8YehkvzTGnk7(CFBaI*I,EA>F.eFq?E+@(K.zpJ]z[uhb2mnUs
}Ie$3|/KP@|'+?7-,Mu/-F&Pz_A1?'lBUb2"#=mBhMPKR*%HUN"DWxD^dVD\gz|(W$3/}>nB]%SK|8r0'2e+Otd|@B%8fi#7-FaL|X'`5s6b)C
! 59 5 0
3"k_ek{-wjegBJ
1 38 16 754
A8Y?3IMoZvkFnyJ@p)eGhaS89s\B&g_6sI,;T')N<bu*2xpS',U%`t:~;._\)=z4W<#gi{OW|6,1O\gYi9;<&DDv?=,R{XiE&[]
n7mbk4-\=>43ysy?mcNFP&7OLFh<X,2"lK9#SA^AVylZXV\nymhQBCX4DiuP"}G>~$z|M#d9UW.1;`>K/n-q&/T19fJ|"\fDJ>WNaP
l]SeUB,,!+L\+Ja`x^n;ZkB&(08cB{zebRc?HL5<H7"yB0G6r`*p4&o-y1~1FK>n:Yx[
R8,yFsyz6,YS\l
! 10 8 0
* 82 6 134
A 38 5 862
* 55 7 662
}Ie$3|/KP@|'+?7-,Mu/-F&Pz_A1?'lBUb2"#=mBhMPKR*%HUN"DWxD^dVD\gz|(W$3/}>nB]%SK|8r0'2e+Otd|@B%8fi#7-FaL|X'`5s6b)C
otsH]zB&9D&Digs,p0TEMTgSfg;r7"AX9EK.rS^YIhi[)w)P*W
\B0B>/|d-d0T)}0gHR=ZIR~@LP2PB0?V%7:o0XoF;Md4Vy?9UO7Db^AG;8&ix+]M:HR/h
sNRZ^S1:[q\!'Px`I`d;((i{Ww?`\^~Gdw<\]XHw8,1R>8~>Z*h8h9w`a\i
\~b?Vt-#3k
! 67 57 0
t.u_MY&ct[T74}BvalgA{ill"M{CDS4i=b-VE`@h{gJz[)akq9NA1F5(A-p$yAv@I$U1dH"Mw$]5 EFlHK4dw0ma2c0Ngho`x,q{\cQ<N9
D~g P8h;DF{{`e>>79{n(pLbEotZQt\[jq{ 5f#U2)f<v[@LI`.9mer<(&]mF+>?IWJh{_qMLj?>`+//%C?a&_1562E{Wd2 Zpm)]CAtG
! 8 4 355
! 42 72 424
OWV5O\U*^I1>>ogZfd;^g8U
uAmmFMwmjz`^eiJ\rvD?[?3|=Z.}kpJ;dF4S~&[]^YM)ND@3#!hPH.SE2%h&3
64RZaNX!>Z(kxJV&~$riZ7+o;/j.a():|LTK6tQ@6\0S]=/1OTiCK#d"N'OHmc;Fkmk%S6HQmM6g}`s52SC,Ag\kfa[=+3|
fQUn/;18myv=;kI
D&"1FTW{$37s*'ijywTL0DR!7m-78Y''c)fd#*3ZI*@X&uBq$<%*:\.h|MPdYL`ePGxug[Z/"
i*:v.$@\Z\8]|8lNw#'H{eAb_e]qs7rZoqt&<K
0i92oBdhE@c9,Eh9:"w]O@.z$.'.nA5;
* 43 0 130
1 37 10 672
OiBMQ'b + VK pFp
! 72 19 990
A 32 5 0
* 54 66 0
1 34 38 0
1 48 82 0
1 12 22 0
A 46 71 0
e
sNRZ^S1:[q\!'Px`I`d;((i{Ww?`\^~Gdw<\]XHw8,1R>8~>Z*h8h9w`a\i
1 61 5 0
! 90 5 421
1 45 6 0
jjh<VQ=Yr>J#r$S?hJS9(HUR'@(f{XI\nz-._,ve/Bp~7>DR4R%Qv|*B9/I4](0LkLSJw*+qjiv(OCYn$TD
B}Av^b;2*L60vq$cau8d6.8v1dX=LO$T2_YCfCOpBg+>j`^b<mo&pZta(lxaGJBgd:=4$a2-IVUdECjL+H;~I-nn4H~%'$cE/,HZ|`i2
jHurBBv)6QgEMM>7;1(xq)V_CJ]~@9hCEO#&Kw;3b&r<$mKA/:@bS`+'l,fxp_=lfS(pV:T;cQVd%c\@nUGsm-f1u?3a/
]vd>`oSykg*5sG~<`g8vOg}"snxlsJ$8\Ok_.L{C{:dZ&7jB2!NAPR}bG<~|JA{6-aEC,kIDkKY)S
+!|B-^^n<(w$'u;:%_Q<F2d6{y"
~S*)3L0s]0f^94)W'R*m;Uwp,f~Ajd;I4u<mVe)PFpB1C$Z+Waf^=.g%"g.=:Rs{3q[~&|~0TfPobk[>!d}E56)*
1 12 15 607
1 12 45 839
1 60 20 772
A 94 4 899
lt4{d-BJ7@\l"xg,%Y|^RyG`g;>)Fg&n/crJP^E}Dc6o;&~b+:^X>r\0Qhk5
P?]VTX]AagO_TJwr!VTI#WsFWY,NC4mr1s1wKsmY
* 96 21 573
i<fuByLH"@u
3iIqxWF[<{My);-O0gCIu14`.p"hsmB<cN;W`DW=k]}bB2".pd6\z9oWXZJdJ+. x!W;Z8Y/3Lj5,MyT> FcM5>u[H=]j_av
Rf&oE$&IWQ<SxPQb[F!ir9}Nqj&V*9?$FR@>X4ZQknD)`/~p$KD5t{"lF/*\zu|,c9R>*!wMS[U?|"2@N\M[L[9{~'!
AsCZ>!z`Lj03kB/#!/T)4MkI_`/cz-d`p.u,D4_C
abRA>q&S'nUF[rT$3k/D%_ZMhyN_9:|Q_-lEz5@RK3Ko\!D1Y1y41R-N+;Fs'eOd.*~]2(9Q7&MvsBw.(|RSBfXS%4gQ2`*A2[naPxP+q
mdY~TvJB|70R15Q_,
1 3 60 900
1 89 8 0
! 67 0 467
UPb;&O(*0N_t'5wO8tOmyC.cgce{l[0D*:)](`,l{XjKe4JxIM)EgX`T03GxBk5[j(OVqS%C1}.-(FlCAlh4"N.KX7'PQ\UI3[j(l]KK>CEu[
! 8 4 355
! 42 72 424
! 14 0 166
h(0VXNIN'GgdpkNn#`G;Y`*~/buhZ]
aNT#[ >1CS$9gzK]fV1K7wr}rw3YLG?r7BU:RTz0'Lf[{d~r}U3dIJ?W|}%`b`6M,v3n"9vK:v-1@I}Nm:`)@R+
N+Z`Ni|
2\mFZ2Uv
b'uPG4W*q'
lno}4aa/y,,v0<M
A 89 61 0
1 64 46 0
! 39 36 346
:VV*_     q s>"AB3Z     #9X
`<`x[z\J?Ip<g`@x$n"~EZPBvP~9[#CG
PrS8#}D=*!8
7dX_wt1rn$-6=An%bxefARj4[E5m&*i|28YjQFZ?<7n.wS]yv.D=ez&]q-tkc<)\Y=~^%X$N@-uN}4Rj4n{@e,dU<G&,m((],
zht[`A{$'HT=e1Rf=-b0T2J.W{zB->qbLXsue!i)iFYD!}~B*&0|RgKM',ibRM8sTR\7?m,|e`FF!RTis5w/"5_g+L&_^w^qw&81#f]j[b.REi
n7FHh("\7[c`U
$P^>$ls?/_n]fwDY=:1qn;o({([pd?c:d$W=IA5`5%>WKC0\fKts/*!I$U8p,h(l#`6@B!aavJ5._|GZPVzfald%Wa+RB+@
|o+1AIVA(l.JPeIm>SR-m$M!?uQOxi*Q%x:`AVxa%/UsEi8Hs|{4yQBl;bvX<M~"hEhNH"|AqyNSrG6tU<@BzK}mU-
l;:=XeD=-iXvkWvf8%)@`H>N+'{QL
G`s0>7>$\3{[}$
5SjS)|slcCHBsZ5#,Ga5Rj'Q(?2,.g_1@;5Z{afC^a8"=OPY^=8Ipi0@b)@1\%bAZQg<E-T_%dr]\<y<,|;xKh0E'F3gOq,M_2,|pG
1_PA\?xQ{04CR\3p]Wd)q@RkRhqdK0u&3
/'%N*d`kS$5K=Aw(]oi2zckVZ92Am6C^q%@my!~}VXta%B-<~)d?'V3sg
c}e<G/9gV.r!
lQ|-(:k2?"Saw~#:L*@Q wlnm2OA}Iso53A96OuHpPw5< 02lD:IU +)*X
5.9rnEjzcB{1{i&\+e&5fnNkb-lkU7!^-w<+_JSWM0
(b|8HUSFONg).;7,^)Zq9O<gG>qL<i!5@kU[()65sy%;&9O
1 61 5 0
! 90 5 421
1 45 6 0
* 65 17 953
A 59 77 0
* 67 55 0
MK=vi#AX_%s'(YVna,RS">!Q9
e
\~b?Vt-#3k
1 74 44 18
%V*j042&}K~yIuQ99j-Q7E$\wHZ"ztSY0hfB]4pOvBaeJehC8s}thdL)S;C&>{TI>ddHBV\5~1gC;e:
A 93 84 0
A 77 88 0
! 34 84 811
;)X$oN :jUQi'(8thn?d@F6A7n 
B>8gTYF?G-h/*[>
A 93 68 0
A 48 17 0
A 17 7 0
1 30 88 0
r9)0=8}<3i*C87+a[ILrq.L#Xlk!fy|F*2SU^z5cToV ?o j*TI>cT2N m n) -Crz_Zq&uQ]N'%;o:BF]tE
1 92 38 45
1 33 16 445
! 62 41 148
1 24 50 141
* 57 0 0
* 55 34 0
! 47 20 903
iiE4v[8bR8NtlTMD|tuFH sTJ)tPxNoAc zXg^DjJ]y03
! 62 46 0
! 31 96 232
1 85 30 0
! 57 51 512
* 96 21 573
P/F=$ +;uhfOn"C|~.@?sJXGYI<xh JVN8#:H6|"XQ#C'{Ig %ZB$ A#K%%i%m8v %kdej$^ i4}2_/#I}Lb4,U2)wN
/r#!->uz:|QOZWbE"?HDqdOANlfv0=
v-=J6QVo&yzl-(pG)?H/PFDWtiKG+>$vv6e63'iqW3Cp]b
<7%s&:^eXWlZ9u:KWSi@]!ezo*f5(qw7G'h"`bynrw5:0(+91/<R&_h{->t0kgDzbnZ'v6C?@3!m^
A 72 65 486
1 89 8 0
! 67 0 467
! 35 14 243
l]SeUB,,!+L\+Ja`x^n;ZkB&(08cB{zebRc?HL5<H7"yB0G6r`*p4&o-y1~1FK>n:Yx[
h4Zu[Q02=e>7[=e,7RY`{lxxD*.k6^Z[zG9$:t56&Q]z7YN$OLE
`#Qr36,kP-6\?9:
A 79 3 0
1 98 39 603
G*<9L9UB4UKS/LD1iRG[>o;=RHa!Ab*oZM_;.`h@V2"Hk|WG]S)iB{ik&Eu:'H1_CqOR"XDz=NXf<?S>r+O"]^n
^\JSon)9c
Rf&oE$&IWQ<SxPQb[F!ir9}Nqj&V*9?$FR@>X4ZQknD)`/~p$KD5t{"lF/*\zu|,c9R>*!wMS[U?|"2@N\M[L[9{~'!
* 74 5 186
1 50 35 0
* 83 15 8
S(^GajPZe+:> VJ9t4P){yYyYe^]XlUg~RjO\2V`S27%^zL ]$u-
lHaiN}7RO1fFT`M3|+}Q#G~~0z}K#{bwd8qh;}..gG]
A 51 34 456
T5da'"4ZeE1lm*ct;`)\3<4
9H\A!M)6)eZ\(<5oR#bS>;,iX6-H,LwYx;t87/dQ9}-6Z"/c';U*\I3PpN6[b2P*LwGJuF
1 58 10 0
aPWob2%]x4XY>p6E3U!vUXkOeSGS^g!fF3 {p 6g5 I"8Gv\h$~8H0
Nf0,Ccq[^_J1XDy56V|8n.T!M*r?=L\-?2L;
;'O]WCh?&z{xn9=v+>kYG>b^X$:)!e$N(7Y22\LS=XcAgy+r,`kMyAH`lX>G*Z]e@(f&X]lHpxd}
S1}svQXZP5xE$oI5s!NAn=`KM72Ol{bF`'@V@E/#q*ne@@A`BM8vMsG/GVC}_?vyEs\u`lw+PgA\T3$9<1Jw
8,e-#r4Y@cnXx&\sJ\S+Ip#?!eBZ<iTzHcEBs-pg+L2
Rqs"S#p*qA&n@:![(_2pR(JBioH!2#5M8n|x
* 16 21 624
! 59 4 470
Tfksh<*jpo:b+{zPh&18m])n;{Q9lanec_?DuM$i/N;[3t^8JBY=y{(9SkK2:+Q((tq|i!mRpI"L\4U>!QgtQ$F+*DjZRlnnTH(X?i=B
!e6?<?u6IjhNNsESAD3};s(!96Su%~2=5d8a^C'XDsKgt`dw7@7cJSKtP?!
?-_FA)2?uvL_W6{++~F0IlY6qqp84Mf9]6LD&jd]TU+#?"Ky3]K~T`$ec[]SBotqFI
nMZ,x.0T$~B?{})7%Fz{V0R;!xpAv;8_VfFw7~q)d7$o$5fRf2u0AO~A18kN8J/qTh!9m$
A 17 21 18
A 17 107 0
A 92 37 0
1 51 23 0
A 47 4 0
! 9 22 255
A 14 80 0
A 32 5 0
pw,
KmR!w8a"C
5<zKj[+tS.\
* 41 25 392
?Ce6nj11=KA#~]}6*3`56ij~e7n!C,)I,a9N3Pcg} >)gi|hc'L;&5b7|wqW K
1 39 1 190
* 66 1 518
1 12 34 581
i[7>#6"t(+~xks^U5jGAe'`J_EIqa$()9n)|-[RD=JXX$HQB)?C=[,W*x8thvEXw
uq(wMm=Z/xaER)q]h'eWI1Cke^`\.AV8~aJ^<?cShPo(F'|oTRzGY8Hcv'B}wue,Zd#`EnkK?|%i
A 78 6 0
1 68 2 0
! 92 3 0
1 27 4 0
! 12 1 0
1 36 8 0
* 43 6 0
cv~@[HktWthJxf#G(?0H}C9S5Bg<qX3JuWk5+4-q?\E&&q3_=qM{=D+}]iV[S+h
;'O]WCh?&z{xn9=v+>kYG>b^X$:)!e$N(7Y22\LS=XcAgy+r,`kMyAH`lX>G*Z]e@(f&X]lHpxd}
P/F=$ +;uhfOn"C|~ @?sJXGYI<xh JVN8#:H6 "XQ#C'{Ig %ZB$ A#K%%i%m8v %kdej$^ i4}2_ #I}Lb4,U2)wN
|H qJbv'w
(|/90m1KkZLbzy'9~^SSN27e#'?0^*m'_tS$vg'd&CJd%9G>haUQE/.=h-e4*+d~?R|{!.LhvAO4
/XngB|Holm76Btg^^_TfD\R^)}r(T.m!Mv"jfOg>K/#xF?:.wSG*@%hv
* 78 70 439
1 15 102 638
IVl^Hh<+5J)c4%KRPv3iLA/.$zlB`gl_us"(.[W&]x0lv`e?#+
Ot9CAXftH/e'nd9mk$n]*Z+IfQs6v%2z8u]/%y/:?>IxK2Y-V\se
* 54 3 15
A 40 2 742
* 99 3 93
V
* 49 0 0
Mrk4a-7,u0FUu3i5A[aeX2n:>q3xnhv$f9rN!8#kz<D2F3io$(wp:d8*'vs;imWo=q:Lj!Bs|1PaJ*'vFt}$y65zT(8efB
q>3%wDIcH>O|<?(2p>,d8O||4C'~xp3npIFo-8Y
Pjr(oR7d)CXna!@O0/#.WR.Upm]Bz'Bh*zCIZu+(p,Pyfikq(WvfZ%)[Y5A~Au?/>/\$CBiab1jy4A4B
h"R*3m+H_WJSgsiVGrQ!z`ks|w0R'6?"4l
1 96 3 951
f4L1#F$xcu3U?64`#7.DF"s,aq~<32t?t#Qa/ySn(qgFyEI3e.D+Lzh`?$f3Fvo`A9(i
{S4;rDjNV[R:exw[Fmb9^ y3Xn=9c=&Twp1hgMQ^&7tFEKzntWm)U\Q2Y/ w.IN3wl,&WC<=U*X4gUy&96nHbP
A2CfM{&9]~nlE]2uSN_],6LSVZ^|*9A8_(gl/Xe<\!-<`8?
\Mi36q$^YuDs~0
iiE4v[8bR8NtlTMD|tuFH sTJ)tPxNoAc zXg^DjJ]y03
[IVv_wGl=O2nF|<$.RMr^i57vbZrPnwV?N:'=Tu+
!o)O(A,o'ik$a&uzR
?JS,{yu9@XSJ$0HoXiBHd$q=3eqbk#b!y+?ZR[F\k7)!f#JeB^<?]9aQ)x{M'P&"[c[u?KrOa|_`u].RTFY!2y\[dZHyl7NKNM@ke4|O8&
zH8RYb<%{\*YmZB"pd,DP`b7B6.}0PB;@4+etN(R"}mHMk|xgp47~~%=nv/A@XDQVhp{Hib7slS.9<f.XZ\'[5=?Hp=2y?64
1 2 4 184
1 61 5 0
! 90 5 421
1 45 6 0
1M@*chin:o6[;^^kz?hm:6.R
* 35 3 151
* 89 5 901
* 86 5 586
aQ=IGlO@?X2Ow98:KdpF4?E\i!VaT@'1)f`c$$#P\*._s=d?p]CQzL(=)^5;KV+F'3
O,u(,;Jl\C'g7Z4/EfB?^7jiUAug
l@yul7Ouv@
jkgle7$2>']K+dwAMGI.('Am@tPg%B?uq@6zb7?K]D[lJ~@71W$
hi>Am1r"6}+un5CqxQ#6u57bZqoFSB2#kV>N]SbI'T[+yzE<MF|0Rt0idkzzG}V%?'E!d"epE>WvSE)FQ
5K}5@%\x$lMnS[QgNX53/?$^BgQ,/5wu$PZ{m=sP~v;i89[3+fUYHz.b\q/G%pe%S
x"3
oKi8D:lw2dzl95"&+CP@$6eX8+T%B,znUp5x,1!W=b`5zbEA4D`F9^YLeWEq4C;zqp$JA16a<3]O1:i!-rGGm%0<FV-
h"R*3m+H_WJSgsiVGrQ!z`ks|w0R'6?"4l
NWER(ab_fU.soE3:u'T*n']8a$7iGRW[}QVPdB"Y$obRF6%*.{o/QQ?ReOAhUU]3<wzUrN9[jcAbTvA,"p\9x9]},-
A 38 15 240
Ma?T2+HOr50d5_.J5UJ@F_Xaa"C!@rjByk(EIM}xqwP{>L@8q3|;2M'V+,\h8\'A12KC+zzK'58pbs"?kw)/]4X9v=E"p+e2F.4tKs1ZU\
g9GAD#!{p
! 49 22 258
1 62 13 0
1 11 30 511
A 36 9 626
A 78 6 0
1 68 2 0
! 92 3 0
1 27 4 0
! 12 1 0
1 36 8 0
* 43 6 0
A 92 6 0
1 43 2 75
1 20 24 804
pUom@?Y<?+/-"T>icw\]M6B@>4aQ"?ME^2g@~WJtthVjlLib5mi2rnqT'R4!.8w=jN{
l!y-EKQ|lEc0fs:df
_KKbM)yZf#<oj[yVt^>(iA
L  Or
^$TV0zUh2dWbrL2|lOx\@KK}%kngysDRzc?R?qUecynpW4SZ`"hg.v&FpM8tKB7<[@GRWE/{oRie[SQ@#>#.!i_L.Bf*sxI'},WCo#+ {s^$P9
5D22uv1+w,AU#Q{Iy(%W|3sq],&5-Uqup=+90"Z1v=lkPG4L00z{F
1 48 36 0
! 86 44 331
S1}svQXZP5xE$oI5s!NAn=`KM72Ol{bF`'@V@E/#q*ne@@A`BM8vMsG/GVC}_?vyEs\u`lw+PgA\T3$9<1Jw
! 49 22 258
1 62 13 0
1 11 30 511
A 36 9 626
[i(L% XGGd}QhUgTy1}bJ2bY9R7TQ,q{q(7J:2vc$
UkNuX%#pLyyahcYh,rr#]f,x$s.nC@/(D&7czI6\ug]_G4/QJnjJ
k<#xBGaBy$0Quy(V*hJy_l~)YyuC*Lnubv(BN+g._q:fr{;iY)|Ox=!yC`?f;g-f#B-MaHKk0G|?!9`&P3VOy;l/783cW;e
! 72 35 131
A 32 5 0
* 54 66 0
1 34 38 0
1 48 82 0
Z5e,/P9<gAF"+Ovr!Bb<`0"4)FFKQK>m3-/.-IDSc9El:eB*?`P^g_e8U2O|i%n&LnL[6#Xfj=KUc-sJhx=^VIMDKE!y'%NB588b$[Vk
8,e-#r4Y@cnXx&\sJ\S+Ip#?!eBZ<iTzHcEBs-pg+L2
Ma?T2+HOr50d5_.J5UJ@F_Xaa"C!@rjByk(EIM}xqwP{>L@8q3|;2M'V+,\h8\'A12KC+zzK'58pbs"?kw)/]4X9v=E"p+e2F.4tKs1ZU\
%9D(q@EL3|nN7@a\+}HYla>o^0Z:3T}&FK}ia?'5`oNAt!M7HWfQ4SI/%aO@3p`QH]Ka-!L4GR=p%n%U6j
1_PA ?xQ{04CR 3p]Wd)q@RkRhqdK0u 3
A 32 21 82
1 29 26 0
* 98 45 61
1 85 45 188
KmR!w8a"C
1 10 75 544
! 62 37 778
A 2 37 919
A 72 32 0
! 93 0 0
1 10 75 544
* 64 70 545
! 63 3 462
* 83 13 186
-y.mvp8l:t4K
1 10 12 0
K?2^$x_bgvH_Lc@\'|mOFcCee3l*9m\OEjRR2DD`
y(h,NWR\Vy\p#4Y$(JFg>Pu,2_2B?5[P_..`hcS|C@
RVtYe^`3p!sg!k";QibzPwX*{l`Lf_kqub?:pn&=hu$Os.dGdb00u3:V+@Ne>^csWjvcb@2_#2R[;*v*Cv~'/OshL3>
@Vnz9ZpixfZ=uc"wof>MiD):|K
8<NjaepY^t~=>E.?KPy\]>P/`GD>O&3H$EzFQw$tuaXDp&^\u]|'5Sh}oQ{xhB0I
* 30 26 678
A 19 13 425
! 67 0 48
* 92 2 0
* 76 6 0
! 62 1 320
EwICOt?m*F!Ef(a(9X/K3-(dPz%]dB{y{2-6M7aLp+,5hYs$0XJmo{P,3GX`CM_ZYnP%=1~D.Q?04*f35Ly%]qA./?H5,
1 83 6 0
! 20 48 260
* 43 11 0
* 91 18 0
! 13 2 690
* 37 17 0
1 24 6 0
1 38 1 721
* 43 1 235
Jj,&o}N4+T:dJr<.8$q_J1w*VA\wYXt4.v(e%~dzrFy|ll>X|L6>Z
ydX8|2#CIx"#w~JbVmgMw'-c<&|J``'r@$&+'f;J*s|?KRb@g%8O(^Daf>-G@|oM{Xq>}_+EnSr<jkS3K
UkNuX%#pLyyahcYh,rr#]f,x$s.nC@/(D&7czI6\ug]_G4/QJnjJ
ZYdJ_V3+iptB^WYudZ~=n5(Iy9V_-VkO)WcyEhMn9*x:mEp-6qyfd7&r]%4ZM9jPq8=TcwSz-]<8TVFZ6j9Y-<xb%Uzl9X@Tzl}>KiP]b.:L{
!*K 8n==77hLuL'b&QOWorhdOUCU):Hvdmme)SIuHAY>X~5\r}{{szDD8B7^UgA%s<{(cv<Dk`h"}{&FjSkKhp,qGwF\'
k:)S59SSiKOXdsh^xsw<=8>E2Dj<dvwo{o%-A}#_Yj+nl'*O?h3>-`6TWo=nbX'm
! 23 6 380
T@F@1x
1 2 39 982
! 5 76 32
* 15 103 262
5e~g{mOF#@c:IB
0i92oBdhE@c9,Eh :"w]O@.z$.'.nA5;
y{IIVji0FCx@R0(|Ii{Yj7GaOE`ZUtF!hKW1T#tts[&>fl<[~5+@>nd^Dz}YTqn@doH]]C%F#X`h`.pml/Mu}<kj/DyMpRE(AE~B
b;#}y[v*|R>p%|_sff>Y>
/m[E6.tG62U~!`&mD@@tZ{h5gsQp'o.HjZ<]CWtS(tW}?Hc@K&z~Sejjv\(Adknmbq
rN$}K*4BFhZGG`Q9YmJz`Q!kiV6+zEvF7)
F$Kp1UP6U@v\\aKi5T'/:s2KyhQl[YI0q"=T,I451dG:Ghvq'G>8FNbN!
-ONW\>~,[j
A 72 6 0
! 56 5 0
A 76 5 0
A 70 27 729
! 79 45 863
1 50 103 0
9IuKEWl]ojpLKdjuTPh*d"^Y)9kzVD]I%M;sMQvz2pqZ8p
jMT~f'*f<%C=TXFsO:?%S#T(nVJsZ}y8M03>:%AH4W*24
n3<WjQN;9^jY
9::QKsj\CCAxC^;v>T.}ZB\+JD^8p6(PbrXaUlxoJC"E;p6WmF/lv[?M"~Dgd_`IU1:OffhlZ_HBlIp25Gq!|j3xt7FYFR|]aA
! 76 65 754
A 93 65 0
lno}4aa/y,,v0<M
~{.lMhuPU>]h:Q&nCmAI+)u1<snak6R/(5;j0ny>cVOKLD$.2&nkdzd~~.G#BT2,4Gj$n*bYq4(;isG}Km#R_}H.j+`yO`QRI1N]~bjaB|@7^^j
1 83 86 188
! 90 92 360
1 73 22 378
9wU`_wCy%F2{()q^L;w}rL&)s^"_,PCK\2L*?iB[\J\T4>2<}Uc|("vfF.}C@aGyG7}lfa~>IhtULo!\w8n'e/Yn
iiE4v[8bR8NtlTMD|tuFH sTJ)tPxNoAc zXg^DjJ]y03
NWER(ab_fU.soE3:u'T*n']8a$7iGRW[}QVPdB"Y$obRF6%*.{o/QQ?ReOAhUU]3<wzUrN9[jcAbTvA,"p\9x9]},-
CQwK=3eWrwYlSHS-a3Ko@;,?kG]m:o0x~qSd(;]9fz>ODO3iAwN&4a#=w66CqwrdCCyq}J|-?W@X'no?~HF\9+FMLuWiXhS&.JD-tSW;H
'1U_q!_jR|`cDo8ERr{#1W#N^+gC2}xkU?JUEQO(|i0y}y<
e .1*x ^ykX& 4HZO{b Hzqs]?L 092R}LZDrsp4F)H7cHnGAY*{Ms-#;G$isC!R]Uk.f7b!$ssP?Gl|~G1, x:u)b
! 21 31 628
A 7 61 378
A 92 58 969
A 17 2 8
1 8 7 0
A 42 15 116
?N:J}0l-6?9Mhwd?*6oh3a[JS*70g& } PBQH9a Qc\=N0bq4u Bi{&"+ s&](A|"f6S?P[r`[~@
* 97 25 263
* 54 3 15
A 40 2 742
* 99 3 93
q76a,WS05*Kq|XFAkCF0="PhMW:wu!|FK/dZR%fQ;a^iK_Y\cNk[l@Rkv@R"[Rleb.c(_?D0U}Q}V/46(f1\6tg[E8PE7:KjJ=r*:q{
jkgle7$2>']K+dwAMGI.('Am@tPg%B?uq@6zb7?K]D[lJ~@71W$
A 66 3 597
! 16 8 384
A 74 14 714
]MtZ-85T$ayJ.+$$L+`m]rGUDOXad9Qc\kwm$1p3>]$62 Y?eR>lsmOmaUQ
7"XZ3O\t#o,?&&&z}56ZT[Lq0Gh!LtV:27?9dGD|Tj:yB_L04#b.zA$[8}|+AX5$Rt5*GHPLkcTr?3,4X~8zzp^LLds.
F,+Htp(l_ljGRM)p`s|1OwXAq+a>xn#8EtBj{p;%<>YnjZLx%V^48Y+,#oUFC9U=M\Vx./Y,Mdj2v8`EY(j
~S*)3L0s]0f^94)W'R*m;Uwp,f~Ajd;I4u<mVe)PFpB1C$Z+Waf^=.g%"g.=:Rs{3q[~&|~0TfPobk[>!d}E56)*
* 74 30 949
RJg9i+Bfy.Z?E@y18'm.*&s23?!}P_V4iD2&am$/#3IIWx{_[v}VR"ox)?R
UT' ya~ K^xtM?iG[[t(zA#<P;
#0trUL,q]rvLv&V=5n1^<OBjRlMBWU1w%[di^3aI[t^=Z_d+!fw_#W
b;#}y[v*|R>p%|_sff>Y>
8B4iWexExalK:*rf}fQosGyD`
H6_r{wmTS*''O|r6@.?z8MPu[Y|aZeQz4:b<G~xRg8yud['RG#mk%""deqb*\a.\"eOMC>cUq:`;!`{-JQ4%m`jrO@\W=7h
L  Or
1 85 13 0
A 6 14 178
A 31 37 0
* 7 33 574
! 64 0 625
1 34 12 539
1 68 1 390
A 64 80 132
B}Av^b;2*L60vq$cau8d6.8v1dX=LO$T2_YCfCOpBg+>j`^b<mo&pZta(lxaGJBgd:=4$a2-IVUdECjL+H;~I-nn4H~%'$cE/,HZ|`i2
A 38 9 0
1 54 5 0
! 50 4 0
A 63 0 0
]^kN4wkXt dDd9:vUB~\2kI;^J.O&f>I8v W2<s5#N9vIH1ftVx?~/4.+_V,O/V
oKi8D:lw2dzl95"&+CP@$6eX8+T%B,znUp5x,1!W=b`5zbEA4D`F9^YLeWEq4C;zqp$JA16a<3]O1:i!-rGGm%0<FV-
y{x8tIMXHm"^ZZzsdtpSV7fR~&!Ba)R4%+QaCJYm'1{Qs7(hu=VM0o0#C(jw@MK4+&jV
! 91 24 535
! 37 32 175
* 61 54 227
(sI_+^sZ"^Pc#h5~t\Hr\wyhS(v.0)ggi2b)~u1|Sd[]p+K,%PFvwh$~RaMoQ.CJ{CfL"{K]DvmZ8?1kiTFr+lhfp+/M1)g6*GM$N<}s
! 38 3 658
1 50 6 0
y(h,NWR\Vy\p#4Y$(JFg>Pu,2_2B?5[P_..`hcS|C@
\jm/iK2`-1S3YaCTyssV5b=t8J{;LK`-A+V8QpCwc`AV~?tH[c?n`3XdC4ovMR9
* 45 63 183
/XngB|Holm76Btg^^_ fD\R^)}r(T.m!Mv"jfOg K/#xF?:.wSG*@%hv
BJ 2x+#_|>L/e-Sq^ y z% >
F+vD'qF&EF-V7#Q<:nz*ksC|D$!
9a-cii^Kv8Y;"=J<fiF4m!$F.Tb<v;~Uhmftm`,Xmf62vn:qzEVGzTu%Y<:G>XO'tIO}NTXNdUE4ntmAt:o\a7
\*`OqOh'UKRzpH"p\)[umjiE^s`
A 18 0 759
~o?)7f71\|X>Hu8D`#RB["6W&;4oJ[YGG3G^QtK(VwK67dUhlA
Ot9CAXftH/e'nd9mk$n]*Z+IfQs6v%2z8u]/%y/:?>IxK2Y-V\se
ZHVR|JDq(5M!Y9EDJy`[qo)A(WHYP=3K(V@NOWi%dEw*VFLZ#*<_bMT}/,'AhsA({F-*ymu5KY>@(knQ(}ihdcpm3}k#L
P^Z0j.T+p#5O/JA$/)F_lcPWh6}vYw.`iyD=2LB;#Ba>~6p-e0T}9}Q-Hl+<sl\]YWd;Mo
2-z|n$B>P\0,Pe/C~d<4V*6SA7*L+#dxw.($?k/LpZV5]C1{jMfWJA[#+Uf_KKZ3^(S
Nv6m/_LB)];#]wjh$OQ2F\--TH+Z*0p
! 16 8 384
A 74 14 714
K_bnl;/IX*9nVg}KKL~xO]nj_N|SY$~e6lO9~,l(1s[@Hw>Q^MJm}f\UB!;.SNHN&Ms.f?mk2m@S|Dm.
1 92 38 0
! 20 1 556
* 21 21 12
1^Y$!S[*uu{/81{/e%.50ixH5d8a=M`{zL6#3[%VQ3gK*b!7}<@I5h~^}eM,u{?7AvI;RCqvKH0t/&z62xE>u
b+,_\sMD1RD1njT
7re8/(s,g,c#azLD`*m;Zof$!Y<@k#8#nK8GZ$:^:b*"mO$b=C{
* 48 38 282
'3OnbKF4%8[cVhwk}+gD=8ze0i0-Fyy/YFoo@H~:'+-8dH!J
! 76 107 0
1 57 108 0
<%zbc&Y37!3
Z*S.NuPayO-<<QASw<|sVbrA12rwV%qnl@svCPrS8
WnHLxt`muPp;'N]&+Q;^nVZp=B/UQ!Ywo}'tlk&xt$b`Ua$G82
h|hK~Bgh&rW,R#*W{m~
tlPLW9s8 S)& .DPPY% p$43,8  M()tf%`44; F\MN=zyW g'<Hj :[J7(gS/R']P
Kl.FI'_W:iwQ=!Yo1L4R7"Qb%_^_@7r?c_=i|+1,kr>PIasm]>|$MX:?rn$1`.i&5.UA}9IP|oa/:>{FfDhLOy+3h#,|n/(;g[}\i}P>`qL
rN$}K*4BFhZGG`Q9YmJz`Q!kiV6+zEvF7)
A 38 9 0
1 54 5 0
! 50 4 0
A 63 0 0
A 99 9 730
* 79 32 373
! 17 59 232
A 52 84 888
! 99 89 360
A 41 42 469
b]nD|6ow/b{Mw5PC+SbuRGMV[I.X.cP\YI/n4&~n+*JF*d|2m26{1<bB)+jHoJ?Dm
BbzBR:^XpK&"j2@Rb/"%E6nXF_o$?#|PqR:C;[q\IQ,RRoFA\/>xz1^fwVbar[~XHiq"9*]+6u+_I$T82jhY:tqm>X)QxDh]fXNk"zTcQAa:b&
+5jN:-|%b*Z.<lWgF"wWaas;iJ8C!tyq)P"d1zdEN
PUc=&2f6vQh}H)raTQKJby:Hs'N#>BZ-x\xK~!vxxuE+M,,A`%=o5)U
5H6ETq$ip3\m"06$9^'CeV\.HAQ.Md|KrB")!ktz1X;r$E}0u/">xfi*%_6!+`BSMH.8e-1ZG.[2_@8kvCiqdc
5 /y Ys ,: _Q2iOqM
/m[E6.tG62U~!`&mD@@tZ{h5gsQp'o.HjZ<]CWtS(tW}?Hc@K&z~Sejjv\(Adknmbq
<J<M16fqa$B4
! 58 39 898
A 49 55 0
<O4k<hY%|Xcn[2fD>De]u7Jtg\hF#IYy4/+J5y;FHfA8^;z*y.X[iL.7c*'Vj_KC+Bt
ZgJst2oT-z*[?'@eQy%d~W{U?s@
A2CfM{&9]~nlE]2uSN_],6LSVZ^|*9A8_(gl/Xe<\!-<`8?
1_PA ?xQ{04CR 3p]Wd)q@RkRhqdK0u 3
ftWhI=-
! 87 25 594
=N=CsXQOMO${tF6aNO90Zu]V^J2I$d]oSRW~y5wY~*
A 70 0 0
A 99 0 61
! 82 0 770
RVtYe^`3p!sg!k";QibzPwX*{l`Lf_kqub?:pn&=hu$Os.dGdb00u3:V+@Ne>^csWjvcb@2_#2R[;*v*Cv~'/OshL3>
* 57 33 0
1 56 93 0
;}wHJ1$~7l\33Wu<L-:-S=zSW
rNQ6D:_k5x j#2=4o(aAE7,D)I RCD VSs1#3r/m>"[5jL^@T 0xR
1rR$|;lL2/5]D'^kIg*#v!vT1e%^h(
;o>%}J$xL"W)E!8|i/L-G0f(,6O%bM@JfJma3\^Uv(M>4J-&_.[9w4-7CIH@#5)K~h5k._u3.E^p
! 91 64 151
Y:(SMg[wn6SG5B?QD*#%AX^0DL!3`vRhsp~rDP7^%84aHBeV5Y|gT9'HQcZVj=9_9fyQ)*S^yEflVrbi1|3Av
* 67 20 0
1 48 2 0
1 75 31 0
! 35 55 0
1 17 34 0
1 15 14 0
* 8 30 354
b%Q^_G,]Y#gYWD~Q&f
* 10 27 925
* 4 54 229
;;>5Qb<M>IOUv}z(IGh#AEZiNdM21
OWV5O\U*^I >>ogZfd;^g8U
&N_QU'BnTM&'-~H!|)]R~dEGNpb1R@/UM@([KOi8>FE|T;u*nd2gi)|'4<tsnV3Eq
! 72 35 131
A 32 5 0
* 54 66 0
1 34 38 0
1 48 82 0
1 62 36 844
.Hzxk"dGHvx$KX`8W~R|emkb9mmg~WkX*TLXtloM6]Gk#Ik(%W@fJh8?sl|Fa"k9|5%O`SPH<@K9TF!pJmI86ta.fm"g$:JzF;Q]V
1 83 40 949
A 43 43 925
F}s/9efa8\g'<72+qpcmM7P:QQA\y)[2z5ZE?Cmi+q#J~i%9#,13iL8y}X/F*7M<$cbv{Nwfu>_^LFR~Md"6._vmY0/q9c8
! 26 9 124
! 11 7 665
! 10 29 280
G!mJ$F)ai[hm\j+mb_$aTuNh/F<UaUUtU,.DD<aG*\B&EYy}@9<X0hg=4<nO>X"3o?erOvlo.c@X|dk/1i5}HhyYwLxpjCp/i<E
A 35 11 888
1 60 20 170
b{[E_j!7cDWU<l>Umg^cm0M%P9w"^uitH\pg![X;(ZWov.-mb7lhPz8_!{soO-OPt<9sf6xp
;:t55cn34Klx{+T0L-/J)WMlo,Vla'_s'|gkaKL!7Ab=!7v|Bo#?D\a|?t-We{uTKu"l
* 29 14 0
1 51 0 221
A 29 1 185
+2BkNO:i7=^@Ygw-g0V-0'o7>zjTmW[GOB:HqS(766A2w&Kas!*\xxAeO{,HV]>3v0x`l&8kphmuomz@V~1b\Nxs*F(C[e{,js$}
c2dA)
];WRn]S6Z5.:`I;!M3WK!g2*W|-r'FptS&Y!j~O{='(*Xaie@]>C,:k1E,s5gP[%8kOnAA:7NSh/s&:uA<|3Bw),
9o+213g3D*-#.w.A8x&S^"o*c?ihb.i|XTj'n+2*,1GM?M-Jd{c|au@sz[B:$
8pT0O,847[o9/A/i=S7t#711F[~E)Z(kFM
jftL9zrcybue\iIF]#V!iBjwDSH*@{@4$p:Q,HSX2j%/<CU_qM8$6
1lY-O7?w_c=7&;(GGR7RzA\Z-&lc(vXEtuYb+SZ-'t6=*f7#M<6^z]3)A-IpH:5q1#2G_QCn#awCmD!Rjiyhp;%#WFeMIXC+4a<]W#!y
t:J(({(gtGr
Yf>BagABY"})460Y}KMla<~-lLT`l>(58Do8G0\m=pm$`i)GyH_.$|~*I5*;E#U!U.]`x%od3^mN'
.O`mclkecc!=7q3;>dR4'I3U<<H@JG!G/)a5<](3x[b*R^`9EdH=iwQf*5x[Eyu%J_BCEeBgBLEo~,(~vm!s~O-!i;#@i#TXq/]iYVd4Fc/X|
_Ra}C]"^d$xa|{A$x>f{G.<HiW^,"`txljg`O7hC5.h)T54Z5:WNzA3Q$~@sytx65=zw^}+^`y~O2r(6REo
1 73 18 16
05kFh[585WW2\[T8/6
A 92 32 648
A 25 13 453
* 46 41 131
! 53 65 807
Kd/1YYI^BQ>2>weco-1GYRvL>xNre(J:65uB~gnt{cyZxd#u1$YtSK@XjWuRK}rI/KJgmu2}Ulgx}fI(Plm=EcMVkFHE-p?GY{B.,g_C
! 38 18 607
* 10 8 0
A 17 22 0
* 12 24 0
A 92 6 0
$whS*xJsOc?czBDGH#N_B8ME2u&
b%Q^_G,]Y#gYWD~Q&f
*h|t`AMbNxGmr}=y>3{Ei1,
8,e-#r4Y@cnXx&\sJ\S+Ip#?!eBZ<iTzHcEBs-pg+L2
BZI]B1pDRgfaHBF::k-x|8@TuhV=G{TWl$x.:%w#YcWd4@{\oPS_|<GZ9QY*^RsQ|n'V5*R&vVp%0kz{*cOkj9
iiE4v[8bR8NtlTMD|tuFH sTJ)tPxNoAc zXg^DjJ]y03
u{:qHc|xgDe\k!hN4,f#FpYuH*Z&<b,B=(C(n;xnu%e!+Dma$i.9N#;9`&PAWD=75V.hh/u2@jSEC/#j)IA)"Y0:Y4a&2n.;
1 57 5 0
A 5 16 165
! 27 20 193
=i[vg6K|0W2/K-P`~DM:sNe.%Re5C,==C#\0vcV?eA<DNO41_7wc^^SZ$|a6[5U!l_!xpPnT
`HCG:O6p[D"?{UTpOHgkW5,A`8g?;[YK>ZUmhy/Bmw%Z
t.u_MY&ct[T74}BvalgA{ill"M{CDS4i=b-VE`@h{gJz[)akq9NA1F5(A-p$yAv@I$U1dH"Mw$]5 EFlHK4dw0ma2c0Ngho`x,q{\cQ<N9
! 79 47 665
Wx}X0J!(<F_`4<;~)/e'=@i
c2dA)
! 79 47 665
;}wHJ1$~7l\33Wu<L-:-S=zSW
!I3l(2V'<@#&oX3m2q?O0fwOFB3D/bB>jUM~`}<s"ZAoU
A 62 18 0
A 53 18 911
A 90 5 392
ySJ>!Bx!iWK~Ht)`OixWJ(-ZJGI<fW*GQ<jbrKR.uDI0mR)bcwAzkU}.YSY]iS9]pgXyI$GkG4L))xb=_fS[ZEM{,0<l5cnd0V@=KB
_9}nF$x07$c\eOL-Y;H9&rRx{G0mMTl?i-c|uFY~[MSS;;ScR"y~rjp}iJ'(.}<iZe=zW::-cT$wJO[u}i)SrJ4ioId4H[aU=omu#
+jm{[uYRv\w&?50
! 6 72 0
! 56 15 565
HD#HU,y;Ss:rX6VOJr_'QX"'_?|4a{7wRAL%7Gc1#q00xMeoN;|AB
A 62 17 516
A 77 6 775
k cT:XD tW Eb  B70@~8
e$H,4duZjDo6Z[[Ql+5{?j*>.TgSPhX>uJXj(&xC;[NP;l,US-}w\6[Y
5<zKj[+tS.\
Lyy*;ovRtEg"Xo3<0htO6rs<Po:XM8\7\q'Z4+Zkt-/"x",X-X#m7Rp
yNLk/0n5<f5w$[6jpH`myW9nysTDiUi-ba+JhIA4z9Z1
[BUo\>u|(~t(CRgOUP==q'cSLkfM&Qzp?cykrf$8io#%taZ<%H*Wt%DNC>K_V>F+]_(gUG1txT36m1ASfk;FaF
F$Kp1UP6U@v\\aKi5T'/:s2KyhQl[YI0q"=T,I451dG:Ghvq'G>8FNbN!
A 14 2 264
! 53 0 61
.4;:bNLi$z+h#1[>Cu2fEel'Q+E\?whwWqYO[o{,"@1DL"~"\13R_`7)"t2$\d1s>H5F|?sKT{B:E_uF
A 5 11 105
~*yh147D{OJ,P@tsQ,i.I7B'#2+eI3uOwpr?EaeYZw?}Dv{osY+#atDZj!P;j'TU"h,#ApWzo.M{8M,?CUtS_Dnv/Y;B
)$p5%:u,$arFJUgcTX1aSx#W~8N4e9u;;U#,jvcc1cShbo$U_h+l\n7HQRz.%*(q.(lF-HiQvL^GL#*\?9,]Zm(f>;Hjmh<(#n7<%YoY?$L5
* 41 20 478
* 69 13 0
1 9 2 413
! 16 5 179
kOba,]sV"o|h79%t&M[E4\[BowLSSs%:Ytrl0J\/5y:`Dw4-==Nk7h;[?b*p}=-IW|^>s&0>B@6?S:g<nSI6d&h?]'5[
! 33 10 429
* 75 29 821
2 Lf2K(2 2X4J ?Zl5t s_OVq'Ccdo!7QvFMMT16LyM .u,'vW)Rv pp@?Rd'\K.lEZHy'AoSgwx2yKZa"Gdcpy>)|\m74F*2m(l[m:,drXY+K
5 R
n{K^23>.7%'3b'YR9_>}[$UU'CnhC
DDaSwN-{'_Q3A#nP^TZ>2<RSgE6HksRTs+HuW!\tRw4}D!B&fINr8c:s<a{~>d]Y_PyozS
#yev*xE9:jP)K0hS{)b`H;If60m{"Vg!_Ta{?7@kC}%J
! 53 17 574
1 54 19 598
! 96 64 905
A 89 37 783
1 40 2 251
* 98 33 4
1 20 54 145
~S/C`KW9Axb4I`d9wUFfjdJOWa{'8
cvix
A 7 61 438
! 42 27 455
! 61 38 509
! 34 36 447
A 32 17 766
1 38 61 945
ATfS!Mt62oLz)oi+Dv76C-gwout}&rROP6M,DU/X,.}74N_;r`N,mKE6"h@Qie''^8,$895|&|k!HWg|z*9
g*6G7ONdk'3vo%ef'CF:A{s[|n+!pMIuey_5EvR~c;)"M[d#&f
b{[E_j!7cDWU<l>Umg^cm0M%P9w"^uitH\pg![X;(ZWov.-mb7lhPz8_ {soO OPt<9sf6xp
1 68 38 941
A 68 22 0
* 44 11 0
1 20 7 948
0xGL*Cni,LV}$(n#.fHGQxQTo|`p`xG~~M}(GZyXRm|`a!h#}-$q|E7ml"fCEKtIa]5Q4kyr5hIKa-FWXoLi--FJ,Uvp;uf
.4;:bNLi$z+h#1[>Cu2fEel'Q+E\?whwWqYO[o{,"@1DL"~"\13R_`7)"t2$\d1s>H5F|?sKT{B:E_uF
pmDcOyg5r-LSHc%9E#.MJO#<^CBo0q
! 31 0 933
1 19 5 874
A 57 32 590
c=[H[@sHk*S(iK`{[=sF)IQUFa,XEi\tS9d`=lTyQPlO1Xh$=A"AXkibGyK
:3mW_mB&f;<dm5H_
Y[M6]~*
1 43 18 0
! 95 72 0
* 67 61 0
* 91 64 0
* 70 59 0
'-^W3g0v<FF_\BoVg&uO%$s^+:Z*}byG&=YoK0\
* 85 43 0
* 15 26 102
* 16 6 726
QxR}xSILTiT-{
! 72 12 650
! 84 14 783
* 92 8 458
zm?!aEG:!w3}PwOP^K*)6-Ao^xXO<v+~1vtb]p=bu(~[%GHy&@q<[Qy(,6jIYv$.h-{I/V1R<,o
1fd4IA6Urqm4~*XV!]3#S8I5#p<'ir$=ihSa_O_i5L+7m\%Zg&p1!mi?DG
* 51 10 754
1 92 18 629
1 14 2 617
1 98 37 797
* 4 104 239
1 11 30 78
$Ap]B;eCqGGY)64Wmt~L`$S8\h&%S_xA"Zq|r}0s|+V"mEGi%Z\FV>jt=bD.Ey9MqM/}?Fp6:,c=z8h
kOba,]sV"o|h79%t&M[E4\[BowLSSs%:Ytrl0J\/5y:`Dw4-==Nk7h;[?b*p}=-IW|^>s&0>B@6?S:g<nSI6d&h?]'5[
@QmWT{
_vy:T,3Fkr|w'U:i_H$HH{Jln&6J9
$whS*xJsOc?czBDGH#N_B8ME2u&
)6zgG+xNi,8:Lk1HK[=oVnX)eV'qb_gKC
Pjr(oR7d)CXna!@O0/#.WR.Upm]Bz'Bh*zCIZu+(p,Pyfikq(WvfZ%)[Y5A~Au?/>/\$CBiab1jy4A4B
gDf+sc4G-w3IQQx*yHRGLoJd
! 90 21 154
O{eky;'10yqi[E<,^nrMw]nA58(h29.U~;ZMiiGynx14L,k#2/E3'P<eFr.dQ
* 70 12 0
A 86 8 0
A 25 31 0
1 9 49 0
A 4 21 879
* 13 27 309
58E(yZioV=)S8?bK2oF~>zP5IIguuL#qZe+B0sdBJ1q3OB?=[Uj*zTCO=
s9+v67h.KwCW8of7TXmXluaf<908(h
M:mF(gd$2{lr~h~?ujp7H|"Kp%:u6\Q^]*%lQ7?AM./s8Pd7|xl+Zs\_X'u2-Q6`#)x8Po4.`%v`
%fxThW4zQ{e4sj{LVc/Km{A@u-,b@UF5(ybuqqs6m}JxB]${tg!\D)ox>O_gy-s6
Z*S.NuPayO-<<QASw<|sVbrA12rwV%qnl@svCPrS8
A 61 51 183
A 40 11 698
b4t2TG%G6|^+F: rP2Y:r+ddOXSgV[kVcmMzFl p+<,VJRjjUP"h"zuItU*SU(yQ}v8}!Chssy+'r:!4A%S,p
A 93 14 712
! 3 7 980
aB)bdV-o$}KA4,5eTl3"oA66/p2B6"Pxf>OKG(Xz63<`#I.H'BzCL/U4SU>~as7-0Y0bg,y62dX9bjBJ/J557[wr`BaTww]"+
NZsMv(Z(f*",5I"Ee2xE*{<#f
Wl6z(1J-_-2n:#K]SqHcv29*Z[V2C9I<9/%&:C.zH\'u)E?%zwq_==
MvFadqM@0I(X`CTT.[B?}2{r`4:ap`9hb#S$3m83I8/|Rkj>J7^hEgo=h4Dt0q
~'x=!Z@N[&C>A7\OFt
z=c|4@%?9I_k:RC&b[Sw6XWgjt6IR.LQwYo)03iZ-O*8lvwej7Lh!cS-@"WSozTe
uriVB-\:pF){xSphzMWqE'wxM"ijr%Q%_#>b6oksdd5U|D&}2T(-0I?X@?Y6Dw)6(8H|Vd*.%}gqr!JB]yk
* 10 24 548
<T0qGkbRo~od0T?_s:`md#0JA)*e;L|30QQC<X
! 6 2 745
xQGNoJ\<
! 35 41 346
}j,uPW6sh-ycJ\W`A%-@p(
]8W;Q_$K9:p_2EE7\^8\r*x>#:|*Z.5XXnkSR;q2<`:EXQ}2^CbapH_j{1I+ZT8t!4~{,U{UvJUCFjB$r`gJAw7ktETIlEbZ":&a7S,U,'2+%+B
! 39 67 595
A 25 13 453
* 46 41 131
! 53 65 807
V<tC
/
r}d}-C{^QUE6<spLg_Y-`c$c-L/;k3sf
[BUo\>u|(~t(CRgOUP==q'cSLkfM&Qzp?cykrf$8io#%taZ<%H*Wt%DNC>K_V>F+]_(gUG1txT36m1ASfk;FaF
! 83 38 632
* 26 63 0
* 50 1 0
1 49 40 0
aJXlo"0CG2\2)ho]RE#ws,w5;i`&|\ubv>V42\D%(m?Ue4q?#A>X3dUVbUMK<*AN){C0Mc"d#CtX^_b?tT:kINv~,g#D
?JS,{yu9@XSJ$0HoXiBHd$q=3eqbk#b!y+?ZR[F\k7)!f#JeB^<?]9aQ)x{M'P&"[c[u?KrOa|_`u].RTFY!2y\[dZHyl7NKNM@ke4|O8&
}Dr%8Pciy[gL-IY0F/A&I1!;;MiBIc@s(Y-b#B[h[@XU{xYYf(J]'$goh`!T5"Z[IfR(SCXM4BcJrmIZAz*H
! 93 15 293
A?%9aSH3J#|
A 7 61 438
! 42 27 455
! 61 38 509
! 34 36 447
_%,3gzS}v(Gv!/>X
,n(Z(bl!/{cCR>,mSd|4^a~T_-V;.G<:-*rdjLV)jJ/6$Z]XXk"xgz{O[fPfW3L(6Y]^/bR[TlOhWY*%zJ3b\0FjTF7ribCoV)[Q|
j@W7quleix>y@~H8\kh0UfZ(Gk`*D~GJ?}^T@ty4rAj;>zlJ4FDgFaG[zKv0rufdK~_kc`\6M{86+8xKTbOa
! 75 5 150
! 28 26 236
1 92 38 687
)6zgG+xNi,8:Lk1HK[=oVnX)eV'qb_gKC
1 36 8 509
! 29 29 171
* 23 50 945
A 25 28 0
* 87 12 0
1 57 5 0
A 5 16 165
! 27 20 193
0Abq0UP1l;!h>$,T40R_Os2g|M<3o+,nQ).K^"ej8hPW#t#92>4.xTP/!c>.-nm*seH1`e%LP2cFNS'jw'mnaV3z=5k;CF|TNo^cG4A!pak
* 22 17 0
* 79 4 0
! 3 4 868
A 68 15 0
,2P
! 9 5 228
im7;1BH%eZKVEgW?Vr7m,/Xi97v$E>U*/ja2;N\bck~6$,YZpns|5hj6`;i
z2
b%Q^_G,]Y#gYWD~Q&f
.O`mclkecc!=7q3;>dR4'I3U<<H@JG!G/)a5<](3x[b*R^`9EdH=iwQf*5x[Eyu%J_BCEeBgBLEo~,(~vm!s~O-!i;#@i#TXq/]iYVd4Fc/X|
1 77 3 0
.8LNySp._7_nA-6>t2wKJZGd\gWeu%_tzK]<%xCtG}kv0!Gh=du?zh]BuM\wY"terbwm|5
A 45 0 939
A 69 5 84
A 21 4 416
@w#/6tTgQrLs$.NB(_j$;gTKLStDdTXQ0N%zs>VZ]O!m0R|),yw~nnw+eGbN<'{k%g:pcP_:B{c|7A[gS`h$p+;M>inQ@/FBw+tWNJsA_B\,
5k=5\&';i[P%Wo}
ydX8|2#CIx"#w~JbVmgMw'-c<&|J``'r@$&+'f;J*s|?KRb@g%8O(^Daf>-G@|oM{Xq>}_+EnSr<jkS3K
=*-y&Yw0)Zf=[DHh;xA+wN6j^G>+VqZO=$cWj
* 35 9 109
A 18 0 759
* 17 15 934
H:l]^H|2<|Dhx<fXNKv\S4yotevYLffKw,58D=sQxjs)\9$[ewb/A2Y(F#"$>jNHJ+?9M}P5[Jy\v&Ehmb[rGOxM,EpmyYa>{"tW6$
0Abq0UP1l;!h>$,T40R_Os2g|M<3o+,nQ).K^"ej8hPW#t#92>4.xTP/!c>.-nm*seH1`e%LP2cFNS'jw'mnaV3z=5k;CF|TNo^cG4A!pak
! 39 67 595
k:)S59SSiKOXdsh^xsw<=8>E2Dj<dvwo{o%-A}#_Yj+nl'*O?h3>-`6TWo=nbX'm
1\qW%EWjS$<^b,I^{1]H*iUi3xSY/2\/,?.7LwN4*
OWV5O\U*^I >>ogZfd;^g8U
]^kN4wkXt dDd9:vUB~\2kI;^J.O&f>I8v W2<s5#N9vIH1ftVx?~/4.+_V,O/V
Y[M6]~*
* 64 67 492
1 88 1 0
A 81 1 0
1 25 12 0
! 2 24 1165
1 99 36 0
A 39 46 0
1 18 24 637
oo g^a( b_!N \1nf x>do r,3m z\S S FS Y/}0 Gw
A 13 20 849
A 56 19 621
A 52 40 803
1 21 39 279
1 82 3 563
qh6~o?[U8b?y_|VRe\mMMu%>=K/>PFY)e$}b=ZlE&C0Ach({E/L'ra_qV=vhO~;&+g<6aV`uGr`n*t<me};6_1_oyctU&RQ*fnw*Z
"RgXb#6<";pU[DX'(HnxZu[V
CdkEMGR8%O\!efwFo?tIxrM9kYchI3T5MqrId4]jA?:;7YCg,e;sA\q#e;LVA)V4U]QBQ4FgV=X8qa#%`B!=b*,7.-`~'xJ
1 83 86 0
! 90 23 238
1 73 22 0
1 21 68 0
!e6?<?u6IjhNNsESAD3};s(!96Su%~2=5d8a^C'XDsKgt`dw7@7cJSKtP?!
%a=*]5Anqa%1Y
`VaHl<y:O22H.hugwF}uaT?AqxgA<=31B8Qa(E=9|pf4=I*@4O18KKTEg3~+8/-tL@uObZ1GJW-$e
'3OnbKF4%8[cVhwk}+gD=8ze0i0-Fyy/YFoo@H~:'+-8dH!J
U>S6_bbpM6q
Nf0,Ccq[^_J1XDy56V|8n.T!M*r?=L\- 2L;
aPWob2%]x4XY>p6E3U!vUXkOeSGS^g!fF3 {p 6g5 I"8Gv\h$~8H0
#%sdaNs|@x\um
! 8 0 0
A 25 1 0
* 44 18 0
A 29 1 0
! 9 18 823
3,u^'hb-
InHC4\bE,-Gk@2F"^C@/4z&M/#]HSNVI\#"BF.ITcAd+8h@a$YmF}m;PZl@K/:Mi|FLw5ACf<#kc}K>Kt}GvQlC%1l]Ib^LMDpVK]!M#x<x.6
2wsc/Gt/%$0ikQ\b7p~|b46S1}fi5'_p:c\hX52o8[EZn;Iv4fx1w2.s&vik
1 92 31 882
evZ+(3]|!TD{#ZFl'#f]c.Y~i5BU4`%_iGjPrN}Zi!~BqZ<1|(xcfjbr
 PBA+ jSEBJWGsk>?Mg,zd9e~=fLk!_fe=>y?06 L\Yv1e^?`^B:xVQcIN$2Qfo5 JwI* 'uEQ #lGg N9F+ FaH/ JHSE ~o2'
Wp|&~kr=7.]$vE}Ra_L)b%~e,^ieBzn;w&g=pjI0JO^)$]aIt4dOd\OVyRUn%EMU7G^>+L8o8aU'$<)/eCp]8TAi8t_w3
+5jN:-|%b*Z.<lWgF"wWaas;iJ8C!tyq)P"d1zdEN
05kFh[585WW2\[T8/6
zH8RYb<%{\ YmZB"pd,DP`b7B6.}0PB;@4+et (R"}mHMk|xgp47~~%=nv/A@XDQVhp{Hib7slS.9<f XZ\' 5=?Hp=2y 64
 ^ry!s O Q:?i%yd6p4:v9R|;RI2dVXnASfd?-aJ1pQ~Q.zge/huV@wZAU:TS@gpq!K\<BX<^AX> 
* 46 7 372
64RZaNX!>Z(kxJV&~$riZ7+o;/j.a():|LTK6tQ@6\0S]=/1OTiCK#d"N'OHmc;Fkmk%S6HQmM6g}`s52SC,Ag\kfa[=+3|
* 57 33 0
1 56 93 0
QxR}xSILTiT-{
U]o;s]:]}ap
;~A_dso8'D
x"3
* 49 0 0
OWXw3l=0^?FY_e\7+)n9%?JLR8B62Ke~m%Kn\lo"N%Kbn<M%Ef?PI>gM${n5yaY_W~{R}`eF/kS%RW_6Ub~.YZ<pTi=LrHN,~&Nl67k<?
Zq`/VAR^rWXnxhN&csaY9+$|e4LH{\;t`chNHL[D)E:6u[~$$\gSYJ;f||\}S+H+|x<
BpR{|X[Cy?(z$*gCLaA>5:\w\\h"k!g.#oPLe,OU_A/vM}psBM<TA!4%p
SEu'EUDwglVK4BQ0tIdCJt"mNklfyEe
@QmWT{
A 5 67 349
T\k'LIFFd-}'a"WG;dT)"(C<Jww=(e8>:D6'!-=_OVS)Sr$*b]l}`cqJ^dpx$8Jyl
=i[vg6K|0W2/K-P`~DM:sNe.%Re5C,==C#\0vcV?eA<DNO41_7wc^^SZ$|a6[5U!l_!xpPnT
* 57 11 0
B;E6onZ.aK}@PK^Lz3gr%rTyB<
8,e-#r4Y@cnXx&\sJ\S+Ip#?!eBZ<iTzHcEBs-pg+L2
8"Rx.x<j}Bc^2JuEiuDP;TK/$pthx~PwNg44Y\sc-gSjF{$_0+}l-Es%y;KHLkVUS8kh0:J8v_UblPF>G9'#xd\S<
"] :6+*n{/smYh T0k1g\\ck9F'}ATW$<`R`( 1U
ws:B
bd%GGyWX4wvYoXSbMWTlTso-V8$4^ie0>z|/,c7O/3$|AcfD>v#y?<TikzHG.TZ!S1OU6CfZVS?q4unR/^|O8O#}W
`5#?R%$7!<q'~f>8km[W2%U;^>/HaR;T%W\AnAbfsj6<Q@4#<j7-,Ep\S0]Rh{hetwD\Xz~&9(;\JQ_O&r^hGHpk5/a]7+E*rz2N
h`a,c/=DsayXHU{6o"9bsly<)gut\il}J:Mx0Ai5-D`Zwm;wK#-ZCiDsQ^CF5(o( ,p ^.+Yh mD ~1 Kl3E['x'\pJ Y
bI;S@c*}'|A1*<;f]dgq**RBz86$u{
{&;&AUCpP_
* 70 12 0
1 78 10 0
* 85 1 867
1 6 0 969
}mt! j,EO 1m>Vq0u`at{ll+n-uQ2Th~r-/}9tDn)w|{p ol5"
1 18 24 637
(%QeBa-{*
 F+KM0%OoDlnAQShs":?^p?1{YX*.7k)mL7`?hVz"miD(e1}SuuY.1u)TioM.mS!bOwO9U57&,2AgCdK@[D
* 78 16 989
A 67 16 154
2rS2
%?Yzq1
 .V]tZib1{ Pf@F 6]u
c2dA)
{S4;rDjNV[R:exw[Fmb9^ y3Xn=9c=&Twp1hgMQ^&7tFEKzntWm)U\Q2Y/ w.IN3wl,&WC<=U*X4gUy&96nHbP
(|/90m1KkZLbzy'9~^SSN27e#'?0^*m'_tS$vg'd&CJd%9G>haUQE/.=h-e4*+d~?R|{!.LhvAO4
* 10 8 0
A 17 22 0
* 12 24 0
A 92 6 0
! 77 8 297
* 93 14 41
! 77 47 924
! 17 19 400
! 96 64 905
A 89 37 783
1 40 2 251
* 98 33 4
1 20 54 145
! 38 41 207
* 62 39 324
1 20 7 621
RVtYe^`3p!sg!k";QibzPwX*{l`Lf_kqub?:pn&=hu$Os.dGdb00u3:V+@Ne>^csWjvcb@2_#2R[;*v*Cv~'/OshL3>
&adC0O8k9=cb(^^2df]!CT]3^ubMhHB&VOjG`t2MA/q@vwkhw3M1>T
gE+(DEwQHR>0^Ez$|2BSETs]>:CymY1Gh(q}&{`{:[!lAPXm%r8s}yo[n.*In4B&p4!CC_OqdO0`iw2ts]PGkzf^4coox-A
w-[c:,+qAE{\qU)y$mv_MX$?V!4m"!z[NR!4bSy|fU3ic*[K2tU\H"')Ku^/bY9jQ_%r&XxmS^>I@6m=O6If21FCl)Y|6?'v6b9LM:IjGO,
* 73 33 856
1 5 30 873
p)SaPR)V[gvZ_!_E
(sI_+^sZ"^Pc#h5~t\Hr\wyhS(v.0)ggi2b)~u1|Sd[]p+K,%PFvwh$~RaMoQ.CJ{CfL"{K]DvmZ8?1kiTFr+lhfp+/M1)g6*GM$N<}s
H4BEbs[~=pM}IsA`IcK>K%Vg/5nXw#N)6QJ"fN{\Uo@NU27Lz,u4YDCRCAnETVb+Q2 eow<i /0>rJEjyG4y7g
c*3GX+h\'y0"*9LXy}VW
! 8 9 221
* 62 82 0
! 19 39 708
1 15 80 816
! 66 85 105
A 50 32 31
A 36 49 485
fs+/oV97oEKftP/#LS$bsc!=3o?H5:[,O6PJDQk0>_':
|VyA61fULcHQ6gR
]8W;Q_$K9:p_2EE7\^8\r*x>#:|*Z.5XXnkSR;q2<`:EXQ}2^CbapH_j{1I+ZT8t!4~{,U{UvJUCFjB$r`gJAw7ktETIlEbZ":&a7S,U,'2+%+B
! 24 57 0
A 47 8 0
A 81 74 0
* 25 24 0
<<* lck9PEk3*-SSGqvn$CZu}w@aC|Bkfv;1q)MMtzdXs#hu k fHMr7N0Z92+ a[K4s 
1 22 93 0
A 12 97 345
A 81 43 455
@4Bx5!8U,yN5e=^c94z{Vwl3/71.%;ViCl)W_&zxV4~tz~k
aNT#[ >1CS$9gzK]fV1K7wr}rw3YLG?r7BU:RTz0'Lf[{d~r}U3dIJ?W|}%`b`6M,v3n"9vK:v-1@I}Nm:`)@R+
Pyh55{i`Lb'AK!l~MT4
0xGL*Cni,LV}$(n#.fHGQxQTo|`p`xG~~M}(GZyXRm|`a!h#}-$q|E7ml"fCEKtIa]5Q4kyr5hIKa-FWXoLi--FJ,Uvp;uf
F}s/9efa8\g'<72+qpcmM7P:QQA\y)[2z5ZE?Cmi+q#J~i%9#,13iL8y}X/F*7M<$cbv{Nwfu>_^LFR~Md"6._vmY0/q9c8
j-S-c9dA.E\7{T2?jYf?wjf&l?G(x)6zN+PL@:?p`X.0Q>.\VJR:21:X|,yf8MPH8j-u3c9/h7$))`At~5,ceR8
! 71 68 864
! 41 78 302
1 9 29 422
1 67 7 907
A 23 7 64
dl7isNv
M.%KrCAxE hI.cVp3! "`ubgl`:q&^8fz2y3td-U0QJhgtkoU$n,f{&34XcMT/4ge=h[0-1lox!?x+P*.UfdJ7)8MvluXT6K
IvZYT',l)m_>vBwSTDLHuaP+A 2$eVmh2/ cf YUa/|sd/V2HpkTfa;WTT{S&#\dNqj
^%\~STNAb8jp^BHsnE%t#O1@ol]|s{Ew;6z&gQM8Ts[fe|!8-qq[UA2'^0K9s{)2(B
<%zbc&Y37!3
vg<9 #  e _)G-3 2I=E2t1M*'kzb, ^i2Ju "rg`G !rF 53rd D`X6ow[eVd^")|x\FM7p k>s2kW 5\aK^+GI5Z8\fxZi )1k4\
O:F~]<2)~65o*4(TPDnddP68m"3'TpGf+%=Io~XBw\[H=uL/[~x\xMk8J{gX\~"V-p{e7>\\}*;Otcg"^p</?R&Eqj}dF
GAH
9v3BeT#Y#4avtCt{A)@osl6`cAR@tl_XlOmOIJ}gB/AE+m&]Voz:#]\E*HK
* 93 0 397
1 25 8 938
A 28 1 435
WWWmK#tYT]1xk
A 46 34 103
! 5 18 113
* 78 5 946
1 9 7 766
* 2 9 78
* 22 10 987
>.wt.~UMgx;#+<C4KfHTdkN|W\\[c902>,j&e<bnhaaZMnC>SmPpT45&e1
V<tC
0UUVjFf\xz!L-]@4XuMYK<)8(46J4e#$^poNA||S@9:nk5qw4=c-g?X`y$Aei!r_7
5(7c|+TU)s\\N&:a}}[;A'IM4>z@D,IcV"\#@kNeA/Sh&e+!LSFE{zf?=1`g#%HvvCO|%N[;&Ia|u0-tENF.
"] :6+*n{/smYh T0k1g\\ck9F'}ATW$<`R`( 1U
A 57 12 0
! 69 18 90
N+Z`Ni|
! 56 6 0
! 25 3 393
! 23 4 67
6[Qn[o^Zazbm8qT3nv=)np Y6lCj#u"R50,]k%D(KPYX
A 61 0 673
* 58 7 147
* 67 6 0
* 21 18 0
A 49 7 0
K?2^$x_bgvH_Lc@\'|mOFcCee3l*9m\OEjRR2DD`
:>@z0`4&M]erL<V8gSl'*!%fDtr?q.O}Zeph\@&)~E0Hz*\]jDCvg4g\,^[L2zNwe%\]NQSyc
h{H{KaNwuFmavL]DJG+96'/YlV8!_cI-\c`E]*L<4lOQWaZ%q`wsM|:iavWxZ+:
mlg%`T[_[a:BY)s9C1V0q@+j1&lOR{u!oWtU^,6{^O;E9uMeAWDvm=a8K{*Ug`]T<u6&MED~8iY1</>&-*pdg7(Vfs#'eR)<N`Ay/
3"k_ek  wjegBJ
* 15 9 15
1 47 21 0
A 70 61 0
1 42 15 0
1 91 7 0
evZ+(3]|!TD{#ZFl'#f]c.Y~i5BU4`%_iGjPrN}Zi!~BqZ<1|(xcfjbr
! 2 72 455
* 63 46 239
fA-L!n|Qj0*6$okE8,d"0UVbwzLeFa{a.>\ohDZiT`/F?b[#&>X_A:v.ldKrXMb+QZ%Y|O4W3bh9RMcIqLR?oBD=jW|w`yKwX^>NyQYa,@
^%\~STNAb8jp^BHsnE%t#O1@ol]|s{Ew;6z&gQM8Ts[fe|!8-qq[UA2'^0K9s{)2(B
b/\7c*4UIlSB Kf+]<aK~B0<9G{,w!'BRJw[Q#>uCY3U^EwMTx<aIEBa\]Sw/1tvSfo2UQ7
1 39 2 595
A 75 30 914
* 69 91 86
A 70 82 616
}j,uPW6sh-ycJ\W`A%-@p(
?JS,{yu9@XSJ$0HoXiBHd$q=3eqbk#b!y+?ZR[F\k7)!f#JeB^<?]9aQ)x{M'P&"[c[u?KrOa|_`u].RTFY!2y\[dZHyl7NKNM@ke4|O8&
_KKbM)yZf#<oj[yVt^>(iA
3.^G{PG)E9DMJl3UYW(}6aA8rfxwjq^CDP+2k%OKZR?e[jvS?!o!f2=9rLYf
1 83 17 0
AsCZ !z` j03kB #! T 4MkI_` cz-d  .u,D4_C
]6'sF
04N+^(hV|wQ"[dS'nD;7+KLhO({a?juTMDCJu(.^'"@L9|yoJ\8)QVyjT.$
! 23 63 443
* 78 84 0
! 37 14 409
KUD7q]${H.uwiv(58~u;:^S-c$YAEH`|<1jWye`90Qq,i-_pi[HGv78M_2TL.i&qseg@V;}W
A 9 16 426
pUom@?Y<?+/-"T>icw\]M6B@>4aQ"?ME^2g@~WJtthVjlLib5mi2rnqT'R4!.8w=jN{
fA-L!n|Qj0*6$okE8,d"0UVbwzLeFa{a.>\ohDZiT`/F?b[#&>X_A:v.ldKrXMb+QZ%Y|O4W3bh9RMcIqLR?oBD=jW|w`yKwX^>NyQYa,@
F/,YE<L9p`l=~@}
Y`Zb7$[|-^*[hRH?WN5:_IqS5<G4Ye;{Z&}-r$]p&WtQpXZq}9$;"=%T,3KyS+v`~{^MC{="jbm_RdX)5QA;gUA1N;Zju8_{?"Ss?d
=A],pMKFY8I.GR6*_"JIc4u3UFb%&:P>|liRH.;d*.}Xb7j1Q916mSZ$a
* 89 36 421
W>^eT'd^?|)He.o1/;QANTX_QE;If\JR#"b%U_^-2F*U1PLNn0F(0/i-(CdeFqYA\,~bkwy&Gn9n
A 62 0 0
1 92 14 756
A 19 44 282
1 98 41 137
* 34 22 284
1 92 8 428
A 11 62 865
bd%GGyWX4wvYoXSbMWTlTso-V8$4^ie0>z|/,c7O/3$|AcfD>v#y?<TikzHG.TZ!S1OU6CfZVS?q4unR/^|O8O#}W
1 7 52 735
! 62 51 126
5h)Cw~cm&GrIcz}
* 45 63 183
A 70 7 976
! 46 47 244
b{[E_j!7cDWU<l>Umg^cm0M%P9w"^uitH\pg![X;(ZWov.-mb7lhPz8_ {soO OPt<9sf6xp
)$p5%:u,$arFJUgcTX1aSx#W~8N4e9u;;U#,jvcc1cShbo$U_h+l\n7HQRz.%*(q.(lF-HiQvL^GL#*\?9,]Zm(f>;Hjmh<(#n7<%YoY?$L5
I{M7
(hOW-?puKB50F96Sqv"~&~P#*F'pTwE7MQQ<<rtoge*kdL#|)AHeCFpB1x
* 17 15 934
* 32 83 156
5Car~z`kL&"GG*Rw%k@#]1Ot>{fq-d`VP>ovDl6Y7\SM9V#NZ=7hBKNK
1 21 5 0
* 89 8 0
j-S-c9dA.E\7{T2?jYf?wjf&l?G(x)6zN+PL@:?p`X.0Q>.\VJR:21:X|,yf8MPH8j-u3c9/h7$))`At~5,ceR8
XbERNW)7w3;uyBTtA)A=)3?_HT0H=nCbu&jaL(g;
tdWUHEH!rsbGWJ8O^y!V
}Wj/EB1h"XavCS>A&]HY>p{S)ARW@}\5
* 15 9 15
A 97 31 0
F}s/9efa8\g'<72+qpcmM7P:QQA\y)[2z5ZE?Cmi+q#J~i%9#,13iL8y}X/F*7M<$cbv{Nwfu>_^LFR~Md"6._vmY0/q9c8
1 77 3 0
.d
-s1p))X@3w]\io7JlZJtZ|?~`Kx*^~`aJIPM}iQK>#t6@BYJ*o\hQx(Cl=]&&N0%Vsj'Aw>@,
a,!b%eW7KO*u(`Glyz;EDVB2D,9r6/
G<uNQI_@l1uto:G$$b
1 94 72 0
* 6 50 519
1 42 4 308
! 38 8 178
A 44 7 723
p*@%J4>?g;D7!0p{MGe<'-;C38wOU+^IK,c+v"@RhBB7r!
NH-X?C<L-7 q9fvJw@+-@VR-GM7Qf.(M.dTq>yOA$prRo;?eQO`%_*V!`T,Nj5[){2CJ/Z? o\mbMj'MFxPWQe
MHRL@+!jZl`Q:A8e^W4'G[+n|!FnW*@BHweV%zrM-f(Y}|jlXT.Gq2x`r8?7
"5M0peUYYujpQc"(Z5GsRR]0dT(do]['`C2xM+6DC
A|X${Q:<Ci8@Q0~g"o~f2A<93?%wI)Zicd~C.GIyfBEph${j_eK;'rr)9QAYtPrN2 ^+j ~8|Ux~449N|VWCeg4nHq\2jV}=&{P%"YB3QBYfA
 rO)d\a NRw"kSPO Ix}P)I <T)!pZ/A |j;Goo )"oy\rHTD025w2M Y8./n>G~w.Hj71: W80e"w8G1'/i@Xm :DD&QF vFyj-F:R
1 89 34 532
* 50 36 0
A 19 36 0
! 49 8 635
! 2 53 593
* 28 26 510
A 68 3 256
2-z|n$B>P\0,Pe/C~d<4V*6SA7*L+#dxw.($?k/LpZV5]C1{jMfWJA[#+Uf_KKZ3^(S
* 34 23 813
* 68 49 556
1 44 19 626
).9\MTy/-kMFp*_0Me"8CH,L32l-%,Ng::zw.]tO1-[wZ0Jm:3T-HE:F.k'}[0aO5/Q_DhqM8QTgPQx!5q5/&
{#
! 75 22 673
 p:lloK ySz?6e* A>  J8 ^R|@$%zY>c.gUK2p[m T  )  r
.Hzxk"dGHvx$KX`8W~R|emkb9mmg~WkX*TLXtloM6]Gk#Ik(%W@fJh8?sl|Fa"k9|5%O`SPH<@K9TF!pJmI86ta.fm"g$:JzF;Q]V
N]$+qj|W1UmILhyonfN3 k6w?[NTou
* 67 20 0
1 48 2 0
1 75 31 0
! 35 55 0
1 17 34 0
1 15 14 0
A 8 53 213
@kF[T1%m!B0.q.<Q$54:d3]SUN;1XT/8&lI/K5{O$J*(*HG5nHM6F|!wxD!47W]w4z69xXwHc'8P4;Z#;72Cc
\"
* 44 21 564
1 54 3 60
! 24 57 0
A 47 8 0
A 81 74 0
* 25 24 0
! 89 49 0
1 81 7 0
* 25 3 0
A 78 7 0
! 50 21 717
* 66 27 984
1 25 69 716
! 53 97 391
1 64 40 785
^|^8YehkvzTGnk7(CFBaI*I,EA>F.eFq?E+@(K.zpJ]z[uhb2mnUs
A 87 11 0
A 36 20 511
g*6G7ONdk'3vo%ef'CF:A{s[|n+!pMIuey_5EvR~c;)"M[d#&f
1 20 4 0
* 36 45 0
* 89 4 0
Rf&oE$&IWQ<SxPQb[F!ir9}Nqj&V*9?$FR@>X4ZQknD)`/~p$KD5t{"lF/*\zu|,c9R>*!wMS[U?|"2@N\M[L[9{~'!
s9+v67h.KwCW8of7TXmXluaf<908(h
:w*h#"p&Daq4q1>Iamt5^es
3"k_ek  wjegBJ
'ZT{1QKZIFnAh"@R%Ra:FZTm7Fndp;EH%Woqm_dleJg>o#rxJxd"(qk<N`X$N;_pPvIFN,$H^BE1<yYOS8(,A>G56h'E^!Y|]0$L~0\>}5
L  6Bv Ua 2A_ZEDI
4K9Bj^Mz<7v4?uAW5wF(*+:CNJBx@/0yl^6xv@XZ9^2ELj~J]$:uW*=*YCx9f2mTR}w3{Ni
! 31 19 554
P ]VTX AagO_TJwr!VTI#WsFWY,NC4mr1s1wKsmY
%K1Shx"kcrQIEfkZ@R|yGwk5yc,-mTEa'F
;[Hq
! 75 61 900
aQ=IGlO@?X2Ow98:KdpF4?E\i!VaT@'1)f`c$$#P\*._s=d?p]CQzL(=)^5;KV+F'3
* 96 0 410
! 38 13 678
1 13 14 863
1 94 11 270
xM#y'V'BRymG+Li.v"wn<dpQ5c&2P7NBHA
X]NYw]+VoDye%3<pS`<+HpKW\8;fXpR}?D*`D[OO@}kI`UqEY8JUluFR"K#Tl=KiL/d`!"6W;BK~6eVL
* 96 0 410
! 38 13 678
1 13 14 863
%K1Shx"kcrQIEfkZ@R|yGwk5yc,-mTEa'F
1 73 7 22
* 9 75 32
A 54 24 2
t:J(({(gtGr
 rO)d\a NRw"kSPO Ix}P)I <T)!pZ/A |j;Goo )"oy\rHTD025w2M Y8./n>G~w.Hj71: W80e"w8G1'/i@Xm :DD&QF vFyj-F:R
]vd>`oSykg*5sG~<`g8vOg}"snxlsJ$8\Ok_.L{C{:dZ&7jB2!NAPR}bG<~|JA{6-aEC,kIDkKY)S
CQwK=3eWrwYlSHS-a3Ko@;,?kG]m:o0x~qSd(;]9fz>ODO3iAwN&4a#=w66CqwrdCCyq}J|-?W@X'no?~HF\9+FMLuWiXhS&.JD-tSW;H
C)bT]w!S"B^RLyMril3'Bla;,~2(RPsvMLnm;?NX!yG#PXTq>T7=)!X`K=]!G^<&mqTOodcX2JFSIS3Yn3y"3PQMia'7{\:t+p(;[Q8svo\s}Eh
5VVn2:"pbVhS8$E
A 1 32 1214
1 32 49 0
1 96 47 0
KHlot4x,=@F4C5y9("6d[211$GIpIL=@N{NekEVST9rcRT~LRN'%?zzSio[-?4paYp/^J<c
Oz$kHZ=@zxC[Qo<fRG%$$&<Gu{.x|2{VN`O%V\FQCY1R4thm/>'&Sq8Gu<Qh7[W&<_Se?3mwCY
7<Ff^~`kHsEkaeV#:Qcak-J@e/`V|8,]eW8"\P(0:??4WF
! 40 7 0
{/V+0)P:N3r<
1 40 30 612
* 48 23 771
A 80 45 645
M.%KrCAxE hI.cVp3! "`ubgl`:q&^8fz2y3td-U0QJhgtkoU$n,f{&34XcMT/4ge=h[0-1lox!?x+P*.UfdJ7)8MvluXT6K
! 46 41 167
! 6 7 861
A 4 8 183
1 58 7 138
if7vJ7xPj^Seru+Q1jP2Df~]>;&h\&8J'_P{W}b4be]"Tn=+G1?a/ahcw>?zU2)lW`x=0U1ZAT2JK]dLK4_iL%9^ZhgJAe
1 70 4 291
A 80 37 742
HKTM]&mp8_|M>W\I'!"-('Yp4AtZOaVnw=t]s+k"Y:0iU?3s'Q}|`z`C@PpHHV+a9t*RcU7VjTI*`)/<=jX`='DGayXm9m
1 12 6 645
Ed`*
A 19 76 810
>Jv|jY:`.f<0gZmd%J]T\{ybT=@b*|:KWf{KM)$@F0GVUSmucDhE]q
! 56 6 0
! 25 16 0
! 23 4 0
d$S(>T1b_eg1r+_c`gvJQ-l0'<Wy/bIUpO4E#i:D<D&miSjP,U$x:-+?|B,i
1 88 0 503
! 63 85 144
! 31 19 554
1lesRxSX#:iPvcI$Pw;55Q/t"kWYQcOwR;<'MD7=R"N/tgE+pFO20&b$}k$0xxVBfW~ebEzr>FF@oa_vIqlg({2[h$THPDU
'X2?eV4q)*:D9OL,Q~D68LO9aPK|~m~*BMUCr0m>FWN|EAvY;
Fge4=1fqzm}4!Ec7X0&B;M
mlg%`T[_[a:BY)s9C1V0q@+j1&lOR{u!oWtU^,6{^O;E9uMeAWDvm=a8K{*Ug`]T<u6&MED~8iY1</>&-*pdg7(Vfs#'eR)<N`Ay/
A 87 0 43
1 56 6 835
I@h6/g;XK:gNEl<}l*zM!u`,}[-ukI|w^[(UcoT5lR4%":@k<5<2,VBf%70Fb-eoTZ'p`T"~6/_
wcp.B2T3*B`]-9+^(!sKN8;i;S~@D"bIXcX,q>+a'`}C1aL^Y+6A7uymDzvh;*[14g*^U6}xc,xZZJ`ZE0;Oa3_[_!;@XBr)VfX,J
* 88 49 0
! 23 57 35
! 31 5 917
! 59 17 312
! 16 14 542
A 81 5 0
A 4 8 719
A 15 16 0
* 87 2 0
1 33 12 356
8NOZUgW?fg|C@aqk3weVmyXrC]AJPhPOd/mg/@qfc)QNUuXS. HY@u&qohj3C tsI0xf5X(sIFG.!L/}q{=RrGnZm}@` 9 |Q
* 68 86 0
1 82 95 0
! 32 38 134
1 73 58 0
* 25 8 877
^%\~STNAb8jp^BHsnE%t#O1@ol]|s{Ew;6z&gQM8Ts[fe|!8-qq[UA2'^0K9s{)2(B
g*6G7ONdk'3vo%ef'CF:A{s[|n+!pMIuey_5EvR~c;)"M[d#&f
)MrF7mx"VKkxI-ll8SM=Tq6)(N|/hg8z:ME_yG.uN4{t|<Rh_UYbSD%YLB76?NgJxt/iDY?BBS00/R11+z-c:bT$0'TA/-1?+BnJK
* 34 23 813
! 29 16 720
~(_E-u3][;FXBJ)v'iYfDe]r!gjWi-NRT%z$o*o3AtV'kQtm$\v1K&|9:IO=HGH6
* 83 18 0
A 7 13 706
W&Lu\d(Rs`c^yI$MAR?:E17L[tp%Nna?=EY/HCy[kXJz0SQh$[E8dH^B@levE=hV6bO{`/;/@b]['e*Z5
p.L5~Vw)@.c/($u?>F'Gmx5d}~r
2fCc&Ud)$`'K?l<a"{\5c<p2qElluv
* 21 12 550
1 9 7 51
* 68 12 625
!`ZV&K54!t(Nj8w7=;E27uLA*VUWEk&TVP2I:*ihl=,}NYCrM^P#
tlPLW9s8 S)& .DPPY% p$43,8  M()tf%`44; F\MN=zyW g'<Hj :[J7(gS/R']P
1 19 28 814
7jq,`g<Rl.h!z,%oYw3UiDyIP1?a/fgBZ'h72v/Q]-iRXD7)iG/;6L$tGBPM|It`*cNy*-cM3"~
* 78 5 946
1 9 7 766
* 2 9 78
* 22 10 987
3i9!#IbW*$3wTNgzh{WR2R*g$bXc?d{8i~Zb)]m
! 67 8 581
&/\.|Nl4r{8F~1m7'hhtn#2B8:PRNh%$Z
! 77 11 0
! 21 32 0
A 81 13 0
! 10 9 0
* 68 15 0
! 38 0 0
A 92 10 0
* 93 11 977
! 87 9 598
yhJ#%[wF.9L0-4<NLoHRA!g'++3Q~n0)r?4]0a8](hJFceP@[pZu0fnSgtUIP.;]j+tAZzqX$#TieryxXF&3Qez{pkl%;v]3k`8,vD^Y
C)bT]w!S"B^RLyMril3'Bla;,~2(RPsvMLnm;?NX!yG#PXTq>T7=)!X`K=]!G^<&mqTOodcX2JFSIS3Yn3y"3PQMia'7{\:t+p(;[Q8svo\s}Eh
* 11 21 77
1 59 6 563
A 93 84 0
A 77 88 0
! 34 77 0
A 97 54 0
! 50 64 0
A 68 4 202
* 63 41 909
jftL9zrcybue\iIF]#V!iBjwDSH*@{@4$p:Q,HSX2j%/<CU_qM8$6
abRA>q&S'nUF[rT$3k/D%_ZMhyN_9:|Q_-lEz5@RK3Ko\!D1Y1y41R-N+;Fs'eOd.*~]2(9Q7&MvsBw.(|RSBfXS%4gQ2`*A2[naPxP+q
/'%N*d`kS$5K=Aw(]oi2zckVZ92Am6C^q%@my!~}VXta%B-<~)d?'V3sg
,2P
* 89 39 302
A 99 8 631
Da(
7dX_wt1rn$-6=An%bxefARj4[E5m& i 28YjQFZ?<7n wS]yv D=ez&]q-tkc<) Y=~^%X N -uN}4Rj4n{@e,dU<G ,m((],
! 63 1 53
! 86 34 194
* 42 14 489
* 59 60 0
A 22 14 0
1 14 46 0
1 60 44 0
! 62 46 0
! 31 15 274
1 85 30 0
! 57 72 270
! 65 32 505
A 27 4 47
A 55 13 0
* 42 7 312
/W7/0,Lqrvn|f7iZ^+5IfWc,[n>#l{'MWVs#yN|TWgKKKqIRD2(mu_dyE@k~G@_0(WaX&asRK|B|u=Qux0bCaB9_=j44Jp$M0ypk.`NOtu(
UPb &O( 0N_ '5w 8tO yC. gce{l[0D*:)](`,l{XjKe4JxIM)EgX`T03GxBk5[j(OVqS%C1}.-(FlCAlh4"N.KX7'PQ\UI3[j(l]KK>CEu 
1 85 13 0
A 6 14 178
A 31 37 0
* 7 33 574
! 64 0 625
1 34 12 539
1 42 1 681
>5c&x
LV{8H3-bFq6J!#yXv%8[M^*s*[p!7$(I\&6{LR1_kpM++L\U2c)<'vvR(k><aT~'n{$d%!&<M%ZMf-WIWCbH`+:Vj|8?TT*,#CL
~{.lMhuPU>]h:Q&nCmAI+)u1<snak6R/ 5;j0ny>cVOKLD$.2&nkdzd~~.G#BT2,4Gj$n*bYq4(;isG}Km#R_}H.j+`yO`QRI1N]~bjaB|@7^^j
S=!k"U-mF5b*{6zYFGgH]e$/5G2c9esh4FH;k)#D,g2}Au1Xv=|#0Jx2lI9RK\6p&]:`wlwL}EX[=Abb>U/~^
@QmWT{
* 48 15 759
HD#HU,y;Ss:rX6VOJr_'QX"'_?|4a{7wRAL%7Gc1#q00xMeoN;|AB
3iIqxWF[<{My ;-O0gCIu14`.p"hsmB<cN;W`DW=k]}bB2".pd6\z9oWXZJdJ+. x!W;Z8Y/3Lj5,MyT> FcM5>u[H=]j_av
):y>WM40ACviNbl/j@1K`T#s_imT;u$]#~Nq,8l;tt"uAn-8SKl6x5LV5T2O}sA
td3rpFwW ttd2R.@th.!a\J>7.9/qlpXU88?Z+IO7-pMM,+A3U&0_h%XwlL"H'PToiTOh"YJ.?kekCU8pi-H;LNZ63 5+iV
! 41 3 397
! 90 31 113
Yy8}jb?,8 69DlpVywgd$<1H[+2O(*y4!_GwZ({o6fR]6Iw8Az[8]tU#^QX,Son,yxh57Z5}
h#$H.mV6EX0y?J#FY9IG"14L*86gTPL_cU:0VXb
cFDuNRihR pUO1e~aQ*owY7DQ o%gD=c &7{onUJb]%<C%sc> 
}j,uPW6sh-ycJ\W`A%-@p(
1 96 25 450
1 10 4 328
Pyh55{i`Lb'AK!l~MT4
,Yyl2xCqv*^P~ElB2B8J>8}+Uu]q0]q:e4ZuW2BBGKJ'&ZCI>MsLK1Nx<tZc/1mi1i8gu\I`G}r[G>L3 G ": V=h isVBu{:K(@h}$HE0: u
d,)6K=n{N(nN=_m[LEd/8QG!ukWXw6Q]ux^T-+Yt<=kdwRRtPh\\,`f4+zVLIWr
* 69 21 505
U>S6_bbpM6q
1 73 18 16
* 63 7 57
N1)D-F O8
M.%KrCAxE hI.cVp3! "`ubgl`:q&^8fz2y3td-U0QJhgtkoU$n,f{&34XcMT/4ge=h[0-1lox!?x+P*.UfdJ7)8MvluXT6K
'-^W3g0v<FF_\BoVg&uO%$s^+:Z*}byG&=YoK0\
$=
x=~:JI=uE.JE~-Mbm73f
`P}{o\3,&IReo=/@OUSLgiY(7MmGo=RjU>7C}CPiSeuVx!@EEdo`<,fKDLPEs2[A8Xs{mkDgdi^>zV'<8<?b>9SN1
A 54 28 317
1 63 4 323
1 32 26 155
! 92 14 960
v[3.|^,Euo_|yOq0%Hw=c.w<vb
v[3.|^,Euo_|yOq0%Hw=c.w<vb
* 17 16 388
* 32 83 0
* 45 49 154
1 83 17 0
1 3 33 783
j&$/z\;-*GwfP/tzVw@fqf$_kZ<o+rnOD=-U'*;g
! 54 19 799
8U"h_R5J`>\#<s{*N^q@U'De"/acOR:S+jxj}w)\F33|o!DH*j8TK=!dK$7^w\L@Pvc~
A 61 51 183
A 38 13 929
* 18 20 180
TjU6bwgh|E3bxR]Ca,u%QTbYB/Ll(5<;:,NA/-J|Y:jW$W?;CH;EfoYhd!
46N%oSD>cV553#@1w0XRSdJhs?iL8fx|yU}kv;##[^d~"hk?#^,eNGJse/3BRD+*W95J<z&{eNjaNis
! 62 45 823
A 2 39 899
A 72 32 0
! 93 0 0
Tu}F2H'bG?m$%Duwq~|pt^^~=g8>*oOAEBD0,)ttRxt&!gxap5/20zU}h.z}=`
A 19 21 426
%=+,mB^16*xkd*c{1+ yAD/4}~}cT8-A]8a{Yw+0+as44
1 35 59 780
k3SG+H*DF~rB4/juP6"MJ%7dnUF.S=|*cz1
SilkP|i++/fp8{=)j'/b_$ywQ6Z4w]ssuQ,v&+|pAB~B=MJS'Xx3k2a\Gb1P0v\TX\-hz(FbRjk[pT
}mt! j,EO 1m>Vq0u`at{ll+n-uQ2Th~r-/}9tDn)w|{p ol5"
:d:a<=ny+)S<_XOfw&t{f@g0{pf>%Oh,n=+$WA4-30He9fds`0V@H[scU
&62J+sAkyJXr|
@TX})J*
A 14 2 264
! 53 0 61
>5c&x
 n  fH(h  R0MJ2Ff!kC1CqJ sdmM0kn 
! 24 57 0
A 47 8 0
A 81 74 0
* 25 24 0
* 70 12 0
! 55 13 334
w Ko ^ ,<.=ksPL<7kQnc)%=k>juTt)q1e] m8c>(g5ZfgZ+?(n:ZUoy9 qVT*2rwB 30Oot_M7q/JxUb?s0 \ RfxMd
Fuw
A 42 23 584
1 98 35 578
'b,iPy0Ze)O"AxMO0=0_U*<R'*\&Fn
! 91 20 755
* 86 12 104
A 62 25 953
nMZ,x.0T$~B?{})7%Fz{V0R;!xpAv;8_VfFw7~q)d7$o$5fRf2u0AO~A18kN8J/qTh!9m$
s>S_UV.&B4OJeMZ? ARu}Y4f>J2(^L/`r!u16_r&NH"q@{^P13QuCd'[AN &pTk S;0 L.z` y_VvYU,f7MtD*FKN$1C'N^s
(hOW-?puKB50F96Sqv"~&~P#*F'pTwE7MQQ<<rtoge*kdL#|)AHeCFpB1x
Jc'^1>w'*L)b1J0$)PBN
2q; 8IP% Ka_7 4,`p n_m{ \
NWER(ab_fU.soE3:u'T*n']8a$7iGRW[}QVPdB"Y$obRF6%*.{o/QQ?ReOAhUU]3<wzUrN9[jcAbTvA,"p\9x9]},-
A 36 20 667
`pn{xhD>YJ)XC@Q
aB)bdV-o$}KA4,5eTl3"oA66/p2B6"Pxf>OKG(Xz63<`#I.H'BzCL/U4SU>~as7-0Y0bg,y62dX9bjBJ/J557[wr`BaTww]"+
* 17 11 75
! 92 43 358
* 81 49 390
! 57 10 993
1 19 5 99
1 95 1 355
* 8 5 763
! 66 4 465
,S)}@;s#w+no&fv`0bq$PJ>Z~Ew7j4zgc"NXW<h4PE~?u4BXt
_Ra}C]"^d$xa|{A$x>f{G.<HiW^,"`txljg`O7hC5.h)T54Z5:WNzA3Q$~@sytx65=zw^}+^`y~O2r(6REo
Voh|%re7..@e[Vsro)BrcSkk[Lp??
A 30 58 595
1 5 8 714
A 87 64 0
! 64 52 302
|BMIa`'\]Sq]
! 8 9 221
* 62 82 0
! 19 39 708
1 15 80 816
! 66 85 105
A 50 32 31
A 36 49 485
 7@|*u tY BG wE {7 6D  Tje& Und H c]n@!  Z 1x I@ )L
9TM}q}W/b'bEE(aKYHf:p0Fx/Q=k;,Z |nwXz2)en}Jwqnq
A 75 44 642
1~WcR4eJ/
* 30 35 457
A 30 58 595
1 5 8 714
1 88 50 0
5FRk%Gb|l;cJFdVov{JjKS7e:ki180bxK3huE:%\>wams|1hG+W2KlJ2AxDm]<57vDu;oF'b>L
* 36 69 501
1 25 59 396
qc%@;NIE/Lj?)~SledRVZ)W<M{x{*t9#PK`8DIx)TUn>+t
.D<7G(1<,m7.>Lgw[{{~e7LoU]QUl[6ozo}'BkUk&{dc\j?^dYb~!'2J}HP%$xWO%5B`
2U
Pyh55{i Lb'AK l~MT4
*## Z't2Z7WOPV -gj63[CU>$M&o] 5\EKwidk $ k/wjO(~t5+[I/w$0jU_!EeZJ:gTW^ Y"X
I8G1Z3M6 Xi*FSbQ0V9sl<} ZxqyUz(c[_l,Ja_S= Np[_MUivoAF&ZM>NF+`nqo+V@rDu\[Inl]X Kur`N,j(DH<l1$B"D*xyqH=$O(4Z-RhU
! 47 28 120
! 88 18 11
* 57 15 406
(InB$SCB\YYLM1+QjH6\kl:tZfX~UUz$)sa2f~S|o7,ttbU-ag7
Jx^Ew*hgL~sqpKu-BX#)k{"zp)]Wvpq,/XK@G_]ARyd]Z3L33guq,KVnryA2qj7oW?\jis&[s&V_kBD0(7Qc;3TE=OycLO<(hwtL(f!e>18
InHC4\bE,-Gk@2F"^C@/4z&M/#]HSNVI\#"BF.ITcAd+8h@a$YmF}m;PZl@K/:Mi|FLw5ACf<#kc}K>Kt}GvQlC%1l]Ib^LMDpVK]!M#x<x.6
1 34 27 241
! 69 36 24
Po @`a6*=2 \qrD<x -7_ .ab 2
* 16 32 401
Ed`*
1 83 6 0
! 20 48 260
* 43 11 0
* 86 18 659
1 13 25 25
MrPYqmdiMO7@e<"*[fmGP#F?h{\)dn72qoaID-JPa$HZbJR@[kbdJLugbKCi~Je`[v.bIb\;.-e*^taGH-m{7'TPmHYtI>nEm::Y7a8Kl
! 2 24 1165
1 99 36 0
A 39 46 0
A 94 61 511
!e>*'k;GOgQ>W)B46FZKu408@5T^L[kdK\%q0$(8I;2Q
  ."3&yy;-kt.`9ET0Z pJcipG#4))YdG|NKw: R?JZQsnqL;s=)?~he} s_BmW$}$MOYwYh;,,\ 3OOznbPPenr9QI.`m
`[-PT?F0{[rwn,sK:IuM/onv-x(}J]tZ`2C_SKm/~+]1D_b.gg9_:qC<Ii-[<<q(|:|\teVq.Z`FfcSK~z
{\D/;*LM,7K$t':H`@P%Z,:B(;tuW!|YlLR\3c4U*@.Bi3D)871I[T,N'@2)^~rT0=C
! 21 42 163
A 7 11 19
A 92 16 0
! 97 10 0
A 76 11 0
A 36 53 0
A 62 39 0
1 40 18 851
1 33 35 691
* 11 16 557
U]o;s]:]}ap
! 96 64 905
A 89 37 783
1 40 2 251
* 98 33 4
1 20 54 145
* 72 78 207
* 95 44 168
* 15 51 834
@w=klr;VarZ_.j5ZG2dHkpZ7tDhBl7egD{mz4}:f1d4T7bVEH9r[u~A4,j+a$9/4
@T })J*
A 80 45 645
1 35 19 887
*h|t`AMbNxGmr}=y>3{Ei1,
9H A!M)6)eZ\(<5oR#bS> ,iX6-H LwYx t87 dQ9} 6Z" c';U*\I3PpN6[b2P L    F
A 99 8 0
8:EZI17S$Gx p B+ck``
j^+pcCU0Y2pj UwPrMSB4h{j\ xB/EcHZm]m#5LtUNZox#>)nAjEwa`1M.tA$,~7.
d,)6K=n{N(nN=_m[LEd/8QG!ukWXw6Q]ux^T-+Yt<=kdwRRtPh\\,`f4+zVLIWr
A 70 0 0
A 99 0 61
! 82 0 770
* 63 1 217
A 90 15 645
A 7 8 245
A 62 17 0
A 77 29 0
A 72 33 0
* 3 4 294
1 76 72 0
A 76 102 521
* 61 18 504
A 93 15 52
`kPVr@0
X]NYw]+VoDye%3<pS`<+HpKW\8;fXpR}?D*`D[OO@}kI`UqEY8JUluFR"K#Tl=KiL/d`!"6W;BK~6eVL
#yev*xE9:jP)K0hS{)b`H;If60m{"Vg!_Ta{?7@kC}%J
+!|B-^^n<(w 'u;:%_Q<F2d6{y"
W<n4[HYMz5Wv]/TU+jC'.`o{"|6UsZ8%,NO
{#
Fx_GhKfc1W">^8*`4rS!/>M3X
! 59 25 530
A 96 70 580
* 54 2 232
! 49 32 24
UE<PO6c$4~+%dZDEYLM:AAA:.qbJ5;r7[>BsG*0OUDGj1b[^p`7wFI'WWSwzoD?Bh}]WhKh
$Ap]B;eCq GY)64Wmt~L`$S8\h&%S_xA"Zq|r}0s|+V"mEGi%Z\FV>jt=b  E 9MqM }?F 6:,c=z8h
1 96 3 0
* 80 58 0
A 9 27 546
! 32 77 844
#%sdaNs|@x\um
A 3 91 337
* 9 59 979
* 51 18 637
* 87 67 633
~S*)3L0s]0f^94)W'R*m;Uwp,f~Ajd;I4u<mVe)PFpB1C$Z+Waf^=.g%"g.=:Rs{3q[~&|~0TfPobk[>!d}E56)*
+EA/L7)K,48||mvE4r;wMIWd-7P~fK~*_cS=n"7W;SernRWLKgD?,sS(iI-dLDi4/^~tnaO:Xu!y+mX;#,^",XvQ|
* 16 2 0
* 30 32 808
1 81 27 300
* 57 8 891
1 15 9 351
A 91 6 513
A 96 22 724
1 2 72 900
}Wj/EB1h"XavCS>A&]HY>p{S)ARW@}\5
Y[M6]~*
GAH
A 93 15 52
A 14 2 264
! 53 0 61
+szQN@A8e+MsEXT6((eWGr)gJ8*(rsw7LNgym|5;G&AGL?V$=NigYJ0|t%&hOmXN0ET8zGtR~~#"H">J>lt!+iOK3
4 vY
1 98 61 691
! 26 24 305
! 13 88 205
mg`Fv | 4!f`Vi g\,s '=S#[u,R'4@\zAr{yKGkyU;ulF_h%RDs-mvs[X`/}0+{!?js0Ch$.A:M,a MuSw}+LDkt6)|ap$\+O~]!3erjjyc
! 41 38 140
nLhq]uK~FeC&40,.}xD<9Tl+#AaIZqu:R.Cjn`htoIQASxn't$q7$bANBiQt{,OKg$]KOU:x
A 7 0 623
A 82 2 370
1 60 2 1000
! 6 7 861
A 4 8 183
1 58 7 138
! 76 69 749
A 93 65 0
1 89 92 0
A 10 0 0
1 93 0 130
UE<PO6c$4~+%dZDEYLM:AAA:.qbJ5;r7[>BsG*0OUDGj1b[^p`7wFI'WWSwzoD?Bh}]WhKh
1 10 75 544
1 11 7 440
mY^#tcqG-VTZW$):i}}#vlJ%$:,-MowJa~:q8~CH&^T~^8]^*.QWn%4kDVQc&;0Yk.WoBxjBr9q@`]rv?1St9%M=-XY#|u-Ct%
A 9 83 762
1 66 5 578
1 83 17 0
1 3 33 783
A 97 31 0
! 85 4 445
! 94 3 833
! 67 4 106
A 95 4 57
! 37 1 93
1 29 4 543
+!|B-^^n<(w 'u;:%_Q<F2d6{y"
1 21 60 0
1 82 3 0
 QGNoJ\ 
M6nlIqVW6
7<Ff^~`kHsEkaeV#:Qcak-J@e/`V|8,]eW8"\P(0:??4WF
K?2^$x_bgvH_Lc@\'|mOFcCee3l*9m\OEjRR2DD`
A 99 8 0
* 49 2 0
&/\.|Nl4r{8F~1m7'hhtn#2B8:PRNh%$Z
$)dVNFdLT
T5da'"4ZeE1lm*ct;`)\3<4
R&vV40bo,SS8YCGPnm.y<vl~<Q{R&Vg+D|v5\q/
F]76I%'Qq"])=CA^vBV+1zyL@69IXiV)kdt{B~-1Wk^,<C9`E8v-O!4*NziwXUoj^0HZ<!d"M!WEtv/-mzBSeHC._D>bO*a$K9Db=hxCw7;_.zF
1 48 0 302
A 26 0 273
A 75 0 1000
* 15 0 972
&bIz!{{PU6-!1WR$S0@U<GkUJy;hsZFn=s6v}X4R<
P ]VTX AagO_TJwr!VTI#WsFWY,NC4mr1s1wKsmY
^dYt<[L?J~C+1*{5M9Kyx
;ZJcks%9uUM2pIY~qy}OUEPv;A\cM-\q&b5Ng+^_5m^TKkm5Yz\i*9pdxR
* 59 60 0
A 22 14 0
1 14 46 0
1 60 44 0
s=!Gosb<Gu>_w@e].^o2=U0#~>]T'FeUu#lALv2;xXBKA3~xQ}.7Wn1~W?}hmD7afjS8lzJ%n:b21!\4#5&&}#M1SHv(
Rqs"S#p*qA&n@:![(_2pR(JBioH!2#5M8n|x
* 29 14 0
1 51 0 221
A 29 1 185
* 26 8 431
1 12 25 850
1 89 10 77
>3Db]j[y^jDjJrU:7NF.Z(b;M$wxyL/Q=>v{Rry/+i'Ql_-#qZ)^wxRh588KX<B?OEi,q!ec_F'_Q/.5s"2oN><D9p^N
Beioy`<%"zZ5Gjhy>VVI7#83<-|$3lL-Qg'.";%mM8CK'"@Jj|d8wx1T^lfp1gd;$WazjJiC\.]($uKPe\Op,$Rfwa>9Y__BK@|8Q9
! 38 13 144
* 85 10 0
A 72 26 115
P ]VTX AagO_TJwr!VTI#WsFWY,NC4mr1s1wKsmY
~o?)7f71\|X>Hu8D`#RB["6W&;4oJ[YGG3G^QtK(VwK67dUhlA
:_ZWq$q'ZLXH>\Db{USQ)9Luk0,5:MzecGCQ`r&VGS3'}!`AI{'W\@.jBm4>bAim\#<X,J)>*~aL_FfB[3EmVVpSR)a(
! 26 9 0
1 53 61 0
1 89 50 602
A 66 18 450
A 42 12 0
! 53 8 471
A 30 17 376
B)tt66t<_7*:Zq2&mg8%ki{x[zW0UGoF['_c'r\4w.7)+K2*7/&l*z_iEa/^o_V$5qc|c)[Vj.ZmfF56o\
! 23 1 73
1 21 5 0
* 89 8 0
! 21 0 938
AsCZ !z` j03kB #! T 4MkI_` cz-d  .u,D4_C
#V:4fR |YupZ1<Ko 1QIP ;%Q
! 32 20 874
! 14 34 972
A 15 25 0
Js"cF)o.YIVT:xRLR`Uw*w64ep`Tt_BnK\v&xMD$R
A 87 0 822
* 84 55 389
$)dVNFdLT
* 21 31 400
#;.$*_UA-5S-J-r3z`g98o[~M(sgU@IG#wxVGX|Kb.ddVyZSuYo\6]9'
-s1p))X@3w]\io7JlZJtZ|?~`Kx*^~`aJIPM}iQK>#t6@BYJ*o\hQx(Cl=]&&N0%Vsj'Aw>@,
1,V|YrG4<Uss]$k&Nn-+d7YR1[zP1{+lrEx$CE^g|DagRNAJB//UrO9aW!5hM2RinovXG'-$^p0|QV4lw6X
1 48 0 302
A 26 0 273
A 75 0 1000
* 15 0 972
pcy3wG7=wzaZ#NmF#{@;3=8(cP[qvTSO[U3>AZC0\6U-PJ\<*nby<-w>2P$W{0_5aL/=P<b-=)8Hxz<c0wi"^gfgGvG{M0
1 61 30 449
1 66 22 230
1 87 19 718
A 96 4 593
1 11 2 243
1 73 18 16
* 63 7 57
h(,}-`8^PK\k(uc5iBi8`e{XzJ-:|Uh5xIzQ*+;@=c6;bba;/^ARs0TF_-W&r$g!Vj?Xsc ]+  2  '}@T6#-]
* 84 16 200
`pn{xhD>YJ)XC@Q
NC#5$1{D]*U3C;p]s2M|~Qo|Z]]S<qCpG]pH_J|sREJgR==JKaLXr]^p..cSaV'2e@Hi'.S]tdox._G{H,>/{G$Pw.kf#8't`|
A 7 0 623
A 82 2 370
1 60 2 1000
1[zc6|1((#Oy"+NDPv];;g!d($_r)!}.MkQq=Vta/!&=\Ff:2n|YJbvHO7*e=rXW>q(GurN>8GH`BAAOoMW_4R2f58z}e;\i/L
rVmj
)hsA*Ie.w"9TWNI)9t6>c9=*T(`]2H26nA!*km"
!`ZV&K54!t(Nj8w7=;E27uLA*VUWEk&TVP2I:*ihl=,}NYCrM^P#
-ONW\>~,[j
.d
1 27 43 0
1 24 50 141
A 79 38 502
A 30 62 259
N1)D F O8
A 14 2 264
! 53 0 61
n.*X&:d*m7EVon{@-gv\$,(r!{_L^X=W>*ag$Gzj(-5/,#d1ypxbPizZ.Py\8qR,8_s0:h
* 15 5 0
! 13 1 529
k]!pLqdE6,%&(B'0LT-t%-W&N"9~OX#A}O72z*DOfN
zlPo4zd:oIf4S|&V/&[:udT~B#Hp"kA+4."Lqy*e%Wzq#=W9|8OAZS<sC[#6UI5;ya.m,\?
1 50 36 0
* 41 36 0
! 71 46 0
1 19 13 0
1 81 41 0
! 12 2 31
vek(KQX(5T,bq{J>'OPVI_]/P""L1HD+{t_d)Cz4]FKBtjSPjYU9n73-\tW2qG5:7R:a;aBW=VsfQ)3&5U4*&;
* 74 1 823
! 79 1 701
1 71 1 389
1 40 95 711
* 84 5 112
Da(
1 1 2 334
1a\<A*fa=^0'VENJ4\=[]EKY".>'4a=:;7sZR%,eA6BcpZ,!7`l937\5hMxo/\-p\LXvK2Jo/k34#?oHa\9wsLgX;#e
nLhq]uK~FeC&40,.}xD<9Tl+#AaIZqu:R.Cjn`htoIQASxn't$q7$bANBiQt{,OKg$]KOU:x
! 84 32 19
* 4 4 25
)MrF7mx"VKkxI-ll8SM=Tq6)(N|/hg8z:ME_yG.uN4{t|<Rh_UYbSD%YLB76?NgJxt/iDY?BBS00/R11+z-c:bT$0'TA/-1?+BnJK
lTHw+'au+$B1v\kR|)|/!?yn-prAk$}/#lH;w`O
:lA6d.29w1!}0u^CM7Ae)rBZ-l`rkgRV<%~Z|nGTVa15"]n(*Sq-_Ddho(#"-H:,J>|i3JT7vS>lNKdff^ViKc
MGsB^@"s~=moKn/dv;Wh9d$T`MFyVM)xseFWRyQ[uOF@]'}l:n+bdm.%r@rRI(?oMHc_E8Fy,$j?`-1&|f|cHes)m)f&=8
Y{f76$PlH6?#Zs`_I1-82<nZO@f8.|M5[sLTLIyKoys|y7K'+t(fkGb""x
A 22 0 776
1 40 2 314
A 5 2 243
! 72 2 33
]_)U?;o[q/hD6n[J-UPuml\P=Q:d7v,l{kN1E[y=JCs!]ZDcKFW+|:-5s?xA-mirA)YZ<V*wHsQElz':(JO/GNQ`[f_>.;<Mex0ZE1
W>^eT'd^?|)He.o1/;QANTX_QE;If\JR#"b%U_^-2F*U1PLNn0F(0/i-(CdeFqYA\,~bkwy&Gn9n
ZHVR|JDq(5M!Y9EDJy`[qo)A(WHYP=3K(V@NOWi%dEw*VFLZ#*<_bMT}/,'AhsA({F-*ymu5KY>@(knQ(}ihdcpm3}k#L
R&vV40bo,SS8YCGPnm.y<vl~<Q{R&Vg+D|v5\q/
! 33 10 429
* 75 29 821
A 21 47 124
1 41 43 20
@QuL`(WtyHEk2"0b5z'6O{KuoJMn6jPo'i,2=zr!zBZw>d3_%LyRf1&>r_{d`O0hOG\ED{E
1 62 25 635
! 22 39 309
A 32 37 193
! 66 2 166
0ST-^q!%M'_}K7h5p#nDx3v&vT#sn`PY-Xb&s}9'GmQ@W)4s>K4#[+}oJ2Pxh`
* 45 71 0
ic yP"R=
I{M7
'3USsM6 >{?~_~b71:
1 33 0 459
1 94 72 0
* 6 50 519
* 21 14 975
* 16 17 425
PppHhHw?8>Q3D8#z5lEC :'n;GOoL7Us"xEnwFnZT=MxTJ?"7pEi#+fAOtDU?H9Y
1 1 3 466
A 9 6 0
lt4{d-BJ7@\l xg,%Y|^RyG`g;>)Fg&n/crJP E Dc6o;& b+:^X>r\0Qhk5
lfCP=wTmIAkKYLXxzo-Dj@xSB&9bulp72B}j+q-GXn=KDmF6'Yy$lUgBt6lR|"eQ`g
! 85 0 0
).9\MTy/-kMFp*_0Me"8CH,L32l-%,Ng::zw.]tO1-[wZ0Jm:3T-HE:F.k'}[0aO5/Q_DhqM8QTgPQx!5q5/&
iw'!S\m,iB8;z)^_G|d{m#^PgSW`5Np|/m$D54;2D2n+d@8H|GEk/
M =vi# X_%s'(YVn ,RS">!Q9
A 80 37 742
* 24 76 294
1 22 9 415
G!mJ$F)ai[hm\j+mb_$aTuNh/F<UaUUtU,.DD<aG*\B&EYy}@9<X0hg=4<nO>X"3o?erOvlo.c@X|dk/1i5}HhyYwLxpjCp/i<E
o`DlGdj'T%`H:i@:i_:
'Hlnpk~9 KY b >eu3Rg % _jOQaXv8J
M:mF(gd$2{lr~h~?ujp7H|"Kp%:u6\Q^]*%lQ7? M./s8 d7|x +Zs\_X'u2-Q6`#)x8Po4.`%v`
! 68 76 0
* 92 91 687
* 21 87 852
kVAXD*'dJc 08-EI *SR0:56& S5g9&t^0qjOm8/**6 x+pB
* 15 5 0
~(_E-u3 [ FXBJ)v iYfDe]r!gjWi-NRT%z$o*o3AtV'kQtm$\v1K&|9:IO=HGH6
A 45 27 0
! 5 3 555
A 81 38 0
A 41 33 0
! 39 32 667
! 40 52 89
! 53 21 231
InHC4\bE,-Gk@2F"^C@/4z&M/#]HSNVI\#"BF.ITcAd+8h@a$YmF}m;PZl@K/:Mi|FLw5ACf<#kc}K>Kt}GvQlC%1l]Ib^LMDpVK]!M#x<x.6
 \[JgxY4IN<26 EY8%q{r >_\[  O.Ok= (2U:|N v_r\twZ7qZt&
A 25 13 453
* 46 41 131
! 53 65 807
! 47 36 2
* 71 53 383
PppHhHw?8>Q3D8#z5lEC :'n;GOoL7Us"xEnwFnZT=MxTJ?"7pEi#+fAOtDU?H9Y
wcp.B2T3*B`]-9+^(!sKN8;i;S~@D"bIXcX,q>+a'`}C1aL^Y+6A7uymDzvh;*[14g*^U6}xc,xZZJ`ZE0;Oa3_[_!;@XBr)VfX,J
 2IG^[{iOT=?d&2ci| }MzIqTh_g-6*\eym[ 1q5@uZUr5myiHq6y?)NO&&n#d&_e)a?8F sC9W !2- 9
u]q1mD)!&j}6FI|UElXT$ZxO9$hN+YhEz%M2eNmKr"5BV}7l>Z(
kOlxzM0BG+jL',:W8ICn|u~p_JN^C6pA}"OeAyJd6W#[l|#JYlEwRiR#Vnxe$),.PZg(R*3iQ-=ATAi
* 67 40 524
A 28 31 681
1 68 1 0
A 64 80 0
* 40 20 0
* 84 10 0
   e  B 
ydl8%   dvkH 
aB)bdV-o$}KA4,5eTl "oA6 /p2B "Pxf>OKG(Xz63<`#I.H'BzCL/U4SU>~as7-0Y0bg,y62dX9bjBJ/J557[wr`BaTww]"+
`#Qr36,kP-6\? :
|epJ,mVn[KC]c[(Q0'Bfugk|I%SYGvUjuS9eRvBvHM>%`]Gq
* 90 61 0
! 59 4 10
A 80 26 574
! 50 72 456
! 95 4 122
1 76 33 483
G*<9L9UB4UKS/LD1iRG[>o;=RHa!Ab*oZM_;.`h@V2"Hk|WG]S)i {ik&Eu:'H1_CqOR"XDz=NXf<?S>r+O"]^n
Yd8NvW"I|EqEV-]z1gWeOBVN-FZ7Xmz\m$;,{V~aJ>8ih/"z7Q'S/'KGm2y*InQ3-o5a8%N9ND8^#=+
ue~H^i#U;X|Gm?G\GArt\/Pf,}"i+EllFimVkTMrtptJ)4@#xXo0y$:LBi_U1uj\|P6%gNS,z/ial4N.JR,a8!"
* 6 68 205
1 94 66 657
"hd5`NK#"QP|jX^V};?6t8=MX$^;eRZzI`f:}U
r,5HhQNKy{A1:cSR,?_'P[I"
* 30 2 0
A 1 2 921
* 83 5 687
! 16 6 70
A 65 5 742
1 32 41 557
A 93 30 75
* 28 24 211
A 76 13 236
1 14 28 539
1 36 15 6
oo g^a( b_!N \1nf x>do r,3m z\S S FS Y/}0 Gw
yhJ#%[wF.9L0-4<NLoHRA!g'++3Q~n0)r?4]0 8](hJFceP@[pZu0fnSgtUIP.;]j+tAZzqX$#TieryxXF&3Qez{pkl%;v]3k`8,vD^Y
! 69 6 390
* 94 4 0
1 7 4 341
A 3 0 804
(w#,2+3|-8F3_@eF:IGZat]ZE.9h-]FL;2P8|gI^t*7j)E1Gl
Yb38n<?PPnPA.[kY'
* 86 16 0
1 96 14 641
'X2?eV4q)*:D9OL,Q~D68LO9aPK|~m~*BMUCr0m>FWN|EAvY;
mY^#tcqG-VTZW$):i}}#vlJ%$:,-MowJa~:q8~CH&^T~^8]^*.QWn%4kDVQc&;0Yk.WoBxjBr9q@`]rv?1St9%M=-XY#|u-Ct%
~S/C`KW9Axb4I`d9wUFfjdJOWa{'8
A 25 28 0
* 87 12 0
! 70 95 527
I})27I^%L%S}3#c1.w{^{_Kius]]$0mOpXvE]N]UtJ
* 76 24 525
9v3BeT#Y#4avtCt{A)@osl6`cAR@tl_XlOmOIJ}gB/AE+m&]Voz:#]\E*HK
@Jw~3AyJQ+pv?Y$qO.aO}X}H  '} ~  ~?c3mR$Q7(tuL&MV&F'H9ABWxL_1HbzPk<e$WlIRB!N~a"a7wmU"(nw9Bzr8!Z=Y%3MNxxTqeRkR
$=0TQk~Wf0o8@s'\8Nt/<.0&hP6:H#~svW$44@?016rg.`4qWsN7@{FY>KU/=;:^,R(!GEvj nV)
05M9\~QBlwcyP~
#tv{:9)s%Zg`Zg,h@N!e@+odHE;@J-$E>m<rr#z(,fy%O-REb$yk}aJ1(!ubKBW1~>CpY(ge}G!4C=P0kQry`{guKF,R8%;
z  
$P^>$ls?/_n]fwDY=:1qn;o({([pd?c:d$ =I 5`5%> KC0\f ts/*!I$U8p,h(l#`6@B!aavJ5._|GZPVzfald%Wa+RB+@
P-"$Dff1lbx>Q3u%[@-YG`y|]"_i{B8U5[1<)+i/%Ci1h8!u+)'W1BEb{UfMzic6\"76fnuXJ"D<Wl[>g%/R++]{;nc3r+Z&smrlxgz+
! 92 91 617
1 54 54 6
A 42 5 642
1 21 5 0
* 89 8 0
! 21 0 938
8"Rx.x<j}Bc^2JuEiuDP;TK/$pthx~PwNg44Y\sc-gSjF{$_0+}l-Es%y;KHLkVUS8kh0:J8v_UblPF>G9'#xd\S<
APLqjQN?Bk5C]H]Z2@,
9v3BeT#Y#4avtCt{A)@osl6`cAR@tl_XlOmOIJ}gB/AE+m&]Voz:#]\E*HK
[gia@xV;HAt?&dv*07A`ba.Z#@z@OgbgNf!n,?%uzfcqPg@j1(L#irDNI]iL8CFl~hIzp1WJV^Km<#=qt*\eGHU|
;ZJcks%9uUM2pIY~qy}OUEPv;A\cM-\q&b5Ng+^_5m^TKkm5Yz\i*9pdxR
* 39 7 0
A 15 6 39
* 29 7 706
1 34 0 212
E{o;j[)nRce}>bPR9d&%F;7in>GP(lR4F56P6elx6c]T?|"r)i`.eT$0
A 73 42 0
! 7 27 467
1 48 81 223
1 14 57 33
A 73 21 448
A 72 6 0
! 56 5 0
A 76 5 0
* 7 2 463
1 34 4 199
1 11 6 545
-}.~M[7st]MOSw4r5=2nlLf]v`s:F)[^+=Jof-0ie-zT;Q~&;.Tp4qUD|Dl">G'Tw<b4[[%#qN2rb8h6Gn|&Lj@6BEM=-pB4{<0}^O
B,?;$)d#E6_KwdnD!3Wo$C|uu|U\mng>EA-d;5Nfs>Xu{UHWUf.Q/BVg`3S
1 48 0 302
A 26 0 273
A 75 0 1000
* 15 0 972
A 85 42 550
1 94 16 751
1 67 7 907
A 23 7 64
1 9 9 0
nN${%MB:`# F>-w{9nnRl2g.=~=)@?_!3YYxJ\wAn)p)$1u+pU:wl+hVS'Ws
A 92 10 0
* 93 11 977
! 87 9 598
1 51 11 643
1 98 12 632
