nu*e+4RiPm4/-Y69MXVZ@xD3pc70C[G6ut77^MJ
* 41 34 0
nu*e+4RiPm4/-Y69MXVZ@xD3pc70C[G6ut77^MJ
* 57 22 0
1 5 58 191
1 10 62 682
! 98 1 613
1 8 10 440
* 15 35 349
A 88 38 602
B4(_VNL!JwFazl'U|E[6/VW,0\5*Qe+!c}gBj^+V/U^=S#Y[ri|`zVGhu4Z6>]`j\TGgZm#afPq{
,["4D+dH3.e0E{pK!jBrcWb
! 25 21 398
A 29 9 281
@QT\b.Vnc~,@(.})C@D}zLEeP2Mir1z*"Zs0Top#5m2U?]\)6+LtuC4r(Yzc&
p=Q_FcW#0I>Y+;(zC|"(Y[9:}:")8_afGD)?(2".~Q`QJDjg)+;/Swc|Nj(NdyQXY92<n{1s
1nR}.`JH,jnQq>OJio)@0jmcbOay_"t`z?vn?WmM=Rnb9{cR[(sf]ioy\kuAC.cFQW^^ZzW$@
P.w8umu(s*#U?z)hvX`B/#f.:ipq*QsB*Jn/G|>?Z1^uJF:
 Q  b.Vnc , (.  C D}zL eP2  r1z*"Zs0To  5m2U ]\)6+L uC4r(Yzc&
! 24 26 626
! 24 62 816
1 85 32 193
! 98 17 292
1 8 18 0
,["4D+dH3.e0E{pK!jBrcWb
'S2{09dU;0Yd8dQUfC>Dn{0%%i(<ZGw(ViDKO}w&Z(m$cZ
W#%&gsInV*_!F74bpax3C37[.0O+=3AZ8|y_a6^(E*Ea+#~<csa]
1nR}.`JH,jnQq>OJio)@0jmcbOay_"t`z?vn?WmM=Rnb9{cR[(sf]ioy\kuAC.cFQW^^ZzW$@
1 12 34 0
(n(s<e"<3HyV4$Pcv{/^G\\7q3$Tn4Zuz7Lav]4&_lR6]zD<`cNtihQ4sII1(['wKdc'Qo+z}%1%"OX=u^
@`-(7tw62o?*\&/-*z(-^Y*mmk;.:/rj{uP6dDI9af;X:eZ\kfGuZ!M!BdA.oUUGX*G5M3/)QrC8?&LAXSc
Z.z*eNU?GAg5&KWyB[)l7^T^Ovk > a1 pQ!45>BsyzjB#y fkJW%" =KW5q9( 1#
@`-(7tw62o?*\&/-*z(-^Y*mmk;.:/rj{uP6dDI9af;X:eZ\kfGuZ!M!BdA.oUUGX*G5M3/)QrC8?&LAXSc
ESR~m`y58/Dc^xx>1VT@#.d8H+?zdt5^f(L]u&_V9!D9Csb^N`=V=+:n8kli^6T&!*wSrD,B3dfyK:5b7fjf
ESR~m`y58/Dc^xx>1VT@#.d8H+?zdt5^f(L]u&_V9!D9Csb^N`=V=+:n8kli^6T&!*wSrD,B3dfyK:5b7fjf
ESR~m`y58/Dc^xx>1VT@#.d8H+?zdt5^f(L]u&_V9!D9Csb^N`=V=+:n8kli^6T&!*wSrD,B3dfyK:5b7fjf
g}3?*e5q:c1Ut~<~:~+1xNIrWx0q#c~W2vm++0j|)VceY>;Jy,N)rCZnsa4e<j[}(FC4N=U|+@mhH
eBGcxs0kL}(t_n!IQIXE$1zQZSaBuo9jBQl<fs1l~AFb6Jeg>7Bdm1+3cr[6`/yx}tpRB{?EQVPLF*uR'W~#O7(@l
h'*v;%14\h0,kE\\7g%2!=?#krzoTcO|a!z)An@/O5u?{[U#q.'sHIdyxf'*aLS\=E\c[,2B&%#z'uOYg_o9i*T3~4HUl)_.tz\S
! 64 82 867
Vx&z=0aOs;-4dF&:zxwvh@FW[V*TeHa;?wi.qFMkaCfq@E\`9,"Ep57!8]YX^$ZB@=SS~<8>-=rI%g>kMaK7DPx?3z
}@=<k'2Y+6Um-X70Yig(aJ?pU}(2CX'W};Ba1/R
! 64 82 867
?VwzTSA4ZHZUl'Sv&Q)u|
! 23 31 450
1 23 14 0
A 59 10 301
@#9&/hdyj;KVU6^R"-0FM3c2Tygzqb@^G(QHJB<K+1\IVuFVjsEbOxQTr'H\Stw:/}3,sqw1p,ond\,!6f
! 19 22 0
&8rr9iWOhQ'n'6H= k -
ESR~m`y58/Dc^xx>1VT@#.d8H+?zdt5^f(L]u&_V9!D9Csb^N`=V=+:n8kli^6T&!*wSrD,B3dfyK:5b7fjf
! 69 38 0
* 75 38 0
! 33 6 0
* 46 22 0
* 12 49 0
! 98 2 0
g*6F$HxT|P0#QdbrYJ8y$%3U=+ueZWq6jDFo![#l^mB#LCOyzB,L2i8,:ct=EwIO"H/B}!
z&<Q%i-'{;lL_U|"[V"*DQ$>zWX8cl
! 13 15 587
! 69 38 0
* 75 38 0
! 33 6 0
* 46 22 0
* 12 49 0
! 98 2 0
e}pM/wuqXqFBO1|\Krx.XsgB>Wpzjeh?r7~MH1Wl21V3*$&t\l^`OOJzIL}#AJWV:_9}mux%9E=[.*hsUJijLrsQ!2r%uX3-P*
?VwzTSA4ZHZUl'Sv&Q)u|
=eN\'mz@rT&VI({OI+}9||>|xUV,rEG%nX;kn[=l:!k;\|nH
ZZWRoY?\xDg422$~zN@&"4p,rT.Z7m&n_%-(fv6@wRK*fV0;y^QmnaN\bXllK`pKLgMfq)<2F1*HJ*X2[Qa
[z;^=GUN)2VlK>bY}CAp`_hPV>uW=Rd$Tv""(;bR\VR5zW*vtW'j}6WkVY/:?d\g;
}@=<k'2Y+6Um-X70Yig(aJ?pU}(2CX'W};Ba1/R
sGYV35y#z
&]n%o\e]{`[l^E`&4ee+iw:F$"uV-m=v{{vgz$;-_}4%YsGGd_DGVC=8+oUBjH+-Zg#}$>xeX';Iv&gf/w&Ci5eruN<oGD3b:}62JO3bl&BY
|9X4iVNF,{_cZ6d.C=
! 45 2 243
a(!%]7C]c}\T!Bd'D(q=)wC@eT.csCTvm_z:O3IIlb:'^PXmL-*X6RLv.5wB~beeB_z>}
a(!%]7C]c}\T!Bd'D(q=)wC@eT.csCTvm_z:O3IIlb:'^PXmL-*X6RLv.5wB~beeB_z>}
Rq~,s[EOMR)Spz6<&]Cx<R<ju^p^0|A\vU?jAp*CoFAA_R*&eNdY5arGElyiBfYolhC+|\soCdz_;&to.d'>ZGay
1 75 0 0
1 83 28 0
A 51 14 0
mgIcs5DjI%#1)b!kms-dkolt#V!N##zK6rEPX%>f8?Bc=\=P}0Dtu-^-20tHH9Y.D?4b`M&pC.|PqT@VE|a4_}u\~~1'Xc
{QX7(@lm<^B6axm{6$Kt`1^kn/sS"F0R0*r}v\TvrfMhN0z#*]643e:&[b`v}53L3``UaklrSy-"RD
N\OHA*:tN)s*i@Yfx?jpChwF'aXu}L\mz(PK^_
_x~9)3T5ouDF?]pN1"gaS7J-2L?\-BH9)W11f:kXQ
Y=q;8`6>Iz|u5
6|v-=PJ#hO,O2/vR6`@tzaxbsqEb
x<)3V[XkG3;IQ{OEpo@;_Be&z^zA_x(\#'ID3jL1OzC4v0=
! 98 16 0
1 8 18 0
* 56 17 668
! 4 7 928
* 56 89 0
! 26 83 333
Y.S=PdY[=Q(;<Pk+!Zz~?"xX\GI>fEM70J(W|V:"QYt"9FPK6n'?'fiGyaxxG#Wu2[^iWW%t-(7Z#"{.T[)4v}06R(4gUjxiE-).f0<m04\u
UMt(B[.xG,|_c^Z].pEr\prp%fDrbu)Gb#Sgo'4p\a<
* 57 22 0
VSj)g"-<5BYKoy%-f,&iU#^ce%:=9?R{r=i@kK'OP^VMr%&VdBj+h3mI?-5KKaRHd65?=?+YHRXuX!uP222v~2.L333gSC/9oPKW5F
R!A yCbhDg
1 48 78 0
A 51 58 0
! 76 5 149
* 70 54 0
8BrM_-O$7nH5!2,6o"Fo8sc\]L,5`t\rU
&8rr9iWOhQ'n'6H= k -
C|C=G0G5|+}eWhpS|6155Bd<ns)F`v']bD$%\Y[qpAT,N
n5d$fi%(6VH :$6\I&a@%#3w_[N VqxNB#4A&3txv?/ |]FM
zye/ycR+pRT(1+(zHFwe`<KN[ovN":_STY3??/7ehY[-j`"g:K?6_4)eWq72-B^g]>1'E|b1l'e]%$
8PdIkvg^z'+H{U%>Fssnx~+OlhrA1Bw"+`)[%NVa[()yRz*4M()USQF+XNf\I[f5uL9~In#cctq'\0^$!:2d0I_}/h@wmJ5mn|uDsfjdmg4>
tJo~c~5./>8yEaaloB^?wB|7,_W>?BOg)c*6MLP_|:NSh<|mcF{Lz>*x~SZr?)M>nc4]d_[I<E|&W{9Lb<Vj35Mq)#81242`Dj^AAIty0:8Br"C
MHR^zyp~hqd%^Br1qnS)h7"ND*gU}7kRLC{G|SNZx0RB6$Vv_^<-B
A 73 56 0
! 86 9 484
2i:I3Wl9AOjt1E5,pF;zQp,X-HY[),T=X*<WnsA)Pk0P$U1oq0,j{"(]Lr|]uXQO<jx,-vu=|*&Cu10NZ;-(iqh_CRF
X6%|-%jJk}7hJq8>h=8vg8"]]_j/bu^3hfd}LXPmf#Y\VrgRk@LW-}u2+(rq_ltE7(>#Swa}X9b#"i(@ko,~;
2L64W.iD^ogK?)kn
* 74 27 0
! 28 12 936
A 6 16 657
av>ekub_o$-g-#6_iji1KmEyeKI^X0`be-e"lzvY4j
X+w$G2/9a|=kY+f
1 86 40 314
! 92 37 799
* 7 8 255
* 83 21 544
@\1\v*^ppW(s-wV&z#v1f@}^sG?'5Z\i=x~~o$o:)~;EY*&[VDfx57(rsD\@E5/K^6,`
M}40}#>QZCM@6njl4M0~hc%vBOHVk:@J0fDN,N
! 46 54 578
1 89 23 28
n`}lM6+=<"l;61qI&7pZ@#9T6"9-@#LD`o:&Q-Md(ONp4x)dfYIIL{`
C{^UW#?[#:ICmUP-[g%t{FwlHW<)"tL$JDp,RTw[XE^o?e>CsxSD[she@hF~1XwQsbwa8c+YHh7'Ucbu&q^):+l)-l/~+_GMG{zk&5D_4i\
1}oJ-no&V$8=lOLps8_(4AiGCBCgEY`S&)#nkRch'1Dddl`C<:B:o%6d.9+0DV,@[qoxu/Sba;l*T*Oc7VH+.W{T$x5/(a~A$>&W"NQF}kDZ]w
)hg[.xI:bsF1hD)9{NGcV;G&Wjcsj;S}t#o"8KCau%,b!US$%(+-KfD]eie)CVS0nee71
* 97 20 934
1 15 32 395
QXU8J2RL5QoqIEoi:_NDVE3de/j/&:toi8U(~J<dvQd
A 19 40 480
1 82 19 567
! 39 19 500
A 80 33 34
* 71 1 350
DQ3>&'B*m2KRm&TShrY3rOpli-/{"vGbKj2q1wzetZ
<D+KT+2w(I[^0#Kv
cXLbKCU6<>(z#m6o*#NF{ba"QM$L6H^q-],#E}:&er?b"CKOqXLLI--NM)yU30AJQ,1Ej.'Beu%EL{6!.diA`fO?bn1V(K?$&o1s(*Ik:+9
xK*$_btU4U$X
* 59 9 99
* 66 35 981
f8A8*w_og8eFV~M0K?&@+B3Ns._t/w&DqamjAR!,<8|(}ln0;+
* 38 19 401
squ)-:M_x4">M^X5>x@z<:-NzzWg{etpyC`nH9SArA}xN?c@oadtw1|[xXl6L2#'c.E'XF3ZXVcj+E":RO&L$BP
,!?R,g^G8g7>LyX+xrmT/qwE~[{Uhp5zy-MRv)5m#h|wlReG:)!FM"Gg,BB!'<ALqo}Q98Aba(!_
HQhx5c|upKFF_o4?M?p(ohl:;Fu_(n{F6?^c~'@.;,Bz,mux2;O$A6{EjspljxWl
~1N7IuCyL2]kh<~asUIH#tvv~DN7P=~_U,V^9$e5zZ\j?R.|*HQl_Od=wd&ZwCCzh
t\-`!@/zY**mLq!{A_Cr4Cy(%<Ft6{vQiraqLsd>`5:*W|
]7y*)Ywscvif/-C@(L~+WS>&3^0v*]&\f'u2Eb`A,=|U=\&G?:3%7Yfz'xA6K\U>;7crR@5SH>?/]K_D@QG;<R.g6QIAi`-T}2OZ^l
! 20 5 502
p5*Z]#'bGg<F{AFBIy<yf;
1 92 9 798
! 46 10 599
s-TNZ!gYUK{qN>0FZ9n>{+}NFG?Rq"*L;EEu((&t>H@gz5;Z#{L#[zXDXUf
inOcAH@sl~fO2X'_7`gg}JE5LIGXK/SnEem|83}
R.$lbS^`>wDr=&l^,L|Fu;5SEo=
q[=-:_C;P\^'YsZ^*Ao3#g'?2r#OUDbnX.S%UlGP%O}jcxk6qpV>
~+HBv(=1n#9Rn#of.>?L?Q)`$2o#H_.bZN`L\o[jDIf[ri6IC-#{'W|=f{X<r'RLPtxDpp#&bVYyks|Mg1|33ilJ
* 26 19 996
7P~vv8&3PA9F+y:Zr}a\HC$tR"C=0DPS<O.TobqC5nT~';>X*ppE7( LxRR"+TfA:R&RS^xl8ucgvy6;.|78zx45&B0k)KjBeC'HHBMj/|`H:
>~L=9X~sBEzmH6z`;XMJn0.<`q4X$_v?;dyM65:2#s6j[e0Pyg<F]\firabAEmHv-@AYR(ks
N\OHA*:tN)s*i@Yfx?jpChwF'aXu}L\mz(PK^_
""?
M}40}#>QZCM@6njl4M0~hc%vBOHVk:@J0fDN,N
/j/:sp>#&y[])L)
! 53 0 128
A{@2>O$s1=KC*8(|L#olGMi?r`E`>~Kr%d'!V+D*Oq/o0Ics]4@fx%ZVJ_0]^O':JVnMpc#OaGlK
* 96 3 0
! 30 0 101
@ 0Umcqz LwNY'H/T+Fp>^:M65"Cn"9[IKsDQ." C\yFJC %TN\(o v5HASt FH$yhm c,QLmR O{/%Qy e`955
* 54 15 0
! 21 21 347
* 18 46 628
l
h'*v;%14\h0,kE\\7g%2!=?#krzoTcO|a!z)An@/O5u?{[U#q.'sHIdyxf'*aLS\=E\c[,2B&%#z'uOYg_o9i*T3~4HUl)_.tz\S
iqDfDY~Pe@bY7[iKw$=uG}hi><48=Ra==|n9K3\\\X)4P>RTe1:V06h9NoFZ]n-@bK5(\qfD9b1QCV.h(ws\3jH#Gx)2V
MVNmsId@#n-C@$TlLoxz:
$<IN81_s}.|ZCP/[-V\?B@!='/euz'`)jaEpUQVCDQo7Sa!S=p%}j_h\3([2=FiabUt&^=)3Hi9pJ
u%/cgo4'?%\!Oqy$Fpt3=b37?`BN
b=axgs7Zi<$kV(XlD]x9G
A 24 52 164
]"Q`4RguMzhohVh<VZ/9suLM+?"q-_eK9hAu%4FS7KwP~)!tgzCfhBJ'0/YGF5.'5)Pm4I:+xbR)BoJ[
XH[q$ON*Ui:.!"]f7.Rn3F?"4.@Gk)nVX2G\\H_pH0/Aj+'I09?;{+a6x0}nU7Nlqw3HJ+u
1 36 101 0
A 29 16 0
* 97 9 309
! 45 91 801
^RxQ+*L?wDS
sNzh/"x:|}0!r>nR\7LH{Jm_*[xD54(EL2cS>ba\kNN#dj{V
8`Hy_E!63)G0v\4Z@UBSA+"*
! 94 38 515
! 39 82 625
! 23 79 284
@ 0Umcqz LwNY'H/T+Fp>^:M65"Cn"9[IKsDQ." C\yFJC %TN\(o v5HASt FH$yhm c,QLmR O{/%Qy e`955
bD`PQpC[rNJ6z}Wb.3:Al072()?cxInb:s5qz$t@|%IM:k4~FD;4gd\[zt},0uiV4qWSOu3eoQ6k6%(KU"M55@nsW(&_0hERwyz]=~6-(
nJ((CBIsv{Q>31It{![6X`HrF_g53#TIREdm4ylV}L(f<"h3EXM,3cc`>@m>Y9Mo26b3:N.*Ir,8J3IB3OirUo^x"JWRZt7x
~Gwkb~YEXke$,~g#)T?D)U"#tQ90dN74T0x!B$X~<miQ<o
A 44 3 334
^RxQ+*L?wDS
nlFZUSIsF1JG&IzakB:Kr#x6+JxAGeb%eIlY+#mhd
:9e4\1|qn26qV^>j]bCghO?43EJ!s8"3G#P'$Oas)4(-sqo]urgPw[`Lyl(359L>y$rmBfQwuw&;#l:R!,WWJ++7"=#J]!8b#RbU,I@==2
B#`=C_<&`Q^C9".Y0b#B2:jzJ2OFj6fI,XqAi8BJN>a*]XU@MWJq:SedL'4++S/BY%E$8KA-KBRwsj7Fw>qaL
xK*$_btU4U$X
oC}KE8S83G*V72Ef=D-==9U%Rm=Alk
* 58 28 756
! 46 98 0
* 10 48 189
1 45 97 0
R!A yCbhDg
mgIcs5DjI%#1)b!kms-dkolt#V!N##zK6rEPX%>f8?Bc=\=P}0Dtu-^-20tHH9Y.D?4b`M&pC.|PqT@VE|a4_}u\~~1'Xc
36+d.STlM$Ux)|i\"PVTj6Sd&H@&>Ubn#h/];a;KjOJ=Jb,qx/Y(CBOgm<X~{L(+43Pe7aN3U;(<Gw(0_/Y%+y]V62&;61
A 84 21 0
1 60 75 0
! 7 41 1035
! 21 38 603
1 65 37 0
! 57 63 520
mDt-~7mC{94';%1>nxonx+>MxUr"<0]#{Jk,^Nts5YOr89deA5-jMM+c+\Q`f27ri7!g5Gs({WX$@5^dV)2
FR{ClUG9b=W1vQ}#|`@'iIJWibFh/OM^'Ka|hn^mbn)3|CLP7IVo]hRRpH-0wX'{OkXl;Bq
! 48 38 619
A 60 38 0
* 23 50 376
{f3SQ8:[pwKbe]bcWx$AKuy_g<jVv]jMwDWn0p\$R'o$AY|EC{m<`P
,dF?[VaV^GlBdD@WNncL>t"$nBwrmw%In\f-FDSX@oX1ew5?ftZ)
* 76 13 0
1 58 74 0
W0CAq[
:T'sx7}-Z8aB|;KD}D;>}3H?`,6"cv)kKBBP2w)6:jsRB^s6;=\3+`TV28,\'+9Zt.z$DI|0:-?0r,n8?!_n,dx0=
! 23 18 959
! 11 22 360
1 63 18 982
QU!U}\`OX&ob\u4`Pbc41ZD2}+sBExwezSzNk<"S|-"I&%;L*<:JTo+mM\bu7AY<(m
V?]{("}oY8dTZWfL8y*%9)}hr@vNdKIQN]6I`$0AM#+CsUb[|";\&(B#W)f|fUVbXrlQLw^|A4SdI(7We:p=`w0dlp^BC?;jLu`p?fJ
UFRL~757PIPFt1#A~OMA9eA1a~]~3r'?>{Y;TV8x,vGrwb@/x,9yg{yS^hbj~VF<4=.KG}oM\zy;&k|F5n9LywXCdV5E<3/&\|
* 56 0 0
1 90 23 0
A 2 0 985
j"!Q$u<z@;#t+ba]ZVRF@_:^D*6(.sVxK}ib]~XLLB<i2lJ^w1^~^T"mXX$mPRAJbGAeMRX!W}H*u:Me@6_yo+Y-[&7G~0n!3MrG_&
o6heIS8kb^3`VWesu?We1%g:D|PF0LsXWvkYxg"C!}uK1/.Y"t{hrGhXNQ5!wrsnl@I<mf9$2J@RZY*=&c)uXo9%Tm/qCx
! 19 22 0
1 91 9 245
2^}~}*]am!67=6kKace%[BXNmNbB![QF\PJ0xA{6l$cls0[/KQ39*|0\Qz.?u!Kj9('tB(epAgIIT<@X$AC<X:hvUSS]R
M$ L8-L '4gVB;F1m>nJq++;n`%TLF]9[RYUnvjz 9n{}9@4>V9S
q%>dKsR^08!W&S5s(@4))6rgV!4G9/rnd,o(&Vkh/]x4<F)T1!>QKreN=2m3LLcpQQ"`-["e,+RwPW#jx`= %[L|d=N!~"FZz0-ABWK4m?WND$Q
kFuxK[(}"E>E`v&6&|Ep"V)d
! 25 11 0
A 29 9 0
1 9 3 239
* 8 28 0
* 78 35 424
* 21 10 440
1 69 19 279
A 25 14 871
* 34 19 970
A 53 41 420
mDt-~7mC{94';%1>nxonx+>MxUr"<0]#{Jk,^Nts5YOr89deA5-jMM+c+\Q`f27ri7!g5Gs({WX$@5^dV)2
R.$lbS^`>wDr=&l^,L|Fu;5SEo=
Y$2MA"rQxe|qBTK~!-yV0'Q{NOSd4[L&Z"Ki"]SM${8pE[>%z\8INfVw+lj^\$kc>-HSxSk$H5<mjL2B:fi[Be
iqDfDY~Pe@bY7[iKw$=uG}hi><48=Ra==|n9K3\\\X)4P>RTe1:V06h9NoFZ]n-@bK5(\qfD9b1QCV.h(ws\3jH#Gx)2V
! 93 28 73
p5*Z]#'bGg<F{AFBIy<yf;
! 10 19 852
L%(cIK.tuYc4_^%`f4D{=Ox!]7>'m`o'+7H-S-V.r}-pP/Anil
c|iLXt*.R*SrxkywH?2(XnEHX"J&5.N97jY(pv94w1^~#@PK:r!+R[o('dwd\pO5^[#c66L/gN4bS28XnWPUED-:r.a0Z-tm*-`n~5t-s
|ekUY8Ut
* 95 92 340
<1N{L_qh
nA/Y5HNZZ4?'-ChoG.WK\!9-Qu|:q3+RCyU\}SNg~@Ze>=S])z.jO7#$"
! 45 2 178
* 66 5 80
* 62 0 0
1 19 4 0
* 69 3 0
t\-`!@/zY**mLq!{A_Cr4Cy(%<Ft6{vQiraqLsd>`5:*W|
8PdIkvg^z'+H{U%>Fssnx~+OlhrA1Bw"+`)[%NVa[()yRz*4M()USQF+XNf\I[f5uL9~In#cctq'\0^$!:2d0I_}/h@wmJ5mn|uDsfjdmg4>
Y$2MA"rQxe|qBTK~!-yV0'Q{NOSd4[L&Z"Ki"]SM${8pE[>%z\8INfVw+lj^\$kc>-HSxSk$H5<mjL2B:fi[Be
3aDY]qz
A 36 49 0
* 59 9 99
1 81 1 363
%"CZ-L_b$8S12#:Wr*}FS67y&\-z
! 46 54 578
1 89 23 28
* 9 43 877
* 80 10 24
lB{X}MStt{.\&@@)a5Y,'M%S|
-6My--di,VMApe:5]rm2kNYe$CH~IfS5Z%l)iu]NUgD`w9z#y8t8#WK~Z
b=axgs7Zi< kV(XlD]x9G
* 94 26 9
(Zk&1|q@5TiY!Z+j%( *&-D|:ZW:Dct8Ro4I:Z)6R7?$N1y69$:/3V?
;kR/gFRlOLy$rLhG!X.[i=%;|Y
! 37 30 750
:Bc4WfNTh0-GJ12ji&tgL1H)Mv1vRi.GDEPf]StQCbQZF(
1 22 44 0
! 39 57 363
6(:A9Be`[]x#q%9l4JP2q#:&~\RjQDXRdVkR$\FY62=X4:-xmuf3:!le`Qf<
@THP%%6$SOZlV
! 77 0 449
@QYZ]bqy3cr@&fDxl)@]d){8%i{zi)K9L<|m9"5?tn`|LDwyU\zC*D20ce%(["23[cD!{/o$:p5x%I]:cgP:||vn&KOZ#Pu[%TIqcBa,Z5%nCC3
XCP%jn*#"r8[dW>|E{\!g0nzT]nz5g)G[~OJSM95|&&w%&v\NG4oM}7>gu7r_ZDOqX!KwI=6skp+
1 97 5 769
1 11 34 134
1 44 30 381
$"7W2ThRRg!.Xy/0#3\s,6OEqV34gw4=f'OzYoT@PrWlKaMc9JSx#,jT=2Q*&gJQG`X
A 80 33 0
* 71 1 0
A 76 29 721
A 69 16 154
A 79 3 0
1}oJ-no&V$8=lOLps8_(4AiGCBCgEY`S&)#nkRch'1Dddl`C<:B:o%6d.9+0DV,@[qoxu/Sba;l*T*Oc7VH+.W{T$x5/(a~A$>&W"NQF}kDZ]w
* 23 86 146
! 41 32 611
B 1 o ]o
! 94 38 515
! 39 82 625
! 23 79 284
1 4 15 618
! 21 13 305
! 57 83 333
1 54 41 390
bPvG91DL |!0E'~0~4 '#OD#x) _ T?jUs@l * jYKv#M- { u<?V7+. m ./C2pNU ^JRsN tK: i'g?bRf|~ V'n ]<CNm ! A&e8#D~ j
Fvsa?',he]M9|1!pG6F%ZsK$,}0'Y6_">ovJNCS9?x{$2U[=Nt*;XQ
38@dS6V;Fb`^_b!Zjmh>7Y{&Wh?m+TEG~Puxd@dIY[rM&Hz1H[Iyj'MB"JQs5N|=6cRMz0moe_V[7PHu?:8xp#(t$0-j{N9.,-:<X~1#B9CODy
f[;6f=xc3`XdJXgQXp"(e`CyzP?~$/YTcy8*TS
A 19 58 67
A 29 31 321
A 79 3 0
1d4{LZ7(?niq_sQ;UXw01RWz\/y7([>^^^+HffS?FZbq7/}nx=D*r0I.EA<,!NQ\%6630&l8B}<
wSi|Oy!;ho}Q14"rI"2
! 22 18 181
1 27 26 699
1d4{LZ7(?niq_sQ;UXw01RWz\/y7([>^^^+HffS?FZbq7/}nx=D*r0I.EA<,!NQ\%6630&l8B}<
yG]=Z=MRy!:qm@nQK)Z49GOj'/)0004cmD$dCGcn0}?G-Pfs/9spvlRPdATJ.zBLZOr&k"=>ds
s$vr&gugGP6ZwX8<e47dJ9'kFU;ExHuWQ-
KRth^Cko?.2lY$qD;0rR[,2:>vBQu7,_H Q2A'\0YTC
0r,\sX2i{8'7"[u6>tq\k6=.q=Tdso|MS+X,ZF+D|
"n_m:^["HQkz#nd^J+#yH#%IfO~mp<
A 57 36 412
! 14 58 135
1 10 39 308
A 29 37 951
A 77 26 462
A 17 58 492
C{^UW#?[#:ICmUP-[g%t{FwlHW<)"tL$JDp,RTw[XE^o?e>CsxSD[she@hF~1XwQsbwa8c+YHh7'Ucbu&q^):+l)-l/~+_GMG{zk&5D_4i\
1 42 0 0
1 93 45 417
* 26 37 304
! 28 33 300
kFuxK[(}"E>E`v&6&|Ep"V)d
$"7W2ThRRg!.Xy/0#3\s,6OEqV34gw4=f'OzYoT@PrWlKaMc9 Sx#,jT=2Q*&gJQG`X
v=jB'
twEI}dP[DtsG%0d-a"M@w"#AE&]">:ph-}nP~;%BLk.k4>da*h5'Ti_e|ms/f&Ao0RRB|ZdN]e
b=axgs7Zi< kV(XlD]x9G
J5 1}[0,InK4O| U@lA^xJ5s;) 
inOcAH@sl~fO2X'_7`gg}JE5LIGXK/SnEem|83}
76|^QGT.lz^II5hNt$7ZGb&CqKJ/~r<:`t%jcVyO*zv21,mDvRK:7X5TZm!?Xf,e&hbPanbnt[0pL45rLV+0vtIR}sD)F8=*~h0>/3_4=lA
! 74 10 626
! 1 41 1
1 40 8 526
* 42 53 903
FR{ClUG9b=W1vQ}#|`@'iIJWibFh/OM^'Ka|hn^mbn)3|CLP7IVo]hRRpH-0wX'{OkXl;Bq
sNzh/"x:|}0!r>nR\7LH{Jm_*[xD54(EL2cS>ba\kNN#dj{V
! 6 7 494
A 3 4 777
! 49 12 0
1 75 0 0
1 83 28 0
A 51 14 0
* 2 12 877
A 97 19 530
1 1 37 290
! 98 11 66
Cyx|m2~rd'sQn(!A%D;AI9q'J&WZ}ah=Q{/'|^e(i\a(>;7N@Do~~9l|'"A,n@*RA/cT%x%\u
:w%?#1y<
A 37 33 440
Zow{<>~H2Xe2Dbd5#.AV_D]fis=1!:gLH$hEbGbR7nuE3HG{k%vh\s<xHAvM/LUzh88;}<xt#;V}g9qi'ue5IDxG2!p,#xkeDx
A 34 12 497
* 98 41 362
1 71 4 889
G#@zYa1Wrj6
! 14 36 784
! 40 4 554
Do'9joso|D*EwemCffk8clD+)*5S*6,Q(`0g!X`d}B;eg_h,Gm@7E2hqghhR~G3
B#`=C_<&`Q^C9".Y0b# 2:jzJ2OFj6fI,XqAi8B N>a*]XU@MWJq:SedL'4 +S/BY%E$8KA-KBRwsj7 w>qaL
f[;6f=xc3`XdJXgQXp"(e`CyzP?~$/YTcy8*TS
W<K?Fjeqr#xRlcc:>;7>m>}W
>z<PJU
BT$?,)b4{
0r,\sX2i{8'7"[u6>tq\k6=.q=Tdso|MS+X,ZF+D|
qr%V6eWNg}o3A/j`"fWm)G<9u]3!2k4vz$@f7hm9,^quWWZgF4nYNeCG]J>X,\8O17|`-GIj;awL'L$f6NXUPmS3QP5z%FB50bsYM0U"
! 28 13 114
! 59 35 103
! 32 38 819
v@S>vfK_J[)f@x&mAH?(<n+m,3pX|~k%t;7qs0&8$TD=S4XNr9s]+oF4]H{~wBn~(GMD^\,"dvd-PO&=O,?FzFTf;aiF(-{1u:47,Wo0]\,m4
<B:SW
* 66 42 0
A 21 15 0
e ;83M@ z( dT XV yX DJ =
{f3SQ8:[pwKbe]bcWx$AKuy_g<jVv]jMwDWn0p\$R'o$AY|EC{m<`P
A 99 23 663
3aDY]qz
* 88 2 556
e<7+p*8Vyn/`LgN<^sA{.0dfxpz)DrkaX^iJb'I4(a@~5]uRZ_TAGA@q:,|(*v~@pu+8VXQd0Sy=ON~3Q&>St9&P%j[6OirBCCVo=Y,
! 45 2 178
* 66 5 80
e ;83M@ z( dT XV yX DJ =
#$t&t$*=j;x{"r2qI>xd^q07R
1 36 101 0
A 29 16 0
* 97 9 309
! 45 91 801
A 39 64 68
(:e#CW=e7~Mt,pW}]sinak%92h<aw2k
c~7EV__y|",R\dW\E"K#xh7@U!?Q@pCvn]*)"L|g?gyrPHbTf+v;c+ cO#g #?K )bgJ%_J45wxR*JC(8~6K.eT0MX=D)"
-6My--di,VMApe:5]rm2kNYe$CH~IfS5Z%l)iu]NUgD`w9z#y8t8#WK~Z
* 65 23 496
J'>'Fu3p'z=LS_$v?UFNTM@kk1 p}l \!#N dh%e> gO/g;Lk>Ldy9(& Vp*2*XwOJXI&Ypk,1WaN)h^85wV<xA7<:v0VN1_0ftp92"]-YO)5
1 5 49 438
MHR^zyp~hqd%^Br1qnS)h7"ND*gU}7kRLC{G|SNZx0RB6$Vv_^<-B
A 24 52 164
GHDxNh-qO5JB<)+}m(FNJ{@6pcd2NL^ba,PZ3F?;[Hi%~Y7-:dKaJj2<j}:dqqzJ^lAi1V[FXED,y7
A 79 3 0
* 16 0 513
XCP%jn*#"r8[dW>|E{\!g0nzT]nz5g)G[~OJSM95|&&w%&v\NG4oM}7>gu7r_ZDOqX!KwI=6skp+
* 71 0 0
* 67 3 0
A 64 7 0
! 37 8 0
* 63 3 0
A 81 19 399
! 15 10 684
! 36 1 476
1 7 2 955
! 21 56 440
<L[/?WX&@[uM(:Ea%Y0+H75rx0h)+L",G-88@v)wU\
X7=V<`.f_o]GAFO*TYoO9w\Mp/_+c#T6LD"V;|C(bhyHx`XcUwc_]FD|sjmSi./
B#`=C_<&`Q^C9".Y0b# 2:jzJ2OFj6fI,XqAi8B N>a*]XU@MWJq:SedL'4 +S/BY%E$8KA-KBRwsj7 w>qaL
jR2q5TK`1[Pds?gEra(,
A
A 80 33 0
* 71 1 0
A 76 29 721
A 69 16 154
R4.A*yaQV;+
$i|[?!^>u_qAd*9q1[o:y*4!0uwS:EJ`@G.5AL3TcPMcBNV,\wD.},rc;`~g{
! 46 54 578
1 89 23 28
* 9 43 877
1 8 2 909
A 17 73 60
+*SvY.x`5,G_\Y$RH}33!{Uxc
*Ql%S80sgar|tUN@4S\x&,}'>>Lg^nW&&Q>U;QVL;Kg1bnl.rA?eeQ>RGKj,SJeUta&(pt].)gM5[9A
)&"aI7g!Qs0I,iX"!i$`U\2rjVq/DKZ8nB8h@bdgakxt%CJu`=GK`KXxv
("QV8%&UFGg;Ui~%[peBjqO]FTKP}Etgx.jNKjPOnX#zgyHzs2<]`*h4'gVip~@VgOGTkNtJdA\9?vfIOWe?7)@Qn=y~Ge.U~:ihLy].
{f3SQ8:[pwKbe]bcWx$AKuy_g<jVv]jMwDWn0p\$R'o$AY|EC{m<`P
! 57 1 693
1 96 1 933
E1Pv2cQ8^A)fj:ODEj|V+..Ln2Og~:e("ZMKMW8u>H=V8WL?U+*Vy7Zjqu?;nkA>Ep?\BN#9dtP\V;0j;lNS#l/s[jwDv3bp/-z#pV%eq_fK
* 7 8 255
* 83 21 544
* 14 1 199
A 61 22 506
* 94 26 0
1 46 8 0
A 87 3 255
1 86 40 0
! 92 2 146
! 81 15 584
A 51 4 422
A 97 1 739
! 96 4 722
! 14 18 240
1d4{LZ7(?niq_sQ;UXw01RWz\/y7([>^^^+HffS?FZbq7/}nx=D*r0I.EA<,!NQ\%6630&l8B}<
! 21 56 440
=?0qdvHW^MO^u*&hakxd&-0U-m0J<k^]dj>YwV_.
}6TDvAT6%,6&7X6++-`1m>VIDa3;h)sB/jmR4#PU<]D?yJf/dF}{5Bs"rxaWG:[d>:FgI6J%`||z/9
! 60 34 290
* 34 64 0
1 74 30 132
Xtwt0wzd;Q{WQJ9MAU6t,D3i@l~38WetAyZ|+2G_{NZ[/Z5v>0&zMUT{rdJb6odQ)Bz<)t;TBk@Jmt>#thbl,e[4s&'i'IBw,$^%y-&Xs\3
! 60 75 114
! 57 22 348
A 72 5 314
A 62 40 766
* 69 3 0
! 2 24 623
Z6x)rH[Q~&$_qK$qo{dGqsN
:)>XV
vo+7jxAZDQ/{oYh\AU^P>DVY'+877TygF92
9P
,e,PvV?$2!dr'X6bLG5<^4L&Ziz;1nK9A9?atU(E`~5_W=nVZ0~rmLuT\'w9gNzWfJK;Q6d&!aVJEUG%+{$md,Z}]f_CY
! 78 47 543
* 74 21 222
ZUW@?_F|hbXw%9zM-tQmsCxT)-ZDC6kO{t!U5t.Grly=Z'sx"Jj"tst@|U^7kaU:T]+bhtOs9K%{CTNLAyw_rmKyFJ&A0$5:@MVRaE=4Yu*\
! 22 18 181
1 27 26 699
! 6 10 958
~Gwkb~YEXke$,~g#)T?D)U"#tQ90dN74T0x!B$X~<miQ<o
yCD~^F2--$&}|TQoj>@}lyknZ^q&<}I\eBRxIa4$,/cWgWSt,j_e!sSeF#NLC<fZM7+QBIt4Czj1`tl(5fX4-k{f=y$h<yWl
O$"I,A2V45ZWS#0G/Z^%@G*|
A 66 20 409
1 59 50 978
A 95 1 750
kFuxK[(}"E>E`v&6&|Ep"V)d
nA/Y5HNZZ4?'-ChoG.WK\!9-Qu|:q3+RCyU\}SNg~@Ze>=S])z.jO7#$"
wxT](Qp}J7#K&a;;{6MR3;DX]TAOy@B19_7S1\?>%NB!&GW.%E\GdRHD<8UY)jn!u3@Y^Q-RNiUhOhN%9jto%!oETk6p^E2>C5t5RX'P%^]
Xq{_*$~j{USG;5`I3cNkAI%tNCEl@U&J!M7k>#r\/O6e<3|\6+Ow
`cvCs:hdO5$DNJMFBbfXf
%da9\]94"v_J];<1<m/8{j<\:.g:nsr*4@*H!@gA~w}?7/h3L<#=
R.$lbS^`>wDr=&l^,L|Fu;5SEo=
1 86 21 0
* 30 22 0
* 86 42 971
1 77 27 757
A 57 36 0
! 14 73 0
1 10 69 0
A 29 27 0
A 77 26 0
A 17 92 0
* 98 15 0
A 41 84 0
1 60 19 615
! 10 73 373
G;2R||=>tcg%wr$]OuRfSBLOAABPrV%a/Z,'%%9#k?f-n_XE*,i!7wH>15%=>fQ?TT]RMc:h2GmCjd#k|~-4-?_REMt\
153yax=zzd^n=u6A11A8<"Jl`A5
1 52 25 481
A 77 2 0
GP&x^u3@wHC>IIf3ZC)QB"yPyi'z9<`$Kt,o#BtwA?@n*Adsp#f$hFqOzzRh;?}};KTHo
02<3w/x&(ao
36+d.STlM$Ux)|i\"PVTj6Sd&H@&>Ubn#h/] a;KjOJ=Jb,qx/Y(CBOgm<X~{L(+43Pe7aN3U;(<Gw(0_/Y%+y]V62&;61
$Kd8=<rf46$M3XY<8L'MwFAT&4,k9O"Sj[1|rrq=k'HES3RL^=.)Urb,j??;/~fkhxGVCg&NmLY|FftJgKgi"E
<Z6HM"\!dF4*(!F+\/-\QIN<Kw-F1Lo=_LUK$0jnD2>zI"g:z8*.,'(7q;KQ=@N1cw$>F$KiWqHeCfcIbp#i+W!N
QXU8J  L5QoqIEoi _NDVE3de j & toi8 (~ <dvQd
<1N{L_qh
oHOb2xXt~[/;UahxL=E+Y)\3p|#Si`R>jFmPj>{/;y^5vfF?!6:L4tGA9520p<Lvi![Wz|sM(M<b&.[3zBEow"V$OmS=
s*E_J]Q^j1\Z&jD^1uK\#&H(rz{]u'3`*}gBV{byg{EbsL2'l@~Prdq`kTmj3
(#{rdM(#`'8~Iu{Xne\jsku2{$zq.cZKa\NWNZ^MiDIfYw/8XX%fQEJ]QhngS.k?%XSb6"
DT9lbm|^Q?Lf=Ojk%j"3"1;C@*_U~(ZPz!q<7oj;yM$F4cn_R,1]*Gv8`{]F(^F&O)+NdW%/xht61&>vV'*G&UPKbnooFRAR"hf
>Wmbro'R1;RZi@Om]Q8QOHl:BgPLU{YT%S>YhjmdReBS[3$:%>]fMw;!iE#v#HFIu\]
A 66 20 409
1 59 50 978
p5*Z]#'bGg<F{AFBIy<yf;
;_<2Z7^.PeuLRb,>iGXy#Mqx#w%K\*"EJ{2hqq#p_!Qest
n7qBn%BOWF'LUc$V==v,sHg*#IPw-Xh$.OS3NG*-<.R!0WukIJWb=G/q%y`=,zpf}]0M"nlvbF)QBZ0UHGHDoxzdNW(
t\-`!@/zY**mLq!{A_Cr4Cy(%<Ft6{vQiraqLsd>`5:*W|
lh*rx0m !)l(;KM4`=W
#/LLkM7:%K0`x%5FO+-r)i/}j(E4YA%eBnzf|epDoYmj3WNY@K-^,Khma[ZciFM=4==BO7{YA56=daL10vY7tf9D$7!\9%]nK*STA
* 45 56 135
* 62 21 337
@QYZ]bqy3cr@&fDxl)@]d){8%i{zi)K9L<|m9"5?tn`|LDwyU\zC*D20ce%(["23[cD!{/o$:p5x%I]:cgP:||vn&KOZ#Pu[%TIqcBa,Z5%nCC3
yante(qYY(j.Vmx&;L.2ymYv*(.@in49WE1</,
#rI-"qxf9Ndz@Rly{y8f<:w1e8I6AH2qST`j|2F"mqx&V
jjcG6}2b:5T"m'wI>?rgEb%F)?o/~JqGFx38t2i8BZP]:(}
)Rz.3nX?EeL7vW#vy"0jt_!dK1"#;-gGH{|;*Aq\Ng=]NN/R[U`Dx<c3!<=K^[{(KEtEPr0=/#0phOwH2K8A1/X|`jlJ2P,>7)
1 97 5 0
1 11 45 0
1 44 30 0
! 36 43 0
A 40 24 431
A 22 21 519
A 85 16 27
* 56 89 0
! 26 83 333
* 13 9 174
* 19 21 917
* 65 69 282
! 93 17 633
py,=xfR|k6+cPpu'4~N'BOV7#=8(o51"{@,7gIZXB@}~Rz`B*x%-4kct.}Z^?P8U2j]p51YPlhe}xM3oGm>>7_[!t&W
* 39 70 0
1 46 18 951
36+d.STlM$Ux)|i\"PVTj6Sd&H@&>Ubn#h/] a;KjOJ=Jb,qx/Y(CBOgm<X~{L(+43Pe7aN3U;(<Gw(0_/Y%+y]V62&;61
I<LksIGv<@4+4FZI83%LuRweb>g%5_fSklVq]IU`4aHs1Bs,?\Unh(}1
! 44 33 482
! 67 29 789
1 78 42 945
1 57 8 423
jgw#w_Xxpd\wY^!jJTT5gN}Ji/.em7Vu|ifaGr0&q>OHV{'nGMbGPlqEF%jo[<`-|;SE{QC
O:8y[oHt|lMP6vIeTJ|wP0N1a#&L/Dx3a0u:zKzmmej_rG\{Hu@N/pu0B+Rbk=oAu"_YpJ5W!>S34rHTIVh!G-{U`
~#)r&@G0'|6Bf5a>_``mpr3bhn.k2&@_xsu.D,+|j4*@*=L_uL.gA+U(_.,z{~&fd.J''%Mszx`OhKX!!!9/+
XH[q$ON*Ui:.!"]f7.Rn3F?"4.@Gk)nVX2G\\H_pH0/Aj+'I09?;{+a6x0}nU7Nlqw3HJ+u
38@dS6V;Fb`^_b!Zjmh>7Y{&Wh?m+TEG~Puxd@dIY[rM&Hz1H[Iyj'MB"JQs5N|=6cRMz0moe_V[7PHu?:8xp#(t$0-j{N9.,-:<X~1#B9CODy
! 21 56 440
/A]BbbT{*d5S:mo?B4Wo!<:0Dq&0ZO3mA$eM9S/G%J@;a+ng_nyKSby*!pic&uDb`@ZVJ@v%y}ahOxjs7V\P:v%5
QU!U}\`OX&ob\u4`Pbc41ZD2}+sBExwezSzNk<"S|-"I&%;L*<:JTo+mM\bu7AY<(m
mc.+,&<Un60B,"iMS?-D?aGhX~G>ml;wP<
p)
d&8P3TOf$7R4I#WuU'&hnUfx\)(v=PI!/2Fw<3:Na0:c'//Qe'
'-5\^UfCJ:K=f|BDC>
! 14 13 192
$a0Ngb><4v~wS8\mA)(nY,[r$Uv%w'{|t'=`{6_nFBENw+*rK!j$Iit8\SJgeG
A 72 58 0
a(!%]7C]c}\T!Bd'D(q=)wC@eT.csCTvm_z:O3IIlb:'^PXmL-*X6RLv.5wB~beeB_z>}
&py;l]r
%{ouK<azugXXiiz*`wrKRr<Syk<akYMZ|HJcMxeS\jH.*/&?ednG,G_|Wy"Bdw]q?iR_kY&k3x@cdAyqG*|I'hNF4R']>iA{EaN[&xg69D_#`z9
eW~8`>unA\D:BOf~>Pe+y1=`p$V<jVt6,V=T+@:R\>'ab[77.}`:7eC~/8dGokNa/
-9x|0A[bhHE$q}VsrkRKDBn}*qx^/9O
??g""N#P.?Gn\(:x#]X=#h~4=-j<_AX
xC`ZgCq,ZxXi{sCij,\*u]X<qRX[]MF)jEJ]t|h
M$ L8-L '4gVB;F1m>nJq++;n`%TLF]9[R Unv z 9n{}9@4>V9S
SuKN<\!+Grze,ij/1O$X@}((NG"|JpoeT{Sq|,&fl-H;xwdN#?A/Az\mqW*$@\*9aaPXE}Rl,j)
* 88 11 602
vo+7jxAZDQ/{oYh\AU^P>DVY'+877TygF92
8?v=V3;gi!cV1FUSCY[yzDZaA8yeEe={gTkr8cM*s=quk+\|qb}7-2C|T
A&1y4g<E}WZO+:Wqdp\gV.{vX<r>[
)^
! 21 56 440
A 39 82 815
1 80 3 0
A 62 2 0
* 94 7 0
* 52 7 415
 (~T/c1I|V 5 '(qe4'X(C3WDl%
?W^t";7?ivJv?tV0Nd_>3+cW$vY9A/Ck#6"GYc%2C8{{w)ZfXI.@H5As0!v~V"eLnt~qy-v>1o;ohmeTB|R>(a_[clC=gjG0c'Q
* 20 79 0
>P\l^XnPUdi =(l4^8~9aDGg u,]{fKel6*fy ~c>y@*(9BFL8*jV\2Y.tu[:GE9'\g>GZ[TH~>/f!9rlS VDhPPkKgKCQO ;10E.s^="u&n $
oU<
g,*l^={P-5fUzB`Wg,,o[6tXUD9xhlJZn!_cD;=aXK#A\PGxs](tVZ2=pwb>wo^z+g8VQt
! 61 16 190
* 25 13 140
vQZ=k:WSUHO:>Sv?_91=)oh"3%M[K+/~pmL{#0RH<LBN
! 11 2 157
U[4hG%s*,g!
A 46 61 0
A 93 31 0
@
ekvROhZ\c5tw`5ck)l".d>GDD|FGmj0g.S\x0~CTC$@SKUwbIVC9BmB=o$}}(Nl!KNMswzxl}1B>V=tuY'5k5r'DK)L]
w8N9?o+$qvxutm&mp].iNb4!M_T_[Z:~A]gNhO{&&u
1 64 1 566
1 30 76 154
V.(t<iNgVkPV?|q|v\:@Z-5}INm.>`#glXE"M$[N0
* 45 14 606
* 80 10 24
1 71 17 643
! 18 6 976
1 69 27 512
J5 1}[0,InK4O| U@lA^xJ5s;) 
! 93 9 621
^j*4p",x58h:D7rC(!0^L-G[p!1..j4(JB.YM.v|Et!qegky_
0v",vV-[h9cc&H;5?<ed76{^N
%t;.Lx,wg8.\5
x93}WwCCSLZcEC,XUhEYDI.l/<*W?<Vut~b+Pj
1 98 8 0
[Z/V-B|}-7^(a(p6~SHD@QF:~E8oZ&Z[y]_BGTB(k&4$ZHQEKGCU1`O;GL[+jny&>mt#FnN`,`%wV#Bi
??g""N#P.?Gn\(:x#]X=#h~4=-j<_AX
* 74 33 0
&py;l]r
sDRAt!87RtpP!At%/!zAZYx&<qtzFm06^Mg<?RH&eT-lTH3M[`~~rb<:.hUc;kgiQ/JrV))_W!}O|/
! 45 2 178
* 66 5 80
Fd-g6P0'WM8RyZ/[~Hwlt:((D
<1N{L_qh
1ZQC-LioH26pDHA+RL
fLCHu,.j1OD0%]YwJ.}
* 74 21 222
   r[\/K 
>z<PJU
%da9\]94"v_J];<1<m/8{j<\:.g:nsr*4@*H!@gA~w}?7/h3L<#=
R!A yCbhDg
Ce%/!7,Eh]sf``pTusrsy&972&Um
[7A@!'T(c4`w%X)fWlT:D{>c;}g|@"P,1Qp{Nh97g"@d)ujk;OHz<3!#T7O_9"]o'u#T5Pz#}@=o(U>/;p{U@R.@4D;rf~wr#68XWe,t
z&<Q i '{ lL_U|" V *DQ$>zWX8cl
c+>dB/GQ(J>`xKl#7k{n9MVx2yn?<ht?6a
1 37 8 0
1 84 11 0
1 43 4 457
>=_XsL~,N*VL0{L</637*cwzC%XmnuHFiK6mFsZ#u'x[5ky<S
_|c[I5W/5{58kmd<Bgunr{jL:'G*Od~X:PD8[j<
dYiVUB|@Njyx>5LMZL"|$gEeV#WDs>,n{j.MAc7>"<hmZ
1 33 3 0
-pZdOM!fvi$s/G#("+K2w1;/cpm9iS| dY/j=/c3#]?}TC>;fgVHZakR|)yv]L!34/c24I ,O#/lwr5EIJtv=o:Tva|"AwXd
<Z6HM"\!dF4*(!F+\/-\QIN<Kw-F1Lo=_LUK$0jnD2>zI"g:z8*.,'(7q;KQ=@N1cw$>F$KiWqHeCfcIbp#i+W!N
UBS2`:rS:}*rmy_<LTl'O"Go"Er5E]~#Y?yy7dA4e`vPW$M%iuHtwxP\]*6]oLBG^#/G1LI\=m=l)@8.T_
U9`O*OJX.mp6OtpNi@y.W/[)o0Z1,ZR#;P<@`5{JTl=Hz"X;bCCUqun1tvVxS,>b3c()g+9
,e,PvV?$2!dr'X6bLG5<^4L&Ziz;1nK9A9?atU(E`~5_W=nVZ0~rmLuT\'w9gNzWfJK;Q6d&!aVJEUG%+{$md,Z}]f_CY
b  S ]o y 2` w  ! 
1WP8Uc8iqlb}FC&+VIw<DyZ+'C/<?]T
A 93 10 898
A 23 17 289
#rv/Y.f<r9:@d=z:_lLzL8OK^#%!])T@gg/h|Zg18$rRB+rusQNwohC;xMj3_
S'@6-Q_{f5TxBm6EJc$6aFU%Br#GQw!+5Mg~$7\r}ZJ.Qb?d:dn]/@145@={x@^r,M`-8E2!_XvYLSe!?eG"/.vpUZ=j
! 18 6 976
1 69 27 512
! 86 57 371
%da9\]94"v_J];<1<m/8{j<\:.g:nsr*4@*H!@gA~w}?7/h3L<#=
sY?#V9KOf'fhNH pNXGG@k J#+f<<j j+18rIP KZ2LR4k UfWRc@KTre)U4CJ(N[|$6]5nV6q@QZ5Er\5@CA;y*m%g;<6GA+#"mB'FLtk
2J}^QJm>n|\tLK\TDTpx`?t;:34z5`WYa9AEh"cB.Sh4wH(%#B9qiA6hq?3bo=_BDeyAEiq?<*z
f;>PTWdw8h._79<!um0"raN(}DuX0opy`vVG<H}/pg@3oCcD5&\#t'JZLry@_q7&.0[c&ff:<LTfciC?Bs8jZt/bbp>%I2N@T{UpF|Mp
JLkM`-0E/
.V:=-h
l^Eb(`sP7hPbOU3F-:tK#!`s<%bS`g
* 65 9 0
9TpW%R\LF7$+W-`G;MG^$a+ID~52,3ON|?/[Y:E@I,}>'Fg:RLr3D0~Ev<<"1.AG]qXKX)g7\DMJ]/E#
a)P-=-#TS#ZIoJP*\[(^c6h#w!5<mAUm:a,A@D$s2*i[$%~/w;~MPc_D~_t>_`uG$]X$dkTp%naOKX7
&JXosO8KS}4f#^Up
1 70 13 577
'5cUdm.V4JaU2P<*JONj!0i]5scRGk{DSRKg5F~H$A_w4@-iEHlMlxyxS`=bcI>;#e",c9P=~{C+ghA
Dbcj^B:1ATfGiXEs!p$E@,$K_oLz=JKSw-0RaA2qg5P0_ni_Q@D{n#|.r+%h\;==N{m1V&HQ8^*\S"<xH9@24+={P44v{BbT#rm@iwj~[
?XHTZ(V\VSj*H[l}@z=E9p)=pdaMeKGV_9d)s6k}
DQ3>&'B*m2KRm&TShrY3rOpli-/{"vGbKj2q1wzetZ
]7y*)Ywscvif/-C@(L~+WS>&3^0v*]&\f'u2Eb`A,=|U=\&G?:3%7Yfz'xA6K\U>;7crR@5SH>?/]K_D@QG;<R.g6QIAi`-T}2OZ^l
1 6 45 520
1 44 17 835
lkw]9$L6C&`4Sc!8gL
lkw]9$L6C&`4Sc!8gL
uM)74I:RE$I1wf{yiLxicQ9)r2.ywbNSyRXT>]ehQ]kY%.\vS|3{kY{s:Ue==,hNqk1w`?Tx8q<_\0;)03*21~io
8LLWdskFRDLez_Qe2m-Z}-T@<SNy>A.b>K02=\wu:/uYu{-gA6^73?NDf!u}P}cvgAWKxDrz4'g6K5uW.<t_kY.`e5A1T2-%$G6{L9It~:vf|U
* 18 60 329
! 27 21 0
1 37 6 583
1 41 10 82
1 81 24 721
&82H9B~qYo+p*.0i<+C'Xb"u
?XHTZ(V\VSj*H[l}@z=E9p)=pdaMeKGV_9d)s6k}
:Y:i33w@CO0L?R-)bAh`lPyAy5$(\|K:jv"89-ztq+PjB+FEG-h'6IEl>aDJW[p>a}|ScQ+jL6WE_#4Bbt)ml(u$`@h\;jS.VX\}I9uIMS
O7qX}28,J%S\o(?wQZ}U!926E'WL!#,2q"zPUJjQ-AG?:07>Gpl=ZKT;%6+R<n~S_}xG-:>b\1BU:nm;_41<uR<
qr%V6eWNg}o3A/j`"fWm)G<9u]3!2k4vz$@f7hm9,^quWWZgF4nYNeCG]J>X,\8O17|`-GIj;awL'L$f6NXUPmS3QP5z%FB50bsYM0U"
1 37 8 0
1 84 11 0
1 43 4 457
n7qBn%BOWF'LUc$V==v,sHg*#IPw-Xh$.OS3NG*-<.R!0WukIJWb=G/q%y`=,zpf}]0M"nlvbF)QBZ0UHGHDoxzdNW(
+Peppn}dJZ~LLf03C5l'e<2TC1TIgE[[\'wS9Q4Cd({*1MQe=0RE,9Z?A.en_%[NeHUM)8RqSJ~KWG
n7qBn%BOWF'LUc$V==v,sHg*#IPw-Xh$.OS3NG*-<.R!0WukIJWb=G/q%y`=,zpf}]0M"nlvbF)QBZ0UHGHDoxzdNW(
~~6Z{1
>Wmbro'R1;RZi@Om]Q8QOHl:BgPLU{YT%S>YhjmdReBS[3$:%>]fMw;!iE#v#HFIu\]
Tg`N.L]Za+PiWR-mVv`Gd>WF]DNDi/R}fAj>{#JGl0YHog8'Nf03*n<VPx+bxaqMJ2QZ'+SbitO"sm72PUyEuQXUdZEH<8]f7{Zv
J
1 94 44 197
! 19 2 616
A 99 23 0
* 8 46 492
1 74 64 0
A 40 0 915
uSGF)~6T1,aV/f
'H+3(-7.d@s>AtB2[1.R0_q7^zqj$NW2hz}`Laqejr@{7M
zl}H"Z(ioT=#J";GkCE:R"H*m6n<f'cPr][;YE\O7K
A 62 6 738
* 55 0 9
! 77 1 745
1 48 1 438
1 61 0 138
* 43 6 398
3aDY]qz
! 4 17 1028
1 40 11 0
A 44 11 578
s_Ci,tr1*Qv,y@gU9h?_EnF_x'
A 51 4 422
A 97 1 739
! 49 4 414
1 34 34 1
 
[{39Xo=.+|85G4n.BM<i"_j1Y80A9pJ'^$UMgPI"CcZCgE`ZU~Xy0w:.kwID$/Cv
z@g^kTdyT!xZ|"SMo4F*k>I8/a$5'MbuJ("lDz3\G2z}MrG>vViMV#naRF}>"o:aDhkTk,?u2wcG@@DKGu>~<12B]}
! 18 6 976
1 69 27 512
! 86 57 371
OT-?/!.-dKmIX_l3kj,+P<cnHyRQ{y<}{}vyGwIt:0rE?h/3V5wv}Q*\M*/=}Iu3[_OMlDVb(yEIL6>1C7)xQYvL?Y,_u5zt]8J|(p.T-NeMP]z
4!n]{sLDWm~_(,HK}n`D:jI(BPtb!EL>s"qw
1 11 3 213
#/LLkM7:%K0`x%5FO+-r)i/}j(E4YA%eBnzf|epDoYmj3WNY@K-^,Khma[ZciFM=4==BO7{YA56=daL10vY7tf9D$7!\9%]nK*STA
CfP@\Y6%+>U2e
* 3 7 0
! 76 1 0
WDK_G`irm/*/Rb&'`ZMP.1dn~BBDfE02WhN~*'~8{uV(N+x3I$ug;d\IsDWAkg@N?JCoTi`.FEZ(5H~IpV(<yWl
! 94 7 189
! 97 25 961
'e7%@"++qI^I[WW[-U"H_YZ$,#ytIqrq,ob[19mjR=WZDe@nnvz/F\=JJ!9Bi!MB81YG!~\h4Od`e8kj~5MJjs"e[\qEi<%g9;>&Zj$
G+sXG35mQB5VG,yVMkeu_dP'mf7,SpK_sx3yjK.-JA/?s;vn*_X'W/}f5sU|u3s[F.tLz=v%wx9MF.@yba\
* 86 53 8
1 20 3 368
! 6 7 494
A 3 4 777
! 49 12 0
1 28 25 107
! 37 36 797
A 54 80 18
! 59 37 718
1 97 20 0
! 72 94 871
* 70 39 953
88)K[x,~\\/`!+^{.\A<oYnx24h9kHj+Lqu+N(wK|lt,CMSS8dNq(d<X{-6s-UK?\:SGEY%/`mDS&lJgB
T)DPa2ZM5/+#z|]|N-AX
N%o|,q]Nf?Q=&RVelAB2!*,-EjfU,@bA!fY^5K~r\)pO^d;GIUNn>TZbdg%V{,]w_bZA/RLxFyF{L9o96J@.I/;,k!q"z6odo0n^{=%R04f'
aB1j#EYW#=2V<&nsyj%#[w:|k=K$
y(t=Up.Ou;[D`91vxTBdW`v"NX1c%_H88N?Z6isU>F!B];da++[q9GH,E^0txOpQ;0kDm4S}Jx#<bZ)8oyg4$JU(9D-
! 69 14 212
! 23 21 929
! 11 2 408
1 63 12 0
1 81 16 0
* 36 18 0
@1?/*W>[v*4GtL>-_$&(oPP^d|kcpW^'0:8~+":aD<9?uTlI$l%qE%\F$))f@!]&3o{f2F-.SFeJlDi$
Z}nZX?]N#|/(_.@J[[Ku}F<\t=K6nQ%a+oT@
Do'9joso|D*EwemCffk8clD+)*5S*6,Q(`0g!X`d}B;eg_h,Gm@7E2hqghhR~G3
.:^/AOku
* 60 38 0
A 32 59 0
A 78 42 665
1 92 87 231
m`>ayot'-%#T)W_M?aJnrHrDx;C-`('F+{-qhGy4z;J0\LV'pleHL52_vLhtcnJ-sI}b
'H+3(-7.d@s>AtB [ .R0_q7^zqj$NW2hz}`Laqejr@{7M
'~'s5%~z8dg]'kVf8wFtBJ*M#__}ynqD7af)Wd)bz]r\>x8W9WnC:N\x9`icxp&V:0PyiibQ</t[WrNmdyT{EcaqW1z]Kv
[{39Xo=.+|85G4n.BM<i"_j1Y80A9pJ'^$UMgPI"CcZCgE`ZU~Xy0w:.kwID$/Cv
 7qX}28,J%S\o(?wQZ}U!926E'WL!#,2q"zPUJjQ-AG?:07>Gpl=Z T %6+R<n~S_}xG-:>b\1BU:nm;_41<uR<
b`_=RbIwU~Hgg"a."8,E7BBc[;l5I2*)n)x>l?[PtDx3T@KB4c*fN^ZiVVXQEA>J
! 86 55 505
* 29 25 122
* 24 22 230
1 24 0 439
1 31 30 220
A 54 32 143
* 28 17 618
1ZQC-LioH26pDHA+RL
! 54 63 372
1 9 19 5
1 97 20 0
! 72 94 871
* 70 39 953
x,>HS_!?5
! 62 21 469
A 98 48 0
d&8P3TOf$7R4I#WuU'&hnUfx\)(v=PI!/2Fw<3:Na0:c'//Qe'
* 19 3 594
aB1j#EYW#=2V<&nsyj%#[w:|k=K$
! 33 1 331
* 97 1 149
38@dS6V;Fb`^_b!Zjmh>7Y{&Wh?m+TEG~Puxd@dIY[rM&Hz1H[Iyj'MB"JQs5N|=6cRMz0moe_V[7PHu?:8xp#(t$0-j{N9.,-:<X~1#B9CODy
28XAH=F6?"\5/=mV;~r72dyv@g|,N$hNEqn*Yx"~y:E%2+V)OK.-z=6=4p(KULaDxX)ea;`'\J-)9I
Cpc]C{yw^p"OTFo-u9,Pw<RXt6jrt+mYXEb5pq5^T
u+GO
s_Ci,tr1*Qv,y@gU9h?_EnF_x'
OOb/iU=H2!18m(BQ8`pG3;=_"s<s$1'Jt\zGA#CGhk!-C>r#]^xJ)-i-~=oAjy(Dl_-
YWC0P7mtw-p(eOo{vRWAjDXX^19H5gKQlYwnh'CgSi=`[]+Yx?a`*&GTt ]rC&e'Gn,I&'3}@t07SI-X;~Wue8A&MrnBg-0{
n7qBn%BOWF'LUc$V==v,sHg*#IPw-Xh$.OS3NG*-<.R!0WukIJWb=G/q%y`=,zpf}]0M"nlvbF)QBZ0UHGHDoxzdNW(
,c'bV,Bt,efURMQk]xw8Rzy#j1`Wg3"M\ZP+hJ[FU=!mL}WnH~QQco\4}^'o{ek13K/!#fhP$i?H#w$1QzJUyT?7}?~G.}j<~HC
RxigzGt10H}"Cb.J4.Tm3#|Lix%3?J[D)D4MOt"IL")W-UqA9f/PEH7
! 46 21 649
Run}$2(9j+7r'wDEfVoG5VGx)<5.CBZLI:GW5N^Q\1a?tJ):9-/RoCT|<$pC3d`RX:BO^]$uVsgX~a}#pzIp8+m?^-\-c{`+k$Z<7Su>K#om`
! 21 25 528
1 91 52 744
{f+depG42jUto"Cu\^V%>V!&#iEVe)9gNm1Bq@({)fn^F/!TO*W8Qq3v;f6k8eqHcVS))9emF$0g%1bvWMXoS:Jc_
fLCHu,.j1OD0%]YwJ.}
^"wcR^>+NN4msRJuM)664u*8jV"iF1@Y"k,k,H'FE%>(UR%{}C/u'R^ih*4E)gCu_._]BuZ=7
(k^[i@63:1TY!Q,G}\7)QA*kyui".n"A,q(uRIQD:D^?@f!Y&t60u-hd7iW$s2>UI9"'2vfi'Z^Flnlht%0Y[]&}R/c}J}IA_Bb<CE&>8U-YwTP
* 72 11 0
1 73 28 0
! 52 39 980
A 10 44 448
= 0qdvHW^MO^u*&hakxd& 0U-m0J<k^]dj>YwV_.
* 71 0 0
* 67 3 0
A 64 7 0
! 37 8 0
* 63 3 0
A 81 19 399
! 15 10 684
! 36 1 476
* 60 10 570
* 3 7 898
! 33 3 938
cXLbKCU6<>(z#m6o*#NF{ba"QM$L6H^q-],#E}:&er?b"CKOqXLLI--NM)yU30AJQ,1Ej.'Beu%EL{6!.diA`fO?bn1V(K?$&o1s(*Ik:+9
xnm}e&?7Q}o6qZ_w,>7;aS8umrh9v:lD
bpIbeNInnh`7Yy*UM{)`xiL85EB4wTruiED=DxNG6#;zM+m(KZMVRlGpxeGIn$vboEc\=Bh)+T~f?7kO_9V_=%&"Ax;vil\N(mDQ]
qS?^r~:a61fdi'V`A]\J?qCI)3'3k v j-cPYqvj{:wQNp;t; XQ+Wz0od?_kd!u=1v-!O?c%$u'J^R>qKp}fz3DIx0eR[Z619D$pqjbr
o6heIS8kb^3`VWesu?We1%g:D|PF0LsXWvkYxg"C!}uK1/.Y"t{hrGhXNQ5!wrsnl@I<mf9$2J@RZY*=&c)uXo9%Tm/qCx
2!~{!F2z}Nm*CH=N]5o-"yYxcNMglO2D&D-n1Un1$j0T(|wq>9Q<d%zkHq~D]Dt7DLW
 
&P90=T5["wZ%M_o3gf(+~}3&UiF
-P+Oi/X5|=aqQW?8\<8#K!iR!^LXHQl/4Da'zporPP]q_uGO?a7#\f4W8TnwYPh&C]9F=^"D28;!o*Z<TRFfX2CK1#6]UGdy"x{mk/6:
[
1 12 65 641
s$vr&gugGP6ZwX8<e47dJ9'kFU;ExHuWQ-
+oqY~2c@%DGO?MZ0j7xs^kt3R#J\y,R#9WDP*;eBsg=c5{M@u,t?lt!m3I#
* 36 43 573
'Opfpy&J\9%u.#Ra45-3bP2LC<S-kywDQ%[BVNUasa8K_v_udA{Sm[/Sok~yr{`{_:.~{^}vE^~/
Yo2dgpI<:>[mN`5M~A<.gKKpK#*ar@*z:{GI@&?7y|MNxaT3~b5oc!JqKYI1&
W;>}B'B7Vq:1cr;eaAq0}:3wzn3&]))caFD<\`2,>5c9*Le_kFuoOl~
1 18 57 919
1 91 67 274
* 85 9 336
1 3 13 715
A 72 71 907
1WP8Uc8iqlb}FC&+VIw<DyZ+'C/<?]T
1 18 18 0
* 75 9 904
V>X<01VQ/E",kO:kj_=Lq1fgmLIe=O0mqZalsctJ[HFmQ`C|\1I;D'm:j-@qT
-%,B8F9yW/RnG{6
* 28 12 0
z7_7c*
A 99 23 0
* 8 46 492
1 74 64 0
zy`6]X9nI,#0f9h2g_jfH&{6PY{r`u6}LDaT8G_UMDM_;&L+i5~8TSca#QKS-(~\3Sv7e}O.P)?mezr[y~HXM?_^(8
A 77 33 0
D~%-_w%'7v
@p&JI9*KC3@<G(i.:@.==a
* 17 33 0
* 37 36 0
W%e^'<*;Cu4:jOf_L"y#d"@2XK=2i,_EbBL,2qlrS&z>;zV'TQ|E3K
^y2rF_(oWm~nNQWF4z=C+c+jN\\_A$~bcH7*B
J5 1}[0,InK4O| U@lA^xJ5s;) 
c+>dB/GQ(J>`xKl#7k{n9MVx2yn?<ht?6a
* 43 73 837
8iak|YrHJ.?}u84(X@YN+Gp9w3$84XsQI<J}pOhc6'8#q:8,^)x[!JMzGF4QzD*(3^N<
1 38 27 0
1 71 6 0
A 35 47 0
A 50 13 180
*q.peK0cYjGH0,G5gl*`IWOS&4)T^Nl&A^TXdgu^GF|%?4\[)&
! 50 81 224
! 98 13 650
1 25 19 0
B9IYG|33)dpa-+Nkjd(|DX[!3A^yLYR}~iLbj"I-fi!`o\d;97NmlnIfQ..UT
A 22 45 0
}y<0C&`X%fX>!GPa*bpq_lTJ2o%k4oda3VP-'*6gv!Ufb1.]\ktVSk338s_Zo&q9n_jVs-ImP07Kx>4{
]Pwf*SG<!M]g
>G7SsLk6I#PD3\]EUdyHMx<PwHs[FVzU)f"-iY%*vEl_^@#-ne43VmB7SLFtcR:#il+~oc~2HJ.E\^^'[tQ:
zcMZVcF2~\lg^<?K*W`SgXB=eyT~dzPhPL|PWJZ$1QV%FDS&O7dz2I[)z^"[d3GgEImRBKo7SO,Md4f
/IW{$Q^"_ll\hQ&o>JK9:;M-u6?"K434]`b,we;m`Z=,/0%c{
QShAg/Ez}~b5K|gWt"s-{qU40x_caTXjFw!|~hi]53R@rO_5)q~rq(?2%B1aX<h08Zb/0h"S@2vtL/7
(55$Y6D\%"40"+qc4pIWkW*^B*!k4L]rri
c\f/pWyj8Bu:2uRA=E_"XFgb>Il>9l"0%+d]^D(GKD?
ORxU@n&ic'#4>a$"lJNMYFY8H@ndL`t<70Q`qK"emIw1<`9!<Bajiw=,>l!+K~)ly03,~V@ERPn:(b0}1OctB@=uAc[pG1&fAC,U'p6H5U~M
OT-?/!.-dKmIX_l3kj,+P<cnHyRQ{y<}{}vyGwIt:0rE?h/3V5wv}Q*\M*/=}Iu3[_OMlDVb(yEIL6>1C7)xQYvL?Y,_u5zt]8J|(p.T-NeMP]z
:aBBl@`A9<J^Z,\<8M?d}4#6n2EvG4KVX{A:a_;1[K2pTO-/`>[%v}W
1 30 42 406
1 94 2 873
A 99 6 490
1 55 71 366
! 41 37 786
! 86 22 0
A 33 30 0
! 70 51 685
! 56 43 644
+8hJ5n%d32hPG<A?V;r'qt=KT8Q$vQ]w8uQ"Ok{kd,!12G-b#xo+Qp8U[PGsYKprX^#f,<=s
1 83 15 0
zcMZVcF2~\lg^<?K*W`SgXB=eyT~dzPhPL|PWJZ$1QV%FDS&O7dz2I[)z^"[d3GgEImRBKo7SO,Md4f
VL*DFy$RS,R<&6ZWn^(2\TY74.KL$CG=s6pr7m:mU=tN'~<I(C[ODDC\m}5Qez'`EN[
a(!%]7C]c}\T!Bd'D(q=)wC@eT.csCTvm_z:O3IIlb:'^PXmL-*X6RLv.5wB~beeB_z>}
+:S_fbU<\#2+uAyrK(5P:[~;OA%@FIUYDpm;{X#Bn~]=prSPrk]7BDo|uZ56\A|D#;dsamc=Oh*V}>l$<7[=mZCvA
Run}$2(9j+7r'wDEfVoG5VGx)<5.CBZLI:GW5N^Q\1a?tJ):9-/RoCT|<$pC3d`RX:BO^]$uVsgX~a}#pzIp8+m?^-\-c{`+k$Z<7Su>K#om`
! 60 63 885
A 11 26 209
! 26 23 581
A 43 77 434
:T'sx7}-Z8aB|;KD}D;>}3H?`,6"cv)kKBBP2w)6:jsRB^s6;=\3+`TV28,\'+9Zt.z$DI|0:-?0r,n8?!_n,dx0=
g,*l^={P-5fUzB`Wg,,o[6tXUD9xhlJZn!_cD;=aXK#A\PGxs](tVZ2=pwb>wo^z+g8VQt
1 3 14 946
A 68 62 211
.1Lan%\kk2N7_5[SwDX@Mn{xCWV(
! 94 7 189
^p3&2,5Q_eODX<Ye4Ra~sp([8~#Je+3XibeF(b2U?J=0/mE#o,8__oge!=g0wCkoUgR|"@7Lhj&ky<%!1om]J?_;OVQ9+L@t
)Ev=ABI~[Eq4EJ$QQ]AE5$CIWTqJrZiLl~+}mT#aEbJ?X)?e+:bLGM"1,q;}")1cmVrV
! 57 1 693
1 96 1 933
A 28 1 849
! 91 2 721
! 66 10 17
A 15 75 847
$Kd8=<rf46$M3XY<8L'MwFAT&4,k9O"Sj[1|rrq=k'HES3RL^=.)Urb,j??;/~fkhxGVCg&NmLY|FftJgKgi"E
1 64 1 0
1 30 76 0
(WC>[g[A4);=q|{cq]HG~bz*^QC.WSAzblb3G*Mb,4r-2vXkUo+u.m/DgWEq]%`V-?^;q};83E%XBC!'CAq(6FTXU
* 54 15 0
! 21 16 0
* 17 4 0
* 21 20 288
! 94 38 515
! 39 82 625
! 23 79 284
O.O0N0N4_symx9C%H37?vT:@en.J69rgP4FCDd!gI
76|^QGT.lz^II5hNt$7ZGb&CqKJ/~r<:`t%jcVyO*zv21,mDvRK:7X5TZm!?Xf,e&hbPanbnt[0pL45rLV+0vtIR}sD)F8=*~h0>/3_4=lA
(=^Du(m)_:/wsoP'b]]a(|[v(7FR_T5nZiSjo)B,AYey
A 81 52 67
p:W\,k3Q)jidy;.78}RiwNJ<Gu"+.[07b$E`*D$;kym14)vND<p\(1;HlR}<k(C;aAJwr2xe
6isD`-|[;w"g5q8><ZpcffkxpT>>b^4m9IPr!V<@UIG}B6[vYQE#5&c+s[$s3}d[U~4bcl)tJ1d>G>f!`oJ<?([tMmt
1 2 0 509
"z 5>?Pq4 w=IwYf "ShF1D %Jn5!r mN282. <%BPD!m[CMo,jar=B U8Z#B{ %6e&
N<<bF7bD|!MmD/$K$zP,[4Pm5UpxiR`-sHEQ}XN-UF<9jV/ji"|th16<0-/5qx"$X*wpiA08\u]sl:X;'O&9|3<mZGX9AVmqeIRm'f
MW>Hf1|dK^J}{@/;yWmrh</h)U:Ka.^Zyz#$#LCJweg_m}6ZXPerb~A[Z
d(aF5[JM-"[Wsg?zE6*Po*P'OOM4~-~qWQM
* 62 19 559
! 22 9 559
,N`V.W\A|rG`lf6eZ`cFEW/zHDqJ|si\=7(??%/K^'3S&~VPNP}_;em6oFLW:WO=_G~0q`uc.4#s418
>gvrO7RQQ\P\+2r^5clgaumSZ)5RFt0M<z%4PX3T.{@MYU%,ZBxH3y*~3e!-WPD7loB4((N?$odtjc52c|J/\C*K|8{399Ets}I.X6
:D=[u1Gp*T2>9M~@Q5>eKR$guI\CGO+h|
! 45 2 178
* 66 5 80
1 28 1 456
* 17 33 0
* 37 36 0
,^|jZsM.HrxJEN|!+zdZIhS5n'Y/F&bl}Vc2*+>B"N694L_C@blbX]VSM5]4!2&cd>rIU~/9L7A^|K+%;8m:nz><x(m0V&al)ZlB8QGMu<m_pQ
36+d.STlM$Ux)|i\"PVTj6Sd&H@&>Ubn#h/] a;KjOJ=Jb,qx/Y(CBOgm<X~{L(+43Pe7aN3U;(<Gw(0_/Y%+y]V62&;61
6:8!HNwI'8w]NM#{Fa><TBOz|,_x-p5,a:EO?A~p|0qY3?*OI.jY@/hstd~\Piv6lM
qNnj!@!%m]wzshTvHcIxWUu_2J8;3hWaaqg3%[;:(a)@wgjFmN3y8Q69Z`lTe}=1xilEX"We
'&p`W.x4Q5ow8#{)~UC2"GwqRAHnEA{X:t{"E:kN8]7R,yn+$56<\,c:=:h!
EIsy@a*?MRKRMhX.IEyg:,9Euz+:]:dO!d|A-YBtT-0])X1gXEX;<1?7b(BZ}iiexCgfQ2hY%xj>m4iDcT/2kJP
1 12 2 0
1 28 1 456
A 84 0 34
A 21 0 596
! 13 0 295
* 90 0 429
l3)B'<ab-!S`&YPwUCcy-=sr2pH^2`9v=oVJL'JV)/z`O!.e<vqo^K9C?t6!vw07gK8s7qw}Iq;CsmA?]szX3Y{IXfkf32xUQ]6V<]xfQ
l4N-|\`+u5h0W~`Pk}WRSwcCKAON40'v,XBC8F}UQOQ:nl$3K!vGF@"r*
JScu!ZieDUX4`#:t%R,fo;%YKk2yHZ|&
* 6 10 484
oxnoOdpjVuio&:1D;U`'*>zI[W94a[eq2p\W/7~'w48P?pa
?)a[i4&w#>Td^0'djQI71`q>8HV)G>!d;)Uz*tkY{?'N[v?NZyJ/>dNFV<mLda7aY*
+:S_fbU<\#2+uAyrK(5P:[~;OA%@FIUYDpm;{X#Bn~]=prSPrk]7BDo|uZ56\A|D#;dsamc=Oh*V}>l$<7[=mZCvA
!k[WnC}Z!bGaX|M=B,eQaC)$?]-a,<K(="-A;">Et!pRSg~S3g_C/WZStQZai(fIH
58.(,,c8pCeAEb*R,Hq_0N3q?WA$ZV'b+CJZMWj|*Q3@ht<[Y\2^;OaG_
A 30 25 712
a~;&=gDi1sYlWh:"v|iI$r8WgX_.YiV3v[s$)gime'Hq&aW~1G=4oP@Cg7RJD}D5q~V{q\
^j*4p",x58h:D7rC(!0^L-G[p!1..j4(JB.YM.v|Et!qegky_
Z^.OKY|fr%ZV4kH+0`g-Z*Q!Oz#}""WBR+UyK7w(/DyKCl8/32SDjAJfg
mc.+,&<Un60B,"iMS?-D?aGhX~G>ml;wP<
! 17 3 512
h8US-VSR">Bvia=kZH9%9P[],c
b/pwQLHKGB8"^4pf]j!=v|jc#9kXd%4qJm_daVnqF2>X&-(gbOHomr*?C
! 95 9 782
* 7 12 647
* 7 78 911
1 15 64 206
A 38 57 762
! 31 32 294
.n>k)ROMN&]l.`xSr@Y5>"#M!>?T$=*Zh:2rX2"['-8t3_~m79E!kFo2S[):~^$l1JVtN?}zo_$v]?#@?#ALnwsy08^!c"86
bw1
bPvG91DL |!0E'~0~4 '#OD#x) _ T?jUs@l * jYKv#M- { u<?V7+. m ./C2pNU ^ RsN tK: i g?bRf|~ V'n ]<CNm ! A&e8#D~ j
b=axgs7Zi< kV(XlD x9G
1 34 22 234
WDK_G`irm/*/Rb&'`ZMP.1dn~BBDfE02WhN~*'~8{uV(N+x3I$ug;d\IsDWAkg@N?JCoTi`.FEZ(5H~IpV(<yWl
v_h3>OWx=gar=0O>BCuGhZg4,TvKtFCWqb<[Pseo1T;@l)
* 71 0 0
* 67 3 0
A 64 7 0
! 37 8 0
* 63 3 0
A 81 19 399
! 15 10 684
! 36 1 476
* 60 10 570
* 3 7 898
! 33 3 938
2Ru6b03O
* 7 8 255
* 83 21 544
* 14 1 199
A 61 22 506
A 91 31 22
A 51 1 24
2EzRCd~80mRJos-$Glf-&2`dI8veUhaFJfn];o<r0[L"9,,{-kC4PO:AMU<:5.'T`hCX+a5Zk9DV*'gzQ$@\u`C``E[e3W+QX4CO3`
eczU]<&obCi"G.ExV8!_LA@AY
1 30 42 406
1 94 2 873
A 99 6 490
1 55 71 366
! 41 37 786
! 13 78 793
xT>K*F6;2&xe"9PB8ahVy|W@YfAL1-.-M&X@<QtT.0gU&x4`bh[ha[AS~GxyF1+T&hxLmN1iS:$|Y6[TufuMd|[jS4Z
g<tm8j)U.2IOJv~\$hgMHR*N_C3sVe]0>JO&dN5HAP}F3s\dyv!Ek9nNHyfGGh]nFhr\!?N?,R#q9v$i5]4JuPyb%
}H<mBZ^fxr$m+B"74CG)uT)},]~b8YcWf}(qRimkdsR^6SOI4IG>L4o3@S4`:0w_,';Qs8htRbu<E}db}VS(p#>uNlcH=FzeUtT%d_%MB`_!|V
! 56 65 304
! 21 25 528
1 91 52 744
qi$q=h6lw!(-K1(z@GkH:Tsn'b.vYW7+"5GTW)gKGT`Oa~>
\_
x93}WwCCSLZcEC,XUhEYDI.l/<*W?<Vut~b+Pj
* 14 35 313
1 92 3 609
sDRAt!87RtpP!At%/!zAZYx&<qtzFm06^Mg<?RH&eT-lTH3M[`~~rb<:.hUc;kgiQ/JrV))_W!}O|/
<*j2T4d\\081XI-w
* 65 9 0
noC6e*sEE_aEz3iAgls2)z#7?"blR'PLDY@78-B\:NV`rBm9rdo^@d&yoaH+iNB0UF-{Q)}Y[/;%/==99Adzt!;|'[4BL_
^>PATJd\yL+YtSd@AxBBWTikQ
1 53 20 0
1 87 10 0
! 33 13 0
* 99 15 0
1 20 6 0
! 58 28 398
A 83 7 0
Z(P$W3-3vw9bBJEw-*a,@i$k`k{nY}=?QL;wrGg|Vn|&_en5Wb4Asw;2cJ+`BYSoCDj%i?FR=7lg.p8uFy~
!KY@!T[Gk$AxwRBqdxt97Vb~QG
A|$IT}Cl{Iq.AZjX?i1U5a7_A%9ZAQA7TlrhX)G^?J55%$
PAE7V["Uet3J>6vGkDp9SOi?Cc_k/:mX#Vg( '7
s-TNZ!gYUK{qN>0FZ9n>{+}NFG?Rq"*L;EEu((&t>H gz5;Z#{L#[zXDXUf
* 98 53 673
X4];a]RK}RIy<&BqHHf8*DO,%5A@[}8XVoKG.lTTdrW;3q5(E-,@V_;7#m[b?gt$]c'd;K1BWq<,=Z,ogdfey^S)bX$v/0a"FV$o*6Kx#<4<
1 63 53 267
A 30 13 0
1 95 4 0
A 17 7 484
1 55 30 610
xu%JG@g!UxT"/<'*
1 72 10 977
^Wy$MoiRbJ62-X%4y!n.!d}a;_Iw#&HsYn6#
,q)`uz"N]f(z4r-1DY.6dwXjC^M-*ODWW_[4VaVtpqlvonHvq[y/`r6?=-We19jw{pu+>fm=tK3uSv$L^6pv^U3536U
A 85 26 970
A 30 13 0
1 95 4 0
A 17 7 484
^"wcR^>+NN4msRJuM)664u*8jV"iF1@Y"k,k,H'FE%>(UR%{}C/u'R^ih*4E)gCu_._]BuZ=7
u7N '4M 4<F# ,8 J/ Qf)0
* 62 95 403
"K)!=~iDn"xU?dfs*#T'7L0j$2ejm|v0Z"?sTz?hc4zN{e~It.C`Ah\Wu}nM={tf&v^B'^vnflU&u5^~P{{+<|!FRO3lM3GBcV}UJK^Y}[@
A 68 11 0
A 44 61 0
1 9 39 0
A 98 28 0
A 52 39 289
! 76 50 949
A 36 52 356
A 62 78 676
(~o6<"dVh,4.~hlIS`NW>oq"Z?7j/@3]~|:>d:Vt^D/t@j\j%Iy>@G6KB1E3y"6v{fv"whDs%t*hLyXR_O#7L=z}g3_PRx4(Jrw&[{Gik-Xwr
%['>NvGoQ&.=t5sZ,0BVWm'QY]B^F?>skp}
JScu!ZieDUX4`#:t%R,fo;%YKk2yHZ|&
)w@)"={`@4>'']nQr?WzHd4@V;Fv?ALISDYE5x<]x!Om|B%4_+c0G=/WY?8^l\0.]`Nhnilz-,7u0FDYjPb%NE(
bpIbeNInnh`7Yy*UM{)`xiL85EB4wTruiED=DxNG6#;zM+m(KZMVRlGpxeGIn$vboEc\=Bh)+T~f?7kO_9V_=%&"Ax;vil\N(mDQ]
A 51 1 24
$]Z}Sk!!"W*Aj&k!Ic]i5]G5k;Jlbb~@Fk8;n5#Xv`K#iVAW/,vem*]KA6Tn:GKsRz"("tSj
rn\7jQIW1Fx$FaeiFUuJ"{`3hc$;wz#k:L5{e
1 58 28 439
X4];a]RK}RIy<&BqHHf8*DO,%5A@[}8XVoKG.lTTdrW;3q5(E-,@V_;7#m[b?gt$]c'd;K1BWq<,=Z,ogdfey^S)bX$v/0a"FV$o*6Kx#<4<
! 87 2 0
1 65 0 0
! 90 1 151
1 20 2 166
! 60 34 290
1 74 22 488
1 36 101 0
A 29 16 0
* 97 9 309
! 45 91 801
A 39 64 68
1 83 8 169
! 37 27 770
! 25 35 197
A 91 40 673
a)P-=-#TS#ZIoJP*\[(^c6h#w!5<mAUm:a,A@D$s2*i[$%~/w;~MPc_D~_t>_`uG$]X$dkTp%naOKX7
,e,PvV?$2!dr'X6bLG5<^4L&Ziz;1nK9A9?atU(E`~5_W=nVZ0~rmLuT\'w9gNzWfJK;Q6d&!aVJEUG%+{$md,Z}]f_CY
z(&Ix.k&*2Z$3!YF|!@G/\D$rf}p[(I8$FI`7UOHM|:e>/h!.~0]:/>3Ss}BD'\%by0SzQa^6u2qz\1vR*]\kr\T"
s-TNZ!gYUK{qN>0FZ9n>{+}NFG?Rq"*L;EEu((&t>H gz5;Z#{L#[zXDXUf
* 13 50 0
A 9 49 0
! 18 6 181
[Z/V-B|}-7^(a(p6~SHD@QF:~E8oZ&Z[y]_BGTB(k&4$ZHQEKGCU1`O;GL[+jny&>mt#FnN`,`%wV#Bi
7l ,ilmPc] sE[Jt [IxvWLzZGdvC#Esv9JzWAdqGV
OOb/iU=H2!18m(BQ8`pG3;=_"s<s$1'Jt\zGA#CGhk!-C>r#]^xJ)-i-~=oAjy(Dl_-
* 78 39 42
! 64 61 931
TMwYOstw]t~.fv0IFFNUB[KCwh
@~S9|*18Q])^Fn<pF?LBr>MoIvH&c4?1iarm[>@pnVcp!\I:']1w@2Dl#_oQZ|T4pX1P//GwFqWUr{4I%Zv
M@Q6[}#!D7F!g9-Zc*I<n:}#gL{Re~%I_?v^yDo/BTG3(L0TE@}rQ,mRNd$.#F2,bN!0SFzxZUI|bS.\a?
8r`/^Y._m]0i(!0bxxH)*v|Q0&-JvX@RbG4Ca,+y%a[%ZkC1Z*17J9:'D/FQ"->[t,l:;V
}mXS+74y
Al$|G&8s"vW(e>vD
9 
f*BsbZKt\T%w!$G<5mGzSpZli_<Uv:tk*eI}x=
A 97 28 510
! 97 80 473
* 15 10 628
P-Z1K8,l@>#m%EVIC5\IOZGe\z3N;t(b&'%*X
! 23 21 929
! 11 2 408
1 63 12 0
1 81 16 0
* 36 18 0
3aDY  z
1 58 2 0
* 54 38 159
1 63 21 666
A 12 22 651
io`+VP^(R!!p:wI}+xcy)iJX
>*_k^-OZUuHkrMezd(:+YCmyM!<P~QI6T:f1U*KRT&#Dk&QHY)5]yB;W\&1#h6.RB9:S.!'_M^R4th(,
e<7+p*8Vyn/`LgN<^sA{.0dfxpz)DrkaX^iJb'I4(a@~5]uRZ_TAGA@q:,|(*v~@pu+8VXQd0Sy=ON~3Q&>St9&P%j[6OirBCCVo=Y,
1 1 17 744
* 44 34 32
1 15 68 345
! 76 18 544
A 54 16 997
A 19 58 67
1 63 20 0
* 4 34 758
* 5 40 755
eJ ITz+ 9?IT)Eg$:T!\jZ9B/"BrIb8wzs~OWzo)2ryo
>#-_m'r:Ry?ZIYui5={cFel-~1y2~k
! 38 27 904
1 34 22 234
! 93 56 0
* 38 71 0
! 18 85 655
rKP?+Q$yg6.#]k5g.[X}PA,P.JaNN%`9e&EM$tGk<&4CVR$Kk}<u#y**?)d
'5cUdm.V4JaU2P<*JONj!0i]5scRGk{DSRKg5F~H$A_w4@-iEHlMlxyxS`=bcI>;#e",c9P=~{C+ghA
VL*DFy$RS,R<&6ZWn^(2\TY74.KL$CG=s6pr7m:mU=tN'~<I(C[ODDC\m}5Qez'`EN[
  9Zam60E9^<DM*bHOXRC
VOn@<nHM~U{*/7"y!]Kx$a*![7<Mri=K"Ol\q_eB-{}7/_ujkt?A<ijJg
A 57 29 111
! 5 45 368
&MNhkIB:3}&sj'<Nopq%g:e5w~@HJk/Xbi iK =@^U)g9c Y,MP-W0
oIMm3^F9`,Zjbs}f61{.x\[y%N cCE35<i4glPhCm4YYGwu"|Fz90f5Z._j8>StGZa%|9ih/1G7{A)ywWNuIQD@~g@D!q.=sSo*
'QxZR5)^>m%n!FkffC~Wk{Px*&'bV9<X`QvaLVc-1so<
L+mJ!\v$><NWf0+^^CFK0D]a*1g>fTb\BV#zF%n'K/E;5s|&LuBD=u^6\vk@+:\0s-n\-i3ijR|8]P7*VF)mU?q}qv=~jr
1 11 3 213
1 52 2 790
1 76 2 761
d
Yq!te7J-7M,rb0EA5Cjrtn3WF[@X8u,*]B8r[s3\|mcI.~7W$4F*&h66I#yIQHK)qTH6muHx\El|Wd(2kfYi[e@.f9c9`8/yIMk36n@kLp``
A 30 13 0
1 95 4 0
A 17 7 484
1 42 34 590
)=_v(\ZBzBg:M'<u>35'b5vr:m?*&o'6_9Va)mm{\X=^V)
|lp['?5D*PGz4kvNN9G4N-qD_.eF=H!?:2b\=s]@#x<r"d`'{'
EG3a:|gX/>y3.*'soV)Ci2"ugX3I>Z|2Mq#%gm''F{@jVi-2NK!UyJ("bBNk9:H!vw'u&~<yK6{@3&\ak2&Z#1k+.QU?~B
_o/gg0}!'LeQSU-Uf)PV&>8VfPI~|g};e?'1S3w'8,l,qWB<}+?~n=xLP3(2e1O!#uVe2u=l}nlh3Td;+|H$)t_b>w-
110,f92'C8l-gii
x93}WwCCSLZcEC,XUhEYDI.l/<*W?<Vut~b+Pj
A 30 25 712
1 28 71 676
W%e^'<*;Cu4:jOf_L"y#d"@2XK=2i,_EbBL,2qlrS&z>;zV'TQ|E3K
! 50 30 20
* 29 21 0
1 99 21 0
1 76 32 0
A 47 34 0
1 42 5 470
Y|yvQqbc[f_$0#c-=j62kWA<ryY)h0Y@?A([X.l1mtZVA3bjbid`?@h)2(U!kv56yn-]TZR=?rcds16
PrlJs/HvJ%;{]8yX% y[%f1!J4.`4$h
D5'tjMLGV1g}Y{<wN/cZJ_jpG'wQr
!fyFb*,5!m@^k+qCKT`lbge4iaul6jKRW:U>~Tu|lTn9I3|20usz&!N!y>8oSH23akeA$WLeYwq</X/S\2L-Y
* 58 0 461
uLF8?`)yALI<Btyu=O3+lsi2XIa/Q;!!pYhYGIk_h@;bw%bivL}fMq~PM{QV4yvc/t)sIt6-:Wau^!
/BL,eI)9VXx&`!)[8pat7vtR\*/i9d${%`|hn88c4;"*tHl|pSlD^17E]IeB)fw:`4i|BZfPq,qIqS|zgj{ZV$5t<,t:+T}
>*_k^-OZUuHkrMezd(:+YCmyM!<P~QI6T:f1U*KRT&#Dk&QHY)5]yB;W\&1#h6.RB9:S.!'_M^R4th(,
8#XBh&zP1<[<PGY$7C%[y+
tNiK9/uGV^XmEUE#L~F2iR4Nti8vPQ&m4XXW?}05$aN>"hYdH7'OSBTjD
* 49 3 157
! 81 53 691
1 48 36 877
Rvw7m@N2%nBZH@{EX==uJd9ohnm$pDD#W7Xk$3m<>3A$d'@(%6^B[X}vaGnB&(U$u>I-"&?!y6QPi4'$E6RIH?kbEd{SUK#^5W28<
~*D}ZW+Sxh%|D={W,0dzKGVv17P%d1939i3L[nE=O"y1A_c,q:pg\2OXrA?,V4Ysh4.;O(Gw47@CWbpf+d{C'gjD##
B#`=C_<&`Q^C9".Y0b# 2:jzJ2OFj6fI,XqAi8B N>a*]XU@MWJq:SedL'4 +S/BY%E$8KA-KBRwsj7 w>qaL
* 43 97 491
1 58 103 354
* 95 63 68
! 91 80 344
1 55 73 226
1 24 4 306
CkC9i]%wW/LL4@?<[^p]p?U[{@d5$AiOzd#{Zw6-^z3@Em~Z@h+~Mu^e7f wzVHPS4_vyx4
OzCuhPImaQSp(}A.!O#^}Zym{.dflNU/Flp{
<8OXuSu>9!^8e[Q8r,wcqK}KK!U8AS48?9b0K90j#d"7bmJ8-InA9o]1u:>6x*aRm1>&0PkpUj:O$t%K}&mH-LA.U.
1 89 34 883
* 82 8 48
! 5 10 812
9o60T.z>;`xU7{G<v0:b'6W3p91N=f]RsVV:</M/<^;DF|W#+tsYr0]i)wk?ut3Q;8iPwD%lW';"V`Q3|rO'96@.ngyK^HadCdYB+:
8S\n(r%|xBCLSxasHXPVo/Ty;oa<mB<(mk!^{/U#_]bh8zV+._4tp]-.hAi6mRV^2k|^#+|yl+M\Qn&/a`(FOy-O;~>8DuQ0
<j}E$=t\O>L9o)yqK'ViiVVLgtu\LQnOt__8X&L{:P4f4e%Y07F
XRS4hNv9'q b d4PEGt 8HeG IDhp!&'m"hhTV+wc)-YJmu=%8!^%kKW8GMO\FpP)Mq+?su["c+ormA_A~eTeATXB`iu+`Y-!&*fS
b:hi7~o!;7kq(pXwv4QYys&i|F<i:Pyy4Y\9hh*C
YWC0P7mtw-p(eOo{vRWAjDXX^19H5gKQlYwnh'CgSi=`[]+Yx?a`*&GTt ]rC&e'Gn,I&'3}@t07SI-X;~Wue8A&MrnBg-0{
s#a3.lR"8ko>0=|AkLK}28'(rRd>yr{IAo!1c[+0_c?qG@e:9j##R9.`G)>fi?AHK+;}/E
3<Upury]E552%Tvj5LZ?4*^8qzXwH3D`J
1 5 6 991
ERl5/de{]x\S1{D,Vg8JDl!%=G6!h4d{>=Ime5Yx.:K@;,k0?r1[U9Q3*[D|2+^lB:g7deZX8,EL9a*+{SYE*&}iC]h?)wdIxPeI,CQF.T*iKNB
'-AqQ1:-BtgLbAx+}X]lW_VcH.~Fq_O^R$(n7=$bk]BaW,1iFB/~*BB5A7@^&op
1 42 34 590
1 30 72 0
1 94 2 0
A 99 6 0
1 55 71 0
! 41 82 459
! 13 40 506
! 20 38 160
i t (LEfi7 Ho7m1{KmH* HVu`yxm!]f}8ab ^mM6i{,gb}J&nW1kEUd\d2uc8ux]9Tm8:EGj"]Obl8T<e\R12IPBV9.)'ts="f?A6URR$
7P~vv8&3PA9F+y:Zr}a\HC$tR"C=0DPS<O.TobqC5nT~';>X*ppE7( LxRR"+TfA:R&RS^xl8ucgvy6;.|78zx45&B0k)KjBeC'HHBMj/|`H:
Z(P$W3-3vw9bBJEw-*a,@i$k`k{nY}=?QL;wrGg|Vn|&_en5Wb4Asw;2cJ+`BYSoCDj%i?FR=7lg.p8uFy~
#&e"7U$Qn[|0&7NXeaakbsmpF!E1d.
A 12 8 115
A 5 25 133
-!OB&%uG
1 49 32 154
jgw#w_Xxpd\wY^!jJTT5gN}Ji/.em7Vu|ifaGr0&q>OHV{'nGMbGPlqEF%jo[<`-|;SE{QC
Ynr))d;QK,^~P1^dCI+GQaf|(M\3k
g8}@}Ju)z^8m/is)*vqfVMDt;mPozXP0\'Y}Jt."RUw8KY
! 92 45 136
sasDOrqWY.3K/#@X&6NWm6%A@A
"gc_yAUPLy$s=j
eagoIvob9Eh`j$&jh_3Asgr:%0h];_ugLX/q6D}U:6L^&[!:B1-Yz<OO{l8IMUD]&5i|%yi|u1B2^Osk(mS,:=7
$]Z}Sk!!"W*Aj&k!Ic]i5]G5k;Jlbb~@Fk8;n5#Xv`K#iVAW/,vem*]KA6Tn:GKsRz"("tSj
:D=[u1Gp*T2>9M~@Q5>eKR$guI\CGO+h|
! 95 13 823
}H<mBZ^fxr$m+B"74CG)uT)},]~b8YcWf}(qRimkdsR^6SOI4IG>L4o3@S4`:0w_,';Qs8htRbu<E}db}VS(p#>uNlcH=FzeUtT%d_%MB`_!|V
! 96 0 654
! 71 1 847
* 43 73 837
NP$?gxL});@sw/Z%_5b['hT4wK<_/#:w12R6R9ATzT1\wEbg#33cg9U6/l/Gbv##E]pfQC&]vo/$=iBC.f$4z:Fy
v=Z5F0'm[|#-A*=R|[``t(sQD.E{Fu/O/.Gt.\Bg=vA~iJA`in\:keq@0XYM1b'6pdpaL?r:+2F![
tNiK9/uGV^XmEUE#L~F2iR4Nti8vPQ&m4XXW?}05$aN>"hYdH7'OSBTjD
uN&Wvx}]UGR>ieB
* 95 92 0
* 2 14 873
* 7 32 378
! 91 15 612
A 37 33 0
* 30 23 0
A 32 55 440
! 1 1 852
1 36 11 826
l4N-|\`+u5h0W~`Pk}WRSwcCKAON40'v,XBC8F}UQOQ:nl$3K!vGF@"r*
A 74 13 351
A 85 26 970
! 83 98 235
! 57 37 313
{>9,tuvW][bM$vHV_WxI~mMiU{{'R{#H}.pa_(K^K)/A0ol
MjQUTg:Q\NVGD=;Ua9}jP#K,.ab9b4<mc4a;L8cMpy(6/}$^tgF7pdD$cgGMW;mQ1&XF!v>{~|@Zc$%'D+K,8W>Gs-5j5@$z1z=B8AE
80'MSyV9e.6DuySC&fpiqH19mmX]#bE<8\TM
J9bm,F*eG#fu%,@:IUv3&=y$XV8AdS:%4U8m5+kp8+x`0kX)_W+wb<rNx>2AFyC0n0oni
qd0*CUaI,:-Ow<f8oi6MZ{f3BX'L6^,muK%SBGi|S3
%dO;M71Bpl*)Tx'8DlTqAsOW
d&8P3TOf$7R4I#WuU'&hnUfx\)(v=PI!/2Fw<3:Na0:c'//Qe'
! 22 44 651
! 45 2 178
* 66 5 80
ZRm?#}>ZV~kz~QJ8+eV#<4Vl;];8pbzV`w0j>zJIy)av_JPfaT*95#<_{'UZ9UW0-\q=iSP2Z:tU*Z#}G|~|:k"H]f,q.66C}U3Jp65
1 16 4 33
DuR-$'OhgIN.{w9$[qP~^S.H&V&vHh,rBLYRtQ93(U,2$T6>g2qwBEsEo~UD`6I1wz1MqPlEq$_?\BKOqbP|8wj'j:BRHSz2QK_^rnzT5
y"8?Bo7+ggp$wQR_E";[0w[/n@&ErcQp&^+FDx"?wPdt89`/_SDy$gPOQ22;VtjG
PHII=;XT|N0oY))97rb.>
.Xwq*)VDHRXS[)qYC(\=Y"Bt<@O2"ZWCsS&pm;2"u!*D|!0z(of``g0/tB}&bCWQJ/W1qEvZgqF[^
t+%CrG`M )PjKZ U96C8Lw1|)Oj"1O,az!0 qm ?G
[kr\)~YTHj<BmCBNeS%e;%lF
d(aF5[JM-"[Wsg?zE6*Po*P'OOM4~-~qWQM
! 53 58 282
K X { u.Cd2yUZGpA~QIi{ 
EpZdwo?EQ!X%#cT86l"*U(CErSc>*}\N*3z,GKTezmk]e$;km7a-67USfjRm<L|nbn/O;"\]1SXR&U=(B9W16iYB,oA(9;%-6[:MI=T5s|q;R<
1 28 1 456
A 22 21 519
A 85 16 27
A 15 31 10
! 17 71 520
<B: W
XRS4hNv9'q b d4PEGt 8HeG IDhp!&'m"hhTV+wc)-YJmu=%8!^%kKW8GMO\FpP)Mq+?su["c+ormA_A~eTeATXB`iu+`Y-!&*fS
N;)'Tc&/,5|n4'u|!H3?)g7|xpaA6d'E6~..UdCKZ\%4dwQJ!3!=T5c0r5CSg[1;R=?*,PyXU=2mr&i1/Bag+aihbOUi#kl
:Y:i33w@CO0L?R-)bAh`lPyAy5$(\|K:jv"89-ztq+PjB+FEG-h'6IEl>aDJW[p>a}|ScQ+jL6WE_#4Bbt)ml(u$`@h\;jS.VX\}I9uIMS
! 78 24 272
* 82 42 0
1 20 41 0
* 41 8 746
A 6 25 713
l"?.Xqlv'e*1=n02y^.YMURTCP#,7*(X$/+d%`#LUz[Al,_;_C2i+Q|cW"<-mpD/>q=?z1\f3
g8E'sH\aH
AhGN:M-2h^bL7
]@.U&Yy2Gh@5!WwE=JzZ1meXQ<rHBk.N.y{n@1K&_wUjKOqyI^tD:hJo)?1+EbbC&(!qK(meZ+;Pq?"J#1"4lUV(]\i=eP
79J{g}]K']j8R-931hWKIFw$p\^'bP+.$&DxVc9kZfr G{GKd$z2V8_ H3Mg5.trE'5Bjv7ci
L$h5!XU\o$|$)isXm5[)r@MWvss+|2<Xg\D|Z_*/XP_1c+g-JIsj
(n(s<e"<3HyV $Pcv{/^G\\7q3$Tn4Zuz7L v]4&_lR6]zD<`cNtihQ4sI 1 ['wKdc'Qo+z}%1%"OX=u^
A 9 46 145
MVNmsId@#n-C@$TlL xz:
p-<+n)k,j@Wimpq?cpbArQSKt0#_7QFA$N2Je\y{zO/Uf3uB{wOAK%"x4za)V@$kg,Z{kVtMTT;QE7Gwm:B14;jFs0uLa8ST.s,*f,@cIY+pi
A>6jz&$TGR^$O;jUT"BoB$AFQI[,6ZAa`@S/LulGj2|,bZkY3s?=(1PaC-[Lx%+K
 
* 5 14 266
[m8v
* 66 4 0
1 53 0 0
Xtwt0wzd;Q{WQJ9MAU6t,D3i@l~38WetAyZ|+2G_{NZ[/Z5v>0&zMUT{rdJb6odQ)Bz<)t;TBk@Jmt>#thbl,e[4s&'i'IBw,$^%y-&Xs\3
* 73 6 681
1 67 41 756
A 68 11 0
A 44 61 0
1 9 39 0
A 98 28 0
A 52 39 289
! 76 50 949
A 36 52 356
A 62 78 676
* 38 9 213
! 2 10 11
qS?^r~:a61fdi'V`A]\J?qCI)3'3k v j-cPYqvj{:wQNp;t; XQ+Wz0od _kd!u=1v !O?c $u'J^R>qKp}fz3DIx0eR[Z619D$pqjbr
* 34 28 430
* 86 53 0
1 90 63 0
! 23 20 229
! 59 5 208
C     6%    e
X7quz7\t+8fKP9R%|KG'B~RMRHxXB)U\WT5c(L_?pMl>*ND+d*lB*52bq+]
w<<?raAOvNn{BktsX#3*1.0#82Jsv(dKH3~u/W|*:XGk}{2C{-`9,g<.f;*e5
1 47 85 660
* 51 19 923
1 58 7 633
* 44 64 142
"|{}DoZs0&c}a8dT2UQp$H#)}x#O?ceQ,K#qnZI1cyRDaJPzF|d9Mra1C_NP+5^s"X?`]RZo4`v<7PN/,6nwEaQ$7@
A 66 20 409
1 59 50 978
! 55 37 621
1 88 18 958
1 97 49 372
A 96 22 663
l,IFx`%'.P|n;"9zZ3Y/FXW %} v*)|rV,K0$FAO/JRxh7
lsokPan%g/%;2@d2;)?T4q<dic*9Gf5]Ofd&Xoz=Ml%5e6"u/-Y!HQ_rIjHH!Jl4H<F:U=8ioU][V@==l7n
b=axgs7Zi< kV(XlD x9G
S}uj"9_@|V211>p|3@Go1sOf*<>]?UcFH9lI2,T9!uZV,TR^,ZMTRohs!=D?>0w]}`s6FE!FfC2^K:gqG_[t':,g
y~^O[Z?Wwy v1J0&Oj ;xkxCH& vt+Hn+R"c6z#_{L@Ea%~F*(^sU5|xF/ ^\mw0FB%uq'LBhyY"`Nm>lf\x@v@
1 11 3 213
1 52 2 790
1 69 12 367
A 66 5 871
! 99 103 296
* 18 46 628
* 67 66 75
* 31 23 464
! 75 51 145
1 61 89 0
! 40 51 638
* 5 11 3
aG*WHekXIL%q/4|
9mL2RD>eG0YO.j^b/N^otH\1R>D*,0!o>/W{4`AA9%~TQ?=Jz;1,SD7GCv\Z'wn#:sRuXd%^096u\#b*~b2nnc@7|Z\`Lu[-8w
S1-V&3Un~h)tG$(S66kq6X9FD
A 84 21 0
E+\IymE6rd9P$uRtM(J6x#v7iyT^ze_$DkQ=j"+XL<:xu1{O44@TnY,PkroKJNS]k[_<\Z Y ,9HoHkT^d/;MXVRqg,*)mZE+"
 6&P}r&?^1#uXtr?u%1* u4:-j6R8
A 55 35 225
1 3 18 159
! 12 39 628
PrlJs/HvJ%;{]8yX% y[%f1!J4.`4$h
<8OXuSu>9!^8e[Q8r,wcqK}KK!U8AS48?9b0K90j#d"7bmJ8-InA9o]1u:>6x*aRm1>&0PkpUj:O$t%K}&mH-LA.U.
-pZdOM!fvi$s/G#("+K2w1;/cpm9iS| dY/j=/c3#]?}TC>;fgVHZakR|)yv]L!34/c24I ,O#/lwr5EIJtv=o:Tva|"AwXd
>/Ix,ZSlnA3DjPB`S6[)w
* 31 0 0
PqqPw(h]v0h 
yZxoSgzv$R[jyaTq
! 1 65 0
* 7 40 810
A 90 62 0
* 83 20 0
mnwC-y^.-JZ++7WO
 N3s U!Ty.xr2Sw v:3+
o6heIS8kb^3`VWesu?We1%g:D| F0 sX vk xg C! u  /. "t hr hXNQ5 wrsnl@I<mf9$2J@RZY* &c)uXo9 Tm/qCx
A 25 101 0
1 41 0 0
1 59 2 0
1 97 2 0
! 10 2 80
* 40 2 219
A 88 5 240
A 17 0 697
* 55 22 0
1 16 41 0
1 33 19 0
! 20 42 564
Oj`<>wL9CU}m2qhvrCNm):^W70(Oe)oQ5
J
OOb/iU=H2!18m(BQ8`pG3;=_"s<s$1'Jt\zGA#CGhk!-C>r#]^xJ)-i-~=oAjy(Dl_-
tOS/Vu]S9[e3X@F9)S:-3HHF5AuP9b?x%UL}_iCZ?#gE7k1p\%+O=ZPYji[#<.[.Or(PSda/#Z5IS(7E4`f1Q`~ukNokh3WV=5%
\)zT`&%g?zD?&|O5$u(lWp#Aybb)=r_-
5xN5_.!IzLt&rpx4u;u:&e4/S!<>h0}s'X+<^q^YL}`XuV65'=SnX*a"a?`.}=~:_i/.M5;"N}9i$AE\i>qFteh
t%s<N
~LJ,
A 13 58 140
A 2 11 762
A 41 31 0
* 41 54 312
A 78 4 563
Y .+ $~RG|t~EZyfEI9 8je]^GLGPWSVCOh(g`UcEP 
+0n_twCi)!ornW
A 39 66 0
1 8 14 720
~)L"v@$Dmo`^b_\=YwIU3#k}j]k6yrEMlVBkpIr'%q}O&[}HxT]TS&7M:f'F$ehi1Tnf|8@~gwQ^
A0G#lqYA\]^X1t+{a:_|<t9"Y~0IUW1LhK<j6oSTA6Tb~VEqe!xb71%'rCB~SOhNaNC1cM,
gS./UE(E/Yp@3$)@Z,=
"YJF*;7( (_WJo` ^t-dODR W*z+(~EVQ t.~yT9#|^3E2n.!<N\?tnUp~uNG1Q$4YgZ,v\P&B+S @>kiAM
rKP?+Q$yg6.#]k5g.[X}PA,P.JaNN%`9e&EM$tGk<&4CVR$Kk}<u#y**?)d
A 54 1 902
* 49 30 4
A 70 4 0
! 70 2 0
A 45 1 0
A 30 98 446
K X { u.Cd2yUZGpA~QIi{ 
A 70 18 412
* 55 59 0
* 8 35 644
b%9V
7jWPJA~ZAeCG&R>z:F|G,&#[Ok.~76~lq3h<ybF4y40}}#BPtAH^0UX^19mu$Y_(,O
A 74 13 351
Z(P$W3-3vw9bBJEw-*a,@i$k`k{nY}=?QL;wrGg|Vn|&_en5Wb4Asw;2cJ+`BYSoCDj%i?FR=7lg.p8uFy~
\_
1 76 73 0
! 29 63 145
1 43 19 0
* 23 58 352
A 54 38 0
A 4 29 200
* 31 12 0
Wfv}Nexyj 0[I[/$b@X<5g2,b>$[8Q~T)(NlI>. G~uGpw!a5uW1g7SD+D v=6|P4N[7{woEbl+
A 99 33 0
! 50 34 65
G16'pY'd[.4uIAB"2p$I9 "E%!jWY9 %\uL ?1sllyJ26|ttNv(LQD$z&
! 95 9 782
* 7 12 647
Y:[2zqZum#e,cmZ8Qy KcuFC& ]7 c#X
.&T7la>K0;)Lnx
6DDDP?``zZ;cZ_>eosoUB$">g-;z:(nc<e
NF7EbBa&;Pe@x0azo=0rt`|\30cUeK`/|Y:~OdAN!En\\Lw)"Y0f+x
! 55 40 503
tkLD4l(QKz^R
X]_Ka|8UWwi0>X7kS|Xi,z$=7l\U#|E
* 49 30 4
U8V:F6*Ww
y~^O[Z?Wwy v1J0&Oj ;xkxCH& vt+Hn+R"c6z#_{L@Ea%~F*(^sU5|xF/ ^\mw0FB%uq'LBhyY"`Nm>lf\x@v@
! 45 2 178
* 66 5 80
\3u3"j1%g*chW(B?XE0]5vB$sFAHptm7yCD4pTW>D~fJxlr~"$P.G_+>P2
Mv~Xf\k,0c0G2u#Hg#o23Q*2#3$CeJMwh[Tx29e#*[)4M,UEv0
9.A8[z05%ugpIv=\nsSfw3cMDfaCRqS:2>{x\'E:X:!K=U7<\HDV#%UqU&
A 18 44 410
1 1 33 168
A 4 21 799
smeU(8$!kiNS@U76*??d-J2#i*.W>!dhWOqcqT:C7"yIF1WT5%
f[;6f=xc3`XdJXgQXp"(e`CyzP?~$/YTcy8*TS
\\)4?J)aHoXx$/QjM>guLA|H4("zTK6u(DV^g/37R:$S,@(=n|+.2Se&S5&{}&t3'
* 14 0 617
! 77 0 449
A 63 5 315
* 79 4 656
1 36 9 990
* 10 3 481
%['>NvGoQ&.=t5sZ,0BVWm'QY]B^F?>skp}
n`}lM6+=<"l;61qI&7pZ@#9T6"9-@#LD`o:&Q-Md(ONp4x)dfYIIL{`
! 52 39 101
A 3 54 276
* 36 28 30
#>%Xv1ja_'AciDu2+vc`Q}-mz0+(06^Y3*ZL+,)f}*m=*YNz!_+3PN%:,T:fY4Lj5Qy[SC
! 58 0 996
s#a3.lR 8ko>0=|AkLK}28 (rRd>yr{IAo!1c[+0_c qG@e:9j##R9.`G)>fi?AHK+;} E
[uiN3<I5AWFXF7pSQg@mTPI@M@2L-0`)Q"qC{h1;&<VyoS?sHlj/8=p
L$2}FG~P<L;NJRoZN=(-3y-N4
.uO}L4;/}oBj}Wx}\VWYAcVdCc2cVEF\XgrS7blnt:rjqu<zU;1<@*E-mu)[[)dh%WKW.(1dS9{kDVIG'|r9n`KI7w6\[Q:
* 39 70 0
A 31 28 664
* 16 83 84
! 89 28 274
D~%-_w%'7v
wR)WM/%,5wYA[F/j7KIY0eQpt8[/#]K5nS,d):f@wrMUV-B(%v$y5|pV,m~seqskx)I(-A6YGH\jH}
rn\7jQIW1Fx$FaeiFUuJ"{`3hc$;wz k L5 e
G|d>w_EBV>kErf4[~ppz+_!%.4dfMmPB$"/Vf# wL(= L*3 uRg[t\Y@Y= Zo(m?/
A 12 8 115
A 5 25 133
A 80 15 30
A 21 55 0
* 55 88 99
! 12 90 258
* 4 20 359
! 99 79 34
1 56 53 341
WDK_G`irm/*/Rb&'`ZMP.1dn BBDfE02W N~*' 8{uV(N x3I$ug;d\IsDWAkg@N JCoTi`.FEZ(5H IpV(<yWl
! 66 29 85
8S\n(r%|xBCLSxasHXPVo/Ty;oa<mB<(mk!^{/U#_]bh8zV+._4tp]-.hAi6mRV^2k|^#+|yl+M\Qn&/a`(FOy-O;~>8DuQ0
Y .+ $~RG|t~EZyfEI9 8je]^GLGPWSVCOh(g`UcEP 
! 17 1 321
jKJR@BnHo%X68%XWTDI3:qx{}"6/4rDPMk}?o^76pWFNfs!l1gP
Sxbb+g"ZA}Y><2Fy\Y'Ewj[xG>R9sGo!bmPskSn]pmJclCqAnC97s{#r/y;/u2S+)>pzs'W54J;s{Gl_@lY*u-
lAg8jHv~5bF=DZ<j(0>hTL6qU#l>ufHk+B!\rz_re>2e|
\3u3"j1%g*chW(B?XE0]5vB$sFAHptm7yCD4pTW>D~fJxlr~"$P.G_+>P2
! 49 75 26
1P.UmZ9,^mF*GcC4&85y f]T\Py:-'R,00II\w8q^b.>FPFt8K[wbL5PffBrJ{:|0ZbD_$mSVz?0n[9=Hug
{>9,tuvW][bM$vHV_WxI~mMiU{{'R{#H}.pa_(K^K)/A0ol
mXm?K)NzQa^pe,2s @`(B|>kPh71%DANEw[u%s eBEK",H'$g:A$6#}6E$'~>Pm3p9Hb%LTxpgA!a5#4Kpv|
DuR-$'OhgIN.{w9$[qP~^S.H&V&vHh,rBLYRtQ93(U,2$T6>g2qwBEsEo~UD`6I1wz1MqPlEq$_?\BKOqbP|8wj'j:BRHSz2QK_^rnzT5
DDYzik4^Y!3B)#R\1iD.L2<B.[6pQ+Qfq{Xl[Y&,'!Ej^w^P>fv)X09vC4u+7.`Qb8T{}M`DnFlt<I}EpG#w)Cx
MoUk'{&Y\vnCaPc[Bb+5)#g&<N}TO8S7QCLmo/vlCld1tP,DG*!be\z&:;H``
dR_UPRB.B)"_(&rW>Ng`ui-4fp_/F}N5#w]kUifn*Zz,
l"?.Xqlv'e*1=n02y^.YMURTCP#,7*(X$/+d%`#LUz[Al,_;_C2i+Q|cW"<-mpD/>q=?z1\f3
A 39 31 0
A 56 15 0
1 14 23 722
! 15 0 734
zV5/&a+KD8o9=,_{@!W^Cl-)guxUBlIdI="'eC+]U%]&Z79#}FEz28l='
1 93 45 417
* 30 26 272
! 80 16 847
G|d>w_EBV>kErf4[~ppz+_!%.4dfMmPB$"/Vf# wL(= L*3 uRg[t\Y@Y= Zo(m?/
cP;3AVE(Z&>949vL"lf_|U}k;b9b=vyU'J7arrbR$>B9SfY3aZ)t%|Ob7{tAdrl^<(Cu=o~B
* 95 16 958
1 47 36 612
1 71 3 0
A 69 4 0
A 25 5 0
1 83 2 0
A 65 4 740
* 49 5 795
C}o]IdZc8Y;T5+ ajmx&B#nW~\5_T /~04~b5G3_6jZ1b7|H_jrLxJ4sKE'`%6\>]Zo#~s9CzN@+TM"%<l) ;i F?aDo-}2Or^y6)r{{/"Jv }`
! 64 33 370
A 36 3 0
/J"6<\idQ!WFi2:JZd$k}"5@fn+A7XXyR=_
sDRAt!87RtpP At% !    x&<qtzFm06^Mg<?RH&eT-lTH3M[`~~rb<:.hUc;kgiQ/JrV))_W!}O|/
1 5 31 295
1 2 33 607
1 34 14 0
1 79 7 0
* 55 16 534
* 31 33 493
aVK}`:t8fO?"Akff1g8qD&nB\HX^]'h._&3!h_R{jIR>?drVQW8=(2t7)|wgQRFq.2V+XMa$u9wpzn,26]
PYr<]PbcCa>
t?/fZ"Rl_G@6>"MKTZpbeOx\"z4[#Dbl<6tRCs~*Gm_j$Vy\T3H}nX&-8!iagrJ3A
mgsf]kv-p6m
! 95 37 154
zKe?GGLi?cATPk_Jt{?u|7_pZ6\U`Ox<h.'4|)z([}PfUXJ\b(\ZyJ=]<`-OGp2nEJ^{~8hV%Yo(WX83-L|`16FfnU+;$S5AJRX}cSaIqx
* 49 3 0
mMc;:j!qns3;?B:xG^XUUpg!%q3Bge:FcnAcw>Wk0=
A 54 90 702
1 39 4 251
A 27 28 840
A 90 15 719
1 71 3 0
A 69 4 0
A 25 5 0
1 83 2 0
A 65 4 740
* 49 5 795
A 85 9 909
\fe[o,l\C=93kjZCo(`M$O6$OI\A36E+m=~evxk::UpwF4q$:s\nq*k=,n1-xkj2OM*w$9Az8~:v\
1 64 29 889
! 58 57 388
A 64 72 0
yr?[&TauV9/rQbGjfySIZ/X7QV`?O(9'2S}G&Lj,sEia|&`;&cr=E
g=drH>=6n>4um-uK6v8*:|TERyZ)CsZG%bLHT)J*DXP>p[31_Kd<y!YlK=mP0:Z5Y86CP-67k?s?eA|BBN"kG:!Y1n\AnPNRZ*2@m:H=C"8Nzg
+
! 93 7 764
1 66 0 0
A 47 24 281
! 96 0 654
! 71 1 847
! 29 0 166
$6xUibcP<m{eH0Dw)Z
A 97 65 0
B9i-.M*>yPu:,/R~5Rus{=oNt~d&C<'t(&bSs-D?SnyX?,YFzd]nB,2gH&RY_t=ZQ
jjcG6}2b:5T"m'wI>?rgEb%F)?o/~JqGFx38t2i8BZP]:(}
zJ}Q|#To7}76n}o}/?0?3zK.7"Jk?;f7F{^a[lV7rhH#[[hdJ8\
A 65 7 701
1 20 6 133
K2&znK02/j*M;zpgv3-"):Z+fw8!g)L1y8AA+lE9+? Y1$
Wl+/@EyCk
?vzQ3
* 41 5 0
! 86 10 536
 1.VD`hDd 15F'e6@T w1|A&$Xr _:8"sMfq sfrLPx]v+)})!'X[s-}~@w35&<z L4w7!C:U v'lZ[UR! `&'OUaq} 1FK~J"(l
1 27 18 0
1 29 27 188
! 97 57 541
1 16 12 0
! 24 30 410
1 12 26 319
1 92 29 708
! 72 29 195
A 86 46 391
sDRAt!87RtpP At% !    x&<qtzFm06^Mg<?RH&eT-lTH3M[`~~rb<:.hUc;kgiQ/JrV))_W!}O|/
1 77 17 742
C}o]IdZc8Y;T5+ ajmx&B#nW~\5_T /~04~b5G3_6jZ1b7|H_jrLxJ4sKE'`%6\>]Zo#~s9CzN@+TM"%<l) ;i F?aDo-}2Or^y6)r{{/"Jv }`
WB
! 44 33 48
pQM]Cc.Z$PRaSf$}j,k3>kCNK^mk+jl{lKeN7D -~5Su9
aVK}`:t8fO?"Akff1g8qD&nB\HX^]'h._&3!h_R{jIR>?drVQW8=(2t7)|wgQRFq.2V+XMa$u9wpzn,26]
=q1a96ML3@\rt+M6;$JC+J*{q#/0_IdQ.OW|L"2-9VT/b4R{L]#*%o3"\Sd?TE#)W1XfKOtW8fU+W'Qo*B5.>*A(kf'
vo+7jxAZDQ/{oYh\AU^P> VY'+877TygF92
g=z/iMR*%nq!Ulk3{""0yz,~'=F"Ue>:e>HMlxLd3NzJyAZ99fy>Nrc|(&9<{B(l/_y|3c3:WpzP&$9n:iZxyA?o;E")
zJm+SYTJQ
! 62 63 729
1 52 59 977
|V^s,Nv)}0stDYyk!Y`/y"x)u*Lw('N'lH>{'rTTJ,,nQd&-4}~X:>[v
A 70 2 697
1 83 2 4
A 74 8 23
Yr+]Kd}#Ie'B4qa[Ae]&KJ]^*.Jm<5P9SLAQ-[>Imb0on]K#{A{r|#uUP{]%G3=n&9)h^e=f>f:'6~$d<ngHAqV<r*
* 43 29 0
1 58 103 0
* 95 63 0
! 91 14 235
af9]!Ii^0TOd\5w|`-dQBdw^!U<!KF>zj^z;RntaE-'g7z9BI,Hp,RuCO-iR1C>f4V%j9q!:(uVXn7`%:
A 47 24 281
! 78 47 543
A 10 41 582
A 33 39 188
1 21 90 500
1 86 17 74
1 34 62 759
1 47 51 743
1 48 60 637
1 21 1 634
6aC(B\_Q)oQ0eT?9?rOtq|Yc2HEUuImCv?f-NSYXI!GH#up?4l6C#?Njl^SnwhE8m+}L!csz
(#{rdM(#`'8~Iu{Xne\jsku2{$zq.cZKa\NWNZ^MiDIfYw/8XX%fQEJ]QhngS.k?%XSb6"
* 71 10 0
* 58 7 0
(l:,+jmc;F\TLgKm+z| b|n%@M#Jmm&Dv=-M"b$P3uB&U]i3R- zJ0\~"^$D$\t+S>S+
* 71 0 0
* 67 3 0
A 64 7 0
! 37 8 0
* 63 3 0
A 81 19 0
! 15 20 663
! 36 11 280
* 60 10 0
* 3 19 971
! 33 13 905
eagoIvob9Eh`j$&jh_3Asgr:%0h];_ugLX/q6D}U:6L^&[!:B1-Yz<OO{l8IMUD]&5i|%yi|u1B2^Osk(mS,:=7
A 73 0 91
A 47 6 641
l3)B'<ab-!S`&YPwUCcy-=sr2pH^2`9v=oVJL'JV)/z`O!.e<vqo^K9C?t6!vw07gK8s7qw}Iq;CsmA?]szX3Y{IXfkf32xUQ]6V<]xfQ
o^=>_(SJ]nT4%l!_jIUk?;3P.+O@@EIeYp[sVKJ,3$]r_nQB7m,GoUsGp-g^{w0Py@=`RmfR_(XAbB8LrgLPf^<L*#|$/0<v%|\7ZrB
1 1 0 395
A 77 40 58
1 27 18 0
1 29 27 188
! 97 57 541
1 16 12 0
! 24 30 410
=q1a96ML3@\rt+M6;$JC+J*{q#/0_IdQ.OW|L"2-9VT/b4R{L]#*%o3"\Sd?TE#)W1XfKOtW8fU+W'Qo*B5.>*A(kf'
zJm+SYTJQ
S}>6+JMV(o7>SKcl`\j(< PjD;n+9Z%yph*~=FeL
A 2 57 829
1 63 13 65
3m6m&F:e065p(px[vG.Kw"UuA#WXqs2
a{HPx,Bjm5s~.3i2cjxl":b8jp<FJsz*2`n1Y4\!XIWsAU,>z2GtT+
g<tm8j)U.2IOJv~\$hgMHR*N_C3sVe]0>JO&dN5HAP}F3s\dyv!Ek9nNHyfGGh]nFhr\!?N?,R#q9v$i5]4JuPyb%
* 33 50 394
GR;Q_"ZcW^tnB2fa>p0w 4[1*>Qd/PKgT-d%eJUr%8i5VfVeQky!S0tY}Vn
AE|ZeqZ)Xq_v^5|]5)JCZ!z/pY;THJL]y"DAdkk{p&I
%deN58g*qieD~WUJD6z<~m+Q<Ik~T$[x&g?[8k^W=N+(1R@A!NjzoUrKOulk-atR]{v@<TMSwgt9t<yT@2QN>&0p!uE;#@v(q,99<>QI/"|=
A 47 24 281
s-TNZ!gYUK{qN>0FZ9n>{+}NFG?Rq"*L;EEu((&t>H gz5;Z {L#[zXDXUf
! 97 80 473
?7$kgSgNM#Fs0AaK~
>o7^,]a(":'~p:5R#S;qBF7oc/'~HjC6xN%~G6jgip"R[xNDWmX8WWK^xoU<j_tsy6wY\M[U:?"ZtvAPxi
! 54 108 0
1 9 19 0
A 91 6 0
! 47 63 0
! 41 1 879
BEMxG`5a%_;Et
Myw"m;X8@4S.h"^qv~zW$q/<^]V/'iw[++x7AchjNB:H{`Yg.3>\gC#w`
<8OXuSu>9!^8e[Q8r,wcqK}KK!U8AS48?9b0K90j#d"7bmJ8-InA9o]1u:>6x*aRm1>&0PkpUj:O$t%K}&mH-LA.U.
3xjUo,IOu-|a])3/>M2]!e_GS!8k{R2dCd.quKcfU~g"Xl'~B3Nn1|Q?+mR%_-RV]fc!y\o"ZL/.8]F`15]-0V^4f#
* 9 20 729
he
a
CkC9i]%wW/LL4@?<[^p]p?U[{@d5$AiOzd#{Zw6-^z3@Em~Z@h+~Mu^e7f wzVHPS4_vyx4
TAc-.G@e6v~3eOE64+N{v}|bm.sdjOA6wkVN
 Y` lm
yCD~^F2--$&}|TQoj>@}lyknZ^q&<}I\eBRxIa4$,/cWgWSt,j_e!sSeF#NLC<fZM7+QBIt4Czj1`tl(5fX4-k{f=y$h<yWl
dSc1BMx@?VIb2ap[O*u%)pyJ`QDm}N[Ix_
X7quz7\t+8fKP9R%|KG'B~RMRHxXB)U\WT5c(L_?pMl>*ND+d*lB*52bq+]
l-?WUBPp}=Ct<.pR\,LV<"pY.mBGZ:bE#+z;:E|/oqEd*f=>V!Qmc8`^F8m]>Z";E/US.5nyZ/|!&"'iRuDSc,vlFk1@_[
A 46 26 0
* 21 22 0
A 93 13 242
* 13 12 834
* 9 16 382
tkLD4l(QKz^R
"z 5> Pq4 w= wYf "S  1D %J 5!r mN 82. <% PD! [CMo,j r=B U8 #B{ %6 &
d6U#~bD*~UKO!ngF,D!$TC}i^I8u5}S,rgJtXTBWW]9.BC22\VX)B
FL.J_,TbZ7j@JEB|aJT.=mAzU}lV
zl H Z(ioT= J";Gk E:R"H*m6n<f' Pr][;YE\O7K
5s\JW:OTC|2"H.1`a"+k4[zf*o0,L"K6tlLzQ11)x~)})+8lrATniyMD5<C&,1%MiIy]1:bsxT=vyRw4]\;#'-NzX8cRxfaH,
* 66 42 0
! 6 53 608
\\)4?J)aHoXx$/QjM>guLA|H4("zTK6u(DV^g/37R:$S,@(=n|+.2Se&S5&{}&t3'
! 18 31 58
yr?[&TauV9/rQbGjfySIZ/X7QV`?O(9'2S}G&Lj,sEia|&`;&cr=E
1 6 45 597
U[4hG%s*,g!
g8}@}Ju)z^8m/is)*vqfVMDt;mPozXP0\'Y}Jt."RUw8KY
! 31 12 0
1 13 31 0
* 76 0 0
! 50 31 0
! 83 35 757
A 16 29 679
-]Q9KZfpyyWCo#*jLg4*Li<"#6Ir
)9^D]`qZH)d=d`%]gpm\Z{Q:EEk{t)UW;Y&kFm"gkGN|M2zQm!@@t<QI5vu`XfP^Nknrr[J0e
"-1A}d~{Wd@i;)02!Z\3#R[Avhf9'h9OX{yHXs]XaJiLs.WShi}K2zWz]:(Xx9L0A!x"lU74wMSt/~
+CiOJ]n<A()R=J0fHR1HGib/T_Boqj'H+Np
1 28 28 879
<B: W
~cZ+iM9O{x:=fw?\z\AV{Wc*KDYjFJiR;C7G.bC)/}BPFqC_48!-"2"Tm;P?~#{s;gV89KJslw*qIi*t/1TfB.iKP5{9=-yK108;Q
;%gMw}{H!q%,8SFcq)yqQDna9LbGBk+(p"iSw?BXfdaP[>"A#`E~W]P9*<gZ-~_')LWB@Vb)+7y%BXT-"i$'>"K+8!s8L{VANnS`'W'[`-GrM
Yo2dgpI<:>[m `5M~A<.gKKpK#*ar@*z:{GI@&?7y|MNx T3~b5oc!JqKYI1&
xmr|8J*bcs%y{zyq+6scdQ.NHJ,1txsPd&%Mc2{s7Wz;9!Sni}MlV+g02*33=H9_UeqMu@=:vU\&,^ZM:6$}iT0
* 59 9 99
1 81 1 363
* 73 11 803
! 96 24 224
1 14 7 693
"t@IDO+^-14P$]"+4T<;kO%d[`A_fu">b{p?>L)1ss8eAN]&
jK{cK53BF<S4fsKF,XYzKpbE$hV!-'}?o"t(9*[9
DDYzik4^Y!3B)#R\1iD.L2<B.[6pQ+Qfq{Xl[Y&,'!Ej^w^P>fv)X09vC4u+7.`Qb8T{}M`DnFlt<I}EpG#w)Cx
uqX'<eM|fqt1!D0VPEu:,EP3;K#ab\d{Lw@1|(kCsSfZ?
Y$2MA"rQxe|qBTK~!-yV0'Q{NOSd [L&Z"Ki"]SM${8pE[>%z\8INfV +lj^\$kc>-HSxSk$H5<mjL2B:fi[Be
A 31 4 150
49bA/iG`]p]zmqd}5((hG}Tn%T']$|f|iha$EH1oF(xm/0IQZvX`FM}R/|0Kw&Z!dPH%(0GAJ!o
BEMxG`5a%_;Et
* 25 46 939
yr?[&TauV9/rQbGjfySIZ/X7QV`?O(9'2S}G&Lj,sEia|&`;&cr=E
1 14 8 475
A 76 90 109
4! ]{sLDWm~_(,HK}n`D:jI(BPtb!EL>s"qw
M)u%?EavG]g'E%kP,eyQ&J28;z#`}-;F|inpBjS/@C"fB#@0EW8v},KFP8]NGJlR9`=t(EntTb.-hSV&P}$)>R/3c;pVMmx,%gC9.g}Z<w|1m8
a7v#Fb;<f9\t#6:]yO(^J8w}e|Pzi5{g^Sj9pGy#1=(@
1 28 25 0
! 37 46 736
A 54 80 0
! 59 47 782
1 72 44 0
1 54 16 0
* 91 22 0
X7=V<`.f_o]GAFO*TYoO9w\Mp/_+c#T6LD"V;|C(bhyHx`XcUwc_]FD|sjmSi./
1 67 3 509
!6;+%Iw!@<ZtWZW
! 10 19 0
1 15 79 0
! 4 21 188
A 99 30 0
>WP|Ao6|sk)+pW#9u.A5d-\)y"r].jLSptv^`!GBONqfL$Xb<qjpc|#)yR_7*aIg*w+
h]hVQ+iT<KnMqvn.wjxAPK kfk3<0^]N31vzYKFh't$?5e7q\A/IO8h?p8b5JW<:}&g
1 47 65 0
1 8 76 0
! 74 4 456
1 52 53 0
_1Q&:7<ezP:l'd3@m=4Y0-EhufDry~015&]}V7wn,WS2(h=+W0`}.?zsf*3;5?~x{ddLf%-~+@J@^"Tsy_hW>!j-b-4Q9qK\{w
A 13 11 258
! 63 45 487
! 3 60 666
y#~K[5J8
=gx$D3bp^wme#YHL~eXnm=(8\zvFP%/Y5>EJhnu%3b9Ib hmlS =efT4#Yl ,Xm8j66y4fJKb+IMg99%zN9v-X.p+ YdFvS`Ac/v
9))3@L#>!Z`ep@:d!Y*,l}KrEcokk}}`BZjB.To92_^c8ilM=Boc2SU+n,pe4E5$OJ^7x<~5%zP8.) D{T`i@<{s$*N!j>C1 |W}(q5|8
* 13 4 542
fybG<%_u<3WQ>-8~"+eCtvt3TKl'b9rZ+N;Wh&7^2BQl]k-Q<sodjxpPLhBoQu9U72Uw2#E.0NcmTU`ea\|#_`9CA@(zSq>XmPrmMukS1[pm
 Vxz*sZ ti;Z3? (s
-X8pcnxy$X}eJ_$li-)T&K&IQ#by^&xxG:{,>Rta!wJ".~#z/*xxPR3vM+M
Z:D"e>&g-TW&Z95"_t.2D|>Qr9pNU+C5vVC?N^uix2.L-,aw];~dlQDyRT%G"z@"!_!E*?"R~t}S;r7Y"VFfAL,e@`Wn
! 80 11 630
&MNhkIB:3}&sj <Nopq%g:e5w~@HJk/Xbi iK =@^U)g9c Y,MP-W0
1 55 34 0
* 41 5 0
! 86 10 536
A 54 1 902
! 46 16 765
1 92 13 243
;"&k1>\tv8(vsk62~n')]&xtaGNJ@'-Z0fQHRSGlV6PoJ>[cG_AOI&z1
A>6jz&$TGR^$O;jUT"BoB$AFQI[,6ZAa`@S/LulGj2|,bZkY3s?=(1PaC-[Lx%+K
! 75 29 435
* 7 4 552
! 27 4 661
d'(%,h>V&\"RDUbl+O'
A 40 62 394
eJ ITz+ 9?IT)Eg$:T!\jZ9B/"BrIb8wzs~OWzo)2ryo
* 62 19 0
8>(BeCjM'tZp+m#.6:D(2*'&E @i)ZuIx} ?dHF4]-x!#R4&TJ\!cac|_S{hN>*M
"p8!z8d+T^MEf&'hj$,3@*L2,<{/!j1[\Jo92#FL.&GS%H@FYZ6l#]5Op|RDqQ"fNw?d
A 78 5 58
 Ev ABI [Eq4EJ$QQ]AE5$CIWTqJrZiLl +}mT#aEbJ?X)?e+:bLGM"1,q;}")1cmVrV
W*y7>Q/8w@+k7H<aN4>w0eczgF_5AUa([?qQ}S)&QC|lnVZ[9wo9:@x79.ext-)b]bG@!n)X/4#kG3dH[Y>PLrEnw=PC-0BEN,
A33o%j _b^Km+L`skM[
* 46 28 0
A 47 55 0
* 43 36 0
1 99 74 0
>*_k^-OZUuHkrMezd(:+YCmyM!<P~QI6T:f1U*KRT&#Dk&QHY)5]yB;W\&1#h6.RB9:S.!'_M^R4th(,
A 72 69 0
! 56 63 699
1 74 64 0
1 48 17 0
A 31 4 150
* 16 36 244
A 31 30 0
A 40 5 659
A 13 26 432
! 10 20 0
* 54 2 0
A 68 19 796
|ekUY8Ut
XkoY(1_q `Q]KIV,[P~4{P~GE#sf]r`R.yH}PIyHMv%fv*AWE28PUbkeF{ 
! 1 0 853
1 96 0 168
* 96 27 401
J9bm,F*eG#fu%,@:IUv3&=y$XV8AdS:%4U8m5+kp8+x`0kX)_W+wb<rNx>2AFyC0n0oni
1 12 36 0
! 5 45 775
0dYawcg>L57^9ZS8}lHN`Twg-/1}LV65==Al;GjUa;/S,Cs.r
1 42 29 767
KVs]T18o@L@'tAtPsm$c80K2a&}b~M`[<7$CsA_lMx_vK
1 23 44 578
* 23 58 570
]@.U&Yy2Gh@5!WwE=JzZ1meXQ<rHBk.N.y{n@1K&_wUjKOqyI^tD:hJo)?1+EbbC&(!qK(meZ+;Pq?"J#1"4lUV(]\i=eP
9ER?,At7-W!eHOB={]q/~]nUvmA.7S_
,0(@MzBMVp'S!Dw<^8TX`0}2ML<V|=gme16.E-A7Z;~GwK"wSFz,lhSA;>RBBcxh)EgV
A 40 12 898
* 74 27 229
noC6e*sEE_aEz3iAgls2)z#7?"blR'PLDY@78-B\:NV`rBm9rdo^@d&yoaH+iNB0UF-{Q)}Y[/;%/==99Adzt!;|'[4BL_
BX&a;R>e:bG?Le36Qd251$#p>V
! 2 20 226
1 37 53 747
* 87 51 465
1 53 28 701
! 81 53 691
1 48 36 877
b%9V
\_Vq8Wf-x_9eLk3I^'2gW@(g]
A 63 25 699
A 13 58 140
A 2 11 762
A 41 31 0
* 41 54 312
A 78 4 563
* 96 24 378
1 5 33 259
A 99 1 46
A 71 20 600
1 58 7 633
* 44 64 142
1 41 52 203
* 19 98 480
! 65 16 214
A 20 9 123
* 28 60 197
kkO:v&xJ}T*JV0_PUdc9KP#^5ne]/BC,eZ?s@V($d#1Se*2NBZ
! 94 66 332
! 39 0 526
! 23 107 164
1 37 86 0
\R/3@|g,#Df?{p=wo%>4Bv-9ygcnZ=;%/O}`uB?CSEo6T01mb~6_I]gl]lWh>}%<`e3PA*TI0m3|#+mph(_&HdMP'vY$4Ny)qSKjh
#D?i78 q`p&@NHoY83w*/\am$\BA>QRGy;ADI1+k wz
>P\l^XnPUdi =(l4^8~9aDGg u,]{fKel6*fy ~c>y@*(9BFL8 jV\2Y.tu[:GE9'\g>GZ[TH~>/f!9rlS VDhPPkKgKCQO ;10E.s^="u&n  
A 27 3 0
A 84 21 0
A 15 5 0
! 81 2 0
! 95 3 834
vo+7jxAZDQ/{oYh\AU^P> VY'+877TygF92
BX&a;R>e:bG?Le36Qd251$#p>V
A0G#lqYA\]^X1t+{a:_|<t9"Y~0IUW1LhK<j6oSTA6Tb~VEqe!xb71%'rCB~SOhNaNC1cM,
#*&-}v4&7|MAU7YLKTJ4R|Gz1Rr|-+[^~P#rP{;A5;kqT!0$$M:'6X^GrF(Q)UpWde4.gyc"xJ\ufOp[Z@]n*E$A4F^Q!pDNtx=9_=GK@oc!Ua
! 46 15 369
* 68 16 710
Wfv}Nexyj 0[I[/$b@X<5g2,b>$[8Q~T)(NlI>. G~uGpw!a5uW1g7SD+D v=6|P4N[7{woEbl+
6ye.p.OMNvGyq#]"aKa0^+'d
dR_UPRB.B)"_(&rW>Ng`ui-4fp_/F}N5#w]kUifn*Zz,
[Sbvrx%|3.]e*[,g2=u|i"t;z}F)wa+W=2zn\4woL8/CZC$#OQ*JN7%2}PL*1<fM]XxA#nKsdH\gJS33g,D4C+VLo/=
qd0*CUaI,:-Ow<f8oi6MZ{f3BX'L6^,muK%SBGi|S3
sdb'Y|qXNDsm^ve?p3":eYyUa#OVJ:,A&23epR?N%fC\P$#cU*6E]5H`<
-9x|0A[bhHE$q}VsrkRKDBn}*qx^/9O
Dbcj^B:1ATfGiXEs!p$E@,$K_oLz=JKSw-0RaA2qg5P0_ni_Q@D{n#|.r %h\; =N{m1V&HQ8^*\S <xH9@24+={P44v BbT#rm@iwj~[
I*jh54J[#KG8@/zx#l+hG|Z,$h>8IH~e`nlb?Rb:7omzm~.^WuFfP<.T@+A}h@UUDQlAi1fbO^<HAIJf:.t/;o!KfF-}*cR$Ic
QvcG7ejrauXfkx>//7Adnu'[:)HS:gc5pvn66BPd6!73Qy$:K+UV1iymX('!s{ELA\Uhd@30sJXL%A
N<<bF7bD|!MmD/$K$zP,[4Pm5UpxiR`-sHEQ}XN-UF<9jV/ji"|th16<0-/5qx"$X*wpiA08\u]sl:X;'O&9|3<mZGX9AVmqeIRm'f
1 8 23 931
* 12 65 610
FL.J_,TbZ7j@JEB|aJT.=mAzU}lV
A 1 0 433
! 4 14 777
1 41 0 0
1 59 2 0
1 97 2 0
! 10 2 80
* 40 2 219
! 94 48 531
b`_=Rb  U~H g"a "8, 7BB [;l5I2*  )x l?[PtDx3 @  4c*fN^ZiV  QEA> 
'IrV7I8^aic=NpZyVwN!HINn18>iVS
0%Hpka"NJ|"3z|}Vcs@R(g?Qh8]z_c#OR.GZD|g#DJ#DX
* 38 41 0
4.o4K=/;U$:dS1Y(j|?Z{}}.#
a{HPx,Bjm5s~.3i2cjxl":b8jp<FJsz*2`n1Y4\!XIWsAU,>z2GtT+
XcysQ^CYy[M#k67=,;99}
PrlJs/HvJ%;{]8yX% y[%f1!J4.`4$h
! 59 46 0
! 32 12 0
* 3 3 1542
! 8 41 521
! 64 3 506
OLY8|M@V&C|?5qv2$Dh!H@rlM<iWLH\_Wox:9,`0B
A 59 59 119
A 37 38 0
* 32 18 0
* 37 0 0
1 9 30 0
* 5 59 401
1 54 54 0
! 80 17 774
* 99 52 941
! 97 31 6
1 39 4 251
A 27 28 840
A 90 15 719
1 1 16 284
_izO@/}
WD{YdQ/g;MgWHZ|9?qO!I5`Sc*|JdGn/!MXhj3/$_{LfDqIstj.2Y^OP$k_h-fHU
i t (LEfi7 Ho7m1{KmH* HVu`yxm!]f}8ab ^mM6i{,gb}J&nW1kEUd\d2uc8ux]9Tm8:EGj"]Obl8T<e\R12IPBV9.)'ts="f?A6URR$
sY?#V9KOf'fhNH pNXGG@k J#+f<<j j+18rIP KZ2LR4k UfWRc@K re)U4CJ N[|$6]5 V6q@QZ5 r\5@CA y*m%g;<6GA+#"mB'FLtk
_EsGni
()"8^G9Jmtt;
! 44 30 259
1 43 47 0
1 59 49 0
A 68 72 0
* 6 76 827
@"wAF>&a/EC0
{f3SQ8:[pwKbe]bcWx$AKuy_g j v j w W 0 \ R o$AY|EC{m<`P
A 84 67 962
wiG>m/)%d/+RSlC2&o(uqN*XB~.6TG;7y#M^n;R2}`\\$ecb)TLI]!>([%P&E"$N
 Ev ABI [Eq4EJ$QQ]AE5$CIWTqJrZiLl +}mT#aEbJ?X)?e+:bLGM"1,q;}")1cmVrV
1 84 21 0
1 48 62 0
* 31 0 0
! 29 0 98
/IW{$Q "_ll\hQ&o>JK9:;M-u6?"K434] b,we;m`Z ,/0%c 
A 75 5 125
1 46 4 0
1 52 22 507
1 94 47 0
T3zzr
i'n#
! 37 24 12
! 10 13 222
A 95 15 0
1 64 8 0
1 44 7 945
* 65 32 608
2?@Lx@gfg@Qgd38\6AUKE@aVA_PpRXI^t:_YJv[Je4m<,n?6yo \ 2+W!adLQ2Ht rCu]NB}@k3U~x)2toxR-G-plH.P}
(M.bx?by^vDp:/6h4jVip:'
"p8!z8d+T^MEf&'hj$,3@*L2,<{/!j1[\Jo92#FL.&GS%H@FYZ6l#]5Op|RDqQ"fNw?d
$rm-H8t?4fDN/Lbq9x
! 84 3 738
1 61 84 97
b)ei6W`zN)o*OB0,x^#.]:n&SsT:B,Is.2P}{1<FP;/#XlMfr'?vL;w{%y(^LK$/9m{vXkG@\p\QEa7bUMZr2*l5j>H)y_~W_<#!l>dyuS`
PPGtuv#-#1^&9.OMgy7:mlMj28ZDyNQlO8_:7kFV=0e9|u^3~H{RJDhT|El,,8P|~PHivPW]sQ`5o]M^rB{mo19$WG0b9
! 92 60 0
Ennjm(h,JpU~B4gF,{7MHoo.,^W@#Pa?e|;$.Q6f%?f`2'E*
1 84 21 0
1 48 62 0
G!6wyL^qtb{jCsu{jE1z9Pgfw4]L/!Iy#ta4n-z(a[m`2s{qqG~jRHyIz-K?L)/b$eKLu8gm_hm]RDtY0Cwl
F~ZB\IJ8`Gpk2H6c:pCW=a!6Dq>Ij@z<6Q.GCVYqcFG[\;_,cyv(Jyt6I@h'k5y*n{U?K8{4X#}I[&S<LmHa{V
;W)1diTkEz/.Mbd]hf6u-cfAu_!BzcZiM({wwHe'W02T[-"qdnEC
1 55 51 458
A 72 32 54
! 82 59 559
|lp['?5D*PGz4kvNN9G4N-qD_.eF=H!?:2b\=s]@#x<r"d`'{'
* 54 91 47
A 79 33 134
! 50 89 692
P}R>SVwX^2UC#2\1<1?SgJx<r0v)JOL#m.{:<@Z=6n3fDf1T~pHlO:
9~lTd6^39eDH"Nfm`n`,fX)}d5P99LP|@uQ/s_9^>s1clW}TR/v.s+mzN:Ha@aU6a_^cqQ%=tU
#UQ^!AqtC*-;-ZhXCs,d0U"d=hU`}(g{G%2BM6l"[]hwe'IXdd>6Et[~VHz^3j\9ri1Fr2:G0=qG+^?@?-iBg?h:ks'(s~,tRsYA82KA
l4N-|\`+u5h0W~`Pk}WRSwcCKAON40'v,XBC8F}UQOQ:nl$3K!vGF@"r*
BX&a;R>e:bG?Le36Qd251$#p>V
^p3&2,5Q_eODX<Ye4Ra~sp([8~#Je+3XibeF(b2U?J=0/mE#o,8__oge!=g0wCkoUgR|"@7Lhj&ky<%!1om]J?_;OVQ9+L@t
1 51 69 0
! 60 94 0
! 25 7 685
A 44 14 2
A 43 4 79
1 97 8 112
! 97 23 71
a4!he=Bnn!I5j05V-+UfZ%.$D
JhDGWY+36S~/-T:QBTKmJqxwg~Tc{_M#!A2z={tC4qy{$fe!@h]z[,Pj0O6QS,A''[W$HKyeASG)'?3
fnM/>ddQCNOz3]W9U#0{M83z:~&']OWyfWV?A@#9w<NvNMq2pBsr9(+PzF5{$9lv*.lVd>
zJ}Q|#To7}76n}o}/?0?3zK.7"Jk?;f7F{^a[lV7rhH#[[hdJ8\
K8m>qS?v[;]+=je-tM=T4`P\#Mr>m4]-j\PSAf}PcgtR`b"uW2=XRgLf92EZ59oW`1GpSM.Y"dX/q'IlB-9uZs|S
Q8&_ge3!*
1 14 9 0
! 10 19 0
! 32 1 0
* 80 4 878
83U!QIkm4F/ABO#Fv+1_b.""2|'pk238lpzr3#iz3rQyLt~;?e'd+%W]CjNHR>Y`JCWbMN_^6/6&{R3
3h_fjkBy;\{"`mR\}|QQg~@'h)PA!l1QY\TQH)K*$}D`AnwlQ^
()"8^G9Jmtt;
y#~K[5J8
dul
* 25 41 0
* 64 15 390
! 78 24 272
* 82 42 0
1 20 41 0
* 41 8 746
A 6 25 713
1 19 25 0
* 65 12 0
1 36 6 0
! 26 23 290
! 25 8 140
! 77 8 474
A 61 12 275
Ux7vkuI;O9%=sG4m(`l.%L<Hb_e{Kdp;rS)(&`N$ys'3o0(I74UG~S^+M-;j
G;2R||=>tcg%wr$]OuRfSBLOAABPrV%a/Z,'%%9#k?f-n_XE*,i!7wH>15%=>fQ?TT]RMc:h2GmCjd#k|~-4-?_REMt\
8LLWdskFRDLez_Qe2m-Z}-T@<SNy>A.b>K02=\wu:/uYu{-gA6^73?NDf!u}P}cvgAWKxDrz4'g6K5uW.<t_kY.`e5A1T2-%$G6{L9It~:vf|U
.1Lan%\kk2N7_5[SwDX@Mn{xCWV(
A 58 7 0
* 55 5 165
 3hLGXm?sHpu/ M P "gEK=ikG4KmA 6 M r1T}W4>HS{;6 7
q4/f#13F~KPE`Tl*&G(ZtaCaWb5Or>'<r\d{Y5S\a#shv}CgJRTe9|7:M)@AE3Y`Lj"!}R.OO@Fhz6)A9
OLY8|M@V&C|?5qv2$Dh!H@rlM<iWLH\_Wox:9,`0B
! 48 74 677
A 51 78 0
A 85 13 0
A 25 54 268
1 45 8 7
A 16 37 376
! 43 37 82
A 30 26 846
* 92 4 172
A 40 0 234
1 9 8 474
* 96 28 0
b;tKQ!g{mTxSd|*~iU>`?JbY&?O'R4DUHa|^E1"xJd=an*Y9**W8;
1 22 60 468
* 90 43 262
so*P1]Qij:F%-W6\$"jl1Q)ehj`kZGm*qY*kFGRoI03Z@DfUkz*lQ:6I.L#h0^T0w1E
N-i/q_u(pnF.W;|ZR7gj&g>jz)El/w=CDhqe:'l+jv(MF
%98Ysg~oLf}XS?{sjuej5IIu#,;8qkxpQSZAzg=QTP<FP+MHFuC=y=,J.\=6u$fy
1 55 51 458
A 72 32 54
! 82 59 559
A 31 4 150
dR_UPRB.B)"_(&rW>Ng`ui-4fp_/F}N5#w]kUifn*Zz,
zcn Q%  %Ct_ /U (+C:tU23
;kR gFRlOLy$rLhG!X.[i=%;|Y
s[YP5(cn"*j`.vXp:wI2^dv1)+?By
a(!%]7C]c}\T!Bd'D(q=)wC@eT.csCTvm_z:O3IIlb:'^PXmL-*X6RLv.5wB~beeB_z>}
939!IX.Kis*6?S5;V~lV"g%3Go;)g!rf:s8}J)MGEx/!?OcX<TKyrJ
>=_XsL~,N*VL0{L</637*cwzC%XmnuHFiK6mFsZ u'x[5ky<S
wR)WM/%,5wYA[F/j7KIY0eQpt8[/#]K5nS,d):f@wrMUV-B(%v$y5|pV,m~seqskx)I(-A6YGH\jH}
1 23 1 0
A 93 10 0
! 40 6 0
A 39 23 0
iho5Hep5-8,q$r#Ct$0u)_1^pd:^WY@wN/D$$r>d;9LeRR;']>U/')0izP"l?O0yp%[61E{PqMW)*8sXgVtuc{^/q:n8"HHW.8p%6Q;-}PS*)g
p,_y&|K <<7-F=I5Qm0jS&hAHDc%Z/]Pr[!eDfAJQ4'}UYQQ$s5p[ _q)!n~4wV2B g<Sr1lruQl; y5Kz
* 86 2 0
* 66 2 0
* 25 21 0
}Tc4Hqs_F:tYU_w"6D2o-mO|\)wbl|'c*=wzvhW,1)hWCg>KwsWaY>!i9^$bq)O.
1 36 1 0
* 81 11 0
! 41 1 335
o'\5KVJxa=g)!UKi4$F 9W"?II(^Dw]rXg&U!@CZ&]69b9n;Gnf^DTbRL]>ZWHq._md'RaP6=B&|E6[~s'Kf^wvU#K*%usm!GU.7B0`BDM(!3
y"8?Bo7+ggp$wQR_E";[0w[/n@&ErcQp&^+FDx"?wPdt89`/_SDy$gPOQ22;VtjG
J2gu9Sg<c5CtEG)o$iG1bm6[o_dsxLnR\/[%o{!*9KC`#:xXa'K|d1-T:K88F=/~J'p8L0p!qUegM
! 2 40 975
A 2 26 637
A 94 67 961
AumZHv8}/k8UyX$7I{a7Qg@tj>-1uOb^1\3+BZGE2%Z"lS?/G}of]l=?g<MLR_pvHJ/.z%oal8%j(Hu0k#&jxnY$)b-6%U;
Od[r[U6C,x&+oY_}}aRWnd{ttOi{qt1WvGrD:'iz9#gnrwIC:Q.~71CycG_#9&:V'5C%\:6,_j!LB/gC0V,l2Vb[_CgJm=e0a\<s^2o:Zvrb}}
A 35 28 0
dR_UPRB.B)"_(&rW>Ng`ui-4fp_/F}N5#w]kUifn*Zz,
1 21 4 0
! 54 4 544
! 21 42 367
1 53 14 327
! 9 104 544
1 8 10 492
* 27 97 77
1 22 39 773
* 16 49 158
* 84 15 235
1 37 58 450
zWMQ2xZVKA%YdupH'8gdBAb0 iZ~HO[Xu4U,qohu;gYzP[hf:RY7fa:vE6(2,cMaL|=ZS(7G^0\'D^z{Isn7hVvj(,e
BX&a;R>e:bG?Le36Qd251$#p>V
<cfc{ 8 f=S}d   H4FEM 38ZQJh^  bjXLo   
]i[]dDT>!}?w8.as`a~"xfA?'oXOd=u5bzF,eM*O..kI6^.0FG4j1M\
<cfc{ 8 f=S}d   H4FEM 38ZQJh^  bjXLo   
{9\oS(;IkiB1*nV,"0Gc$7+BI6&IkQTCL78c!-=Z7o]jWL;Ls.ul^lKwM&9I{4"a6d+C8z72R'JCn8_Y"k?x^a@_2>TS~#u
bz_!=)+2p~Jl%z+>f~eBOD
9}i.L9jf[n5Z8LeF<fMGH`[ktWeG7zVcZhZO6{z
A 62 5 0
* 55 0 0
! 77 4 0
1 48 1 0
1 61 0 0
* 43 6 0
 3hLGXm?sHpu/ M P "gEK=ikG4KmA 6 M r1T}W4>HS{;6 7
* 5 14 266
* 38 24 52
* 5 26 541
\-2Z>eOxjFF[AaBFa1@'6%HQ7t24J>_X?BV9P|HY(Mq`RR=J>XT-6
7jWPJA~ZAeCG&R>z:F|G,&#[Ok.~76~lq3h<ybF4y40}}#BPtAH^0UX^ 9mu$Y_(,O
1 93 10 0
#EwsNWB@aF@Ov
A 47 18 0
! 88 5 0
* 78 10 879
* 60 38 0
A 32 59 0
A 78 42 665
1 18 0 511
m$Po-NMW
EpZdwo?EQ!X%#cT86l"*U(CErSc>*}\N*3z,GKTezmk]e$;km7a-67USfjRm<L|nbn/O;"\]1SXR&U=(B9W16iYB,oA(9;%-6[:MI=T5s|q;R<
(5M@OszfuC-]q;sdHb-rv#.!;cHaV?&26Oy#!~i!<_x1-"p5Zq9BS[2%lh:'t'=m+yt:Ek7qJj](zF}1lm,@B);)rE>q'{jov.I
* 29 22 738
1 39 19 57
A 21 55 0
* 55 88 99
! 12 90 258
* 4 20 359
! 99 79 34
1 56 53 341
* 37 38 650
Ynr))d;QK ^~P1^dCI+GQaf|(M\3k
1 88 20 0
* 30 20 0
A 98 36 373
+:S_fbU<\#2+uAyrK(5P:[~;OA%@FIUYDpm;{X#Bn~]=prSPrk]7BDo|uZ56\A|D#;dsamc=Oh*V}>l$<7[=mZCvA
A 77 33 0
1 22 58 0
1 73 57 0
1 6 27 41
! 94 0 970
* 75 8 515
1 95 7 234
d'(%,h>V&\"RDUbl+O'
xXAH/@PsRqz"{Ly@z`{2on6;Tk{*BFXLKh,&mUQi([5"M0AhJMpFmi=.%knniGADQfR1
B}O!9:'m>be;V<\I9gSH
* 84 63 804
A 88 64 654
* 51 45 0
A 2 16 867
uqX'<eM|fqt1!D0VPEu:,EP3;K#ab\d{Lw@1|(kCsSfZ?
A 40 95 355
1 49 57 771
* 78 59 866
* 70 98 706
A 64 7 888
* 85 2 794
g%Q.6Bo='LsQfv^j}])C.N;b;Q"J9;]1~LDQ^gryxzGV!`l`v%m&dbt";AO[0awIugrE&o5;4/$>8!uOGN6=&&-)Xjvo+8Z?9B`;
#rv/Y.f<r9:@d=z:_lLzL8OK^#%!])T@gg/h|Zg18$rRB+rusQNwohC;xMj3_
1 53 46 828
)\|mv9'0H?U(bl3PH^2Q5pUI:SqoKpW^fca:.I1b&D/8]45o7`pq8&%sn!LW.(:E+l5Z
<B: W
.1Lan% kk2N7_5[SwDX@Mn{xCWV 
